-420.355 -421.75
-427.016 -428.157
-432.76 -433.662
-437.65 -438.339
-441.745 -442.245
-445.102 -445.441
-447.772 -447.98
-449.807 -449.907
-451.254 -451.281
-452.162 -452.143
-452.57 -452.531
-452.519 -452.493
-452.049 -452.054
-451.195 -451.253
-449.989 -450.121
-448.466 -448.69
-446.654 -446.989
-444.58 -445.044
-442.272 -442.878
-439.752 -440.511
-437.042 -437.965
-420.353 -421.75
-427.014 -428.157
-432.757 -433.662
-437.652 -438.339
-441.743 -442.245
-445.1 -445.441
-447.772 -447.98
-449.807 -449.907
-451.255 -451.281
-452.162 -452.143
-452.57 -452.531
-452.52 -452.493
-452.049 -452.054
-451.195 -451.253
-449.989 -450.121
-448.467 -448.69
-446.654 -446.989
-444.58 -445.044
-442.272 -442.878
-439.75 -440.511
-437.04 -437.965
-417.605 -419.216
-425.386 -426.36
-431.946 -432.431
-437.398 -437.524
-441.845 -441.739
-445.401 -445.146
-448.144 -447.822
-450.163 -449.838
-451.528 -451.255
-452.309 -452.136
-452.57 -452.531
-452.363 -452.495
-451.744 -452.057
-450.755 -451.26
-449.44 -450.144
-447.838 -448.739
-445.985 -447.081
-443.906 -445.187
-441.637 -443.095
-439.198 -440.823
-436.613 -438.392
-377.076 -378.291
-393.549 -394.113
-407.506 -407.599
-419.176 -418.948
-428.764 -428.356
-436.475 -435.987
-442.481 -441.995
-446.947 -446.516
-450.027 -449.706
-451.858 -451.675
-452.57 -452.531
-452.277 -452.385
-451.088 -451.319
-449.101 -449.424
-446.407 -446.776
-443.087 -443.448
-439.216 -439.51
-434.863 -435.025
-430.092 -430.051
-424.956 -424.637
-419.507 -418.835
-377.073 -378.291
-393.547 -394.113
-407.503 -407.599
-419.177 -418.948
-428.762 -428.356
-436.474 -435.987
-442.481 -441.995
-446.948 -446.516
-450.028 -449.706
-451.858 -451.675
-452.57 -452.531
-452.278 -452.385
-451.088 -451.319
-449.101 -449.424
-446.408 -446.776
-443.088 -443.448
-439.217 -439.51
-434.863 -435.025
-430.092 -430.051
-424.955 -424.637
-419.506 -418.835
-375.683 -378.738
-392.161 -394.494
-406.186 -407.914
-417.97 -419.208
-427.707 -428.555
-435.587 -436.134
-441.776 -442.097
-446.429 -446.581
-449.691 -449.736
-451.697 -451.684
-452.57 -452.531
-452.421 -452.388
-451.36 -451.345
-449.48 -449.488
-446.872 -446.902
-443.615 -443.666
-439.786 -439.855
-435.454 -435.529
-430.684 -430.746
-425.529 -425.549
-420.044 -419.989
-322.198 -323.299
-351.135 -351.327
-375.473 -375.069
-395.678 -394.918
-412.171 -411.266
-425.343 -424.445
-435.543 -434.759
-443.088 -442.462
-448.269 -447.852
-451.349 -451.138
-452.57 -452.531
-452.144 -452.213
-450.27 -450.358
-447.127 -447.124
-442.876 -442.654
-437.661 -437.065
-431.614 -430.504
-424.854 -423.068
-417.492 -414.865
-409.617 -405.977
-401.319 -396.483
-360.656 -360.609
-380.712 -380.211
-397.689 -396.909
-411.878 -410.949
-423.53 -422.589
-432.902 -432.03
-440.206 -439.469
-445.647 -445.071
-449.41 -449.022
-451.665 -451.464
-452.57 -452.531
-452.264 -452.352
-450.879 -451.031
-448.535 -448.682
-445.34 -445.396
-441.392 -441.262
-436.781 -436.363
-431.592 -430.779
-425.9 -424.579
-419.77 -417.828
-413.265 -410.587
-360.659 -360.609
-380.716 -380.211
-397.691 -396.909
-411.876 -410.949
-423.532 -422.589
-432.902 -432.03
-440.207 -439.469
-445.647 -445.071
-449.409 -449.022
-451.665 -451.464
-452.57 -452.531
-452.263 -452.352
-450.879 -451.031
-448.535 -448.682
-445.338 -445.396
-441.391 -441.262
-436.78 -436.363
-431.592 -430.779
-425.9 -424.579
-419.77 -417.828
-413.266 -410.587
-359.385 -361.024
-379.631 -380.543
-396.778 -397.168
-411.12 -411.159
-422.915 -422.743
-432.415 -432.145
-439.836 -439.545
-445.382 -445.114
-449.242 -449.042
-451.585 -451.469
-452.57 -452.531
-452.338 -452.351
-451.022 -451.044
-448.742 -448.713
-445.607 -445.464
-441.717 -441.384
-437.163 -436.553
-432.028 -431.048
-426.392 -424.934
-420.316 -418.273
-413.866 -411.13
-170.018 -149.556
-187.182 -201.864
-226.296 -226.737
