-0.0215806 -0.0119715 -0.0839364 -0.0065121 0.0156959 -0.0377532
0.0563113 0.0111168 -0.0785655 0.0671293 0.0160648 -0.104136
0.104291 -0.251667 0.304973 0.0820288 -0.215889 0.187801
0.0462288 -0.0671503 0.0527824 0.0600506 -0.0072312 -0.0159694
-0.0878868 0.0343486 -0.257548 -0.0163887 0.0501796 -0.196199
0.116016 -0.282381 0.43888 0.0993027 -0.157448 0.318275
-0.0644264 0.183639 -0.282793 -0.03793 0.150466 -0.159735
-0.252871 -0.101561 -0.161469 -0.200961 -0.0731352 -0.217215
0.0924502 -0.0034498 -0.0976339 0.0611667 0.0259481 -0.040409
-0.0910235 -0.114218 0.170825 0.0011584 -0.114049 0.115283
0.0939028 0.108911 -0.401543 0.0927139 0.0927608 -0.302871
0.334316 0.153867 -0.336893 0.191959 0.0911992 -0.248072
0.474811 0.195051 -0.162047 0.375019 0.0786007 -0.14849
0.0111743 0.18099 -0.391062 -0.000357 0.133372 -0.2969
-0.0394208 0.00539426 0.11427 -0.0202096 -0.0466387 0.0534124
-0.241906 -0.249778 0.167663 -0.180432 -0.193742 0.105736
0.080945 0.160431 -0.324978 0.0217154 0.0958098 -0.252892
-0.153193 0.0525478 0.393902 -0.0898025 0.0467932 0.288334
-0.388163 -0.226486 0.352164 -0.312076 -0.114783 0.219029
-0.175523 -0.0257722 -0.204892 -0.137929 -0.0836087 -0.145527
-0.220936 -0.071287 0.0452353 -0.176673 -0.0488099 0.0269218
0.0527876 0.0764512 -0.150641 0.0099546 0.0593788 -0.139202
-0.558925 0.125917 0.0255004 -0.429214 0.122425 -0.007907
0.302855 0.121449 0.328389 0.175811 0.0920489 0.247833
-0.296964 0.0799146 -0.20505 -0.247054 0.0627417 -0.224885
0.0468626 0.0403099 -0.12945 -0.0002241 0.0504666 -0.116463
-0.347579 0.0434307 -0.388521 -0.22178 0.0308891 -0.278844
0.0656267 -0.208914 -0.495435 0.0388621 -0.128569 -0.383306
-0.10749 0.0634468 0.113618 -0.0931696 0.0542626 0.0593232
-0.129457 0.096958 -0.622694 -0.0755769 0.14149 -0.441077
0.194321 -0.169523 0.14917 0.181961 -0.139365 0.118009
0.323634 -0.138554 0.274335 0.241179 -0.0894982 0.157952
0.27083 -0.0190035 0.0808078 0.274135 -0.0123604 0.0541463
-0.0455678 -0.300968 -0.165503 -0.0761855 -0.26034 -0.145926
0.0553399 0.0736128 0.349723 0.0581902 0.0563532 0.238414
-0.17579 0.0786785 -0.0166337 -0.113258 0.0478017 -0.0369631
-0.112084 -0.0562811 -0.0357783 -0.0640028 -0.0318459 -0.0402519
0.0628945 -0.115262 0.301215 0.0915177 -0.0729928 0.186039
-0.236773 0.0796753 0.214612 -0.182159 0.0362866 0.125922
-0.0717013 0.0357804 -0.0369227 -0.0765885 0.0513321 -0.0533475
-0.28876 -0.0042113 -0.0362 -0.214698 0.0238389 -0.074224
-0.0969466 -0.0993174 0.351447 -0.10302 -0.0747528 0.277579
-0.108544 -0.107136 0.156266 -0.0702497 -0.0944698 0.0603353
0.0979047 -0.119727 -0.164749 0.100992 -0.115491 -0.154888
-0.0880502 0.494349 0.161864 -0.069781 0.358055 0.125063
0.0869117 0.0317348 0.260635 0.0673054 0.0075919 0.193636
0.00374361 0.2832 -0.0947293 -0.0128719 0.189013 -0.0880175
-0.0651189 0.0951389 -0.364776 -0.0308602 0.014809 -0.24011
-0.0286959 0.0519857 0.0677018 -0.0519862 0.0211193 0.0496885
0.203612 0.0449128 -0.291383 0.137742 0.0498378 -0.235884
-0.101492 -0.0847621 0.186931 -0.061953 -0.0566815 0.111964
-0.183771 -0.219489 0.389187 -0.102982 -0.150103 0.277417
0.199108 0.199551 -0.18886 0.112121 0.168406 -0.193908
0.123434 -0.00315019 -0.0743447 0.0610913 0.0440039 -0.0322227
-0.402768 0.196879 0.0789962 -0.288113 0.151386 0.0317309
-0.12566 -0.438532 0.163103 -0.0458855 -0.403676 0.131631
-0.200493 -0.194743 0.214719 -0.173475 -0.166567 0.154133
0.273637 -0.193197 -0.0832092 0.176496 -0.163573 -0.0760086
-0.0191122 0.463134 0.224088 0.0011997 0.355201 0.151454
0.149664 -0.186623 0.307604 0.18266 -0.144585 0.230003
-0.100892 -0.0293415 0.25142 -0.12194 -0.0688803 0.195326
0.229186 0.148156 0.0850259 0.134051 0.0838282 0.050045
0.338958 -0.288941 -0.0690543 0.203511 -0.247516 -0.0365795
-0.27129 0.125639 -0.215614 -0.193551 0.083088 -0.144304
-0.283798 0.0303695 -0.396834 -0.223944 0.0549073 -0.315981
-0.0148678 -0.105903 -0.423923 -0.0036535 -0.0151263 -0.301966
0.0164524 0.0193473 -0.236802 -0.0299165 0.017054 -0.197694
0.0010592 -0.0199579 -0.0993744 0.0245285 -0.0578918 -0.145876
-0.097185 0.275674 -0.0676978 -0.0759572 0.148216 -0.095822
-0.0525596 0.0710581 -0.0755807 -0.0488003 0.021614 -0.094094
-0.24743 -0.0502832 -0.352218 -0.158774 0.0127302 -0.24949
-0.074568 0.143513 0.531896 -0.0961053 0.119036 0.400202
-0.0408694 -0.344738 -0.119681 -0.0171161 -0.248661 -0.101607
0.0269822 -0.168897 -0.0695198 0.0441814 -0.140244 -0.0621626
-0.206655 -0.183679 0.0234044 -0.129084 -0.117732 -0.0020026
-0.019833 0.378299 -0.0837955 0.02164 0.289187 -0.0556132
-0.244875 0.450161 -0.21056 -0.136119 0.348355 -0.139591
-0.111589 0.237873 -0.431247 -0.0326178 0.19333 -0.342476
-0.00664562 -0.108052 0.0706357 -0.0078342 -0.0440334 0.0718558
0.0770076 0.263958 0.250156 -0.0012876 0.125587 0.182034
0.421743 -0.291788 0.0696095 0.31621 -0.208575 0.0326672
0.210063 -0.0118604 0.423467 0.196192 0.0097638 0.259182
0.18331 0.0383909 0.186857 0.119354 0.0215532 0.126459
0.0567812 -0.0626672 -0.0264584 0.0586676 -0.0471256 -0.0370613
0.143202 0.0460237 -0.100078 0.0993656 0.0086826 -0.0663338
0.0731454 -0.0986333 -0.0926651 0.0549528 -0.0372423 -0.0728869
-0.0889657 -0.252784 -0.0207917 -0.0844872 -0.150157 -0.0334098
0.00279146 -0.0988228 0.105409 -0.0132498 -0.0665892 0.102618
0.129456 0.238698 -0.22883 0.0820911 0.190452 -0.191207
-0.0964007 -0.108973 -0.455454 -0.092661 -0.0642256 -0.365579
0.316674 -0.03114 -0.0419153 0.235934 0.0089277 -0.0550916
0.0808608 -0.392734 0.325048 0.0385143 -0.307125 0.230462
0.163493 -0.0692732 0.000332514 0.0976892 -0.0752992 -0.0142432
0.172033 0.228572 -0.39939 0.151477 0.162061 -0.322844
0.1099 0.0559062 0.328681 0.072495 0.0711895 0.227195
0.0249776 0.0330402 -0.00128854 -0.0008283 -0.019949 -0.0216046
-0.0669849 -0.00226286 0.161606 -0.0575244 0.0061073 0.153468
-0.00141739 -0.133921 -0.00793853 0.0314573 -0.133309 0.0081968
0.113137 0.0112343 -0.140216 0.107992 -0.0382012 -0.079413
-0.00716503 -0.163529 -0.0672417 -0.0157707 -0.166157 -0.0116543
-0.1878 0.295742 0.499676 -0.170465 0.307161 0.516325
-0.0771293 0.0435444 -0.225312 -0.052868 -0.0050232 -0.184629
0.0402635 -0.0667285 0.346559 0.0191701 -0.0481046 0.27068
0.0580337 -0.229687 -0.239113 0.0391357 -0.189623 -0.214848
-0.0457284 -0.00327262 0.149687 -0.033875 -0.0063489 0.163125
-0.390771 -0.00589424 -0.221601 -0.34666 0.0112405 -0.199607
0.0730454 -0.0116147 0.370773 0.0580707 -0.0207539 0.313724
-0.364196 0.204995 0.117411 -0.346357 0.216437 0.0778499
-0.0116248 -0.0229504 0.0505908 0.0014085 0.0033641 0.0299731
-0.368357 0.00415216 0.492858 -0.344731 0.0166007 0.460403
-0.154864 0.29672 -0.248716 -0.135258 0.22038 -0.243702
0.291257 0.0759336 -0.0963056 0.192371 0.08208 -0.0692135
0.117703 -0.205226 0.498947 0.145942 -0.153501 0.490192
-0.0247819 -0.168636 -0.333723 -0.0420289 -0.1146 -0.305688
0.255948 0.00555059 -0.210379 0.216817 -0.0153235 -0.118048
0.140337 0.177724 0.0039546 0.0764503 0.143231 -0.0350372
0.446481 -0.276518 -0.207758 0.434834 -0.261853 -0.18172
-0.0347939 -0.140672 -0.0440237 -0.0059898 -0.0907399 -0.0737935
0.114189 -0.303257 0.171789 0.118271 -0.267106 0.194504
0.0307161 0.247006 -0.342929 0.0515269 0.210323 -0.328881
0.103831 -0.0965125 -0.0642934 0.120472 -0.0700888 -0.0692012
-0.206143 -0.395292 -0.147268 -0.169256 -0.351046 -0.187393
-0.0542808 -0.127642 0.22768 -0.0601879 -0.111598 0.142535
0.14881 -0.10941 0.431573 0.109993 -0.128239 0.342972
0.234687 -0.211057 -0.161977 0.171494 -0.108482 -0.160186
0.0784801 -0.0376089 0.653161 0.0335027 -0.0755599 0.546868
-0.217507 -0.0583105 -0.294196 -0.216604 -0.0488029 -0.290377
0.0257839 -0.192532 -0.243215 0.0474024 -0.189676 -0.190259
-0.463246 0.242123 -0.246575 -0.425978 0.215041 -0.22258
-0.208627 0.288144 0.0367615 -0.157318 0.229627 0.0537682
-0.159717 0.26241 -0.459765 -0.179666 0.241397 -0.431136
0.107354 0.156796 -0.0767209 0.0842996 0.102532 -0.0530311
0.25668 0.247906 -0.0344498 0.262525 0.236223 -0.0509531
-0.0102061 -0.0296318 -0.299646 -0.0169537 -0.0511607 -0.247959
0.230773 0.399608 -0.150757 0.219059 0.356587 -0.100393
-0.0870951 -0.0688338 -0.0149175 -0.0687864 -0.0939321 -0.0403124
0.136435 0.112631 0.135417 0.138832 0.10312 0.146509
0.116262 -0.106541 -0.022838 0.129134 -0.113134 0.0245345
0.0722705 -0.00791173 -0.352194 0.118718 -0.024151 -0.325511
-0.219881 0.0445928 -0.243584 -0.146953 0.0779412 -0.282054
-0.175177 0.106613 -0.154913 -0.141009 0.129964 -0.123913
-0.159072 0.0842754 -0.243857 -0.199108 0.113217 -0.224545
-0.083348 0.0801124 -0.0514723 -0.0396282 0.0480029 -0.0593409
0.0276114 0.108495 0.403749 0.0435291 0.0779182 0.365189
-0.226952 -0.106234 0.00432083 -0.25047 -0.0694456 0.0146442
0.024847 -0.130532 0.330687 0.0454515 -0.0978556 0.323407
-0.210322 -0.0498442 -0.262706 -0.165102 -0.042878 -0.198919
0.0243912 -0.0493745 -0.403845 0.0248533 -0.0166114 -0.406572
0.0111473 0.420594 0.0191603 0.0153803 0.413492 0.0247803
0.122895 0.105608 0.12748 0.094998 0.0712889 0.130421
0.169941 -0.0423446 0.0917007 0.134837 -0.0493222 0.132241
0.160169 0.411072 -0.314574 0.186398 0.310491 -0.327379
0.173428 0.105719 -0.0845682 0.140007 0.0679792 -0.0408591
0.106932 0.0581306 0.19846 0.0782355 0.00294 0.188122
-0.335407 -0.0213609 -0.171846 -0.244734 -0.0263061 -0.15486
0.07884 -0.136272 -0.0579785 0.0560513 -0.0870682 -0.019851
0.125566 -0.0319267 -0.200848 0.158802 -0.0241381 -0.195321
0.202508 0.032313 0.151225 0.150713 0.0170725 0.184974
-0.137349 0.0258265 0.400546 -0.129025 0.0138369 0.414169
-0.0264908 -0.0635045 0.26468 -0.0208787 -0.0237056 0.215805
0.24121 0.00272375 0.223345 0.170281 0.0147554 0.158129
0.118253 -0.152855 0.328487 0.0741361 -0.122683 0.25804
-0.218797 -0.363865 0.167497 -0.2094 -0.311647 0.182427
-0.0997954 -0.147291 0.117529 -0.118208 -0.16312 0.182047
0.192544 0.0287495 -0.105796 0.158097 0.0213119 -0.0218552
0.390974 -0.231938 -0.132466 0.361041 -0.15349 -0.0963049
0.0149333 0.163788 0.343268 0.0102539 0.141144 0.318084
0.15545 0.49951 -0.360702 0.171264 0.432991 -0.294358
-0.157985 -0.145036 0.279797 -0.155167 -0.18406 0.336572
0.238115 -0.0835506 0.182064 0.203844 -0.0564491 0.221644
0.193249 0.0286764 0.00754752 0.155824 -0.0222877 0.046253
0.269394 -0.0357965 0.19426 0.228619 -0.0408354 0.204153
-0.0269572 -0.154723 0.250807 -0.0265498 -0.14277 0.196312
0.00116346 -0.0163176 0.572536 0.0306629 -0.0458589 0.540774
-0.0423247 0.0849585 0.199683 -0.0302193 0.0832646 0.253503
-0.381718 -0.204188 -0.0686061 -0.376403 -0.16001 -0.0321217
-0.059047 0.301456 0.136042 -0.0604606 0.282571 0.164823
-0.0222365 0.177238 -0.321006 -0.0252058 0.168469 -0.201918
0.122337 -0.0317544 -0.0649369 0.0914908 -0.0255906 -0.0141114
-0.298569 0.215405 0.0230896 -0.279649 0.211785 0.051583
-0.00188047 -0.187607 0.113019 -0.0070162 -0.130893 0.117314
0.0280548 -0.187591 0.0171665 -0.009287 -0.116457 0.0284253
0.0298269 0.0413761 -0.0129306 0.0131429 0.0211153 -0.0018267
0.175817 0.129974 -0.346204 0.129992 0.103226 -0.355652
0.0336588 -0.297986 -0.0560372 0.0141288 -0.308641 -0.0781234
-0.0243646 -0.0303513 0.291107 -0.036747 -0.0652153 0.277467
0.11274 0.273213 0.332861 0.1235 0.244917 0.389566
0.121281 0.13706 -0.463375 0.0916434 0.171335 -0.422008
0.0243439 -0.091432 0.101667 0.0085356 -0.0933642 0.136705
-0.0405362 -0.090926 0.542455 -0.0657241 -0.0846074 0.572736
-0.107327 -0.419587 -0.174071 -0.0533371 -0.353008 -0.140391
0.0992818 0.0760451 -0.0598262 0.0799376 0.0737391 -0.0381133
-0.095759 -0.0415384 -0.297794 -0.0538238 -0.0260197 -0.262631
0.0511197 0.145883 -0.355542 0.0859701 0.134198 -0.265357
-0.154755 0.0402463 0.499375 -0.139437 0.0378436 0.378789
-0.394479 0.0239824 0.0370575 -0.24612 0.0442905 0.0332042
0.218235 -0.153207 0.217278 0.202438 -0.0992802 0.143315
0.056537 -0.153489 -0.00165733 -0.0154893 -0.14485 0.033091
0.0990977 -0.0520762 0.0231532 0.103062 -0.0285843 -0.0024928
0.00248583 -0.00290608 -0.137819 -0.0159005 -0.0061126 -0.0640832
-0.404217 -0.264126 0.205245 -0.310439 -0.163962 0.141346
0.227283 0.188237 -0.124852 0.124533 0.14344 -0.107301
-0.17798 0.0264266 -0.196437 -0.107146 0.028668 -0.178136
0.297754 -0.0245924 -0.279837 0.185449 -0.0525449 -0.18057
-0.341403 0.383631 -0.237174 -0.21626 0.234536 -0.224689
0.0100531 0.0669477 -0.158095 -0.0194818 0.021194 -0.12351
-0.0381507 -0.0543813 0.31591 -0.0392535 -0.0111593 0.228206
0.0337336 -0.310504 -0.279123 0.0181986 -0.198586 -0.223924
-0.123135 -0.124421 0.169007 -0.0924642 -0.0825462 0.108178
0.0835186 0.185522 0.379848 0.0462975 0.119836 0.274772
-0.142625 0.0724984 -0.0400172 -0.0979983 0.0709402 -0.0867552
0.000965656 -0.0460557 -0.132334 0.008454 -0.0051675 -0.0820533
0.027218 -0.385586 0.17466 0.0159898 -0.300561 0.11992
-0.00115709 0.0970189 0.102998 0.0376381 0.0436606 0.0426378
0.155462 -0.213296 -0.00729191 0.0959077 -0.156927 -0.0635209
0.0770613 0.0418089 0.395023 0.0221025 -0.0071555 0.316725
-0.294976 -0.0418223 -0.215417 -0.165562 -0.0345489 -0.178971
-0.0772007 -0.263868 0.375307 -0.0368771 -0.17761 0.262791
0.200749 -0.130746 -0.481273 0.171572 -0.0331506 -0.344802
0.100492 0.0905284 -0.218667 0.0523403 0.0485768 -0.183995
0.0673224 0.0734114 -0.10574 0.0073669 0.102176 -0.0702798
-0.113728 -0.160683 -0.0807155 -0.0408349 -0.137624 -0.0697375
-0.28055 -0.139496 -0.0728271 -0.224615 -0.0769172 -0.0435323
0.147698 0.0250667 0.0645313 0.102329 0.0259939 0.0357787
0.0833756 0.0377865 -0.144486 0.0598395 0.0438146 -0.15001
-0.125958 0.185237 -0.582092 -0.146625 0.111387 -0.434532
0.0868366 0.00465829 0.00739208 0.0765739 -0.0428125 -0.0049915
-0.0696426 0.0104608 0.153519 -0.0056832 0.0602033 0.135585
0.0365689 -0.323453 0.131409 -0.0268497 -0.219041 -0.0042902
-0.280714 0.122995 0.346075 -0.214999 0.0846415 0.250253
0.0372238 0.10793 -0.30435 0.0081161 0.0862111 -0.236161
0.0731542 -0.148487 0.0165635 0.0439495 -0.136511 -0.0548714
0.113373 0.201229 -0.177261 0.0686353 0.162421 -0.125706
-0.130724 0.0123739 -0.15394 -0.095711 0.0202644 -0.129717
0.0527459 0.103979 -0.0630513 0.0352212 0.104556 -0.0677648
-0.25563 -0.053488 0.0917304 -0.202125 -0.0272714 0.0540252
-0.0700899 0.0694601 -0.197351 -0.000257 0.0342734 -0.153571
0.225852 -0.129691 -0.0563884 0.172912 -0.106725 -0.0779345
0.13389 -0.450552 -0.266291 0.0614889 -0.358679 -0.198928
0.0224302 -0.0485105 0.262535 0.0164879 -0.0494278 0.166178
-0.044996 -0.0613763 0.233891 -0.0603452 -0.097223 0.148186
-0.081376 0.0353461 -0.357933 -0.0465689 0.067387 -0.298694
0.17333 0.198605 0.0474942 0.106246 0.163413 0.0719759
0.289902 0.152237 -0.0874722 0.188545 0.12621 -0.0745575
0.00458526 -0.0578558 -0.0737973 0.0054991 -0.032811 -0.106307
-0.364222 0.00544795 -0.0708373 -0.197925 0.0052189 -0.0647359
-0.181936 -0.0274902 -0.339731 -0.113695 -0.0503703 -0.25288
-0.0234506 0.150376 -0.299364 -0.0238479 0.111659 -0.260137
0.127063 -0.078087 0.0490769 0.0974669 -0.0700209 0.0243105
0.103615 0.0124643 0.0556017 0.0804262 0.0245824 0.0042814
-0.178085 -0.604856 0.229098 -0.132696 -0.465101 0.137612
0.0321441 0.252675 -0.279944 0.104444 0.15653 -0.202313
0.340232 0.0561441 0.0883999 0.206047 -0.0108611 0.0502671
-0.0401457 0.0441715 -0.296733 -0.0224502 0.0480283 -0.20238
0.433682 -0.2815 -0.270743 0.271908 -0.214789 -0.24533
0.250537 0.0572832 -0.131718 0.157526 0.108049 -0.116095
0.0756871 0.146197 -0.119865 0.042817 0.11686 -0.126097
-0.185194 -0.0576616 -0.589514 -0.138817 -0.0414718 -0.407935
0.103263 -0.165732 -0.0530201 0.0911903 -0.119782 -0.0680462
0.0136168 -0.131016 0.0261975 0.0369041 -0.0844415 -0.0014015
-0.0562316 -0.22322 0.264675 -0.0867477 -0.188482 0.209819
-0.176852 0.137322 0.272856 -0.130674 0.0857836 0.208254
0.101998 -0.0417746 -0.252099 0.101162 -0.0572961 -0.194864
0.0754508 -0.146397 0.443699 0.0038961 -0.0771404 0.285402
0.0469257 -0.285568 0.181661 0.0591642 -0.196197 0.132263
0.0887012 -0.0194183 -0.260174 0.050446 -0.014892 -0.203059
0.0152971 -0.064843 0.251512 0.0052776 -0.0490878 0.158421
-0.353321 0.130105 0.105177 -0.24431 0.106381 0.0611159
-0.349998 0.0160032 0.301659 -0.265923 -0.0239582 0.215439
-0.256659 -0.122718 -0.29597 -0.191926 -0.105738 -0.264881
-0.459952 0.112133 -0.0534936 -0.324361 0.0735363 -0.039673
-0.0705696 0.0767989 -0.218267 -0.10895 0.0249168 -0.165758
-0.00766003 0.262405 -0.154338 0.0049607 0.192397 -0.125826
-0.0106834 0.210488 0.227136 -0.0002769 0.104219 0.136617
-0.0312456 -0.403136 0.229677 -0.045766 -0.328429 0.132145
-0.348285 0.0950536 0.173994 -0.252657 0.0560403 0.112755
0.291825 0.0185413 0.0317595 0.199899 -0.0046738 -0.0134878
0.172927 -0.0686329 0.133523 0.119093 -0.0011242 0.0771073
-0.0943526 -0.0314955 -0.308976 -0.0245534 -0.0063428 -0.199163
0.269048 0.166549 -0.229984 0.206238 0.123846 -0.182601
-0.0580454 0.257877 -0.169437 0.0138145 0.158077 -0.148522
0.107157 -0.0536331 0.222081 0.0833957 -0.0096593 0.189174
-0.00434145 0.0435125 -0.172318 0.0085927 0.0565237 -0.136491
0.0642612 0.142508 0.0071573 0.082247 0.137822 0.0009751
0.00146507 -0.0712335 -0.203143 0.0030411 -0.0507116 -0.178326
0.322241 0.0563971 -0.287708 0.245305 0.0386103 -0.170691
-0.0215599 0.304249 0.12601 0.0037869 0.174869 0.0628255
0.336975 -0.23053 0.171906 0.232509 -0.150637 0.0840024
-0.154411 -0.207133 0.373159 -0.117328 -0.186789 0.384023
0.0735219 -0.0150403 0.495908 0.0487998 -0.0276976 0.496059
0.0329283 0.00476323 -0.473388 0.036645 -0.0080238 -0.46685
-0.260281 0.0660387 0.00239822 -0.200462 0.0708449 -0.0253967
-0.060692 -0.133702 -0.171845 -0.0551493 -0.141664 -0.158898
0.161092 -0.0983585 -0.0706345 0.0951621 -0.0817262 -0.121065
0.121248 -0.137566 -0.000115201 0.10007 -0.12947 -0.0066565
-0.0160878 0.23773 0.297382 -0.0414275 0.195054 0.257877
-0.318667 -0.0210783 -0.304261 -0.336925 -0.0159142 -0.300877
-0.252924 0.0794336 0.209564 -0.203792 0.125219 0.207765
-0.130802 0.107689 0.0784217 -0.0948668 0.0767082 0.0713386
0.0656841 -0.14572 0.219598 0.0571358 -0.100103 0.176528
-0.137804 0.060047 0.0856876 -0.0733981 0.0498648 0.0688695
0.0154779 -0.201556 0.211348 -0.0027468 -0.186449 0.213838
-0.335034 0.122162 -0.00691673 -0.236538 0.0744352 0.034346
-0.318159 0.143785 0.363528 -0.258172 0.134786 0.334672
0.0179592 0.0601273 -0.0280073 0.0109166 0.0385321 0.0158526
0.271776 0.12347 -0.266167 0.188925 0.0927219 -0.232782
-0.0229955 -0.065092 -0.0144364 -0.038724 -0.051701 0.0362191
-0.168891 0.0908656 0.147087 -0.166238 0.0678829 0.137961
0.0346226 0.0430637 -0.0963424 0.0755334 0.0382494 -0.0448415
0.023541 -0.215263 -0.104033 0.0167183 -0.19098 -0.0763643
0.361214 0.258844 0.0433758 0.314812 0.219164 0.11472
-0.339458 0.27582 -0.236752 -0.283624 0.230533 -0.193334
-0.223509 0.0490037 -0.0452562 -0.179849 0.103023 -0.0852539
-0.056597 -0.104827 -0.201477 -0.0351023 -0.107608 -0.137296
-0.395123 0.121014 0.476823 -0.377942 0.113754 0.411672
0.134696 -0.487526 0.315528 0.146405 -0.470405 0.285789
-0.00943477 0.0294807 0.244383 -0.0199375 0.0795006 0.250827
0.189986 -0.332339 -0.0112859 0.170605 -0.319773 -0.0371474
0.0562477 -0.255281 -0.118968 0.0027223 -0.17866 -0.13904
0.244416 0.176158 0.17847 0.246249 0.158132 0.217337
0.167969 -0.0259219 0.238635 0.118724 0.0008132 0.297169
0.153325 0.195631 0.670461 0.148647 0.196554 0.648493
-0.311981 0.079598 0.0538421 -0.292419 0.0772463 0.083341
0.264426 -0.121446 -0.314955 0.238908 -0.121917 -0.321568
-0.0654414 -0.0143796 -0.173953 -0.0525586 -0.0532419 -0.0872814
-0.192067 -0.0769434 -0.368281 -0.15027 -0.0308572 -0.328393
0.136381 -0.0670351 0.107055 0.116835 -0.0952737 0.0561699
0.0117253 0.0343767 -0.0801212 -0.0055923 0.000969 -0.0444377
0.313145 -0.0155734 0.0100364 0.239636 -0.0034285 -0.0020545
0.0155708 0.406891 -0.11799 0.0202876 0.40625 -0.144662
0.331884 0.124279 -0.0873974 0.283441 0.107496 -0.11013
-0.0585928 -0.291276 -0.160818 -0.0513869 -0.224813 -0.162293
0.0700709 -0.0653687 0.318908 0.0973902 -0.0735623 0.297962
-0.234519 0.122682 -0.0370268 -0.222895 0.150528 -0.0283672
0.196033 0.0582704 0.130712 0.162888 0.0336211 0.113039
-0.118899 0.319853 -0.527108 -0.0939736 0.24615 -0.497849
-0.0119977 -0.0883616 -0.215775 -0.0168727 -0.0901392 -0.215515
0.0467565 -0.195067 0.0871146 0.0319239 -0.174671 0.0453407
0.0573449 -0.118705 -0.09857 0.0355097 -0.0892013 -0.130371
-0.0772791 -0.0418121 0.181332 -0.0707895 -0.0415795 0.155361
-0.196353 0.00703482 0.00663569 -0.148228 0.002339 0.0443853
0.330389 -0.0395841 0.0721839 0.262082 -0.036922 0.0887548
0.0200919 0.186448 0.191062 0.0132057 0.149951 0.140011
0.247008 0.0623424 0.136458 0.230112 0.0729974 0.112638
-0.0103353 0.0402872 0.203275 -0.0264259 0.0138852 0.263313
-0.00011979 -0.0484456 -0.0569695 0.0074617 -0.0275475 -0.0377451
-0.247573 0.247851 -0.174252 -0.172819 0.199033 -0.135074
-0.0650127 0.0132267 0.18947 -0.0528348 0.0057198 0.161225
-0.0336787 0.157951 -0.0582798 -0.0391389 0.131742 -0.026117
0.223755 -0.111397 0.00529237 0.226655 -0.16165 -0.0559569
0.531249 -0.067968 0.230789 0.455287 -0.0335154 0.247194
0.0466935 -0.0894856 0.11036 0.0694093 -0.0684605 0.0978959
0.228261 0.299971 0.0811931 0.20363 0.287944 0.101294
-0.202704 -0.204383 0.608268 -0.186979 -0.159025 0.521761
-0.158968 0.0787561 -0.11374 -0.142183 0.0485974 -0.120252
-0.17879 -0.115708 -0.05435 -0.172222 -0.13969 -0.0533228
0.444987 0.346405 -0.281206 0.420619 0.336293 -0.26776
-0.153944 -0.026139 -0.305618 -0.117673 -0.0424025 -0.303866
0.0264405 0.3956 0.0101897 -0.001249 0.366344 -0.0077134
-0.00590553 -0.0778245 -0.241082 -0.0309647 -0.0835588 -0.153864
0.162116 0.0517862 -0.249106 0.161199 0.0643191 -0.234834
-0.172747 0.0289267 0.412719 -0.153494 -0.0413971 0.406233
0.199789 0.0323657 0.0157266 0.180882 0.110641 0.0767086
-0.0676645 0.236555 -0.409279 -0.0451543 0.174606 -0.431576
0.11883 0.110644 -0.15016 0.0793192 0.10117 -0.129515
0.0236312 -0.0356761 0.422731 0.0326633 -0.0336714 0.429335
0.0989113 -0.0204974 0.313154 0.101525 -0.0485418 0.311182
-0.0238268 0.0801745 -0.0785848 -0.0582672 0.0650466 -0.153436
-0.207749 -0.0713588 0.206119 -0.243864 -0.0138733 0.198759
0.0596768 0.100916 -0.147399 0.0386187 0.106349 -0.132642
0.0398986 0.0270213 -0.157558 0.0567623 0.0413644 -0.103881
0.145483 -0.28821 -0.177958 0.169091 -0.338793 -0.151921
0.167831 0.0848083 -0.307178 0.123182 0.063887 -0.285164
-0.0606028 0.0487881 -0.0585598 -0.0230253 0.0304683 0.001755
-0.0610536 0.190626 0.335572 -0.0837298 0.154234 0.3211
-0.175657 -0.10653 0.178071 -0.167482 -0.115243 0.17863
0.00297231 -0.0950227 0.383493 -0.0096321 -0.0602582 0.427095
0.0580671 0.285618 -0.145223 0.0304801 0.184112 -0.121361
0.219824 -0.287326 0.25105 0.205857 -0.279516 0.257689
0.316865 -0.0818017 0.173614 0.269251 -0.109247 0.195769
0.00143323 0.035674 0.0271157 0.0023591 0.0045607 0.0422338
-0.0903825 0.287129 0.376254 -0.0751339 0.26688 0.33015
-0.146992 -0.0416809 0.0216563 -0.145672 0.0027267 0.0756474
-0.343668 0.0103699 0.0967193 -0.277664 0.0266453 0.178723
0.14958 -0.438237 -0.132771 0.165268 -0.320452 -0.123936
-0.153391 -0.120828 -0.101988 -0.126579 -0.0880326 -0.0691104
0.189119 0.188384 0.0569352 0.16301 0.128164 0.0417378
-0.156573 -0.274923 -0.0350231 -0.1012 -0.182144 -0.0619331
-0.0390018 0.0479638 0.00421542 -0.0634376 0.007988 0.0046154
0.162051 -0.0348778 -0.00683324 0.195296 -0.0618195 -0.0259797
0.165118 0.200567 -0.220181 0.0720461 0.145347 -0.179464
-0.302231 -0.065278 0.187413 -0.239834 -0.0460983 0.122789
-0.290854 0.259643 -0.204108 -0.232316 0.227152 -0.160374
-0.291657 0.390933 0.332744 -0.20633 0.29858 0.222854
-0.0954791 0.0158754 0.285708 -0.104199 -0.0234854 0.194499
0.36591 -0.0386079 -0.224684 0.267806 -0.0167392 -0.19515
-0.0462612 -0.0123453 0.180248 -0.073318 -0.05333 0.0898141
0.0471916 0.0204178 0.154054 0.0321702 -0.0110259 0.107325
-0.0903277 -0.178398 0.2138 -0.064558 -0.158928 0.137519
0.00140955 -0.0206011 -0.265877 0.027303 -0.0557093 -0.160746
-0.00144704 0.422267 -0.0450509 -0.0141666 0.307485 -0.0821851
-0.0317975 -0.0352033 -0.176806 -0.0739772 -0.0289614 -0.187179
-0.439446 0.158668 0.246859 -0.34277 0.121206 0.183353
-0.01979 0.0135598 -0.169532 0.0400415 0.0284571 -0.153805
0.197735 0.0257942 0.0916066 0.134949 0.0243901 -0.0047654
-0.500901 0.246186 0.148571 -0.34841 0.214218 0.0866816
0.115166 0.00464217 -0.285629 0.111512 0.0104265 -0.211365
-0.124674 0.000793181 0.191759 -0.117883 -0.0044179 0.0708873
-0.051549 -0.326336 -0.12868 -0.079607 -0.199098 -0.121782
0.0497022 0.102 0.171837 0.0073621 0.0653613 0.141841
0.0673854 -0.111518 0.0787937 0.0355604 -0.0675637 0.0689023
0.499121 0.367251 0.205314 0.361929 0.270156 0.147138
0.00406746 -0.00494118 0.500143 0.0211265 0.0321603 0.326592
-0.0492698 -0.143598 -0.500606 -0.0324586 -0.0893908 -0.374949
0.127889 0.344814 -0.0858473 0.154197 0.23226 -0.0423648
0.126394 -0.110518 -0.283731 0.0707993 -0.0765001 -0.183382
-0.129717 -0.208339 0.0265095 -0.0387623 -0.135648 -0.017039
-0.142499 -0.0805271 -0.215183 -0.0564905 -0.0528713 -0.220036
-0.0545734 0.0162397 -0.0461561 -0.0268241 -0.0135853 -0.068358
-0.0272456 -0.317371 -0.254107 -0.0135697 -0.251959 -0.184978
-0.239792 -0.042124 0.195103 -0.178308 -0.0597014 0.113591
-0.00321786 0.139636 0.165668 0.0369358 0.0969342 0.112967
0.146098 -0.0116045 -0.137239 0.103318 -0.0427331 -0.143452
-0.429179 0.116256 0.0452323 -0.330646 0.0874779 -0.0067061
-0.120419 -0.156893 -0.290484 -0.0650235 -0.0950322 -0.251883
0.568812 0.320977 0.275084 0.369662 0.229204 0.202794
-0.129399 -0.030558 -0.15672 -0.1029 -0.0174484 -0.0804095
-0.199948 0.118412 0.303171 -0.163028 0.100634 0.192672
-0.269396 0.0452163 0.272886 -0.211365 0.0307667 0.194089
0.0624755 0.0703137 0.0705074 0.0212013 0.0187178 0.013857
0.0318415 0.109463 0.0991063 0.0125272 0.08516 0.0927465
-0.188892 -0.0208575 -0.198699 -0.145778 -0.0124248 -0.164556
-0.169471 -0.418002 0.0591284 -0.072903 -0.297471 0.0087273
-0.150674 -0.21912 0.223533 -0.106841 -0.176759 0.194547
-0.000259917 0.0924105 0.382293 0.0055879 0.0837778 0.302614
-0.0548785 0.0529574 0.365109 -0.0270802 0.0132023 0.225318
-0.0815766 -0.0607362 0.217246 -0.084962 -0.0582479 0.138612
0.0691946 0.181492 0.154518 0.0207597 0.0897443 0.0885803
-0.109122 0.273424 -0.160128 -0.0576283 0.227009 -0.143957
-0.144472 -0.120724 -0.106766 -0.125346 -0.097521 -0.12075
-0.399044 -0.180071 0.17821 -0.316831 -0.138568 0.150535
0.0802217 -0.0889279 0.133166 0.0207171 -0.0696358 0.0649728
0.118434 0.205317 -0.153713 0.0477663 0.15197 -0.09834
-0.263691 -0.11203 -0.0193731 -0.197635 -0.0591297 0.0204321
-0.0173179 -0.00220251 0.029891 -0.0072844 0.0036511 -0.0032276
-0.0308254 -0.0365128 0.413243 -0.0062853 0.0053542 0.266109
0.103615 0.128431 0.000311878 0.0597125 0.0960919 0.0115243
0.102086 -0.100779 0.0298386 0.106527 -0.0605357 -0.0204045
0.185087 -0.0520003 -0.457191 0.147371 -0.0326399 -0.306115
0.292036 -0.225559 0.628213 0.213234 -0.204385 0.456417
-0.0147024 -0.119539 -0.152176 -0.02809 -0.0340731 -0.125285
0.286448 0.184921 -0.244522 0.213332 0.126767 -0.189067
0.00912912 -0.142845 0.12832 0.037823 -0.113516 0.10025
-0.0529389 -0.161857 0.116284 -0.0784762 -0.170117 0.0994357
-0.0486733 0.0432893 0.094611 -0.0305845 0.0629144 0.05757
-0.00386972 0.170426 0.358038 -0.017632 0.163957 0.277089
-0.29141 0.194781 -0.229721 -0.242182 0.142861 -0.176872
0.0472721 0.334194 0.0781673 0.0669033 0.237268 0.0373194
-0.306137 -0.286899 -0.232997 -0.21851 -0.144136 -0.14549
-0.188803 -0.0275671 -0.311067 -0.176859 -0.0218167 -0.234627
-0.0593792 -0.46029 0.386231 -0.0728631 -0.31822 0.226413
0.0991394 0.122243 0.252095 0.127217 0.0267377 0.184257
0.0616439 -0.0524253 0.0276816 0.0201571 -0.0760684 -0.0158315
-0.303858 0.16226 0.208869 -0.180137 0.121528 0.109728
0.175402 -0.0199392 0.150842 0.144063 0.0319162 0.128996
0.00052321 -0.448262 0.168448 -0.0014056 -0.336379 0.100057
-0.0939387 0.175008 -0.12262 -0.0284639 0.130371 -0.13414
0.0920193 -0.0491233 0.297386 0.0795705 -0.0032597 0.216794
0.206811 0.11937 0.156967 0.155411 0.113695 0.142581
0.012621 -0.0537153 0.0411436 -0.0262449 -0.0377525 0.0112738
0.212079 0.0296432 -0.0661817 0.138614 0.0181986 -0.0527642
0.056972 0.109573 0.345397 0.044922 0.0864089 0.279837
0.0836634 -0.139661 -0.516496 0.0954503 -0.150853 -0.389179
0.216436 -0.288461 -0.140002 0.122408 -0.200774 -0.122074
-0.129297 0.289306 0.114336 -0.0630277 0.241064 0.0552261
-0.0776579 -0.00873161 0.0915128 -0.0988848 0.0321652 0.0626114
-0.0952487 -0.295055 0.0788723 -0.0725961 -0.223015 0.04411
0.0780833 -0.249581 0.389237 0.102393 -0.186359 0.272273
-0.266732 -0.192262 0.0387156 -0.175133 -0.140085 -0.0056728
-0.17691 0.117048 0.0122655 -0.123877 0.0651658 -0.0006586
-0.221186 -0.00467429 0.0577836 -0.243626 0.0237568 0.0766043
-0.0573323 0.0930246 0.117622 -0.0504126 0.112366 0.137174
-0.154408 -0.0645025 -0.0977174 -0.126909 -0.0018429 -0.0800009
-0.0142656 -0.136428 0.174517 -0.0193239 -0.138228 0.258089
-0.0549934 0.0712876 0.23662 -0.0258778 0.0817147 0.278415
0.0916939 -0.0440795 0.0946163 0.128059 -0.0750334 0.102491
0.281849 -0.0130224 0.425063 0.261237 -0.0102593 0.468354
0.165048 -0.140426 -0.212893 0.163387 -0.151133 -0.178489
0.233366 0.168509 0.186974 0.192067 0.154334 0.168434
0.1271 0.331458 -0.175408 0.108403 0.266103 -0.100565
0.199267 0.160459 -0.230602 0.163434 0.129965 -0.168521
0.364085 -0.201723 0.139298 0.358232 -0.178223 0.125934
0.197473 0.138202 -0.0887843 0.143549 0.0757614 0.0001861
0.133414 0.141353 -0.310075 0.126155 0.0677275 -0.298594
0.00765713 -0.0394632 -0.245742 0.008624 -0.0330813 -0.209413
-0.105527 0.294626 0.293458 -0.118962 0.26919 0.323269
-0.0450762 0.0354485 -0.0140207 -0.0396398 0.0661908 0.0137466
-0.603499 0.317812 0.0195188 -0.545551 0.302537 0.0581975
-0.0261836 -0.0444844 0.215109 -0.0201193 -0.0653711 0.321694
-0.0332324 -0.0349568 -0.062707 -0.0553639 -0.0421538 -0.0936845
0.249626 -0.0598783 -0.233837 0.206658 -0.0911065 -0.161281
-0.074964 0.015875 -0.0264321 -0.0658789 0.0215376 0.037469
-0.170454 -0.169531 0.234197 -0.163686 -0.16313 0.212051
0.0422285 -0.0414747 -0.196279 0.0095663 -0.056549 -0.120161
0.340599 -0.164419 0.312273 0.336186 -0.188654 0.304778
0.0992235 0.24357 -0.247184 0.0453759 0.231499 -0.236385
0.0119781 -0.173436 -0.0348768 0.0114703 -0.129611 -0.0274176
0.101152 -0.0238978 -0.186225 0.0794575 -0.0013545 -0.164325
-0.254238 -0.0453062 -0.480541 -0.20117 -0.0370847 -0.41341
0.0436701 0.0538624 0.160856 0.0536912 0.0435268 0.105694
-0.16215 0.312036 0.147235 -0.158739 0.280713 0.146406
0.019696 -0.444619 0.209765 0.0326128 -0.415641 0.139383
-0.147398 0.0345739 -0.073937 -0.162058 0.0127582 -0.0429855
0.0487118 0.13792 0.0463944 0.092828 0.152362 0.0725742
0.125282 -0.249878 0.0107998 0.0954782 -0.195797 0.0569311
-0.0933511 0.184839 0.10597 -0.0950758 0.0802229 0.0759356
-0.0971095 -0.00977817 -0.422302 -0.0901256 0.0201236 -0.422279
-0.078199 0.149817 0.0368633 -0.066719 0.125201 0.072169
0.168125 0.421888 0.0985398 0.166096 0.371174 0.110781
0.0493734 -0.276624 -0.1736 0.0436798 -0.276462 -0.135833
0.256019 0.136815 0.175704 0.208787 0.104008 0.194272
-0.264458 0.36566 -0.162201 -0.234534 0.34182 -0.127772
0.0695129 0.0144363 0.0039394 0.0315492 0.014999 -0.0477976
0.113427 0.199404 -0.05128 0.0781047 0.165302 0.0524525
-0.0425432 -0.186331 -0.367214 -0.0272624 -0.195072 -0.355623
-0.154391 0.0283983 -0.301902 -0.164447 -0.0020742 -0.252608
0.0804082 0.0176917 -0.146417 0.0568371 0.0166681 -0.140665
0.0412444 -0.0380701 0.166354 0.005047 -0.0440363 0.157174
0.0583774 0.014835 -0.0592445 0.0659727 0.0210821 -0.0230766
0.00200921 0.0472734 -0.21124 -0.0115613 0.0365786 -0.20198
-0.359886 0.0134327 -0.165007 -0.352579 0.0502836 -0.129782
0.0207835 -0.0221768 -0.498302 0.054669 0.0065888 -0.464749
0.0211078 0.10724 -0.0269935 0.0262188 0.158972 0.0245417
0.0496512 0.183315 -0.331928 0.0326407 0.134595 -0.32969
0.148637 -0.00235964 -0.101188 0.0830735 0.0193039 -0.137043
0.075532 -0.13629 -0.114493 0.0699936 -0.12995 -0.0910266
0.00592326 0.286541 -0.24183 0.0048003 0.237598 -0.248154
0.102638 -0.0129098 -0.266919 0.095569 -0.0261949 -0.234995
-0.165916 -0.0606048 0.338501 -0.124056 -0.0404946 0.331685
0.483727 -0.345278 -0.24455 0.395473 -0.326641 -0.269062
-0.0428231 -0.0805893 0.0157758 -0.0326549 -0.061566 0.0486435
-0.0996623 -0.0505316 -0.345102 -0.113159 -0.0544966 -0.26811
0.290699 -0.154162 0.0961797 0.28533 -0.164513 0.1326
0.0140294 -0.13109 -0.0752657 -0.0106803 -0.106824 -0.0054842
0.189775 0.316419 0.484137 0.206665 0.268644 0.447592
-0.401281 -0.0229097 -0.561714 -0.343048 0.0466691 -0.484782
-0.0263431 -0.20986 0.14697 -0.0428197 -0.175077 0.122301
-0.0487816 -0.0916873 0.336537 -0.0870965 -0.146685 0.335941
0.306534 -0.316773 -0.442441 0.262516 -0.247509 -0.436174
-0.14152 -0.0156531 -0.0570611 -0.145475 -0.0193303 -0.0557999
0.283126 0.124826 0.0149263 0.248967 0.137598 0.0632455
0.573515 -0.0216135 -0.406666 0.477908 -0.000263 -0.359116
-0.0858198 -0.0251609 0.0617627 -0.0955292 -0.000573 0.0396798
0.0116823 0.119389 -0.150476 0.0542627 0.0825313 -0.147135
0.217358 0.0611254 0.405182 0.230831 0.0097928 0.396158
0.200997 -0.0944945 0.326282 0.15935 -0.127428 0.321222
-0.631846 -0.0655397 -0.387306 -0.514339 -0.0606358 -0.282675
0.00875087 0.464678 -0.0651346 -0.014089 0.439188 0.0025312
-0.219513 0.136261 0.0292114 -0.201389 0.0987389 0.0677402
0.166265 0.0492656 -0.148833 0.144263 0.0562051 -0.0935197
0.0873219 -0.236021 0.154244 0.0323398 -0.238889 0.185411
-0.00536933 -0.0126518 -0.164388 -0.0057128 0.009627 -0.125618
-0.0382295 0.409482 0.3173 -0.0522315 0.372769 0.350388
-0.101001 -0.175182 -0.0793137 -0.119613 -0.107744 -0.0289546
0.146024 -0.0904839 -0.0660103 0.113779 -0.0854773 -0.0499878
-0.284784 -0.0585144 -0.160844 -0.241543 -0.0463346 -0.166717
0.119408 0.013876 0.111965 0.0655769 0.0475367 0.127728
-0.0545234 -0.0528129 -0.382873 -0.0520951 -0.0237844 -0.37417
-0.237923 -0.0700536 0.342275 -0.227805 -0.0660287 0.271062
0.396828 -0.14377 0.152601 0.347926 -0.165425 0.205452
0.517162 -0.0123011 -0.0648269 0.493276 -0.0205927 -0.0196804
0.330988 -0.147761 -0.0959646 0.302814 -0.118969 -0.0670364
-0.0964787 -0.150936 -0.089922 -0.0818585 -0.142101 -0.0644515
0.0437891 0.0633077 -0.224451 0.0454037 0.0671572 -0.13499
-0.0402537 -0.139705 -0.156064 -0.0229296 -0.143347 -0.120621
-0.11312 -0.058356 0.150712 -0.120903 -0.0118927 0.204675
0.228571 -0.0696182 -0.22027 0.126741 0.0101284 -0.171735
0.111257 0.00567712 0.112509 0.0489124 0.0721268 0.0903311
-0.212846 -0.000160053 0.199008 -0.134143 -0.0429844 0.0948573
-0.388397 0.18939 -0.194907 -0.2593 0.157997 -0.157296
0.0528039 -0.305608 0.153505 0.0543906 -0.264894 0.120296
-0.171135 0.161777 0.401333 -0.136125 0.148303 0.274575
-0.00788742 0.229401 0.257044 -0.0016756 0.162226 0.154084
-0.36804 -0.359228 0.193296 -0.285437 -0.263665 0.172391
-0.0649193 0.0134534 -0.0591157 -0.0708814 -0.0174032 -0.0159898
0.0182729 -0.267095 0.257571 0.0139317 -0.219653 0.118632
-0.0406105 -0.109057 0.163103 -0.0188903 -0.0568715 0.200402
-0.52238 0.399038 0.367375 -0.406976 0.267066 0.24792
-0.129281 0.299989 0.214381 -0.0692038 0.201099 0.124187
0.412457 0.1338 -0.0304317 0.311305 0.113562 -0.0215527
0.155934 0.0527771 -0.307816 0.0622343 -0.0525237 -0.184758
-0.034479 -0.453683 0.321537 -0.0390458 -0.323593 0.265335
-0.0261392 0.111266 -0.272848 -0.0086647 0.0835344 -0.199367
-0.39171 0.0495719 -0.04663 -0.283879 0.0610441 -0.052323
0.115721 -0.201855 -0.217175 0.0514095 -0.145275 -0.18178
0.120174 -0.0154586 0.0545426 0.130971 -0.0214292 0.0270171
0.0324787 0.00894791 0.181593 -0.017339 0.0250322 0.113865
-0.301318 0.18498 -0.0511428 -0.21275 0.0844926 -0.0243372
-0.122583 0.125545 0.150363 -0.0551205 0.127716 0.0969271
-0.322552 -0.328479 -0.133092 -0.197695 -0.213145 -0.100208
-0.0543726 -0.130943 0.328636 -0.0578413 -0.0962336 0.250521
0.245079 0.0624111 -0.029502 0.164697 0.0238953 -0.0514825
0.126227 0.0772003 -0.215801 0.0936649 0.0197947 -0.184082
-0.0518256 0.108325 0.339269 -0.0700454 0.0899696 0.243976
0.0623836 0.0748157 0.247994 0.0357044 0.0571421 0.15687
0.129814 0.0108084 0.550548 0.0864151 0.0315687 0.344936
-0.0812234 -0.0770584 -0.020871 -0.0649135 -0.0514277 -0.0200604
-0.0898793 -0.0187947 0.129035 -0.0936227 -0.0312757 0.0887798
0.0613123 -0.21419 0.511827 0.0409227 -0.143029 0.345106
0.116748 0.0982235 -0.181798 0.0629782 0.0139331 -0.116823
-0.0321405 -0.0296548 0.0282223 -0.014085 -0.0306511 0.0404053
0.0243347 -0.0948082 -0.201891 -0.0179414 -0.0547029 -0.121154
-0.0188518 0.188525 -0.0116841 -0.0119203 0.183519 -0.0847984
0.058421 0.0132334 0.21634 0.02503 0.0449411 0.166636
-0.100579 -0.00694177 -0.113027 -0.0413262 -0.0268328 -0.123489
0.182603 0.120471 -0.0221567 0.169805 0.105773 -0.0066009
0.107974 0.0273867 -0.291893 0.0813683 0.0292939 -0.224978
0.116316 0.14461 -0.504418 0.0903489 0.147496 -0.376538
0.161461 0.07709 -0.21323 0.144481 0.0534739 -0.208624
-0.0273387 0.014998 0.0267653 -0.0218467 -0.0808265 0.0246658
-0.0515576 0.00126992 -0.288045 0.0226834 0.0428728 -0.167435
0.0790151 0.110963 -0.263898 0.0733227 0.0495307 -0.231137
-0.144071 -0.0736336 0.5625 -0.113471 -0.0490254 0.383927
0.0193555 0.293487 0.0185429 0.0756319 0.199744 -0.0524716
-0.362261 0.161213 -0.271583 -0.205603 0.0501712 -0.241258
-0.115029 -0.315381 0.488942 -0.0765336 -0.230299 0.327256
0.0102298 0.0522275 -0.256896 0.0033173 0.029552 -0.221123
0.0312519 0.513864 0.274355 0.0426822 0.3792 0.168731
0.140899 0.193492 -0.12362 0.084453 0.174943 -0.0904135
-0.146465 0.231954 0.298112 -0.166951 0.166206 0.177351
-0.0887378 0.092782 0.0716248 -0.108526 0.0758718 0.0439169
-0.250414 0.313282 0.236337 -0.166676 0.213615 0.135447
0.00751703 -0.0708389 -0.0178214 -0.0406615 -0.068695 -0.0477655
0.0417345 0.0474744 -0.154141 0.0545501 0.0171312 -0.144566
0.0740452 0.1962 -0.257725 0.0474768 0.0886083 -0.210876
-0.14485 -0.349755 -0.182862 -0.153765 -0.265021 -0.112966
0.0604367 -0.287096 0.0943502 0.0720576 -0.219058 0.0657739
-0.164303 0.0580977 0.0848791 -0.116127 -0.0099337 0.02037
-0.381634 0.023838 0.00829171 -0.285961 0.0343255 -0.0209974
0.161705 0.209006 -0.0147723 0.13851 0.218234 -0.0049111
-0.232507 -0.206529 -0.332648 -0.172406 -0.106083 -0.297677
-0.195873 -0.0219653 -0.171472 -0.115353 0.0221809 -0.136227
0.0586672 -0.0899254 0.226216 0.0560744 -0.081264 0.180544
0.0261567 -0.0842505 -0.411458 0.0281441 -0.0584785 -0.368773
0.104507 -0.0485446 -0.0613622 0.093315 -0.0373498 -0.0637451
-0.0635771 0.0863117 0.127094 -0.0461842 0.113687 0.049947
0.0912171 -0.0365945 0.0756374 0.0256909 -0.0220378 0.0313004
-0.237261 0.220695 0.596511 -0.138553 0.148188 0.393272
-0.261465 -0.325908 -0.127039 -0.225199 -0.237469 -0.086249
0.146269 0.0349848 -0.0165612 0.114906 0.0225267 -0.0151093
-0.154035 -0.327556 -0.317082 -0.101309 -0.230667 -0.257427
0.0897427 0.0187081 -0.459924 0.0369825 0.0115119 -0.380477
0.209707 -0.0386819 -0.0564119 0.161446 -0.0007917 -0.050461
0.0529331 -0.0835904 -0.0352344 0.0467112 -0.0541184 -0.038678
-0.20145 -0.0624377 0.176252 -0.145899 -0.108521 0.112143
0.163294 0.0366087 -0.550658 0.124817 0.0497078 -0.412169
0.244959 0.479407 -0.0117188 0.149713 0.334663 -0.0177442
-0.181901 0.0258617 0.162729 -0.201998 0.0176861 0.0976708
0.0507087 -0.0052359 -0.00907468 0.0541627 -0.0325947 -0.0345809
-0.287862 0.427429 0.0459638 -0.19551 0.278621 0.0133248
-0.0465181 0.197895 0.377911 -0.0386277 0.147107 0.295492
-0.00183515 -0.0607857 -0.00816958 -0.0222863 -0.0632462 0.0014759
-0.208116 -0.0889487 -0.386478 -0.13095 -0.0350394 -0.285564
0.0361887 0.0384383 0.294173 -0.0042089 0.0535375 0.225589
0.148487 0.228406 -0.311869 0.0963636 0.146348 -0.222935
-0.212351 -0.0550521 -0.392096 -0.0971824 -0.0419197 -0.286306
0.16583 -0.100933 -0.0170226 0.148328 -0.0663764 0.0061455
0.237953 -0.0236915 -0.251337 0.157716 0.0118037 -0.189326
0.09851 0.063399 0.0433357 0.0851864 0.068297 -0.0247422
-0.00960216 -0.0279286 -0.42816 0.0306619 0.0042989 -0.315113
0.390547 -0.180423 0.356845 0.279243 -0.111621 0.245636
0.151533 -0.470153 0.154484 0.111663 -0.321028 0.066127
0.271489 -0.455898 -0.063005 0.20862 -0.34701 -0.088048
-0.0480755 -0.065842 -0.317053 -0.0024373 -0.0891326 -0.298086
0.0604881 -0.0807638 -0.16296 0.0168143 -0.0290159 -0.0747918
0.0715027 -0.0481293 0.0711044 0.0525512 -0.0301629 0.0519604
-0.234727 -0.315472 -0.0257751 -0.189064 -0.226838 0.0300117
0.393699 0.0641936 -0.132109 0.406832 0.0438506 -0.048732
0.0709681 -0.139472 -0.00729841 0.0716268 -0.133922 0.0475146
0.046328 -0.231153 0.0384725 0.0526152 -0.16434 0.0607451
-0.0598501 0.241766 0.0697001 -0.0396655 0.211363 0.031771
-0.224051 -0.184379 -0.0781329 -0.271366 -0.136353 -0.0100818
-0.158318 -0.0218116 -0.214436 -0.207531 -0.0086181 -0.253964
0.255801 0.0570325 -0.299541 0.269184 0.0362896 -0.251389
-0.0218241 -0.0557788 -0.439604 -0.0316199 -0.0575634 -0.414926
0.425688 0.250185 -0.0508836 0.372823 0.191205 -0.0319762
0.210104 -0.208826 0.271551 0.206519 -0.208147 0.207321
-0.138921 -0.00107558 -0.343844 -0.120496 0.0046978 -0.344246
0.00827124 0.072415 0.34428 0.0266709 0.0880578 0.312915
0.0794621 0.00299025 0.202215 0.0430037 0.0293708 0.233334
-0.107205 0.00874957 0.125944 -0.0915298 -0.0102809 0.152738
0.103898 0.0305595 -0.0846871 0.0935084 0.0361291 -0.0438205
-0.0772088 -0.321456 -0.442014 -0.0770364 -0.281164 -0.392875
0.0398047 0.040277 0.17988 0.034151 0.0197963 0.19696
-0.10607 -0.0274567 0.0282789 -0.0479559 -0.0038596 0.0864906
0.140359 0.0654478 -0.0246592 0.0714605 0.0584245 -0.0331848
0.22437 0.116324 -0.265024 0.220039 0.107189 -0.24032
-0.0104569 0.124631 -0.0491602 -0.0101558 0.112139 -0.0352434
0.290577 0.327613 0.357358 0.239585 0.331519 0.390669
-0.113239 -0.10177 -0.162111 -0.112765 -0.0848281 -0.127537
0.0294619 0.13074 -0.21122 0.0265038 0.0721263 -0.174666
0.125329 -0.412946 -0.447953 0.100114 -0.365929 -0.343931
0.0157472 0.0709674 0.015154 0.0026531 0.0957271 0.0314315
-0.128455 0.00732845 -0.105959 -0.129582 0.016057 -0.105327
-0.109774 -0.343445 -0.476822 -0.0992829 -0.300965 -0.418366
0.18377 0.0998944 0.428031 0.197647 0.0496267 0.44984
-0.0386025 -0.037382 0.0769211 -0.0098714 -0.0376192 0.0965231
0.491226 0.339088 0.221004 0.424684 0.318451 0.209469
0.128137 0.0786555 -0.03574 0.0801252 0.0852043 0.0093092
-0.158518 -0.0473778 -0.15774 -0.138533 -0.0235435 -0.138594
0.1932 -0.0355703 0.1459 0.117414 -0.0778017 0.123783
-0.148675 -0.0152032 -0.0438392 -0.0959189 -0.0501444 -0.0759816
-0.0839468 -0.132609 0.421674 -0.0783183 -0.149758 0.399008
-0.163666 -0.138337 0.54778 -0.244269 -0.129835 0.497016
0.091847 0.404296 0.157613 0.0797782 0.396501 0.179534
-0.25735 0.0384492 -0.0658021 -0.219193 0.0429511 -0.0795174
-0.191398 0.0652775 0.140087 -0.129939 0.026784 0.040393
0.242858 -0.385706 0.0558741 0.227808 -0.352507 0.0514993
-0.3139 0.132604 -0.44086 -0.236186 0.0962073 -0.335633
-0.321822 0.317171 -0.166402 -0.314596 0.266246 -0.115196
-0.19221 -0.0410803 0.323009 -0.124673 -0.0481146 0.364056
0.106416 -0.164834 -0.286208 0.0849749 -0.0759545 -0.198532
-0.245829 0.351857 0.234969 -0.214786 0.328719 0.258318
-0.015196 0.0298376 -0.0596059 -0.0136999 -0.0029866 -0.0175155
0.435821 -0.0248583 0.0234354 0.384909 -0.016329 0.0200747
0.332554 -0.146903 -0.354004 0.317683 -0.139972 -0.300576
0.211904 0.229974 -0.37592 0.204177 0.22917 -0.369041
0.0244185 0.0570161 -0.166505 0.0426213 0.0730275 -0.105612
0.270639 -0.304073 0.0381924 0.266141 -0.285227 0.080362
-0.0813316 0.326116 -0.11004 -0.0904035 0.274918 -0.139863
0.765094 -0.195595 0.188158 0.635208 -0.147057 0.199019
0.0452853 0.0577194 0.146007 0.0351329 0.0742737 0.115146
-0.275434 0.0681227 0.0460141 -0.229893 0.0534791 0.088709
-0.269404 0.137413 -0.151387 -0.266279 0.103785 -0.130082
0.168957 -0.154509 -0.0216604 0.146077 -0.0935975 -0.0017828
-0.208867 -0.228454 0.0563474 -0.201624 -0.231458 0.0853174
0.0347142 -0.248834 0.121774 0.0291219 -0.176415 0.10847
-0.115879 -0.176061 0.24812 -0.106391 -0.16491 0.265958
-0.0785092 -0.00611302 -0.0329556 -0.0959508 0.0508265 0.0026855
-0.133838 -0.0520788 0.37629 -0.130786 -0.0500823 0.396717
-0.111256 0.559223 0.0364777 -0.104341 0.481714 0.0812017
0.114946 -0.258963 -0.251778 0.0889251 -0.289169 -0.240776
0.0870533 -0.0418648 -0.0230754 0.0539306 -0.0715384 0.0055187
0.0866177 -0.0812382 -0.548336 0.0714587 -0.0452083 -0.485716
-0.296777 0.273095 0.0224549 -0.26309 0.293 0.0008307
0.0583538 0.0252993 0.0692853 0.0628727 0.0047598 0.069585
-0.0100596 -0.0472029 0.111605 -0.0205637 -0.0102833 0.0607149
0.0473713 -0.185871 0.402751 0.0608245 -0.180544 0.374211
0.0159894 -0.0891632 -0.13041 0.0034838 -0.0769997 -0.146995
0.0601135 0.0206132 -0.383039 0.0610063 0.0204124 -0.399389
0.222819 0.0830467 -0.0892253 0.239803 0.118746 -0.0402254
0.116893 0.179567 0.458932 0.0913473 0.135019 0.423535
-0.03323 -0.0558586 0.0426195 -0.0056519 -0.0537319 0.0626709
0.0708413 -0.0942475 -0.360424 0.0881643 -0.105959 -0.354048
-0.080085 0.372435 -0.0550189 -0.0477022 0.341393 0.0082873
0.0323167 0.0669683 -0.0111849 0.0377656 0.0716688 0.0051968
-0.04463 0.163138 -0.433122 -0.0182183 0.129346 -0.383388
0.0755714 -0.290553 0.245365 0.0419483 -0.280276 0.305869
0.0786299 -0.253602 0.307217 0.0754038 -0.246001 0.279888
-0.0854467 0.0306408 -0.297097 -0.0617043 -0.0184039 -0.299213
-0.154999 -0.0325792 0.120774 -0.150432 -0.018237 0.0575564
0.043543 -0.0109698 0.64013 -0.0153883 -0.0344759 0.613372
0.0928123 0.0960035 0.106255 0.0274822 0.107923 0.0789466
0.0441621 -0.0543027 0.370432 0.0436282 -0.0429953 0.321175
-0.329655 -0.18376 0.0516744 -0.322776 -0.182132 0.0918079
0.22199 -0.116763 0.125506 0.167549 -0.0913186 0.0773223
-0.0174448 -0.0928461 -0.218959 -0.0781893 -0.0761343 -0.153613
-0.0936573 0.00376324 0.207926 -0.0950239 0.0285126 0.30309
