527.742 530.24
462.566 462.28
400.195 397.978
340.613 337.23
283.796 279.799
229.702 225.626
178.293 174.649
129.516 126.828
83.3155 81.9259
39.6293 39.7264
-1.60878 -0.0110635
-40.4671 -37.3088
-77.0184 -72.2329
-111.339 -104.905
-143.502 -135.238
-173.588 -163.338
-201.673 -189.447
-227.839 -213.731
-252.147 -236.281
-274.704 -257.199
-295.573 -276.542
128.602 148.348
112.192 129.231
96.6453 111.061
81.9871 94.1927
68.0475 78.1856
54.8695 63.1107
42.3688 48.9456
30.5074 35.7367
19.2294 23.1547
8.54231 11.2945
-1.60878 -0.0112001
-11.2695 -10.6301
-20.4302 -20.7854
-29.1325 -30.4168
-37.3969 -39.5234
-45.2717 -48.0982
-52.7106 -56.208
-59.8154 -63.8122
-66.5425 -71.0094
-72.9195 -77.8161
-78.9762 -84.2076
38.1155 81.2684
34.0055 71.5539
29.9335 62.3178
25.8881 53.6325
21.8412 45.0027
17.8665 36.8378
13.9036 29.0113
9.98252 21.4963
6.0828 14.0872
2.2208 6.93873
-1.60878 -0.011342
-5.39105 -6.6799
-9.14653 -13.3066
-12.8543 -19.6739
-16.5334 -25.8461
-20.1741 -31.7745
-23.7847 -37.6508
-27.3264 -43.435
-30.8551 -49.019
-34.3337 -54.523
-37.7525 -59.9335
637.418 641.625
552.983 557.362
473.615 478.226
399.113 403.984
329.245 334.163
263.948 268.706
202.938 207.53
146.072 150.334
93.1368 96.9615
43.9725 46.8784
-1.60878 -0.0111437
-43.7708 -43.8542
-82.7064 -84.7368
-118.569 -122.72
-151.533 -158.079
-181.754 -191.116
-209.389 -221.534
-234.57 -249.753
-257.449 -275.986
-278.177 -300.393
-296.87 -322.959
187.184 244.889
162.623 212.74
139.55 182.642
117.94 154.657
97.5283 128.221
78.4212 103.363
60.4192 80.045
43.4893 58.3399
27.5219 37.7651
12.5182 18.357
-1.60878 -0.0111565
-14.9126 -17.2685
-27.4246 -33.6828
-39.1863 -49.0306
-50.2529 -63.5451
-60.6789 -77.3012
-70.445 -90.2814
-79.6281 -102.572
-88.2493 -114.092
-96.3178 -124.928
-103.866 -135.101
770.422 747.804
663.95 645.24
564.952 550.036
473.173 461.64
388.016 379.498
309.253 303.031
236.464 232.303
169.306 167.184
107.429 107.063
50.5671 51.4711
-1.60878 -0.0112106
-49.3995 -47.6014
-93.0433 -91.4307
-132.815 -131.741
-168.963 -168.466
-201.733 -201.748
-231.311 -232.245
-257.949 -260.213
-281.804 -285.848
-303.095 -309.253
-321.993 -330.663
915.032 885.149
780.338 759.666
657.193 644.297
544.888 537.957
442.348 440.323
349.147 350.428
264.414 267.719
187.56 191.862
117.939 122.543
55.0676 58.6667
-1.60878 -0.0112521
-52.5732 -54.0745
-98.2601 -103.472
-139.085 -148.702
-175.45 -189.908
-207.721 -227.86
-236.201 -261.844
-261.226 -292.941
-283.064 -321.378
-302.001 -347.496
-318.275 -371.306
501.513 514.573
433.33 447.309
369.716 384.046
310.584 324.635
255.388 269.068
204.198 216.894
156.578 167.957
112.419 121.964
71.4123 78.8064
33.4936 38.2202
-1.60878 -0.0111565
-34.0136 -35.8695
-63.9165 -69.681
-91.421 -101.297
-116.731 -131.024
-139.95 -159.015
-161.205 -185.202
-180.613 -209.585
-198.316 -232.283
-214.377 -253.561
-228.934 -273.404
765.479 751.14
658.371 649.212
559.244 554.216
467.476 465.783
382.681 383.603
304.481 307.172
232.404 236.258
166.107 170.361
105.256 109.436
49.4716 52.7009
-1.60878 -0.0111565
-48.2322 -48.9948
-90.7188 -94.3417
-129.313 -136.31
-164.319 -175.103
-195.946 -211.145
-224.456 -244.028
-250.028 -274.269
-272.892 -302.192
-293.245 -328.043
-311.26 -351.93
841.79 813.342
721.426 699.816
610.551 595.097
508.659 498.387
414.96 408.937
329.036 326.213
250.348 249.709
178.405 179.434
112.665 114.737
52.8176 55.0293
-1.60878 -0.0111565
-50.9903 -50.8913
-95.6631 -97.5521
-135.98 -140.427
-172.26 -179.511
-204.807 -215.118
-233.854 -247.869
-259.72 -277.908
-282.589 -305.264
-302.73 -330.027
-320.345 -352.965
-99.6543 -0.000726185
-28.1383 0.0318176
-2.80968 0.0555527
173.976 165.138
147.566 142.292
123.562 121.091
101.781 101.559
82.0527 83.4347
64.2118 66.6198
48.1112 51.1139
33.6079 36.8169
20.5688 23.6412
8.87133 11.3929
-1.60084 -0.0110635
-10.9544 -10.5276
-19.289 -20.4213
-26.6987 -29.6045
-33.2682 -38.14
-39.0783 -45.9539
-44.2018 -53.2261
-48.709 -59.9754
-52.6584 -66.3228
-56.1138 -72.2923
-59.1247 -77.8891
573.132 547.031
497.942 475.342
427.122 407.791
360.374 344.597
297.826 285.048
239.055 229.135
184.028 176.817
132.6 127.906
84.633 82.4131
39.9673 39.8231
-1.60084 -0.0112001
-40.1606 -37.2053
-75.8937 -71.869
-108.927 -104.093
-139.371 -133.855
-167.408 -161.193
-193.168 -186.464
-216.75 -209.892
-238.28 -231.594
-257.909 -251.674
-275.732 -270.224
38.1245 81.2684
34.0141 71.5539
29.9423 62.3178
25.8969 53.6325
21.8498 45.0027
17.8749 36.8378
13.9118 29.0113
9.99091 21.4963
6.09105 14.0872
2.22884 6.93873
-1.60084 -0.011342
-5.38301 -6.6799
-9.13867 -13.3066
-12.8465 -19.6739
-16.5257 -25.8461
-20.1663 -31.7745
-23.777 -37.6508
-27.3189 -43.435
-30.8477 -49.019
-34.3264 -54.523
-37.7454 -59.9335
239.624 266.935
202.917 229.491
169.771 195.042
139.845 163.561
112.804 134.372
88.4653 107.374
66.5049 82.4484
46.728 59.4682
28.9012 38.244
12.8518 18.464
-1.60084 -0.0111437
-14.6017 -17.1594
-26.3161 -33.3278
-36.857 -48.3215
-46.3595 -62.359
-54.9253 -75.475
-62.6585 -87.8307
-69.6168 -99.5094
-75.9241 -110.529
-81.6266 -120.98
-86.779 -130.898
689.876 663.672
593.281 574.112
503.847 490.609
420.981 412.888
344.548 340.315
274.003 272.716
209.016 209.932
149.292 151.461
94.4934 97.4399
44.316 46.9838
-1.60084 -0.0111565
-43.4687 -43.7452
-81.6142 -84.3832
-116.26 -122.01
-147.638 -156.894
-176.013 -189.291
-201.605 -219.084
-224.574 -246.69
-245.139 -272.421
-263.495 -296.444
-279.791 -318.755
770.466 747.804
663.961 645.24
565.029 550.036
473.111 461.64
388.076 379.498
309.27 303.031
236.452 232.303
169.277 167.184
107.432 107.063
50.5913 51.4711
-1.60084 -0.0112106
-49.3713 -47.6014
-93.029 -91.4307
-132.816 -131.741
-168.952 -168.466
-201.71 -201.748
-231.319 -232.245
-257.947 -260.213
-281.801 -285.848
-303.102 -309.253
-322.002 -330.663
915.083 885.149
780.35 759.666
657.279 644.297
544.82 537.957
442.412 440.323
349.166 350.428
264.401 267.719
187.531 191.862
117.943 122.543
55.0923 58.6667
-1.60084 -0.0112521
-52.5451 -54.0745
-98.2463 -103.472
-139.086 -148.702
-175.44 -189.908
-207.7 -227.86
-236.208 -261.844
-261.224 -292.941
-283.062 -321.378
-302.006 -347.496
-318.282 -371.306
781.424 757.902
670.414 654.156
568.099 557.761
473.733 468.269
387.009 385.274
307.274 308.212
234.059 236.876
166.986 170.667
105.609 109.544
49.5617 52.7218
-1.60084 -0.0111565
-48.1379 -48.9889
-90.4422 -94.2476
-128.772 -136.175
-163.411 -174.795
-194.65 -210.696
-222.752 -243.48
-247.893 -273.647
-270.327 -301.617
-290.266 -327.509
-307.884 -351.424
517.444 521.336
445.307 452.25
378.571 387.59
316.868 327.121
259.676 270.738
206.967 217.934
158.212 168.575
113.283 122.27
71.7978 78.9147
33.5427 38.2409
-1.60084 -0.0111565
-33.9468 -35.8635
-63.6303 -69.5866
-90.8682 -101.161
-115.835 -130.715
-138.659 -158.567
-159.511 -184.654
-178.484 -208.962
-195.737 -231.708
-211.402 -253.026
-225.545 -272.898
841.837 813.342
721.437 699.816
610.632 595.097
508.594 498.387
415.022 408.937
329.054 326.213
250.335 249.709
178.376 179.434
112.668 114.737
52.8422 55.0293
-1.60084 -0.0111565
-50.9618 -50.8913
-95.6491 -97.5521
-135.98 -140.427
-172.25 -179.511
-204.785 -215.118
-233.861 -247.869
-259.718 -277.908
-282.587 -305.264
-302.736 -330.027
-320.352 -352.965
-99.6543 -0.000726185
-28.1384 0.0318176
-2.80968 0.0555527
61.3585 89.4642
48.8584 77.9433
37.6197 67.1237
27.547 56.9552
18.5513 47.4036
10.5481 38.4009
3.46066 29.8881
-2.78528 21.9094
-8.25862 14.2261
-13.0222 6.94382
-17.1361 -0.00193293
-20.656 -6.71153
-23.6334 -13.1517
-26.1164 -19.4304
-28.149 -25.4041
-29.7729 -31.188
-31.0257 -36.8185
-31.9436 -42.3193
-32.5577 -47.711
-32.8991 -53.059
-32.9948 -58.3092
61.362 89.4644
48.8602 77.9434
37.6233 67.0143
27.5432 56.9553
18.5551 47.4037
10.5499 38.4008
3.45994 29.8882
-2.7871 21.9083
-8.26027 14.2264
-13.0211 6.94312
-17.1361 -0.00206045
-20.6571 -6.711
-23.6351 -13.1518
-26.1181 -19.4307
-28.1498 -25.4041
-29.775 -31.188
-31.0261 -36.8181
-31.9451 -42.3186
-32.5588 -47.7111
-32.8989 -53.0579
-32.9942 -58.3095
731.042 678.044
623.409 583.323
524.542 495.555
433.865 415.12
350.892 340.113
274.779 270.73
205.241 206.913
141.692 148.478
83.7426 94.7532
30.9253 45.3647
-17.1361 -0.00206535
-60.8309 -41.8757
-100.482 -80.4341
-136.389 -115.845
-168.846 -148.426
-198.137 -177.667
-224.51 -205.047
-248.222 -229.871
-269.462 -252.258
-288.448 -272.596
-305.365 -291.073
805.84 782.883
686.773 673.431
577.493 572.092
477.362 478.971
385.842 392.547
302.039 312.697
225.619 239.104
155.948 171.486
92.5889 109.547
35.0346 52.4718
-17.1361 -0.00210116
-64.3511 -48.4569
-106.972 -92.9656
-145.334 -133.844
-179.765 -171.604
-210.583 -205.868
-238.066 -237.439
-262.502 -266.204
-284.104 -292.298
-303.12 -315.894
-319.758 -337.216
805.842 782.883
686.775 673.43
577.496 572.086
477.358 478.971
385.846 392.547
302.04 312.696
225.618 239.104
155.946 171.485
92.5877 109.548
35.0352 52.4712
-17.1361 -0.00204912
-64.352 -48.4569
-106.973 -92.9662
-145.336 -133.844
-179.765 -171.605
-210.585 -205.869
-238.066 -237.439
-262.504 -266.204
-284.105 -292.298
-303.12 -315.894
-319.758 -337.216
157.707 194.401
128.256 167.715
102.19 143.171
79.1941 120.54
58.9865 99.4964
41.2894 79.8439
25.8702 61.6703
12.5096 44.9358
1.00721 28.9525
-8.81665 14.0505
-17.1361 -0.00198471
-24.0988 -13.3622
-29.8437 -25.9072
-34.4954 -37.9389
-38.169 -49.2037
-40.9702 -59.9164
-42.9928 -70.2893
-44.3222 -80.4249
-45.0364 -90.1851
-45.2069 -99.7639
-44.8976 -109.084
897.814 907.368
763.116 778.43
640 659.587
527.676 550.535
425.462 450.167
332.319 357.948
247.794 273.311
171.142 195.623
101.823 124.829
39.2345 59.7179
-17.1361 -0.00207591
-67.794 -54.8958
-113.174 -105.067
-153.678 -151.035
-189.696 -193.557
-221.602 -232.27
-249.724 -267.282
-274.401 -299.226
-295.883 -328.227
-314.462 -354.34
-330.382 -377.83
839.721 839.701
715.6 721.691
601.709 612.497
497.383 512.283
402.061 419.625
314.804 334.217
235.258 255.504
162.77 183.228
96.8769 117.022
37.0581 56.0449
-17.1361 -0.00204912
-66.1425 -51.6939
-110.342 -99.1278
-150.08 -142.731
-185.7 -183.073
-217.532 -219.786
-245.864 -253.493
-270.995 -284.119
-293.148 -311.946
-312.577 -337.088
-329.504 -359.781
839.717 839.701
715.591 721.689
601.708 612.497
497.387 512.283
402.056 419.625
314.802 334.217
235.256 255.504
162.769 183.228
96.8794 117.021
37.0548 56.0449
-17.1361 -0.00204912
-66.1442 -51.694
-110.341 -99.1276
-150.079 -142.731
-185.701 -183.073
-217.532 -219.788
-245.865 -253.493
-270.996 -284.119
-293.147 -311.946
-312.578 -337.087
-329.504 -359.781
446.299 478.062
382.288 416.242
322.956 358.226
268.017 303.743
217.159 252.406
170.111 204.144
126.554 158.477
86.2386 115.585
49.0408 74.847
14.6297 36.4116
-17.1361 -0.00204912
-46.4743 -34.5453
-73.5331 -67.1536
-98.4707 -97.9475
-121.443 -127.147
-142.554 -154.981
-161.986 -181.613
-179.786 -207.039
-196.134 -231.027
-211.091 -252.919
-224.748 -274.182
-99.6543 -0.000726185
-28.1347 0.0318176
-2.80994 0.0555527
154.5 124.783
131.761 107.455
110.895 91.3865
91.7985 76.5386
74.3882 62.7463
58.5443 49.9529
44.2026 38.1648
31.2679 27.2298
19.6355 17.3874
9.24678 8.29184
-0.00653465 0
-8.18107 -7.61247
-15.375 -14.5367
-21.6394 -20.7996
-27.0645 -26.4326
-31.7061 -31.4098
-35.6348 -35.8799
-38.9007 -39.9539
-41.5698 -43.6513
-43.6981 -46.9984
-45.3361 -50.0509
-75.9312 -95.7024
-70.5198 -84.8315
-64.339 -74.2031
-57.527 -63.7795
-50.1632 -53.6551
-42.394 -43.8753
-34.273 -34.4097
-25.9082 -25.3611
-17.3544 -16.5442
-8.70444 -8.123
-0.00653465 0
8.67941 7.79064
17.3099 15.1666
25.8168 22.2059
34.1939 28.8282
42.3791 35.1235
50.3671 41.0454
58.1039 46.6009
65.5885 51.7687
72.798 56.5677
79.7174 60.9937
-0.00749809 0
-0.00743974 0
-0.00733945 0
-0.0071099 0
-0.00708646 0
-0.00702356 0
-0.00693733 0
-0.00675469 0
-0.00666444 0
-0.00664143 0
-0.00653465 0
-0.00642704 0
-0.00634868 0
-0.0061561 0
-0.00633683 0
-0.00596788 0
-0.00588691 0
-0.00599926 0
-0.00581988 0
-0.00566325 0
-0.00576764 0
175.367 133.621
147.563 113.99
122.56 96.0555
100.136 79.6856
80.0962 64.7777
62.2389 51.2036
46.4031 38.8821
32.4193 27.5327
20.1106 17.503
9.35696 8.32509
-0.00653465 0
-8.08645 -7.58027
-15.0252 -14.4316
-20.914 -20.658
-25.8752 -26.2628
-29.9949 -31.2746
-33.3683 -35.767
-36.0713 -39.8349
-38.1829 -43.6476
-39.7776 -47.2325
-40.9194 -50.5889
-84.5611 -95.4349
-77.8027 -84.9772
-70.289 -74.595
-62.2081 -64.2635
-53.6731 -54.1232
-44.8746 -44.2572
-35.8798 -34.7209
-26.8206 -25.5797
-17.7617 -16.6741
-8.80661 -8.14109
-0.00653465 0
8.57769 7.76928
16.9046 15.0451
24.912 21.8861
32.5976 28.3163
39.9097 34.4363
46.8494 40.0117
53.3807 45.1397
59.5048 49.821
65.2153 54.0715
70.5125 57.8702
-0.0015176 0
-3.915e-05 0
-0.0134208 0
-0.00872827 0
-0.00783005 0
-0.00712419 0
-0.00491881 0
-0.00296753 0
-0.00272518 0
-0.00841013 0
-0.00653465 0
-0.00625649 0
-0.00379068 0
-0.00559213 0
-0.00317205 0
-0.00161399 0
-0.00501954 0
-0.00323569 0
0.00289879 0
0.0017704 0
0.00208451 0
-0.00160614 0
-4.7409e-05 0
-0.0151488 0
-0.0094448 0
-0.00842747 0
-0.0077311 0
-0.00508334 0
-0.00298854 0
-0.00273776 0
-0.00872765 0
-0.00653465 0
-0.00616306 0
-0.00378736 0
-0.00526329 0
-0.00288186 0
-0.0015413 0
-0.00446388 0
-0.00289848 0
0.00243734 0
0.00154298 0
0.00167506 0
-62.4276 -62.4346
-54.582 -54.0042
-47.0654 -46.0546
-39.8548 -38.5928
-33.0277 -31.6168
-26.5453 -25.1601
-20.4812 -19.1818
-14.7691 -13.7069
-9.46404 -8.74835
-4.53855 -4.1626
-0.00653465 0
4.16689 3.79393
7.95821 7.20052
11.4098 10.225
14.5004 12.9914
17.2785 15.4364
19.73 17.4554
21.8854 19.2122
23.7511 20.6788
25.3525 21.9641
26.6916 23.1066
89.9687 74.1473
75.3575 62.5653
62.3343 52.193
50.7432 42.8985
40.4538 34.5105
31.3632 26.9622
23.3171 20.2519
16.2478 14.2353
10.0676 8.93571
4.674 4.19813
-0.00653465 0
-4.0482 -3.78398
-7.5199 -7.03753
-10.4707 -9.99019
-12.9687 -12.458
-15.06 -14.6605
-16.7847 -16.5077
-18.1907 -18.1336
-19.3075 -19.6832
-20.184 -21.0381
-20.837 -22.2308
-0.00161993 0
-3.73358e-05 0
-0.0142036 0
-0.00916318 0
-0.00808281 0
-0.00780787 0
-0.00514567 0
-0.00295571 0
-0.00281599 0
-0.00840979 0
-0.00653465 0
-0.00620989 0
-0.00385706 0
-0.00538716 0
-0.00317281 0
-0.00164479 0
-0.00470564 0
-0.00313324 0
0.00265289 0
0.00165771 0
0.00185942 0
-4.45545e-06 0
-0.000348888 -0
0.00544243 -0
2.74181e-06 0
5.73397e-05 0
2.91467e-05 0
3.42727e-06 0
1.0401e-05 0
-8.19564e-06 0
1.19209e-07 0
5.02169e-06 0
-3.59863e-06 0
-2.13608e-05 0
1.4131e-05 0
-3.1013e-05 0
-6.89179e-06 0
-2.27988e-06 0
-2.89083e-06 0
1.2964e-06 0
-2.05636e-06 0
1.3262e-06 0
-1.86563e-05 0
-1.3113e-05 0
-7.27177e-06 0
-3.33786e-05 0
-5.90086e-06 0
-3.60608e-05 0
-1.93715e-06 0
-2.17557e-05 0
3.8743e-07 0
-8.31485e-06 0
-2.97427e-05 0
-4.64171e-06 0
6.64964e-06 0
1.4131e-05 0
-1.67266e-06 0
1.66968e-05 0
-3.12924e-06 0
1.7792e-05 0
-5.27501e-06 0
1.25617e-05 0
3.8743e-06 0
8.58307e-06 0
-7.7486e-06 0
6.02007e-06 0
2.29478e-06 -0
-1.76579e-06 0
4.4778e-06 -0
-1.69873e-06 0
6.29202e-06 -0
1.53854e-06 0
-2.50898e-05 0
-7.11717e-06 -0
7.55582e-06 -0
-8.59401e-06 -0
1.4131e-05 -0
1.89245e-06 -0
9.07667e-06 -0
-3.72529e-09 -0
1.73226e-06 -0
1.39512e-05 -0
8.19564e-08 0
-1.38879e-05 0
3.70294e-06 -0
-1.03191e-05 0
4.61936e-07 0
-0.00116575 0
-0.000455499 0
-0.000819266 0
-0.00114429 0
-0.000452369 0
9.22978e-05 0
0.000332206 0
7.59065e-05 0
-0.000381127 0
-0.000119437 0
1.4131e-05 -0
-0.000229023 0
-3.00109e-05 0
0.000216268 0
0.00011608 0
0.00111979 0
0.000150234 0
-0.000368267 0
-0.00192867 0
-0.000338182 0
-0.00127737 0
0.00120211 0
0.000491858 0
0.000827968 0
0.00116432 0
0.000490218 0
-9.47416e-05 0
-0.000337347 0
-8.32826e-05 0
0.000399001 0
0.000100646 0
1.4131e-05 -0
0.000219218 0
2.13757e-05 0
-0.000213273 0
-9.4682e-05 0
-0.00109039 0
-0.000152454 0
0.000351578 0
0.00186995 0
0.000326112 0
0.00122842 0
1.91331e-05 0
3.30806e-05 0
2.59876e-05 -0
2.25008e-05 0
8.38935e-06 0
2.08765e-05 -0
9.62615e-06 -0
7.81566e-06 -0
-2.32644e-05 0
2.32365e-05 -0
1.4131e-05 -0
-1.33365e-05 -0
2.54065e-06 -0
6.51926e-06 -0
9.27597e-06 -0
2.24635e-05 -0
6.98864e-06 0
9.11951e-06 -0
-1.64807e-05 0
-1.08108e-05 0
-9.045e-06 0
-1.92523e-05 -0
-2.88188e-05 -0
-2.36034e-05 -0
-1.01328e-05 -0
1.08778e-05 -0
-3.9041e-06 0
-1.92821e-05 0
3.51444e-05 -0
-1.84774e-05 -0
3.35276e-07 -0
1.4131e-05 0
2.71574e-06 -0
-5.99772e-06 -0
1.42902e-05 -0
1.10045e-05 0
-2.68221e-07 0
-5.45382e-06 0
-6.4671e-06 0
-5.1409e-06 0
6.70552e-07 -0
9.29832e-06 0
0.000705361 0
0.000322491 0
0.000472575 0
0.000658959 0
0.000270322 0
-5.81741e-05 0
-0.000163689 0
-3.65004e-05 0
0.000185203 0
4.7382e-05 0
1.4131e-05 -0
0.000106486 0
9.20519e-06 0
-9.77367e-05 0
-3.68282e-05 0
-0.000511177 0
-7.08252e-05 0
0.000159577 0
0.00081636 0
0.000143006 0
0.000522077 0
-0.000634432 0
-0.000279725 0
-0.000472456 0
-0.000637263 0
-0.00025472 0
4.29004e-05 0
0.000201702 0
1.39922e-05 0
-0.000199482 0
-5.57825e-05 0
1.4131e-05 -0
-0.000109602 0
-4.25056e-06 0
0.000101298 0
5.40838e-05 0
0.000520684 0
6.36876e-05 0
-0.000163034 0
-0.000823185 0
-0.000142172 0
-0.000532374 0
-1.40965e-05 0
-2.93553e-05 0
-1.97887e-05 0
4.94421e-05 -0
-7.89762e-07 0
4.61936e-07 -0
1.4782e-05 -0
1.50204e-05 0
6.85826e-06 -0
6.24545e-06 0
1.4131e-05 -0
-9.65968e-06 -0
1.22003e-05 0
-2.86102e-06 0
-4.82053e-06 -0
1.01328e-05 0
-1.23829e-05 0
-1.89841e-05 0
-3.09944e-06 0
-9.73046e-06 0
-7.28667e-06 0
-6.31809e-06 -0
0.000173065 0
0.000408946 0
3.42131e-05 0
4.76837e-05 0
6.02007e-06 0
-3.96371e-06 0
1.28597e-05 0
-1.49012e-07 0
1.53482e-05 0
-2.14055e-05 0
1.51843e-05 0
-7.14511e-06 0
9.18781e-06 0
6.75954e-06 0
-3.86685e-06 0
1.39475e-05 0
-5.7742e-06 0
-2.6226e-06 0
-1.62423e-06 0
-1.72853e-06 0
-2.96533e-06 0
1.56462e-07 0
-1.05053e-06 0
-2.0504e-05 0
7.36117e-06 0
-1.69873e-06 0
8.91089e-06 0
-1.86265e-05 0
-8.56817e-06 0
-3.51667e-06 0
2.32309e-05 0
3.82587e-06 0
2.24356e-05 0
9.18781e-06 0
4.70132e-06 0
-5.1558e-06 0
-2.74926e-06 0
-4.61936e-07 0
1.82539e-06 0
3.26335e-06 0
-1.08033e-06 0
5.03659e-06 0
-4.70877e-06 0
2.83122e-06 0
-3.95354e-07 0
-4.22107e-07 0
1.09617e-05 0
-2.17857e-06 0
1.97484e-06 0
1.09311e-06 0
4.58129e-06 0
-7.51296e-06 0
-6.88792e-06 0
5.05239e-06 0
9.18781e-06 -0
-4.68772e-06 0
-7.23507e-07 0
-5.72358e-06 -0
6.92682e-06 0
-8.05639e-06 0
4.42631e-06 0
-1.2527e-05 0
-9.95813e-06 0
-6.41777e-06 0
-1.93271e-06 0
-0.000714064 0
-0.000284642 0
-0.000490606 0
-0.00069657 0
-0.000285253 0
4.89205e-05 0
0.000191733 0
4.38243e-05 0
-0.000225965 0
-6.21546e-05 0
9.18781e-06 0
-0.000128405 0
-1.89953e-05 0
0.000134341 0
5.93849e-05 0
0.000632666 0
8.29473e-05 0
-0.000203438 0
-0.0010452 0
-0.000186563 0
-0.000677884 0
0.000640064 0
0.000266373 0
0.000458837 0
0.000641853 0
0.000272855 0
-4.81308e-05 0
-0.00019069 0
-3.355e-05 0
0.000238862 0
5.59781e-05 0
9.18781e-06 0
0.000127509 0
1.42753e-05 0
-0.000125866 0
-6.91563e-05 0
-0.000653438 0
-8.28281e-05 0
0.000208624 0
0.00114031 0
0.000208959 0
0.000770971 0
3.52186e-06 0
1.99054e-05 0
7.2555e-06 0
1.31816e-05 -0
-7.41349e-06 0
-2.20222e-05 0
-1.24357e-05 -0
-3.72545e-05 0
7.70557e-06 0
1.79596e-06 0
9.18781e-06 -0
-1.74446e-06 -0
8.56689e-06 0
1.53695e-05 -0
-2.59039e-06 0
2.1224e-06 0
-1.19119e-06 0
1.29135e-06 0
4.46126e-06 -0
-1.59414e-07 0
1.16484e-06 -0
-1.7085e-05 0
2.89488e-05 0
-1.04162e-05 0
-2.60837e-06 0
9.8368e-07 -0
-1.226e-07 0
-1.01471e-06 -0
5.96581e-06 0
-5.64997e-06 0
-1.30649e-05 0
9.18781e-06 0
-1.39272e-06 0
-3.99948e-06 -0
5.34678e-06 0
8.09185e-07 0
7.05673e-07 0
-3.06648e-06 0
-2.19094e-06 -0
-5.49422e-07 0
6.52119e-07 0
-1.13717e-06 0
0.000398934 0
0.000167176 0
0.000268549 0
0.000376225 0
0.000129543 0
-3.4526e-05 0
-0.000111744 0
-3.95924e-05 0
0.000105515 0
2.04416e-05 0
9.18781e-06 0
5.38547e-05 0
1.80304e-06 0
-6.9974e-05 0
-2.36034e-05 0
-0.000302322 0
-4.30644e-05 0
9.19513e-05 0
0.000488356 0
8.77492e-05 0
0.000308413 0
-0.000397593 0
-0.000167251 0
-0.000283644 0
-0.000386119 0
-0.000128508 0
2.12565e-05 0
0.0001074 0
3.33935e-05 0
-0.000110701 0
-2.28435e-05 0
9.18781e-06 0
-5.86379e-05 0
-1.73226e-06 0
5.61643e-05 0
2.86791e-05 0
0.000276593 0
3.91956e-05 0
-9.60827e-05 0
-0.000469079 0
-8.37669e-05 0
-0.000296172 0
8.95037e-07 0
1.30114e-05 -0
1.96128e-05 -0
2.88658e-06 0
-1.55321e-06 -0
-3.75087e-06 0
-6.32078e-06 -0
-2.33397e-06 0
5.12013e-06 0
2.80757e-06 0
9.18781e-06 0
-3.62714e-06 0
3.82752e-06 0
6.2183e-06 -0
2.84004e-06 -0
1.86593e-06 0
3.11831e-06 0
3.71517e-06 0
5.00093e-06 0
1.3035e-06 -0
-2.24087e-07 -0
-8.58307e-06 0
0.000174319 -0
0.000393747 0
