-850.204 -848.188
-857.706 -856.133
-864.212 -863.053
-869.77 -868.992
-874.441 -873.985
-878.272 -878.085
-881.309 -881.359
-883.602 -883.849
-885.191 -885.602
-886.125 -886.666
-886.442 -887.084
-886.186 -886.9
-885.392 -886.159
-884.097 -884.892
-882.337 -883.144
-880.144 -880.948
-877.549 -878.34
-874.584 -875.353
-871.277 -872.013
-867.656 -868.35
-863.745 -864.393
-850.199 -848.188
-857.701 -856.133
-864.209 -863.053
-869.773 -868.992
-874.439 -873.985
-878.27 -878.085
-881.309 -881.359
-883.601 -883.849
-885.19 -885.602
-886.125 -886.666
-886.442 -887.084
-886.186 -886.9
-885.393 -886.159
-884.098 -884.892
-882.338 -883.144
-880.144 -880.948
-877.548 -878.34
-874.585 -875.353
-871.278 -872.013
-867.659 -868.35
-863.746 -864.393
-846.734 -845.38
-855.259 -854.196
-862.55 -861.756
-868.691 -868.148
-873.78 -873.463
-877.894 -877.792
-881.121 -881.212
-883.522 -883.786
-885.167 -885.581
-886.125 -886.662
-886.442 -887.084
-886.184 -886.91
-885.391 -886.179
-884.113 -884.95
-882.396 -883.265
-880.275 -881.169
-877.787 -878.692
-874.969 -875.872
-871.851 -872.741
-868.462 -869.329
-864.829 -865.661
-802.04 -800.364
-820.078 -818.425
-835.528 -833.984
-848.572 -847.23
-859.402 -858.332
-868.177 -867.418
-875.057 -874.63
-880.19 -880.072
-883.713 -883.888
-885.759 -886.191
-886.442 -887.084
-885.886 -886.677
-884.189 -885.077
-881.45 -882.383
-877.768 -878.693
-873.224 -874.086
-867.901 -868.649
-861.871 -862.453
-855.206 -855.573
-847.97 -848.077
-840.224 -840.029
-802.034 -800.364
-820.072 -818.425
-835.526 -833.984
-848.575 -847.23
-859.399 -858.332
-868.174 -867.418
-875.057 -874.63
-880.19 -880.072
-883.712 -883.888
-885.759 -886.191
-886.442 -887.084
-885.886 -886.677
-884.189 -885.077
-881.451 -882.383
-877.769 -878.693
-873.226 -874.086
-867.9 -868.649
-861.872 -862.453
-855.208 -855.573
-847.973 -848.077
-840.224 -840.029
-802.359 -800.271
-820.277 -818.491
-835.645 -834.186
-848.63 -847.508
-859.421 -858.621
-868.175 -867.678
-875.049 -874.824
-880.18 -880.207
-883.706 -883.958
-885.752 -886.21
-886.442 -887.084
-885.888 -886.688
-884.188 -885.126
-881.443 -882.49
-877.746 -878.874
-873.184 -874.354
-867.831 -869.014
-861.768 -862.936
-855.062 -856.201
-847.78 -848.874
-839.978 -841.012
-744.276 -740.491
-775.21 -771.771
-801.522 -798.543
-823.583 -821.133
-841.768 -839.85
-856.407 -855.021
-867.809 -866.928
-876.257 -875.839
-882.019 -882.01
-885.339 -885.681
-886.442 -887.084
-885.546 -886.422
-882.835 -883.884
-878.496 -879.659
-872.691 -873.909
-865.576 -866.782
-857.286 -858.427
-847.957 -848.974
-837.707 -838.553
-826.646 -827.28
-814.872 -815.268
-785.231 -782.081
-806.937 -804.147
-825.502 -823.124
-841.156 -839.225
-854.127 -852.65
-864.628 -863.586
-872.852 -872.218
-878.982 -878.729
-883.184 -883.278
-885.623 -886.016
-886.442 -887.084
-885.784 -886.619
-883.77 -884.754
-880.525 -881.608
-876.159 -877.294
-870.776 -871.917
-864.469 -865.571
-857.333 -858.351
-849.446 -850.342
-840.89 -841.623
-831.731 -832.274
-785.234 -782.081
-806.939 -804.147
-825.504 -823.124
-841.152 -839.225
-854.127 -852.65
-864.628 -863.586
-872.851 -872.218
-878.981 -878.729
-883.185 -883.278
-885.622 -886.016
-886.442 -887.084
-885.785 -886.619
-883.77 -884.754
-880.524 -881.608
-876.158 -877.294
-870.776 -871.917
-864.471 -865.571
-857.333 -858.351
-849.447 -850.342
-840.889 -841.623
-831.732 -832.274
-784.755 -782.006
-806.587 -804.154
-825.264 -823.183
-840.999 -839.319
-854.028 -852.757
-864.571 -863.689
-872.823 -872.314
-878.967 -878.796
-883.181 -883.311
-885.621 -886.022
-886.442 -887.084
-885.785 -886.625
-883.777 -884.777
-880.537 -881.659
-876.185 -877.384
-870.821 -872.042
-864.538 -865.744
-857.433 -858.582
-849.588 -850.642
-841.083 -842.004
-831.982 -832.746
-407.283 -401.923
-411.705 -417.967
-443.256 -444.48
