0.316428 0.0467888 0.229326 0.301075 0.0042474 0.217577
0.146776 0.00389135 -0.33444 0.103447 -0.0068502 -0.313207
0.131252 -0.0104986 -0.515906 0.129359 -0.0052556 -0.456434
-0.0280342 -0.354009 -0.23495 -0.0214187 -0.323308 -0.215773
0.0281606 -0.242209 0.242385 0.0400817 -0.22125 0.209615
0.236803 0.0752988 0.138552 0.210505 0.0710575 0.134446
0.0846157 -0.0591154 -0.12039 0.0503193 -0.0310068 -0.0865678
-0.304858 0.209863 0.223573 -0.281425 0.19937 0.222208
-0.196897 -0.703916 0.227334 -0.18574 -0.614322 0.245721
-0.418145 0.104718 -0.128016 -0.40988 0.0981838 -0.130553
-0.307504 0.379887 0.249324 -0.296826 0.34958 0.233152
0.197559 -0.0933727 0.125766 0.20005 -0.0881924 0.13177
0.0592802 0.117215 -0.628367 0.0423763 0.15565 -0.616867
0.0568816 0.057794 -0.0440361 0.0288598 0.0544714 -0.0311291
0.110911 -0.0476026 0.363977 0.119085 -0.0471111 0.341658
0.293771 0.215546 0.802028 0.30383 0.213008 0.758017
0.185165 -0.500942 0.0956492 0.171919 -0.471027 0.0655448
0.431397 -0.17003 -0.878005 0.404801 -0.168943 -0.815994
0.111893 0.352476 0.0635529 0.120792 0.362238 0.0282966
-0.420446 -0.0443454 -0.00918232 -0.439835 -0.0381907 -0.0122417
0.253292 0.181551 0.126032 0.225087 0.210184 0.118025
0.208931 -0.0137863 -0.522437 0.219526 -0.0490163 -0.484664
-0.25263 -0.258061 0.653756 -0.247547 -0.242176 0.598885
-0.2308 -0.266527 -0.316988 -0.188093 -0.259929 -0.287902
0.378338 0.22595 0.414169 0.36474 0.218463 0.380641
0.20602 0.324339 0.0805363 0.201564 0.303826 0.0827033
0.0198682 -0.0161338 0.421761 0.0018831 0.0069861 0.402717
0.136777 0.122651 0.0748795 0.120109 0.126553 0.0447959
0.147388 0.127221 -0.311472 0.132842 0.139017 -0.316244
0.226878 0.0796991 -0.0157263 0.209563 0.0319898 -0.0018842
-0.465794 0.237565 0.337843 -0.424932 0.210803 0.3308
-0.0826829 0.168659 -0.120373 -0.0447079 0.145291 -0.124309
0.381662 0.317452 0.635011 0.362344 0.320215 0.580224
0.258174 0.252666 -0.689443 0.264436 0.229547 -0.655156
-0.0723342 -0.245526 -1.02677 -0.0157232 -0.192966 -0.987385
0.338739 0.0981453 0.0317084 0.330803 0.0878117 0.0608609
-0.126153 -0.451979 0.551289 -0.129543 -0.410028 0.535182
0.052555 -0.0847697 0.164115 0.0429501 -0.0946099 0.14448
-0.0313282 0.235844 -0.165916 -0.037457 0.214055 -0.151125
0.0424418 0.00926147 0.296381 0.0466919 0.0048433 0.283938
0.0297377 0.335857 0.507511 0.0428116 0.311196 0.470035
0.0829982 -0.0287296 -0.00382221 0.0822961 -0.046082 0.0094288
0.0429104 0.0588426 -0.0736538 0.0088341 0.0633628 -0.0389982
-0.163392 -0.0248901 -0.913798 -0.182351 -0.0176886 -0.869959
-0.0885903 0.156385 0.0670805 -0.0622367 0.144462 0.0619407
-0.137514 -0.124971 0.527044 -0.102234 -0.148007 0.4961
-0.0420575 0.115131 -0.622849 -0.0115081 0.101601 -0.589143
0.177435 -0.0700937 0.320394 0.161453 -0.0855534 0.317778
0.0757039 0.11936 -0.403626 0.048993 0.104205 -0.378573
-0.152991 0.0436637 0.468922 -0.130397 0.0427813 0.429222
0.0625327 0.125363 -0.191489 0.110605 0.124664 -0.176056
-0.0698566 -0.213073 -0.0484963 -0.0596416 -0.185124 -0.0381424
-0.27051 0.00739206 0.162867 -0.260659 0.0099897 0.160252
-0.0900046 0.215288 -0.28004 -0.0863612 0.225796 -0.259091
-0.653737 -0.191571 -0.144538 -0.583405 -0.171048 -0.13002
-0.139303 0.0518091 0.0483412 -0.14025 0.0679194 0.059322
-0.0738246 1.05212 -0.0233706 -0.0443829 0.989189 -0.0359898
0.0154295 0.507314 0.540729 -0.0222499 0.466808 0.495609
-0.0634737 -0.128715 -0.14375 -0.0612288 -0.130764 -0.137969
-0.0655531 -0.0451139 0.821892 -0.0570944 -0.0465136 0.77547
-0.187604 -6.58184e-05 0.576208 -0.176439 0.0266817 0.553058
0.193857 0.33663 -0.0627607 0.181939 0.304077 -0.0635437
-0.0890465 -0.599993 -0.77395 -0.100558 -0.558337 -0.718163
0.0132189 -0.0177435 -0.0945426 0.0092738 -0.0091541 -0.103763
-0.0939587 -0.0956303 -0.368308 -0.0841308 -0.105648 -0.349467
0.0641583 0.104396 -0.191329 0.101167 0.052856 -0.195401
-0.0638542 0.172564 -0.472016 -0.0493702 0.14958 -0.438255
-0.575524 0.329241 -0.0850236 -0.545147 0.294752 -0.0822637
-0.292995 -0.194116 -0.0103219 -0.284675 -0.149706 -0.0144641
0.125067 0.539862 -0.504225 0.112424 0.447787 -0.4751
0.344863 -0.237328 -0.313474 0.277297 -0.250644 -0.265772
0.227017 0.309046 0.0622656 0.180006 0.257981 0.0564185
-0.190956 -0.151069 -0.103398 -0.153632 -0.149061 -0.107735
-0.240914 0.145042 -0.0132098 -0.201057 0.145894 -0.0041948
0.110692 -0.214862 -0.0682181 0.0868582 -0.204395 -0.0584687
-0.0783735 -0.119075 0.103914 -0.108059 -0.0943487 0.140049
0.363211 0.17845 0.651392 0.34589 0.150744 0.608784
0.167091 -0.0344433 -0.00242556 0.149783 -0.0321533 -0.0053213
0.0559474 0.0631465 -0.0346509 0.0531184 0.0789088 -0.068255
-0.128076 0.135622 0.0887737 -0.11893 0.140429 0.110045
0.112711 -0.182666 -0.224311 0.127415 -0.166167 -0.215498
0.322902 -0.307358 0.446928 0.319273 -0.298649 0.412278
0.446804 -0.306189 0.745466 0.420201 -0.28181 0.720046
-0.0349679 0.0556504 0.0684217 -0.0520134 0.0583328 0.0669332
-0.168081 0.213671 -0.484801 -0.138579 0.228762 -0.458392
0.226503 -0.0897713 0.25186 0.214415 -0.0512219 0.247842
-0.0615156 0.141531 0.115549 -0.0611811 0.120579 0.108645
0.525626 -0.0695941 -0.267732 0.510302 -0.072049 -0.248973
-0.250838 0.0168469 0.51899 -0.221191 0.0227885 0.495999
0.250123 -0.179209 0.633313 0.228661 -0.14901 0.610123
-0.277423 0.414838 0.0368211 -0.273357 0.41342 0.057639
-0.0826223 0.175576 0.598054 -0.0604738 0.18019 0.583011
-0.0341843 0.175982 -0.145879 -0.0704867 0.192876 -0.166053
0.49308 -0.381336 0.563238 0.450755 -0.364804 0.527877
0.228977 0.216425 0.333241 0.223292 0.20572 0.316975
0.163168 -0.151441 -0.147478 0.193714 -0.16882 -0.14265
0.0383031 0.0694009 0.106612 0.0660373 0.0753932 0.0991196
-0.0455763 -0.0932117 0.347417 -0.0177237 -0.0902649 0.319172
0.102725 -0.140745 0.393485 0.0874739 -0.129376 0.346193
-0.317755 0.189844 0.620303 -0.294373 0.193664 0.5718
0.364157 -0.0835346 -0.17312 0.331738 -0.0637776 -0.167988
0.111943 -0.95038 -0.429426 0.082942 -0.905625 -0.412195
0.540811 -0.765447 -0.0245297 0.525 -0.738295 -0.0165277
0.111447 0.0965126 -0.220309 0.10817 0.0536499 -0.232982
0.15943 -0.149494 0.0247002 0.131336 -0.163013 0.0441698
-0.131093 0.0361348 0.025294 -0.11324 0.0491887 0.0314559
-0.12496 -0.130888 -0.158203 -0.133338 -0.115294 -0.133839
-0.375474 -0.234114 -0.145298 -0.377586 -0.20634 -0.117965
-0.125377 -0.0160121 0.383567 -0.112394 -0.0378808 0.356489
0.111608 0.0827962 -0.0855836 0.104098 0.0659307 -0.0669581
-0.267542 0.261447 -0.183648 -0.247964 0.282664 -0.165878
0.0908963 -0.00229254 -0.641475 0.0772213 0.0047358 -0.607895
0.235898 -0.289462 -0.330768 0.231922 -0.269139 -0.317045
0.0456676 0.202465 0.865291 0.0871448 0.169597 0.82638
0.333685 -0.156142 0.156048 0.306095 -0.173725 0.16588
0.277774 0.380034 0.319384 0.257366 0.346928 0.282635
0.000757736 -0.34677 -0.0514293 0.0600655 -0.340344 -0.0467369
0.18764 -0.257361 0.210819 0.196091 -0.215073 0.178466
-0.00494911 -0.0940655 -0.532289 0.0213147 -0.0753112 -0.496288
0.249995 0.377277 0.41958 0.238851 0.356948 0.408934
0.168843 0.234695 -0.457468 0.171159 0.207206 -0.449923
-0.302948 -0.37195 -0.203613 -0.264987 -0.355328 -0.191693
0.100709 0.313965 -0.444346 0.099187 0.295819 -0.415138
0.0611488 -0.0752251 -0.0730369 0.05056 -0.0731405 -0.07712
-0.241656 0.109812 -0.0398294 -0.227757 0.124885 -0.0447182
-0.322857 0.173472 0.339065 -0.324492 0.183404 0.336907
-0.199044 0.0602764 -0.0669298 -0.178403 0.0591768 -0.0454288
0.630903 0.0126665 0.103167 0.590859 0.004651 0.0620188
0.0780564 -0.155044 -0.191647 0.0880286 -0.16632 -0.169139
-0.435013 0.0320797 0.528852 -0.438666 0.0355114 0.515119
-0.649538 0.0907101 0.628691 -0.632608 0.061628 0.570464
-0.201484 0.0266127 -0.0719101 -0.207888 0.0152343 -0.0731864
0.447271 0.0321151 -0.317471 0.371677 0.0367702 -0.298693
0.0829084 -0.0793134 -0.646186 0.0683886 -0.0696747 -0.596369
0.0150053 0.0874135 0.164768 0.0242981 0.0976852 0.136274
-0.178699 -0.0458478 -0.462855 -0.176844 -0.0729017 -0.444523
-0.121151 -0.282565 -0.395791 -0.125471 -0.255554 -0.38537
-0.319936 -0.0569825 -0.0373662 -0.270897 -0.0684158 -0.0254605
0.0838525 -0.067442 -0.122581 0.0867995 -0.0663898 -0.113249
-0.0655543 -0.125327 0.697702 -0.0612279 -0.130543 0.644856
0.0292008 0.0777466 0.516937 -0.0230262 0.0770893 0.499339
-0.46126 0.128059 -0.711094 -0.454585 0.118124 -0.656549
-0.0413775 0.043679 0.616967 -0.0582497 0.0448551 0.544681
0.0190268 -0.0452675 -0.393144 0.0362676 -0.0442918 -0.346847
-0.149753 -0.0777438 0.320503 -0.12014 -0.0592176 0.312912
-0.138852 0.175361 -0.470561 -0.142564 0.154015 -0.461742
-0.0254843 0.028597 0.18595 0.0085681 0.0163912 0.180185
-0.0803736 0.191139 0.0952206 -0.0675457 0.178119 0.0940468
-0.235466 -0.00545385 -0.0467312 -0.233872 0.0281392 -0.064552
-0.389834 -0.0854919 0.0455504 -0.34543 -0.085827 0.0453785
0.68621 0.285027 -0.194941 0.634757 0.24621 -0.185183
0.1518 -0.316906 -0.159579 0.147703 -0.324664 -0.175952
-0.225541 0.0439806 -0.00416157 -0.223313 0.0567723 0.0064859
0.464383 -0.468964 -0.26646 0.433018 -0.429805 -0.272613
0.203811 0.918206 0.208884 0.185153 0.865526 0.17331
0.351314 0.0524023 -0.665695 0.342212 0.0706958 -0.632682
-0.192554 0.238571 -0.546323 -0.181113 0.231374 -0.505726
-0.0462626 0.0723629 0.00813809 -0.0649163 0.0562001 -0.0027762
-0.3312 -0.191815 0.816821 -0.334911 -0.191886 0.80031
-0.243003 0.104575 0.318179 -0.191074 0.0976255 0.29452
-0.404295 0.222175 0.419536 -0.415975 0.201896 0.3963
0.0698575 -0.432121 -0.132443 0.0421806 -0.390523 -0.105193
0.100668 0.133555 -0.0506675 0.0732856 0.147055 -0.0425209
-0.759942 -0.246094 -0.0189762 -0.741324 -0.241974 -0.0011157
0.227223 -0.0477299 -0.185083 0.180708 -0.0776348 -0.1912
0.396827 -0.113507 0.378838 0.401684 -0.0975838 0.386226
-0.33325 -0.362997 0.179234 -0.290422 -0.329473 0.176795
-0.629469 -0.149172 0.107342 -0.588127 -0.120556 0.102384
0.158049 -0.0133838 0.214581 0.142817 0.0030365 0.224759
0.0194693 -0.135145 0.144999 0.0176207 -0.132743 0.132469
-0.0377926 -0.114475 0.387109 -0.0616471 -0.0878608 0.348433
-0.389483 -0.227344 -0.116079 -0.377692 -0.218343 -0.0966078
-0.0909041 -0.0484155 -0.372474 -0.0993828 -0.0090404 -0.36188
-0.317166 -0.151493 0.113001 -0.299579 -0.164481 0.0895514
0.210898 -0.222006 0.502144 0.186321 -0.224735 0.473621
0.0429317 -0.143979 -0.561489 0.041776 -0.164876 -0.529232
0.50173 -0.38168 -0.298203 0.468663 -0.36736 -0.256615
-0.28769 0.0719654 -0.190342 -0.288377 0.0424778 -0.167994
-0.352759 0.152344 -0.700744 -0.348958 0.1677 -0.691599
-0.0172383 0.0868869 0.100372 -0.0222187 0.0743982 0.10441
-0.114961 0.0372011 0.703654 -0.130813 0.042203 0.641838
0.0803231 0.133184 -0.39215 0.0581759 0.116033 -0.389145
-0.164324 0.043441 -0.224177 -0.158544 0.0407165 -0.212886
0.178421 -0.177433 0.0526317 0.170498 -0.171211 0.0786153
-0.0715721 -0.109432 -0.171868 -0.0442872 -0.0881406 -0.164958
0.188935 0.498325 -0.763119 0.162341 0.455769 -0.723553
0.0596082 -0.0350411 0.0915962 0.0632442 -0.028928 0.0854858
0.187522 0.0194482 -0.721821 0.193803 -0.0204695 -0.702713
-0.18427 0.0834559 0.145633 -0.16108 0.0779369 0.100572
-0.0846685 -0.0540956 -0.309573 -0.0451001 -0.0694419 -0.294001
-0.157232 -0.107349 -0.476496 -0.151951 -0.0667243 -0.451026
0.264569 -0.0129232 0.114675 0.254052 -0.0222986 0.0911858
-0.454592 -0.0955664 0.373068 -0.40089 -0.0876161 0.378221
0.143618 0.0209373 -0.574982 0.124807 0.0218326 -0.542938
-0.343804 0.071311 0.580782 -0.327585 0.0670375 0.552939
-0.000651374 0.0291863 0.0509395 0.0066445 0.0095641 0.0427316
0.226901 0.034472 0.252038 0.234858 -0.0069358 0.241225
-0.10628 -0.224549 0.128226 -0.119803 -0.219174 0.12977
0.261605 -0.222282 -0.0246707 0.204755 -0.191478 0.0121224
-0.304027 -0.246287 -0.0294835 -0.304258 -0.214517 -0.0283237
-0.0299468 0.15039 -0.697831 -0.0595496 0.170549 -0.615297
0.101039 -0.310355 0.0276287 0.0841905 -0.29886 0.017794
-0.260213 -0.151816 -0.0741613 -0.216741 -0.143713 -0.0696995
-0.326011 -0.352271 0.264013 -0.276834 -0.375405 0.242602
-0.241549 -0.517094 -0.312513 -0.212838 -0.481191 -0.294892
0.114482 -0.314197 -0.138309 0.0981013 -0.317173 -0.143623
-0.00807147 0.157907 -0.323271 -0.0015365 0.125149 -0.282458
0.621368 -0.348563 0.162565 0.567337 -0.343071 0.173342
-0.507553 0.225027 0.092972 -0.451194 0.238639 0.038753
0.0994457 0.0291983 0.0442296 0.145693 0.0096663 0.0368792
-0.670013 0.145675 -0.312744 -0.630028 0.183427 -0.29967
0.446356 0.184822 -0.112907 0.370576 0.213521 -0.111306
0.100333 0.133346 0.17964 0.0870172 0.116213 0.162366
-0.0606687 -0.0973846 -0.323135 -0.0490422 -0.128106 -0.26741
0.166817 -0.0628381 -0.570369 0.167401 -0.0552899 -0.569358
0.336517 -0.694697 -0.405495 0.310593 -0.639357 -0.403264
-0.112251 -0.054048 -0.367953 -0.105603 -0.0418161 -0.348157
0.155621 -0.0399629 0.100291 0.139589 -0.0503145 0.0749471
0.200272 -0.0419946 0.27307 0.181182 -0.0263006 0.266014
0.0337666 0.188264 -0.411257 0.0192436 0.142762 -0.408254
-0.308945 0.0692795 0.300136 -0.271946 0.0574825 0.261805
0.0671912 -0.0853429 -0.17601 0.0721112 -0.101322 -0.169728
-0.357176 0.153292 0.423136 -0.312698 0.138867 0.388484
0.482628 0.300336 0.243624 0.462265 0.270588 0.214405
0.215128 0.029022 0.410304 0.207504 0.0476725 0.347095
0.0240464 0.00138124 -0.159645 0.0134799 -0.0005775 -0.139425
0.250894 -0.165124 -0.599282 0.2512 -0.167346 -0.588236
0.479806 -0.112757 -0.0833939 0.427961 -0.106134 -0.0855053
-0.387825 0.179208 0.473278 -0.367334 0.154448 0.432593
-0.124289 -0.0276438 0.254763 -0.111509 -0.0124683 0.232144
0.503098 0.166847 -0.0557621 0.472584 0.169533 -0.0506189
0.0483232 -0.62232 0.194132 0.0330299 -0.587939 0.22207
0.0210649 0.167084 -0.327931 0.0281856 0.19412 -0.294729
0.135098 -0.0269755 0.0540893 0.133413 -0.017442 0.0426342
0.189355 0.341687 0.241395 0.18652 0.338706 0.248467
0.196378 0.148931 -0.852902 0.187559 0.135657 -0.79922
0.697577 0.126397 0.234966 0.652729 0.113077 0.225096
0.105778 -0.307025 -0.0971901 0.103014 -0.32006 -0.097854
-0.250707 -0.0569399 0.443982 -0.23457 -0.0626555 0.392885
-0.0786648 0.00467483 -0.00568032 -0.0301155 -0.029154 -0.0358021
-0.354683 0.566549 -0.213698 -0.33131 0.525271 -0.226649
-0.461207 -0.235739 -0.00199004 -0.393688 -0.229639 -0.0099783
0.197367 0.226077 -0.341124 0.214743 0.220232 -0.326004
-0.0169306 -0.0153291 -0.099193 -0.017928 -0.008455 -0.120159
-0.188572 0.0799555 -0.944134 -0.191278 0.0844661 -0.917616
0.151585 -0.0509793 0.843961 0.158683 -0.0536089 0.788027
-0.298256 -0.301371 -0.158296 -0.247815 -0.277216 -0.175142
-0.136305 -0.211728 0.157021 -0.111751 -0.207673 0.150561
-0.529155 0.0417979 0.175793 -0.46805 0.0418345 0.173723
0.100608 -0.0604046 0.243145 0.0961097 -0.0426833 0.198638
0.0351882 -0.0495408 0.234776 -0.0041582 -0.0265495 0.188013
0.0974811 -0.0432729 -0.224184 0.0734146 -0.0259553 -0.237084
0.123842 -0.153277 0.457635 0.134823 -0.14173 0.394162
0.0920772 0.117514 0.517967 0.0750264 0.0744138 0.484377
0.269233 -0.442584 -0.236999 0.257275 -0.386287 -0.211814
0.201875 -0.110015 -0.45522 0.191668 -0.107056 -0.449638
0.202165 -0.00567031 0.0860668 0.187853 0.0080293 0.0883733
0.361458 -0.00438874 -0.0140982 0.353769 -0.028362 -0.0320232
-0.41246 -0.129679 -0.584105 -0.335247 -0.15283 -0.533953
-0.201027 -0.0964856 0.116854 -0.179733 -0.0992378 0.136291
-0.118488 -0.0666042 0.0962761 -0.121067 -0.0713938 0.0868626
0.211861 0.425272 -0.214599 0.197931 0.377005 -0.237987
-0.00809451 -0.18926 -0.935982 -0.0257194 -0.167406 -0.898298
-0.116275 -0.275236 0.289501 -0.126907 -0.251555 0.286854
0.243512 -0.466541 -0.166813 0.208532 -0.457429 -0.169728
0.349236 -0.248089 0.709452 0.354961 -0.23167 0.670621
0.0420349 -0.144178 0.00646192 0.032118 -0.118103 0.0169428
0.618554 -0.264883 -0.329839 0.553308 -0.240756 -0.33068
0.510111 -0.0112777 -0.0124813 0.441316 0.0094217 0.0001899
0.0720289 0.574078 0.141756 0.048494 0.510731 0.123604
-0.220846 -0.194408 -0.263864 -0.241427 -0.192846 -0.273763
0.184405 0.140845 -0.0932512 0.182432 0.116821 -0.0727229
0.00679533 -0.474347 -0.0174042 0.0395518 -0.442219 0.0121607
-0.00342051 -0.202476 -0.439775 -0.0296204 -0.183133 -0.406056
-0.054976 0.0884994 -0.46138 -0.0203285 0.0965449 -0.423561
0.20277 0.348457 0.113988 0.212075 0.306731 0.110621
0.43917 -0.00771458 -0.215262 0.404614 0.0094466 -0.216644
0.092935 0.272556 -0.281829 0.0666888 0.227509 -0.255302
0.268832 -0.165539 -0.272099 0.246281 -0.150063 -0.252424
-0.0722171 -0.101583 0.168605 -0.0504963 -0.108399 0.133041
-0.0203405 -0.130971 -0.458528 0.0028418 -0.13424 -0.452197
0.211881 0.0286697 0.013996 0.196531 0.0159252 0.0237149
-0.00388426 -0.0754104 -0.371373 0.0033981 -0.0964756 -0.381765
-0.273921 -0.157715 -0.00728856 -0.245027 -0.152074 -0.0335563
-0.0118609 -0.214611 0.436999 -0.0273375 -0.212085 0.384575
-0.163901 -0.187467 -0.231496 -0.165681 -0.167431 -0.230516
-0.280696 0.137307 -0.167495 -0.283061 0.159075 -0.153315
0.144177 -0.403507 -0.177466 0.138125 -0.371651 -0.182552
0.157726 -0.292794 0.0628207 0.142298 -0.276191 0.0482417
0.148885 -0.136548 0.520607 0.166393 -0.133319 0.521006
-0.177712 -0.242649 -0.237801 -0.184302 -0.251523 -0.21315
0.135418 0.148248 0.140815 0.0649554 0.149469 0.184407
0.201245 0.0108972 -0.116813 0.172075 0.0631085 -0.107964
-0.31049 -0.0695232 -0.374849 -0.271827 -0.0629008 -0.353541
-0.0343655 -0.0157107 0.0583438 -0.0150613 0.0119476 0.0899198
0.212424 0.119623 -0.0949318 0.233464 0.0958283 -0.0821617
0.373883 0.0539727 0.394586 0.339843 0.0407492 0.376569
-0.0153279 -0.236559 -0.213478 -0.0346036 -0.246836 -0.160147
-0.0302012 0.242644 0.144356 -0.0429049 0.220727 0.158567
-0.0176042 -0.059437 -0.168668 -0.0497475 -0.0333279 -0.143189
-0.163489 0.434645 0.240272 -0.144987 0.410936 0.248783
0.122351 0.0311313 0.120422 0.131909 0.0528181 0.111491
-0.438233 -0.287433 0.383077 -0.391342 -0.250548 0.375091
0.130053 0.00574829 -0.0648028 0.137819 -0.0293559 -0.0324906
-0.115093 0.167328 0.16361 -0.0953299 0.154752 0.149767
-0.186429 0.160584 -0.254773 -0.20138 0.16061 -0.239954
0.0866811 0.063106 0.421701 0.0986042 0.0678572 0.430084
0.162969 0.297824 0.285017 0.189068 0.268773 0.267628
0.264632 0.406414 -0.0579579 0.266457 0.395303 -0.0843932
0.283022 -0.039949 0.412269 0.247242 -0.0272077 0.432674
0.101562 -0.0722327 0.220115 0.0932604 -0.074195 0.210238
-0.0713516 0.33493 0.448425 -0.0642016 0.31929 0.424827
-0.102361 0.335234 0.512681 -0.0778591 0.33404 0.49786
-0.481787 0.14002 -0.169015 -0.450758 0.122782 -0.159194
-0.455643 -0.416825 -0.433948 -0.41965 -0.400569 -0.407808
-0.662871 0.146025 0.659165 -0.569465 0.133945 0.660588
-0.355615 -0.0279193 -0.401761 -0.349167 -0.0133632 -0.409912
0.041666 0.124837 0.410332 0.0118399 0.150243 0.359298
0.482323 0.188036 0.0547497 0.449376 0.23189 0.0396265
0.000999639 0.093758 -0.35755 -0.0180526 0.0755272 -0.367115
-0.0507583 -0.0813902 -0.278033 -0.0439603 -0.0649502 -0.274973
-0.299354 0.242036 0.360883 -0.282812 0.237168 0.359256
0.00564839 -0.0654872 0.46963 -0.0191091 -0.0748242 0.45528
0.0503049 0.0836402 -0.22197 0.0448727 0.0479244 -0.215265
-0.264368 0.255854 -0.274004 -0.270234 0.236214 -0.246551
0.031494 0.204068 -0.141904 0.0074226 0.180517 -0.150473
0.126732 0.0221542 -0.0403494 0.135168 0.0092235 -0.0246355
-0.346941 -0.083061 -0.0289553 -0.337086 -0.0988064 0.0092502
-0.125563 -0.0139024 -0.0196154 -0.1202 -0.0141702 0.0118798
-0.272802 0.132828 -0.254313 -0.245397 0.139413 -0.215699
0.36666 0.290135 -0.169395 0.318479 0.28089 -0.138
-0.0771346 -0.0358778 0.899979 -0.0761513 -0.0097449 0.862042
-0.000664157 0.508871 -0.0220802 -0.0123586 0.488292 -0.0254077
0.0142126 -0.0411265 0.280686 0.0077645 -0.0434182 0.292531
0.356274 -0.521567 -0.257062 0.340736 -0.495699 -0.263299
-0.261119 0.196227 0.281435 -0.246259 0.209846 0.259638
-0.0659134 0.0606063 0.348356 -0.0613378 0.0537987 0.305054
0.5559 0.10629 -0.45878 0.456164 0.0950462 -0.432604
0.687155 0.326843 0.11901 0.634104 0.309891 0.105108
-0.282256 0.158801 0.293255 -0.239098 0.122095 0.26914
0.0451761 0.100258 0.8026 0.0511573 0.125211 0.740817
-0.112639 0.00297603 -0.828197 -0.110128 0.0080483 -0.806939
0.0355341 -0.0930254 0.0437861 0.0108505 -0.0972748 0.0334299
-0.0761328 0.210125 -0.313746 -0.0714556 0.165322 -0.314325
0.225976 0.272524 -0.0739468 0.221814 0.23533 -0.0690702
0.405409 0.316639 -0.323734 0.38712 0.293033 -0.27328
0.0555284 -0.263607 0.0258455 0.0874436 -0.209492 0.0127146
-0.152702 0.363488 0.312954 -0.11829 0.353038 0.263876
-0.154325 -0.320699 -0.285838 -0.141697 -0.290773 -0.261006
0.0764132 0.28142 -0.542781 0.0717296 0.249646 -0.523251
-0.019083 0.469097 0.113889 -0.0196999 0.434833 0.0950931
0.628458 0.277507 -0.277233 0.566212 0.253585 -0.241369
-0.154579 0.109887 -0.18909 -0.150998 0.111925 -0.168228
-0.287105 0.291088 0.15123 -0.278034 0.269511 0.141021
-0.272296 -0.264962 0.600055 -0.275613 -0.199133 0.591908
-0.150063 -0.234626 -0.450553 -0.156723 -0.237202 -0.406734
0.520857 0.118741 -0.357151 0.468806 0.0872993 -0.354712
-0.491362 -0.0728049 0.177455 -0.448596 -0.0505751 0.166328
-0.498103 0.232461 0.967292 -0.445127 0.230586 0.902407
0.125815 -0.0940308 -0.314149 0.136526 -0.0475648 -0.288493
-0.0497877 0.0919586 -0.00899207 -0.0535975 0.079246 -0.0102074
-0.657935 -0.20137 -0.501372 -0.613897 -0.199494 -0.480753
0.137284 -0.0988755 0.187588 0.152217 -0.0860839 0.193084
0.0952316 0.00538238 -0.148196 0.107157 -0.0081513 -0.106464
-0.144668 0.0528505 0.181416 -0.107398 0.0428176 0.195591
0.086888 -0.0607717 0.130576 0.0894831 -0.0435531 0.105923
-0.474985 -0.0824482 0.230447 -0.446491 -0.0914865 0.21221
-0.432079 -0.193792 -0.179796 -0.424738 -0.182142 -0.169526
-0.155367 -0.438291 -0.446574 -0.116444 -0.408175 -0.368199
-0.136014 0.033744 0.364035 -0.114777 0.0218894 0.368688
-0.23558 0.178616 0.403559 -0.251631 0.209756 0.410259
0.0187924 0.0694589 -0.110991 -0.0196447 0.0865405 -0.0998468
0.0202563 -0.0662161 0.111542 0.005121 -0.0646512 0.10311
-0.242913 0.199165 0.403494 -0.234125 0.156408 0.383729
0.263906 0.131524 -0.327632 0.238543 0.144645 -0.289985
-0.04989 -0.0703938 -0.210927 -0.0582799 -0.0551272 -0.207233
0.062556 -0.0151384 0.7318 0.0195721 0.001774 0.672958
-0.287924 -0.0523437 0.0241163 -0.271024 -0.0509379 0.0338654
0.129501 -0.121935 0.641239 0.124121 -0.12929 0.600449
-0.179846 0.108675 0.442473 -0.170346 0.087469 0.413707
-0.0692918 0.380314 -0.357805 -0.0615851 0.305301 -0.371939
0.142534 0.0102584 0.185993 0.131267 0.0343541 0.194714
0.174864 0.0650421 -0.0351955 0.151146 0.0495291 -0.0147912
-0.176018 -0.0171812 0.271347 -0.159024 0.0037038 0.250711
-0.127453 0.0713395 -0.188445 -0.136452 0.0543671 -0.170735
-0.0804384 -0.137609 0.203113 -0.091251 -0.133415 0.166662
-0.235961 -0.409212 -0.0637165 -0.234819 -0.403491 -0.041555
-0.114289 0.291362 0.768646 -0.0940551 0.276629 0.730826
0.367152 0.0533925 -0.358769 0.340928 0.0116484 -0.312105
-0.527076 -0.147749 0.0596392 -0.48476 -0.148297 0.0404847
-0.155167 -0.185823 -0.309475 -0.151713 -0.191382 -0.263972
-0.590177 0.148185 -0.248979 -0.550047 0.152796 -0.249997
-0.0191426 -0.0843181 -0.725929 0.0045363 -0.083367 -0.66104
-0.102089 0.828158 -0.0266805 -0.0848693 0.783785 -0.0348626
0.262791 -0.0599952 -0.0422582 0.275598 -0.0656851 -0.0293711
-0.192452 -0.150636 0.251424 -0.192168 -0.143082 0.232198
0.248311 0.104302 0.0296498 0.214239 0.092182 0.0242708
-0.0686671 -0.199178 0.459429 -0.0465601 -0.203376 0.418136
-0.0268376 -0.061083 -0.622546 -0.0232185 -0.0530309 -0.602263
-0.177039 -0.00755686 -0.0921644 -0.178321 0.0128526 -0.0896455
0.155703 0.224462 0.0727952 0.134624 0.222127 0.0835118
-0.0918948 0.18657 -0.586903 -0.0696786 0.214354 -0.557497
-0.341927 0.050201 -0.239293 -0.344921 0.0426147 -0.233303
0.0909409 -0.175181 0.14843 0.0801383 -0.146113 0.166596
0.107797 0.391035 0.61906 0.0900519 0.363575 0.56872
0.261276 -0.104747 0.222683 0.247863 -0.07757 0.205809
-0.0363202 -0.00500634 -0.0245635 -0.0849307 0.023996 -0.0335075
0.192994 0.200934 0.168159 0.195763 0.182426 0.130437
-0.388685 -0.27812 -0.0469848 -0.344011 -0.262453 -0.0338098
-0.13997 0.198944 -0.342423 -0.154378 0.202097 -0.327108
0.0736078 -0.027447 -0.0209166 0.0815438 -0.0705802 -0.0304589
-0.163303 -0.0979835 0.112389 -0.158029 -0.0891304 0.129332
0.203214 0.188225 0.181849 0.246186 0.173476 0.175053
0.219221 0.298698 0.291652 0.173617 0.270676 0.260737
-0.148334 -0.0590726 0.119849 -0.150659 -0.0618278 0.123699
0.167255 -0.00529348 -0.468241 0.16733 -0.0018228 -0.44306
0.0255385 -0.182822 0.678105 0.0084712 -0.156926 0.646518
-0.0430711 0.0444323 -0.262042 -0.0545103 0.0578412 -0.222478
0.419055 -0.0558055 -0.0404517 0.41489 -0.05713 -0.0320484
0.0264832 -0.599671 -0.0863431 0.0026688 -0.54938 -0.0758881
-0.0845617 0.0406781 -0.167988 -0.0685036 0.0293419 -0.156542
0.488772 -0.108405 -0.00358901 0.457606 -0.0865822 -0.0012114
-0.687752 -0.444187 0.0432171 -0.653208 -0.453026 0.0664425
0.0235021 0.195231 -0.117156 0.0219473 0.210499 -0.119736
0.00455412 0.143119 -0.0650314 -0.0364173 0.161985 -0.0594619
0.079849 -0.417966 0.781692 0.0716756 -0.385019 0.732987
-0.400065 0.0519464 0.516044 -0.388655 0.0504418 0.500057
0.392224 0.21993 0.259607 0.379214 0.207474 0.235792
0.0154508 0.132137 0.0503196 -0.0114719 0.144664 0.0538067
0.0267809 -0.0394387 0.108357 -0.0018795 0.0013496 0.110181
-0.397306 0.182349 0.596879 -0.371867 0.164794 0.574275
-0.147917 -0.312331 0.116724 -0.160744 -0.286476 0.103628
-0.806159 0.428382 0.0683165 -0.765371 0.384968 0.0401048
0.0619355 -0.094973 -0.0148933 0.0847016 -0.0855042 0.002419
0.0179169 -0.0738677 0.238023 0.0017364 -0.0590289 0.227225
-0.189777 -0.24396 -0.215016 -0.212207 -0.245143 -0.206485
-0.0664143 0.358036 0.295145 -0.0790133 0.350015 0.2558
0.2092 -0.0246416 0.0542874 0.173797 -0.0171474 0.061229
0.404685 -0.521518 -0.0504689 0.346098 -0.495762 -0.0913964
-0.0489902 -0.109591 0.365937 -0.063991 -0.0572239 0.336445
-0.108476 0.184204 -0.0991881 -0.076164 0.188589 -0.0810875
-0.356311 -0.523716 -0.172416 -0.349752 -0.495071 -0.174563
0.0266811 -0.220741 0.00216432 0.0401215 -0.202169 -0.0067124
-0.0905624 -0.101795 -0.114982 -0.115421 -0.10733 -0.088212
-0.064811 0.144147 0.132142 -0.0510389 0.161027 0.111216
0.349983 -0.420147 -0.730781 0.336625 -0.422148 -0.679021
-0.2213 0.501597 -0.207556 -0.218388 0.452178 -0.194358
0.775906 -0.0868694 0.123661 0.728932 -0.0853386 0.125054
0.0997492 0.0196463 0.171406 0.111675 -0.0003517 0.154817
-0.097705 0.061973 -0.391861 -0.0789643 0.0494657 -0.370263
-0.0463414 -0.0738269 0.000286783 -0.0061238 -0.0789386 -0.0098021
0.21151 -0.0940213 0.0356755 0.197026 -0.120928 0.0637755
-0.34482 -0.00396986 -0.372363 -0.327276 -0.0144641 -0.355758
0.185379 0.000482317 0.246826 0.189374 -0.017556 0.231805
0.0385324 -0.014138 -0.116881 0.0343767 0.0084931 -0.0932243
0.443245 0.195314 -0.192327 0.405379 0.166187 -0.189011
-0.103003 -0.0856361 -0.539572 -0.119203 -0.0529856 -0.537564
-0.206325 -0.329958 0.175626 -0.204763 -0.302289 0.181781
0.112687 0.0665158 0.03635 0.115932 0.0699857 -0.0093141
0.281732 -0.417792 0.361485 0.254889 -0.3951 0.325974
-0.0478387 0.197259 -0.590453 -0.0422714 0.193617 -0.573414
0.0200806 -0.39586 -0.165922 0.029415 -0.354856 -0.137607
-0.0305752 0.000142824 0.137247 -0.0296611 -0.0038187 0.104132
-0.0433224 -0.0773682 -0.446347 -0.0250392 -0.0705539 -0.431765
0.0258393 0.0604552 -0.0660762 0.0276178 0.0841137 -0.0545245
-0.224356 -0.107857 0.105597 -0.199806 -0.115053 0.0936565
-0.0208753 -0.045068 0.0464851 -0.0269225 -0.0307798 0.0473487
-0.0768356 -0.266695 0.0173372 -0.0504701 -0.258579 0.0217778
-0.187704 -0.130934 -0.280188 -0.137674 -0.086286 -0.274284
-0.498639 0.165668 0.540092 -0.475908 0.116406 0.473817
-0.0939047 0.32055 0.248122 -0.131017 0.283735 0.217751
-0.112822 0.135084 0.0801953 -0.0758634 0.108796 0.0470261
-0.56065 -0.146081 0.147098 -0.532326 -0.142604 0.149965
-0.383429 -0.044391 -0.462653 -0.349964 -0.0444906 -0.429567
0.00362282 0.340447 -0.0815453 0.0105727 0.296147 -0.0586125
-0.0738019 0.307888 -0.200033 -0.0762076 0.264323 -0.209889
-0.715489 -0.259232 -0.115255 -0.666322 -0.258026 -0.127217
0.293609 0.0688718 0.159942 0.27424 0.0426896 0.172918
-0.0932006 -0.211808 -0.188803 -0.0794631 -0.232387 -0.175173
-0.276639 -0.314706 -0.0681012 -0.224959 -0.306593 -0.0787907
0.532021 0.0995858 0.745778 0.511724 0.102194 0.71528
0.346704 -0.0118269 -0.278567 0.353952 -0.0066241 -0.236027
-0.0270221 -0.134623 -0.13085 -0.0170301 -0.123942 -0.112328
0.174302 0.0895765 -0.299422 0.165444 0.0936834 -0.269813
0.563555 -0.0463741 0.0125189 0.521069 -0.0289589 0.0262498
-0.00388115 0.145829 0.0139959 0.0141814 0.157875 -0.0066084
-0.628594 0.516512 0.175574 -0.557633 0.493408 0.185446
-0.104763 0.117986 0.435406 -0.119944 0.120677 0.409937
0.665508 0.269193 0.53375 0.625052 0.256234 0.491861
0.0628983 -0.379005 0.23979 0.0584197 -0.322621 0.201384
-0.0394819 0.126979 0.318249 -0.0523923 0.153719 0.313929
0.491285 0.277921 -0.22231 0.470816 0.291969 -0.2246
0.459849 0.153725 0.0826002 0.400093 0.115612 0.0954289
-0.465579 0.0292946 -0.350102 -0.434943 0.0331434 -0.341724
0.191468 -0.165069 0.466263 0.178533 -0.162974 0.431927
-0.334916 0.412256 -0.22244 -0.304101 0.367175 -0.204656
-0.280155 0.179314 0.119539 -0.264746 0.139491 0.0993038
0.164984 0.151586 0.574496 0.163706 0.105729 0.514479
0.0448387 0.0383166 0.465604 0.0521187 0.0476912 0.460792
-0.0286836 -0.0339337 -0.33879 0.0123405 -0.0634141 -0.310944
0.0639533 -0.379233 -0.370768 0.0761645 -0.358503 -0.348853
0.218947 0.147569 -0.331243 0.211079 0.151357 -0.304648
-0.138188 0.586091 0.0661996 -0.149424 0.514573 0.0577592
-0.158483 -0.201962 -0.435401 -0.155769 -0.180404 -0.406199
0.150105 0.0999927 0.383471 0.141849 0.0681303 0.371168
-0.0707171 -0.139793 0.00192734 -0.0604745 -0.102202 0.0203452
-0.192794 0.266546 0.0195179 -0.201101 0.226955 0.0163314
-0.731542 -0.0664381 -0.0864369 -0.674229 -0.0663509 -0.0707798
0.213908 -0.00589739 0.0787652 0.175465 -0.0025763 0.0959495
-0.341098 0.0222485 -0.242948 -0.327092 0.0343608 -0.25002
-0.000863761 -0.129217 -0.328449 -0.0018919 -0.0830461 -0.30625
-0.10512 -0.0288709 0.546289 -0.0997279 -0.0166177 0.519344
0.166306 0.0725426 -0.559832 0.135341 0.0534984 -0.539379
-0.0420963 0.253347 0.264552 -0.0580957 0.245063 0.263503
0.0447605 0.20855 0.0862084 0.0655579 0.214017 0.0505483
-0.49666 -0.233426 -0.0881779 -0.447565 -0.216375 -0.0894483
0.068716 -0.147904 0.193847 0.0538656 -0.180711 0.217642
0.298515 0.131657 -0.0617353 0.300182 0.125852 -0.0798059
0.320363 -0.0706356 -0.150115 0.322147 -0.0480406 -0.135578
0.134378 -0.162784 -0.0939748 0.110083 -0.1458 -0.0925351
0.0503862 -0.381362 0.128756 0.0730776 -0.354869 0.146986
0.406369 0.22614 -0.345441 0.384062 0.197917 -0.328608
0.151703 -0.113643 -0.54461 0.162483 -0.104975 -0.497517
0.166638 0.305282 0.132051 0.152832 0.264948 0.108363
0.160344 -0.0317804 0.116188 0.158713 -0.0510348 0.125835
-0.121886 0.361547 -0.22907 -0.0992076 0.336888 -0.225939
0.105043 -0.275335 -0.695118 0.126941 -0.260745 -0.635221
0.0217654 0.0470645 -0.282265 0.0515815 0.0476937 -0.253344
0.247604 -0.00927364 -0.364179 0.21317 -0.0004837 -0.324366
0.150358 0.257053 -0.0938018 0.137986 0.259035 -0.070936
-0.202374 -0.779006 -0.356601 -0.165068 -0.71805 -0.350893
-0.550463 0.227414 -0.19629 -0.498488 0.194653 -0.195312
0.339817 0.172208 -0.354002 0.333045 0.13373 -0.338603
0.527613 0.0225335 0.00976906 0.515622 0.0241719 0.0233984
0.290528 -0.180033 0.0761276 0.266397 -0.185574 0.0775654
-0.32951 0.060986 -0.226665 -0.29949 0.0412389 -0.211257
0.114332 -0.0104513 -0.0819638 0.0852563 -0.0315206 -0.113869
-0.0124497 0.0432426 0.395359 0.0148683 0.0250492 0.358299
-0.10286 -0.199459 -0.113666 -0.103572 -0.171995 -0.0947609
0.148396 -0.084766 -0.353449 0.17085 -0.0733477 -0.304708
0.153121 -0.0386584 -0.142886 0.178788 -0.0211246 -0.135914
-0.149125 -0.123913 0.767624 -0.165758 -0.0915444 0.742192
0.146382 0.171025 0.218811 0.138983 0.146158 0.205181
-0.0944471 -0.039322 -0.45324 -0.10879 -0.0308482 -0.421679
-0.252099 -0.220575 -0.0460149 -0.239899 -0.210621 -0.0172089
0.0425734 0.0896589 0.289459 0.0144624 0.0954044 0.269236
-0.150218 -0.138251 0.0431487 -0.160588 -0.100836 0.0155018
0.115605 -0.584104 -0.185642 0.102118 -0.509532 -0.157761
0.532886 -0.369662 0.197827 0.507164 -0.342932 0.193867
-0.231102 0.0335228 -0.414902 -0.216241 0.0325802 -0.401767
0.0535014 0.0846955 0.44858 0.0265053 0.0586853 0.449329
-0.144101 0.298524 0.47711 -0.133045 0.266246 0.440741
-0.235611 -0.0570745 0.122253 -0.223226 -0.0485362 0.132706
0.533136 0.63434 0.000382151 0.505359 0.602725 -0.0024459
0.247573 -0.136868 0.363272 0.233006 -0.127753 0.3269
-0.0693208 -0.255774 -0.0396305 -0.0590184 -0.273631 -0.0436917
-0.12075 0.0237605 0.446555 -0.125801 0.0181381 0.413273
0.172914 0.114103 0.157993 0.165541 0.122521 0.164255
-0.282298 -0.12582 -0.113438 -0.267836 -0.125486 -0.105302
-0.201466 -0.245384 0.4597 -0.180506 -0.237503 0.434988
0.0985973 0.214409 0.0304819 0.0987726 0.179965 0.0005662
-0.104224 0.187865 0.0468039 -0.111126 0.167932 0.0259324
-0.0244697 0.351745 -0.0562884 -0.0360977 0.328686 -0.0450635
0.0434145 0.0828914 0.166316 0.0507356 0.0714072 0.161559
-0.227661 0.267035 0.130962 -0.242371 0.239525 0.116102
0.362213 0.359908 -0.132867 0.360782 0.38309 -0.146892
0.0147914 -0.0770774 -0.130486 0.0333507 -0.0873136 -0.133175
0.000615492 -0.25562 -0.0250023 -0.0204401 -0.224343 -0.0524898
0.359546 0.504423 -0.265847 0.34089 0.462446 -0.251825
-0.30604 -0.0838668 0.261989 -0.284972 -0.0709835 0.2689
0.045667 0.109792 0.134684 0.0480788 0.0804624 0.13519
0.267446 0.562716 -0.232341 0.260527 0.529426 -0.20577
0.594747 -0.446291 0.136493 0.526149 -0.398745 0.125218
0.1336 -0.513542 -0.264048 0.0840197 -0.440385 -0.240382
0.332865 -0.0961195 0.0692937 0.329237 -0.0674891 0.0357425
-0.14214 -0.00496886 0.0643927 -0.160593 -0.0128292 0.0735365
-0.0955521 -0.24561 -0.173753 -0.0844151 -0.215515 -0.18046
0.0605981 0.0539759 0.198478 0.0735364 0.0803176 0.199204
-0.0604348 -0.647597 -0.370979 -0.0790736 -0.571164 -0.310621
-0.124135 0.101803 -0.257229 -0.132261 0.111351 -0.257413
0.078438 -0.228268 -0.115267 0.102521 -0.225433 -0.104893
0.0616772 0.0863939 -0.102401 0.0602675 0.0706993 -0.0860288
0.0366544 -0.244753 0.412458 0.0582912 -0.268655 0.389786
-0.0874744 -0.487368 -0.553798 -0.0810197 -0.415967 -0.51322
0.175579 -0.118429 -0.138288 0.13839 -0.142269 -0.114547
0.619626 -0.0570683 -0.0864788 0.556439 -0.0489805 -0.0820482
0.154905 0.138284 -0.395321 0.153055 0.125141 -0.382903
-0.41857 -0.588548 0.20974 -0.355446 -0.558826 0.207553
0.232508 0.0802617 0.155618 0.238682 0.0918 0.172229
-0.0343084 -0.241525 0.125989 -0.0330154 -0.207803 0.078175
0.44182 0.269207 0.618513 0.440196 0.261383 0.596006
-0.243957 0.156737 -0.344264 -0.219988 0.135009 -0.331657
0.25697 0.0687339 -0.523965 0.236937 0.0678064 -0.484111
0.0326055 0.271493 0.213752 0.0124608 0.254246 0.214052
-0.467909 0.0143352 0.263205 -0.435142 0.0407822 0.266121
0.675683 -0.150383 0.291169 0.628272 -0.120843 0.266465
-0.206594 -0.516852 -0.224424 -0.192097 -0.485819 -0.206948
0.18561 -0.0924019 -0.0278601 0.181715 -0.0933201 -0.0117823
-0.0254804 0.104272 -0.312398 -0.0321582 0.0704238 -0.303365
0.0391061 0.547264 0.377147 0.0223563 0.479201 0.365082
0.229434 -0.019169 0.429265 0.231764 -0.0233061 0.390113
-0.226195 0.0958988 -0.0920467 -0.193003 0.117073 -0.103636
0.155765 0.200708 0.125989 0.167294 0.186409 0.0897599
0.0186255 -0.102783 -0.210384 0.0014148 -0.0950666 -0.195894
0.0157989 -0.024862 0.113927 -0.012708 -0.027559 0.0831979
-0.0698047 -0.631353 -0.270849 -0.0599363 -0.587931 -0.231039
0.139316 0.117522 -0.132545 0.122427 0.109544 -0.123093
-0.0360495 0.862918 0.290349 -0.0277886 0.785539 0.285897
0.311141 0.0995576 -0.988898 0.286737 0.073585 -0.954629
-0.138529 0.24875 -0.0348578 -0.14971 0.227923 -0.0713828
-0.142985 0.126709 -1.00934 -0.0973897 0.078147 -0.914383
-0.00162978 -0.114606 0.07348 0.0331499 -0.101159 0.0982647
0.213038 0.168077 -0.159669 0.195801 0.174206 -0.165101
0.195124 0.217318 0.170131 0.18623 0.201281 0.145348
-0.0525869 -0.0303264 0.554439 -0.0334926 -0.0305367 0.511004
0.220879 0.1863 0.105587 0.228138 0.167487 0.0810387
0.00709407 0.0271621 -0.180065 -0.0146381 0.0098027 -0.172041
-0.343533 0.030579 -0.106067 -0.317007 0.024717 -0.112781
-0.0704065 0.0533616 0.272666 -0.0570873 0.0292438 0.274457
-0.635111 -0.2058 -0.166449 -0.587912 -0.17241 -0.176689
0.172309 -0.133297 0.31749 0.172018 -0.145683 0.338403
0.0491366 0.10599 -0.242276 0.0488601 0.115562 -0.250105
0.674052 -0.209475 0.0563724 0.607089 -0.230697 0.0795604
0.269824 -0.117684 -0.348425 0.199406 -0.116599 -0.348886
0.101369 -0.0188896 -0.27485 0.104627 -0.0191965 -0.266703
-0.368442 -0.251945 -0.14983 -0.365361 -0.243022 -0.144258
-0.102127 0.0585831 -0.184457 -0.0683599 0.0774413 -0.188176
-0.111166 -0.118257 0.27081 -0.0890056 -0.114559 0.254918
-0.287957 -0.584201 0.442536 -0.277931 -0.564146 0.384236
0.170584 0.124096 0.453499 0.151113 0.130893 0.413081
0.116993 -0.0191958 -0.101743 0.113425 -0.0140985 -0.102851
0.0307879 -0.328248 0.64201 0.0435413 -0.320208 0.589981
0.0816338 0.0232743 0.589019 0.0799847 -0.0039835 0.552066
0.0600918 -0.295579 0.307054 0.0480358 -0.279292 0.279229
0.0723922 0.0394763 -0.174703 0.0717494 0.0308371 -0.203637
0.0182529 -0.234729 -0.562261 0.056468 -0.192709 -0.542937
-0.0253513 -0.121016 -0.409393 -0.0204716 -0.106572 -0.399356
0.0562552 -0.525712 0.0611759 0.0851574 -0.495797 0.0827299
-0.0621322 0.159635 -0.164349 -0.0519907 0.167568 -0.167946
-0.0820795 -0.114527 0.211337 -0.071077 -0.0936314 0.169508
-0.508158 0.0940883 0.15336 -0.461684 0.105646 0.162916
0.184433 0.149887 -0.0608719 0.164349 0.145036 -0.10632
0.325441 -0.0849082 0.110456 0.316108 -0.0751631 0.114571
0.0420089 0.161427 0.0484557 0.0693965 0.153208 0.0508835
-0.718655 -0.103282 -0.190462 -0.673757 -0.0999356 -0.199437
-0.041878 0.316829 0.238035 -0.0404251 0.258451 0.206314
0.666959 -0.0335305 -0.0442427 0.60126 -0.0353677 -0.0705903
-0.0337206 0.389668 -0.0842104 -0.0287179 0.351531 -0.0850343
-0.200986 0.330176 0.131074 -0.196024 0.315562 0.119819
0.224143 -0.0952514 0.0357063 0.204221 -0.109498 0.0407723
-0.28902 -0.26661 -0.672243 -0.273766 -0.22795 -0.658698
-0.0383012 -0.0718999 -0.510768 -0.0311694 -0.0777765 -0.459454
0.102618 -0.0331102 -0.707572 0.119304 -0.0447017 -0.670784
-0.0386731 -0.0971414 -0.62817 -0.0382951 -0.0983902 -0.626792
0.232485 -0.262312 0.0505141 0.218408 -0.257683 0.0301649
-0.121394 -0.0191051 -0.0225893 -0.181398 -0.0322251 -0.0373586
0.131005 -0.336388 -0.279151 0.127096 -0.356438 -0.30083
0.335318 0.000156596 0.348959 0.298444 -0.013031 0.332527
-0.0416502 -0.324937 0.325628 -0.0341638 -0.291752 0.274981
0.0280347 0.201683 -0.23982 0.0016739 0.212866 -0.249392
0.107749 -0.156042 -0.151693 0.121676 -0.141165 -0.152177
0.164511 -0.490742 0.520284 0.134062 -0.461573 0.508531
0.321229 0.439199 -0.334666 0.219099 0.421634 -0.340459
0.337574 0.0670538 -0.712444 0.298391 0.0852321 -0.674211
0.0314583 0.0599214 -0.102943 0.0420633 0.0646483 -0.0942386
0.182022 -0.0566044 -0.767727 0.175724 -0.0597323 -0.727084
-0.0114137 0.120892 -0.378058 -0.0051134 0.123929 -0.373126
0.157908 0.153769 0.322508 0.167519 0.125343 0.280232
-0.164252 0.394101 0.123692 -0.158672 0.334592 0.0921572
0.766456 -0.188461 -0.184443 0.734297 -0.196625 -0.170603
0.0884623 0.0292361 -0.53503 0.0839375 0.0467961 -0.505767
-0.212305 -0.357253 -0.359423 -0.187232 -0.32511 -0.368923
-0.0165616 0.0534384 0.329091 -0.0344186 0.0548677 0.301288
0.203768 0.471647 -0.179551 0.185219 0.450604 -0.167296
-0.138052 -0.3504 0.307956 -0.122084 -0.35889 0.303653
-0.240888 -0.0761721 0.380041 -0.210214 -0.0786084 0.352711
-0.00071045 0.0643762 0.0873917 -0.0011287 0.0636955 0.0943406
-0.526519 -0.336196 0.223233 -0.508584 -0.313976 0.220231
-0.14634 -0.0907785 -0.22131 -0.118881 -0.0627247 -0.191522
-0.474413 0.438978 0.389141 -0.437488 0.433993 0.37474
-0.292467 0.327627 0.279651 -0.274361 0.305255 0.273862
-0.652052 0.0170871 0.343865 -0.626744 0.0365489 0.313008
0.0387539 -0.283301 0.407974 0.055489 -0.290219 0.394631
0.185209 0.150472 0.00705671 0.149602 0.129494 0.0340278
-0.040474 0.0163514 0.00290301 -0.0523962 0.0281439 0.045411
0.135995 0.177795 -0.276654 0.135383 0.170747 -0.285055
0.036135 -0.23819 -0.225334 0.015155 -0.240323 -0.177664
0.201413 0.253286 0.252147 0.150965 0.253287 0.237106
0.410612 0.053559 0.233042 0.375452 0.0280009 0.230332
0.13836 -0.028984 -0.309549 0.151873 -0.0589236 -0.265211
-0.0700851 -0.156876 -0.577776 -0.043357 -0.164865 -0.525118
0.133492 0.00891213 -0.0954749 0.107115 0.0283226 -0.0873454
0.454229 -0.116466 0.27802 0.403328 -0.0860154 0.278625
0.344406 0.236183 -0.089266 0.327979 0.208863 -0.0681902
-0.63342 0.218054 0.468227 -0.618103 0.200135 0.472389
0.108904 -0.201305 -0.31715 0.119287 -0.162173 -0.295003
0.196904 0.071251 0.0102632 0.195553 0.0695674 -0.0073131
0.297423 0.354422 0.350773 0.252024 0.345971 0.334659
0.126966 0.0745104 0.54311 0.111567 0.0685953 0.548819
0.106867 0.131768 0.108489 0.098901 0.117814 0.103703
0.295456 0.0371084 -0.175157 0.310834 0.0233485 -0.150291
-0.0886923 0.31641 0.601 -0.0520475 0.299511 0.601887
-0.59912 -0.0825169 0.0412363 -0.56247 -0.060491 0.0472574
-0.0567812 0.149633 -0.160129 -0.0538078 0.182436 -0.1566
0.374151 -0.0647165 0.577757 0.360756 -0.0344882 0.567942
-0.249122 -0.194787 -0.179745 -0.219215 -0.163587 -0.18145
-0.244078 0.0567171 1.04293 -0.229042 0.0711822 1.00552
-0.203862 0.13637 0.101461 -0.185191 0.141052 0.133911
-0.126164 0.0479882 0.170096 -0.120986 0.0247686 0.190091
-0.530453 0.0209173 0.0492664 -0.510852 0.0393042 0.0309297
0.257979 0.328108 -0.0251731 0.215014 0.302535 -0.0061454
-0.109405 -0.0252333 0.103004 -0.124214 -0.0431646 0.0952904
-0.200595 -0.29505 0.223363 -0.200351 -0.258543 0.229398
-0.0325092 -0.331006 0.247516 -0.0291153 -0.313956 0.270472
0.0548758 0.0986828 -0.377553 0.025408 0.107563 -0.331269
0.19864 0.277354 0.124602 0.197695 0.260693 0.112438
0.142936 0.133731 0.0335079 0.133709 0.139151 0.0714156
-0.389078 0.273509 0.134878 -0.403841 0.260323 0.128972
0.0924115 0.199987 0.0362847 0.0785308 0.180255 0.0693892
0.00240601 -0.237308 0.339322 0.0388967 -0.2242 0.329263
0.097766 -0.185704 0.362591 0.0752971 -0.183614 0.346137
-0.696346 0.32649 -0.0330152 -0.638822 0.313815 -0.0437227
-0.55211 -0.0969571 -0.005491 -0.479678 -0.0960128 -0.0166039
-0.190823 -0.113582 -0.310514 -0.19043 -0.0987569 -0.281986
-0.130323 0.232983 -0.598302 -0.100139 0.231731 -0.582457
0.201581 0.149528 -0.311903 0.194778 0.148346 -0.266059
-0.611374 -0.073646 -0.196816 -0.570196 -0.0879963 -0.17624
0.392234 0.0494412 -0.403854 0.36226 0.0727277 -0.407948
0.323743 -0.123434 -0.316664 0.345872 -0.0952707 -0.307279
-0.222248 0.417919 0.20887 -0.212371 0.374965 0.20444
0.134854 0.205538 -0.430361 0.142132 0.218436 -0.42515
-0.294326 0.666603 0.340089 -0.295836 0.618657 0.311274
-0.0750113 -0.0729805 0.392004 -0.054737 -0.0701005 0.380857
-0.109499 -0.523101 -0.283433 -0.115801 -0.523321 -0.239902
-0.0797687 -0.0791634 -0.181157 -0.0852455 -0.0786206 -0.191448
-0.178952 0.358059 -0.149063 -0.159441 0.325579 -0.125807
0.356522 0.252829 -0.00804647 0.308724 0.237913 -0.0385407
0.293769 0.150872 0.0788986 0.270291 0.131416 0.0578401
-0.331706 -0.17735 -0.290492 -0.304576 -0.175192 -0.297982
-0.133995 -0.186761 0.0388204 -0.143125 -0.188326 0.0291197
0.11386 -0.233619 0.377418 0.0984603 -0.219953 0.348749
0.135262 0.263387 -0.182698 0.107439 0.268569 -0.188769
0.00703173 0.169613 0.00458669 0.0046256 0.190434 0.0185348
0.00154102 0.0297549 0.122788 -0.0004737 0.0142289 0.109573
0.0162192 -0.318833 -0.302581 0.0098247 -0.306679 -0.261167
-0.12595 0.127212 -0.490143 -0.100483 0.0873256 -0.46229
-0.324715 -0.313015 0.394321 -0.287241 -0.307678 0.398672
0.0504909 0.0130669 0.248971 0.0322448 0.0271082 0.24945
0.0627112 0.112634 0.355246 0.0306172 0.104516 0.359507
-0.408962 -0.0235715 0.246474 -0.427303 -0.0096202 0.246805
0.505961 -0.0266341 0.0260878 0.468881 -0.0304327 0.0292333
-0.539529 0.296704 0.242398 -0.473886 0.294495 0.217942
-0.0855378 0.00219854 0.244414 -0.0802389 0.0107073 0.221591
-0.450875 -0.745437 -0.218854 -0.397025 -0.700979 -0.221508
0.0258437 -0.0620144 -0.16372 -0.0021905 -0.0611701 -0.159648
0.0465891 -0.263497 0.194902 0.0347719 -0.262069 0.219334
-0.0788711 0.332135 -0.0420398 -0.0554648 0.290495 -0.042391
0.300541 0.166769 -0.363957 0.295949 0.15391 -0.336165
0.158299 -0.0183775 0.386635 0.168673 -0.0282928 0.360217
0.0557223 -0.0293922 0.605474 0.0442124 -0.0037919 0.553046
0.0989321 0.0112879 -0.186207 0.0885871 0.0205158 -0.164345
0.054466 0.0051314 0.409235 0.0609859 0.0028178 0.393523
0.429111 -0.00254502 0.34587 0.409548 -0.0251507 0.323327
-0.0988793 -0.173355 -0.34653 -0.0963491 -0.172121 -0.346263
-0.0290662 -0.216335 -0.343486 -0.0528436 -0.189045 -0.340546
-0.20643 0.249722 0.240337 -0.183983 0.249803 0.220684
-0.0633361 0.511231 0.409654 -0.0563196 0.492509 0.369737
-0.241455 -0.0774761 0.0589928 -0.231497 -0.0807336 0.0578542
