620.965 655.088
549.422 579.494
479.955 506.862
412.652 434.547
347.458 364.672
284.444 297.146
223.629 233.155
165.017 171.092
108.613 111.497
54.4427 54.4307
2.42252 -0.000187901
-47.4299 -51.8427
-95.1374 -101.177
-140.73 -148.035
-184.239 -192.27
-225.678 -233.881
-265.139 -273.233
-302.638 -310.735
-338.215 -346.131
-371.926 -379.149
-403.811 -409.705
144.783 146.149
127.494 126.578
110.976 107.58
95.2337 91.1278
80.1371 75.7667
65.7613 61.4973
51.9755 47.0835
38.8098 34.0843
26.1674 21.985
14.0775 10.7074
2.42252 -0.000187901
-8.70494 -10.1316
-19.4009 -19.7731
-29.6786 -28.9083
-39.5227 -37.7385
-48.9996 -46.3793
-58.0803 -54.6595
-66.8536 -62.2577
-75.2334 -69.4939
-83.3111 -76.5274
-91.0449 -83.1967
48.3203 50.1414
43.5628 44.8014
38.8554 39.6206
34.1684 34.5832
29.5232 29.4867
24.882 24.4438
20.3466 19.4884
15.7949 14.5512
11.2984 9.6622
6.83887 4.8056
2.42252 -0.000153759
-1.95623 -4.73884
-6.30687 -9.44099
-10.5897 -14.0714
-14.8441 -18.6292
-19.0457 -23.1107
-23.2158 -27.5137
-27.3421 -31.8307
-31.4249 -36.0604
-35.466 -40.1914
-39.4628 -44.2225
730.411 728.579
640.755 642.477
555.057 557.41
473.251 479.18
395.213 401.72
320.862 328.439
250.264 256.182
183.157 187.671
119.551 122.295
59.3606 59.5621
2.42252 -0.000174244
-51.3336 -56.2737
-102.016 -109.353
-149.697 -159.312
-194.513 -206.227
-236.527 -250.207
-275.909 -291.344
-312.727 -329.692
-347.079 -365.342
-379.078 -398.366
-408.811 -428.57
207.206 236.715
181.677 204.918
157.457 176.065
134.484 146.854
112.616 120.444
91.8652 94.9306
72.1812 73.0935
53.4368 52.1679
35.5887 32.908
18.6276 15.7577
2.42252 -0.000208151
-12.9562 -14.662
-27.6302 -28.3004
-41.5896 -40.9391
-54.8716 -52.6193
-67.5309 -63.3764
-79.573 -73.2509
-91.0803 -82.2759
-101.986 -90.4894
-112.387 -97.9397
-122.253 -105.063
866.668 862.929
755.692 755.172
650.715 651.608
551.658 553.904
458.056 460.476
369.926 372.057
286.915 288.556
208.896 209.745
135.585 135.482
66.8824 65.6252
2.42252 -0.000187901
-57.8245 -61.5223
-114.12 -119.112
-166.635 -172.935
-215.516 -223.094
-260.947 -269.766
-303.11 -313.115
-342.178 -352.793
-378.252 -389.203
-411.517 -423.158
-442.093 -454.195
1004.27 987.483
868.211 857.21
741.358 736.765
623.298 621.261
513.328 514.094
411.176 412.823
316.416 318.235
228.527 229.883
147.135 147.54
71.9424 71.0037
2.42252 -0.000167416
-61.6083 -65.7373
-120.557 -126.451
-174.687 -182.375
-224.299 -233.735
-269.661 -280.763
-311.068 -323.696
-348.77 -362.68
-382.955 -397.918
-413.878 -429.627
-441.73 -458.024
565.747 572.649
493.783 499.402
425.725 430.311
361.425 365.22
300.624 303.236
243.267 245.449
189.212 189.83
138.222 137.806
90.2088 88.7247
45.003 43.0535
2.42252 -0.000187901
-37.5424 -40.5157
-75.0962 -78.5877
-110.308 -114.316
-143.295 -147.773
-174.184 -179.045
-203.052 -208.238
-230.042 -235.388
-255.177 -260.609
-278.595 -283.964
-300.328 -305.536
859.078 849.814
748 744.233
643.241 643.003
544.634 546.863
451.711 455.593
364.245 368.373
282.28 286.185
205.257 208.223
133.128 134.731
65.575 65.2168
2.42252 -0.000187901
-56.5127 -61.0736
-111.499 -118.163
-162.657 -171.424
-210.221 -220.994
-254.31 -267.039
-295.203 -309.712
-332.988 -349.106
-367.834 -385.368
-399.911 -418.636
-429.357 -449.041
934.679 925.436
811.451 805.604
695.624 693.824
587.13 587.421
485.458 487.366
390.398 392.494
301.561 303.382
218.645 219.793
141.336 141.501
69.4092 68.3222
2.42252 -0.000167416
-59.7225 -63.6364
-117.352 -122.818
-170.71 -177.729
-219.985 -228.561
-265.406 -275.512
-307.235 -318.785
-345.666 -358.498
-380.844 -394.828
-412.989 -427.923
-442.254 -457.524
-49.0826 0.0152907
-4.11171 0.000797676
-7.18358 -0.00134097
187.184 165.773
160.8 141.803
136.508 119.352
114.185 99.7722
93.6709 81.7873
74.8597 65.3948
57.6352 49.57
41.8836 35.4897
27.5031 22.6159
14.4014 10.8633
2.4674 -0.000187901
-8.37876 -10.0154
-18.2196 -19.2378
-27.1346 -27.767
-35.196 -35.873
-42.4725 -43.7021
-49.0353 -50.982
-54.9424 -57.3676
-60.2465 -63.2872
-65.0071 -68.9751
-69.268 -73.698
663.408 674.715
582.783 594.719
505.495 518.635
431.559 443.191
360.999 370.693
293.56 301.045
229.264 235.642
168.083 172.497
109.959 112.127
54.7476 54.5868
2.4674 -0.000187901
-47.1345 -51.6941
-93.9716 -100.642
-138.192 -146.893
-179.905 -190.405
-219.164 -231.203
-256.12 -269.555
-290.758 -305.844
-323.242 -339.924
-353.634 -371.596
-382.053 -400.207
48.3714 50.1414
43.6132 44.8014
38.9055 39.6206
34.2175 34.5832
29.5722 29.4867
24.9302 24.4438
20.394 19.4884
15.8421 14.5512
11.3447 9.6622
6.88439 4.8056
2.4674 -0.000153759
-1.91182 -4.73884
-6.26285 -9.44099
-10.5465 -14.0714
-14.8015 -18.6292
-19.0034 -23.1107
-23.1742 -27.5137
-27.3009 -31.8307
-31.3847 -36.0604
-35.426 -40.1914
-39.4233 -44.2225
255.07 259.59
218.815 221.02
185.582 187.711
155.108 154.56
127.167 125.587
101.529 98.1844
78.1211 74.9216
56.6238 53.2847
36.9567 33.4693
18.9554 15.9137
2.4674 -0.000174244
-12.6341 -14.5255
-26.4771 -27.791
-39.1358 -39.8832
-50.7496 -50.8813
-61.3876 -60.8653
-71.1633 -69.9175
-80.1412 -78.0896
-88.3915 -85.4623
-95.9882 -92.0951
-102.984 -98.4943
778.321 751.454
677.954 658.579
583.191 569.057
493.827 486.886
409.771 406.867
330.544 331.693
256.178 258.01
186.335 188.788
120.93 122.857
59.6694 59.7182
2.4674 -0.000208151
-51.0414 -56.137
-100.878 -108.844
-147.25 -158.256
-190.384 -204.489
-230.397 -247.696
-267.523 -288.011
-301.817 -325.506
-333.498 -360.315
-362.689 -392.521
-389.559 -421.996
866.742 862.929
755.71 755.172
650.704 651.608
551.57 553.904
458.114 460.476
369.943 372.057
286.915 288.556
208.861 209.745
135.585 135.482
66.8256 65.6252
2.4674 -0.000187901
-57.8428 -61.5223
-114.121 -119.112
-166.609 -172.935
-215.504 -223.094
-260.936 -269.766
-303.142 -313.115
-342.166 -352.793
-378.249 -389.203
-411.499 -423.158
-442.103 -454.195
1004.36 987.483
868.23 857.21
741.345 736.765
623.202 621.261
513.39 514.094
411.194 412.823
316.417 318.235
228.49 229.883
147.136 147.54
71.8855 71.0037
2.4674 -0.000167416
-61.6266 -65.7373
-120.558 -126.451
-174.662 -182.375
-224.287 -233.735
-269.652 -280.763
-311.098 -323.696
-348.76 -362.68
-382.952 -397.918
-413.863 -429.627
-441.738 -458.024
873.146 855.363
758.747 749.015
651.241 646.349
550.297 548.479
455.712 456.439
366.908 368.484
283.835 286.411
206.067 208.398
133.459 134.905
65.6372 65.2537
2.4674 -0.000187901
-56.4654 -61.0405
-111.229 -118.043
-162.067 -171.171
-209.247 -220.597
-252.914 -266.474
-293.332 -308.975
-330.577 -348.203
-364.896 -384.303
-396.428 -417.427
-425.358 -447.702
579.798 578.198
504.504 504.185
433.689 433.657
367.128 366.836
304.628 304.082
245.917 245.56
190.807 190.056
139.062 137.95
90.5161 88.8984
45.0749 43.09
2.4674 -0.000187901
-37.4587 -40.4828
-74.8421 -78.4673
-109.738 -114.063
-142.347 -147.376
-172.792 -178.48
-201.158 -207.501
-227.602 -234.485
-252.226 -259.544
-275.097 -282.754
-296.325 -304.197
934.758 925.436
811.47 805.604
695.613 693.824
587.039 587.421
485.519 487.366
390.416 392.494
301.562 303.382
218.609 219.793
141.337 141.501
69.3527 68.3222
2.4674 -0.000167416
-59.7409 -63.6364
-117.353 -122.818
-170.684 -177.729
-219.974 -228.561
-265.396 -275.512
-307.267 -318.785
-345.655 -358.498
-380.84 -394.828
-412.972 -427.923
-442.263 -457.524
-49.0826 0.0152907
-4.11178 0.000797676
-7.18357 -0.00134097
84.4079 65.424
71.9267 56.9541
60.5668 49.6222
50.2619 41.8834
40.9299 34.5651
32.5126 27.5809
24.9497 21.8226
18.1821 15.9434
12.1542 10.3294
6.81791 4.96421
2.11651 0.000448562
-1.99229 -4.56695
-5.55305 -8.79377
-8.60682 -12.7092
-11.1922 -16.551
-13.3441 -20.425
-15.1003 -24.0953
-16.4902 -27.2356
-17.5432 -30.1292
-18.289 -33.1805
-18.7519 -36.1569
84.4148 65.4254
71.9347 56.9542
60.569 49.6222
50.2568 41.883
40.9319 34.565
32.5151 27.5875
24.948 21.8227
18.1811 15.9433
12.1554 10.3295
6.81643 4.96429
2.11651 0.000421483
-1.99489 -4.5527
-5.55474 -8.79377
-8.60849 -12.7086
-11.1928 -16.5511
-13.3463 -20.4249
-15.1015 -24.0951
-16.4934 -27.2353
-17.5452 -30.1291
-18.2917 -33.1804
-18.7536 -36.1569
826.278 842.132
718.019 733.561
616.293 629.821
520.877 531.044
431.362 440.883
347.552 355.592
268.897 274.866
195.366 199.257
126.541 128.214
62.2122 61.9003
2.11651 0.000448562
-53.9668 -57.7372
-106.249 -111.577
-155.002 -161.708
-200.371 -208.387
-242.553 -251.819
-281.761 -292.169
-318.155 -329.634
-351.9 -364.364
-383.152 -396.511
-412.063 -426.229
904.179 891.225
784.682 777.443
672.562 668.313
567.576 566.577
469.268 470.301
377.42 380.362
291.455 294.256
211.31 213.835
136.539 138.256
66.9067 66.8545
2.11651 0.000448562
-58.0765 -62.2893
-113.91 -120.274
-165.684 -174.083
-213.566 -223.964
-257.779 -270.087
-298.56 -312.623
-336.093 -351.733
-370.563 -387.582
-402.151 -420.316
-431.026 -450.017
904.185 891.225
784.689 777.443
672.565 668.313
567.572 566.575
469.271 470.303
377.423 380.362
291.453 294.256
211.309 213.835
136.54 138.256
66.9053 66.8546
2.11651 0.000448562
-58.0789 -62.2894
-113.912 -120.274
-165.685 -174.083
-213.566 -223.963
-257.78 -270.087
-298.561 -312.623
-336.096 -351.734
-370.565 -387.582
-402.153 -420.316
-431.027 -450.012
180.69 174.593
152.322 148.436
126.821 124.224
103.983 102.753
83.5702 82.8736
65.3936 64.9647
49.2648 48.8527
35.027 34.4416
22.5173 21.5923
11.594 10.1504
2.11651 0.000421483
-6.03832 -8.92957
-12.978 -16.747
-18.8131 -23.5673
-23.6399 -29.4401
-27.5478 -34.4375
-30.6236 -38.6148
-32.9403 -42.6072
-34.5698 -46.1324
-35.5773 -48.4945
-36.0231 -50.4216
995.895 999.98
861.852 868.762
736.615 746.69
619.856 628.78
511.016 520.658
409.788 418.564
315.505 322.939
228.039 233.412
146.863 149.732
71.6764 72.0358
2.11651 0.000475876
-62.1233 -66.6431
-121.33 -128.172
-175.858 -184.744
-225.924 -236.643
-271.797 -284.075
-313.754 -327.267
-352.02 -366.41
-386.817 -401.733
-418.357 -433.466
-446.844 -461.806
939.316 941.067
814.893 820.569
698.209 705.626
589 596.824
486.805 494.543
391.371 398.219
302.101 308.061
218.926 223.298
141.384 143.911
69.214 69.397
2.11651 0.000434905
-60.1724 -64.5103
-117.895 -124.402
-171.365 -179.817
-220.76 -231.003
-266.313 -278.151
-308.268 -321.445
-346.818 -361.069
-382.155 -397.21
-414.467 -430.041
-443.928 -459.735
939.313 941.067
814.89 820.569
698.204 705.626
589.005 596.824
486.806 494.543
391.369 398.219
302.104 308.061
218.929 223.285
141.382 143.91
69.2148 69.3968
2.11651 0.000434905
-60.17 -64.5104
-117.896 -124.402
-171.366 -179.817
-220.761 -231.002
-266.314 -278.151
-308.267 -321.445
-346.816 -361.069
-382.154 -397.21
-414.466 -430.041
-443.928 -459.735
522.185 523.5
454.895 457.711
391.658 396.008
332.154 336.889
276.015 280.94
223.214 227.479
173.444 176.807
126.657 128.81
82.5768 83.4547
41.1163 40.5459
2.11651 0.000489533
-34.5643 -38.3017
-69.0572 -74.4224
-101.458 -108.493
-131.92 -140.518
-160.569 -170.607
-187.422 -198.824
-212.632 -225.247
-236.286 -249.951
-258.433 -273.006
-279.216 -294.937
-49.0839 0.0152907
-4.11232 0.000797676
-7.18229 -0.00134097
174.16 163.915
150.639 143.931
128.616 125.458
108.051 106.623
88.8493 88.6139
70.9921 71.4035
54.4355 55.8676
39.0959 40.7679
24.9473 26.3861
11.9429 12.7571
0.00125738 0
-10.9073 -11.9211
-20.8592 -23.0357
-29.8827 -33.4001
-38.0498 -42.9939
-45.3745 -51.8083
-51.9402 -59.9117
-57.7802 -67.4938
-62.9571 -74.4827
-67.4889 -80.8187
-71.4409 -86.0288
-100.764 -129.922
-92.9779 -117.56
-84.4335 -105.068
-75.2311 -91.6504
-65.484 -78.1856
-55.2758 -64.6489
-44.6782 -51.561
-33.7944 -38.3335
-22.6702 -25.2935
-11.3794 -12.4866
0.00125738 -0
11.4329 12.1516
22.864 23.9628
34.2248 35.3776
45.4956 46.2249
56.6323 56.4455
67.5894 66.2817
78.3412 75.9644
88.8728 85.2336
99.1332 93.8998
109.124 102.481
0.00124578 0
0.00124159 0
0.00130245 0
0.00120334 0
0.00139815 0
0.00130067 -0
0.00118805 0
0.00125506 0
0.00127889 0
0.00111134 0
0.00125738 0
0.00115706 -0
0.0012807 0
0.00111392 0
0.00113423 0
0.00116289 0
0.00114707 -0
0.00116489 0
0.00109696 0
0.00114375 0
0.00122999 -0
192.461 161.799
164.683 140.257
139.123 120.171
115.664 102.605
94.1366 85.6561
74.458 70.2262
56.533 54.4365
40.2077 40.0836
25.4131 26.2901
12.0527 12.7804
0.00125738 0
-10.8102 -11.894
-20.4935 -22.9566
-29.1103 -33.2568
-36.7609 -42.8375
-43.4878 -51.7587
-49.3953 -60.0715
-54.5383 -67.7973
-58.9969 -74.9895
-62.8073 -81.664
-66.0461 -87.6969
-109.61 -122.179
-100.385 -112.368
-90.4525 -99.9988
-79.9468 -89.2629
-69.0158 -76.7395
-57.7652 -64.59
-46.293 -51.2699
-34.7112 -38.1491
-23.0807 -25.3177
-11.4825 -12.5099
0.00125738 0
11.3295 12.1305
22.4502 23.839
33.2978 35.0858
43.8548 45.848
54.0835 56.1079
63.9449 65.8448
73.4215 75.0484
82.5058 83.697
91.1581 91.7871
99.3888 99.0781
0.00150346 0
-0.0019008 0
-0.00480016 0
0.00793516 0
0.00377191 0
0.00128731 0
0.000138228 0
-0.00238246 -0
-0.0043013 0
0.0108111 0
0.00125738 -0
0.000625992 0
-0.00122006 0
-0.00311226 -0
-0.00402396 0
0.00599837 0
0.00128091 0
0.000992281 0
-0.000256114 0
-0.000990612 0
-0.00187523 0
0.00167652 0
-0.00207218 0
-0.00505821 0
0.00921167 0
0.00409082 0
0.0014931 -0
0.000124291 0
-0.0024388 0
-0.00440932 -0
0.0109632 0
0.00125738 0
0.000643341 -0
-0.000997044 0
-0.00298929 0
-0.00385403 -0
0.00551912 0
0.00118227 0
0.00100418 0
-0.000244342 0
-0.000909142 0
-0.00173501 -0
-72.5161 -75.205
-64.1127 -66.5344
-55.9007 -58.5012
-47.8873 -51.0363
-40.138 -43.2489
-32.6698 -35.3894
-25.5063 -27.6197
-18.636 -20.1957
-12.0769 -13.1305
-5.87478 -6.36623
0.00125738 0
5.54791 5.96304
10.7445 11.5289
15.6098 16.7048
20.1436 21.4807
24.3486 25.8911
28.2334 29.9313
31.7972 33.6092
35.0635 36.937
38.0268 39.9239
40.7099 42.5859
96.8075 84.8162
82.6611 74.8185
69.6973 64.2962
57.8942 53.8351
47.06 44.714
37.2039 35.5806
28.2116 28.0112
20.0714 20.4686
12.6779 13.4315
6.0307 6.43
0.00125738 0
-5.41494 -5.90598
-10.2736 -11.3198
-14.6178 -16.2665
-18.4913 -20.7936
-21.923 -24.9125
-24.9625 -28.655
-27.6409 -32.0461
-29.9781 -35.0927
-32.017 -37.8294
-33.7772 -40.2666
0.00155722 0
-0.00178188 -0
-0.00502646 0
0.00898839 0
0.00400992 0
0.00129301 0
9.95999e-05 -0
-0.00225281 0
-0.00427053 0
0.0109252 0
0.00125738 -0
0.000571609 0
-0.00117778 0
-0.00306652 0
-0.00397617 0
0.00582551 0
0.00123783 0
0.000964797 0
-0.000229122 0
-0.000955652 0
-0.00180145 0
6.17653e-06 0
7.38947e-05 0
-0.00965578 0
-0.00255615 0
-0.00220448 0
-0.00193912 0
-0.00164929 0
-0.00139228 0
-0.00112504 0
-0.000891477 0
-0.000652686 0
-0.000425689 0
-0.000215314 0
4.83287e-06 0
0.000194859 0
0.000394151 0
0.000595048 0
0.000743553 0
0.000930488 0
0.00108865 0
0.00126478 0
0.00141743 0
0.00157556 0
0.00172755 0
0.0026297 0
0.00221908 0
0.00195169 0
0.00164717 0
0.001362 0
0.00112003 0
0.000886947 0
0.000642136 0
0.000418998 0
0.000215482 0
4.83287e-06 0
-0.000194963 0
-0.00040248 0
-0.000558928 0
-0.000748977 0
-0.000906453 0
-0.00109477 0
-0.00122696 0
-0.00138023 0
-0.00157461 0
-0.00171182 0
-1.58548e-05 0
-1.92374e-05 0
-1.54227e-05 0
-1.40816e-06 0
-1.93715e-06 0
-1.60933e-06 -0
5.21541e-06 0
2.11298e-05 0
-1.46143e-05 0
-3.47793e-05 0
4.83287e-06 -0
-4.67617e-06 0
-1.91443e-05 0
-8.38935e-06 0
2.76417e-06 0
-9.18657e-06 0
-9.18657e-06 0
1.54227e-06 -0
-2.68966e-06 -0
2.77385e-05 -0
-2.84612e-06 -0
0.000654578 0
0.000119567 0
0.000224173 0
-0.0003829 0
0.000681877 0
0.000137746 0
0.000187218 0
0.000380054 0
2.88114e-05 0
-9.4492e-05 0
4.83287e-06 -0
2.24002e-05 0
-2.05189e-05 0
0.000628531 0
0.000106797 0
-8.32826e-05 0
0.000488669 0
-0.000595897 0
2.94149e-05 0
-0.0014396 0
0.00198656 0
-0.000673413 0
-8.24928e-05 0
-0.000209391 0
0.000410438 0
-0.00066945 0
-0.000130564 0
-0.000171304 0
-0.000410736 0
-3.59267e-05 0
8.62107e-05 0
4.83287e-06 0
-2.47285e-05 0
2.00197e-05 0
-0.000639349 0
-0.000103533 0
8.21203e-05 0
-0.000488132 0
0.000614628 0
1.63615e-05 0
0.0014464 0
-0.00200015 0
1.19209e-05 -0
2.83122e-06 -0
1.45435e-05 0
2.6226e-05 -0
-8.64267e-07 -0
3.07709e-05 0
-9.53674e-06 0
2.38419e-07 -0
-6.46338e-06 -0
-1.92672e-05 -0
4.83287e-06 0
-9.78634e-06 0
-4.42192e-06 0
-1.49086e-05 0
-4.06802e-06 -0
7.60704e-06 0
-1.11759e-06 -0
7.28667e-06 -0
-8.27014e-06 0
6.97374e-06 -0
-3.56138e-06 -0
-3.32594e-05 0
-6.85453e-06 -0
-1.30534e-05 -0
6.94394e-06 0
5.04851e-05 0
7.33137e-06 -0
1.78367e-05 0
2.91914e-05 0
-4.62681e-06 0
1.75722e-05 -0
4.83287e-06 0
-1.28299e-05 -0
-4.87268e-06 0
-8.53837e-06 0
-2.71201e-06 -0
3.8892e-06 -0
4.82798e-06 -0
1.89245e-06 0
-4.75347e-06 0
3.42727e-06 0
-2.38419e-06 -0
-0.000377297 0
-4.14252e-05 0
-0.000110835 0
0.000184625 0
-0.000375852 0
-7.79182e-05 0
-5.8189e-05 0
-0.000217028 0
-1.47521e-06 0
3.759e-05 0
4.83287e-06 0
-8.02986e-06 0
2.02656e-05 0
-0.000302367 0
-3.9123e-05 0
3.03611e-05 0
-0.000230655 0
0.00028871 0
5.76675e-06 0
0.000663623 0
-0.000877663 0
0.000394642 0
6.58333e-05 0
9.68277e-05 0
-0.000206381 0
0.000359982 0
9.46969e-05 0
7.18385e-05 0
0.00024423 0
1.72928e-05 0
-2.98023e-05 0
4.83287e-06 -0
-1.64285e-06 0
-2.92361e-05 0
0.000304654 0
4.77806e-05 0
-3.26484e-05 0
0.000232652 0
-0.000261962 0
9.32813e-06 0
-0.000660509 0
0.000909567 0
-1.82986e-05 -0
1.38581e-05 0
6.91414e-06 0
2.50638e-05 -0
-1.77622e-05 0
-2.56449e-05 0
-9.38773e-07 0
9.35793e-06 0
3.39746e-06 0
-1.49831e-05 0
4.83287e-06 -0
-3.82215e-06 0
4.60446e-06 -0
-2.95788e-05 0
3.17395e-06 0
1.30981e-05 -0
1.04308e-06 0
6.3926e-06 -0
6.24359e-06 0
-1.35601e-06 -0
3.48687e-06 0
5.45382e-06 0
-3.83836e-05 0
0.00149423 0
-0.00155178 0
-0.00136545 0
-0.00118062 0
-0.000980586 0
-0.000825852 0
-0.00064069 0
-0.00052312 0
-0.000375792 0
-0.000242557 0
-0.000109142 0
-4.13498e-06 0
0.000122789 0
0.000220701 0
0.000339255 0
0.000441685 0
0.00054384 0
0.000628307 0
0.000736527 0
0.000811219 0
0.000900984 0
0.00100184 0
0.00141844 0
0.00125861 0
0.00108483 0
0.000932083 0
0.00075987 0
0.000630543 0
0.000500992 0
0.000366606 0
0.000218898 0
0.000111299 0
-4.13498e-06 0
-0.000105776 0
-0.000219814 0
-0.00032834 0
-0.000440396 0
-0.000518598 0
-0.000633568 0
-0.000716552 0
-0.000803113 0
-0.00090605 0
-0.000983775 0
-9.19384e-06 0
1.09778e-05 0
-9.51615e-07 0
-5.6932e-06 0
1.49294e-06 -0
3.92183e-06 0
6.96923e-06 0
2.09576e-06 0
-9.45493e-06 0
-2.91305e-06 -0
-4.13498e-06 0
-5.24222e-07 0
-5.59915e-06 0
-2.40067e-07 -0
-6.57764e-06 0
6.28448e-06 -0
1.05128e-05 -0
6.8633e-07 0
-1.24822e-05 0
9.36506e-06 0
-3.76891e-06 0
0.000391662 0
9.36985e-05 0
0.000135511 0
-0.00022921 0
0.000396237 0
7.41482e-05 0
9.22233e-05 0
0.000217989 0
3.14601e-05 0
-6.91358e-05 0
-4.13498e-06 0
1.09393e-05 0
-7.68527e-06 0
0.000363573 0
5.42477e-05 0
-4.59626e-05 0
0.000285961 0
-0.00033351 0
9.64105e-06 0
-0.000798471 0
0.00109567 0
-0.000391215 0
-0.00010249 0
-0.000130236 0
0.000221997 0
-0.000396714 0
-8.37445e-05 0
-0.000111297 0
-0.000226282 0
-1.40108e-05 0
5.42141e-05 0
-4.13498e-06 0
-3.87058e-06 0
1.70209e-05 0
-0.000363 0
-7.45729e-05 0
4.81978e-05 0
-0.000290267 0
0.000361562 0
2.17259e-05 0
0.000861719 0
-0.00120012 0
-1.21262e-05 0
-1.54019e-05 0
3.90182e-06 0
-1.46026e-05 0
-2.72706e-06 0
-6.37695e-06 0
-1.16658e-05 0
-1.23442e-06 0
7.41074e-06 0
4.53918e-07 0
-4.13498e-06 0
6.00718e-06 0
-7.35475e-06 0
1.47553e-06 0
2.2055e-06 0
4.56239e-07 -0
-5.26573e-06 0
-3.59943e-06 0
3.21389e-06 0
-1.72779e-06 -0
-2.69362e-06 0
1.08699e-05 0
3.94866e-06 0
6.42578e-06 0
2.13817e-06 0
-1.1405e-05 0
-2.5952e-06 0
-5.06586e-06 0
5.99403e-06 0
2.3625e-05 0
-1.3101e-05 0
-4.13498e-06 -0
2.50078e-07 0
1.85319e-06 0
-5.60518e-06 0
-3.64023e-06 0
-1.02359e-06 0
-8.28147e-06 0
5.75472e-06 0
-2.91413e-06 -0
1.59828e-06 0
-5.87814e-07 0
-0.000219017 0
-2.08467e-05 0
-6.47008e-05 0
0.000115395 0
-0.000220135 0
-2.95863e-05 0
-3.10019e-05 0
-0.000111777 0
-6.61984e-06 0
4.30495e-05 0
-4.13498e-06 0
-3.94415e-06 0
1.95596e-05 0
-0.00015969 0
-3.56622e-05 0
1.34259e-05 0
-0.000133961 0
0.000157509 0
5.50598e-06 0
0.000384353 0
-0.000519007 0
0.000228673 0
8.20756e-05 0
8.74102e-05 0
-0.000112742 0
0.000195488 0
6.257e-05 0
6.10426e-05 0
0.00011966 0
2.67476e-06 0
-2.46642e-05 0
-4.13498e-06 0
4.25149e-06 0
-1.32211e-05 0
0.000179229 0
3.4146e-05 0
-2.2579e-05 0
0.000147458 0
-0.00015695 0
7.26432e-07 0
-0.000391647 0
0.000529066 0
2.71415e-05 0
-1.18606e-05 0
-1.74187e-05 0
-7.39688e-07 0
1.99669e-05 0
-1.22347e-05 0
-1.44911e-05 0
-3.51279e-06 0
1.097e-05 -0
-8.70082e-06 0
-4.13498e-06 -0
-6.64794e-06 0
1.84525e-06 0
3.17902e-06 0
-5.93377e-06 0
2.32478e-06 0
-1.0731e-06 0
3.71152e-06 0
-2.44761e-06 -0
-2.20916e-06 -0
1.80239e-06 0
5.39422e-06 0
-3.56842e-05 -0
0.00147629 0
