-1675.95 -1654.56
-1732.12 -1718.26
-1783.09 -1771.64
-1819.98 -1815.75
-1855.01 -1851.49
-1882.78 -1879.69
-1894.15 -1891.18
-1903.97 -1901.04
-1912.3 -1909.36
-1916.37 -1916.23
-1922.11 -1921.74
-1926.55 -1925.96
-1927.98 -1927.3
-1929.22 -1928.44
-1930.27 -1929.41
-1931.14 -1930.19
-1931.82 -1930.8
-1932.09 -1931.03
-1932.33 -1931.22
-1932.52 -1931.37
-1932.66 -1931.48
-1932.76 -1931.54
-1932.83 -1931.57
-1932.85 -1931.55
-1932.83 -1931.5
-1931.81 -1931.4
-1931.72 -1931.27
-1931.58 -1931.09
-1931.42 -1930.88
-1931.21 -1930.62
-1930.96 -1930.34
-1930.67 -1930.01
-1930.35 -1929.65
-1929.99 -1929.25
-1929.59 -1928.82
-1929.15 -1928.35
-1928.68 -1927.84
-1927.63 -1926.72
-1926.44 -1925.46
-1925.11 -1924.08
-1923.64 -1922.57
-1922.04 -1920.94
-1917.5 -1916.34
-1912.19 -1911
-1906.15 -1904.97
-1899.44 -1898.3
-1892.08 -1891.02
-1884.11 -1883.18
-1865.13 -1865.88
-1845.64 -1846.68
-1824.32 -1825.87
-1801.42 -1803.64
-1774.43 -1780.18
-1749.21 -1755.62
-1722.93 -1730.15
-1695.75 -1703.89
-1667.77 -1676.93
-1639.18 -1649.35
-1610.07 -1621.26
-1577.69 -1592.77
-1548.13 -1563.94
-1518.31 -1534.8
-1488.34 -1505.47
-1811.7 -1804.4
-1838.67 -1832.45
-1859.94 -1856.46
-1879.73 -1876.64
-1895.19 -1893.29
-1908.45 -1906.63
-1913.95 -1912.12
-1918.73 -1916.87
-1922.81 -1920.89
-1924.8 -1924.23
-1927.63 -1926.92
-1929.82 -1928.96
-1930.53 -1929.6
-1931.13 -1930.15
-1931.64 -1930.61
-1932.06 -1930.97
-1932.38 -1931.24
-1932.52 -1931.34
-1932.62 -1931.42
-1932.7 -1931.47
-1932.76 -1931.51
-1932.8 -1931.52
-1932.82 -1931.51
-1932.81 -1931.48
-1931.82 -1931.43
-1931.78 -1931.36
-1931.72 -1931.27
-1931.63 -1931.15
-1931.53 -1931.02
-1931.4 -1930.86
-1931.25 -1930.69
-1931.09 -1930.49
-1930.9 -1930.28
-1930.69 -1930.05
-1930.46 -1929.79
-1930.21 -1929.52
-1929.94 -1929.23
-1929.34 -1928.58
-1928.67 -1927.86
-1927.91 -1927.06
-1927.09 -1926.2
-1926.18 -1925.26
-1923.61 -1922.64
-1920.59 -1919.61
-1917.16 -1916.17
-1913.31 -1912.35
-1909.08 -1908.15
-1904.47 -1903.63
-1894.19 -1893.51
-1881.64 -1882.2
-1868.91 -1869.77
-1855.06 -1856.39
-1839.31 -1842.12
-1822.72 -1827.11
-1806.28 -1811.39
-1788.6 -1794.98
-1770.71 -1777.95
-1752.21 -1760.34
-1733.15 -1742.25
-1713.6 -1723.75
-1692.72 -1704.9
-1672.44 -1685.65
-1651.83 -1666.07
-1898.1 -1894.17
-1905.23 -1901.91
-1911.6 -1908.7
-1917.19 -1914.58
-1921.05 -1919.58
-1925.09 -1923.68
-1926.8 -1925.4
-1928.31 -1926.9
-1929.61 -1928.18
-1930.24 -1929.24
-1931.15 -1930.08
-1931.86 -1930.72
-1932.09 -1930.92
-1932.28 -1931.09
-1932.44 -1931.23
-1932.57 -1931.33
-1932.67 -1931.39
-1932.7 -1931.42
-1932.73 -1931.43
-1932.75 -1931.44
-1932.76 -1931.44
-1932.76 -1931.43
-1931.8 -1931.41
-1931.79 -1931.39
-1931.78 -1931.35
-1931.75 -1931.31
-1931.72 -1931.27
-1931.68 -1931.21
-1931.63 -1931.15
-1931.57 -1931.07
-1931.51 -1931
-1931.44 -1930.91
-1931.35 -1930.82
-1931.27 -1930.72
-1931.17 -1930.61
-1931.06 -1930.49
-1930.95 -1930.37
-1930.7 -1930.1
-1930.43 -1929.8
-1930.12 -1929.47
-1929.78 -1929.11
-1929.4 -1928.73
-1928.34 -1927.64
-1927.09 -1926.36
-1925.66 -1924.91
-1924.04 -1923.29
-1922.24 -1921.51
-1920.27 -1919.58
-1915.81 -1915.24
-1910.69 -1910.25
-1904.93 -1904.67
-1898.57 -1898.56
-1891.19 -1891.96
-1882.85 -1884.91
-1874.99 -1877.4
-1866.66 -1869.48
-1857.88 -1861.19
-1848.68 -1852.53
-1839.11 -1843.51
-1829.19 -1834.18
-1818.95 -1824.6
-1808.44 -1814.72
-1797.66 -1804.57
