-0.535982 -0.485677 -0.501125 -0.520848 -0.441074 -0.552693
-0.712071 0.731535 -0.747322 -0.737706 0.693369 -0.695553
1.04201 -0.209066 -0.0473099 1.09709 -0.204221 -0.073891
-0.482833 -0.927715 0.0108742 -0.481877 -1.03712 0.078589
0.238556 0.15252 -0.533961 0.196329 0.096161 -0.476227
-0.564966 -0.325565 0.549306 -0.578047 -0.291242 0.595092
-0.37423 -0.060868 -0.843541 -0.416268 -0.025083 -0.878471
0.398429 -0.501233 1.51225 0.457912 -0.463339 1.52978
-0.0970352 0.530362 -1.13262 -0.049185 0.505018 -1.11555
-1.11096 -0.659716 -1.30503 -1.16802 -0.760656 -1.2699
0.786777 0.954901 -0.0735586 0.782016 1.0225 -0.121079
0.392327 0.520967 0.692934 0.408021 0.495805 0.685688
0.261562 0.38751 0.529734 0.351529 0.481031 0.484336
0.68467 1.35132 0.857925 0.818392 1.38575 0.888081
-1.67299e-05 -1.25007 0.112916 0.021178 -1.18039 0.103537
-0.299513 -0.97804 -0.122885 -0.278611 -0.941872 -0.075756
-0.0415291 -1.30425 -0.432807 -0.120551 -1.37832 -0.383038
-0.230904 -0.0604485 -0.824092 -0.129661 -0.049978 -0.717724
-0.362524 0.317409 -0.400206 -0.289456 0.293785 -0.456618
0.356058 0.264409 0.249939 0.370492 0.296109 0.323208
0.367923 0.410346 1.30346 0.425821 0.464996 1.32799
-0.134803 0.967164 -0.108698 -0.249027 0.929219 -0.146172
-0.68856 0.636258 0.311473 -0.748751 0.559891 0.215913
0.439531 -0.0336576 -0.866146 0.360271 -0.021059 -0.867508
-0.477304 0.430565 1.41743 -0.53087 0.490748 1.38019
-0.316091 -0.466725 -0.557218 -0.37228 -0.480404 -0.511915
0.837232 -1.04779 0.893998 0.82891 -1.14673 0.883567
0.168088 -1.22636 -0.3656 0.099288 -1.18314 -0.452571
-1.23418 0.502033 -1.16512 -1.28466 0.609616 -1.19914
-0.136131 0.237333 0.0594245 -0.252354 0.263417 -0.002822
0.615834 -0.0910022 0.456397 0.670101 -0.149029 0.402423
0.701403 1.07714 -0.40044 0.693027 0.969268 -0.395355
-0.281353 1.04122 0.315879 -0.339832 0.985247 0.443931
-0.137733 0.0526234 0.482471 -0.065088 0.045289 0.415604
0.370291 1.05058 -0.422291 0.355712 1.13786 -0.480786
0.946185 -0.612783 0.499997 0.965907 -0.650207 0.56137
0.124863 -0.82536 -0.611047 0.101474 -0.803821 -0.636424
-0.155165 0.692439 -0.501895 -0.133148 0.710481 -0.533865
0.692696 -0.327181 -1.08731 0.798928 -0.396549 -1.05929
-0.0524738 0.313681 -0.604711 -0.103614 0.284448 -0.560262
0.535271 0.571371 0.0529951 0.560089 0.595638 0.10709
-0.876803 -1.61341 -0.912522 -1.02135 -1.67602 -1.0116
0.24722 -0.533765 0.952064 0.296505 -0.511743 0.983755
-1.07019 -0.145724 0.914119 -1.04406 -0.145227 0.831015
-0.648353 0.408758 -0.629123 -0.717823 0.375074 -0.600727
0.28716 1.25245 1.41812 0.261852 1.30162 1.42919
0.787648 -0.507793 -0.492493 0.828259 -0.613941 -0.458112
1.50705 -0.235797 -0.422382 1.47669 -0.237068 -0.390761
0.618351 0.541104 -0.815726 0.75442 0.58442 -0.807775
-1.0481 0.677826 0.199612 -1.035 0.684222 0.210885
-0.45593 0.0909099 0.923953 -0.432488 0.133521 0.815195
-1.23847 -0.70542 0.711146 -1.07256 -0.749302 0.662726
1.05343 -0.345789 -1.16624 1.03354 -0.507916 -1.10432
-0.118952 1.27501 -0.517887 -0.243153 1.2895 -0.446234
-0.341517 0.542572 -1.01362 -0.439143 0.554199 -0.95669
0.627727 -0.503382 1.03297 0.48338 -0.515607 1.14114
-0.168247 0.244921 -0.658851 -0.073625 0.2096 -0.620627
0.179266 0.597922 -0.582869 0.259088 0.671439 -0.589721
-0.160955 0.563049 0.401713 -0.166461 0.732528 0.372523
0.824082 -0.649988 1.38946 0.954599 -0.656742 1.33625
0.262207 -0.138352 -0.550997 0.249497 -0.15755 -0.597798
-0.353346 0.833951 -0.470029 -0.308186 0.851676 -0.406047
-0.546541 0.596484 -0.326871 -0.53439 0.594025 -0.307457
-0.2227 0.193344 -0.877967 -0.242252 0.183852 -0.825318
0.145334 -0.267903 0.806048 0.228886 -0.273762 0.82482
0.103108 0.682042 -0.438994 0.140916 0.652646 -0.577179
-0.5848 0.244444 0.0222771 -0.547042 0.236389 -0.073543
-1.18932 0.635678 0.276927 -1.14548 0.55946 0.390268
0.5109 -0.660631 -0.188292 0.474935 -0.673488 -0.171963
-0.371643 -0.544038 0.124136 -0.372245 -0.557047 0.161785
-0.689543 1.43299 -1.11871 -0.88945 1.44242 -1.13098
1.0971 -0.40783 -0.057351 1.06557 -0.431267 -0.102757
0.830151 -0.961759 0.282105 0.88797 -1.04551 0.324848
-0.130102 0.0574925 0.139532 -0.124508 -0.020539 0.182565
-1.19334 1.01786 -0.628625 -1.08434 1.04754 -0.570117
1.08242 0.440693 -0.0682982 1.05241 0.42268 -0.101429
0.263404 -0.459468 0.98064 0.235487 -0.364694 0.901046
-0.34893 -1.04415 -0.100873 -0.309366 -1.04158 -0.136345
0.829236 -1.05435 -0.100176 0.945703 -1.04526 -0.186569
-1.02723 -0.787408 0.0730706 -0.983656 -0.843992 0.092632
-0.0164157 -0.248789 -0.957565 -0.103931 -0.140021 -0.95139
-0.201923 -0.436847 0.525272 -0.176464 -0.366674 0.558499
-1.34013 -1.0738 -0.193096 -1.20533 -1.19322 -0.247631
-0.853201 0.386218 0.211492 -0.944526 0.513776 0.264646
-0.0700124 0.299694 0.0228001 -0.187616 0.200235 0.051176
1.51707 -0.10664 -0.263617 1.41017 -0.129199 -0.273957
1.67503 -0.0883205 0.5821 1.63369 0.035616 0.756109
0.513281 1.2876 0.233421 0.55829 1.35828 0.277169
0.591967 0.294924 -0.419638 0.59166 0.323469 -0.404757
1.29967 -0.515747 0.971653 1.3037 -0.599564 1.05372
-0.0213108 -0.472499 0.447418 -0.010578 -0.50938 0.338949
-0.726023 0.835131 0.30558 -0.683689 0.811931 0.268525
-0.230062 -0.291903 -0.641014 -0.153929 -0.296518 -0.651981
1.18416 -1.53167 -1.13469 1.41317 -1.58294 -1.29692
0.803916 -0.569881 0.0947881 0.731403 -0.553984 0.024391
-0.559889 -0.740693 0.417249 -0.641512 -0.779111 0.415168
-1.6169 1.25279 1.01826 -1.73614 1.34427 1.10264
-0.217487 -1.16104 -0.788471 -0.252757 -1.22955 -0.799277
-0.706432 -0.0855671 -0.258267 -0.628444 -0.115135 -0.22881
-0.316947 0.302953 0.10889 -0.248429 0.390687 0.161176
0.146879 0.534232 0.417385 0.024423 0.558873 0.383837
0.986336 0.31436 1.14068 1.09681 0.423374 1.11846
0.773022 0.183407 0.95837 0.816856 0.205903 0.973986
-0.209513 1.08425 0.545131 -0.166459 1.06194 0.570942
0.821196 1.18641 -0.722327 0.841294 1.15817 -0.727832
0.276308 -0.00776858 -0.338355 0.281834 0.028515 -0.275382
1.21169 0.174335 0.181551 1.25599 0.097505 0.161776
-0.777378 -0.140115 -1.28208 -0.694058 -0.158909 -1.32656
-1.21612 0.035197 0.0265217 -1.26742 0.077291 -0.031603
-0.973161 -0.310324 0.812706 -0.964786 -0.361846 0.892428
0.508657 -0.805402 -1.1971 0.583137 -0.890541 -1.16497
0.906958 1.1219 -0.288025 0.913418 1.1278 -0.199523
0.311982 0.40038 0.692119 0.334352 0.401616 0.729019
-0.726816 0.486336 0.249635 -0.608744 0.486912 0.187918
-1.78189 -1.68009 -1.27782 -1.86898 -1.83787 -1.43524
-1.18689 0.449373 1.23213 -1.21852 0.5592 1.31614
1.08813 -0.193199 -0.934001 1.08306 -0.248694 -0.913346
0.786507 -0.024026 -1.08204 0.721956 -0.016391 -1.0317
1.86698 0.773964 1.00219 1.91025 0.843907 1.02235
-0.175117 -1.22919 0.94716 -0.32638 -1.09647 0.960991
-0.953171 1.04649 -0.43145 -0.786058 1.07666 -0.360806
-1.17205 -0.62396 -0.101975 -1.1107 -0.636581 -0.235706
-0.231232 0.443127 -0.342252 -0.180627 0.393453 -0.431979
-0.709467 -0.343626 0.965975 -0.60803 -0.283203 1.01852
1.12677 -0.29966 -0.00818828 1.01673 -0.421137 -0.018721
0.116926 1.11611 0.506588 0.109661 1.13485 0.539881
0.694732 -0.513412 -1.16736 0.702446 -0.601226 -1.23788
0.344285 0.728115 -0.947984 0.367144 0.625378 -0.848104
-1.91203 -0.744757 -0.760036 -1.80841 -0.859128 -0.80425
-0.512701 0.469366 -0.439466 -0.428021 0.424332 -0.303418
0.00933591 0.9319 0.0590281 0.037457 0.898176 -0.012297
-0.969946 -0.798391 0.372723 -0.894037 -0.788322 0.263813
1.73421 0.852885 0.762222 1.62551 0.937408 0.93013
-0.723033 -0.803614 1.03831 -0.830947 -0.707427 0.949897
0.0744492 -0.530715 -0.320362 0.048723 -0.435606 -0.350685
1.17434 0.0820723 0.865389 1.10079 0.212534 0.918379
-0.580591 -1.09756 0.165543 -0.532643 -1.07613 0.126635
-0.655227 -0.429101 -1.41029 -0.679907 -0.545063 -1.47863
-1.26516 -0.416166 -0.660806 -1.25241 -0.471993 -0.639098
-0.518252 0.374326 -0.69775 -0.492732 0.320676 -0.669753
0.556654 -0.0021408 1.37288 0.454394 0.005248 1.33549
1.28687 0.988662 0.419688 1.22982 1.01795 0.466971
0.656447 0.0857943 1.18175 0.483145 0.090895 1.15361
0.840162 0.418573 -0.511866 0.731853 0.476511 -0.527133
-0.0380242 1.40253 -0.476252 0.060306 1.34883 -0.456544
-0.946552 -0.167274 -0.776526 -0.9006 -0.223939 -0.818487
-1.22305 1.14266 -0.228913 -1.16192 1.19852 -0.128442
-0.595253 -0.472923 0.178445 -0.462407 -0.489966 0.229438
0.983923 -0.68428 0.0411141 0.882303 -0.624839 -0.098454
1.38913 0.00376702 0.616278 1.42095 0.13032 0.617252
0.159467 0.0308956 0.522066 0.170871 0.171526 0.484
1.31654 -0.726422 -1.2985 1.31129 -0.813068 -1.33812
-0.207603 -1.33332 0.536593 -0.170584 -1.26927 0.502373
0.722989 -1.09072 -0.240979 0.808438 -1.0051 -0.130162
-1.0946 0.415716 1.33965 -1.10257 0.552257 1.36369
0.704566 1.01207 -0.99742 0.861052 1.04096 -0.936037
-0.442797 0.232637 1.34718 -0.386226 0.143768 1.35329
-1.05199 0.207867 0.54621 -1.07006 0.136084 0.475232
-0.396732 0.637485 -1.91141 -0.530151 0.647624 -1.98056
0.0119664 -0.566805 0.259671 0.015384 -0.59305 0.214837
1.21493 0.0337704 -0.778091 1.25975 0.212193 -0.641624
0.17303 -0.964524 0.0878492 0.19569 -0.937495 0.025195
0.382914 1.65093 -0.860954 0.428234 1.67797 -0.907869
0.953923 0.135117 0.630195 0.984068 -0.004834 0.635151
0.0660374 -0.548427 0.912202 0.085091 -0.515397 0.868269
-0.698261 0.415395 0.529024 -0.7191 0.325433 0.442359
-0.488027 -0.990915 -0.118513 -0.515412 -1.02436 -0.120632
-0.941481 0.374487 -1.07883 -0.96906 0.412481 -1.09581
1.06056 0.666924 0.205042 1.01566 0.596694 0.158956
-0.366381 -0.0480652 0.0510237 -0.27317 -0.076175 -0.051668
-0.618047 0.285401 0.444458 -0.616785 0.390897 0.394901
0.426002 0.239873 -0.102373 0.333439 0.163196 -0.064225
-0.799834 -0.869226 -0.350412 -0.805049 -0.849427 -0.249627
0.0814112 0.954967 -0.543055 0.010197 0.907354 -0.620652
-0.493625 -0.122807 0.632258 -0.477573 -0.232825 0.590902
-0.478747 0.187781 0.235115 -0.473126 0.175002 0.163686
-1.00182 -0.112346 0.000509106 -0.97147 -0.094854 -0.007558
-0.622247 0.152989 0.0642231 -0.621245 0.060245 0.117122
-1.16276 1.66081 0.850538 -1.25133 1.6571 0.954329
0.326951 -0.991676 -1.35918 0.325317 -0.931706 -1.39779
0.325184 -0.91779 0.919058 0.131426 -0.952345 0.916712
0.0182818 0.253895 -0.695567 -0.00836 0.277546 -0.669693
-0.919699 -0.480501 -0.24067 -1.01132 -0.433862 -0.150863
0.877691 1.29415 0.922979 0.973497 1.32516 0.935185
-0.340831 -0.339217 0.803202 -0.283581 -0.242218 0.765737
-0.573697 -0.58467 0.141191 -0.681843 -0.546917 0.067563
0.903814 1.05424 -0.662804 0.934954 1.02509 -0.729341
1.31685 0.275944 0.413008 1.30678 0.131403 0.369227
-0.133431 -0.693141 0.411835 -0.071929 -0.719035 0.423822
0.750542 0.638603 -0.930965 0.711372 0.594908 -0.898488
-1.16054 -1.27707 0.920325 -1.25076 -1.35567 0.954703
-1.41858 -0.250014 -0.15793 -1.3974 -0.150459 -0.107248
-1.52526 -0.179661 0.02527 -1.44705 -0.228756 0.044922
-1.66996 0.36732 0.730216 -1.69994 0.361255 0.835247
-0.656154 0.07438 -1.39278 -0.584041 0.000455 -1.31893
0.790739 0.937351 0.0969257 0.936603 0.899972 0.083513
1.50929 -1.12054 0.522911 1.38872 -1.06233 0.400327
-0.726753 -0.796601 0.885547 -0.721772 -0.88116 0.992326
0.333255 1.23888 0.803287 0.411981 1.27949 0.784608
-1.64046 -0.784057 0.432337 -1.54695 -0.730025 0.580521
0.670678 -1.52251 0.858826 0.731075 -1.44688 0.857586
0.805301 0.197893 -0.558746 0.810549 0.334227 -0.561119
0.649092 -1.57567 0.604495 0.676719 -1.50151 0.713669
0.612168 -0.715753 -0.425526 0.599883 -0.66326 -0.356196
-1.13269 1.35037 -0.239189 -1.09734 1.30605 -0.325165
-0.375657 0.387736 0.242312 -0.414019 0.364627 0.257856
-0.413626 0.71467 0.121038 -0.434031 0.609667 0.084965
-0.556358 0.103705 0.443904 -0.548465 0.065102 0.379191
0.674967 1.09377 -0.130424 0.88266 1.08357 -0.227034
0.101229 -0.0952741 0.385345 0.192846 -0.019503 0.387228
0.744559 -1.1736 0.610443 0.779614 -1.08476 0.65432
-0.305851 -0.762304 -0.0248984 -0.346029 -0.678934 -0.044824
-0.841565 0.402172 -1.26971 -0.89193 0.436625 -1.26968
-0.37979 0.0210715 0.479515 -0.381222 0.053475 0.423687
-0.319322 0.7059 -0.855183 -0.362735 0.744584 -0.838489
1.05459 -0.40775 0.435797 0.949635 -0.417354 0.493622
-0.827947 0.561899 0.425911 -0.830712 0.499207 0.532888
-0.123123 0.33659 -0.641713 -0.122529 0.26708 -0.687081
0.266112 -0.589045 0.269542 0.228621 -0.588558 0.211115
0.432112 0.950035 -0.377479 0.435366 0.930227 -0.452985
-0.715767 -0.462707 0.48392 -0.816532 -0.491495 0.546463
0.604036 -0.592237 -0.360086 0.538492 -0.592486 -0.316387
-0.75359 0.273476 -0.603384 -0.832941 0.208573 -0.578265
1.15039 -1.0257 -1.10495 1.24025 -1.06399 -1.33808
-0.305131 0.595694 0.895728 -0.249843 0.650122 0.939773
0.777845 -0.516804 -0.697742 0.765388 -0.534759 -0.646187
1.5863 1.44115 -1.09932 1.65988 1.58107 -1.262
0.260828 0.853208 0.622612 0.224195 0.880649 0.581984
-1.01956 -0.565813 0.903368 -0.957137 -0.619581 0.93414
-0.300238 -0.378205 0.542482 -0.378824 -0.403768 0.527237
0.0357618 -0.391774 -0.699242 0.017924 -0.467603 -0.741334
-0.43451 0.39576 -1.55337 -0.501572 0.449937 -1.43383
0.186615 0.918575 -0.315205 0.079853 0.866541 -0.207761
0.158471 -0.430602 0.476825 0.186453 -0.432373 0.453476
0.604326 -0.35666 0.401688 0.552495 -0.428887 0.457753
-0.371919 0.0504688 -0.383613 -0.367119 0.107434 -0.40319
-0.83072 -0.0487069 -0.174327 -0.791049 -0.090282 -0.123759
0.532356 0.0832557 -0.531622 0.510853 0.13862 -0.566531
0.514065 -0.462266 -0.80669 0.461225 -0.45943 -0.780464
0.664921 1.06294 -0.461789 0.548193 1.0597 -0.36457
-0.307436 -1.09403 -0.40301 -0.270512 -1.14364 -0.362886
-0.472345 0.471438 -0.388126 -0.414968 0.434788 -0.348697
-1.59944 0.22295 -1.06227 -1.50528 0.06314 -0.960305
0.248851 1.3208 0.0133425 0.377565 1.2733 -0.039447
0.481591 -1.08293 1.44525 0.268387 -0.967974 1.37551
-0.937185 0.733393 -0.281959 -1.1138 0.740292 -0.418498
1.35734 0.504927 1.39438 1.27835 0.508055 1.34246
1.03734 -1.18381 -1.12932 0.985083 -1.12891 -1.2066
0.567658 0.141651 -1.09306 0.573888 0.114098 -1.00306
-0.571837 -0.540206 0.603804 -0.532036 -0.519736 0.624893
-0.74118 1.12419 0.982447 -0.803106 1.14465 1.11708
0.342972 -1.08 0.140818 0.473781 -1.06007 0.219461
-0.344842 -0.0514748 0.219787 -0.415062 -0.107964 0.230899
1.25634 0.583148 -0.823463 1.05408 0.556174 -0.807411
0.572409 -0.0119852 -1.16387 0.625569 0.062398 -1.07535
1.49814 0.0664711 -0.576132 1.53398 0.008522 -0.492264
0.335571 -2.01397 0.685869 0.34187 -2.04597 0.633422
-0.523868 0.775104 -0.27466 -0.387675 0.720928 -0.34132
-0.350831 -0.436318 -0.960765 -0.301626 -0.447511 -1.00538
-0.182514 -0.616684 -0.225045 -0.12809 -0.516581 -0.227171
1.11677 0.564999 0.580247 1.19089 0.582139 0.631273
1.24853 -1.26469 -1.12214 1.31077 -1.41983 -1.23275
1.30228 0.513798 0.0672301 1.20831 0.459206 0.017946
-1.17451 0.758882 0.18146 -1.29213 0.69726 0.08523
-1.67978 -0.377032 0.518907 -1.53337 -0.339373 0.460168
0.121266 -0.467697 -0.792609 0.222012 -0.461188 -0.740511
0.752759 0.75206 -1.05627 0.901808 0.774619 -1.12713
-1.43895 -0.338067 -0.304232 -1.29122 -0.417182 -0.376707
1.02368 0.328227 0.867219 0.964378 0.315659 0.928039
0.807404 0.291346 -0.17008 0.853625 0.283662 -0.130122
0.188746 0.171915 -0.487479 0.190347 0.088582 -0.501628
1.1327 1.06869 -0.152765 1.05768 1.03474 -0.062401
-1.63389 0.897793 0.716162 -1.76759 0.90974 0.833677
0.482979 0.0358655 0.273451 0.511879 -0.022301 0.266911
0.0501403 -0.00815119 -0.180532 0.065531 0.072452 -0.228191
0.422743 0.34836 -0.35008 0.486238 0.343403 -0.367233
-0.274479 0.190995 0.784822 -0.306744 0.233738 0.880313
0.343823 -0.232481 -1.22971 0.31991 -0.316206 -1.18794
0.397699 -0.183593 0.982463 0.38681 -0.172189 0.997788
0.0848854 -0.235596 -0.278926 0.011841 -0.174439 -0.374369
-1.03708 0.186232 0.110367 -1.04475 0.205218 0.095531
-1.27737 0.13957 0.286735 -1.20898 0.216146 0.319495
0.649401 -1.20666 0.760173 0.755107 -1.25709 0.800867
0.230522 -0.0873404 0.00855565 0.332858 -0.031126 -0.084307
0.0974452 0.0296276 -0.352736 0.029357 0.015727 -0.338026
1.01782 0.231312 -0.165808 0.956906 0.143573 -0.237116
0.0294888 0.6836 0.0816201 -0.041975 0.578066 0.091628
-0.00278896 0.23709 -0.661383 -0.079957 0.303288 -0.658947
-1.06122 -0.157169 -0.649934 -1.09383 -0.209658 -0.612068
0.984111 -0.592252 -0.0563407 0.987505 -0.565366 -0.021976
0.688172 -0.483718 -0.519232 0.724012 -0.410701 -0.434094
-0.78127 -0.294199 0.734801 -0.687848 -0.215335 0.808708
0.243626 1.05148 0.685457 0.328792 0.986997 0.711829
1.36547 0.0165446 -0.75749 1.36947 -0.058697 -0.753394
-0.171686 -0.554269 1.05472 -0.306347 -0.584124 1.00902
0.333266 0.723283 -0.596985 0.248751 0.793976 -0.50419
-1.34237 1.01875 1.65521 -1.38994 1.22466 1.64394
0.193265 -0.251332 -0.288092 0.152322 -0.265885 -0.275587
-0.26855 -0.209646 1.08656 -0.131305 -0.061403 1.0844
-0.627574 0.0209977 -0.31524 -0.541319 0.051301 -0.333894
-0.0121983 0.185854 -0.602543 -0.034638 0.211391 -0.598894
-0.263752 0.0282927 1.09415 -0.19416 -0.084669 1.06218
0.313456 -0.315828 0.257717 0.308158 -0.22259 0.20847
-0.136221 -0.733493 0.955803 -0.129539 -0.739235 0.857475
-0.910262 0.149907 0.27228 -0.889686 0.166856 0.245848
-0.0618472 0.645953 0.178982 -0.047185 0.646012 0.161442
-0.94707 0.0111909 0.464587 -0.902756 0.064155 0.497483
0.0507266 0.030103 0.129864 0.10519 0.017335 0.10458
0.774702 -0.0708184 -0.122047 0.782305 -0.051653 -0.137237
0.481359 0.111333 -0.910728 0.531453 0.170527 -0.966334
0.0704162 -1.0049 1.15451 -0.002228 -0.995678 1.14641
-0.634167 0.336249 -1.04703 -0.72433 0.379244 -0.987217
-0.36011 -0.0241278 0.464159 -0.426606 -0.106026 0.469301
1.28166 -0.323443 -1.55915 1.12808 -0.283995 -1.58291
-1.05053 0.115319 -0.253169 -0.944512 0.150001 -0.239815
0.974528 1.10359 -1.04721 1.0798 1.12828 -1.14938
-0.824094 -0.705142 1.97269 -0.84367 -0.913537 2.02174
-0.0484116 0.576762 0.62969 -0.03873 0.57325 0.606836
1.50269 -0.478 -0.569367 1.42754 -0.571815 -0.669208
0.241916 -0.19055 -0.627314 0.367902 -0.11501 -0.611112
0.411634 -0.503342 0.776235 0.345968 -0.525507 0.875795
0.389214 0.126802 0.621828 0.288325 0.119369 0.669992
-0.262033 -0.125325 0.935288 -0.25478 -0.082249 0.868861
0.599337 -0.437556 0.0567901 0.627182 -0.495138 0.131065
-0.293507 -0.414222 -0.116362 -0.243173 -0.41594 0.058036
-0.360689 -0.274015 0.273273 -0.380297 -0.323384 0.258976
-0.0862527 -1.56569 0.363402 -0.19736 -1.51819 0.318751
0.24775 -1.08131 0.962622 0.115135 -1.06521 0.920465
-0.868452 0.288918 0.131099 -0.78634 0.359339 0.131662
0.388798 -0.133394 -0.0390918 0.343658 -0.135664 -0.083859
-0.0698822 0.0278801 -1.03269 -0.013984 0.063884 -1.0183
-0.613196 0.520417 0.325817 -0.647345 0.522102 0.314057
0.549481 0.442055 0.342381 0.524501 0.487501 0.268538
0.745779 -1.34602 -0.959854 0.918317 -1.37658 -1.08888
0.105384 1.13856 0.648266 0.091936 1.11077 0.563227
-0.460672 -0.120698 -0.191516 -0.520138 -0.084979 -0.189087
-0.762355 -1.75266 -1.14921 -0.865064 -1.77174 -1.1966
-0.846224 -0.612334 -0.454382 -0.753182 -0.618155 -0.395125
0.290683 -0.455855 1.29741 0.276302 -0.447464 1.23158
0.00725857 -0.90812 -0.376603 0.077264 -0.940597 -0.331241
0.882388 1.75761 0.759986 1.01402 1.76307 0.90428
0.995966 0.299795 0.375755 0.869971 0.25943 0.405107
-0.389573 -0.732216 -0.796553 -0.380548 -0.667615 -0.754242
0.320205 -0.292956 0.222247 0.272532 -0.263417 0.23233
0.489198 0.491523 0.681934 0.481222 0.437745 0.5857
-0.435857 -0.18266 -0.0628132 -0.477812 -0.179877 -0.091912
0.0630344 1.13523 -0.0423854 0.089595 1.15515 -0.023361
-0.498571 0.882225 -0.221193 -0.347183 0.789764 -0.266629
0.280689 -1.06192 -0.122539 0.299218 -0.991992 -0.16597
-0.0148302 0.895681 -0.211387 0.007908 0.951062 -0.222972
-1.10306 -1.25408 1.02291 -1.12731 -1.30362 1.14046
0.571225 0.664606 -0.725409 0.475358 0.699668 -0.718245
1.3558 1.06718 0.54887 1.1206 0.958549 0.409821
-0.0874421 -0.325293 1.17756 -0.049983 -0.391901 1.09033
-0.0533061 -0.170539 0.217622 -0.100881 -0.3438 0.244127
1.82448 0.0698348 0.700467 1.73189 0.016268 0.726111
-1.05389 -0.965829 -0.916406 -0.946117 -0.886794 -0.760589
1.16695 -0.756949 -0.387521 1.14222 -0.771334 -0.370633
0.218992 -0.763845 -0.144443 0.249818 -0.636629 -0.12828
-0.860164 -0.863637 0.69548 -0.876713 -0.813247 0.742872
0.123837 -0.50249 -1.14584 0.140545 -0.567823 -1.204
-0.327396 0.288391 1.10655 -0.313289 0.253142 1.07016
-0.512545 0.566766 -0.640003 -0.406782 0.553416 -0.661836
-0.608605 1.05984 0.280995 -0.617636 1.05797 0.37335
1.45596 -0.423747 0.65492 1.49035 -0.409218 0.610098
-0.173379 -1.58748 -0.804415 -0.05607 -1.61338 -0.831176
0.471827 0.263678 -0.0184505 0.481601 0.286442 -0.026988
-0.816895 -0.450841 0.574537 -0.817482 -0.501789 0.646228
-0.726795 1.64657 1.31246 -0.891535 1.614 1.38721
-0.425626 0.462538 0.0163144 -0.42149 0.417861 0.005114
0.575728 -0.515291 1.07039 0.638376 -0.561276 1.08565
0.77991 0.32522 0.356514 0.811594 0.26201 0.248295
-0.92991 -0.370991 -1.0992 -0.860519 -0.245834 -1.04213
0.0941462 -0.321023 -0.291858 0.163338 -0.258579 -0.261285
-0.66997 0.768392 -1.29448 -0.685599 0.746614 -1.23768
-0.526526 0.398524 -0.835665 -0.49303 0.413203 -0.862224
-1.59564 -0.530133 -0.965343 -1.46327 -0.625435 -1.03029
-0.561824 -0.325712 0.482379 -0.527192 -0.247674 0.464606
-0.840357 0.300765 -0.166731 -0.713596 0.306761 -0.131513
0.525264 0.349025 0.271459 0.620632 0.36318 0.295262
1.02117 0.16139 0.965104 1.006 0.213275 1.01882
-1.19993 1.46565 -1.21005 -1.16164 1.55885 -1.30561
-0.183044 0.178658 -0.545809 -0.187426 0.23428 -0.655181
-0.378893 -0.149968 0.154584 -0.39516 -0.093542 0.181409
-0.144708 0.489486 -0.466175 -0.090582 0.507488 -0.459448
0.105336 -0.807598 1.26923 0.182769 -0.799874 1.29093
0.0651951 0.628278 0.351871 -0.046421 0.615668 0.337111
-1.21957 0.362503 0.598671 -1.06501 0.446373 0.617802
0.20663 0.122028 -0.71438 0.161756 0.201773 -0.680899
-0.550181 -0.55023 0.661729 -0.55977 -0.570099 0.601938
-0.0194265 -0.19915 0.76859 -0.020195 -0.045718 0.683097
0.772846 -0.555338 0.646925 0.646211 -0.415839 0.6299
-0.0724931 -0.0977394 -0.707949 -0.12332 -0.138729 -0.720417
-0.713282 -0.49882 0.962679 -0.627895 -0.490489 0.989829
-0.996121 0.848719 1.24472 -1.10157 0.852402 1.35828
-0.713188 -0.41729 -1.0972 -0.744222 -0.430422 -1.09076
0.913051 -0.0572054 -0.00567703 0.922589 -0.080349 0.031472
-0.0548261 -1.09361 0.748152 -0.184189 -1.05054 0.792082
-0.714224 0.170589 -0.58029 -0.717965 0.16282 -0.632206
0.943246 -0.0470329 1.36286 0.906064 0.06252 1.2818
-0.104108 -0.211161 -0.167289 -0.044978 -0.161291 -0.281324
-0.109932 -0.12458 -0.353546 -0.175356 -0.149785 -0.285511
0.314329 -1.20263 0.286305 0.374562 -1.18124 0.322657
-0.396826 -0.0887624 -0.649584 -0.34292 -0.163687 -0.596414
-0.279061 0.58986 -0.514858 -0.318994 0.538872 -0.644663
-0.204426 -0.115072 0.358642 -0.229581 -0.067519 0.320367
-0.298339 0.314021 0.161156 -0.206546 0.266923 0.138339
0.223867 -0.586737 1.52072 0.131891 -0.638637 1.44858
-0.663742 0.484761 -0.849991 -0.603166 0.450839 -0.74119
0.093625 -0.323591 0.606173 0.124918 -0.330513 0.617362
-0.269551 0.309234 0.148783 -0.221761 0.294722 0.14156
0.944255 0.372648 -0.0252743 0.964523 0.239495 0.047295
-0.0889428 -0.774536 0.550939 -0.122972 -0.784023 0.610974
1.01132 -0.318319 -0.828669 0.954406 -0.322596 -0.833932
1.13624 -0.377001 -0.221614 1.08931 -0.445783 -0.322331
0.59769 -0.73983 -0.362025 0.615135 -0.735473 -0.456948
-0.503924 1.23513 0.0447373 -0.454466 1.29652 0.084835
0.663035 -0.181023 -0.513687 0.69211 -0.261498 -0.507017
0.110174 0.895083 -0.992816 0.123977 0.865301 -1.04243
-0.4511 -0.206541 -0.331214 -0.447571 -0.244847 -0.313604
0.0507285 -0.388985 0.694472 0.032663 -0.425434 0.592422
-1.29711 -0.36617 1.41195 -1.33892 -0.438412 1.46612
-0.00216869 -0.0860567 0.011139 0.011317 -0.155218 -0.076273
0.470004 0.561335 -0.381742 0.461691 0.540757 -0.378476
-1.41576 -1.21387 -1.44879 -1.45019 -1.24684 -1.48303
0.247643 0.265177 -0.580447 0.240281 0.224737 -0.513356
-0.114608 1.07331 -1.29907 0.079119 1.08865 -1.32957
-0.2612 -0.651134 -0.887787 -0.305422 -0.718392 -0.802442
1.02035 0.764199 2.13827 1.0064 0.949676 2.08843
-0.034415 -0.907906 0.194086 -0.072724 -0.974647 0.100492
0.827696 0.244085 -0.462505 0.688227 0.246151 -0.495624
-0.215825 1.19675 0.942042 -0.115092 1.15314 0.923067
-0.677879 0.452846 -0.584292 -0.703717 0.485391 -0.575852
1.26065 0.192289 -0.236985 1.31725 0.157828 -0.175048
-1.28666 -0.929588 -1.89606 -1.37009 -1.03989 -2.00441
-0.582794 0.508734 0.475461 -0.55065 0.538823 0.451822
0.31206 0.313235 0.602401 0.234829 0.295239 0.465866
0.108918 -0.137696 0.325362 0.121541 -0.056116 0.267306
1.59036 0.798589 1.64698 1.70965 0.947475 1.81207
0.379851 -0.99679 -0.293917 0.292574 -1.01502 -0.343655
-0.580999 0.602798 -0.0222456 -0.615108 0.638294 0.079953
-0.274712 -0.357093 0.774953 -0.144267 -0.371985 0.768255
-1.38827 -0.0391453 0.265649 -1.34897 -0.020838 0.359875
-0.40666 0.105462 -1.00284 -0.425794 0.145963 -0.938344
-0.0983311 -0.340329 0.30785 -0.174475 -0.374405 0.346122
1.02555 -0.108719 -0.772188 0.929488 -0.160048 -0.807849
0.2303 -0.417738 1.09737 0.093195 -0.470266 1.19046
0.358642 0.327874 1.00309 0.368835 0.393972 0.898344
-0.911035 0.370269 0.424948 -0.894993 0.31408 0.38699
-0.762656 1.0582 -1.35708 -0.676499 0.877586 -1.24901
1.59423 1.06969 -0.398136 1.52722 1.11312 -0.535894
0.748798 -1.45313 0.481649 0.772393 -1.35658 0.547694
0.00267467 -0.164492 -0.357209 -0.028433 -0.138444 -0.431618
1.16488 0.239484 0.333145 1.14684 0.357276 0.25687
-1.11392 -0.480543 -0.94319 -0.986904 -0.358425 -1.01591
-0.0187153 0.490932 0.734634 -0.082202 0.453638 0.899482
0.823516 0.793061 -1.19561 0.801855 0.772477 -1.09838
0.0344568 -0.289909 -0.100709 0.048401 -0.313529 -0.055303
0.494477 -0.385397 -1.18118 0.460008 -0.369396 -1.09722
0.173713 1.35366 -0.366116 0.145585 1.31177 -0.385818
-0.904728 -0.964829 0.743936 -0.943783 -0.96754 0.747659
0.547503 0.0253306 -0.0685769 0.468113 -0.02786 -0.044929
0.882372 0.752159 0.802109 0.869222 0.741848 0.76467
-0.429745 -0.610818 0.600756 -0.417204 -0.678491 0.680933
-0.865368 -0.566821 -0.0529178 -0.896947 -0.579596 -0.056885
-0.780083 0.681983 0.675707 -0.787665 0.706545 0.798907
-0.744827 0.446998 0.392868 -0.727338 0.41396 0.484528
-0.902982 -1.00537 -0.881298 -0.899692 -0.94683 -0.882521
1.59094 0.0938744 0.13052 1.54177 0.045564 0.095716
-0.61252 1.3862 -1.02915 -0.61884 1.46147 -1.07431
-0.135335 -0.0638013 -0.187825 -0.118953 -0.128863 -0.200282
-0.133038 1.11357 0.618559 -0.199418 1.1301 0.704246
0.397507 -0.0109287 0.114947 0.369306 -0.056435 0.036256
1.30281 0.676905 -0.328839 1.34773 0.789514 -0.486917
-0.388039 -0.98276 0.247472 -0.360516 -0.983471 0.266381
1.2828 -0.626823 0.44061 1.28432 -0.610994 0.424577
-0.729293 -0.0881161 -0.160748 -0.701936 -0.154717 -0.134233
-1.07445 1.28304 -0.913092 -1.1209 1.29924 -0.992284
-0.566359 0.493222 0.295453 -0.492293 0.304947 0.367899
-1.52813 1.07249 -0.519944 -1.63446 1.16155 -0.668517
0.914353 -0.258048 -1.0271 0.900254 -0.249758 -1.04583
-0.0900605 1.31557 0.441041 -0.127543 1.33276 0.411948
-0.29377 -0.529074 -0.420769 -0.267765 -0.547268 -0.375024
-1.17186 1.06607 0.340229 -1.16049 1.10456 0.419236
1.05384 -0.195717 0.433363 1.09975 -0.177166 0.455743
-0.936705 -0.325407 -0.557389 -0.98197 -0.268174 -0.396169
0.470401 -0.815235 -0.0532476 0.472874 -0.963313 -0.079723
0.330305 -0.0494344 -0.684066 0.303401 -0.012662 -0.808668
0.14462 0.439196 0.241823 0.168011 0.477687 0.297071
-0.494376 -0.164519 -0.112285 -0.487969 -0.097244 -0.149969
-0.713654 -1.36029 -0.131527 -0.771485 -1.28638 -0.285716
-0.416641 0.13783 1.71105 -0.450898 0.116625 1.68873
0.189602 0.695966 -1.12567 0.104054 0.698833 -1.06752
0.957571 0.424908 0.418978 0.938199 0.455831 0.443205
0.380058 0.890119 0.460693 0.424989 0.97535 0.535607
0.00641257 -1.71693 -0.426069 -0.06764 -1.7377 -0.364915
-0.148653 0.643283 -0.076847 -0.072133 0.69989 -0.051631
0.0602004 -1.53333 -0.130932 0.140973 -1.50524 -0.162995
-0.387048 -0.848161 -0.677741 -0.471298 -0.776417 -0.639791
-0.362585 0.325073 -0.338521 -0.391207 0.425845 -0.264891
-0.359711 -0.117193 0.742201 -0.319423 -0.190525 0.714826
0.958013 0.783109 0.437217 0.911757 0.817104 0.458928
1.4931 -1.14188 0.447049 1.40911 -1.16121 0.309016
0.218102 0.37004 -0.128199 0.147815 0.318692 -0.160399
0.738161 -1.55618 1.33142 0.84313 -1.57606 1.32324
-1.02809 0.159853 0.449954 -0.989936 0.206079 0.380196
-0.338394 -0.683674 -0.126709 -0.313929 -0.704638 -0.139416
-0.940214 0.788312 0.712795 -0.928488 0.829465 0.818551
0.428842 -0.453037 -0.503174 0.377961 -0.535142 -0.484876
1.12193 -0.242735 0.0285333 0.996438 -0.157675 -0.0031
1.56146 -0.650271 -0.801076 1.41441 -0.674217 -0.824642
0.226579 0.336636 -0.2921 0.160374 0.337362 -0.23224
