0 0.076536 0.729427 1.19693 3.11941 2 1 2.24511 -0.333333 5 10 0.442346 
1 0.076536 0.729427 1.19693 3.11941 2 1 2.24511 -0.333333 5 10 0.442346 
2 0.076536 0.729427 1.19693 3.11941 2 1 2.24511 -0.333333 5 10 0.442346 
3 0.076536 0.729427 1.19693 3.11941 2 1 2.24511 -0.333333 5 10 0.442346 
4 0.076536 0.729427 1.19693 3.11941 2 1 2.24511 -0.333333 5 10 0.442346 
5 0.0736602 0.72496 1.19693 3.11941 2 1 2.24511 -0.333333 5 10 0.43205 
6 0.0717857 0.706611 1.17452 3.15232 2 1 2.21048 -0.333333 5 10 0.486653 
7 0.0717857 0.706611 1.17452 3.15232 2 1 2.21048 -0.333333 5 10 0.486653 
8 0.0717857 0.706611 1.17452 3.15232 2 1 2.21048 -0.333333 5 10 0.486653 
9 0.0716376 0.725217 1.19542 3.12323 2 1 2.45512 -0.333333 5 10 0.490557 
10 0.0715613 0.726686 1.19693 3.11941 2 1 2.24511 -0.333333 5 10 0.444922 
11 0.0639421 0.703914 1.17623 3.14762 2 1 2.32366 -0.333333 5 10 0.416992 
12 0.0639421 0.703914 1.17623 3.14762 2 1 2.32366 -0.333333 5 10 0.416992 
13 0.0639421 0.703914 1.17623 3.14762 2 1 2.32366 -0.333333 5 10 0.416992 
14 0.0634874 0.70533 1.17249 3.15164 2 1 2.47067 -0.333333 5 10 0.423128 
15 0.0634874 0.70533 1.17249 3.15164 2 1 2.47067 -0.333333 5 10 0.423128 
16 0.0634874 0.70533 1.17249 3.15164 2 1 2.47067 -0.333333 5 10 0.423128 
17 0.0634874 0.70533 1.17249 3.15164 2 1 2.47067 -0.333333 5 10 0.423128 
18 0.0634874 0.70533 1.17249 3.15164 2 1 2.47067 -0.333333 5 10 0.423128 
19 0.0634874 0.70533 1.17249 3.15164 2 1 2.47067 -0.333333 5 10 0.423128 
20 0.0634874 0.70533 1.17249 3.15164 2 1 2.47067 -0.333333 5 10 0.423128 
21 0.0634874 0.70533 1.17249 3.15164 2 1 2.47067 -0.333333 5 10 0.423128 
22 0.0634874 0.70533 1.17249 3.15164 2 1 2.47067 -0.333333 5 10 0.423128 
23 0.0634874 0.70533 1.17249 3.15164 2 1 2.47067 -0.333333 5 10 0.423128 
24 0.0634874 0.70533 1.17249 3.15164 2 1 2.47067 -0.333333 5 10 0.423128 
25 0.0634874 0.70533 1.17249 3.15164 2 1 2.47067 -0.333333 5 10 0.423128 
26 0.0634874 0.70533 1.17249 3.15164 2 1 2.47067 -0.333333 5 10 0.423128 
27 0.0634874 0.70533 1.17249 3.15164 2 1 2.47067 -0.333333 5 10 0.423128 
28 0.0634874 0.70533 1.17249 3.15164 2 1 2.47067 -0.333333 5 10 0.423128 
29 0.0634874 0.70533 1.17249 3.15164 2 1 2.47067 -0.333333 5 10 0.423128 
30 0.0634874 0.70533 1.17249 3.15164 2 1 2.47067 -0.333333 5 10 0.423128 
31 0.0634874 0.70533 1.17249 3.15164 2 1 2.47067 -0.333333 5 10 0.423128 
32 0.0634874 0.70533 1.17249 3.15164 2 1 2.47067 -0.333333 5 10 0.423128 
33 0.0634874 0.70533 1.17249 3.15164 2 1 2.47067 -0.333333 5 10 0.423128 
34 0.0634874 0.70533 1.17249 3.15164 2 1 2.47067 -0.333333 5 10 0.423128 
35 0.0634874 0.70533 1.17249 3.15164 2 1 2.47067 -0.333333 5 10 0.423128 
36 0.0634874 0.70533 1.17249 3.15164 2 1 2.47067 -0.333333 5 10 0.423128 
37 0.0634874 0.70533 1.17249 3.15164 2 1 2.47067 -0.333333 5 10 0.423128 
38 0.0634874 0.70533 1.17249 3.15164 2 1 2.47067 -0.333333 5 10 0.423128 
39 0.0634874 0.70533 1.17249 3.15164 2 1 2.47067 -0.333333 5 10 0.423128 
40 0.060603 0.70533 1.17287 3.15164 2 1 2.47067 -0.333333 5 10 0.473467 
41 0.060603 0.70533 1.17287 3.15164 2 1 2.47067 -0.333333 5 10 0.473467 
42 0.0594146 0.700644 1.16709 3.16272 2 1 2.35307 -0.333333 5 10 0.425768 
43 0.0594146 0.700644 1.16709 3.16272 2 1 2.35307 -0.333333 5 10 0.425768 
44 0.0594146 0.700644 1.16709 3.16272 2 1 2.35307 -0.333333 5 10 0.425768 
45 0.0594146 0.700644 1.16709 3.16272 2 1 2.35307 -0.333333 5 10 0.425768 
46 0.0594146 0.700644 1.16709 3.16272 2 1 2.35307 -0.333333 5 10 0.425768 
47 0.0594146 0.700644 1.16709 3.16272 2 1 2.35307 -0.333333 5 10 0.425768 
48 0.0594146 0.700644 1.16709 3.16272 2 1 2.35307 -0.333333 5 10 0.425768 
49 0.0594146 0.700644 1.16709 3.16272 2 1 2.35307 -0.333333 5 10 0.425768 
50 0.0594146 0.700644 1.16709 3.16272 2 1 2.35307 -0.333333 5 10 0.425768 
51 0.0594146 0.700644 1.16709 3.16272 2 1 2.35307 -0.333333 5 10 0.425768 
52 0.0594146 0.700644 1.16709 3.16272 2 1 2.35307 -0.333333 5 10 0.425768 
53 0.0594146 0.700644 1.16709 3.16272 2 1 2.35307 -0.333333 5 10 0.425768 
54 0.0594146 0.700644 1.16709 3.16272 2 1 2.35307 -0.333333 5 10 0.425768 
55 0.0594146 0.700644 1.16709 3.16272 2 1 2.35307 -0.333333 5 10 0.425768 
56 0.0588421 0.700931 1.16654 3.16225 2 1 2.39761 -0.333333 5 10 0.400555 
57 0.0588421 0.700931 1.16654 3.16225 2 1 2.39761 -0.333333 5 10 0.400555 
58 0.0588421 0.700931 1.16654 3.16225 2 1 2.39761 -0.333333 5 10 0.400555 
59 0.0588421 0.700931 1.16654 3.16225 2 1 2.39761 -0.333333 5 10 0.400555 
60 0.0588421 0.700931 1.16654 3.16225 2 1 2.39761 -0.333333 5 10 0.400555 
61 0.0588421 0.700931 1.16654 3.16225 2 1 2.39761 -0.333333 5 10 0.400555 
62 0.0588421 0.700931 1.16654 3.16225 2 1 2.39761 -0.333333 5 10 0.400555 
63 0.0588421 0.700931 1.16654 3.16225 2 1 2.39761 -0.333333 5 10 0.400555 
64 0.0588421 0.700931 1.16654 3.16225 2 1 2.39761 -0.333333 5 10 0.400555 
65 0.0588421 0.700931 1.16654 3.16225 2 1 2.39761 -0.333333 5 10 0.400555 
66 0.0588421 0.700931 1.16654 3.16225 2 1 2.39761 -0.333333 5 10 0.400555 
67 0.0588421 0.700931 1.16654 3.16225 2 1 2.39761 -0.333333 5 10 0.400555 
68 0.0554704 0.700015 1.16654 3.16225 2 1 2.3636 -0.333333 5 10 0.428017 
69 0.0554704 0.700015 1.16654 3.16225 2 1 2.3636 -0.333333 5 10 0.428017 
70 0.0554704 0.700015 1.16654 3.16225 2 1 2.3636 -0.333333 5 10 0.428017 
71 0.0554704 0.700015 1.16654 3.16225 2 1 2.3636 -0.333333 5 10 0.428017 
72 0.0554704 0.700015 1.16654 3.16225 2 1 2.3636 -0.333333 5 10 0.428017 
73 0.0554704 0.700015 1.16654 3.16225 2 1 2.3636 -0.333333 5 10 0.428017 
74 0.0554704 0.700015 1.16654 3.16225 2 1 2.3636 -0.333333 5 10 0.428017 
75 0.0554704 0.700015 1.16654 3.16225 2 1 2.3636 -0.333333 5 10 0.428017 
76 0.0554704 0.700015 1.16654 3.16225 2 1 2.3636 -0.333333 5 10 0.428017 
77 0.0554704 0.700015 1.16654 3.16225 2 1 2.3636 -0.333333 5 10 0.428017 
78 0.0554704 0.700015 1.16654 3.16225 2 1 2.3636 -0.333333 5 10 0.428017 
79 0.0554704 0.700015 1.16654 3.16225 2 1 2.3636 -0.333333 5 10 0.428017 
80 0.0554704 0.700015 1.16654 3.16225 2 1 2.3636 -0.333333 5 10 0.428017 
81 0.0554704 0.700015 1.16654 3.16225 2 1 2.3636 -0.333333 5 10 0.428017 
82 0.0554704 0.700015 1.16654 3.16225 2 1 2.3636 -0.333333 5 10 0.428017 
83 0.0554704 0.700015 1.16654 3.16225 2 1 2.3636 -0.333333 5 10 0.428017 
84 0.0554704 0.700015 1.16654 3.16225 2 1 2.3636 -0.333333 5 10 0.428017 
85 0.0554704 0.700015 1.16654 3.16225 2 1 2.3636 -0.333333 5 10 0.428017 
86 0.0554704 0.700015 1.16654 3.16225 2 1 2.3636 -0.333333 5 10 0.428017 
87 0.0554704 0.700015 1.16654 3.16225 2 1 2.3636 -0.333333 5 10 0.428017 
88 0.0554704 0.700015 1.16654 3.16225 2 1 2.3636 -0.333333 5 10 0.428017 
89 0.0554704 0.700015 1.16654 3.16225 2 1 2.3636 -0.333333 5 10 0.428017 
90 0.0554704 0.700015 1.16654 3.16225 2 1 2.3636 -0.333333 5 10 0.428017 
91 0.0554704 0.700015 1.16654 3.16225 2 1 2.3636 -0.333333 5 10 0.428017 
92 0.0554704 0.700015 1.16654 3.16225 2 1 2.3636 -0.333333 5 10 0.428017 
93 0.0554704 0.700015 1.16654 3.16225 2 1 2.3636 -0.333333 5 10 0.428017 
94 0.0554704 0.700015 1.16654 3.16225 2 1 2.3636 -0.333333 5 10 0.428017 
95 0.0554704 0.700015 1.16654 3.16225 2 1 2.3636 -0.333333 5 10 0.428017 
96 0.0553559 0.708316 1.17753 3.1466 2 1 2.40591 -0.333333 5 10 0.470808 
97 0.0553559 0.708316 1.17753 3.1466 2 1 2.40591 -0.333333 5 10 0.470808 
98 0.0553559 0.708316 1.17753 3.1466 2 1 2.40591 -0.333333 5 10 0.470808 
99 0.0553559 0.708316 1.17753 3.1466 2 1 2.40591 -0.333333 5 10 0.470808 
100 0.0553559 0.708316 1.17753 3.1466 2 1 2.40591 -0.333333 5 10 0.470808 
101 0.0553559 0.708316 1.17753 3.1466 2 1 2.40591 -0.333333 5 10 0.470808 
102 0.0553559 0.708316 1.17753 3.1466 2 1 2.40591 -0.333333 5 10 0.470808 
103 0.0553559 0.708316 1.17753 3.1466 2 1 2.40591 -0.333333 5 10 0.470808 
104 0.0553559 0.708316 1.17753 3.1466 2 1 2.40591 -0.333333 5 10 0.470808 
105 0.0553559 0.708316 1.17753 3.1466 2 1 2.40591 -0.333333 5 10 0.470808 
106 0.0553559 0.708316 1.17753 3.1466 2 1 2.40591 -0.333333 5 10 0.470808 
107 0.0553559 0.708316 1.17753 3.1466 2 1 2.40591 -0.333333 5 10 0.470808 
108 0.0553559 0.708316 1.17753 3.1466 2 1 2.40591 -0.333333 5 10 0.470808 
109 0.0553559 0.708316 1.17753 3.1466 2 1 2.40591 -0.333333 5 10 0.470808 
110 0.0553559 0.708316 1.17753 3.1466 2 1 2.40591 -0.333333 5 10 0.470808 
111 0.0553559 0.708316 1.17753 3.1466 2 1 2.40591 -0.333333 5 10 0.470808 
112 0.0553559 0.708316 1.17753 3.1466 2 1 2.40591 -0.333333 5 10 0.470808 
113 0.0553559 0.708316 1.17753 3.1466 2 1 2.40591 -0.333333 5 10 0.470808 
114 0.0553559 0.708316 1.17753 3.1466 2 1 2.40591 -0.333333 5 10 0.470808 
115 0.0553559 0.708316 1.17753 3.1466 2 1 2.40591 -0.333333 5 10 0.470808 
116 0.0553559 0.708316 1.17753 3.1466 2 1 2.40591 -0.333333 5 10 0.470808 
117 0.0553559 0.708316 1.17753 3.1466 2 1 2.40591 -0.333333 5 10 0.470808 
118 0.0553559 0.708316 1.17753 3.1466 2 1 2.40591 -0.333333 5 10 0.470808 
119 0.0540696 0.708316 1.17753 3.1466 2 1 2.42569 -0.333333 5 10 0.409867 
120 0.0540696 0.708316 1.17753 3.1466 2 1 2.42569 -0.333333 5 10 0.409867 
121 0.0540521 0.708316 1.17753 3.1466 2 1 2.40591 -0.333333 5 10 0.409967 
122 0.0540521 0.708316 1.17753 3.1466 2 1 2.40591 -0.333333 5 10 0.409967 
123 0.0540521 0.708316 1.17753 3.1466 2 1 2.40591 -0.333333 5 10 0.409967 
124 0.0540521 0.708316 1.17753 3.1466 2 1 2.40591 -0.333333 5 10 0.409967 
125 0.0540521 0.708316 1.17753 3.1466 2 1 2.40591 -0.333333 5 10 0.409967 
126 0.0540521 0.708316 1.17753 3.1466 2 1 2.40591 -0.333333 5 10 0.409967 
127 0.0540521 0.708316 1.17753 3.1466 2 1 2.40591 -0.333333 5 10 0.409967 
128 0.0540521 0.708316 1.17753 3.1466 2 1 2.40591 -0.333333 5 10 0.409967 
129 0.0540521 0.708316 1.17753 3.1466 2 1 2.40591 -0.333333 5 10 0.409967 
130 0.0540521 0.708316 1.17753 3.1466 2 1 2.40591 -0.333333 5 10 0.409967 
131 0.0540521 0.708316 1.17753 3.1466 2 1 2.40591 -0.333333 5 10 0.409967 
132 0.0540521 0.708316 1.17753 3.1466 2 1 2.40591 -0.333333 5 10 0.409967 
133 0.0540521 0.708316 1.17753 3.1466 2 1 2.40591 -0.333333 5 10 0.409967 
134 0.0540521 0.708316 1.17753 3.1466 2 1 2.40591 -0.333333 5 10 0.409967 
135 0.0540521 0.708316 1.17753 3.1466 2 1 2.40591 -0.333333 5 10 0.409967 
136 0.0540521 0.708316 1.17753 3.1466 2 1 2.40591 -0.333333 5 10 0.409967 
137 0.0540521 0.708316 1.17753 3.1466 2 1 2.40591 -0.333333 5 10 0.409967 
138 0.0540521 0.708316 1.17753 3.1466 2 1 2.40591 -0.333333 5 10 0.409967 
139 0.0540521 0.708316 1.17753 3.1466 2 1 2.40591 -0.333333 5 10 0.409967 
140 0.0540521 0.708316 1.17753 3.1466 2 1 2.40591 -0.333333 5 10 0.409967 
141 0.0540521 0.708316 1.17753 3.1466 2 1 2.40591 -0.333333 5 10 0.409967 
142 0.0540521 0.708316 1.17753 3.1466 2 1 2.40591 -0.333333 5 10 0.409967 
143 0.0540521 0.708316 1.17753 3.1466 2 1 2.40591 -0.333333 5 10 0.409967 
144 0.0540521 0.708316 1.17753 3.1466 2 1 2.40591 -0.333333 5 10 0.409967 
145 0.0540521 0.708316 1.17753 3.1466 2 1 2.40591 -0.333333 5 10 0.409967 
146 0.0540521 0.708316 1.17753 3.1466 2 1 2.40591 -0.333333 5 10 0.409967 
147 0.0540521 0.708316 1.17753 3.1466 2 1 2.40591 -0.333333 5 10 0.409967 
148 0.0540521 0.708316 1.17753 3.1466 2 1 2.40591 -0.333333 5 10 0.409967 
149 0.0540521 0.708316 1.17753 3.1466 2 1 2.40591 -0.333333 5 10 0.409967 
150 0.0540521 0.708316 1.17753 3.1466 2 1 2.40591 -0.333333 5 10 0.409967 
151 0.0540521 0.708316 1.17753 3.1466 2 1 2.40591 -0.333333 5 10 0.409967 
152 0.0540521 0.708316 1.17753 3.1466 2 1 2.40591 -0.333333 5 10 0.409967 
153 0.0540521 0.708316 1.17753 3.1466 2 1 2.40591 -0.333333 5 10 0.409967 
154 0.0540521 0.708316 1.17753 3.1466 2 1 2.40591 -0.333333 5 10 0.409967 
155 0.0540521 0.708316 1.17753 3.1466 2 1 2.40591 -0.333333 5 10 0.409967 
156 0.0540521 0.708316 1.17753 3.1466 2 1 2.40591 -0.333333 5 10 0.409967 
157 0.0540521 0.708316 1.17753 3.1466 2 1 2.40591 -0.333333 5 10 0.409967 
158 0.0540521 0.708316 1.17753 3.1466 2 1 2.40591 -0.333333 5 10 0.409967 
159 0.052971 0.701472 1.16914 3.1589 2 1 2.46241 -0.333333 5 10 0.424556 
160 0.052971 0.701472 1.16914 3.1589 2 1 2.46241 -0.333333 5 10 0.424556 
161 0.052971 0.701472 1.16914 3.1589 2 1 2.46241 -0.333333 5 10 0.424556 
162 0.052971 0.701472 1.16914 3.1589 2 1 2.46241 -0.333333 5 10 0.424556 
163 0.052971 0.701472 1.16914 3.1589 2 1 2.46241 -0.333333 5 10 0.424556 
164 0.052971 0.701472 1.16914 3.1589 2 1 2.46241 -0.333333 5 10 0.424556 
165 0.052971 0.701472 1.16914 3.1589 2 1 2.46241 -0.333333 5 10 0.424556 
166 0.052971 0.701472 1.16914 3.1589 2 1 2.46241 -0.333333 5 10 0.424556 
167 0.052971 0.701472 1.16914 3.1589 2 1 2.46241 -0.333333 5 10 0.424556 
168 0.052971 0.701472 1.16914 3.1589 2 1 2.46241 -0.333333 5 10 0.424556 
169 0.052971 0.701472 1.16914 3.1589 2 1 2.46241 -0.333333 5 10 0.424556 
170 0.052971 0.701472 1.16914 3.1589 2 1 2.46241 -0.333333 5 10 0.424556 
171 0.052971 0.701472 1.16914 3.1589 2 1 2.46241 -0.333333 5 10 0.424556 
172 0.052971 0.701472 1.16914 3.1589 2 1 2.46241 -0.333333 5 10 0.424556 
173 0.052971 0.701472 1.16914 3.1589 2 1 2.46241 -0.333333 5 10 0.424556 
174 0.052971 0.701472 1.16914 3.1589 2 1 2.46241 -0.333333 5 10 0.424556 
175 0.052971 0.701472 1.16914 3.1589 2 1 2.46241 -0.333333 5 10 0.424556 
176 0.052971 0.701472 1.16914 3.1589 2 1 2.46241 -0.333333 5 10 0.424556 
177 0.052971 0.701472 1.16914 3.1589 2 1 2.46241 -0.333333 5 10 0.424556 
178 0.052971 0.701472 1.16914 3.1589 2 1 2.46241 -0.333333 5 10 0.424556 
179 0.052971 0.701472 1.16914 3.1589 2 1 2.46241 -0.333333 5 10 0.424556 
180 0.052971 0.701472 1.16914 3.1589 2 1 2.46241 -0.333333 5 10 0.424556 
181 0.052971 0.701472 1.16914 3.1589 2 1 2.46241 -0.333333 5 10 0.424556 
182 0.052971 0.701472 1.16914 3.1589 2 1 2.46241 -0.333333 5 10 0.424556 
183 0.052971 0.701472 1.16914 3.1589 2 1 2.46241 -0.333333 5 10 0.424556 
184 0.052971 0.701472 1.16914 3.1589 2 1 2.46241 -0.333333 5 10 0.424556 
185 0.052971 0.701472 1.16914 3.1589 2 1 2.46241 -0.333333 5 10 0.424556 
186 0.052971 0.701472 1.16914 3.1589 2 1 2.46241 -0.333333 5 10 0.424556 
187 0.052971 0.701472 1.16914 3.1589 2 1 2.46241 -0.333333 5 10 0.424556 
188 0.052971 0.701472 1.16914 3.1589 2 1 2.46241 -0.333333 5 10 0.424556 
189 0.052971 0.701472 1.16914 3.1589 2 1 2.46241 -0.333333 5 10 0.424556 
190 0.052971 0.701472 1.16914 3.1589 2 1 2.46241 -0.333333 5 10 0.424556 
191 0.052971 0.701472 1.16914 3.1589 2 1 2.46241 -0.333333 5 10 0.424556 
192 0.052971 0.701472 1.16914 3.1589 2 1 2.46241 -0.333333 5 10 0.424556 
193 0.052971 0.701472 1.16914 3.1589 2 1 2.46241 -0.333333 5 10 0.424556 
194 0.052971 0.701472 1.16914 3.1589 2 1 2.46241 -0.333333 5 10 0.424556 
195 0.052971 0.701472 1.16914 3.1589 2 1 2.46241 -0.333333 5 10 0.424556 
196 0.052971 0.701472 1.16914 3.1589 2 1 2.46241 -0.333333 5 10 0.424556 
197 0.052971 0.701472 1.16914 3.1589 2 1 2.46241 -0.333333 5 10 0.424556 
198 0.052971 0.701472 1.16914 3.1589 2 1 2.46241 -0.333333 5 10 0.424556 
199 0.052971 0.701472 1.16914 3.1589 2 1 2.46241 -0.333333 5 10 0.424556 
200 0.052971 0.701472 1.16914 3.1589 2 1 2.46241 -0.333333 5 10 0.424556 
201 0.052971 0.701472 1.16914 3.1589 2 1 2.46241 -0.333333 5 10 0.424556 
202 0.052971 0.701472 1.16914 3.1589 2 1 2.46241 -0.333333 5 10 0.424556 
203 0.052971 0.701472 1.16914 3.1589 2 1 2.46241 -0.333333 5 10 0.424556 
204 0.052971 0.701472 1.16914 3.1589 2 1 2.46241 -0.333333 5 10 0.424556 
205 0.052971 0.701472 1.16914 3.1589 2 1 2.46241 -0.333333 5 10 0.424556 
206 0.052971 0.701472 1.16914 3.1589 2 1 2.46241 -0.333333 5 10 0.424556 
207 0.052971 0.701472 1.16914 3.1589 2 1 2.46241 -0.333333 5 10 0.424556 
208 0.052971 0.701472 1.16914 3.1589 2 1 2.46241 -0.333333 5 10 0.424556 
209 0.052971 0.701472 1.16914 3.1589 2 1 2.46241 -0.333333 5 10 0.424556 
210 0.052971 0.701472 1.16914 3.1589 2 1 2.46241 -0.333333 5 10 0.424556 
211 0.052971 0.701472 1.16914 3.1589 2 1 2.46241 -0.333333 5 10 0.424556 
212 0.052971 0.701472 1.16914 3.1589 2 1 2.46241 -0.333333 5 10 0.424556 
213 0.052971 0.701472 1.16914 3.1589 2 1 2.46241 -0.333333 5 10 0.424556 
214 0.052971 0.701472 1.16914 3.1589 2 1 2.46241 -0.333333 5 10 0.424556 
215 0.052971 0.701472 1.16914 3.1589 2 1 2.46241 -0.333333 5 10 0.424556 
216 0.052971 0.701472 1.16914 3.1589 2 1 2.46241 -0.333333 5 10 0.424556 
217 0.052971 0.701472 1.16914 3.1589 2 1 2.46241 -0.333333 5 10 0.424556 
218 0.052971 0.701472 1.16914 3.1589 2 1 2.46241 -0.333333 5 10 0.424556 
219 0.052971 0.701472 1.16914 3.1589 2 1 2.46241 -0.333333 5 10 0.424556 
220 0.052971 0.701472 1.16914 3.1589 2 1 2.46241 -0.333333 5 10 0.424556 
221 0.052971 0.701472 1.16914 3.1589 2 1 2.46241 -0.333333 5 10 0.424556 
222 0.052971 0.701472 1.16914 3.1589 2 1 2.46241 -0.333333 5 10 0.424556 
223 0.052971 0.701472 1.16914 3.1589 2 1 2.46241 -0.333333 5 10 0.424556 
224 0.052971 0.701472 1.16914 3.1589 2 1 2.46241 -0.333333 5 10 0.424556 
225 0.052971 0.701472 1.16914 3.1589 2 1 2.46241 -0.333333 5 10 0.424556 
226 0.052971 0.701472 1.16914 3.1589 2 1 2.46241 -0.333333 5 10 0.424556 
227 0.052971 0.701472 1.16914 3.1589 2 1 2.46241 -0.333333 5 10 0.424556 
228 0.052971 0.701472 1.16914 3.1589 2 1 2.46241 -0.333333 5 10 0.424556 
229 0.052971 0.701472 1.16914 3.1589 2 1 2.46241 -0.333333 5 10 0.424556 
230 0.052971 0.701472 1.16914 3.1589 2 1 2.46241 -0.333333 5 10 0.424556 
231 0.052971 0.701472 1.16914 3.1589 2 1 2.46241 -0.333333 5 10 0.424556 
232 0.052971 0.701472 1.16914 3.1589 2 1 2.46241 -0.333333 5 10 0.424556 
233 0.052971 0.701472 1.16914 3.1589 2 1 2.46241 -0.333333 5 10 0.424556 
234 0.052971 0.701472 1.16914 3.1589 2 1 2.46241 -0.333333 5 10 0.424556 
235 0.052971 0.701472 1.16914 3.1589 2 1 2.46241 -0.333333 5 10 0.424556 
236 0.052971 0.701472 1.16914 3.1589 2 1 2.46241 -0.333333 5 10 0.424556 
237 0.052971 0.701472 1.16914 3.1589 2 1 2.46241 -0.333333 5 10 0.424556 
238 0.052971 0.701472 1.16914 3.1589 2 1 2.46241 -0.333333 5 10 0.424556 
239 0.052971 0.701472 1.16914 3.1589 2 1 2.46241 -0.333333 5 10 0.424556 
240 0.052971 0.701472 1.16914 3.1589 2 1 2.46241 -0.333333 5 10 0.424556 
241 0.052971 0.701472 1.16914 3.1589 2 1 2.46241 -0.333333 5 10 0.424556 
242 0.052971 0.701472 1.16914 3.1589 2 1 2.46241 -0.333333 5 10 0.424556 
243 0.052971 0.701472 1.16914 3.1589 2 1 2.46241 -0.333333 5 10 0.424556 
244 0.052971 0.701472 1.16914 3.1589 2 1 2.46241 -0.333333 5 10 0.424556 
245 0.052971 0.701472 1.16914 3.1589 2 1 2.46241 -0.333333 5 10 0.424556 
246 0.052971 0.701472 1.16914 3.1589 2 1 2.46241 -0.333333 5 10 0.424556 
247 0.052971 0.701472 1.16914 3.1589 2 1 2.46241 -0.333333 5 10 0.424556 
248 0.052971 0.701472 1.16914 3.1589 2 1 2.46241 -0.333333 5 10 0.424556 
249 0.052971 0.701472 1.16914 3.1589 2 1 2.46241 -0.333333 5 10 0.424556 
250 0.052971 0.701472 1.16914 3.1589 2 1 2.46241 -0.333333 5 10 0.424556 
251 0.052971 0.701472 1.16914 3.1589 2 1 2.46241 -0.333333 5 10 0.424556 
252 0.052971 0.701472 1.16914 3.1589 2 1 2.46241 -0.333333 5 10 0.424556 
253 0.052971 0.701472 1.16914 3.1589 2 1 2.46241 -0.333333 5 10 0.424556 
254 0.052971 0.701472 1.16914 3.1589 2 1 2.46241 -0.333333 5 10 0.424556 
255 0.052971 0.701472 1.16914 3.1589 2 1 2.46241 -0.333333 5 10 0.424556 
256 0.052971 0.701472 1.16914 3.1589 2 1 2.46241 -0.333333 5 10 0.424556 
257 0.052971 0.701472 1.16914 3.1589 2 1 2.46241 -0.333333 5 10 0.424556 
258 0.052971 0.701472 1.16914 3.1589 2 1 2.46241 -0.333333 5 10 0.424556 
259 0.052971 0.701472 1.16914 3.1589 2 1 2.46241 -0.333333 5 10 0.424556 
260 0.052971 0.701472 1.16914 3.1589 2 1 2.46241 -0.333333 5 10 0.424556 
261 0.052971 0.701472 1.16914 3.1589 2 1 2.46241 -0.333333 5 10 0.424556 
262 0.052971 0.701472 1.16914 3.1589 2 1 2.46241 -0.333333 5 10 0.424556 
263 0.052971 0.701472 1.16914 3.1589 2 1 2.46241 -0.333333 5 10 0.424556 
264 0.052971 0.701472 1.16914 3.1589 2 1 2.46241 -0.333333 5 10 0.424556 
265 0.052971 0.701472 1.16914 3.1589 2 1 2.46241 -0.333333 5 10 0.424556 
266 0.052971 0.701472 1.16914 3.1589 2 1 2.46241 -0.333333 5 10 0.424556 
267 0.052971 0.701472 1.16914 3.1589 2 1 2.46241 -0.333333 5 10 0.424556 
268 0.052971 0.701472 1.16914 3.1589 2 1 2.46241 -0.333333 5 10 0.424556 
269 0.052971 0.701472 1.16914 3.1589 2 1 2.46241 -0.333333 5 10 0.424556 
270 0.052971 0.701472 1.16914 3.1589 2 1 2.46241 -0.333333 5 10 0.424556 
271 0.052971 0.701472 1.16914 3.1589 2 1 2.46241 -0.333333 5 10 0.424556 
272 0.052971 0.701472 1.16914 3.1589 2 1 2.46241 -0.333333 5 10 0.424556 
273 0.052971 0.701472 1.16914 3.1589 2 1 2.46241 -0.333333 5 10 0.424556 
274 0.052971 0.701472 1.16914 3.1589 2 1 2.46241 -0.333333 5 10 0.424556 
275 0.052971 0.701472 1.16914 3.1589 2 1 2.46241 -0.333333 5 10 0.424556 
276 0.052971 0.701472 1.16914 3.1589 2 1 2.46241 -0.333333 5 10 0.424556 
277 0.052971 0.701472 1.16914 3.1589 2 1 2.46241 -0.333333 5 10 0.424556 
278 0.052971 0.701472 1.16914 3.1589 2 1 2.46241 -0.333333 5 10 0.424556 
279 0.0529597 0.701472 1.16914 3.1589 2 1 2.46241 -0.333333 5 10 0.42539 
280 0.0529597 0.701472 1.16914 3.1589 2 1 2.46241 -0.333333 5 10 0.42539 
281 0.0529597 0.701472 1.16914 3.1589 2 1 2.46241 -0.333333 5 10 0.42539 
282 0.0529597 0.701472 1.16914 3.1589 2 1 2.46241 -0.333333 5 10 0.42539 
283 0.0529597 0.701472 1.16914 3.1589 2 1 2.46241 -0.333333 5 10 0.42539 
284 0.0529597 0.701472 1.16914 3.1589 2 1 2.46241 -0.333333 5 10 0.42539 
285 0.0529597 0.701472 1.16914 3.1589 2 1 2.46241 -0.333333 5 10 0.42539 
286 0.0529597 0.701472 1.16914 3.1589 2 1 2.46241 -0.333333 5 10 0.42539 
287 0.0529597 0.701472 1.16914 3.1589 2 1 2.46241 -0.333333 5 10 0.42539 
288 0.0529597 0.701472 1.16914 3.1589 2 1 2.46241 -0.333333 5 10 0.42539 
289 0.0529597 0.701472 1.16914 3.1589 2 1 2.46241 -0.333333 5 10 0.42539 
290 0.0529597 0.701472 1.16914 3.1589 2 1 2.46241 -0.333333 5 10 0.42539 
291 0.0529597 0.701472 1.16914 3.1589 2 1 2.46241 -0.333333 5 10 0.42539 
292 0.0529597 0.701472 1.16914 3.1589 2 1 2.46241 -0.333333 5 10 0.42539 
293 0.0529597 0.701472 1.16914 3.1589 2 1 2.46241 -0.333333 5 10 0.42539 
294 0.0529597 0.701472 1.16914 3.1589 2 1 2.46241 -0.333333 5 10 0.42539 
295 0.0529597 0.701472 1.16914 3.1589 2 1 2.46241 -0.333333 5 10 0.42539 
296 0.0529597 0.701472 1.16914 3.1589 2 1 2.46241 -0.333333 5 10 0.42539 
297 0.0529597 0.701472 1.16914 3.1589 2 1 2.46241 -0.333333 5 10 0.42539 
298 0.0529597 0.701472 1.16914 3.1589 2 1 2.46241 -0.333333 5 10 0.42539 
299 0.0529597 0.701472 1.16914 3.1589 2 1 2.46241 -0.333333 5 10 0.42539 
300 0.0529597 0.701472 1.16914 3.1589 2 1 2.46241 -0.333333 5 10 0.42539 
301 0.0529597 0.701472 1.16914 3.1589 2 1 2.46241 -0.333333 5 10 0.42539 
302 0.0529597 0.701472 1.16914 3.1589 2 1 2.46241 -0.333333 5 10 0.42539 
303 0.0529597 0.701472 1.16914 3.1589 2 1 2.46241 -0.333333 5 10 0.42539 
304 0.0529597 0.701472 1.16914 3.1589 2 1 2.46241 -0.333333 5 10 0.42539 
305 0.0529597 0.701472 1.16914 3.1589 2 1 2.46241 -0.333333 5 10 0.42539 
306 0.0529597 0.701472 1.16914 3.1589 2 1 2.46241 -0.333333 5 10 0.42539 
307 0.0529597 0.701472 1.16914 3.1589 2 1 2.46241 -0.333333 5 10 0.42539 
308 0.0529597 0.701472 1.16914 3.1589 2 1 2.46241 -0.333333 5 10 0.42539 
309 0.0529597 0.701472 1.16914 3.1589 2 1 2.46241 -0.333333 5 10 0.42539 
310 0.0529597 0.701472 1.16914 3.1589 2 1 2.46241 -0.333333 5 10 0.42539 
311 0.0529597 0.701472 1.16914 3.1589 2 1 2.46241 -0.333333 5 10 0.42539 
312 0.0529597 0.701472 1.16914 3.1589 2 1 2.46241 -0.333333 5 10 0.42539 
313 0.0529597 0.701472 1.16914 3.1589 2 1 2.46241 -0.333333 5 10 0.42539 
314 0.0529597 0.701472 1.16914 3.1589 2 1 2.46241 -0.333333 5 10 0.42539 
315 0.0529597 0.701472 1.16914 3.1589 2 1 2.46241 -0.333333 5 10 0.42539 
316 0.0529597 0.701472 1.16914 3.1589 2 1 2.46241 -0.333333 5 10 0.42539 
317 0.0529597 0.701472 1.16914 3.1589 2 1 2.46241 -0.333333 5 10 0.42539 
318 0.0529597 0.701472 1.16914 3.1589 2 1 2.46241 -0.333333 5 10 0.42539 
319 0.0529597 0.701472 1.16914 3.1589 2 1 2.46241 -0.333333 5 10 0.42539 
320 0.0529597 0.701472 1.16914 3.1589 2 1 2.46241 -0.333333 5 10 0.42539 
321 0.0529597 0.701472 1.16914 3.1589 2 1 2.46241 -0.333333 5 10 0.42539 
322 0.0529597 0.701472 1.16914 3.1589 2 1 2.46241 -0.333333 5 10 0.42539 
323 0.0529597 0.701472 1.16914 3.1589 2 1 2.46241 -0.333333 5 10 0.42539 
324 0.0529597 0.701472 1.16914 3.1589 2 1 2.46241 -0.333333 5 10 0.42539 
325 0.0529597 0.701472 1.16914 3.1589 2 1 2.46241 -0.333333 5 10 0.42539 
326 0.0529597 0.701472 1.16914 3.1589 2 1 2.46241 -0.333333 5 10 0.42539 
327 0.0529597 0.701472 1.16914 3.1589 2 1 2.46241 -0.333333 5 10 0.42539 
328 0.0529597 0.701472 1.16914 3.1589 2 1 2.46241 -0.333333 5 10 0.42539 
329 0.0529597 0.701472 1.16914 3.1589 2 1 2.46241 -0.333333 5 10 0.42539 
330 0.0529597 0.701472 1.16914 3.1589 2 1 2.46241 -0.333333 5 10 0.42539 
331 0.0529597 0.701472 1.16914 3.1589 2 1 2.46241 -0.333333 5 10 0.42539 
332 0.0524528 0.701472 1.16914 3.1589 2 1 2.42641 -0.333333 5 10 0.422285 
333 0.0524528 0.701472 1.16914 3.1589 2 1 2.42641 -0.333333 5 10 0.422285 
334 0.0524528 0.701472 1.16914 3.1589 2 1 2.42641 -0.333333 5 10 0.422285 
335 0.0524528 0.701472 1.16914 3.1589 2 1 2.42641 -0.333333 5 10 0.422285 
336 0.0524528 0.701472 1.16914 3.1589 2 1 2.42641 -0.333333 5 10 0.422285 
337 0.0524528 0.701472 1.16914 3.1589 2 1 2.42641 -0.333333 5 10 0.422285 
338 0.0524528 0.701472 1.16914 3.1589 2 1 2.42641 -0.333333 5 10 0.422285 
339 0.0524528 0.701472 1.16914 3.1589 2 1 2.42641 -0.333333 5 10 0.422285 
340 0.0524528 0.701472 1.16914 3.1589 2 1 2.42641 -0.333333 5 10 0.422285 
341 0.0524528 0.701472 1.16914 3.1589 2 1 2.42641 -0.333333 5 10 0.422285 
342 0.0524528 0.701472 1.16914 3.1589 2 1 2.42641 -0.333333 5 10 0.422285 
343 0.0524528 0.701472 1.16914 3.1589 2 1 2.42641 -0.333333 5 10 0.422285 
344 0.0524528 0.701472 1.16914 3.1589 2 1 2.42641 -0.333333 5 10 0.422285 
345 0.0524528 0.701472 1.16914 3.1589 2 1 2.42641 -0.333333 5 10 0.422285 
346 0.0524528 0.701472 1.16914 3.1589 2 1 2.42641 -0.333333 5 10 0.422285 
347 0.0524528 0.701472 1.16914 3.1589 2 1 2.42641 -0.333333 5 10 0.422285 
348 0.0524528 0.701472 1.16914 3.1589 2 1 2.42641 -0.333333 5 10 0.422285 
349 0.0524528 0.701472 1.16914 3.1589 2 1 2.42641 -0.333333 5 10 0.422285 
350 0.0524528 0.701472 1.16914 3.1589 2 1 2.42641 -0.333333 5 10 0.422285 
351 0.0524528 0.701472 1.16914 3.1589 2 1 2.42641 -0.333333 5 10 0.422285 
352 0.0524528 0.701472 1.16914 3.1589 2 1 2.42641 -0.333333 5 10 0.422285 
353 0.0524528 0.701472 1.16914 3.1589 2 1 2.42641 -0.333333 5 10 0.422285 
354 0.0524528 0.701472 1.16914 3.1589 2 1 2.42641 -0.333333 5 10 0.422285 
355 0.0524528 0.701472 1.16914 3.1589 2 1 2.42641 -0.333333 5 10 0.422285 
356 0.0524528 0.701472 1.16914 3.1589 2 1 2.42641 -0.333333 5 10 0.422285 
357 0.0524385 0.701472 1.16914 3.1589 2 1 2.42641 -0.333333 5 10 0.422852 
358 0.0524385 0.701472 1.16914 3.1589 2 1 2.42641 -0.333333 5 10 0.422852 
359 0.0524289 0.701472 1.16914 3.1589 2 1 2.40813 -0.333333 5 10 0.438463 
360 0.0524289 0.701472 1.16914 3.1589 2 1 2.40813 -0.333333 5 10 0.438463 
361 0.0523509 0.701472 1.16914 3.1589 2 1 2.42641 -0.333333 5 10 0.427788 
362 0.0523509 0.701472 1.16914 3.1589 2 1 2.42641 -0.333333 5 10 0.427788 
363 0.0523509 0.701472 1.16914 3.1589 2 1 2.42641 -0.333333 5 10 0.427788 
364 0.0523509 0.701472 1.16914 3.1589 2 1 2.42641 -0.333333 5 10 0.427788 
365 0.0523509 0.701472 1.16914 3.1589 2 1 2.42641 -0.333333 5 10 0.427788 
366 0.0523509 0.701472 1.16914 3.1589 2 1 2.42641 -0.333333 5 10 0.427788 
367 0.0523509 0.701472 1.16914 3.1589 2 1 2.42641 -0.333333 5 10 0.427788 
368 0.0523509 0.701472 1.16914 3.1589 2 1 2.42641 -0.333333 5 10 0.427788 
369 0.0523509 0.701472 1.16914 3.1589 2 1 2.42641 -0.333333 5 10 0.427788 
370 0.0523509 0.701472 1.16914 3.1589 2 1 2.42641 -0.333333 5 10 0.427788 
371 0.0523509 0.701472 1.16914 3.1589 2 1 2.42641 -0.333333 5 10 0.427788 
372 0.0523509 0.701472 1.16914 3.1589 2 1 2.42641 -0.333333 5 10 0.427788 
373 0.0523509 0.701472 1.16914 3.1589 2 1 2.42641 -0.333333 5 10 0.427788 
374 0.0523509 0.701472 1.16914 3.1589 2 1 2.42641 -0.333333 5 10 0.427788 
375 0.0523509 0.701472 1.16914 3.1589 2 1 2.42641 -0.333333 5 10 0.427788 
376 0.0523509 0.701472 1.16914 3.1589 2 1 2.42641 -0.333333 5 10 0.427788 
377 0.0523509 0.701472 1.16914 3.1589 2 1 2.42641 -0.333333 5 10 0.427788 
378 0.0523509 0.701472 1.16914 3.1589 2 1 2.42641 -0.333333 5 10 0.427788 
379 0.0523509 0.701472 1.16914 3.1589 2 1 2.42641 -0.333333 5 10 0.427788 
380 0.0523509 0.701472 1.16914 3.1589 2 1 2.42641 -0.333333 5 10 0.427788 
381 0.0523509 0.701472 1.16914 3.1589 2 1 2.42641 -0.333333 5 10 0.427788 
382 0.0523509 0.701472 1.16914 3.1589 2 1 2.42641 -0.333333 5 10 0.427788 
383 0.0523509 0.701472 1.16914 3.1589 2 1 2.42641 -0.333333 5 10 0.427788 
384 0.0523509 0.701472 1.16914 3.1589 2 1 2.42641 -0.333333 5 10 0.427788 
385 0.0523509 0.701472 1.16914 3.1589 2 1 2.42641 -0.333333 5 10 0.427788 
386 0.0523509 0.701472 1.16914 3.1589 2 1 2.42641 -0.333333 5 10 0.427788 
387 0.0523509 0.701472 1.16914 3.1589 2 1 2.42641 -0.333333 5 10 0.427788 
388 0.0523509 0.701472 1.16914 3.1589 2 1 2.42641 -0.333333 5 10 0.427788 
389 0.0523509 0.701472 1.16914 3.1589 2 1 2.42641 -0.333333 5 10 0.427788 
390 0.0523509 0.701472 1.16914 3.1589 2 1 2.42641 -0.333333 5 10 0.427788 
391 0.0523509 0.701472 1.16914 3.1589 2 1 2.42641 -0.333333 5 10 0.427788 
392 0.0523509 0.701472 1.16914 3.1589 2 1 2.42641 -0.333333 5 10 0.427788 
393 0.0523509 0.701472 1.16914 3.1589 2 1 2.42641 -0.333333 5 10 0.427788 
394 0.0523509 0.701472 1.16914 3.1589 2 1 2.42641 -0.333333 5 10 0.427788 
395 0.0523509 0.701472 1.16914 3.1589 2 1 2.42641 -0.333333 5 10 0.427788 
396 0.0523509 0.701472 1.16914 3.1589 2 1 2.42641 -0.333333 5 10 0.427788 
397 0.0523509 0.701472 1.16914 3.1589 2 1 2.42641 -0.333333 5 10 0.427788 
398 0.0523509 0.701472 1.16914 3.1589 2 1 2.42641 -0.333333 5 10 0.427788 
399 0.0523509 0.701472 1.16914 3.1589 2 1 2.42641 -0.333333 5 10 0.427788 
400 0.0523509 0.701472 1.16914 3.1589 2 1 2.42641 -0.333333 5 10 0.427788 
401 0.0523509 0.701472 1.16914 3.1589 2 1 2.42641 -0.333333 5 10 0.427788 
402 0.0523509 0.701472 1.16914 3.1589 2 1 2.42641 -0.333333 5 10 0.427788 
403 0.0523509 0.701472 1.16914 3.1589 2 1 2.42641 -0.333333 5 10 0.427788 
404 0.0523509 0.701472 1.16914 3.1589 2 1 2.42641 -0.333333 5 10 0.427788 
405 0.0523509 0.701472 1.16914 3.1589 2 1 2.42641 -0.333333 5 10 0.427788 
406 0.0523509 0.701472 1.16914 3.1589 2 1 2.42641 -0.333333 5 10 0.427788 
407 0.0523509 0.701472 1.16914 3.1589 2 1 2.42641 -0.333333 5 10 0.427788 
408 0.0523509 0.701472 1.16914 3.1589 2 1 2.42641 -0.333333 5 10 0.427788 
409 0.0523509 0.701472 1.16914 3.1589 2 1 2.42641 -0.333333 5 10 0.427788 
410 0.0523509 0.701472 1.16914 3.1589 2 1 2.42641 -0.333333 5 10 0.427788 
411 0.0523509 0.701472 1.16914 3.1589 2 1 2.42641 -0.333333 5 10 0.427788 
412 0.0523509 0.701472 1.16914 3.1589 2 1 2.42641 -0.333333 5 10 0.427788 
413 0.0523509 0.701472 1.16914 3.1589 2 1 2.42641 -0.333333 5 10 0.427788 
414 0.0523509 0.701472 1.16914 3.1589 2 1 2.42641 -0.333333 5 10 0.427788 
415 0.0523509 0.701472 1.16914 3.1589 2 1 2.42641 -0.333333 5 10 0.427788 
416 0.0523509 0.701472 1.16914 3.1589 2 1 2.42641 -0.333333 5 10 0.427788 
417 0.0523509 0.701472 1.16914 3.1589 2 1 2.42641 -0.333333 5 10 0.427788 
418 0.0523509 0.701472 1.16914 3.1589 2 1 2.42641 -0.333333 5 10 0.427788 
419 0.0523509 0.701472 1.16914 3.1589 2 1 2.42641 -0.333333 5 10 0.427788 
420 0.0523509 0.701472 1.16914 3.1589 2 1 2.42641 -0.333333 5 10 0.427788 
421 0.0523509 0.701472 1.16914 3.1589 2 1 2.42641 -0.333333 5 10 0.427788 
422 0.0523509 0.701472 1.16914 3.1589 2 1 2.42641 -0.333333 5 10 0.427788 
423 0.0523509 0.701472 1.16914 3.1589 2 1 2.42641 -0.333333 5 10 0.427788 
424 0.0523509 0.701472 1.16914 3.1589 2 1 2.42641 -0.333333 5 10 0.427788 
425 0.0523509 0.701472 1.16914 3.1589 2 1 2.42641 -0.333333 5 10 0.427788 
426 0.0523509 0.701472 1.16914 3.1589 2 1 2.42641 -0.333333 5 10 0.427788 
427 0.0523509 0.701472 1.16914 3.1589 2 1 2.42641 -0.333333 5 10 0.427788 
428 0.0523509 0.701472 1.16914 3.1589 2 1 2.42641 -0.333333 5 10 0.427788 
429 0.0523509 0.701472 1.16914 3.1589 2 1 2.42641 -0.333333 5 10 0.427788 
430 0.0523509 0.701472 1.16914 3.1589 2 1 2.42641 -0.333333 5 10 0.427788 
431 0.0523509 0.701472 1.16914 3.1589 2 1 2.42641 -0.333333 5 10 0.427788 
432 0.0523509 0.701472 1.16914 3.1589 2 1 2.42641 -0.333333 5 10 0.427788 
433 0.0523509 0.701472 1.16914 3.1589 2 1 2.42641 -0.333333 5 10 0.427788 
434 0.0523509 0.701472 1.16914 3.1589 2 1 2.42641 -0.333333 5 10 0.427788 
435 0.0523509 0.701472 1.16914 3.1589 2 1 2.42641 -0.333333 5 10 0.427788 
436 0.0523509 0.701472 1.16914 3.1589 2 1 2.42641 -0.333333 5 10 0.427788 
437 0.0523509 0.701472 1.16914 3.1589 2 1 2.42641 -0.333333 5 10 0.427788 
438 0.0523509 0.701472 1.16914 3.1589 2 1 2.42641 -0.333333 5 10 0.427788 
439 0.0523509 0.701472 1.16914 3.1589 2 1 2.42641 -0.333333 5 10 0.427788 
440 0.0523509 0.701472 1.16914 3.1589 2 1 2.42641 -0.333333 5 10 0.427788 
441 0.0523509 0.701472 1.16914 3.1589 2 1 2.42641 -0.333333 5 10 0.427788 
442 0.0523509 0.701472 1.16914 3.1589 2 1 2.42641 -0.333333 5 10 0.427788 
443 0.0523509 0.701472 1.16914 3.1589 2 1 2.42641 -0.333333 5 10 0.427788 
444 0.0523509 0.701472 1.16914 3.1589 2 1 2.42641 -0.333333 5 10 0.427788 
445 0.0523326 0.701472 1.16914 3.1589 2 1 2.42641 -0.333333 5 10 0.430331 
446 0.0523326 0.701472 1.16914 3.1589 2 1 2.42641 -0.333333 5 10 0.430331 
447 0.0523326 0.701472 1.16914 3.1589 2 1 2.42641 -0.333333 5 10 0.430331 
448 0.0523326 0.701472 1.16914 3.1589 2 1 2.42641 -0.333333 5 10 0.430331 
449 0.0523326 0.701472 1.16914 3.1589 2 1 2.42641 -0.333333 5 10 0.430331 
450 0.0523326 0.701472 1.16914 3.1589 2 1 2.42641 -0.333333 5 10 0.430331 
451 0.0523326 0.701472 1.16914 3.1589 2 1 2.42641 -0.333333 5 10 0.430331 
452 0.0523326 0.701472 1.16914 3.1589 2 1 2.42641 -0.333333 5 10 0.430331 
453 0.0523326 0.701472 1.16914 3.1589 2 1 2.42641 -0.333333 5 10 0.430331 
454 0.0523326 0.701472 1.16914 3.1589 2 1 2.42641 -0.333333 5 10 0.430331 
455 0.0523326 0.701472 1.16914 3.1589 2 1 2.42641 -0.333333 5 10 0.430331 
456 0.0523326 0.701472 1.16914 3.1589 2 1 2.42641 -0.333333 5 10 0.430331 
457 0.0523326 0.701472 1.16914 3.1589 2 1 2.42641 -0.333333 5 10 0.430331 
458 0.0523326 0.701472 1.16914 3.1589 2 1 2.42641 -0.333333 5 10 0.430331 
459 0.0523326 0.701472 1.16914 3.1589 2 1 2.42641 -0.333333 5 10 0.430331 
460 0.0523326 0.701472 1.16914 3.1589 2 1 2.42641 -0.333333 5 10 0.430331 
461 0.0523326 0.701472 1.16914 3.1589 2 1 2.42641 -0.333333 5 10 0.430331 
462 0.0523326 0.701472 1.16914 3.1589 2 1 2.42641 -0.333333 5 10 0.430331 
463 0.0523326 0.701472 1.16914 3.1589 2 1 2.42641 -0.333333 5 10 0.430331 
464 0.0523326 0.701472 1.16914 3.1589 2 1 2.42641 -0.333333 5 10 0.430331 
465 0.0523326 0.701472 1.16914 3.1589 2 1 2.42641 -0.333333 5 10 0.430331 
466 0.0523326 0.701472 1.16914 3.1589 2 1 2.42641 -0.333333 5 10 0.430331 
467 0.0523326 0.701472 1.16914 3.1589 2 1 2.42641 -0.333333 5 10 0.430331 
468 0.0523326 0.701472 1.16914 3.1589 2 1 2.42641 -0.333333 5 10 0.430331 
469 0.0523326 0.701472 1.16914 3.1589 2 1 2.42641 -0.333333 5 10 0.430331 
470 0.0523326 0.701472 1.16914 3.1589 2 1 2.42641 -0.333333 5 10 0.430331 
471 0.0523326 0.701472 1.16914 3.1589 2 1 2.42641 -0.333333 5 10 0.430331 
472 0.0523326 0.701472 1.16914 3.1589 2 1 2.42641 -0.333333 5 10 0.430331 
473 0.0523326 0.701472 1.16914 3.1589 2 1 2.42641 -0.333333 5 10 0.430331 
474 0.0523326 0.701472 1.16914 3.1589 2 1 2.42641 -0.333333 5 10 0.430331 
475 0.0523326 0.701472 1.16914 3.1589 2 1 2.42641 -0.333333 5 10 0.430331 
476 0.0523326 0.701472 1.16914 3.1589 2 1 2.42641 -0.333333 5 10 0.430331 
477 0.0523326 0.701472 1.16914 3.1589 2 1 2.42641 -0.333333 5 10 0.430331 
478 0.0523326 0.701472 1.16914 3.1589 2 1 2.42641 -0.333333 5 10 0.430331 
479 0.0523326 0.701472 1.16914 3.1589 2 1 2.42641 -0.333333 5 10 0.430331 
480 0.0523326 0.701472 1.16914 3.1589 2 1 2.42641 -0.333333 5 10 0.430331 
481 0.0523326 0.701472 1.16914 3.1589 2 1 2.42641 -0.333333 5 10 0.430331 
482 0.0523326 0.701472 1.16914 3.1589 2 1 2.42641 -0.333333 5 10 0.430331 
483 0.0523326 0.701472 1.16914 3.1589 2 1 2.42641 -0.333333 5 10 0.430331 
484 0.0523326 0.701472 1.16914 3.1589 2 1 2.42641 -0.333333 5 10 0.430331 
485 0.0523326 0.701472 1.16914 3.1589 2 1 2.42641 -0.333333 5 10 0.430331 
486 0.0523326 0.701472 1.16914 3.1589 2 1 2.42641 -0.333333 5 10 0.430331 
487 0.0523326 0.701472 1.16914 3.1589 2 1 2.42641 -0.333333 5 10 0.430331 
488 0.0523326 0.701472 1.16914 3.1589 2 1 2.42641 -0.333333 5 10 0.430331 
489 0.0523326 0.701472 1.16914 3.1589 2 1 2.42641 -0.333333 5 10 0.430331 
490 0.0523326 0.701472 1.16914 3.1589 2 1 2.42641 -0.333333 5 10 0.430331 
491 0.0523326 0.701472 1.16914 3.1589 2 1 2.42641 -0.333333 5 10 0.430331 
492 0.0523326 0.701472 1.16914 3.1589 2 1 2.42641 -0.333333 5 10 0.430331 
493 0.0523326 0.701472 1.16914 3.1589 2 1 2.42641 -0.333333 5 10 0.430331 
494 0.0523326 0.701472 1.16914 3.1589 2 1 2.42641 -0.333333 5 10 0.430331 
495 0.0523326 0.701472 1.16914 3.1589 2 1 2.42641 -0.333333 5 10 0.430331 
496 0.0523326 0.701472 1.16914 3.1589 2 1 2.42641 -0.333333 5 10 0.430331 
497 0.0523326 0.701472 1.16914 3.1589 2 1 2.42641 -0.333333 5 10 0.430331 
498 0.0523326 0.701472 1.16914 3.1589 2 1 2.42641 -0.333333 5 10 0.430331 
499 0.0523326 0.701472 1.16914 3.1589 2 1 2.42641 -0.333333 5 10 0.430331 
500 0.0523326 0.701472 1.16914 3.1589 2 1 2.42641 -0.333333 5 10 0.430331 
501 0.0523326 0.701472 1.16914 3.1589 2 1 2.42641 -0.333333 5 10 0.430331 
502 0.0523326 0.701472 1.16914 3.1589 2 1 2.42641 -0.333333 5 10 0.430331 
503 0.0523326 0.701472 1.16914 3.1589 2 1 2.42641 -0.333333 5 10 0.430331 
504 0.0523326 0.701472 1.16914 3.1589 2 1 2.42641 -0.333333 5 10 0.430331 
505 0.0523326 0.701472 1.16914 3.1589 2 1 2.42641 -0.333333 5 10 0.430331 
506 0.0523326 0.701472 1.16914 3.1589 2 1 2.42641 -0.333333 5 10 0.430331 
507 0.0523326 0.701472 1.16914 3.1589 2 1 2.42641 -0.333333 5 10 0.430331 
508 0.0523326 0.701472 1.16914 3.1589 2 1 2.42641 -0.333333 5 10 0.430331 
509 0.0523326 0.701472 1.16914 3.1589 2 1 2.42641 -0.333333 5 10 0.430331 
510 0.0523326 0.701472 1.16914 3.1589 2 1 2.42641 -0.333333 5 10 0.430331 
511 0.0523326 0.701472 1.16914 3.1589 2 1 2.42641 -0.333333 5 10 0.430331 
512 0.0523326 0.701472 1.16914 3.1589 2 1 2.42641 -0.333333 5 10 0.430331 
513 0.0523326 0.701472 1.16914 3.1589 2 1 2.42641 -0.333333 5 10 0.430331 
514 0.0523326 0.701472 1.16914 3.1589 2 1 2.42641 -0.333333 5 10 0.430331 
515 0.0523326 0.701472 1.16914 3.1589 2 1 2.42641 -0.333333 5 10 0.430331 
516 0.0523326 0.701472 1.16914 3.1589 2 1 2.42641 -0.333333 5 10 0.430331 
517 0.0523326 0.701472 1.16914 3.1589 2 1 2.42641 -0.333333 5 10 0.430331 
518 0.0523326 0.701472 1.16914 3.1589 2 1 2.42641 -0.333333 5 10 0.430331 
519 0.0523326 0.701472 1.16914 3.1589 2 1 2.42641 -0.333333 5 10 0.430331 
520 0.0523326 0.701472 1.16914 3.1589 2 1 2.42641 -0.333333 5 10 0.430331 
521 0.0523326 0.701472 1.16914 3.1589 2 1 2.42641 -0.333333 5 10 0.430331 
522 0.0523326 0.701472 1.16914 3.1589 2 1 2.42641 -0.333333 5 10 0.430331 
523 0.0523326 0.701472 1.16914 3.1589 2 1 2.42641 -0.333333 5 10 0.430331 
524 0.0523326 0.701472 1.16914 3.1589 2 1 2.42641 -0.333333 5 10 0.430331 
525 0.0523326 0.701472 1.16914 3.1589 2 1 2.42641 -0.333333 5 10 0.430331 
526 0.0523326 0.701472 1.16914 3.1589 2 1 2.42641 -0.333333 5 10 0.430331 
527 0.0523326 0.701472 1.16914 3.1589 2 1 2.42641 -0.333333 5 10 0.430331 
528 0.0523326 0.701472 1.16914 3.1589 2 1 2.42641 -0.333333 5 10 0.430331 
529 0.0523326 0.701472 1.16914 3.1589 2 1 2.42641 -0.333333 5 10 0.430331 
530 0.0523326 0.701472 1.16914 3.1589 2 1 2.42641 -0.333333 5 10 0.430331 
531 0.0523326 0.701472 1.16914 3.1589 2 1 2.42641 -0.333333 5 10 0.430331 
532 0.0523326 0.701472 1.16914 3.1589 2 1 2.42641 -0.333333 5 10 0.430331 
533 0.0523326 0.701472 1.16914 3.1589 2 1 2.42641 -0.333333 5 10 0.430331 
534 0.0523326 0.701472 1.16914 3.1589 2 1 2.42641 -0.333333 5 10 0.430331 
535 0.0523326 0.701472 1.16914 3.1589 2 1 2.42641 -0.333333 5 10 0.430331 
536 0.0523326 0.701472 1.16914 3.1589 2 1 2.42641 -0.333333 5 10 0.430331 
537 0.0523326 0.701472 1.16914 3.1589 2 1 2.42641 -0.333333 5 10 0.430331 
538 0.0523326 0.701472 1.16914 3.1589 2 1 2.42641 -0.333333 5 10 0.430331 
539 0.0523326 0.701472 1.16914 3.1589 2 1 2.42641 -0.333333 5 10 0.430331 
540 0.0523326 0.701472 1.16914 3.1589 2 1 2.42641 -0.333333 5 10 0.430331 
541 0.0523326 0.701472 1.16914 3.1589 2 1 2.42641 -0.333333 5 10 0.430331 
542 0.0523326 0.701472 1.16914 3.1589 2 1 2.42641 -0.333333 5 10 0.430331 
543 0.0523326 0.701472 1.16914 3.1589 2 1 2.42641 -0.333333 5 10 0.430331 
544 0.0523326 0.701472 1.16914 3.1589 2 1 2.42641 -0.333333 5 10 0.430331 
545 0.0523326 0.701472 1.16914 3.1589 2 1 2.42641 -0.333333 5 10 0.430331 
546 0.0523326 0.701472 1.16914 3.1589 2 1 2.42641 -0.333333 5 10 0.430331 
547 0.0523326 0.701472 1.16914 3.1589 2 1 2.42641 -0.333333 5 10 0.430331 
548 0.0523326 0.701472 1.16914 3.1589 2 1 2.42641 -0.333333 5 10 0.430331 
549 0.0523326 0.701472 1.16914 3.1589 2 1 2.42641 -0.333333 5 10 0.430331 
550 0.0523326 0.701472 1.16914 3.1589 2 1 2.42641 -0.333333 5 10 0.430331 
551 0.0523326 0.701472 1.16914 3.1589 2 1 2.42641 -0.333333 5 10 0.430331 
552 0.0523326 0.701472 1.16914 3.1589 2 1 2.42641 -0.333333 5 10 0.430331 
553 0.0523326 0.701472 1.16914 3.1589 2 1 2.42641 -0.333333 5 10 0.430331 
554 0.0523326 0.701472 1.16914 3.1589 2 1 2.42641 -0.333333 5 10 0.430331 
555 0.0523326 0.701472 1.16914 3.1589 2 1 2.42641 -0.333333 5 10 0.430331 
556 0.0523326 0.701472 1.16914 3.1589 2 1 2.42641 -0.333333 5 10 0.430331 
557 0.0523326 0.701472 1.16914 3.1589 2 1 2.42641 -0.333333 5 10 0.430331 
558 0.0523326 0.701472 1.16914 3.1589 2 1 2.42641 -0.333333 5 10 0.430331 
559 0.0523326 0.701472 1.16914 3.1589 2 1 2.42641 -0.333333 5 10 0.430331 
560 0.0523326 0.701472 1.16914 3.1589 2 1 2.42641 -0.333333 5 10 0.430331 
561 0.0523326 0.701472 1.16914 3.1589 2 1 2.42641 -0.333333 5 10 0.430331 
562 0.0523326 0.701472 1.16914 3.1589 2 1 2.42641 -0.333333 5 10 0.430331 
563 0.0523326 0.701472 1.16914 3.1589 2 1 2.42641 -0.333333 5 10 0.430331 
564 0.0523326 0.701472 1.16914 3.1589 2 1 2.42641 -0.333333 5 10 0.430331 
565 0.0523326 0.701472 1.16914 3.1589 2 1 2.42641 -0.333333 5 10 0.430331 
566 0.0523326 0.701472 1.16914 3.1589 2 1 2.42641 -0.333333 5 10 0.430331 
567 0.0523326 0.701472 1.16914 3.1589 2 1 2.42641 -0.333333 5 10 0.430331 
568 0.0523326 0.701472 1.16914 3.1589 2 1 2.42641 -0.333333 5 10 0.430331 
569 0.0523326 0.701472 1.16914 3.1589 2 1 2.42641 -0.333333 5 10 0.430331 
570 0.0523326 0.701472 1.16914 3.1589 2 1 2.42641 -0.333333 5 10 0.430331 
571 0.0523326 0.701472 1.16914 3.1589 2 1 2.42641 -0.333333 5 10 0.430331 
572 0.0523326 0.701472 1.16914 3.1589 2 1 2.42641 -0.333333 5 10 0.430331 
573 0.0523326 0.701472 1.16914 3.1589 2 1 2.42641 -0.333333 5 10 0.430331 
574 0.0523326 0.701472 1.16914 3.1589 2 1 2.42641 -0.333333 5 10 0.430331 
575 0.0523326 0.701472 1.16914 3.1589 2 1 2.42641 -0.333333 5 10 0.430331 
576 0.0523326 0.701472 1.16914 3.1589 2 1 2.42641 -0.333333 5 10 0.430331 
577 0.0523326 0.701472 1.16914 3.1589 2 1 2.42641 -0.333333 5 10 0.430331 
578 0.0523326 0.701472 1.16914 3.1589 2 1 2.42641 -0.333333 5 10 0.430331 
579 0.0523326 0.701472 1.16914 3.1589 2 1 2.42641 -0.333333 5 10 0.430331 
580 0.0523326 0.701472 1.16914 3.1589 2 1 2.42641 -0.333333 5 10 0.430331 
581 0.0523326 0.701472 1.16914 3.1589 2 1 2.42641 -0.333333 5 10 0.430331 
582 0.0523326 0.701472 1.16914 3.1589 2 1 2.42641 -0.333333 5 10 0.430331 
583 0.0523326 0.701472 1.16914 3.1589 2 1 2.42641 -0.333333 5 10 0.430331 
584 0.0523326 0.701472 1.16914 3.1589 2 1 2.42641 -0.333333 5 10 0.430331 
585 0.0523326 0.701472 1.16914 3.1589 2 1 2.42641 -0.333333 5 10 0.430331 
586 0.0523326 0.701472 1.16914 3.1589 2 1 2.42641 -0.333333 5 10 0.430331 
587 0.0523326 0.701472 1.16914 3.1589 2 1 2.42641 -0.333333 5 10 0.430331 
588 0.0523326 0.701472 1.16914 3.1589 2 1 2.42641 -0.333333 5 10 0.430331 
589 0.0523326 0.701472 1.16914 3.1589 2 1 2.42641 -0.333333 5 10 0.430331 
590 0.0523326 0.701472 1.16914 3.1589 2 1 2.42641 -0.333333 5 10 0.430331 
591 0.0523326 0.701472 1.16914 3.1589 2 1 2.42641 -0.333333 5 10 0.430331 
592 0.0523326 0.701472 1.16914 3.1589 2 1 2.42641 -0.333333 5 10 0.430331 
593 0.0523326 0.701472 1.16914 3.1589 2 1 2.42641 -0.333333 5 10 0.430331 
594 0.0523326 0.701472 1.16914 3.1589 2 1 2.42641 -0.333333 5 10 0.430331 
595 0.0523326 0.701472 1.16914 3.1589 2 1 2.42641 -0.333333 5 10 0.430331 
596 0.0523326 0.701472 1.16914 3.1589 2 1 2.42641 -0.333333 5 10 0.430331 
597 0.0523326 0.701472 1.16914 3.1589 2 1 2.42641 -0.333333 5 10 0.430331 
598 0.0523326 0.701472 1.16914 3.1589 2 1 2.42641 -0.333333 5 10 0.430331 
599 0.0523326 0.701472 1.16914 3.1589 2 1 2.42641 -0.333333 5 10 0.430331 
600 0.0523326 0.701472 1.16914 3.1589 2 1 2.42641 -0.333333 5 10 0.430331 
601 0.0523326 0.701472 1.16914 3.1589 2 1 2.42641 -0.333333 5 10 0.430331 
602 0.0523326 0.701472 1.16914 3.1589 2 1 2.42641 -0.333333 5 10 0.430331 
603 0.0523326 0.701472 1.16914 3.1589 2 1 2.42641 -0.333333 5 10 0.430331 
604 0.0523326 0.701472 1.16914 3.1589 2 1 2.42641 -0.333333 5 10 0.430331 
605 0.0523326 0.701472 1.16914 3.1589 2 1 2.42641 -0.333333 5 10 0.430331 
606 0.0523326 0.701472 1.16914 3.1589 2 1 2.42641 -0.333333 5 10 0.430331 
607 0.0523326 0.701472 1.16914 3.1589 2 1 2.42641 -0.333333 5 10 0.430331 
608 0.0523326 0.701472 1.16914 3.1589 2 1 2.42641 -0.333333 5 10 0.430331 
609 0.0523326 0.701472 1.16914 3.1589 2 1 2.42641 -0.333333 5 10 0.430331 
610 0.0523326 0.701472 1.16914 3.1589 2 1 2.42641 -0.333333 5 10 0.430331 
611 0.0523326 0.701472 1.16914 3.1589 2 1 2.42641 -0.333333 5 10 0.430331 
612 0.0523326 0.701472 1.16914 3.1589 2 1 2.42641 -0.333333 5 10 0.430331 
613 0.0523326 0.701472 1.16914 3.1589 2 1 2.42641 -0.333333 5 10 0.430331 
614 0.0523326 0.701472 1.16914 3.1589 2 1 2.42641 -0.333333 5 10 0.430331 
615 0.0523326 0.701472 1.16914 3.1589 2 1 2.42641 -0.333333 5 10 0.430331 
616 0.0523326 0.701472 1.16914 3.1589 2 1 2.42641 -0.333333 5 10 0.430331 
617 0.0523326 0.701472 1.16914 3.1589 2 1 2.42641 -0.333333 5 10 0.430331 
618 0.0523326 0.701472 1.16914 3.1589 2 1 2.42641 -0.333333 5 10 0.430331 
619 0.0523326 0.701472 1.16914 3.1589 2 1 2.42641 -0.333333 5 10 0.430331 
620 0.0523326 0.701472 1.16914 3.1589 2 1 2.42641 -0.333333 5 10 0.430331 
621 0.0523326 0.701472 1.16914 3.1589 2 1 2.42641 -0.333333 5 10 0.430331 
622 0.0523326 0.701472 1.16914 3.1589 2 1 2.42641 -0.333333 5 10 0.430331 
623 0.0523326 0.701472 1.16914 3.1589 2 1 2.42641 -0.333333 5 10 0.430331 
624 0.0523326 0.701472 1.16914 3.1589 2 1 2.42641 -0.333333 5 10 0.430331 
625 0.0523326 0.701472 1.16914 3.1589 2 1 2.42641 -0.333333 5 10 0.430331 
626 0.0523326 0.701472 1.16914 3.1589 2 1 2.42641 -0.333333 5 10 0.430331 
627 0.0523326 0.701472 1.16914 3.1589 2 1 2.42641 -0.333333 5 10 0.430331 
628 0.0523326 0.701472 1.16914 3.1589 2 1 2.42641 -0.333333 5 10 0.430331 
629 0.0523326 0.701472 1.16914 3.1589 2 1 2.42641 -0.333333 5 10 0.430331 
630 0.0523326 0.701472 1.16914 3.1589 2 1 2.42641 -0.333333 5 10 0.430331 
631 0.0523326 0.701472 1.16914 3.1589 2 1 2.42641 -0.333333 5 10 0.430331 
632 0.0523326 0.701472 1.16914 3.1589 2 1 2.42641 -0.333333 5 10 0.430331 
633 0.0523326 0.701472 1.16914 3.1589 2 1 2.42641 -0.333333 5 10 0.430331 
634 0.0523326 0.701472 1.16914 3.1589 2 1 2.42641 -0.333333 5 10 0.430331 
635 0.0523326 0.701472 1.16914 3.1589 2 1 2.42641 -0.333333 5 10 0.430331 
636 0.0523326 0.701472 1.16914 3.1589 2 1 2.42641 -0.333333 5 10 0.430331 
637 0.0523326 0.701472 1.16914 3.1589 2 1 2.42641 -0.333333 5 10 0.430331 
638 0.0523326 0.701472 1.16914 3.1589 2 1 2.42641 -0.333333 5 10 0.430331 
639 0.0523326 0.701472 1.16914 3.1589 2 1 2.42641 -0.333333 5 10 0.430331 
640 0.0523326 0.701472 1.16914 3.1589 2 1 2.42641 -0.333333 5 10 0.430331 
641 0.0523326 0.701472 1.16914 3.1589 2 1 2.42641 -0.333333 5 10 0.430331 
642 0.0523326 0.701472 1.16914 3.1589 2 1 2.42641 -0.333333 5 10 0.430331 
643 0.0523326 0.701472 1.16914 3.1589 2 1 2.42641 -0.333333 5 10 0.430331 
644 0.0523326 0.701472 1.16914 3.1589 2 1 2.42641 -0.333333 5 10 0.430331 
645 0.0523326 0.701472 1.16914 3.1589 2 1 2.42641 -0.333333 5 10 0.430331 
646 0.0523326 0.701472 1.16914 3.1589 2 1 2.42641 -0.333333 5 10 0.430331 
647 0.0523326 0.701472 1.16914 3.1589 2 1 2.42641 -0.333333 5 10 0.430331 
648 0.0523326 0.701472 1.16914 3.1589 2 1 2.42641 -0.333333 5 10 0.430331 
649 0.0523326 0.701472 1.16914 3.1589 2 1 2.42641 -0.333333 5 10 0.430331 
650 0.0523326 0.701472 1.16914 3.1589 2 1 2.42641 -0.333333 5 10 0.430331 
651 0.0523326 0.701472 1.16914 3.1589 2 1 2.42641 -0.333333 5 10 0.430331 
652 0.0523326 0.701472 1.16914 3.1589 2 1 2.42641 -0.333333 5 10 0.430331 
653 0.0523326 0.701472 1.16914 3.1589 2 1 2.42641 -0.333333 5 10 0.430331 
654 0.0523326 0.701472 1.16914 3.1589 2 1 2.42641 -0.333333 5 10 0.430331 
655 0.0523326 0.701472 1.16914 3.1589 2 1 2.42641 -0.333333 5 10 0.430331 
656 0.0523326 0.701472 1.16914 3.1589 2 1 2.42641 -0.333333 5 10 0.430331 
657 0.0523326 0.701472 1.16914 3.1589 2 1 2.42641 -0.333333 5 10 0.430331 
658 0.0523326 0.701472 1.16914 3.1589 2 1 2.42641 -0.333333 5 10 0.430331 
659 0.0523326 0.701472 1.16914 3.1589 2 1 2.42641 -0.333333 5 10 0.430331 
660 0.0523326 0.701472 1.16914 3.1589 2 1 2.42641 -0.333333 5 10 0.430331 
661 0.0523326 0.701472 1.16914 3.1589 2 1 2.42641 -0.333333 5 10 0.430331 
662 0.0523326 0.701472 1.16914 3.1589 2 1 2.42641 -0.333333 5 10 0.430331 
663 0.0523326 0.701472 1.16914 3.1589 2 1 2.42641 -0.333333 5 10 0.430331 
664 0.0523326 0.701472 1.16914 3.1589 2 1 2.42641 -0.333333 5 10 0.430331 
665 0.0523326 0.701472 1.16914 3.1589 2 1 2.42641 -0.333333 5 10 0.430331 
666 0.0523326 0.701472 1.16914 3.1589 2 1 2.42641 -0.333333 5 10 0.430331 
667 0.0523326 0.701472 1.16914 3.1589 2 1 2.42641 -0.333333 5 10 0.430331 
668 0.0523326 0.701472 1.16914 3.1589 2 1 2.42641 -0.333333 5 10 0.430331 
669 0.0523326 0.701472 1.16914 3.1589 2 1 2.42641 -0.333333 5 10 0.430331 
670 0.0523326 0.701472 1.16914 3.1589 2 1 2.42641 -0.333333 5 10 0.430331 
671 0.0523326 0.701472 1.16914 3.1589 2 1 2.42641 -0.333333 5 10 0.430331 
672 0.0523326 0.701472 1.16914 3.1589 2 1 2.42641 -0.333333 5 10 0.430331 
673 0.0523326 0.701472 1.16914 3.1589 2 1 2.42641 -0.333333 5 10 0.430331 
674 0.0523326 0.701472 1.16914 3.1589 2 1 2.42641 -0.333333 5 10 0.430331 
675 0.0523326 0.701472 1.16914 3.1589 2 1 2.42641 -0.333333 5 10 0.430331 
676 0.0523326 0.701472 1.16914 3.1589 2 1 2.42641 -0.333333 5 10 0.430331 
677 0.0523326 0.701472 1.16914 3.1589 2 1 2.42641 -0.333333 5 10 0.430331 
678 0.0523326 0.701472 1.16914 3.1589 2 1 2.42641 -0.333333 5 10 0.430331 
679 0.0523326 0.701472 1.16914 3.1589 2 1 2.42641 -0.333333 5 10 0.430331 
680 0.0523326 0.701472 1.16914 3.1589 2 1 2.42641 -0.333333 5 10 0.430331 
681 0.0523326 0.701472 1.16914 3.1589 2 1 2.42641 -0.333333 5 10 0.430331 
682 0.0523326 0.701472 1.16914 3.1589 2 1 2.42641 -0.333333 5 10 0.430331 
683 0.0523326 0.701472 1.16914 3.1589 2 1 2.42641 -0.333333 5 10 0.430331 
684 0.0523326 0.701472 1.16914 3.1589 2 1 2.42641 -0.333333 5 10 0.430331 
685 0.0523326 0.701472 1.16914 3.1589 2 1 2.42641 -0.333333 5 10 0.430331 
686 0.0523326 0.701472 1.16914 3.1589 2 1 2.42641 -0.333333 5 10 0.430331 
687 0.0523326 0.701472 1.16914 3.1589 2 1 2.42641 -0.333333 5 10 0.430331 
688 0.0523326 0.701472 1.16914 3.1589 2 1 2.42641 -0.333333 5 10 0.430331 
689 0.0523326 0.701472 1.16914 3.1589 2 1 2.42641 -0.333333 5 10 0.430331 
690 0.0523326 0.701472 1.16914 3.1589 2 1 2.42641 -0.333333 5 10 0.430331 
691 0.0523326 0.701472 1.16914 3.1589 2 1 2.42641 -0.333333 5 10 0.430331 
692 0.0523326 0.701472 1.16914 3.1589 2 1 2.42641 -0.333333 5 10 0.430331 
693 0.052323 0.701472 1.16914 3.1589 2 1 2.42182 -0.333333 5 10 0.430331 
694 0.052323 0.701472 1.16914 3.1589 2 1 2.42182 -0.333333 5 10 0.430331 
695 0.052323 0.701472 1.16914 3.1589 2 1 2.42182 -0.333333 5 10 0.430331 
696 0.052323 0.701472 1.16914 3.1589 2 1 2.42182 -0.333333 5 10 0.430331 
697 0.052323 0.701472 1.16914 3.1589 2 1 2.42182 -0.333333 5 10 0.430331 
698 0.052323 0.701472 1.16914 3.1589 2 1 2.42182 -0.333333 5 10 0.430331 
699 0.052323 0.701472 1.16914 3.1589 2 1 2.42182 -0.333333 5 10 0.430331 
700 0.052323 0.701472 1.16914 3.1589 2 1 2.42182 -0.333333 5 10 0.430331 
701 0.052323 0.701472 1.16914 3.1589 2 1 2.42182 -0.333333 5 10 0.430331 
702 0.052323 0.701472 1.16914 3.1589 2 1 2.42182 -0.333333 5 10 0.430331 
703 0.052323 0.701472 1.16914 3.1589 2 1 2.42182 -0.333333 5 10 0.430331 
704 0.052323 0.701472 1.16914 3.1589 2 1 2.42182 -0.333333 5 10 0.430331 
705 0.052323 0.701472 1.16914 3.1589 2 1 2.42182 -0.333333 5 10 0.430331 
706 0.052323 0.701472 1.16914 3.1589 2 1 2.42182 -0.333333 5 10 0.430331 
707 0.052323 0.701472 1.16914 3.1589 2 1 2.42182 -0.333333 5 10 0.430331 
708 0.052323 0.701472 1.16914 3.1589 2 1 2.42182 -0.333333 5 10 0.430331 
709 0.052323 0.701472 1.16914 3.1589 2 1 2.42182 -0.333333 5 10 0.430331 
710 0.052323 0.701472 1.16914 3.1589 2 1 2.42182 -0.333333 5 10 0.430331 
711 0.052323 0.701472 1.16914 3.1589 2 1 2.42182 -0.333333 5 10 0.430331 
712 0.052323 0.701472 1.16914 3.1589 2 1 2.42182 -0.333333 5 10 0.430331 
713 0.052323 0.701472 1.16914 3.1589 2 1 2.42182 -0.333333 5 10 0.430331 
714 0.052323 0.701472 1.16914 3.1589 2 1 2.42182 -0.333333 5 10 0.430331 
715 0.052323 0.701472 1.16914 3.1589 2 1 2.42182 -0.333333 5 10 0.430331 
716 0.052323 0.701472 1.16914 3.1589 2 1 2.42182 -0.333333 5 10 0.430331 
717 0.052323 0.701472 1.16914 3.1589 2 1 2.42182 -0.333333 5 10 0.430331 
718 0.052323 0.701472 1.16914 3.1589 2 1 2.42182 -0.333333 5 10 0.430331 
719 0.052323 0.701472 1.16914 3.1589 2 1 2.42182 -0.333333 5 10 0.430331 
720 0.052323 0.701472 1.16914 3.1589 2 1 2.42182 -0.333333 5 10 0.430331 
721 0.052323 0.701472 1.16914 3.1589 2 1 2.42182 -0.333333 5 10 0.430331 
722 0.052323 0.701472 1.16914 3.1589 2 1 2.42182 -0.333333 5 10 0.430331 
723 0.052323 0.701472 1.16914 3.1589 2 1 2.42182 -0.333333 5 10 0.430331 
724 0.052323 0.701472 1.16914 3.1589 2 1 2.42182 -0.333333 5 10 0.430331 
725 0.052323 0.701472 1.16914 3.1589 2 1 2.42182 -0.333333 5 10 0.430331 
726 0.052323 0.701472 1.16914 3.1589 2 1 2.42182 -0.333333 5 10 0.430331 
727 0.052323 0.701472 1.16914 3.1589 2 1 2.42182 -0.333333 5 10 0.430331 
728 0.052323 0.701472 1.16914 3.1589 2 1 2.42182 -0.333333 5 10 0.430331 
729 0.052323 0.701472 1.16914 3.1589 2 1 2.42182 -0.333333 5 10 0.430331 
730 0.052323 0.701472 1.16914 3.1589 2 1 2.42182 -0.333333 5 10 0.430331 
731 0.052323 0.701472 1.16914 3.1589 2 1 2.42182 -0.333333 5 10 0.430331 
732 0.052323 0.701472 1.16914 3.1589 2 1 2.42182 -0.333333 5 10 0.430331 
733 0.052323 0.701472 1.16914 3.1589 2 1 2.42182 -0.333333 5 10 0.430331 
734 0.052323 0.701472 1.16914 3.1589 2 1 2.42182 -0.333333 5 10 0.430331 
735 0.052323 0.701472 1.16914 3.1589 2 1 2.42182 -0.333333 5 10 0.430331 
736 0.052323 0.701472 1.16914 3.1589 2 1 2.42182 -0.333333 5 10 0.430331 
737 0.052323 0.701472 1.16914 3.1589 2 1 2.42182 -0.333333 5 10 0.430331 
738 0.052323 0.701472 1.16914 3.1589 2 1 2.42182 -0.333333 5 10 0.430331 
739 0.052323 0.701472 1.16914 3.1589 2 1 2.42182 -0.333333 5 10 0.430331 
740 0.052323 0.701472 1.16914 3.1589 2 1 2.42182 -0.333333 5 10 0.430331 
741 0.052323 0.701472 1.16914 3.1589 2 1 2.42182 -0.333333 5 10 0.430331 
742 0.052323 0.701472 1.16914 3.1589 2 1 2.42182 -0.333333 5 10 0.430331 
743 0.052323 0.701472 1.16914 3.1589 2 1 2.42182 -0.333333 5 10 0.430331 
744 0.052323 0.701472 1.16914 3.1589 2 1 2.42182 -0.333333 5 10 0.430331 
745 0.052323 0.701472 1.16914 3.1589 2 1 2.42182 -0.333333 5 10 0.430331 
746 0.052323 0.701472 1.16914 3.1589 2 1 2.42182 -0.333333 5 10 0.430331 
747 0.052323 0.701472 1.16914 3.1589 2 1 2.42182 -0.333333 5 10 0.430331 
748 0.052323 0.701472 1.16914 3.1589 2 1 2.42182 -0.333333 5 10 0.430331 
749 0.052323 0.701472 1.16914 3.1589 2 1 2.42182 -0.333333 5 10 0.430331 
750 0.0523167 0.701114 1.16914 3.1589 2 1 2.42699 -0.333333 5 10 0.433094 
751 0.0523014 0.701114 1.16914 3.1589 2 1 2.42182 -0.333333 5 10 0.43425 
752 0.0523014 0.701114 1.16914 3.1589 2 1 2.42182 -0.333333 5 10 0.43425 
753 0.0522965 0.701114 1.16914 3.1589 2 1 2.41563 -0.333333 5 10 0.433094 
754 0.0522965 0.701114 1.16914 3.1589 2 1 2.41563 -0.333333 5 10 0.433094 
755 0.0522965 0.701114 1.16914 3.1589 2 1 2.41563 -0.333333 5 10 0.433094 
756 0.0522965 0.701114 1.16914 3.1589 2 1 2.41563 -0.333333 5 10 0.433094 
757 0.0522965 0.701114 1.16914 3.1589 2 1 2.41563 -0.333333 5 10 0.433094 
758 0.0522965 0.701114 1.16914 3.1589 2 1 2.41563 -0.333333 5 10 0.433094 
759 0.0522965 0.701114 1.16914 3.1589 2 1 2.41563 -0.333333 5 10 0.433094 
760 0.0522965 0.701114 1.16914 3.1589 2 1 2.41563 -0.333333 5 10 0.433094 
761 0.0522965 0.701114 1.16914 3.1589 2 1 2.41563 -0.333333 5 10 0.433094 
762 0.0522965 0.701114 1.16914 3.1589 2 1 2.41563 -0.333333 5 10 0.433094 
763 0.0522965 0.701114 1.16914 3.1589 2 1 2.41563 -0.333333 5 10 0.433094 
764 0.0522965 0.701114 1.16914 3.1589 2 1 2.41563 -0.333333 5 10 0.433094 
765 0.0522965 0.701114 1.16914 3.1589 2 1 2.41563 -0.333333 5 10 0.433094 
766 0.0518159 0.701114 1.16914 3.15764 2 1 2.4076 -0.333333 5 10 0.438042 
767 0.0518159 0.701114 1.16914 3.15764 2 1 2.4076 -0.333333 5 10 0.438042 
768 0.0518159 0.701114 1.16914 3.15764 2 1 2.4076 -0.333333 5 10 0.438042 
769 0.0517338 0.701114 1.16914 3.15764 2 1 2.4346 -0.333333 5 10 0.438202 
770 0.0517338 0.701114 1.16914 3.15764 2 1 2.4346 -0.333333 5 10 0.438202 
771 0.0517338 0.701114 1.16914 3.15764 2 1 2.4346 -0.333333 5 10 0.438202 
772 0.0517338 0.701114 1.16914 3.15764 2 1 2.4346 -0.333333 5 10 0.438202 
773 0.0516399 0.701472 1.16914 3.15804 2 1 2.43478 -0.333333 5 10 0.423429 
774 0.0516399 0.701472 1.16914 3.15804 2 1 2.43478 -0.333333 5 10 0.423429 
775 0.0516399 0.701472 1.16914 3.15804 2 1 2.43478 -0.333333 5 10 0.423429 
776 0.0516399 0.701472 1.16914 3.15804 2 1 2.43478 -0.333333 5 10 0.423429 
777 0.0516399 0.701472 1.16914 3.15804 2 1 2.43478 -0.333333 5 10 0.423429 
778 0.0516399 0.701472 1.16914 3.15804 2 1 2.43478 -0.333333 5 10 0.423429 
779 0.0516399 0.701472 1.16914 3.15804 2 1 2.43478 -0.333333 5 10 0.423429 
780 0.0516399 0.701472 1.16914 3.15804 2 1 2.43478 -0.333333 5 10 0.423429 
781 0.0516399 0.701472 1.16914 3.15804 2 1 2.43478 -0.333333 5 10 0.423429 
782 0.0516247 0.701472 1.16914 3.15804 2 1 2.43093 -0.333333 5 10 0.423429 
783 0.0516247 0.701472 1.16914 3.15804 2 1 2.43093 -0.333333 5 10 0.423429 
784 0.051412 0.701114 1.16914 3.15804 2 1 2.43478 -0.333333 5 10 0.4152 
785 0.051412 0.701114 1.16914 3.15804 2 1 2.43478 -0.333333 5 10 0.4152 
786 0.051412 0.701114 1.16914 3.15804 2 1 2.43478 -0.333333 5 10 0.4152 
787 0.051412 0.701114 1.16914 3.15804 2 1 2.43478 -0.333333 5 10 0.4152 
788 0.051412 0.701114 1.16914 3.15804 2 1 2.43478 -0.333333 5 10 0.4152 
789 0.051412 0.701114 1.16914 3.15804 2 1 2.43478 -0.333333 5 10 0.4152 
790 0.051412 0.701114 1.16914 3.15804 2 1 2.43478 -0.333333 5 10 0.4152 
791 0.051412 0.701114 1.16914 3.15804 2 1 2.43478 -0.333333 5 10 0.4152 
792 0.0509782 0.701114 1.16914 3.15804 2 1 2.42699 -0.333333 5 10 0.43194 
793 0.0509782 0.701114 1.16914 3.15804 2 1 2.42699 -0.333333 5 10 0.43194 
794 0.0509782 0.701114 1.16914 3.15804 2 1 2.42699 -0.333333 5 10 0.43194 
795 0.0509782 0.701114 1.16914 3.15804 2 1 2.42699 -0.333333 5 10 0.43194 
796 0.0509782 0.701114 1.16914 3.15804 2 1 2.42699 -0.333333 5 10 0.43194 
797 0.0509782 0.701114 1.16914 3.15804 2 1 2.42699 -0.333333 5 10 0.43194 
798 0.0509782 0.701114 1.16914 3.15804 2 1 2.42699 -0.333333 5 10 0.43194 
799 0.0509782 0.701114 1.16914 3.15804 2 1 2.42699 -0.333333 5 10 0.43194 
800 0.0509782 0.701114 1.16914 3.15804 2 1 2.42699 -0.333333 5 10 0.43194 
801 0.0509782 0.701114 1.16914 3.15804 2 1 2.42699 -0.333333 5 10 0.43194 
802 0.0509782 0.701114 1.16914 3.15804 2 1 2.42699 -0.333333 5 10 0.43194 
803 0.0509781 0.701114 1.16914 3.15804 2 1 2.42699 -0.333333 5 10 0.433174 
804 0.0509776 0.701114 1.16914 3.15804 2 1 2.42699 -0.333333 5 10 0.432552 
805 0.0509776 0.701114 1.16914 3.15804 2 1 2.42699 -0.333333 5 10 0.432552 
806 0.0509776 0.701114 1.16914 3.15804 2 1 2.42699 -0.333333 5 10 0.432552 
807 0.0509776 0.701114 1.16914 3.15804 2 1 2.42699 -0.333333 5 10 0.432552 
808 0.0509776 0.701114 1.16914 3.15804 2 1 2.42699 -0.333333 5 10 0.432552 
809 0.0509776 0.701114 1.16914 3.15804 2 1 2.42699 -0.333333 5 10 0.432552 
810 0.0509776 0.701114 1.16914 3.15804 2 1 2.42699 -0.333333 5 10 0.432552 
811 0.0509776 0.701114 1.16914 3.15804 2 1 2.42699 -0.333333 5 10 0.432552 
812 0.0509776 0.701114 1.16914 3.15804 2 1 2.42699 -0.333333 5 10 0.432552 
813 0.0509776 0.701114 1.16914 3.15804 2 1 2.42699 -0.333333 5 10 0.432552 
814 0.0509776 0.701114 1.16914 3.15804 2 1 2.42699 -0.333333 5 10 0.432552 
815 0.0509776 0.701114 1.16914 3.15804 2 1 2.42699 -0.333333 5 10 0.432552 
816 0.0509776 0.701114 1.16914 3.15804 2 1 2.42699 -0.333333 5 10 0.432552 
817 0.0509776 0.701114 1.16914 3.15804 2 1 2.42699 -0.333333 5 10 0.432552 
818 0.0509776 0.701114 1.16914 3.15804 2 1 2.42699 -0.333333 5 10 0.432552 
819 0.0509776 0.701114 1.16914 3.15804 2 1 2.42699 -0.333333 5 10 0.432552 
820 0.0509766 0.701114 1.16914 3.15804 2 1 2.42622 -0.333333 5 10 0.43314 
821 0.0509766 0.701114 1.16914 3.15804 2 1 2.42622 -0.333333 5 10 0.43314 
822 0.0509766 0.701114 1.16914 3.15804 2 1 2.42622 -0.333333 5 10 0.43314 
823 0.0509766 0.701114 1.16914 3.15804 2 1 2.42622 -0.333333 5 10 0.43314 
824 0.0509766 0.701114 1.16914 3.15804 2 1 2.42622 -0.333333 5 10 0.43314 
825 0.0509766 0.701114 1.16914 3.15804 2 1 2.42622 -0.333333 5 10 0.43314 
826 0.0509766 0.701114 1.16914 3.15804 2 1 2.42622 -0.333333 5 10 0.43314 
827 0.0509766 0.701114 1.16914 3.15804 2 1 2.42622 -0.333333 5 10 0.43314 
828 0.0509766 0.701114 1.16914 3.15804 2 1 2.42622 -0.333333 5 10 0.43314 
829 0.0509766 0.701114 1.16914 3.15804 2 1 2.42622 -0.333333 5 10 0.43314 
830 0.0509766 0.701114 1.16914 3.15804 2 1 2.42622 -0.333333 5 10 0.43314 
831 0.0509766 0.701114 1.16914 3.15804 2 1 2.42622 -0.333333 5 10 0.43314 
832 0.0509766 0.701114 1.16914 3.15804 2 1 2.42622 -0.333333 5 10 0.43314 
833 0.0509766 0.701114 1.16914 3.15804 2 1 2.42622 -0.333333 5 10 0.43314 
834 0.0509766 0.701114 1.16914 3.15804 2 1 2.42622 -0.333333 5 10 0.43314 
835 0.0508841 0.700369 1.16914 3.15804 2 1 2.41563 -0.333333 5 10 0.434432 
836 0.0508841 0.700369 1.16914 3.15804 2 1 2.41563 -0.333333 5 10 0.434432 
837 0.0508841 0.700369 1.16914 3.15804 2 1 2.41563 -0.333333 5 10 0.434432 
838 0.0508543 0.700411 1.16914 3.15804 2 1 2.42699 -0.333333 5 10 0.434225 
839 0.0508543 0.700411 1.16914 3.15804 2 1 2.42699 -0.333333 5 10 0.434225 
840 0.0508543 0.700411 1.16914 3.15804 2 1 2.42699 -0.333333 5 10 0.434225 
841 0.0508527 0.700411 1.16914 3.15804 2 1 2.42699 -0.333333 5 10 0.433605 
842 0.0508527 0.700411 1.16914 3.15804 2 1 2.42699 -0.333333 5 10 0.433605 
843 0.0508522 0.700411 1.16914 3.15804 2 1 2.42699 -0.333333 5 10 0.433174 
844 0.0508522 0.700411 1.16914 3.15804 2 1 2.42699 -0.333333 5 10 0.43314 
845 0.0508522 0.700411 1.16914 3.15804 2 1 2.42699 -0.333333 5 10 0.43314 
846 0.0508406 0.700411 1.16914 3.15804 2 1 2.42133 -0.333333 5 10 0.43314 
847 0.0508238 0.700929 1.16914 3.15804 2 1 2.42133 -0.333333 5 10 0.434652 
848 0.0508238 0.700929 1.16914 3.15804 2 1 2.42133 -0.333333 5 10 0.434652 
849 0.050764 0.700795 1.16914 3.15804 2 1 2.42133 -0.333333 5 10 0.434791 
850 0.050764 0.700795 1.16914 3.15804 2 1 2.42133 -0.333333 5 10 0.434791 
851 0.050764 0.700795 1.16914 3.15804 2 1 2.42133 -0.333333 5 10 0.434791 
852 0.050764 0.700795 1.16914 3.15804 2 1 2.42133 -0.333333 5 10 0.434791 
853 0.050764 0.700795 1.16914 3.15804 2 1 2.42133 -0.333333 5 10 0.434791 
854 0.050764 0.700795 1.16914 3.15804 2 1 2.42133 -0.333333 5 10 0.434791 
855 0.0507636 0.700795 1.16914 3.15804 2 1 2.42622 -0.333333 5 10 0.433174 
856 0.0507598 0.700795 1.16914 3.15804 2 1 2.42133 -0.333333 5 10 0.433174 
857 0.0507598 0.700795 1.16914 3.15804 2 1 2.42133 -0.333333 5 10 0.433174 
858 0.0507598 0.700795 1.16914 3.15804 2 1 2.42133 -0.333333 5 10 0.433174 
859 0.0507598 0.700795 1.16914 3.15804 2 1 2.42133 -0.333333 5 10 0.433174 
860 0.0507598 0.700795 1.16914 3.15804 2 1 2.42133 -0.333333 5 10 0.433174 
861 0.0507598 0.700795 1.16914 3.15804 2 1 2.42133 -0.333333 5 10 0.433174 
862 0.0507598 0.700795 1.16914 3.15804 2 1 2.42133 -0.333333 5 10 0.43314 
863 0.0507598 0.700795 1.16914 3.15804 2 1 2.42133 -0.333333 5 10 0.43314 
864 0.0507598 0.700795 1.16914 3.15804 2 1 2.42133 -0.333333 5 10 0.43314 
865 0.0507598 0.700795 1.16914 3.15804 2 1 2.42133 -0.333333 5 10 0.43314 
866 0.0507598 0.700795 1.16914 3.15804 2 1 2.42133 -0.333333 5 10 0.43314 
867 0.0507598 0.700795 1.16914 3.15804 2 1 2.42133 -0.333333 5 10 0.43314 
868 0.0507598 0.700795 1.16914 3.15804 2 1 2.42133 -0.333333 5 10 0.43314 
869 0.0507598 0.700795 1.16914 3.15804 2 1 2.42133 -0.333333 5 10 0.43314 
870 0.0507598 0.700795 1.16914 3.15804 2 1 2.42133 -0.333333 5 10 0.43314 
871 0.0507598 0.700795 1.16914 3.15804 2 1 2.42133 -0.333333 5 10 0.43314 
872 0.0507598 0.700795 1.16914 3.15804 2 1 2.42133 -0.333333 5 10 0.43314 
873 0.0507598 0.700795 1.16914 3.15804 2 1 2.42133 -0.333333 5 10 0.43314 
874 0.0507598 0.700795 1.16914 3.15804 2 1 2.42133 -0.333333 5 10 0.43314 
875 0.0507598 0.700795 1.16914 3.15804 2 1 2.42133 -0.333333 5 10 0.43314 
876 0.0507598 0.700795 1.16914 3.15804 2 1 2.42133 -0.333333 5 10 0.43314 
877 0.0507598 0.700795 1.16914 3.15804 2 1 2.42133 -0.333333 5 10 0.43314 
878 0.0507598 0.700795 1.16914 3.15804 2 1 2.42133 -0.333333 5 10 0.43314 
879 0.0507598 0.700795 1.16914 3.15804 2 1 2.42133 -0.333333 5 10 0.43314 
880 0.0507598 0.700795 1.16914 3.15804 2 1 2.42133 -0.333333 5 10 0.43314 
881 0.0507598 0.700795 1.16914 3.15804 2 1 2.42133 -0.333333 5 10 0.43314 
882 0.0507598 0.700795 1.16914 3.15804 2 1 2.42133 -0.333333 5 10 0.43314 
883 0.0507598 0.700795 1.16914 3.15804 2 1 2.42133 -0.333333 5 10 0.43314 
884 0.0507598 0.700795 1.16914 3.15804 2 1 2.42133 -0.333333 5 10 0.43314 
885 0.0507598 0.700795 1.16914 3.15804 2 1 2.42133 -0.333333 5 10 0.43314 
886 0.0507598 0.700795 1.16914 3.15804 2 1 2.42133 -0.333333 5 10 0.43314 
887 0.0507591 0.700795 1.16914 3.15804 2 1 2.42233 -0.333333 5 10 0.43314 
888 0.0507591 0.700795 1.16914 3.15804 2 1 2.42233 -0.333333 5 10 0.43314 
889 0.0507591 0.700795 1.16914 3.15804 2 1 2.42233 -0.333333 5 10 0.43314 
890 0.0507591 0.700795 1.16914 3.15804 2 1 2.42233 -0.333333 5 10 0.43314 
891 0.0507591 0.700795 1.16914 3.15804 2 1 2.42233 -0.333333 5 10 0.43314 
892 0.0507591 0.700795 1.16914 3.15804 2 1 2.42233 -0.333333 5 10 0.43314 
893 0.0507591 0.700795 1.16914 3.15804 2 1 2.42233 -0.333333 5 10 0.43314 
894 0.0507564 0.700592 1.16914 3.15804 2 1 2.42133 -0.333333 5 10 0.43314 
895 0.0507564 0.700592 1.16914 3.15804 2 1 2.42133 -0.333333 5 10 0.43314 
896 0.050756 0.700795 1.16916 3.15804 2 1 2.42133 -0.333333 5 10 0.43314 
897 0.050756 0.700795 1.16916 3.15804 2 1 2.42133 -0.333333 5 10 0.43314 
898 0.050756 0.700795 1.16916 3.15804 2 1 2.42133 -0.333333 5 10 0.43314 
899 0.050756 0.700795 1.16916 3.15804 2 1 2.42133 -0.333333 5 10 0.43314 
900 0.050756 0.700795 1.16916 3.15804 2 1 2.42133 -0.333333 5 10 0.43314 
901 0.050756 0.700795 1.16916 3.15804 2 1 2.42133 -0.333333 5 10 0.43314 
902 0.050756 0.700795 1.16916 3.15804 2 1 2.42133 -0.333333 5 10 0.43314 
903 0.050756 0.700795 1.16916 3.15804 2 1 2.42133 -0.333333 5 10 0.43314 
904 0.050756 0.700795 1.16916 3.15804 2 1 2.42133 -0.333333 5 10 0.43314 
905 0.050756 0.700795 1.16916 3.15804 2 1 2.42133 -0.333333 5 10 0.43314 
906 0.0507555 0.700795 1.16916 3.15804 2 1 2.42233 -0.333333 5 10 0.43314 
907 0.0507555 0.700795 1.16916 3.15804 2 1 2.42233 -0.333333 5 10 0.43314 
908 0.0507555 0.700795 1.16916 3.15804 2 1 2.42233 -0.333333 5 10 0.43314 
909 0.0507555 0.700795 1.16916 3.15804 2 1 2.42233 -0.333333 5 10 0.43314 
910 0.0507555 0.700795 1.16916 3.15804 2 1 2.42233 -0.333333 5 10 0.43314 
911 0.0507555 0.700795 1.16916 3.15804 2 1 2.42233 -0.333333 5 10 0.43314 
912 0.0507555 0.700795 1.16916 3.15804 2 1 2.42233 -0.333333 5 10 0.43314 
913 0.0507555 0.700795 1.16916 3.15804 2 1 2.42233 -0.333333 5 10 0.43314 
914 0.0507555 0.700795 1.16916 3.15804 2 1 2.42233 -0.333333 5 10 0.43314 
915 0.0507555 0.700795 1.16916 3.15804 2 1 2.42233 -0.333333 5 10 0.43314 
916 0.0507555 0.700795 1.16916 3.15804 2 1 2.42233 -0.333333 5 10 0.43314 
917 0.0507555 0.700795 1.16916 3.15804 2 1 2.42233 -0.333333 5 10 0.43314 
918 0.0507555 0.700795 1.16916 3.15804 2 1 2.42233 -0.333333 5 10 0.43314 
919 0.0507555 0.700795 1.16916 3.15804 2 1 2.42233 -0.333333 5 10 0.43314 
920 0.0507555 0.700795 1.16916 3.15804 2 1 2.42233 -0.333333 5 10 0.43314 
921 0.0507555 0.700795 1.16916 3.15804 2 1 2.42233 -0.333333 5 10 0.43314 
922 0.0507555 0.700795 1.16916 3.15804 2 1 2.42233 -0.333333 5 10 0.43314 
923 0.0507555 0.700795 1.16916 3.15804 2 1 2.42233 -0.333333 5 10 0.43314 
924 0.0507555 0.700795 1.16916 3.15804 2 1 2.42233 -0.333333 5 10 0.43314 
925 0.0507555 0.700795 1.16916 3.15804 2 1 2.42233 -0.333333 5 10 0.433078 
926 0.0507555 0.700795 1.16916 3.15804 2 1 2.42233 -0.333333 5 10 0.433078 
927 0.0507555 0.700795 1.16916 3.15804 2 1 2.42233 -0.333333 5 10 0.433078 
928 0.0507555 0.700795 1.16916 3.15804 2 1 2.42233 -0.333333 5 10 0.433078 
929 0.0507555 0.700795 1.16916 3.15804 2 1 2.42233 -0.333333 5 10 0.433078 
930 0.0507555 0.700795 1.16916 3.15804 2 1 2.42233 -0.333333 5 10 0.433078 
931 0.0507555 0.700795 1.16916 3.15804 2 1 2.42233 -0.333333 5 10 0.433078 
932 0.0507555 0.700795 1.16916 3.15804 2 1 2.42233 -0.333333 5 10 0.433078 
933 0.0507555 0.700795 1.16916 3.15804 2 1 2.42233 -0.333333 5 10 0.433078 
934 0.0507555 0.700795 1.16916 3.15804 2 1 2.42233 -0.333333 5 10 0.433078 
935 0.0507555 0.700795 1.16916 3.15804 2 1 2.42233 -0.333333 5 10 0.433078 
936 0.0507555 0.700795 1.16916 3.15804 2 1 2.42233 -0.333333 5 10 0.433078 
937 0.0507555 0.700795 1.16916 3.15804 2 1 2.42233 -0.333333 5 10 0.433078 
938 0.0507555 0.700795 1.16916 3.15804 2 1 2.42233 -0.333333 5 10 0.433078 
939 0.0507555 0.700795 1.16916 3.15804 2 1 2.42233 -0.333333 5 10 0.433078 
940 0.0507555 0.700795 1.16916 3.15804 2 1 2.42233 -0.333333 5 10 0.433078 
941 0.0507555 0.700795 1.16916 3.15804 2 1 2.42233 -0.333333 5 10 0.433078 
942 0.0507555 0.700795 1.16916 3.15804 2 1 2.42233 -0.333333 5 10 0.433078 
943 0.0507555 0.700795 1.16916 3.15804 2 1 2.42233 -0.333333 5 10 0.433078 
944 0.0507555 0.700795 1.16916 3.15804 2 1 2.42233 -0.333333 5 10 0.433078 
945 0.0507555 0.700795 1.16916 3.15804 2 1 2.42233 -0.333333 5 10 0.433078 
946 0.0507555 0.700795 1.16916 3.15804 2 1 2.42233 -0.333333 5 10 0.433078 
947 0.0507555 0.700795 1.16916 3.15804 2 1 2.42233 -0.333333 5 10 0.433078 
948 0.0507555 0.700795 1.16916 3.15804 2 1 2.42233 -0.333333 5 10 0.433078 
949 0.0507555 0.700795 1.16916 3.15804 2 1 2.42233 -0.333333 5 10 0.433078 
950 0.0507555 0.700795 1.16916 3.15804 2 1 2.42233 -0.333333 5 10 0.433078 
951 0.0507555 0.700795 1.16916 3.15804 2 1 2.42233 -0.333333 5 10 0.433078 
952 0.0507555 0.700795 1.16916 3.15804 2 1 2.42233 -0.333333 5 10 0.433078 
953 0.0507555 0.700795 1.16916 3.15804 2 1 2.42233 -0.333333 5 10 0.433078 
954 0.0507555 0.700795 1.16916 3.15804 2 1 2.42233 -0.333333 5 10 0.433078 
955 0.0507555 0.700795 1.16916 3.15804 2 1 2.42233 -0.333333 5 10 0.433078 
956 0.0507555 0.700795 1.16916 3.15804 2 1 2.42233 -0.333333 5 10 0.432986 
957 0.0507555 0.700795 1.16916 3.15804 2 1 2.42233 -0.333333 5 10 0.432986 
958 0.0507555 0.700795 1.16916 3.15804 2 1 2.42233 -0.333333 5 10 0.432986 
959 0.0507555 0.700795 1.16916 3.15804 2 1 2.42233 -0.333333 5 10 0.432986 
960 0.0507555 0.700795 1.16916 3.15804 2 1 2.42233 -0.333333 5 10 0.432986 
961 0.0507555 0.700795 1.16916 3.15804 2 1 2.42233 -0.333333 5 10 0.432986 
962 0.0507555 0.700795 1.16916 3.15804 2 1 2.42233 -0.333333 5 10 0.432986 
963 0.0507555 0.700795 1.16916 3.15804 2 1 2.42233 -0.333333 5 10 0.432986 
964 0.0507555 0.700795 1.16916 3.15804 2 1 2.42233 -0.333333 5 10 0.432986 
965 0.0507555 0.700795 1.16916 3.15804 2 1 2.42233 -0.333333 5 10 0.432986 
966 0.0507555 0.700795 1.16916 3.15804 2 1 2.42233 -0.333333 5 10 0.432986 
967 0.0507555 0.700795 1.16916 3.15804 2 1 2.42233 -0.333333 5 10 0.432986 
968 0.0507555 0.700795 1.16916 3.15804 2 1 2.42233 -0.333333 5 10 0.432986 
969 0.0507555 0.700795 1.16916 3.15804 2 1 2.42233 -0.333333 5 10 0.432986 
970 0.0507555 0.700795 1.16916 3.15804 2 1 2.42233 -0.333333 5 10 0.432986 
971 0.0507555 0.700795 1.16916 3.15804 2 1 2.42233 -0.333333 5 10 0.432986 
972 0.0507555 0.700795 1.16916 3.15804 2 1 2.42233 -0.333333 5 10 0.432986 
973 0.0507555 0.700795 1.16916 3.15804 2 1 2.42233 -0.333333 5 10 0.432986 
974 0.0507555 0.700795 1.16916 3.15804 2 1 2.42233 -0.333333 5 10 0.432986 
975 0.0507555 0.700795 1.16916 3.15804 2 1 2.42233 -0.333333 5 10 0.432986 
976 0.0507555 0.700795 1.16916 3.15804 2 1 2.42233 -0.333333 5 10 0.432986 
977 0.0507555 0.700795 1.16916 3.15804 2 1 2.42233 -0.333333 5 10 0.432986 
978 0.0507555 0.700795 1.16916 3.15804 2 1 2.42233 -0.333333 5 10 0.432986 
979 0.0507555 0.700795 1.16916 3.15804 2 1 2.42233 -0.333333 5 10 0.432986 
980 0.0507555 0.700795 1.16916 3.15804 2 1 2.42233 -0.333333 5 10 0.432986 
981 0.0507555 0.700795 1.16916 3.15804 2 1 2.42233 -0.333333 5 10 0.432986 
982 0.0507555 0.700795 1.16916 3.15804 2 1 2.42233 -0.333333 5 10 0.432986 
983 0.0507555 0.700795 1.16916 3.15804 2 1 2.42233 -0.333333 5 10 0.432986 
984 0.0507555 0.700795 1.16916 3.15804 2 1 2.42233 -0.333333 5 10 0.432986 
985 0.0507555 0.700795 1.16916 3.15804 2 1 2.42233 -0.333333 5 10 0.432986 
986 0.0507555 0.700795 1.16916 3.15804 2 1 2.42233 -0.333333 5 10 0.432986 
987 0.0507555 0.700795 1.16916 3.15804 2 1 2.42233 -0.333333 5 10 0.432986 
988 0.0507555 0.700795 1.16916 3.15804 2 1 2.42233 -0.333333 5 10 0.432986 
989 0.0507555 0.700795 1.16916 3.15804 2 1 2.42233 -0.333333 5 10 0.432986 
990 0.0507555 0.700795 1.16916 3.15804 2 1 2.42233 -0.333333 5 10 0.432986 
991 0.0507555 0.700795 1.16916 3.15804 2 1 2.42233 -0.333333 5 10 0.432986 
992 0.0507555 0.700795 1.16916 3.15804 2 1 2.42233 -0.333333 5 10 0.432986 
993 0.0507555 0.700795 1.16916 3.15804 2 1 2.42233 -0.333333 5 10 0.432986 
994 0.0507555 0.700795 1.16916 3.15804 2 1 2.42233 -0.333333 5 10 0.432986 
995 0.0507555 0.700795 1.16916 3.15804 2 1 2.42233 -0.333333 5 10 0.432986 
996 0.0507555 0.700795 1.16916 3.15804 2 1 2.42233 -0.333333 5 10 0.432986 
997 0.0507555 0.700795 1.16916 3.15804 2 1 2.42233 -0.333333 5 10 0.432986 
998 0.0507555 0.700795 1.16916 3.15804 2 1 2.42233 -0.333333 5 10 0.432986 
999 0.0507555 0.700795 1.16916 3.15804 2 1 2.42233 -0.333333 5 10 0.432986 
