1951.59 2073.56
1686.55 1769.93
1425.61 1488.34
1205.38 1230.64
979.943 996.606
771.865 780.594
673.963 677.102
579.854 580.328
489.559 486.487
413.879 398.966
330.007 314.378
249.595 233.847
218.313 202.136
187.547 170.866
157.353 142.904
127.599 111.379
98.3393 81.8195
83.9238 67.2774
69.6276 53.6634
55.3948 39.3536
41.3391 25.1872
27.4024 11.1456
13.5209 -0.87424
-0.181447 -14.6342
-13.7689 -28.2675
-23.5715 -41.8048
-36.9682 -54.4832
-50.2543 -67.8118
-63.4819 -81.0554
-76.5405 -91.7664
-89.4868 -104.733
-102.381 -117.569
-115.108 -130.257
-127.727 -142.618
-140.236 -155.047
-152.691 -167.392
-164.986 -179.574
-189.315 -203.601
-213.17 -227.098
-236.667 -247.833
-259.707 -270.425
-282.392 -290.227
-337.37 -344.017
-389.915 -394.716
-440.204 -441.715
-488.27 -486.276
-534.155 -530.916
-578.007 -571.21
-654.413 -647.987
-729.237 -716.716
-797.084 -775.732
-858.457 -831.885
-903.168 -882.633
-953.82 -927.364
-999.142 -967.484
-1039.5 -1003.86
-1075.27 -1039.32
-1106.73 -1069.29
-1134.21 -1096.16
-1146.82 -1119.6
-1168.15 -1142.58
-1186.21 -1159.93
-1201.23 -1177.68
1302.68 1354.82
1138.9 1178.66
991.703 1010.78
839.774 850.584
696.884 699.153
557.65 554.936
490.422 485.192
424.695 416.92
360.571 352.163
306.009 288.693
244.456 226.909
184.483 166.248
160.885 142.689
137.533 120.995
114.464 97.6461
91.5855 75.1808
68.945 52.3821
57.7376 41.4496
46.5883 30.4358
35.4499 19.5136
24.4193 8.4352
13.4453 -1.8976
2.48201 -12.1184
-8.37363 -22.9747
-15.4376 -33.6922
-26.2491 -44.329
-36.9567 -54.4832
-47.6079 -65.1315
-58.2467 -75.7491
-68.7833 -86.0941
-79.2616 -95.1667
-89.73 -105.306
-100.094 -115.203
-110.402 -125.356
-120.654 -135.539
-130.895 -145.671
-141.034 -155.723
-161.19 -175.638
-181.079 -195.062
-200.788 -212.934
-220.238 -231.95
-239.509 -249.857
-286.718 -293.928
-332.549 -337.542
-377.103 -379.647
-420.363 -419.965
-462.316 -459.825
-503.055 -498.003
-580.846 -571.183
-649.387 -637.617
-718.268 -698.838
-782.808 -755.437
-837.842 -807.527
-889.788 -855.034
-943.156 -901.786
-991.484 -945.964
-1037.67 -988.606
-1080.48 -1027.16
-1120.1 -1063.36
-1156.69 -1095.84
-1185.2 -1127.47
-1216.65 -1157.09
-1245.48 -1184.01
363.129 326.569
306.895 275.873
254.674 229.196
206.277 185.898
164.454 143.564
122.932 104.183
103.403 85.7203
84.635 67.9814
66.6362 50.4378
49.4592 33.5731
32.8588 17.4861
16.9441 2.31232
10.7509 -3.84576
4.65888 -9.68448
-1.32019 -15.6896
-7.21631 -21.1974
-13.0147 -26.985
-15.8736 -29.8682
-18.7088 -32.7341
-21.5323 -35.3472
-24.3207 -38.1696
-27.0868 -40.9459
-26.0914 -43.735
-28.8297 -46.5024
-31.5448 -49.1238
-34.2501 -51.785
-36.9233 -54.4832
-39.5738 -57.1802
-42.2154 -59.8592
-44.8246 -62.5178
-47.4132 -65.0618
-49.9924 -67.6819
-52.5404 -69.8605
-55.0683 -72.4333
-57.5757 -74.7149
-60.074 -77.2442
-62.5427 -79.7542
-67.4335 -84.6976
-72.2383 -89.4592
-76.9804 -93.9168
-81.6411 -98.6125
-86.2405 -103.169
-97.4385 -113.703
-108.226 -124.255
-118.644 -134.436
-128.708 -143.954
-138.438 -153.158
-147.87 -161.15
-165.902 -177.713
-182.982 -192.519
-199.276 -205.741
-214.944 -218.132
-229.113 -229.102
-243.557 -239.836
-258.242 -249.5
-272.786 -259.064
-287.287 -267.956
-301.821 -276.081
-316.465 -283.142
-331.278 -290.271
-346.312 -296.655
-361.616 -302.89
-377.206 -309.517
1951.59 2073.56
1686.55 1769.93
1425.61 1488.34
1205.38 1230.64
979.943 996.606
771.865 780.594
673.963 677.102
579.853 580.328
489.559 486.487
413.88 398.966
330.007 314.378
249.595 233.847
218.313 202.136
187.546 170.866
157.353 142.904
127.599 111.379
98.3392 81.8195
83.924 67.2774
69.6277 53.6634
55.3948 39.3536
41.3387 25.1872
27.4024 11.1456
13.5206 -0.87424
-0.181602 -14.6342
-13.7686 -28.2675
-23.5714 -41.8048
-36.9684 -54.4832
-50.255 -67.8118
-63.482 -81.0554
-76.5403 -91.7664
-89.4868 -104.733
-102.381 -117.569
-115.109 -130.257
-127.727 -142.618
-140.236 -155.047
-152.691 -167.392
-164.986 -179.574
-189.315 -203.601
-213.169 -227.098
-236.667 -247.833
-259.707 -270.425
-282.392 -290.227
-337.37 -344.017
-389.915 -394.716
-440.203 -441.715
-488.271 -486.276
-534.155 -530.916
-578.007 -571.21
-654.412 -647.987
-729.237 -716.716
-797.083 -775.732
-858.457 -831.885
-903.169 -882.633
-953.821 -927.364
-999.141 -967.484
-1039.5 -1003.86
-1075.27 -1039.32
-1106.73 -1069.29
-1134.21 -1096.16
-1146.82 -1119.6
-1168.15 -1142.58
-1186.21 -1159.93
-1201.23 -1177.68
1302.68 1354.82
1138.9 1178.66
991.704 1010.78
839.774 850.584
696.885 699.153
557.65 554.936
490.422 485.192
424.695 416.92
360.571 352.163
306.009 288.693
244.456 226.909
184.483 166.248
160.885 142.689
137.533 120.995
114.463 97.6461
91.5856 75.1808
68.945 52.3821
57.7379 41.4496
46.5884 30.4358
35.4499 19.5136
24.4195 8.4352
13.4453 -1.8976
2.48185 -12.1184
-8.37356 -22.9747
-15.4376 -33.6922
-26.2491 -44.329
-36.9567 -54.4832
-47.6079 -65.1315
-58.2465 -75.7491
-68.7833 -86.0941
-79.2615 -95.1667
-89.7299 -105.306
-100.095 -115.203
-110.402 -125.356
-120.654 -135.539
-130.895 -145.671
-141.034 -155.723
-161.19 -175.638
-181.079 -195.062
-200.788 -212.934
-220.238 -231.95
-239.509 -249.857
-286.718 -293.928
-332.549 -337.542
-377.103 -379.647
-420.364 -419.965
-462.316 -459.825
-503.055 -498.003
-580.846 -571.183
-649.387 -637.617
-718.268 -698.838
-782.808 -755.437
-837.842 -807.527
-889.788 -855.034
-943.156 -901.786
-991.485 -945.964
-1037.67 -988.606
-1080.48 -1027.16
-1120.1 -1063.36
-1156.69 -1095.84
-1185.2 -1127.47
-1216.65 -1157.09
-1245.48 -1184.01
363.129 326.569
306.895 275.873
254.674 229.196
206.277 185.898
164.454 143.564
122.932 104.183
103.403 85.7203
84.6348 67.9814
66.6362 50.4378
49.4592 33.5731
32.8587 17.4861
16.9442 2.31232
10.7509 -3.84576
4.65873 -9.68448
-1.31994 -15.6896
-7.21611 -21.1974
-13.0145 -26.985
-15.8737 -29.8682
-18.7086 -32.7341
-21.5323 -35.3472
-24.3207 -38.1696
-27.0868 -40.9459
-26.0914 -43.735
-28.8296 -46.5024
-31.5447 -49.1238
-34.25 -51.785
-36.9233 -54.4832
-39.5736 -57.1802
-42.2153 -59.8592
-44.8245 -62.5178
-47.4132 -65.0618
-49.9922 -67.6819
-52.5403 -69.8605
-55.0682 -72.4333
-57.5758 -74.7149
-60.0739 -77.2442
-62.5426 -79.7542
-67.4336 -84.6976
-72.2383 -89.4592
-76.9803 -93.9168
-81.6411 -98.6125
-86.2406 -103.169
-97.4383 -113.703
-108.226 -124.255
-118.644 -134.436
-128.708 -143.954
-138.438 -153.158
-147.87 -161.15
-165.901 -177.713
-182.982 -192.519
-199.276 -205.741
-214.944 -218.132
-229.113 -229.102
-243.558 -239.836
-258.242 -249.5
-272.786 -259.064
-287.287 -267.956
-301.82 -276.081
-316.465 -283.142
-331.278 -290.271
-346.312 -296.655
-361.615 -302.89
-377.206 -309.517
1951.59 2073.56
1686.55 1769.93
1425.61 1488.34
1205.38 1230.64
979.943 996.606
771.865 780.594
673.963 677.102
579.853 580.328
489.559 486.487
413.88 398.966
330.007 314.378
249.595 233.847
218.313 202.136
187.547 170.866
157.353 142.904
127.599 111.379
98.339 81.8195
83.9239 67.2774
69.6278 53.6634
55.3949 39.3536
41.3387 25.1872
27.4025 11.1456
13.5208 -0.87424
-0.18164 -14.6342
-13.7688 -28.2675
-23.5716 -41.8048
-36.9683 -54.4832
-50.255 -67.8118
-63.4821 -81.0554
-76.5403 -91.7664
-89.4868 -104.733
-102.381 -117.569
-115.108 -130.257
-127.727 -142.618
-140.236 -155.047
-152.691 -167.392
-164.986 -179.574
-189.315 -203.601
-213.169 -227.098
-236.667 -247.833
-259.706 -270.425
-282.392 -290.227
-337.37 -344.017
-389.915 -394.716
-440.203 -441.715
-488.27 -486.276
-534.155 -530.916
-578.008 -571.21
-654.412 -647.987
-729.237 -716.716
-797.083 -775.732
-858.456 -831.885
-903.169 -882.633
-953.821 -927.364
-999.141 -967.484
-1039.5 -1003.86
-1075.27 -1039.32
-1106.73 -1069.29
-1134.21 -1096.16
-1146.82 -1119.6
-1168.15 -1142.58
-1186.21 -1159.93
-1201.23 -1177.68
791.157 758.73
668.176 642.99
558.458 538.618
456.952 438.945
370.42 349.139
286.023 267.236
246.656 228.525
208.988 191.734
172.988 157.028
138.836 123.361
105.767 90.5555
74.091 58.5926
61.7664 46.4781
49.6446 34.9984
37.7417 22.9248
26.004 12.2304
14.4528 0.52608
8.75758 -5.15648
3.10636 -10.8838
-2.52367 -16.3034
-8.08455 -21.9654
-13.6047 -27.3728
-19.106 -32.9549
-24.5411 -38.4966
-26.1824 -43.7549
-31.5907 -49.0848
-36.9342 -54.4832
-42.237 -59.8707
-47.5236 -65.2262
-52.7485 -70.5254
-57.9351 -75.4816
-63.1051 -80.3648
-68.2139 -84.695
-73.2865 -89.8035
-78.3199 -94.8653
-83.3424 -99.8867
-88.3036 -104.858
-98.1461 -114.688
-107.828 -123.566
-117.392 -132.893
-126.807 -142.287
-136.111 -151.425
-158.818 -173.468
-180.765 -194.987
-202.03 -215.591
-222.638 -234.486
-242.606 -252.566
-262.002 -270.463
-299.145 -304.231
-332.19 -335.412
-365.717 -364.513
-397.591 -390.721
-427.92 -416.111
-455.953 -440.446
-483.627 -462.186
-507.158 -483.046
-532.54 -501.312
-556.762 -517.988
-579.873 -533.562
-601.909 -548.116
-622.676 -560.653
-642.669 -572.726
-661.645 -584.067
675.581 729.434
614.916 656.686
550.649 578.478
483.134 502.47
417.743 423.9
344.65 343.81
307.308 303.436
269.456 262.667
231.216 222.175
197.803 182.358
158.553 142.036
119.075 102.607
103.198 86.3968
87.2925 71.2166
71.3892 54.9267
55.4296 39.1117
39.4445 23.3203
31.4637 15.2986
23.4771 7.28192
15.4512 0.0096
7.45787 -7.98976
-0.539294 -15.3338
-4.85404 -23.3299
-12.8656 -31.3011
-20.8786 -39.1136
-28.9287 -46.8442
-36.9461 -54.4832
-44.9646 -62.4525
-53.0173 -70.4314
-61.0379 -78.393
-69.057 -85.4227
-77.1117 -93.3709
-85.1308 -100.457
-93.1485 -108.362
-101.164 -115.916
-109.212 -123.805
-117.225 -131.677
-133.275 -147.378
-149.28 -162.832
-165.303 -177.649
-181.276 -193.247
-197.26 -208.066
-237.097 -245.158
-276.71 -282.95
-316.131 -319.853
-355.284 -355.631
-394.1 -391.513
-432.612 -425.747
-508.443 -498.049
-582.521 -568.664
-654.608 -633.592
-724.529 -694.988
-788.661 -753.408
-844.051 -811.19
-907.331 -866.365
-967.753 -918.41
-1025.26 -969.17
-1079.76 -1018.4
-1131.22 -1065.05
-1179.65 -1109.62
-1225.03 -1151.61
-1267.42 -1193.59
-1306.81 -1231.85
0.035924 0
-0.0646962 0
0.0575899 0
-0.221435 0
0.0620847 0
-0.0197529 0
0.0580366 0
0.0737913 0
-0.176531 0
0.112092 0
-0.0309369 0
0.031087 0
0.0159007 0
0.0786101 0
0.0228263 0
-0.045433 0
-0.00639927 0
-0.082849 0
-0.0221086 0
-0.00126432 0
-0.00505725 0
0.0510044 0
0.0215298 0
-0.0650466 0
-0.0145342 0
0.0207799 0
0.0215555 0
-0.00169739 0
0.175201 0
0.0216674 0
0.00811998 0
0.0428901 0
-0.0410932 0
0.0145874 0
0.0070664 0
-0.0335029 0
-0.0472219 0
0.0395372 0
-0.0397803 0
-0.0332838 0
-0.0495168 0
0.0360586 0
0.000477094 0
-0.0177019 0
0.0663613 0
0.0308778 0
0.0162534 0
-0.0657491 0
0.000138131 0
0.0567089 0
0.0152621 0
0.0115208 0
0.0134803 0
-0.0135551 0
-0.00572492 0
0.00520194 0
-0.00520953 0
-0.0208198 0
0.0353612 0
0.0118042 0
0.00541067 0
0.0388699 0
-0.0156944 0
-0.26474 0
-0.252412 0
-0.242406 0
-0.232489 0
-0.222875 0
-0.21382 0
-0.20867 0
-0.205287 0
-0.200409 0
-0.196404 0
-0.19355 0
-0.189965 0
-0.188213 0
-0.185953 0
-0.186439 0
-0.183977 0
-0.18167 0
-0.182199 0
-0.18142 0
-0.179833 0
-0.181035 0
-0.1793 0
-0.178741 0
-0.177233 0
-0.177232 0
-0.175822 0
-0.17522 0
-0.176445 0
-0.175881 0
-0.173353 0
-0.173432 0
-0.172751 0
-0.172285 0
-0.171585 0
-0.171775 0
-0.170493 0
-0.170612 0
-0.169525 0
-0.16734 0
-0.167019 0
-0.164171 0
-0.163741 0
-0.160897 0
-0.157383 0
-0.155366 0
-0.152698 0
-0.149485 0
-0.148365 0
-0.14283 0
-0.137488 0
-0.13367 0
-0.130034 0
-0.126038 0
-0.121392 0
-0.118182 0
-0.113875 0
-0.110364 0
-0.106889 0
-0.10348 0
-0.099738 0
-0.0970454 0
-0.0937206 0
-0.0908363 0
0.027519 0
-0.0487873 0
0.0447557 0
-0.176118 0
0.0502094 0
-0.0155908 0
0.0510353 0
0.0647918 0
-0.155533 0
0.100441 0
-0.0283461 0
0.0296685 0
0.0168193 0
0.0741462 0
0.0216765 0
-0.0435096 0
-0.00552807 0
-0.0802006 0
-0.0215093 0
-5.21173e-05 0
-0.0054951 0
0.049963 0
0.0208383 0
-0.0631608 0
-0.0139104 0
0.0213157 0
0.0216055 0
-0.00167802 0
0.175493 0
0.0208579 0
0.00814111 0
0.0437075 0
-0.0413961 0
0.0154406 0
0.00727966 0
-0.0340586 0
-0.0490783 0
0.0413995 0
-0.0419253 0
-0.0353634 0
-0.0523157 0
0.0389439 0
6.3547e-06 0
-0.0194294 0
0.0762415 0
0.0370828 0
0.0187288 0
-0.0808172 0
0.000323651 0
0.0774617 0
0.0214995 0
0.0174106 0
0.021496 0
-0.0223028 0
-0.010348 0
0.0104971 0
-0.0109184 0
-0.0449892 0
0.0841039 0
0.0306096 0
0.014253 0
0.118393 0
-0.0284311 0
0.0359064 0
-0.0648057 0
0.0576359 0
-0.221573 0
0.0620819 0
-0.0197389 0
0.057975 0
0.0737733 0
-0.176432 0
0.11203 0
-0.030859 0
0.0310795 0
0.016082 0
0.0785016 0
0.0227038 0
-0.0454954 0
-0.00636152 0
-0.0829738 0
-0.0221939 0
-0.00129602 0
-0.00505209 0
0.0509592 0
0.0215692 0
-0.0650686 0
-0.0145535 0
0.0207744 0
0.0216152 0
-0.00201795 0
0.175206 0
0.0216613 0
0.00808866 0
0.0428665 0
-0.0410919 0
0.0145561 0
0.006992 0
-0.0335051 0
-0.0472059 0
0.0395587 0
-0.0398973 0
-0.0332135 0
-0.0494918 0
0.0360786 0
0.000420622 0
-0.0176977 0
0.0663856 0
0.0308517 0
0.0163358 0
-0.0656921 0
0.000143193 0
0.0567164 0
0.0152865 0
0.0115515 0
0.0134821 0
-0.0135488 0
-0.00574149 0
0.00523853 0
-0.00523524 0
-0.0208233 0
0.0353985 0
0.0118533 0
0.00539631 0
0.0389074 0
-0.0157131 0
0.03209 0
-0.0564513 0
0.0502489 0
-0.197459 0
0.0562773 0
-0.0181849 0
0.0549498 0
0.0703989 0
-0.165383 0
0.105788 0
-0.0299922 0
0.0307147 0
0.0165443 0
0.0762479 0
0.0222102 0
-0.0443953 0
-0.00569647 0
-0.0817133 0
-0.0218368 0
-0.000205517 0
-0.00560435 0
0.0505237 0
0.021437 0
-0.0646228 0
-0.0145832 0
0.0213511 0
0.0216192 0
-0.00217233 0
0.174583 0
0.0217282 0
0.00811069 0
0.0432509 0
-0.0416261 0
0.0153275 0
0.00706155 0
-0.034075 0
-0.0481904 0
0.0404581 0
-0.0412429 0
-0.0354726 0
-0.0506462 0
0.0375296 0
0.000381702 0
-0.0183252 0
0.0709598 0
0.0342023 0
0.0178448 0
-0.0727962 0
0.000262819 0
0.0661714 0
0.0182858 0
0.0142146 0
0.0170941 0
-0.0177155 0
-0.00773764 0
0.0076261 0
-0.00763498 0
-0.0314155 0
0.0561742 0
0.0199516 0
0.00930279 0
0.0704013 0
-0.0163092 0
-0.215473 0
-0.210857 0
-0.20643 0
-0.202147 0
-0.198006 0
-0.193947 0
-0.191957 0
-0.190095 0
-0.188169 0
-0.186311 0
-0.184512 0
-0.18279 0
-0.182129 0
-0.181321 0
-0.180604 0
-0.18004 0
-0.179321 0
-0.17891 0
-0.178619 0
-0.178207 0
-0.177929 0
-0.177557 0
-0.177173 0
-0.176924 0
-0.176609 0
-0.176239 0
-0.175983 0
-0.175531 0
-0.175377 0
-0.17507 0
-0.174661 0
-0.174323 0
-0.174111 0
-0.173779 0
-0.173436 0
-0.173062 0
-0.172773 0
-0.172142 0
-0.171537 0
-0.170888 0
-0.170248 0
-0.169724 0
-0.168265 0
-0.16679 0
-0.165321 0
-0.163909 0
-0.162586 0
-0.16126 0
-0.158613 0
-0.156113 0
-0.153662 0
-0.151298 0
-0.149112 0
-0.146873 0
-0.144732 0
-0.142615 0
-0.140594 0
-0.138532 0
-0.136649 0
-0.134656 0
-0.132722 0
-0.130798 0
-0.128934 0
0.0359547 0
-0.0648672 0
0.0575551 0
-0.22149 0
0.0620458 0
-0.0196961 0
0.0579654 0
0.0737393 0
-0.176468 0
0.112053 0
-0.0308883 0
0.0311374 0
0.0161655 0
0.0785706 0
0.0228168 0
-0.0453231 0
-0.00632917 0
-0.0830011 0
-0.0222425 0
-0.00135669 0
-0.00509709 0
0.0510417 0
0.0215835 0
-0.0651103 0
-0.0145904 0
0.0207915 0
0.021795 0
-0.00193381 0
0.175188 0
0.0216638 0
0.00813328 0
0.0426839 0
-0.041026 0
0.0146896 0
0.00697421 0
-0.0334427 0
-0.0471212 0
0.0395901 0
-0.0399088 0
-0.0331524 0
-0.0496616 0
0.035997 0
0.000391363 0
-0.0177826 0
0.0664159 0
0.0308595 0
0.0163272 0
-0.065543 0
0.000160601 0
0.0567174 0
0.0153199 0
0.0115168 0
0.0134372 0
-0.0135839 0
-0.00573444 0
0.00521474 0
-0.00523271 0
-0.0208187 0
0.0354169 0
0.0118521 0
0.00539029 0
0.0388587 0
-0.0157128 0
0.0321112 0
-0.0564922 0
0.0502576 0
-0.197511 0
0.0562596 0
-0.0181423 0
0.0549402 0
0.0703273 0
-0.165358 0
0.105743 0
-0.0299873 0
0.0306056 0
0.0166877 0
0.0762616 0
0.0222719 0
-0.0441558 0
-0.0058686 0
-0.081716 0
-0.0219081 0
-0.000263312 0
-0.00558954 0
0.0506245 0
0.0214521 0
-0.0646772 0
-0.0146395 0
0.0213422 0
0.0218307 0
-0.00212172 0
0.174678 0
0.021739 0
0.00812559 0
0.0430791 0
-0.0415707 0
0.0152216 0
0.00707719 0
-0.0340362 0
-0.0480774 0
0.0404769 0
-0.0412332 0
-0.0354175 0
-0.0507649 0
0.0374519 0
0.000368874 0
-0.0182916 0
0.0710103 0
0.0342576 0
0.0178518 0
-0.0727444 0
0.000272661 0
0.0661838 0
0.018323 0
0.0142124 0
0.0170182 0
-0.0177632 0
-0.00775095 0
0.00757935 0
-0.00764118 0
-0.0313822 0
0.0561702 0
0.0199668 0
0.00930491 0
0.0703437 0
-0.0162983 0
-0.21547 0
-0.21083 0
-0.206428 0
-0.202148 0
-0.198026 0
-0.193939 0
-0.191926 0
-0.190049 0
-0.188146 0
-0.186264 0
-0.184491 0
-0.182749 0
-0.182106 0
-0.181319 0
-0.180633 0
-0.180018 0
-0.179281 0
-0.178903 0
-0.178634 0
-0.178197 0
-0.177945 0
-0.177527 0
-0.177166 0
-0.176928 0
-0.176553 0
-0.176259 0
-0.175959 0
-0.175518 0
-0.175396 0
-0.175028 0
-0.174649 0
-0.174328 0
-0.174068 0
-0.173771 0
-0.173412 0
-0.173055 0
-0.172763 0
-0.17216 0
-0.171554 0
-0.170884 0
-0.170272 0
-0.169702 0
-0.168284 0
-0.166781 0
-0.165305 0
-0.163891 0
-0.162579 0
-0.161275 0
-0.1586 0
-0.156098 0
-0.15364 0
-0.151275 0
-0.149082 0
-0.146872 0
-0.144727 0
-0.142585 0
-0.140623 0
-0.13852 0
-0.13662 0
-0.13463 0
-0.132729 0
-0.130819 0
-0.128931 0
