0.0830948 0.083333
0.0779634 0.078334
0.0728776 0.073335
0.0678316 0.068338
0.0628217 0.063344
0.057843 0.058354
0.0528919 0.053369
0.0479653 0.048391
0.0430598 0.043419
0.0381733 0.038455
0.0333037 0.0335
0.0284499 0.028555
0.0236096 0.023621
0.0187814 0.0187
0.0139654 0.013791
0.009161 0.008896
0.00436664 0.004016
-0.000416875 -0.000848
-0.00519025 -0.005695
-0.00995255 -0.010523
-0.0147039 -0.015333
-0.0194438 -0.020123
-0.0241711 -0.024892
-0.028886 -0.029639
-0.0335869 -0.034363
-0.0382725 -0.039063
-0.0429431 -0.043737
-0.0475965 -0.048386
-0.0522307 -0.053008
-0.0568459 -0.057602
-0.0614407 -0.062167
-0.0660129 -0.066702
-0.0705614 -0.071205
-0.075084 -0.075677
-0.0795809 -0.080116
-0.0840485 -0.084521
-0.0884873 -0.088891
-0.0928942 -0.093225
-0.0972687 -0.097521
-0.101608 -0.10178
-0.105912 -0.106
-0.110178 -0.11018
-0.114404 -0.114319
-0.11859 -0.118415
-0.122733 -0.122469
-0.126833 -0.126479
-0.130887 -0.130444
-0.134895 -0.134363
-0.138854 -0.138235
-0.142763 -0.142059
-0.146621 -0.145833
-0.150426 -0.149558
-0.154178 -0.153232
-0.157874 -0.156854
-0.161513 -0.160423
-0.165094 -0.163938
-0.168616 -0.167397
-0.172078 -0.170801
-0.175477 -0.174148
-0.178814 -0.177437
-0.182087 -0.180667
-0.185295 -0.183836
-0.188436 -0.186945
-0.191509 -0.189992
-0.194515 -0.192976
-0.19745 -0.195896
-0.200316 -0.198751
-0.203109 -0.201539
-0.20583 -0.204261
-0.208478 -0.206915
-0.211052 -0.2095
-0.213549 -0.212015
-0.215972 -0.214459
-0.218316 -0.21683
-0.220584 -0.219129
-0.222772 -0.221354
-0.224881 -0.223504
-0.226909 -0.225578
-0.228856 -0.227575
-0.230722 -0.229494
-0.232504 -0.231333
-0.234204 -0.233093
-0.235819 -0.234772
-0.237349 -0.236369
-0.238793 -0.237883
-0.240151 -0.239313
-0.241422 -0.240657
-0.242605 -0.241916
-0.243699 -0.243088
-0.244705 -0.244172
-0.24562 -0.245167
-0.246444 -0.246072
-0.247178 -0.246885
-0.247819 -0.247607
-0.248367 -0.248236
-0.248822 -0.248771
-0.249183 -0.249211
-0.249448 -0.249555
-0.249619 -0.249801
-0.249693 -0.24995
-0.24967 -0.25
-0.249549 -0.24995
-0.24933 -0.249799
-0.249011 -0.249546
-0.248593 -0.249189
-0.248074 -0.248729
-0.247454 -0.248164
-0.246731 -0.247493
-0.245906 -0.246715
-0.244977 -0.245829
-0.243943 -0.244833
-0.242804 -0.243728
-0.241558 -0.242512
-0.240206 -0.241184
-0.238745 -0.239743
-0.237177 -0.238188
-0.235498 -0.236517
-0.233708 -0.234731
-0.231807 -0.232828
-0.229794 -0.230807
-0.227667 -0.228667
-0.225426 -0.226407
-0.223069 -0.224025
-0.220596 -0.221522
-0.218006 -0.218896
-0.215296 -0.216146
-0.212467 -0.213271
-0.209517 -0.21027
-0.206446 -0.207141
-0.203251 -0.203885
-0.199932 -0.2005
-0.196487 -0.196985
-0.192916 -0.193339
-0.189216 -0.18956
-0.185387 -0.185649
-0.181428 -0.181604
-0.177337 -0.177424
-0.173112 -0.173108
-0.168753 -0.168655
-0.164258 -0.164063
-0.159625 -0.159333
-0.154854 -0.154463
-0.149942 -0.149452
-0.144889 -0.144299
-0.139692 -0.139003
-0.134351 -0.133562
-0.128863 -0.127977
-0.123229 -0.122246
-0.117445 -0.116368
-0.111511 -0.110342
-0.105424 -0.104167
-0.0991843 -0.097842
-0.0927901 -0.091365
-0.0862392 -0.084737
-0.0795305 -0.077956
-0.0726631 -0.071021
-0.0656348 -0.063931
-0.0584451 -0.056684
-0.0510923 -0.049281
-0.0435743 -0.04172
-0.0358914 -0.034
-0.0280418 -0.02612
-0.0200232 -0.018079
-0.0118358 -0.009876
-0.00347841 -0.001509
0.00505114 0.007021
0.0137521 0.015716
0.0226271 0.024577
0.0316759 0.033605
0.0409006 0.042801
0.0503008 0.052167
0.0598776 0.061702
0.0696331 0.071408
0.0795656 0.081286
0.0896769 0.091337
0.0999681 0.101563
0.11044 0.111963
0.121092 0.122539
0.131924 0.133292
0.142938 0.144223
0.154133 0.155333
0.165511 0.166624
0.177071 0.178095
0.188812 0.189748
0.200737 0.201584
0.212843 0.213604
0.225131 0.225809
0.237601 0.238201
0.250253 0.250779
0.263085 0.263545
0.276098 0.2765
0.289291 0.289645
0.302662 0.302981
0.316212 0.316509
0.329938 0.330231
0.343841 0.344146
0.357917 0.358256
0.372168 0.372562
0.386591 0.387065
0.401184 0.401767
0.415948 0.416667
