-0.515628 0 0 -0.5 0 0
0.515628 0 0 0.5 0 0
-0.510779 0 0 -0.49995 0 0
0.510779 0 0 0.49995 0 0
-0.506493 0 0 -0.4998 0 0
0.506493 0 0 0.4998 0 0
-0.502711 0 0 -0.49955 0 0
0.502711 0 0 0.49955 0 0
-0.499377 0 0 -0.4992 0 0
0.499377 0 0 0.4992 0 0
-0.496439 0 0 -0.49875 0 0
0.496439 0 0 0.49875 0 0
-0.493851 0 0 -0.4982 0 0
0.493851 0 0 0.4982 0 0
-0.491567 0 0 -0.49755 0 0
0.491567 0 0 0.49755 0 0
-0.489547 0 0 -0.4968 0 0
0.489547 0 0 0.4968 0 0
-0.487753 0 0 -0.49595 0 0
0.487753 0 0 0.49595 0 0
-0.48615 0 0 -0.495 0 0
0.48615 0 0 0.495 0 0
-0.484706 0 0 -0.49395 0 0
0.484706 0 0 0.49395 0 0
-0.48339 0 0 -0.4928 0 0
0.48339 0 0 0.4928 0 0
-0.482176 0 0 -0.49155 0 0
0.482176 0 0 0.49155 0 0
-0.481036 0 0 -0.4902 0 0
0.481036 0 0 0.4902 0 0
-0.479948 0 0 -0.48875 0 0
0.479948 0 0 0.48875 0 0
-0.478889 0 0 -0.4872 0 0
0.478889 0 0 0.4872 0 0
-0.477839 0 0 -0.48555 0 0
0.477839 0 0 0.48555 0 0
-0.476779 0 0 -0.4838 0 0
0.476779 0 0 0.4838 0 0
-0.475693 0 0 -0.48195 0 0
0.475693 0 0 0.48195 0 0
-0.474565 0 0 -0.48 0 0
0.474565 0 0 0.48 0 0
-0.473379 0 0 -0.47795 0 0
0.473379 0 0 0.47795 0 0
-0.472124 0 0 -0.4758 0 0
0.472124 0 0 0.4758 0 0
-0.470788 0 0 -0.47355 0 0
0.470788 0 0 0.47355 0 0
-0.469358 0 0 -0.4712 0 0
0.469358 0 0 0.4712 0 0
-0.467826 0 0 -0.46875 0 0
0.467826 0 0 0.46875 0 0
-0.466183 0 0 -0.4662 0 0
0.466183 0 0 0.4662 0 0
-0.46442 0 0 -0.46355 0 0
0.46442 0 0 0.46355 0 0
-0.462532 0 0 -0.4608 0 0
0.462532 0 0 0.4608 0 0
-0.460511 0 0 -0.45795 0 0
0.460511 0 0 0.45795 0 0
-0.458352 0 0 -0.455 0 0
0.458352 0 0 0.455 0 0
-0.456052 0 0 -0.45195 0 0
0.456052 0 0 0.45195 0 0
-0.453606 0 0 -0.4488 0 0
0.453606 0 0 0.4488 0 0
-0.45101 0 0 -0.44555 0 0
0.45101 0 0 0.44555 0 0
-0.448262 0 0 -0.4422 0 0
0.448262 0 0 0.4422 0 0
-0.445359 0 0 -0.43875 0 0
0.445359 0 0 0.43875 0 0
-0.442301 0 0 -0.4352 0 0
0.442301 0 0 0.4352 0 0
-0.439086 0 0 -0.43155 0 0
0.439086 0 0 0.43155 0 0
-0.435714 0 0 -0.4278 0 0
0.435714 0 0 0.4278 0 0
-0.432184 0 0 -0.42395 0 0
0.432184 0 0 0.42395 0 0
-0.428496 0 0 -0.42 0 0
0.428496 0 0 0.42 0 0
-0.424651 0 0 -0.41595 0 0
0.424651 0 0 0.41595 0 0
-0.420649 0 0 -0.4118 0 0
0.420649 0 0 0.4118 0 0
-0.416492 0 0 -0.40755 0 0
0.416492 0 0 0.40755 0 0
-0.412182 0 0 -0.4032 0 0
0.412182 0 0 0.4032 0 0
-0.407719 0 0 -0.39875 0 0
0.407719 0 0 0.39875 0 0
-0.403105 0 0 -0.3942 0 0
0.403105 0 0 0.3942 0 0
-0.398343 0 0 -0.38955 0 0
0.398343 0 0 0.38955 0 0
-0.393435 0 0 -0.3848 0 0
0.393435 0 0 0.3848 0 0
-0.388383 0 0 -0.37995 0 0
0.388383 0 0 0.37995 0 0
-0.383189 0 0 -0.375 0 0
0.383189 0 0 0.375 0 0
-0.377855 0 0 -0.36995 0 0
0.377855 0 0 0.36995 0 0
-0.372386 0 0 -0.3648 0 0
0.372386 0 0 0.3648 0 0
-0.366781 0 0 -0.35955 0 0
0.366781 0 0 0.35955 0 0
-0.361046 0 0 -0.3542 0 0
0.361046 0 0 0.3542 0 0
-0.355182 0 0 -0.34875 0 0
0.355182 0 0 0.34875 0 0
-0.349193 0 0 -0.3432 0 0
0.349193 0 0 0.3432 0 0
-0.34308 0 0 -0.33755 0 0
0.34308 0 0 0.33755 0 0
-0.336847 0 0 -0.3318 0 0
0.336847 0 0 0.3318 0 0
-0.330496 0 0 -0.32595 0 0
0.330496 0 0 0.32595 0 0
-0.32403 0 0 -0.32 0 0
0.32403 0 0 0.32 0 0
-0.317452 0 0 -0.31395 0 0
0.317452 0 0 0.31395 0 0
-0.310763 0 0 -0.3078 0 0
0.310763 0 0 0.3078 0 0
-0.303968 0 0 -0.30155 0 0
0.303968 0 0 0.30155 0 0
-0.297068 0 0 -0.2952 0 0
0.297068 0 0 0.2952 0 0
-0.290065 0 0 -0.28875 0 0
0.290065 0 0 0.28875 0 0
-0.282962 0 0 -0.2822 0 0
0.282962 0 0 0.2822 0 0
-0.275761 0 0 -0.27555 0 0
0.275761 0 0 0.27555 0 0
-0.268464 0 0 -0.2688 0 0
0.268464 0 0 0.2688 0 0
-0.261074 0 0 -0.26195 0 0
0.261074 0 0 0.26195 0 0
-0.253592 0 0 -0.255 0 0
0.253592 0 0 0.255 0 0
-0.24602 0 0 -0.24795 0 0
0.24602 0 0 0.24795 0 0
-0.23836 0 0 -0.2408 0 0
0.23836 0 0 0.2408 0 0
-0.230615 0 0 -0.23355 0 0
0.230615 0 0 0.23355 0 0
-0.222785 0 0 -0.2262 0 0
0.222785 0 0 0.2262 0 0
-0.214871 0 0 -0.21875 0 0
0.214871 0 0 0.21875 0 0
-0.206876 0 0 -0.2112 0 0
0.206876 0 0 0.2112 0 0
-0.198801 0 0 -0.20355 0 0
0.198801 0 0 0.20355 0 0
-0.190647 0 0 -0.1958 0 0
0.190647 0 0 0.1958 0 0
-0.182416 0 0 -0.18795 0 0
0.182416 0 0 0.18795 0 0
-0.174108 0 0 -0.18 0 0
0.174108 0 0 0.18 0 0
-0.165724 0 0 -0.17195 0 0
0.165724 0 0 0.17195 0 0
-0.157266 0 0 -0.1638 0 0
0.157266 0 0 0.1638 0 0
-0.148734 0 0 -0.15555 0 0
0.148734 0 0 0.15555 0 0
-0.140129 0 0 -0.1472 0 0
0.140129 0 0 0.1472 0 0
-0.131452 0 0 -0.13875 0 0
0.131452 0 0 0.13875 0 0
-0.122702 0 0 -0.1302 0 0
0.122702 0 0 0.1302 0 0
-0.113882 0 0 -0.12155 0 0
0.113882 0 0 0.12155 0 0
-0.104991 0 0 -0.1128 0 0
0.104991 0 0 0.1128 0 0
-0.0960295 0 0 -0.10395 0 0
0.0960295 0 0 0.10395 0 0
-0.0869972 0 0 -0.095 0 0
0.0869972 0 0 0.095 0 0
-0.0778959 0 0 -0.08595 0 0
0.0778959 0 0 0.08595 0 0
-0.0687245 0 0 -0.0768 0 0
0.0687245 0 0 0.0768 0 0
-0.0594829 0 0 -0.06755 0 0
0.0594829 0 0 0.06755 0 0
-0.0501716 0 0 -0.0582 0 0
0.0501716 0 0 0.0582 0 0
-0.0407903 0 0 -0.04875 0 0
0.0407903 0 0 0.04875 0 0
-0.0313389 0 0 -0.0392 0 0
0.0313389 0 0 0.0392 0 0
-0.0218168 0 0 -0.02955 0 0
0.0218168 0 0 0.02955 0 0
-0.0122247 0 0 -0.0198 0 0
0.0122247 0 0 0.0198 0 0
-0.00256076 0 0 -0.00995 0 0
0.00256076 0 0 0.00995 0 0
0.00717449 0 0 0 0 0
-0.00717449 0 0 0 0 0
0.0169821 0 0 0.01005 0 0
-0.0169821 0 0 -0.01005 0 0
0.0268628 0 0 0.0202 0 0
-0.0268628 0 0 -0.0202 0 0
0.0368173 0 0 0.03045 0 0
-0.0368173 0 0 -0.03045 0 0
0.0468454 0 0 0.0408 0 0
-0.0468454 0 0 -0.0408 0 0
0.0569493 0 0 0.05125 0 0
-0.0569493 0 0 -0.05125 0 0
0.0671298 0 0 0.0618 0 0
-0.0671298 0 0 -0.0618 0 0
0.0773872 0 0 0.07245 0 0
-0.0773872 0 0 -0.07245 0 0
0.0877235 0 0 0.0832 0 0
-0.0877235 0 0 -0.0832 0 0
0.0981389 0 0 0.09405 0 0
-0.0981389 0 0 -0.09405 0 0
0.108635 0 0 0.105 0 0
-0.108635 0 0 -0.105 0 0
0.119214 0 0 0.11605 0 0
-0.119214 0 0 -0.11605 0 0
0.129876 0 0 0.1272 0 0
-0.129876 0 0 -0.1272 0 0
0.140624 0 0 0.13845 0 0
-0.140624 0 0 -0.13845 0 0
0.151459 0 0 0.1498 0 0
-0.151459 0 0 -0.1498 0 0
0.162382 0 0 0.16125 0 0
-0.162382 0 0 -0.16125 0 0
0.173395 0 0 0.1728 0 0
-0.173395 0 0 -0.1728 0 0
0.1845 0 0 0.18445 0 0
-0.1845 0 0 -0.18445 0 0
0.195699 0 0 0.1962 0 0
-0.195699 0 0 -0.1962 0 0
0.206993 0 0 0.20805 0 0
-0.206993 0 0 -0.20805 0 0
0.218387 0 0 0.22 0 0
-0.218387 0 0 -0.22 0 0
0.229879 0 0 0.23205 0 0
-0.229879 0 0 -0.23205 0 0
0.241473 0 0 0.2442 0 0
-0.241473 0 0 -0.2442 0 0
0.253172 0 0 0.25645 0 0
-0.253172 0 0 -0.25645 0 0
0.264977 0 0 0.2688 0 0
-0.264977 0 0 -0.2688 0 0
0.276891 0 0 0.28125 0 0
-0.276891 0 0 -0.28125 0 0
0.288915 0 0 0.2938 0 0
-0.288915 0 0 -0.2938 0 0
0.301053 0 0 0.30645 0 0
-0.301053 0 0 -0.30645 0 0
0.313307 0 0 0.3192 0 0
-0.313307 0 0 -0.3192 0 0
0.325678 0 0 0.33205 0 0
-0.325678 0 0 -0.33205 0 0
0.33817 0 0 0.345 0 0
-0.33817 0 0 -0.345 0 0
0.350784 0 0 0.35805 0 0
-0.350784 0 0 -0.35805 0 0
0.363522 0 0 0.3712 0 0
-0.363522 0 0 -0.3712 0 0
0.376388 0 0 0.38445 0 0
-0.376388 0 0 -0.38445 0 0
0.389384 0 0 0.3978 0 0
-0.389384 0 0 -0.3978 0 0
0.40251 0 0 0.41125 0 0
-0.40251 0 0 -0.41125 0 0
0.41577 0 0 0.4248 0 0
-0.41577 0 0 -0.4248 0 0
0.429165 0 0 0.43845 0 0
-0.429165 0 0 -0.43845 0 0
0.442699 0 0 0.4522 0 0
-0.442699 0 0 -0.4522 0 0
0.456371 0 0 0.46605 0 0
-0.456371 0 0 -0.46605 0 0
0.470184 0 0 0.48 0 0
-0.470184 0 0 -0.48 0 0
0.484138 0 0 0.49405 0 0
-0.484138 0 0 -0.49405 0 0
0.498237 0 0 0.5082 0 0
-0.498237 0 0 -0.5082 0 0
0.512479 0 0 0.52245 0 0
-0.512479 0 0 -0.52245 0 0
0.526868 0 0 0.5368 0 0
-0.526868 0 0 -0.5368 0 0
0.541401 0 0 0.55125 0 0
-0.541401 0 0 -0.55125 0 0
0.556084 0 0 0.5658 0 0
-0.556084 0 0 -0.5658 0 0
0.57091 0 0 0.58045 0 0
-0.57091 0 0 -0.58045 0 0
0.585885 0 0 0.5952 0 0
-0.585885 0 0 -0.5952 0 0
0.601006 0 0 0.61005 0 0
-0.601006 0 0 -0.61005 0 0
0.616274 0 0 0.625 0 0
-0.616274 0 0 -0.625 0 0
0.631687 0 0 0.64005 0 0
-0.631687 0 0 -0.64005 0 0
0.647243 0 0 0.6552 0 0
-0.647243 0 0 -0.6552 0 0
0.662941 0 0 0.67045 0 0
-0.662941 0 0 -0.67045 0 0
0.678782 0 0 0.6858 0 0
-0.678782 0 0 -0.6858 0 0
0.694758 0 0 0.70125 0 0
-0.694758 0 0 -0.70125 0 0
0.710873 0 0 0.7168 0 0
-0.710873 0 0 -0.7168 0 0
0.727121 0 0 0.73245 0 0
-0.727121 0 0 -0.73245 0 0
0.743499 0 0 0.7482 0 0
-0.743499 0 0 -0.7482 0 0
0.760006 0 0 0.76405 0 0
-0.760006 0 0 -0.76405 0 0
0.776636 0 0 0.78 0 0
-0.776636 0 0 -0.78 0 0
0.793386 0 0 0.79605 0 0
-0.793386 0 0 -0.79605 0 0
0.810253 0 0 0.8122 0 0
-0.810253 0 0 -0.8122 0 0
0.827232 0 0 0.82845 0 0
-0.827232 0 0 -0.82845 0 0
0.844319 0 0 0.8448 0 0
-0.844319 0 0 -0.8448 0 0
0.86151 0 0 0.86125 0 0
-0.86151 0 0 -0.86125 0 0
0.878799 0 0 0.8778 0 0
-0.878799 0 0 -0.8778 0 0
0.896185 0 0 0.89445 0 0
-0.896185 0 0 -0.89445 0 0
0.913659 0 0 0.9112 0 0
-0.913659 0 0 -0.9112 0 0
0.93122 0 0 0.92805 0 0
-0.93122 0 0 -0.92805 0 0
0.948861 0 0 0.945 0 0
-0.948861 0 0 -0.945 0 0
0.966578 0 0 0.96205 0 0
-0.966578 0 0 -0.96205 0 0
0.984367 0 0 0.9792 0 0
-0.984367 0 0 -0.9792 0 0
1.00222 0 0 0.99645 0 0
-1.00222 0 0 -0.99645 0 0
1.02014 0 0 1.0138 0 0
-1.02014 0 0 -1.0138 0 0
1.03811 0 0 1.03125 0 0
-1.03811 0 0 -1.03125 0 0
1.05614 0 0 1.0488 0 0
-1.05614 0 0 -1.0488 0 0
1.07421 0 0 1.06645 0 0
-1.07421 0 0 -1.06645 0 0
1.09233 0 0 1.0842 0 0
-1.09233 0 0 -1.0842 0 0
1.11047 0 0 1.10205 0 0
-1.11047 0 0 -1.10205 0 0
1.12865 0 0 1.12 0 0
-1.12865 0 0 -1.12 0 0
1.14685 0 0 1.13805 0 0
-1.14685 0 0 -1.13805 0 0
1.16507 0 0 1.1562 0 0
-1.16507 0 0 -1.1562 0 0
1.18329 0 0 1.17445 0 0
-1.18329 0 0 -1.17445 0 0
1.20152 0 0 1.1928 0 0
-1.20152 0 0 -1.1928 0 0
1.21973 0 0 1.21125 0 0
-1.21973 0 0 -1.21125 0 0
1.23792 0 0 1.2298 0 0
-1.23792 0 0 -1.2298 0 0
1.25608 0 0 1.24845 0 0
-1.25608 0 0 -1.24845 0 0
1.27421 0 0 1.2672 0 0
-1.27421 0 0 -1.2672 0 0
1.29228 0 0 1.28605 0 0
-1.29228 0 0 -1.28605 0 0
1.31029 0 0 1.305 0 0
-1.31029 0 0 -1.305 0 0
1.32822 0 0 1.32405 0 0
-1.32822 0 0 -1.32405 0 0
1.34607 0 0 1.3432 0 0
-1.34607 0 0 -1.3432 0 0
1.36382 0 0 1.36245 0 0
-1.36382 0 0 -1.36245 0 0
1.38146 0 0 1.3818 0 0
-1.38146 0 0 -1.3818 0 0
1.39899 0 0 1.40125 0 0
-1.39899 0 0 -1.40125 0 0
1.4164 0 0 1.4208 0 0
-1.4164 0 0 -1.4208 0 0
1.43368 0 0 1.44045 0 0
-1.43368 0 0 -1.44045 0 0
1.45084 0 0 1.4602 0 0
-1.45084 0 0 -1.4602 0 0
1.46786 0 0 1.48005 0 0
-1.46786 0 0 -1.48005 0 0
1.48476 0 0 1.5 0 0
-1.48476 0 0 -1.5 0 0
