0.515628 0.5
0.515887 0.50495
0.516623 0.509796
0.517792 0.514536
0.519352 0.519168
0.521261 0.523687
0.523482 0.528092
0.525977 0.532378
0.528711 0.536544
0.531651 0.540585
0.534765 0.5445
0.538024 0.548284
0.541397 0.551936
0.544859 0.555451
0.548381 0.558828
0.55194 0.562063
0.555511 0.565152
0.559071 0.568093
0.5626 0.570884
0.566075 0.57352
0.569478 0.576
0.572789 0.578319
0.575992 0.580476
0.579069 0.582467
0.582004 0.584288
0.584782 0.585938
0.58739 0.587412
0.589813 0.588708
0.59204 0.589824
0.594059 0.590755
0.595858 0.5915
0.597428 0.592055
0.598759 0.592416
0.599843 0.592581
0.600671 0.592548
0.601235 0.592313
0.60153 0.591872
0.601548 0.591224
0.601285 0.590364
0.600735 0.58929
0.599894 0.588
0.598758 0.58649
0.597322 0.584756
0.595584 0.582796
0.593542 0.580608
0.591193 0.578188
0.588533 0.575532
0.585564 0.572638
0.582284 0.569504
0.57869 0.566125
0.574783 0.5625
0.570562 0.558624
0.566026 0.554496
0.561176 0.550111
0.556011 0.545468
0.550533 0.540563
0.544741 0.535392
0.538636 0.529953
0.532218 0.524244
0.525489 0.518261
0.518448 0.512
0.511098 0.50546
0.503437 0.498636
0.495468 0.491527
0.487191 0.484128
0.478606 0.476438
0.469716 0.468452
0.460521 0.460169
0.45102 0.451584
0.441215 0.442696
0.431106 0.4335
0.420694 0.423995
0.40998 0.414176
0.398963 0.404042
0.387645 0.393588
0.376024 0.382813
0.364102 0.371712
0.351878 0.360283
0.339352 0.348524
0.326524 0.33643
0.313394 0.324
0.299961 0.311229
0.286224 0.298116
0.272183 0.284656
0.257837 0.270848
0.243186 0.256687
0.228226 0.242172
0.212959 0.227298
0.197383 0.212064
0.181496 0.196465
0.165295 0.1805
0.148781 0.164164
0.131951 0.147456
0.114802 0.130371
0.0973328 0.112908
0.0795411 0.095062
0.0614243 0.076832
0.0429791 0.058214
0.0242049 0.039204
0.0050959 0.019801
-0.014349 0
-0.0341339 -0.0202
-0.0542628 -0.040804
-0.0747391 -0.061814
-0.0955646 -0.083232
-0.116746 -0.105062
-0.138287 -0.127308
-0.160192 -0.149971
-0.182465 -0.173056
-0.20511 -0.196564
-0.228134 -0.2205
-0.251542 -0.244865
-0.275338 -0.269664
-0.29953 -0.294898
-0.324121 -0.320572
-0.349121 -0.346687
-0.374533 -0.373248
-0.400365 -0.400256
-0.426625 -0.427716
-0.453316 -0.455629
-0.48045 -0.484
-0.508032 -0.51283
-0.536071 -0.542124
-0.564573 -0.571883
-0.593549 -0.602112
-0.623004 -0.632813
-0.652949 -0.663988
-0.683391 -0.695642
-0.714341 -0.727776
-0.745802 -0.760395
-0.777791 -0.7935
-0.810311 -0.827096
-0.843372 -0.861184
-0.876985 -0.895769
-0.911159 -0.930852
-0.9459 -0.966438
-0.981218 -1.00253
-1.01712 -1.03913
-1.05362 -1.07624
-1.09073 -1.11386
-1.12844 -1.152
-1.16677 -1.19066
-1.20573 -1.22984
-1.24532 -1.26955
-1.28556 -1.30979
-1.32643 -1.35056
-1.36797 -1.39187
-1.41015 -1.43371
-1.453 -1.4761
-1.49651 -1.51902
-1.54068 -1.5625
-1.58553 -1.60652
-1.63105 -1.6511
-1.67724 -1.69624
-1.72411 -1.74193
-1.77163 -1.78819
-1.81984 -1.83501
-1.8687 -1.8824
-1.91823 -1.93036
-1.96842 -1.97889
-2.01925 -2.028
-2.07074 -2.07769
-2.12286 -2.12796
-2.17562 -2.17882
-2.229 -2.23027
-2.283 -2.28231
-2.33761 -2.33495
-2.39281 -2.38818
-2.44861 -2.44202
-2.50498 -2.49645
-2.56193 -2.5515
-2.61943 -2.60716
-2.67748 -2.66342
-2.73607 -2.72031
-2.79518 -2.77781
-2.85481 -2.83594
-2.91494 -2.89469
-2.97557 -2.95407
-3.03667 -3.01408
-3.09822 -3.07472
-3.16023 -3.136
-3.22266 -3.19792
-3.2855 -3.26048
-3.34872 -3.32369
-3.4123 -3.38755
-3.47623 -3.45206
-3.54046 -3.51723
-3.60496 -3.58305
-3.66972 -3.64954
-3.73468 -3.71669
-3.79983 -3.7845
-3.86512 -3.85299
-3.93051 -3.92214
-3.99599 -3.99198
-4.0615 -4.06249
-4.12703 -4.13369
-4.19255 -4.20557
-4.25804 -4.27814
-4.32349 -4.3514
-4.3889 -4.42535
-4.45427 -4.5
0 0
0 0
0 0
0 0
0 0
0 0
0 0
0 0
0 0
0 0
0 0
0 0
0 0
0 0
0 0
0 0
0 0
0 0
0 0
0 0
0 0
0 0
0 0
0 0
0 0
0 0
0 0
0 0
0 0
0 0
0 0
0 0
0 0
0 0
0 0
0 0
0 0
0 0
0 0
0 0
0 0
0 0
0 0
0 0
0 0
0 0
0 0
0 0
0 0
0 0
0 0
0 0
0 0
0 0
0 0
0 0
0 0
0 0
0 0
0 0
0 0
0 0
0 0
0 0
0 0
0 0
0 0
0 0
0 0
0 0
0 0
0 0
0 0
0 0
0 0
0 0
0 0
0 0
0 0
0 0
0 0
0 0
0 0
0 0
0 0
0 0
0 0
0 0
0 0
0 0
0 0
0 0
0 0
0 0
0 0
0 0
0 0
0 0
0 0
0 0
0 0
0 0
0 0
0 0
0 0
0 0
0 0
0 0
0 0
0 0
0 0
0 0
0 0
0 0
0 0
0 0
0 0
0 0
0 0
0 0
0 0
0 0
0 0
0 0
0 0
0 0
0 0
0 0
0 0
0 0
0 0
0 0
0 0
0 0
0 0
0 0
0 0
0 0
0 0
0 0
0 0
0 0
0 0
0 0
0 0
0 0
0 0
0 0
0 0
0 0
0 0
0 0
0 0
0 0
0 0
0 0
0 0
0 0
0 0
0 0
0 0
0 0
0 0
0 0
0 0
0 0
0 0
0 0
0 0
0 0
0 0
0 0
0 0
0 0
0 0
0 0
0 0
0 0
0 0
0 0
0 0
0 0
0 0
0 0
0 0
0 0
0 0
0 0
0 0
0 0
0 0
0 0
0 0
0 0
0 0
0 0
0 0
0 0
0 0
0 0
0 0
0 0
0 0
0 0
0 0
0 0
0 0
0 0
0 0
0 0
0 0
0 0
0 0
0 0
0 0
0 0
0 0
0 0
0 0
0 0
0 0
0 0
0 0
0 0
0 0
0 0
0 0
0 0
0 0
0 0
0 0
0 0
0 0
0 0
0 0
0 0
0 0
0 0
0 0
0 0
0 0
0 0
0 0
0 0
0 0
0 0
0 0
0 0
0 0
0 0
0 0
0 0
0 0
0 0
0 0
0 0
0 0
0 0
0 0
0 0
0 0
0 0
0 0
0 0
0 0
0 0
0 0
0 0
0 0
0 0
0 0
0 0
0 0
0 0
0 0
0 0
0 0
0 0
0 0
0 0
0 0
0 0
0 0
0 0
0 0
0 0
0 0
0 0
0 0
0 0
0 0
0 0
0 0
0 0
0 0
0 0
0 0
0 0
0 0
0 0
0 0
0 0
0 0
0 0
0 0
0 0
0 0
0 0
0 0
0 0
0 0
0 0
0 0
0 0
0 0
0 0
0 0
0 0
0 0
0 0
0 0
0 0
0 0
0 0
0 0
0 0
0 0
0 0
0 0
0 0
0 0
0 0
0 0
0 0
0 0
0 0
0 0
0 0
0 0
0 0
0 0
0 0
0 0
0 0
0 0
0 0
0 0
0 0
0 0
0 0
0 0
0 0
0 0
0 0
0 0
0 0
0 0
0 0
0 0
0 0
0 0
0 0
0 0
0 0
0 0
0 0
0 0
0 0
0 0
0 0
0 0
0 0
0 0
0 0
0 0
0 0
0 0
0 0
0 0
0 0
0 0
0 0
0 0
0 0
0 0
0 0
0 0
0 0
0 0
0 0
0 0
0 0
0 0
0 0
0 0
0 0
0 0
0 0
0 0
0 0
0 0
0 0
0 0
0 0
0 0
0 0
0 0
0 0
0 0
0 0
0 0
0 0
0 0
0 0
0 0
0 0
0 0
0 0
0 0
0 0
0 0
0 0
0 0
0 0
0 0
0 0
0 0
0 0
0 0
0 0
0 0
0 0
0 0
0 0
0 0
0 0
0 0
0 0
0 0
0 0
0 0
0 0
0 0
0 0
0 0
0 0
0 0
0 0
0 0
0 0
0 0
0 0
0 0
0 0
0 0
0 0
0 0
0 0
0 0
0 0
0 0
0 0
0 0
0 0
0 0
0 0
0 0
0 0
0 0
0 0
0 0
0 0
0 0
0 0
0 0
0 0
0 0
0 0
0 0
0 0
0 0
0 0
0 0
0 0
0 0
0 0
0 0
0 0
0 0
0 0
0 0
0 0
0 0
0 0
0 0
0 0
0 0
0 0
0 0
0 0
0 0
0 0
0 0
0 0
0 0
0 0
0 0
0 0
0 0
0 0
0 0
0 0
0 0
0 0
0 0
0 0
0 0
0 0
0 0
0 0
0 0
0 0
0 0
0 0
0 0
0 0
0 0
0 0
0 0
0 0
0 0
0 0
0 0
0 0
0 0
0 0
0 0
0 0
0 0
0 0
0 0
0 0
0 0
0 0
0 0
0 0
0 0
0 0
0 0
0 0
0 0
0 0
0 0
0 0
0 0
0 0
0 0
0 0
0 0
0 0
0 0
0 0
0 0
0 0
0 0
0 0
0 0
0 0
0 0
0 0
0 0
0 0
0 0
0 0
0 0
0 0
0 0
0 0
0 0
0 0
0 0
0 0
0 0
0 0
0 0
0 0
0 0
0 0
0 0
0 0
0 0
0 0
0 0
0 0
0 0
0 0
0 0
0 0
0 0
0 0
0 0
0 0
0 0
0 0
0 0
0 0
0 0
0 0
0 0
0 0
0 0
0 0
0 0
0 0
0 0
0 0
0 0
0 0
0 0
0 0
0 0
0 0
0 0
0 0
0 0
0 0
0 0
0 0
0 0
0 0
0 0
0 0
0 0
0 0
0 0
0 0
0 0
0 0
0 0
0 0
0 0
0 0
0 0
0 0
0 0
0 0
0 0
0 0
0 0
0 0
0 0
0 0
0 0
0 0
0 0
0 0
0 0
0 0
0 0
0 0
0 0
0 0
0 0
0 0
0 0
0 0
0 0
0 0
0 0
0 0
0 0
0 0
0 0
0 0
0 0
0 0
0 0
0 0
0 0
0 0
0 0
0 0
0 0
0 0
0 0
0 0
0 0
0 0
0 0
0 0
0 0
0 0
0 0
0 0
0 0
0 0
0 0
0 0
0 0
0 0
0 0
0 0
0 0
0 0
0 0
0 0
0 0
0 0
0 0
0 0
0 0
0 0
0 0
0 0
0 0
0 0
0 0
0 0
0 0
0 0
0 0
0 0
0 0
0 0
0 0
0 0
0 0
0 0
0 0
0 0
0 0
0 0
0 0
0 0
0 0
0 0
0 0
0 0
0 0
0 0
0 0
0 0
0 0
0 0
0 0
0 0
0 0
0 0
0 0
0 0
0 0
0 0
0 0
0 0
0 0
0 0
0 0
0 0
0 0
0 0
0 0
0 0
0 0
0 0
0 0
0 0
0 0
0 0
0 0
0 0
0 0
0 0
0 0
0 0
0 0
0 0
0 0
0 0
0 0
0 0
0 0
0 0
0 0
0 0
0 0
0 0
0 0
0 0
0 0
0 0
0 0
0 0
0 0
0 0
0 0
0 0
0 0
0 0
0 0
0 0
0 0
0 0
0 0
0 0
0 0
0 0
0 0
0 0
0 0
0 0
0 0
0 0
0 0
0 0
0 0
0 0
0 0
0 0
0 0
0 0
0 0
0 0
0 0
0 0
0 0
0 0
0 0
0 0
0 0
0 0
0 0
0 0
0 0
0 0
0 0
0 0
0 0
0 0
0 0
0 0
0 0
0 0
0 0
0 0
0 0
0 0
0 0
0 0
0 0
0 0
0 0
0 0
0 0
0 0
0 0
0 0
0 0
0 0
0 0
0 0
0 0
0 0
0 0
0 0
0 0
0 0
0 0
0 0
0 0
0 0
0 0
0 0
0 0
0 0
0 0
0 0
0 0
0 0
0 0
0 0
0 0
0 0
0 0
0 0
0 0
0 0
0 0
0 0
0 0
0 0
0 0
0 0
0 0
0 0
0 0
0 0
0 0
0 0
0 0
0 0
0 0
0 0
0 0
0 0
0 0
0 0
0 0
0 0
0 0
0 0
0 0
0 0
0 0
0 0
0 0
0 0
0 0
0 0
0 0
0 0
0 0
0 0
0 0
0 0
0 0
0 0
0 0
0 0
0 0
0 0
0 0
0 0
0 0
0 0
0 0
0 0
0 0
0 0
0 0
0 0
0 0
0 0
0 0
0 0
0 0
0 0
0 0
0 0
0 0
0 0
0 0
0 0
0 0
0 0
0 0
0 0
0 0
0 0
0 0
0 0
0 0
0 0
0 0
0 0
0 0
0 0
0 0
0 0
0 0
0 0
0 0
0 0
0 0
0 0
0 0
0 0
0 0
0 0
0 0
0 0
0 0
0 0
0 0
0 0
0 0
0 0
0 0
0 0
0 0
0 0
0 0
0 0
0 0
0 0
0 0
0 0
0 0
0 0
0 0
0 0
0 0
0 0
0 0
0 0
0 0
