-8270.99 -8221.88
-8314.53 -8290
-8347.51 -8340.44
-8360.43 -8359.54
-8371.06 -8374.8
-8379.44 -8386.41
-8385.71 -8394.54
-8386.74 -8395.76
-8387.66 -8396.86
-8388.51 -8397.82
-8389.29 -8398.65
-8389.97 -8399.35
-8390.56 -8399.93
-8391.09 -8400.39
-8391.53 -8400.72
-8391.9 -8400.92
-8392.19 -8401.01
-8392.39 -8400.97
-8392.58 -8400.82
-8392.6 -8400.55
-8392.59 -8400.16
-8392.49 -8399.66
-8392.31 -8399.04
-8392.09 -8398.31
-8391.77 -8397.46
-8391.38 -8396.51
-8390.92 -8395.44
-8387.52 -8388.5
-8382.35 -8378.98
-8375.49 -8366.99
-8366.98 -8352.66
-8345.22 -8317.44
-8317.71 -8274.2
