0.706756 -1.38502 -0.285569 0.74827 -0.329166 0.110914
0.706744 -1.38502 -0.285581 0.74827 -0.329166 0.110914
0.706743 -1.38503 -0.285569 0.74827 -0.329166 0.110914
0.706725 -1.38504 -0.285576 0.74827 -0.329166 0.110914
0.706767 -1.385 -0.285578 0.74827 -0.329166 0.110914
0.706716 -1.38503 -0.285582 0.74827 -0.329166 0.110914
0.706762 -1.38501 -0.285581 0.74827 -0.329166 0.110914
0.706704 -1.38504 -0.285585 0.74827 -0.329166 0.110914
0.34668 -1.22573 -0.791925 0.485089 -0.044904 -0.287415
0.346647 -1.22571 -0.791936 0.485089 -0.044904 -0.287415
0.346682 -1.22573 -0.79193 0.485089 -0.044904 -0.287415
0.346642 -1.22573 -0.791936 0.485089 -0.044904 -0.287415
0.346666 -1.22572 -0.791958 0.485089 -0.044904 -0.287415
0.346687 -1.22572 -0.791944 0.485089 -0.044904 -0.287415
0.346654 -1.22573 -0.79195 0.485089 -0.044904 -0.287415
0.346685 -1.22573 -0.791944 0.485089 -0.044904 -0.287415
-0.379515 -1.13072 -0.86133 -0.150668 -0.188035 -0.523212
-0.379548 -1.13072 -0.861317 -0.150668 -0.188035 -0.523212
-0.379528 -1.13071 -0.861331 -0.150668 -0.188035 -0.523212
-0.379546 -1.13071 -0.861318 -0.150668 -0.188035 -0.523212
-0.379562 -1.13073 -0.861342 -0.150668 -0.188035 -0.523212
-0.379528 -1.13071 -0.861329 -0.150668 -0.188035 -0.523212
-0.379568 -1.13071 -0.861345 -0.150668 -0.188035 -0.523212
-0.379531 -1.1307 -0.861325 -0.150668 -0.188035 -0.523212
-0.717872 -0.598609 -0.523696 -0.245624 0.104628 -0.131308
-0.717888 -0.598617 -0.523687 -0.245624 0.104628 -0.131308
-0.717869 -0.59861 -0.523697 -0.245624 0.104628 -0.131308
-0.71789 -0.598616 -0.523691 -0.245624 0.104628 -0.131308
-0.717902 -0.598609 -0.523719 -0.245624 0.104628 -0.131308
-0.7179 -0.598613 -0.523721 -0.245624 0.104628 -0.131308
-0.717896 -0.598611 -0.523728 -0.245624 0.104628 -0.131308
-0.717903 -0.598613 -0.523728 -0.245624 0.104628 -0.131308
-0.637232 -0.773004 0.0219586 -0.229777 0.223128 0.3511
-0.637215 -0.772991 0.0219546 -0.229777 0.223128 0.3511
-0.637236 -0.773023 0.0219635 -0.229777 0.223128 0.3511
-0.637235 -0.773016 0.0219592 -0.229777 0.223128 0.3511
-0.637208 -0.773011 0.021934 -0.229777 0.223128 0.3511
-0.637204 -0.773009 0.0219278 -0.229777 0.223128 0.3511
-0.63721 -0.77303 0.0219393 -0.229777 0.223128 0.3511
-0.637202 -0.773031 0.0219296 -0.229777 0.223128 0.3511
-0.0995616 -0.716155 -0.777475 0.089765 0.377736 -0.333918
-0.0995905 -0.716161 -0.777469 0.089765 0.377736 -0.333918
-0.0995698 -0.716157 -0.777466 0.089765 0.377736 -0.333918
-0.0996044 -0.71617 -0.777461 0.089765 0.377736 -0.333918
-0.0995678 -0.716154 -0.777474 0.089765 0.377736 -0.333918
-0.0995699 -0.716152 -0.777481 0.089765 0.377736 -0.333918
-0.0995699 -0.716166 -0.777468 0.089765 0.377736 -0.333918
-0.0995694 -0.716163 -0.777477 0.089765 0.377736 -0.333918
-0.59046 -1.50871 -0.09312 -0.366332 -0.369123 0.390323
-0.590456 -1.50871 -0.0931344 -0.366332 -0.369123 0.390323
-0.590455 -1.5087 -0.093117 -0.366332 -0.369123 0.390323
-0.590459 -1.50871 -0.0931346 -0.366332 -0.369123 0.390323
-0.590455 -1.50869 -0.0931677 -0.366332 -0.369123 0.390323
-0.590463 -1.5087 -0.0931689 -0.366332 -0.369123 0.390323
-0.590456 -1.50868 -0.0931629 -0.366332 -0.369123 0.390323
-0.590474 -1.50869 -0.093167 -0.366332 -0.369123 0.390323
-0.409032 -1.22263 0.0768151 -0.074974 -0.194852 0.521441
-0.409039 -1.22264 0.0768111 -0.074974 -0.194852 0.521441
-0.40903 -1.22264 0.0768252 -0.074974 -0.194852 0.521441
-0.409044 -1.22264 0.0768155 -0.074974 -0.194852 0.521441
-0.409023 -1.22264 0.0768077 -0.074974 -0.194852 0.521441
-0.409013 -1.22265 0.0768159 -0.074974 -0.194852 0.521441
-0.40902 -1.22265 0.0768124 -0.074974 -0.194852 0.521441
-0.409013 -1.22266 0.0768213 -0.074974 -0.194852 0.521441
0.472505 0.788288 -0.0992408 0.186389 -0.329921 -0.475307
0.472495 0.788286 -0.0992423 0.186389 -0.329921 -0.475307
0.472492 0.788307 -0.0992434 0.186389 -0.329921 -0.475307
0.472495 0.788303 -0.0992434 0.186389 -0.329921 -0.475307
0.472508 0.788285 -0.099212 0.186389 -0.329921 -0.475307
0.472482 0.788287 -0.099211 0.186389 -0.329921 -0.475307
0.472506 0.788301 -0.099211 0.186389 -0.329921 -0.475307
0.472478 0.788304 -0.0992139 0.186389 -0.329921 -0.475307
-0.139895 1.09072 0.137364 -0.216325 -0.015802 -0.127119
-0.13997 1.09073 0.137364 -0.216325 -0.015802 -0.127119
-0.1399 1.09072 0.137366 -0.216325 -0.015802 -0.127119
-0.139978 1.09072 0.137364 -0.216325 -0.015802 -0.127119
-0.139884 1.09072 0.13739 -0.216325 -0.015802 -0.127119
-0.139902 1.09072 0.137371 -0.216325 -0.015802 -0.127119
-0.139891 1.09073 0.137394 -0.216325 -0.015802 -0.127119
-0.139901 1.09072 0.137371 -0.216325 -0.015802 -0.127119
0.477073 1.51948 0.127662 0.171474 0.471136 -0.321957
0.477086 1.51948 0.127659 0.171474 0.471136 -0.321957
0.477088 1.51952 0.127661 0.171474 0.471136 -0.321957
0.477087 1.51953 0.127655 0.171474 0.471136 -0.321957
0.477064 1.51948 0.127676 0.171474 0.471136 -0.321957
0.477067 1.51947 0.127674 0.171474 0.471136 -0.321957
0.477061 1.51952 0.127667 0.171474 0.471136 -0.321957
0.477064 1.51952 0.127664 0.171474 0.471136 -0.321957
0.338183 1.06254 -0.0814519 0.055978 0.138565 -0.279887
0.338209 1.06255 -0.0814462 0.055978 0.138565 -0.279887
0.338183 1.06255 -0.0814498 0.055978 0.138565 -0.279887
0.338205 1.06255 -0.0814527 0.055978 0.138565 -0.279887
0.338183 1.06254 -0.0814445 0.055978 0.138565 -0.279887
0.338174 1.06255 -0.0814409 0.055978 0.138565 -0.279887
0.338181 1.06254 -0.0814457 0.055978 0.138565 -0.279887
0.338168 1.06255 -0.0814436 0.055978 0.138565 -0.279887
-0.494697 0.0561559 0.176307 -0.502997 -0.571219 -0.175751
-0.494664 0.0561759 0.176326 -0.502997 -0.571219 -0.175751
-0.494681 0.0561766 0.176311 -0.502997 -0.571219 -0.175751
-0.494657 0.0561858 0.176321 -0.502997 -0.571219 -0.175751
-0.494673 0.0561658 0.176316 -0.502997 -0.571219 -0.175751
-0.49469 0.0561524 0.176315 -0.502997 -0.571219 -0.175751
-0.494665 0.0561863 0.176309 -0.502997 -0.571219 -0.175751
-0.494685 0.0561693 0.176311 -0.502997 -0.571219 -0.175751
-0.260963 1.16667 0.613402 -0.222725 0.089697 0.31055
-0.260932 1.16667 0.613404 -0.222725 0.089697 0.31055
-0.260969 1.16668 0.613402 -0.222725 0.089697 0.31055
-0.260941 1.16668 0.613409 -0.222725 0.089697 0.31055
-0.260969 1.16666 0.613405 -0.222725 0.089697 0.31055
-0.260937 1.16667 0.613413 -0.222725 0.089697 0.31055
-0.260979 1.16668 0.613403 -0.222725 0.089697 0.31055
-0.260943 1.16668 0.613416 -0.222725 0.089697 0.31055
-0.457169 0.482744 0.564022 -0.523724 -0.309756 0.128669
-0.457163 0.482749 0.564019 -0.523724 -0.309756 0.128669
-0.45717 0.482761 0.564021 -0.523724 -0.309756 0.128669
-0.457158 0.482763 0.564015 -0.523724 -0.309756 0.128669
-0.457149 0.482745 0.564012 -0.523724 -0.309756 0.128669
-0.457139 0.482747 0.564008 -0.523724 -0.309756 0.128669
-0.457146 0.48277 0.564015 -0.523724 -0.309756 0.128669
-0.457136 0.48277 0.56401 -0.523724 -0.309756 0.128669
0.0800438 1.08592 0.606484 -0.157814 0.135327 0.198126
0.0800372 1.08592 0.606479 -0.157814 0.135327 0.198126
0.0800491 1.08593 0.606484 -0.157814 0.135327 0.198126
0.0800493 1.08593 0.606477 -0.157814 0.135327 0.198126
0.080044 1.08592 0.606436 -0.157814 0.135327 0.198126
0.0800316 1.08593 0.606429 -0.157814 0.135327 0.198126
0.0800559 1.08593 0.606435 -0.157814 0.135327 0.198126
0.0800513 1.08594 0.606427 -0.157814 0.135327 0.198126
0.613846 -2.0762 0.900494 0.256922 -0.817214 0.468948
0.613867 -2.07621 0.900492 0.256922 -0.817214 0.468948
0.61384 -2.07617 0.900488 0.256922 -0.817214 0.468948
0.613864 -2.07617 0.900488 0.256922 -0.817214 0.468948
0.613816 -2.07621 0.900475 0.256922 -0.817214 0.468948
0.613858 -2.07619 0.900481 0.256922 -0.817214 0.468948
0.61382 -2.07618 0.90047 0.256922 -0.817214 0.468948
0.613851 -2.07616 0.900479 0.256922 -0.817214 0.468948
-0.461063 -0.764332 -0.105734 -0.464009 0.234748 -0.545788
-0.461078 -0.764337 -0.105735 -0.464009 0.234748 -0.545788
-0.461071 -0.764313 -0.105728 -0.464009 0.234748 -0.545788
-0.461075 -0.764321 -0.105726 -0.464009 0.234748 -0.545788
-0.461069 -0.764333 -0.10574 -0.464009 0.234748 -0.545788
-0.461105 -0.76433 -0.105744 -0.464009 0.234748 -0.545788
-0.461077 -0.764316 -0.105737 -0.464009 0.234748 -0.545788
-0.461107 -0.764313 -0.105738 -0.464009 0.234748 -0.545788
-0.569891 -0.836702 0.5077 -0.55121 0.127813 0.17986
-0.569884 -0.836693 0.507703 -0.55121 0.127813 0.17986
-0.569898 -0.836681 0.507703 -0.55121 0.127813 0.17986
-0.569884 -0.836677 0.507705 -0.55121 0.127813 0.17986
-0.569889 -0.836679 0.507705 -0.55121 0.127813 0.17986
-0.569882 -0.836692 0.507712 -0.55121 0.127813 0.17986
-0.569896 -0.836661 0.507707 -0.55121 0.127813 0.17986
-0.569887 -0.836679 0.507714 -0.55121 0.127813 0.17986
-0.185534 -0.191188 0.0516832 -0.432943 0.637499 -0.19944
-0.18553 -0.19118 0.051672 -0.432943 0.637499 -0.19944
-0.185534 -0.191188 0.0516795 -0.432943 0.637499 -0.19944
-0.185527 -0.191177 0.051664 -0.432943 0.637499 -0.19944
-0.185517 -0.191178 0.051669 -0.432943 0.637499 -0.19944
-0.18555 -0.191172 0.0516687 -0.432943 0.637499 -0.19944
-0.185513 -0.191173 0.0516683 -0.432943 0.637499 -0.19944
-0.185548 -0.191173 0.0516633 -0.432943 0.637499 -0.19944
-0.0606563 -1.72195 0.770567 -0.240162 -0.605289 0.446689
-0.0606446 -1.72195 0.770563 -0.240162 -0.605289 0.446689
-0.0606505 -1.72194 0.77057 -0.240162 -0.605289 0.446689
-0.0606422 -1.72194 0.770573 -0.240162 -0.605289 0.446689
-0.0606461 -1.72196 0.770562 -0.240162 -0.605289 0.446689
-0.0606309 -1.72196 0.770558 -0.240162 -0.605289 0.446689
-0.0606444 -1.72194 0.770566 -0.240162 -0.605289 0.446689
-0.0606338 -1.72194 0.77056 -0.240162 -0.605289 0.446689
-0.224074 -0.555354 0.835057 -0.273606 0.285327 0.304274
-0.224043 -0.555356 0.83506 -0.273606 0.285327 0.304274
-0.224056 -0.555327 0.835053 -0.273606 0.285327 0.304274
-0.224041 -0.555336 0.835065 -0.273606 0.285327 0.304274
-0.224071 -0.555355 0.835046 -0.273606 0.285327 0.304274
-0.224124 -0.55535 0.835047 -0.273606 0.285327 0.304274
-0.22407 -0.555319 0.835039 -0.273606 0.285327 0.304274
-0.224123 -0.555327 0.835037 -0.273606 0.285327 0.304274
-0.0136032 -1.27554 0.478845 -0.025968 -0.200498 0.16902
-0.013594 -1.27554 0.478846 -0.025968 -0.200498 0.16902
-0.0136077 -1.27553 0.478843 -0.025968 -0.200498 0.16902
-0.0135957 -1.27554 0.478847 -0.025968 -0.200498 0.16902
-0.0136089 -1.27553 0.47882 -0.025968 -0.200498 0.16902
-0.0136326 -1.27553 0.478816 -0.025968 -0.200498 0.16902
-0.0136005 -1.27552 0.478819 -0.025968 -0.200498 0.16902
-0.0136286 -1.27553 0.478812 -0.025968 -0.200498 0.16902
0.278741 -1.42085 0.924082 0.091998 -0.239308 0.41331
0.278756 -1.42085 0.924089 0.091998 -0.239308 0.41331
0.27874 -1.42085 0.924082 0.091998 -0.239308 0.41331
0.278763 -1.42085 0.924093 0.091998 -0.239308 0.41331
0.278758 -1.42085 0.924074 0.091998 -0.239308 0.41331
0.27875 -1.42084 0.924077 0.091998 -0.239308 0.41331
0.278754 -1.42085 0.924081 0.091998 -0.239308 0.41331
0.278752 -1.42084 0.924083 0.091998 -0.239308 0.41331
0.449369 0.360953 -0.816561 0.588761 -0.564907 -0.363304
0.449398 0.360935 -0.816553 0.588761 -0.564907 -0.363304
0.449365 0.360973 -0.816562 0.588761 -0.564907 -0.363304
0.449379 0.360974 -0.816554 0.588761 -0.564907 -0.363304
0.449403 0.360928 -0.816579 0.588761 -0.564907 -0.363304
0.449411 0.360934 -0.816568 0.588761 -0.564907 -0.363304
0.449392 0.360957 -0.816582 0.588761 -0.564907 -0.363304
0.44939 0.360969 -0.816564 0.588761 -0.564907 -0.363304
-0.515061 1.38695 -0.317339 -0.420644 0.206187 -0.039596
-0.51507 1.38696 -0.317365 -0.420644 0.206187 -0.039596
-0.515051 1.38695 -0.317331 -0.420644 0.206187 -0.039596
-0.515066 1.38695 -0.31736 -0.420644 0.206187 -0.039596
-0.51503 1.38695 -0.317314 -0.420644 0.206187 -0.039596
-0.515081 1.38695 -0.317317 -0.420644 0.206187 -0.039596
-0.515026 1.38694 -0.317309 -0.420644 0.206187 -0.039596
-0.51508 1.38695 -0.317323 -0.420644 0.206187 -0.039596
0.312892 1.14991 -0.108389 0.419343 0.188749 0.129279
0.312905 1.1499 -0.108389 0.419343 0.188749 0.129279
0.312881 1.1499 -0.10839 0.419343 0.188749 0.129279
0.312899 1.14988 -0.108398 0.419343 0.188749 0.129279
0.312886 1.14992 -0.108371 0.419343 0.188749 0.129279
0.312945 1.1499 -0.108364 0.419343 0.188749 0.129279
0.312879 1.14989 -0.10837 0.419343 0.188749 0.129279
0.312936 1.14988 -0.108366 0.419343 0.188749 0.129279
0.333428 1.57954 -0.97014 0.2904 0.512716 -0.531584
0.333424 1.57953 -0.970138 0.2904 0.512716 -0.531584
0.333422 1.57957 -0.970148 0.2904 0.512716 -0.531584
0.333416 1.57956 -0.970152 0.2904 0.512716 -0.531584
0.333424 1.57954 -0.970143 0.2904 0.512716 -0.531584
0.333415 1.57954 -0.970144 0.2904 0.512716 -0.531584
0.333411 1.57958 -0.970153 0.2904 0.512716 -0.531584
0.333403 1.57957 -0.970147 0.2904 0.512716 -0.531584
0.545459 0.704863 -0.982416 0.610086 -0.226356 -0.47409
0.545449 0.70487 -0.982423 0.610086 -0.226356 -0.47409
0.545454 0.70487 -0.982416 0.610086 -0.226356 -0.47409
0.545441 0.704877 -0.982424 0.610086 -0.226356 -0.47409
0.545443 0.704874 -0.982413 0.610086 -0.226356 -0.47409
0.545483 0.704864 -0.982415 0.610086 -0.226356 -0.47409
0.545428 0.70488 -0.982415 0.610086 -0.226356 -0.47409
0.545468 0.704878 -0.982417 0.610086 -0.226356 -0.47409
0.669536 0.885363 -0.234866 0.635634 0.026038 0.098569
0.669541 0.885356 -0.23486 0.635634 0.026038 0.098569
0.669541 0.885382 -0.234867 0.635634 0.026038 0.098569
0.669547 0.885376 -0.234865 0.635634 0.026038 0.098569
0.669544 0.885369 -0.234881 0.635634 0.026038 0.098569
0.669542 0.885357 -0.234887 0.635634 0.026038 0.098569
0.669542 0.885382 -0.234879 0.635634 0.026038 0.098569
0.669547 0.885377 -0.234886 0.635634 0.026038 0.098569
-0.616793 0.260676 0.179715 -0.232687 -0.502624 0.546174
-0.616768 0.260658 0.17971 -0.232687 -0.502624 0.546174
-0.616788 0.260649 0.179709 -0.232687 -0.502624 0.546174
-0.616762 0.260642 0.179708 -0.232687 -0.502624 0.546174
-0.616768 0.26068 0.179701 -0.232687 -0.502624 0.546174
-0.61677 0.26067 0.179697 -0.232687 -0.502624 0.546174
-0.616775 0.260657 0.179701 -0.232687 -0.502624 0.546174
-0.616771 0.260654 0.179698 -0.232687 -0.502624 0.546174
-0.366843 1.17455 -0.00858975 -0.1408 0.263943 0.168674
-0.366858 1.17455 -0.00858812 -0.1408 0.263943 0.168674
-0.366846 1.17455 -0.00858718 -0.1408 0.263943 0.168674
-0.366856 1.17455 -0.00858092 -0.1408 0.263943 0.168674
-0.366861 1.17457 -0.00859207 -0.1408 0.263943 0.168674
-0.366839 1.17456 -0.00859187 -0.1408 0.263943 0.168674
-0.366867 1.17456 -0.0085876 -0.1408 0.263943 0.168674
-0.366853 1.17456 -0.00858848 -0.1408 0.263943 0.168674
0.671265 0.381406 0.469603 0.027255 0.308806 0.224596
0.671282 0.381397 0.4696 0.027255 0.308806 0.224596
0.671266 0.381411 0.469608 0.027255 0.308806 0.224596
0.671291 0.381396 0.469609 0.027255 0.308806 0.224596
0.671297 0.381394 0.469621 0.027255 0.308806 0.224596
0.671284 0.381397 0.469611 0.027255 0.308806 0.224596
0.671299 0.381396 0.469625 0.027255 0.308806 0.224596
0.671295 0.381397 0.469618 0.027255 0.308806 0.224596
-0.361727 0.641729 0.136023 -0.603875 0.484898 0.017815
-0.361698 0.641718 0.136032 -0.603875 0.484898 0.017815
-0.361722 0.641701 0.136005 -0.603875 0.484898 0.017815
-0.361691 0.641688 0.13602 -0.603875 0.484898 0.017815
-0.361722 0.641718 0.136017 -0.603875 0.484898 0.017815
-0.36174 0.641726 0.136018 -0.603875 0.484898 0.017815
-0.361712 0.641691 0.136005 -0.603875 0.484898 0.017815
-0.361727 0.641704 0.136016 -0.603875 0.484898 0.017815
0.848089 -0.049079 0.614132 0.317411 -0.009607 0.289149
0.848108 -0.0490875 0.614123 0.317411 -0.009607 0.289149
0.848096 -0.0490823 0.61413 0.317411 -0.009607 0.289149
0.848111 -0.0490862 0.614124 0.317411 -0.009607 0.289149
0.848119 -0.049101 0.614108 0.317411 -0.009607 0.289149
0.848095 -0.0490972 0.614098 0.317411 -0.009607 0.289149
0.848121 -0.0491002 0.614107 0.317411 -0.009607 0.289149
0.848099 -0.0490938 0.614102 0.317411 -0.009607 0.289149
0.891694 -0.839171 -0.0204987 0.356489 -0.554538 -0.167793
0.891682 -0.839166 -0.0205052 0.356489 -0.554538 -0.167793
0.891696 -0.839178 -0.0204938 0.356489 -0.554538 -0.167793
0.891691 -0.839177 -0.0205004 0.356489 -0.554538 -0.167793
0.891694 -0.839176 -0.0205039 0.356489 -0.554538 -0.167793
0.891672 -0.839164 -0.0205004 0.356489 -0.554538 -0.167793
0.891705 -0.839191 -0.0205023 0.356489 -0.554538 -0.167793
0.891678 -0.839178 -0.0205021 0.356489 -0.554538 -0.167793
0.824844 -0.540803 -0.0975139 0.287313 -0.324882 -0.157688
0.824861 -0.540811 -0.0975087 0.287313 -0.324882 -0.157688
0.824848 -0.540803 -0.0975124 0.287313 -0.324882 -0.157688
0.824863 -0.540807 -0.0975087 0.287313 -0.324882 -0.157688
0.824881 -0.540809 -0.0974944 0.287313 -0.324882 -0.157688
0.824864 -0.540809 -0.0975013 0.287313 -0.324882 -0.157688
0.82488 -0.540805 -0.0974939 0.287313 -0.324882 -0.157688
0.824869 -0.540807 -0.097496 0.287313 -0.324882 -0.157688
0.170755 0.152387 0.239438 -0.203854 0.102522 0.015934
0.170742 0.152389 0.239431 -0.203854 0.102522 0.015934
0.17076 0.152366 0.239428 -0.203854 0.102522 0.015934
0.170751 0.152369 0.23942 -0.203854 0.102522 0.015934
0.170754 0.152389 0.239447 -0.203854 0.102522 0.015934
0.170734 0.152402 0.239454 -0.203854 0.102522 0.015934
0.17076 0.152372 0.239439 -0.203854 0.102522 0.015934
0.170746 0.152384 0.239449 -0.203854 0.102522 0.015934
0.157094 0.565483 0.44682 -0.271728 0.399412 0.140664
0.157102 0.565486 0.446835 -0.271728 0.399412 0.140664
0.157104 0.565488 0.446821 -0.271728 0.399412 0.140664
0.15711 0.565488 0.446828 -0.271728 0.399412 0.140664
0.157101 0.56547 0.446829 -0.271728 0.399412 0.140664
0.157104 0.565475 0.446831 -0.271728 0.399412 0.140664
0.157118 0.565469 0.446828 -0.271728 0.399412 0.140664
0.157119 0.565471 0.446825 -0.271728 0.399412 0.140664
1.05501 -0.59227 -0.013684 0.52951 -0.46596 -0.094685
1.05502 -0.592268 -0.0136785 0.52951 -0.46596 -0.094685
1.05501 -0.592262 -0.0136834 0.52951 -0.46596 -0.094685
1.05502 -0.592266 -0.0136851 0.52951 -0.46596 -0.094685
1.05503 -0.59226 -0.0136654 0.52951 -0.46596 -0.094685
1.05501 -0.592257 -0.013664 0.52951 -0.46596 -0.094685
1.05502 -0.592245 -0.0136692 0.52951 -0.46596 -0.094685
1.055 -0.592247 -0.0136676 0.52951 -0.46596 -0.094685
-0.325954 0.0614873 -0.00529368 0.066902 0.079343 0.140082
-0.325961 0.0614875 -0.00528993 0.066902 0.079343 0.140082
-0.32596 0.0614833 -0.0052943 0.066902 0.079343 0.140082
-0.325964 0.0614856 -0.00528587 0.066902 0.079343 0.140082
-0.325969 0.0614973 -0.00528363 0.066902 0.079343 0.140082
-0.325948 0.0614851 -0.00528596 0.066902 0.079343 0.140082
-0.325982 0.0615026 -0.00527804 0.066902 0.079343 0.140082
-0.325951 0.0614816 -0.00528348 0.066902 0.079343 0.140082
-0.486065 0.238727 0.0913411 0.018626 0.136217 0.277039
-0.486016 0.238707 0.0913408 0.018626 0.136217 0.277039
-0.486054 0.238699 0.0913334 0.018626 0.136217 0.277039
-0.486011 0.238684 0.091334 0.018626 0.136217 0.277039
-0.486046 0.238721 0.091349 0.018626 0.136217 0.277039
-0.486082 0.238735 0.0913471 0.018626 0.136217 0.277039
-0.486029 0.238688 0.0913422 0.018626 0.136217 0.277039
-0.486067 0.238703 0.0913428 0.018626 0.136217 0.277039
-0.650159 -0.0389183 -0.0993511 -0.102804 -0.039054 0.034928
-0.650161 -0.0389194 -0.0993505 -0.102804 -0.039054 0.034928
-0.650148 -0.0389471 -0.0993562 -0.102804 -0.039054 0.034928
-0.650149 -0.0389468 -0.0993576 -0.102804 -0.039054 0.034928
-0.65016 -0.0389182 -0.0993461 -0.102804 -0.039054 0.034928
-0.650147 -0.0389182 -0.0993482 -0.102804 -0.039054 0.034928
-0.650138 -0.038946 -0.0993451 -0.102804 -0.039054 0.034928
-0.65013 -0.0389483 -0.0993473 -0.102804 -0.039054 0.034928
-0.751016 0.159821 0.078105 -0.177096 0.12627 0.203181
-0.751005 0.159809 0.0781037 -0.177096 0.12627 0.203181
-0.751012 0.159816 0.0781083 -0.177096 0.12627 0.203181
-0.750998 0.159806 0.0781087 -0.177096 0.12627 0.203181
-0.751064 0.159843 0.0781049 -0.177096 0.12627 0.203181
-0.751006 0.159818 0.0781007 -0.177096 0.12627 0.203181
-0.751058 0.159839 0.0781097 -0.177096 0.12627 0.203181
-0.751002 0.159814 0.0781055 -0.177096 0.12627 0.203181
-1.05818 0.72816 -0.0698693 -0.430807 0.44822 0.041702
-1.05819 0.728162 -0.0698742 -0.430807 0.44822 0.041702
-1.05818 0.72816 -0.0698624 -0.430807 0.44822 0.041702
-1.05819 0.728165 -0.0698718 -0.430807 0.44822 0.041702
-1.0582 0.728162 -0.0698563 -0.430807 0.44822 0.041702
-1.05819 0.728163 -0.0698594 -0.430807 0.44822 0.041702
-1.0582 0.728162 -0.06985 -0.430807 0.44822 0.041702
-1.05819 0.728167 -0.0698502 -0.430807 0.44822 0.041702
-0.286705 -0.0876902 -0.309448 0.136942 -0.113141 -0.105455
-0.286737 -0.0876746 -0.309454 0.136942 -0.113141 -0.105455
-0.286695 -0.0877209 -0.309456 0.136942 -0.113141 -0.105455
-0.286726 -0.0877058 -0.309466 0.136942 -0.113141 -0.105455
-0.286738 -0.0876672 -0.309451 0.136942 -0.113141 -0.105455
-0.28668 -0.0876864 -0.309448 0.136942 -0.113141 -0.105455
-0.286712 -0.0877055 -0.309459 0.136942 -0.113141 -0.105455
-0.286662 -0.0877178 -0.309451 0.136942 -0.113141 -0.105455
-0.652368 0.507979 0.221797 -0.181742 0.357437 0.295094
-0.652365 0.507978 0.221799 -0.181742 0.357437 0.295094
-0.652371 0.507984 0.221798 -0.181742 0.357437 0.295094
-0.652374 0.507986 0.221795 -0.181742 0.357437 0.295094
-0.652353 0.507967 0.221796 -0.181742 0.357437 0.295094
-0.652386 0.50798 0.221794 -0.181742 0.357437 0.295094
-0.652361 0.507978 0.221796 -0.181742 0.357437 0.295094
-0.652386 0.507984 0.221792 -0.181742 0.357437 0.295094
-0.920514 0.214338 -0.742232 -0.359017 0.161128 -0.397237
-0.920494 0.214332 -0.742224 -0.359017 0.161128 -0.397237
-0.920528 0.214362 -0.742227 -0.359017 0.161128 -0.397237
-0.920507 0.214356 -0.742222 -0.359017 0.161128 -0.397237
-0.920536 0.214362 -0.742203 -0.359017 0.161128 -0.397237
-0.920521 0.21435 -0.742208 -0.359017 0.161128 -0.397237
-0.920541 0.21438 -0.742195 -0.359017 0.161128 -0.397237
-0.920531 0.214369 -0.742204 -0.359017 0.161128 -0.397237
0.179415 0.560074 -0.412158 0.500367 0.421996 -0.112256
0.179422 0.560081 -0.412159 0.500367 0.421996 -0.112256
0.179412 0.560065 -0.412158 0.500367 0.421996 -0.112256
0.17942 0.560078 -0.412159 0.500367 0.421996 -0.112256
0.179431 0.560084 -0.41214 0.500367 0.421996 -0.112256
0.179399 0.560064 -0.412134 0.500367 0.421996 -0.112256
0.17943 0.560076 -0.412141 0.500367 0.421996 -0.112256
0.179398 0.560061 -0.412137 0.500367 0.421996 -0.112256
-0.172431 -0.071828 -0.000647384 0.229308 0.01996 0.153428
-0.172469 -0.0718354 -0.000650835 0.229308 0.01996 0.153428
-0.172433 -0.0718368 -0.000645754 0.229308 0.01996 0.153428
-0.172466 -0.0718412 -0.000649335 0.229308 0.01996 0.153428
-0.172441 -0.0718259 -0.000642106 0.229308 0.01996 0.153428
-0.172418 -0.0718037 -0.000645266 0.229308 0.01996 0.153428
-0.172443 -0.0718328 -0.00064107 0.229308 0.01996 0.153428
-0.172424 -0.0718166 -0.000643279 0.229308 0.01996 0.153428
-0.329256 0.473095 -0.635021 0.09305 0.31064 -0.236204
-0.329247 0.473087 -0.635017 0.09305 0.31064 -0.236204
-0.329253 0.473088 -0.635027 0.09305 0.31064 -0.236204
-0.329251 0.473077 -0.635024 0.09305 0.31064 -0.236204
-0.329246 0.473097 -0.635025 0.09305 0.31064 -0.236204
-0.329262 0.473088 -0.635025 0.09305 0.31064 -0.236204
-0.329248 0.473086 -0.63503 0.09305 0.31064 -0.236204
-0.329267 0.473077 -0.635032 0.09305 0.31064 -0.236204
-1.21596 -0.779299 -0.0245303 -0.635285 -0.593382 0.124034
-1.21599 -0.779314 -0.0245309 -0.635285 -0.593382 0.124034
-1.21597 -0.779306 -0.0245323 -0.635285 -0.593382 0.124034
-1.21599 -0.779321 -0.0245289 -0.635285 -0.593382 0.124034
-1.21595 -0.779295 -0.0245379 -0.635285 -0.593382 0.124034
-1.21601 -0.779321 -0.0245402 -0.635285 -0.593382 0.124034
-1.21595 -0.7793 -0.0245371 -0.635285 -0.593382 0.124034
-1.216 -0.779323 -0.0245399 -0.635285 -0.593382 0.124034
-0.0924563 0.218859 -0.103078 0.307762 0.169423 0.056799
-0.0924618 0.218857 -0.103075 0.307762 0.169423 0.056799
-0.092451 0.218866 -0.103083 0.307762 0.169423 0.056799
-0.0924579 0.218862 -0.103081 0.307762 0.169423 0.056799
-0.0924577 0.218868 -0.103117 0.307762 0.169423 0.056799
-0.0924751 0.218862 -0.10311 0.307762 0.169423 0.056799
-0.092451 0.218877 -0.103123 0.307762 0.169423 0.056799
-0.0924732 0.218868 -0.103118 0.307762 0.169423 0.056799
-0.224183 -0.0211811 -0.456603 0.139129 0.064237 -0.23838
-0.224164 -0.021184 -0.456597 0.139129 0.064237 -0.23838
-0.224197 -0.0212188 -0.456587 0.139129 0.064237 -0.23838
-0.224182 -0.0212166 -0.456587 0.139129 0.064237 -0.23838
-0.224176 -0.0211824 -0.456594 0.139129 0.064237 -0.23838
-0.224169 -0.021182 -0.456595 0.139129 0.064237 -0.23838
-0.224193 -0.0212163 -0.456579 0.139129 0.064237 -0.23838
-0.224184 -0.0212151 -0.456583 0.139129 0.064237 -0.23838
-0.430002 0.0475746 -0.334356 0.05839 0.017937 -0.01624
-0.429986 0.0475851 -0.33435 0.05839 0.017937 -0.01624
-0.430008 0.0475516 -0.334352 0.05839 0.017937 -0.01624
-0.429997 0.0475568 -0.334342 0.05839 0.017937 -0.01624
-0.429998 0.0475704 -0.334345 0.05839 0.017937 -0.01624
-0.42999 0.0475669 -0.334341 0.05839 0.017937 -0.01624
-0.430002 0.0475408 -0.334333 0.05839 0.017937 -0.01624
-0.429992 0.0475452 -0.334332 0.05839 0.017937 -0.01624
-0.285461 0.257741 -0.321291 0.062819 0.118039 -0.125268
-0.285458 0.25775 -0.321296 0.062819 0.118039 -0.125268
-0.28547 0.257732 -0.32129 0.062819 0.118039 -0.125268
-0.285459 0.257746 -0.321296 0.062819 0.118039 -0.125268
-0.285465 0.257745 -0.3213 0.062819 0.118039 -0.125268
-0.285487 0.257736 -0.321295 0.062819 0.118039 -0.125268
-0.28547 0.257736 -0.321299 0.062819 0.118039 -0.125268
-0.285488 0.257729 -0.321295 0.062819 0.118039 -0.125268
0.251202 -0.251567 0.653849 -0.141936 -0.290475 0.326622
0.251227 -0.251559 0.653849 -0.141936 -0.290475 0.326622
0.251203 -0.251569 0.653847 -0.141936 -0.290475 0.326622
0.251229 -0.25156 0.653851 -0.141936 -0.290475 0.326622
0.251209 -0.251559 0.653858 -0.141936 -0.290475 0.326622
0.251226 -0.25156 0.653862 -0.141936 -0.290475 0.326622
0.251203 -0.251566 0.653859 -0.141936 -0.290475 0.326622
0.251225 -0.251565 0.65386 -0.141936 -0.290475 0.326622
0.254535 -0.138951 0.20831 -0.102177 -0.063534 -0.033172
0.25452 -0.138961 0.208309 -0.102177 -0.063534 -0.033172
0.254541 -0.138942 0.208307 -0.102177 -0.063534 -0.033172
0.254526 -0.13895 0.208303 -0.102177 -0.063534 -0.033172
0.254526 -0.138953 0.208292 -0.102177 -0.063534 -0.033172
0.254549 -0.138943 0.208288 -0.102177 -0.063534 -0.033172
0.254532 -0.138941 0.208286 -0.102177 -0.063534 -0.033172
0.254551 -0.138935 0.20828 -0.102177 -0.063534 -0.033172
0.462974 0.140372 -0.0826694 -0.010783 0.132255 -0.212146
0.462953 0.140362 -0.0826681 -0.010783 0.132255 -0.212146
0.462993 0.140405 -0.082679 -0.010783 0.132255 -0.212146
0.462969 0.140399 -0.082677 -0.010783 0.132255 -0.212146
0.462964 0.140362 -0.0826508 -0.010783 0.132255 -0.212146
0.462934 0.140349 -0.0826615 -0.010783 0.132255 -0.212146
0.462981 0.1404 -0.0826663 -0.010783 0.132255 -0.212146
0.462953 0.140379 -0.0826659 -0.010783 0.132255 -0.212146
-0.139279 -0.461297 0.315819 -0.427112 -0.360782 0.053166
-0.139279 -0.46129 0.315817 -0.427112 -0.360782 0.053166
-0.139291 -0.461312 0.315822 -0.427112 -0.360782 0.053166
-0.139297 -0.461309 0.315819 -0.427112 -0.360782 0.053166
-0.139282 -0.461309 0.315819 -0.427112 -0.360782 0.053166
-0.139268 -0.461296 0.315818 -0.427112 -0.360782 0.053166
-0.139295 -0.461323 0.315824 -0.427112 -0.360782 0.053166
-0.139277 -0.461305 0.31582 -0.427112 -0.360782 0.053166
-0.0673081 -0.0419142 0.112576 -0.479435 -0.121352 -0.088902
-0.0672937 -0.0419169 0.112577 -0.479435 -0.121352 -0.088902
-0.0672992 -0.0418918 0.112576 -0.479435 -0.121352 -0.088902
-0.0672875 -0.0418981 0.112576 -0.479435 -0.121352 -0.088902
-0.0673088 -0.0419075 0.11257 -0.479435 -0.121352 -0.088902
-0.0672995 -0.0419124 0.112579 -0.479435 -0.121352 -0.088902
-0.0672956 -0.0418811 0.112565 -0.479435 -0.121352 -0.088902
-0.0672818 -0.041885 0.112574 -0.479435 -0.121352 -0.088902
0.719396 0.0741009 0.352197 0.106366 -0.003089 0.091357
0.719381 0.0740889 0.352197 0.106366 -0.003089 0.091357
0.719387 0.074086 0.352203 0.106366 -0.003089 0.091357
0.719374 0.0740784 0.352198 0.106366 -0.003089 0.091357
0.719364 0.074084 0.352191 0.106366 -0.003089 0.091357
0.719371 0.0740796 0.352195 0.106366 -0.003089 0.091357
0.719364 0.0740788 0.352193 0.106366 -0.003089 0.091357
0.719375 0.0740748 0.352199 0.106366 -0.003089 0.091357
1.12636 0.430412 -0.140712 0.444439 0.284291 -0.185718
1.12638 0.430425 -0.140721 0.444439 0.284291 -0.185718
1.12636 0.430419 -0.140711 0.444439 0.284291 -0.185718
1.12638 0.430425 -0.140714 0.444439 0.284291 -0.185718
1.12637 0.430418 -0.140727 0.444439 0.284291 -0.185718
1.12638 0.430431 -0.140725 0.444439 0.284291 -0.185718
1.12637 0.430424 -0.140726 0.444439 0.284291 -0.185718
1.12638 0.430431 -0.140723 0.444439 0.284291 -0.185718
1.30628 0.405504 0.589139 0.576604 0.291496 0.283983
1.30625 0.405494 0.589128 0.576604 0.291496 0.283983
1.30626 0.405486 0.589144 0.576604 0.291496 0.283983
1.30624 0.405482 0.589135 0.576604 0.291496 0.283983
1.30626 0.405493 0.589138 0.576604 0.291496 0.283983
1.30628 0.405506 0.589141 0.576604 0.291496 0.283983
1.30624 0.405475 0.589137 0.576604 0.291496 0.283983
1.30627 0.40549 0.589144 0.576604 0.291496 0.283983
0.174184 0.262461 0.0572208 -0.030205 0.212448 -0.192974
0.174185 0.262463 0.0572183 -0.030205 0.212448 -0.192974
0.174195 0.262436 0.0572239 -0.030205 0.212448 -0.192974
0.174191 0.262438 0.0572214 -0.030205 0.212448 -0.192974
0.174203 0.262463 0.0572246 -0.030205 0.212448 -0.192974
0.174191 0.262462 0.0572191 -0.030205 0.212448 -0.192974
0.174206 0.262436 0.0572254 -0.030205 0.212448 -0.192974
0.174199 0.262435 0.0572161 -0.030205 0.212448 -0.192974
0.259546 -0.437216 0.0865227 -0.074793 -0.234132 -0.160785
0.259575 -0.437224 0.0865192 -0.074793 -0.234132 -0.160785
0.25954 -0.437212 0.0865223 -0.074793 -0.234132 -0.160785
0.25957 -0.437222 0.0865213 -0.074793 -0.234132 -0.160785
0.259532 -0.437213 0.0865188 -0.074793 -0.234132 -0.160785
0.259566 -0.43722 0.0865386 -0.074793 -0.234132 -0.160785
0.259526 -0.437209 0.0865166 -0.074793 -0.234132 -0.160785
0.259565 -0.437219 0.0865345 -0.074793 -0.234132 -0.160785
0.463569 -0.771305 0.12282 0.131805 -0.609043 -0.080399
0.463567 -0.7713 0.122813 0.131805 -0.609043 -0.080399
0.46357 -0.771312 0.122816 0.131805 -0.609043 -0.080399
0.463565 -0.771315 0.12282 0.131805 -0.609043 -0.080399
0.463572 -0.771306 0.12282 0.131805 -0.609043 -0.080399
0.463574 -0.771303 0.122815 0.131805 -0.609043 -0.080399
0.463572 -0.771314 0.122822 0.131805 -0.609043 -0.080399
0.463576 -0.77131 0.122814 0.131805 -0.609043 -0.080399
0.212108 -0.264936 0.886486 -0.022685 -0.202565 0.481731
0.212113 -0.264934 0.886487 -0.022685 -0.202565 0.481731
0.212109 -0.264937 0.886488 -0.022685 -0.202565 0.481731
0.212117 -0.264938 0.886491 -0.022685 -0.202565 0.481731
0.212117 -0.264941 0.886487 -0.022685 -0.202565 0.481731
0.212111 -0.264933 0.886479 -0.022685 -0.202565 0.481731
0.212123 -0.264949 0.886493 -0.022685 -0.202565 0.481731
0.212119 -0.264941 0.886486 -0.022685 -0.202565 0.481731
0.592055 0.449055 0.383376 0.258266 0.323617 0.05503
0.592068 0.449054 0.383381 0.258266 0.323617 0.05503
0.592052 0.449046 0.383375 0.258266 0.323617 0.05503
0.592066 0.449046 0.383381 0.258266 0.323617 0.05503
0.592031 0.449049 0.383401 0.258266 0.323617 0.05503
0.592047 0.449053 0.383397 0.258266 0.323617 0.05503
0.592033 0.449039 0.383403 0.258266 0.323617 0.05503
0.59205 0.449038 0.383402 0.258266 0.323617 0.05503
-0.00638983 0.31728 0.090688 -0.207117 0.243724 -0.154254
-0.00639149 0.317286 0.0906924 -0.207117 0.243724 -0.154254
-0.00639052 0.317271 0.0906869 -0.207117 0.243724 -0.154254
-0.00639047 0.317277 0.0906946 -0.207117 0.243724 -0.154254
-0.00637465 0.317284 0.0906802 -0.207117 0.243724 -0.154254
-0.00637836 0.317289 0.0906786 -0.207117 0.243724 -0.154254
-0.00637884 0.317275 0.090679 -0.207117 0.243724 -0.154254
-0.00637743 0.317279 0.0906821 -0.207117 0.243724 -0.154254
0.494538 0.203214 0.034657 0.079437 0.192406 -0.17776
0.494534 0.203217 0.0346612 0.079437 0.192406 -0.17776
0.494543 0.203187 0.0346565 0.079437 0.192406 -0.17776
0.494537 0.203194 0.0346662 0.079437 0.192406 -0.17776
0.494537 0.203221 0.0346702 0.079437 0.192406 -0.17776
0.494551 0.203217 0.0346601 0.079437 0.192406 -0.17776
0.494536 0.203194 0.0346673 0.079437 0.192406 -0.17776
0.494555 0.20319 0.0346634 0.079437 0.192406 -0.17776
0.74276 -0.347874 0.685487 0.304542 -0.405467 0.387217
0.742754 -0.347875 0.685489 0.304542 -0.405467 0.387217
0.742763 -0.347873 0.685486 0.304542 -0.405467 0.387217
0.742753 -0.347877 0.685486 0.304542 -0.405467 0.387217
0.742759 -0.347881 0.685489 0.304542 -0.405467 0.387217
0.742768 -0.347883 0.685485 0.304542 -0.405467 0.387217
0.74276 -0.347882 0.685488 0.304542 -0.405467 0.387217
0.742768 -0.347885 0.685482 0.304542 -0.405467 0.387217
-0.329324 0.577515 -0.362138 -0.051523 0.455193 -0.013117
-0.329346 0.577514 -0.362132 -0.051523 0.455193 -0.013117
-0.329323 0.577521 -0.362133 -0.051523 0.455193 -0.013117
-0.329337 0.57752 -0.362138 -0.051523 0.455193 -0.013117
-0.329316 0.577514 -0.362137 -0.051523 0.455193 -0.013117
-0.329327 0.577517 -0.362141 -0.051523 0.455193 -0.013117
-0.329315 0.577528 -0.362136 -0.051523 0.455193 -0.013117
-0.32932 0.577526 -0.362143 -0.051523 0.455193 -0.013117
-0.288913 0.318816 0.270852 0.033941 0.18684 0.493996
-0.288925 0.318817 0.270855 0.033941 0.18684 0.493996
-0.288913 0.318818 0.270856 0.033941 0.18684 0.493996
-0.288923 0.318818 0.270857 0.033941 0.18684 0.493996
-0.288908 0.318813 0.27086 0.033941 0.18684 0.493996
-0.28889 0.318812 0.270865 0.033941 0.18684 0.493996
-0.28891 0.318815 0.270862 0.033941 0.18684 0.493996
-0.288892 0.318819 0.27087 0.033941 0.18684 0.493996
-0.47701 0.243978 -0.394534 -0.147123 0.178006 -0.119015
-0.477001 0.243977 -0.394541 -0.147123 0.178006 -0.119015
-0.476999 0.243989 -0.394532 -0.147123 0.178006 -0.119015
-0.477 0.243986 -0.394534 -0.147123 0.178006 -0.119015
-0.476999 0.243973 -0.394552 -0.147123 0.178006 -0.119015
-0.477007 0.243974 -0.394555 -0.147123 0.178006 -0.119015
-0.476997 0.243981 -0.394545 -0.147123 0.178006 -0.119015
-0.477 0.243982 -0.394551 -0.147123 0.178006 -0.119015
-0.107002 -0.0915571 -0.0539108 0.108726 -0.0535 0.062243
-0.106985 -0.0915529 -0.0539161 0.108726 -0.0535 0.062243
-0.107004 -0.0915625 -0.0539138 0.108726 -0.0535 0.062243
-0.106988 -0.0915613 -0.0539154 0.108726 -0.0535 0.062243
-0.106996 -0.0915487 -0.0539285 0.108726 -0.0535 0.062243
-0.106997 -0.0915556 -0.053926 0.108726 -0.0535 0.062243
-0.107 -0.0915549 -0.0539276 0.108726 -0.0535 0.062243
-0.106996 -0.0915633 -0.0539223 0.108726 -0.0535 0.062243
-0.4393 -0.150005 -0.530037 -0.151966 -0.151586 -0.207914
-0.439318 -0.150008 -0.530037 -0.151966 -0.151586 -0.207914
-0.439303 -0.150018 -0.53004 -0.151966 -0.151586 -0.207914
-0.439319 -0.150019 -0.530043 -0.151966 -0.151586 -0.207914
-0.439304 -0.150005 -0.530027 -0.151966 -0.151586 -0.207914
-0.43931 -0.150006 -0.53003 -0.151966 -0.151586 -0.207914
-0.439307 -0.150017 -0.530031 -0.151966 -0.151586 -0.207914
-0.439317 -0.150021 -0.530031 -0.151966 -0.151586 -0.207914
-0.326845 -0.281379 -0.33311 0.015187 -0.179288 -0.082535
-0.326836 -0.281381 -0.333105 0.015187 -0.179288 -0.082535
-0.326845 -0.281376 -0.333112 0.015187 -0.179288 -0.082535
-0.326834 -0.281378 -0.333107 0.015187 -0.179288 -0.082535
-0.326837 -0.281386 -0.33308 0.015187 -0.179288 -0.082535
-0.326836 -0.281392 -0.333071 0.015187 -0.179288 -0.082535
-0.326836 -0.281384 -0.33308 0.015187 -0.179288 -0.082535
-0.326836 -0.281389 -0.333072 0.015187 -0.179288 -0.082535
-0.299695 -0.0395173 -0.753824 0.080316 -0.01182 -0.387845
-0.299709 -0.0395125 -0.753824 0.080316 -0.01182 -0.387845
-0.299699 -0.0395046 -0.753825 0.080316 -0.01182 -0.387845
-0.299709 -0.0395039 -0.753821 0.080316 -0.01182 -0.387845
-0.299701 -0.0395099 -0.753792 0.080316 -0.01182 -0.387845
-0.299692 -0.0395145 -0.753797 0.080316 -0.01182 -0.387845
-0.299699 -0.0395048 -0.753792 0.080316 -0.01182 -0.387845
-0.299692 -0.0395037 -0.753795 0.080316 -0.01182 -0.387845
-0.682641 0.0708016 -0.787296 -0.281636 0.073504 -0.441583
-0.682646 0.0708001 -0.787296 -0.281636 0.073504 -0.441583
-0.682643 0.0708021 -0.7873 -0.281636 0.073504 -0.441583
-0.682648 0.0707994 -0.787299 -0.281636 0.073504 -0.441583
-0.682656 0.0708015 -0.787275 -0.281636 0.073504 -0.441583
-0.682645 0.0708032 -0.787277 -0.281636 0.073504 -0.441583
-0.68265 0.0708023 -0.787276 -0.281636 0.073504 -0.441583
-0.682644 0.0708021 -0.787278 -0.281636 0.073504 -0.441583
-0.0395164 0.312194 0.111487 0.23695 0.245242 0.244039
-0.0395458 0.312195 0.111483 0.23695 0.245242 0.244039
-0.0395187 0.312193 0.11149 0.23695 0.245242 0.244039
-0.0395485 0.31219 0.11148 0.23695 0.245242 0.244039
-0.0395124 0.312193 0.111486 0.23695 0.245242 0.244039
-0.0395298 0.312192 0.111481 0.23695 0.245242 0.244039
-0.0395153 0.312195 0.111486 0.23695 0.245242 0.244039
-0.0395292 0.312191 0.111485 0.23695 0.245242 0.244039
-0.506368 -0.23361 -0.458061 -0.169405 -0.286791 -0.138941
-0.506354 -0.2336 -0.458051 -0.169405 -0.286791 -0.138941
-0.506371 -0.233615 -0.458062 -0.169405 -0.286791 -0.138941
-0.50635 -0.233613 -0.458056 -0.169405 -0.286791 -0.138941
-0.506384 -0.233603 -0.458059 -0.169405 -0.286791 -0.138941
-0.506361 -0.233601 -0.458058 -0.169405 -0.286791 -0.138941
-0.506382 -0.233608 -0.458064 -0.169405 -0.286791 -0.138941
-0.506362 -0.233612 -0.458062 -0.169405 -0.286791 -0.138941
-0.410109 0.145511 0.154924 -0.118217 0.078183 0.281312
-0.410106 0.145519 0.154922 -0.118217 0.078183 0.281312
-0.410113 0.145536 0.154924 -0.118217 0.078183 0.281312
-0.410105 0.145537 0.154923 -0.118217 0.078183 0.281312
-0.410104 0.145512 0.154927 -0.118217 0.078183 0.281312
-0.410113 0.145506 0.154923 -0.118217 0.078183 0.281312
-0.410097 0.145533 0.154928 -0.118217 0.078183 0.281312
-0.410114 0.145531 0.154925 -0.118217 0.078183 0.281312
-0.488744 -0.250583 -0.00760133 -0.188336 -0.220038 0.295395
-0.488761 -0.250582 -0.00759462 -0.188336 -0.220038 0.295395
-0.48874 -0.250563 -0.00759938 -0.188336 -0.220038 0.295395
-0.488763 -0.250564 -0.00759574 -0.188336 -0.220038 0.295395
-0.488752 -0.250576 -0.00757744 -0.188336 -0.220038 0.295395
-0.488729 -0.250571 -0.00758047 -0.188336 -0.220038 0.295395
-0.488756 -0.250562 -0.00757433 -0.188336 -0.220038 0.295395
-0.488729 -0.250553 -0.00757556 -0.188336 -0.220038 0.295395
-0.362212 0.216484 -0.304535 -0.054948 0.205412 -0.028761
-0.362215 0.216478 -0.304538 -0.054948 0.205412 -0.028761
-0.362211 0.216472 -0.304547 -0.054948 0.205412 -0.028761
-0.362214 0.216474 -0.304547 -0.054948 0.205412 -0.028761
-0.362208 0.216489 -0.304541 -0.054948 0.205412 -0.028761
-0.362235 0.216482 -0.304539 -0.054948 0.205412 -0.028761
-0.362209 0.216477 -0.304547 -0.054948 0.205412 -0.028761
-0.362242 0.216468 -0.304544 -0.054948 0.205412 -0.028761
0.00742706 -0.00308441 -0.365341 0.233911 -0.013243 -0.103146
0.00745634 -0.0030858 -0.36534 0.233911 -0.013243 -0.103146
0.00742937 -0.00307466 -0.365339 0.233911 -0.013243 -0.103146
0.00745972 -0.00307351 -0.36534 0.233911 -0.013243 -0.103146
0.00742209 -0.00308733 -0.365356 0.233911 -0.013243 -0.103146
0.00744333 -0.0030907 -0.365356 0.233911 -0.013243 -0.103146
0.0074257 -0.00307899 -0.365359 0.233911 -0.013243 -0.103146
0.00744681 -0.00307587 -0.365358 0.233911 -0.013243 -0.103146
0.0478511 0.0611957 -0.263244 0.293501 0.040748 -0.050449
0.047853 0.0611937 -0.263251 0.293501 0.040748 -0.050449
0.0478522 0.0612028 -0.263246 0.293501 0.040748 -0.050449
0.0478528 0.0612055 -0.263245 0.293501 0.040748 -0.050449
0.0478528 0.0611847 -0.263259 0.293501 0.040748 -0.050449
0.0478695 0.0611865 -0.263254 0.293501 0.040748 -0.050449
0.0478511 0.0611974 -0.263264 0.293501 0.040748 -0.050449
0.0478651 0.0612025 -0.263255 0.293501 0.040748 -0.050449
-0.169627 -0.00758321 -0.473453 0.124781 -0.068401 -0.171009
-0.169609 -0.00757759 -0.473457 0.124781 -0.068401 -0.171009
-0.169622 -0.00756745 -0.473459 0.124781 -0.068401 -0.171009
-0.169611 -0.00756941 -0.473455 0.124781 -0.068401 -0.171009
-0.169629 -0.0075773 -0.473448 0.124781 -0.068401 -0.171009
-0.169628 -0.00758484 -0.473446 0.124781 -0.068401 -0.171009
-0.169631 -0.00757387 -0.473454 0.124781 -0.068401 -0.171009
-0.169628 -0.00757581 -0.473453 0.124781 -0.068401 -0.171009
0.215449 0.385097 0.29516 -0.040961 0.309967 -0.017051
0.215462 0.385098 0.295163 -0.040961 0.309967 -0.017051
0.215451 0.385085 0.295157 -0.040961 0.309967 -0.017051
0.215464 0.385083 0.29516 -0.040961 0.309967 -0.017051
0.215466 0.385096 0.295165 -0.040961 0.309967 -0.017051
0.215465 0.385097 0.295168 -0.040961 0.309967 -0.017051
0.215469 0.385082 0.295162 -0.040961 0.309967 -0.017051
0.215467 0.385081 0.295162 -0.040961 0.309967 -0.017051
0.0888361 -0.358106 0.0829488 -0.217858 -0.264697 -0.137452
0.0888448 -0.358102 0.0829525 -0.217858 -0.264697 -0.137452
0.0888386 -0.358112 0.0829465 -0.217858 -0.264697 -0.137452
0.0888477 -0.358106 0.0829483 -0.217858 -0.264697 -0.137452
0.0888266 -0.358101 0.0829524 -0.217858 -0.264697 -0.137452
0.0888374 -0.358103 0.0829517 -0.217858 -0.264697 -0.137452
0.0888289 -0.358109 0.0829545 -0.217858 -0.264697 -0.137452
0.0888401 -0.358109 0.0829533 -0.217858 -0.264697 -0.137452
0.326433 -0.34548 0.0485701 -0.042683 -0.281852 -0.222849
0.32643 -0.345477 0.0485716 -0.042683 -0.281852 -0.222849
0.326427 -0.345508 0.0485705 -0.042683 -0.281852 -0.222849
0.326426 -0.345507 0.0485706 -0.042683 -0.281852 -0.222849
0.326434 -0.345479 0.0485735 -0.042683 -0.281852 -0.222849
0.32642 -0.345475 0.0485823 -0.042683 -0.281852 -0.222849
0.326436 -0.345499 0.0485703 -0.042683 -0.281852 -0.222849
0.326418 -0.345499 0.0485828 -0.042683 -0.281852 -0.222849
0.349613 -0.067379 0.0112981 0.03625 -0.064032 -0.217442
0.349621 -0.0673775 0.0112941 0.03625 -0.064032 -0.217442
0.349611 -0.0673823 0.0112989 0.03625 -0.064032 -0.217442
0.349621 -0.0673804 0.0112955 0.03625 -0.064032 -0.217442
0.349614 -0.0673743 0.0113081 0.03625 -0.064032 -0.217442
0.349614 -0.0673748 0.01131 0.03625 -0.064032 -0.217442
0.349616 -0.0673751 0.0113101 0.03625 -0.064032 -0.217442
0.349617 -0.0673762 0.0113109 0.03625 -0.064032 -0.217442
0.263895 0.159467 0.402024 -0.081908 0.125856 0.168988
0.263886 0.159467 0.402025 -0.081908 0.125856 0.168988
0.26389 0.159453 0.402027 -0.081908 0.125856 0.168988
0.263882 0.159452 0.402023 -0.081908 0.125856 0.168988
0.263886 0.159461 0.401993 -0.081908 0.125856 0.168988
0.263886 0.159459 0.402002 -0.081908 0.125856 0.168988
0.263889 0.159454 0.401996 -0.081908 0.125856 0.168988
0.263882 0.159448 0.401998 -0.081908 0.125856 0.168988
0.432911 0.177467 0.521812 0.065228 0.215058 0.252891
0.432929 0.17747 0.521815 0.065228 0.215058 0.252891
0.432905 0.177466 0.521813 0.065228 0.215058 0.252891
0.432927 0.177467 0.521816 0.065228 0.215058 0.252891
0.432906 0.177471 0.521833 0.065228 0.215058 0.252891
0.432924 0.177476 0.521838 0.065228 0.215058 0.252891
0.432903 0.177471 0.521833 0.065228 0.215058 0.252891
0.432916 0.177473 0.521831 0.065228 0.215058 0.252891
0.712494 0.0494995 0.53505 0.253894 0.049569 0.126094
0.712488 0.0495037 0.535049 0.253894 0.049569 0.126094
0.712488 0.049484 0.535046 0.253894 0.049569 0.126094
0.712485 0.0494862 0.535048 0.253894 0.049569 0.126094
0.712489 0.049503 0.535037 0.253894 0.049569 0.126094
0.712473 0.0494994 0.53504 0.253894 0.049569 0.126094
0.712482 0.0494886 0.535035 0.253894 0.049569 0.126094
0.712473 0.049485 0.535035 0.253894 0.049569 0.126094
0.655487 0.00167929 -0.268775 0.336475 -0.098314 -0.468326
0.655498 0.00168049 -0.268768 0.336475 -0.098314 -0.468326
0.655491 0.0016522 -0.268775 0.336475 -0.098314 -0.468326
0.655501 0.00165831 -0.268774 0.336475 -0.098314 -0.468326
0.655492 0.00167748 -0.26877 0.336475 -0.098314 -0.468326
0.6555 0.00168073 -0.268758 0.336475 -0.098314 -0.468326
0.655495 0.00165214 -0.268768 0.336475 -0.098314 -0.468326
0.655505 0.00165384 -0.268764 0.336475 -0.098314 -0.468326
