0 0.42891 2.76926 0 1 0 1453.1 0.30779 0 11558.1 0.129491 12.7186 10 0 0 0 0 0 0 0 0 0 
1 0.42891 2.76926 0 1 0 1453.1 0.30779 0 11558.1 0.129491 12.7186 10 0 0 0 0 0 0 0 0 0 
2 0.42891 2.76926 0 1 0 1453.1 0.30779 0 11558.1 0.129491 12.7186 10 0 0 0 0 0 0 0 0 0 
3 0.42891 2.76926 0 1 0 1453.1 0.30779 0 11558.1 0.129491 12.7186 10 0 0 0 0 0 0 0 0 0 
4 0.42891 2.76926 0 1 0 1453.1 0.30779 0 11558.1 0.129491 12.7186 10 0 0 0 0 0 0 0 0 0 
5 0.42891 2.76926 0 1 0 1453.1 0.30779 0 11558.1 0.129491 12.7186 10 0 0 0 0 0 0 0 0 0 
6 0.42891 2.76926 0 1 0 1453.1 0.30779 0 11558.1 0.129491 12.7186 10 0 0 0 0 0 0 0 0 0 
7 0.42891 2.76926 0 1 0 1453.1 0.30779 0 11558.1 0.129491 12.7186 10 0 0 0 0 0 0 0 0 0 
8 0.42891 2.76926 0 1 0 1453.1 0.30779 0 11558.1 0.129491 12.7186 10 0 0 0 0 0 0 0 0 0 
9 0.42891 2.76926 0 1 0 1453.1 0.30779 0 11558.1 0.129491 12.7186 10 0 0 0 0 0 0 0 0 0 
10 0.42891 2.76926 0 1 0 1453.1 0.30779 0 11558.1 0.129491 12.7186 10 0 0 0 0 0 0 0 0 0 
11 0.42891 2.76926 0 1 0 1453.1 0.30779 0 11558.1 0.129491 12.7186 10 0 0 0 0 0 0 0 0 0 
12 0.42891 2.76926 0 1 0 1453.1 0.30779 0 11558.1 0.129491 12.7186 10 0 0 0 0 0 0 0 0 0 
13 0.42891 2.76926 0 1 0 1453.1 0.30779 0 11558.1 0.129491 12.7186 10 0 0 0 0 0 0 0 0 0 
14 0.42891 2.76926 0 1 0 1453.1 0.30779 0 11558.1 0.129491 12.7186 10 0 0 0 0 0 0 0 0 0 
15 0.42891 2.76926 0 1 0 1453.1 0.30779 0 11558.1 0.129491 12.7186 10 0 0 0 0 0 0 0 0 0 
16 0.42891 2.76926 0 1 0 1453.1 0.30779 0 11558.1 0.129491 12.7186 10 0 0 0 0 0 0 0 0 0 
17 0.42891 2.76926 0 1 0 1453.1 0.30779 0 11558.1 0.129491 12.7186 10 0 0 0 0 0 0 0 0 0 
18 0.42891 2.76926 0 1 0 1453.1 0.30779 0 11558.1 0.129491 12.7186 10 0 0 0 0 0 0 0 0 0 
19 0.42891 2.76926 0 1 0 1453.1 0.30779 0 11558.1 0.129491 12.7186 10 0 0 0 0 0 0 0 0 0 
20 0.42891 2.76926 0 1 0 1453.1 0.30779 0 11558.1 0.129491 12.7186 10 0 0 0 0 0 0 0 0 0 
21 0.42891 2.76926 0 1 0 1453.1 0.30779 0 11558.1 0.129491 12.7186 10 0 0 0 0 0 0 0 0 0 
22 0.42891 2.76926 0 1 0 1453.1 0.30779 0 11558.1 0.129491 12.7186 10 0 0 0 0 0 0 0 0 0 
23 0.42891 2.76926 0 1 0 1453.1 0.30779 0 11558.1 0.129491 12.7186 10 0 0 0 0 0 0 0 0 0 
24 0.42891 2.76926 0 1 0 1453.1 0.30779 0 11558.1 0.129491 12.7186 10 0 0 0 0 0 0 0 0 0 
25 0.42891 2.76926 0 1 0 1453.1 0.30779 0 11558.1 0.129491 12.7186 10 0 0 0 0 0 0 0 0 0 
26 0.42891 2.76926 0 1 0 1453.1 0.30779 0 11558.1 0.129491 12.7186 10 0 0 0 0 0 0 0 0 0 
