1727.61 2496.27
1327.45 1918.66
964.224 1383.3
792.73 1130.63
627.429 887.633
470.016 651.649
319.141 428.847
289.199 384.827
259.546 341.267
230.033 297.934
200.524 255.004
170.985 212.328
141.699 170.032
112.654 128.084
83.9129 86.4115
55.5157 45.1411
27.3845 4.06976
-0.845594 -36.6106
-28.8344 -76.8538
-57.0672 -116.901
-84.6502 -156.689
-112.047 -195.93
-139.276 -235.06
-166.406 -277.042
-193.389 -315.558
-220.223 -353.859
-246.78 -391.752
-376.382 -576.817
-500.817 -754.677
-622.028 -925.625
-742.053 -1089.62
-965.372 -1398.59
-1171.39 -1682.8
2194.66 2406.65
1683.6 1848.41
1203.79 1331.7
973.001 1087.31
752.073 853.126
540.664 626.531
342.19 409.128
303.543 366.552
265.291 324.436
227.34 282.525
189.736 241.021
152.46 199.973
115.543 160.062
78.976 118.056
42.7097 77.6224
6.7692 38.1389
-28.8238 -1.5296
-64.1119 -40.8006
-99.0547 -80.0237
-133.705 -118.512
-168.008 -155.716
-202.055 -193.445
-235.728 -233.073
-269.142 -270.488
-302.219 -305.957
-334.995 -344.902
-367.502 -381.016
-525.437 -560.47
-676.133 -732.755
-819.947 -897.972
-999.093 -1056.89
-1364.74 -1354.35
-1699.93 -1630.26
3255.43 3207.41
2583.59 2521
1973.28 1883.49
1681.06 1581.35
1397.3 1290.92
1129.86 1010.87
879.848 741.44
831.082 688.635
782.713 636.369
734.778 584.281
687.222 532.741
640.101 481.637
593.401 430.968
547.078 380.552
501.147 330.602
455.637 281.131
410.532 231.62
365.448 182.919
320.726 134.335
276.392 86.2315
232.441 38.4552
188.956 -9.13392
146.169 -56.1528
103.787 -102.84
60.4758 -149.151
17.6032 -194.796
-24.9255 -240.826
-234.102 -463.386
-445.792 -680.099
-655.501 -886.994
-861.286 -1085.61
-1267.53 -1460.43
-1661.13 -1806.88
2093.92 2496.36
1570.5 1918.47
1096.52 1382.58
876.337 1129.79
664.899 886.588
458.822 650.278
260.217 427.172
221.134 383.225
182.428 339.642
144.052 296.236
105.892 253.288
68.0634 210.609
30.6528 168.194
-6.56398 126.182
-43.4431 84.5632
-79.966 43.1955
-116.211 2.07168
-152.42 -38.6605
-188.366 -78.9664
-224.056 -118.993
-259.38 -158.758
-294.421 -198.168
-329.596 -237.421
-364.787 -279.247
-399.864 -317.981
-434.691 -356.257
-469.293 -394.145
-637.996 -579.447
-797.817 -757.628
-953.552 -928.929
-1105.03 -1093.16
-1382.3 -1402.55
-1630.82 -1687.27
2194.67 2406.65
1683.6 1848.41
1203.79 1331.7
972.996 1087.31
752.077 853.126
540.667 626.531
342.188 409.128
303.543 366.552
265.285 324.436
227.339 282.525
189.731 241.021
152.462 199.973
115.541 160.062
78.9733 118.056
42.7054 77.6224
6.77351 38.1389
-28.8259 -1.5296
-64.1111 -40.8006
-99.0574 -80.0237
-133.71 -118.512
-168.007 -155.716
-202.054 -193.445
-235.728 -233.073
-269.144 -270.488
-302.22 -305.957
-334.994 -344.902
-367.501 -381.016
-525.432 -560.47
-676.14 -732.755
-819.952 -897.972
-999.091 -1056.89
-1364.73 -1354.35
-1699.93 -1630.26
3255.43 3207.41
2583.59 2521
1973.28 1883.49
1681.06 1581.35
1397.31 1290.92
1129.85 1010.87
879.838 741.44
831.083 688.635
782.719 636.369
734.782 584.281
687.235 532.741
640.095 481.637
593.383 430.968
547.072 380.552
501.151 330.602
455.641 281.131
410.533 231.62
365.443 182.919
320.722 134.335
276.399 86.2315
232.435 38.4552
188.956 -9.13392
146.163 -56.1528
103.798 -102.84
60.4713 -149.151
17.6024 -194.796
-24.9314 -240.826
-234.104 -463.386
-445.791 -680.099
-655.51 -886.994
-861.279 -1085.61
-1267.54 -1460.43
-1661.13 -1806.88
2165.87 2345.67
1706.46 1801.47
1286.21 1297.49
1088.71 1059.89
897.576 831.132
713.512 608.897
537.828 399.46
503.232 358.016
469.05 317.101
435.032 276.269
401.345 236.012
367.945 195.868
334.949 155.927
302.189 116.504
269.743 77.3856
237.659 38.4531
205.791 -0.31104
173.843 -38.5037
142.153 -76.407
110.664 -114.149
79.7183 -151.48
49.0488 -188.417
18.719 -225.306
-11.493 -265.01
-41.4739 -301.361
-71.3659 -337.259
-100.925 -373.02
-246.293 -547.143
-387.231 -714.675
-521.143 -875.642
-650.089 -1030.19
-890.757 -1321.22
-1110.03 -1589.19
2194.67 2406.65
1683.59 1848.41
1203.79 1331.7
972.989 1087.31
752.073 853.126
540.668 626.531
342.183 409.128
303.543 366.552
265.282 324.436
227.344 282.525
189.731 241.021
152.458 199.973
115.546 160.062
78.9735 118.056
42.7031 77.6224
6.78558 38.1389
-28.8288 -1.5296
-64.1174 -40.8006
-99.0522 -80.0237
-133.706 -118.512
-168.008 -155.716
-202.056 -193.445
-235.731 -233.073
-269.14 -270.488
-302.217 -305.957
-335.002 -344.902
-367.504 -381.016
-525.433 -560.47
-676.134 -732.755
-819.946 -897.972
-999.091 -1056.89
-1364.73 -1354.35
-1699.93 -1630.26
3023.63 3408.16
2444.99 2805.6
1921.46 2246.6
1675.15 1982
1438.3 1727.95
1213.41 1482.37
995.029 1246.39
952.285 1200.18
909.967 1154.25
867.958 1108.83
826.368 1063.69
785.067 1018.88
744.208 974.53
703.645 930.025
663.451 886.676
623.615 843.342
584.461 800.467
541.547 757.49
499.028 715.137
456.867 673.04
415.055 631.513
373.951 589.759
334.346 548.294
295.222 507.391
254.76 467.297
215.259 426.961
176.12 386.941
-15.4394 192.498
-203.547 3.168
-383.91 -177.548
-556.748 -351.062
-881.803 -678.498
-1191.94 -981.029
-194.306 0
-275.385 0
-348.531 0
-382.47 0
-414.898 0
-445.648 0
-474.931 0
-480.657 0
-486.321 0
-491.931 0
-497.482 0
-502.979 0
-508.423 0
-513.816 0
-519.164 0
-524.46 0
-529.707 0
-534.887 0
-540.014 0
-545.093 0
-550.111 0
-555.074 0
-560.001 0
-564.88 0
-569.696 0
-574.448 0
-579.161 0
-601.97 0
-623.756 0
-644.552 0
-664.453 0
-701.09 0
-733.53 0
0.000163549 0
8.81862e-05 0
-8.42649e-05 0
2.81185e-05 0
-0.000126867 0
9.57409e-05 0
7.41021e-05 0
0.000141666 0
-3.98329e-05 0
-0.000124886 0
-0.000122599 0
-2.28663e-06 0
2.9127e-05 0
-4.77618e-05 0
-0.000104453 0
8.64618e-05 0
-3.84352e-05 0
1.14432e-05 0
-6.57374e-06 0
-2.86867e-05 0
4.1813e-05 0
0.000101086 0
0.000142473 0
0.000196558 0
7.60815e-06 0
-2.38804e-05 0
-0.000120286 0
-0.000182854 0
-0.000130582 0
9.13511e-06 0
-0.000159676 0
-0.000150131 0
-0.000174982 0
-9.19558e-05 0
-6.47396e-05 0
4.56201e-05 0
2.65981e-05 0
0.000146501 0
5.67891e-05 0
-7.38442e-05 0
-9.18335e-05 0
4.07196e-05 0
1.45528e-05 0
2.57809e-05 0
5.89898e-05 0
-8.36268e-06 0
1.28759e-05 0
-1.20093e-05 0
-0.000125374 0
2.37127e-05 0
-2.06893e-05 0
-7.01824e-05 0
-9.74918e-05 0
2.11103e-05 0
3.34709e-05 0
-1.28748e-05 0
-0.000298612 0
-7.20448e-06 0
2.29732e-05 0
5.04991e-05 0
6.02488e-05 0
-3.64545e-05 0
-2.52162e-05 0
3.78935e-05 0
9.19978e-06 0
1.98513e-05 0
71.3742 0
87.7257 0
102.5 0
109.04 0
115.169 0
121.015 0
126.408 0
127.451 0
128.487 0
129.515 0
130.538 0
131.536 0
132.516 0
133.47 0
134.417 0
135.352 0
136.248 0
137.116 0
137.956 0
138.823 0
139.687 0
140.543 0
141.41 0
142.3 0
143.148 0
143.982 0
144.811 0
148.83 0
152.603 0
156.296 0
159.77 0
166.239 0
171.66 0
2.70303e-05 0
0.000134146 0
0.000124352 0
6.09676e-05 0
-3.9825e-05 0
7.72304e-05 0
-9.78541e-06 0
0.00025379 0
-2.96622e-05 0
-0.000118562 0
-0.000233897 0
-9.78676e-05 0
-1.33077e-05 0
-3.94266e-05 0
-4.97992e-05 0
0.000151664 0
-0.000115292 0
5.50034e-05 0
-7.52555e-05 0
3.66285e-05 0
1.10094e-05 0
0.00010273 0
0.000249021 0
0.000103436 0
-0.000133269 0
2.24367e-06 0
-7.9181e-05 0
1.96047e-05 0
-7.70255e-05 0
4.48468e-05 0
2.63002e-05 0
-0.000242663 0
-0.000115126 0
-0.000268581 0
-0.00095793 0
0.00171852 0
-0.0017512 0
-0.00215252 0
0.00100326 0
0.00073265 0
0.00257329 0
-0.00151914 0
-0.00102717 0
0.000960506 0
0.000400339 0
-0.00102515 0
0.00177657 0
0.0013335 0
0.00140433 0
-0.00107637 0
-0.00047401 0
-0.000789584 0
4.67057e-05 0
-0.000470248 0
0.000344129 0
-0.000124216 0
-0.00348196 0
0.000465786 0
0.00156301 0
0.00103427 0
0.000132949 0
0.000180883 0
0.000380939 0
-0.000263652 0
0.000904308 0
-0.000465071 0
543.352 150.708
449.373 115.84
358.979 83.6506
315.927 68.4403
275.407 53.9098
236.958 39.897
200.805 26.3002
194.088 23.76
187.473 21.1814
180.802 18.5088
174.198 15.9405
167.522 13.4528
160.955 10.8819
154.43 8.34816
147.943 5.86688
141.575 3.36896
135.311 0.91328
129.048 -1.46112
122.949 -3.96864
116.859 -6.40192
110.605 -8.68544
104.328 -11.0048
98.1103 -13.4093
92.0249 -15.6781
86.0508 -18.1011
80.1855 -20.3757
74.3933 -22.528
46.5951 -33.6454
19.9292 -44.2771
-5.65582 -54.5946
-29.4361 -64.4806
-75.1981 -83.0624
-118.413 -100.208
7.56802e-05 0
0.000145131 0
0.000145241 0
4.52988e-05 0
-0.000115081 0
6.69942e-05 0
3.03895e-05 0
0.000171816 0
-7.75324e-05 0
-0.000169655 0
-0.000208548 0
-0.000102361 0
-0.00010484 0
-2.13134e-05 0
-1.69331e-05 0
0.000113509 0
-3.57053e-05 0
3.90073e-06 0
-7.73156e-05 0
-1.19349e-06 0
4.22812e-05 0
4.55866e-05 0
0.000146618 0
0.000166168 0
-8.65446e-05 0
7.92826e-05 0
-4.24244e-05 0
-5.29143e-06 0
-0.000116768 0
3.89574e-05 0
-6.12327e-05 0
-0.000193354 0
-9.6971e-05 0
0.000256611 0
0.0009922 0
-0.00176383 0
0.00188161 0
0.00228503 0
-0.00101815 0
-0.000592035 0
-0.00228825 0
0.00153713 0
0.000801282 0
-0.00114829 0
-0.000284619 0
0.00125431 0
-0.00169164 0
-0.00119105 0
-0.00129637 0
0.00126344 0
0.000536283 0
0.00110634 0
-6.73995e-05 0
0.000200722 0
-0.000338166 0
0.000231579 0
0.00377422 0
-0.000747031 0
-0.00168326 0
-0.00115334 0
-0.00018285 0
-0.000330964 0
-0.000275081 0
0.000285509 0
-0.00104379 0
0.00039023 0
