-1994.49 -1995.77
-2076.65 -2074.93
-2145.97 -2142.43
-2203.87 -2199.17
-2251.29 -2246.01
-2289.17 -2283.76
-2302.9 -2299.47
-2316.62 -2313.19
-2328.37 -2325
-2338.26 -2334.98
-2346.38 -2343.23
-2350.23 -2349.82
-2352.42 -2352
-2354.35 -2353.94
-2356.04 -2355.63
-2357.48 -2357.08
-2358.68 -2358.3
-2359.19 -2358.82
-2359.65 -2359.29
-2360.05 -2359.7
-2360.39 -2360.05
-2360.68 -2360.35
-2360.91 -2360.59
-2361.09 -2360.78
-2361.21 -2360.91
-2361.28 -2360.99
-2361.3 -2361.02
-2361.26 -2360.99
-2361.17 -2360.92
-2361.04 -2360.79
-2360.84 -2360.61
-2360.61 -2360.38
-2360.31 -2360.1
-2359.97 -2359.78
-2359.59 -2359.4
-2359.16 -2358.98
-2358.67 -2358.5
-2357.57 -2357.42
-2356.26 -2356.15
-2354.8 -2354.7
-2353.15 -2353.07
-2351.33 -2351.26
-2344.74 -2346.02
-2338.54 -2339.77
-2331.39 -2332.57
-2323.35 -2324.46
-2314.46 -2315.51
-2304.78 -2305.75
-2282.79 -2284.02
-2258.59 -2259.61
-2232.06 -2232.88
-2203.46 -2204.11
-2173.05 -2173.59
-2141.1 -2141.58
-2107.17 -2108.32
-2072.81 -2074.02
-2037.48 -2038.86
-2001.37 -2003
-1963.32 -1966.6
-1926.21 -1929.8
-1888.69 -1892.65
-1850.91 -1855.42
-1812.96 -1818.05
-2189.58 -2191.16
-2226.43 -2226.03
-2257.73 -2256.47
-2284.84 -2282.62
-2306.63 -2304.64
-2324.5 -2322.7
-2331.86 -2330.31
-2338.71 -2337.02
-2344.63 -2342.84
-2348.78 -2347.8
-2352.99 -2351.94
-2355.5 -2355.27
-2356.64 -2356.38
-2357.65 -2357.37
-2358.53 -2358.23
-2359.28 -2358.98
-2359.92 -2359.61
-2360.19 -2359.88
-2360.43 -2360.12
-2360.64 -2360.33
-2360.82 -2360.51
-2360.97 -2360.67
-2361.09 -2360.79
-2361.19 -2360.89
-2361.25 -2360.96
-2361.29 -2361
-2361.3 -2361.02
-2361.28 -2361
-2361.23 -2360.96
-2361.15 -2360.9
-2361.05 -2360.8
-2360.91 -2360.68
-2360.76 -2360.54
-2360.57 -2360.36
-2360.36 -2360.16
-2360.12 -2359.94
-2359.86 -2359.69
-2359.25 -2359.11
-2358.53 -2358.43
-2357.72 -2357.64
-2356.81 -2356.77
-2355.8 -2355.79
-2352.19 -2352.93
-2348.7 -2349.5
-2344.65 -2345.51
-2340.06 -2340.99
-2334.94 -2335.94
-2328.9 -2330.4
-2316.31 -2317.91
-2301.96 -2303.65
-2286.02 -2287.76
-2268.2 -2270.39
-2249.49 -2251.66
-2229.57 -2231.69
-2208.55 -2210.61
-2186.56 -2188.53
-2163.67 -2165.56
-2139.57 -2141.82
-2114.8 -2117.39
-2089.88 -2092.37
-2063.99 -2066.84
-2038.08 -2040.92
-2011.75 -2014.65
-2309.93 -2308.91
-2320.04 -2318.79
-2328.19 -2327.67
-2336.26 -2335.54
-2343.26 -2342.35
-2348.75 -2348.11
-2351.32 -2350.59
-2353.6 -2352.8
-2354.73 -2354.74
-2356.49 -2356.42
-2357.98 -2357.83
-2359.19 -2358.98
-2359.6 -2359.37
-2359.96 -2359.72
-2360.28 -2360.02
-2360.56 -2360.29
-2360.79 -2360.51
-2360.89 -2360.61
-2360.98 -2360.69
-2361.05 -2360.77
-2361.12 -2360.83
-2361.18 -2360.89
-2361.22 -2360.94
-2361.26 -2360.97
-2361.28 -2361
-2361.29 -2361.01
-2361.3 -2361.02
-2361.29 -2361.01
-2361.27 -2361
-2361.24 -2360.97
-2361.2 -2360.94
-2361.15 -2360.9
-2361.08 -2360.84
-2361.01 -2360.78
-2360.93 -2360.7
-2360.84 -2360.62
-2360.73 -2360.53
-2360.49 -2360.31
-2360.21 -2360.05
-2359.89 -2359.76
-2359.52 -2359.42
-2359.12 -2359.05
-2357.92 -2357.95
-2356.27 -2356.62
-2354.59 -2355.05
-2352.66 -2353.24
-2350.5 -2351.21
-2347.65 -2348.95
-2342.19 -2343.77
-2335.83 -2337.71
-2328.63 -2330.81
-2320.63 -2323.08
-2311.86 -2314.56
-2302.38 -2305.27
-2292.22 -2295.23
-2281.44 -2284.48
-2270.08 -2273.04
-2258.18 -2260.93
-2245.34 -2248.2
-2232.53 -2234.86
-2218.89 -2220.97
-2205.33 -2206.57
-2191.23 -2191.71
