-0.264493 -0.294254 0.279378 -0.255487 -0.319997 0.26039
-0.885007 -0.989895 -0.505544 -0.893433 -1.06216 -0.565563
0.439502 0.649467 -0.31169 0.484189 0.657276 -0.331452
-0.46401 -0.450121 -0.360798 -0.468136 -0.489185 -0.441489
0.178879 -0.181054 0.154437 0.135461 -0.279202 0.094655
0.595602 0.513327 1.26693 0.651876 0.592089 1.32158
-0.0157046 -0.0776252 -0.659223 -0.008801 -0.111553 -0.662887
0.379334 0.67602 -0.192106 0.415426 0.70843 -0.140974
-0.304734 0.442715 0.0296107 -0.300181 0.439368 0.092885
-0.228205 0.625918 -0.139873 -0.242889 0.554072 -0.154135
-0.192283 0.672793 -0.263594 -0.167072 0.611754 -0.249567
-0.354057 -0.0778759 -0.783422 -0.31635 -0.113532 -0.811402
0.156202 -0.757593 0.416698 0.118833 -0.769578 0.425901
0.0827451 0.170943 0.203411 0.060024 0.133565 0.199578
0.108427 -1.06078 -0.0323124 0.090239 -1.04575 -0.065807
0.394636 0.911939 0.078573 0.47162 0.938618 0.087453
-0.337018 -0.567923 -0.347386 -0.417535 -0.595324 -0.381298
-0.332656 -0.21331 -0.876531 -0.378641 -0.204083 -0.852212
0.67273 0.375549 -0.689984 0.642005 0.337118 -0.683601
-0.167385 0.72142 0.23386 -0.150307 0.724919 0.299393
0.111764 0.00121005 0.736273 0.113219 0.001607 0.665664
0.391951 0.640547 0.353417 0.40726 0.700964 0.356664
0.446767 -0.0673264 -0.68964 0.454002 -0.026156 -0.634604
0.0319056 -0.543045 0.160759 0.03723 -0.506812 0.226624
-0.641455 0.429531 -0.04926 -0.567058 0.370062 -0.032304
0.241386 -0.180323 -0.154959 0.264318 -0.195641 -0.160529
-0.223466 0.00614756 0.348145 -0.219668 0.025922 0.371404
-0.17436 0.27461 0.565297 -0.1483 0.260738 0.569922
0.367312 -0.237253 -0.0807492 0.353046 -0.28588 -0.024952
0.584099 0.188424 -0.416243 0.608241 0.152905 -0.432278
0.0529061 0.0821651 -0.538768 0.003518 0.039656 -0.570853
0.0329939 -0.140138 0.12702 0.012313 -0.172386 0.156515
-0.28754 0.61472 0.459056 -0.274599 0.642465 0.435543
0.380926 0.191354 -0.269182 0.387962 0.194153 -0.206378
0.268437 0.250184 0.146743 0.315638 0.308629 0.154183
-0.473142 -0.0116522 -0.376532 -0.424514 -0.011637 -0.390093
0.0115256 -0.242667 -0.133291 0.008821 -0.23188 -0.155415
-0.496636 0.38985 -0.55969 -0.494668 0.363792 -0.57402
-0.0754789 -0.12825 0.183491 -0.074201 -0.182689 0.230815
0.272393 0.613776 0.242189 0.252594 0.671468 0.251364
0.682855 0.411755 -0.548168 0.652111 0.457939 -0.548193
-0.11948 -0.634059 0.295432 -0.169518 -0.613968 0.20836
0.444222 -0.608222 0.195501 0.453756 -0.582158 0.201826
-0.183365 -0.956699 0.50513 -0.193105 -0.940628 0.444988
-0.397508 0.688944 -0.861468 -0.442068 0.667546 -0.899115
-0.578511 0.678016 -0.0601087 -0.546674 0.698567 -0.087396
0.0222956 0.519662 -0.0664831 0.137665 0.539247 -0.042108
0.0644178 0.674677 -0.197971 0.065334 0.654759 -0.156861
-0.0517994 -0.826811 -0.527733 -0.138741 -0.87166 -0.504865
0.963913 -0.743994 -0.0181832 0.937003 -0.801692 0.089268
0.0710881 0.00722757 0.233589 0.115339 0.021156 0.227365
0.477768 -0.472663 0.231379 0.518713 -0.429487 0.279763
0.120149 0.719273 0.717341 0.219673 0.685494 0.750962
0.403109 -0.219586 0.166111 0.420916 -0.20606 0.199647
-0.243307 0.154113 -0.545806 -0.271782 0.150154 -0.577
0.237666 0.539341 -0.613236 0.309076 0.50924 -0.633952
0.153588 -0.258802 -0.181558 0.142002 -0.186544 -0.143382
0.636814 -0.575866 0.212343 0.639401 -0.601 0.258584
0.297376 -0.397748 0.601678 0.380635 -0.410567 0.618703
-0.203299 0.229456 -0.248144 -0.19871 0.255233 -0.311796
-0.757396 0.241141 -0.271248 -0.703949 0.201998 -0.303248
0.368081 0.401588 0.488622 0.411748 0.387418 0.511816
0.536453 -0.284141 -0.420499 0.526514 -0.303497 -0.428948
0.290729 0.538501 -0.368111 0.261152 0.540819 -0.307717
-0.0403198 -0.64521 -0.012704 0.002672 -0.613277 -0.001103
0.103225 0.191365 -0.26335 0.065789 0.161755 -0.216264
0.515121 -0.315713 0.559456 0.504619 -0.343926 0.515014
0.186038 -0.0227256 0.579597 0.177491 -0.056727 0.59666
-0.130324 0.469085 -0.0852863 -0.117792 0.416288 -0.037569
-0.0799658 -1.02499 0.343917 -0.128093 -1.03639 0.359724
-0.0409113 -0.872082 -0.576783 -0.006705 -0.86355 -0.519057
-0.868662 0.148022 0.221112 -0.758997 0.144271 0.198753
-0.0348616 -0.49122 -0.255228 -0.066356 -0.473315 -0.278997
0.233884 -0.754281 -0.158095 0.317447 -0.708312 -0.12856
0.374516 -0.064496 0.209417 0.356434 0.027579 0.227106
-0.348581 0.613322 0.368058 -0.311921 0.573803 0.384772
-0.198172 0.692635 0.315478 -0.169154 0.672297 0.339641
-0.423596 0.450598 0.202258 -0.405478 0.406168 0.144009
-0.499318 0.24019 0.0652797 -0.419624 0.18188 0.011851
0.206761 -0.0614454 0.0160614 0.214226 -0.103329 0.011714
0.694322 0.128674 -0.320928 0.669596 0.180516 -0.333509
0.836688 0.117438 -0.233739 0.812693 0.138259 -0.190778
-0.368475 -0.238201 0.235594 -0.341002 -0.265395 0.22779
1.06408 0.305664 -0.766434 1.01988 0.338084 -0.762894
-1.08954 -0.304825 0.696056 -1.09846 -0.330929 0.672248
-0.606478 0.384172 -0.579409 -0.587066 0.378758 -0.599399
-0.0569811 0.519185 -0.57182 -0.044859 0.481205 -0.56181
-0.216191 -0.152605 -0.0508935 -0.164858 -0.157288 -0.087865
0.54312 0.110698 0.787233 0.551401 0.084997 0.827123
-0.1008 -0.247251 0.251928 -0.094259 -0.243802 0.241629
-0.196847 -0.218805 0.111674 -0.164499 -0.21886 0.058247
-0.120026 -0.65915 0.643979 -0.134868 -0.622366 0.598882
0.140348 -0.201621 -0.76926 0.148065 -0.245627 -0.749475
-0.21285 0.687707 -0.320905 -0.251087 0.688005 -0.342692
0.481614 -0.315493 -0.215298 0.492981 -0.343392 -0.186035
-0.0605749 0.787976 -0.705189 -0.072465 0.798363 -0.710026
-0.0189152 -0.626003 -0.111413 -0.107426 -0.594337 -0.163293
-0.142822 -0.269616 -0.0260328 -0.20327 -0.284299 -0.004551
0.920799 -0.246926 -0.497491 0.92382 -0.206239 -0.489873
0.0309671 -0.278797 -0.520109 -0.021018 -0.181952 -0.560494
-0.419714 0.712214 -0.0338673 -0.437588 0.682531 -0.063086
0.296446 -0.498409 0.401622 0.277546 -0.509634 0.392
-0.139861 0.288259 0.13933 -0.073431 0.297426 0.19624
0.367782 0.665438 0.00339694 0.391988 0.688363 0.005157
-1.01236 0.079456 -0.538205 -1.05443 0.105765 -0.505957
0.13432 -0.0139355 -0.113207 0.132559 0.018508 -0.122454
-0.525164 -0.496278 -0.223941 -0.505373 -0.480133 -0.169445
-0.458831 -0.555579 -0.538983 -0.394673 -0.539969 -0.481396
0.349506 0.762803 0.623336 0.305326 0.759017 0.620944
-0.676221 0.402892 -0.343268 -0.723105 0.410651 -0.449086
0.26323 0.287219 0.777334 0.298211 0.230187 0.751196
0.768819 -0.0991658 0.732061 0.745608 -0.053934 0.727118
0.605705 0.357177 -0.478433 0.627303 0.346177 -0.474116
0.721106 -0.138613 -0.066248 0.711946 -0.111439 -0.022277
-0.0833985 -0.193294 0.0831128 -0.118864 -0.174087 0.015981
0.638121 -0.567185 -0.174774 0.597189 -0.562227 -0.10144
-0.687892 0.108774 0.475986 -0.659509 0.097093 0.475968
-0.486055 -0.984936 0.440888 -0.537739 -0.978568 0.471854
0.521797 0.388071 -0.667947 0.511233 0.31728 -0.653755
-0.441881 -0.100682 0.594385 -0.404548 -0.140743 0.588332
0.645073 0.266338 -0.545388 0.65267 0.345506 -0.522502
-0.468753 -0.761748 0.31979 -0.424398 -0.72246 0.339148
-0.496617 -0.323889 0.169034 -0.523275 -0.271099 0.130806
-0.552648 0.279604 -0.0635785 -0.605356 0.297393 -0.039209
0.232858 0.244427 0.190947 0.198569 0.263906 0.191103
0.464214 0.378743 0.104782 0.41683 0.377899 0.096165
-0.40657 0.47914 -0.221962 -0.397635 0.466063 -0.197415
-0.570765 0.416776 -0.204257 -0.606811 0.510332 -0.130351
-0.384046 -0.681671 0.376258 -0.392987 -0.659056 0.31044
-0.694593 0.0069638 0.848988 -0.676915 0.002549 0.866504
-0.0592902 -0.250575 -0.121797 -0.063524 -0.280151 -0.077347
0.192392 0.421353 -0.144837 0.15933 0.448195 -0.171633
0.379824 -0.247007 -0.234432 0.330057 -0.265034 -0.239184
0.602876 0.229985 -0.430021 0.575373 0.251956 -0.390747
-0.236463 0.550887 0.000634755 -0.281841 0.569455 -0.000154
-0.785631 0.187864 0.145835 -0.788522 0.210049 0.18921
0.239157 0.274907 0.563354 0.287202 0.207994 0.543218
0.455777 0.541968 0.370028 0.488227 0.494412 0.34147
-0.102374 0.298164 -0.0552276 -0.156533 0.347407 -0.048149
0.147422 -0.132233 0.0646223 0.119168 -0.095051 0.02779
0.0654797 -0.658234 -0.144919 0.095821 -0.646017 -0.144062
-0.503536 0.308646 -1.13301 -0.541983 0.339285 -1.07378
-0.302813 0.388786 -0.236945 -0.327821 0.352804 -0.22253
0.064314 0.2102 -0.666565 0.008699 0.226355 -0.67456
0.0572324 0.390018 -0.519217 0.065597 0.41175 -0.508025
-0.805383 0.453732 0.289812 -0.774674 0.466579 0.287355
0.652559 -0.239889 -0.836869 0.658585 -0.196341 -0.77159
-0.0792806 -1.05292 0.683029 -0.093215 -1.04535 0.618922
0.706575 0.158511 -0.345451 0.692647 0.114057 -0.294222
-0.143886 0.0382805 -0.230411 -0.149532 -0.008109 -0.215805
-0.448413 0.0365564 0.362409 -0.422112 -0.002207 0.343663
0.447062 0.593865 -0.5385 0.428999 0.551716 -0.469035
0.0600376 0.136864 0.269515 0.098586 0.15531 0.212327
-0.434633 0.284308 0.407656 -0.462043 0.287037 0.407887
-0.522455 0.32425 0.94039 -0.478178 0.378848 0.921802
0.404474 -0.303583 0.0406732 0.398338 -0.292905 0.061638
0.216747 -0.0141619 -0.543941 0.22636 0.041354 -0.491952
-0.167903 -0.430099 0.135105 -0.210574 -0.438998 0.130494
-0.00369782 0.0930874 -0.294047 -0.014534 0.150964 -0.318486
0.323929 -0.0449872 -0.00240407 0.339361 -0.112999 -0.051552
-0.552051 -0.114616 -0.144451 -0.527408 -0.087455 -0.218922
-0.238383 0.0659413 -0.260379 -0.228845 0.077444 -0.276285
-0.237417 -0.156397 0.19929 -0.201182 -0.122011 0.212935
-0.973778 -0.269817 -0.190872 -0.969824 -0.282829 -0.168823
0.699945 -0.0521035 -0.0171229 0.677714 -0.121928 -0.014909
0.220107 0.298081 -0.128843 0.197568 0.303767 -0.151231
0.256214 0.0292588 -0.516055 0.232157 -0.041819 -0.514845
0.598047 0.450464 0.449647 0.578113 0.470736 0.453675
-0.404604 -0.23416 0.23877 -0.318606 -0.197124 0.247027
0.363836 -0.735377 0.310716 0.444877 -0.683214 0.312421
-0.29133 -0.271618 0.430192 -0.327018 -0.236507 0.331867
-0.332357 -0.680402 0.152718 -0.300343 -0.699226 0.128991
-0.0156785 0.548113 -0.153144 -0.020346 0.476174 -0.141343
-0.543296 0.978273 -0.444231 -0.569305 0.970484 -0.441738
-0.274014 0.75976 -0.577801 -0.337338 0.739378 -0.572515
0.307446 0.746804 -0.282101 0.262674 0.734676 -0.27877
0.46397 0.19743 0.486318 0.457241 0.187128 0.466462
0.24819 -0.684357 -0.00914565 0.240567 -0.637118 -0.052511
0.127724 -0.201331 0.570211 0.100424 -0.157444 0.568469
0.59569 -0.56728 0.41423 0.545209 -0.530807 0.393023
-0.654206 0.278303 -0.344274 -0.636671 0.24126 -0.340493
-0.192621 0.535394 0.197277 -0.141654 0.564608 0.170504
-0.313697 0.0177806 0.0921881 -0.303246 0.011221 0.069515
0.0350969 -0.300255 -0.190357 0.041683 -0.26049 -0.149696
-0.0422593 -0.30767 0.0831641 -0.087283 -0.403564 0.080352
-0.507581 0.0182213 0.676998 -0.527067 0.02791 0.697221
-0.137397 0.132228 -0.441189 -0.103602 0.036846 -0.413143
0.772862 0.278742 -0.495735 0.800643 0.324357 -0.533989
0.0776499 -0.586787 0.43828 0.05774 -0.605073 0.407921
0.419968 -0.308763 -0.435652 0.371421 -0.289322 -0.442467
0.306679 -0.127007 0.0365033 0.295647 -0.106822 0.034306
0.315433 -0.188345 -0.454817 0.340607 -0.111946 -0.496152
-0.591753 0.410083 0.472413 -0.587842 0.45466 0.485726
0.657187 0.259417 0.349082 0.635778 0.208885 0.350153
-0.700627 -0.255118 -0.513287 -0.681645 -0.23281 -0.505128
-1.16401 -0.306799 -0.335481 -1.21569 -0.330882 -0.364283
0.229325 -0.363976 0.112308 0.173603 -0.384757 0.135201
-0.563339 0.234102 -0.272004 -0.493245 0.245163 -0.250733
0.0956792 0.29823 0.907705 0.052082 0.282609 0.935603
0.623159 0.54308 1.15582 0.640972 0.615315 1.20066
-0.297815 0.4622 0.261392 -0.268213 0.521504 0.244275
-0.0906812 -0.333421 -0.355141 -0.081511 -0.346044 -0.340323
-0.31675 -0.259139 0.228595 -0.365388 -0.250314 0.146843
0.161363 -0.852964 -0.320096 0.074143 -0.826151 -0.321141
0.00284315 0.0627985 -0.0824295 -0.049468 0.040479 -0.114526
-0.296781 0.222512 0.429925 -0.243292 0.217642 0.373757
-0.163006 -0.159505 0.0755822 -0.180734 -0.183404 0.073896
-0.491306 1.00472 -0.184211 -0.528032 0.989701 -0.174352
0.427845 -0.692139 0.292115 0.406168 -0.691409 0.241728
0.0217446 -0.188133 0.00895055 0.000313 -0.166502 -0.018302
-0.011988 0.609647 0.577185 -0.044678 0.618995 0.616427
0.167674 0.446709 -0.556227 0.130502 0.449773 -0.536251
-0.562756 -0.627526 0.2815 -0.626019 -0.670621 0.327715
-0.688009 0.408976 0.628501 -0.628177 0.340229 0.612096
-0.279424 -0.400655 -0.295014 -0.288352 -0.385995 -0.229767
-0.202268 0.999838 -0.140344 -0.178639 0.978566 -0.124415
0.237778 -0.965143 0.325516 0.276144 -0.953585 0.301344
0.416113 -0.412749 0.627318 0.473519 -0.420704 0.642743
0.0929773 0.269285 0.404884 0.167989 0.292888 0.347308
0.294297 -0.0240571 -0.103412 0.282844 -0.050199 -0.076026
0.0925951 0.352689 0.0303612 0.141673 0.348 0.00572
-0.0662746 0.0721464 0.0574808 -0.114672 0.074159 0.081923
0.535818 -0.782818 -0.348846 0.530123 -0.812246 -0.453519
0.306785 -0.908141 0.334454 0.298445 -0.904238 0.2599
1.06068 -0.0308846 0.372587 1.05367 -0.076818 0.359359
0.00457139 0.474338 0.434084 0.008553 0.486931 0.407128
0.753786 -0.425441 0.409014 0.710961 -0.435574 0.411248
0.0617271 -0.618085 0.545792 0.074746 -0.629523 0.537172
-0.248673 -0.183217 -1.24654 -0.185327 -0.167305 -1.19549
0.410003 -0.648753 -0.0128652 0.374536 -0.623209 0.029036
-0.534786 -0.323958 -0.113494 -0.568709 -0.351238 -0.118917
-0.160451 -0.0311597 0.385213 -0.196903 -0.091122 0.361114
0.240699 0.224363 -0.0503846 0.23638 0.222559 -0.083282
-0.299271 0.598913 -0.675676 -0.277898 0.572728 -0.662962
0.925334 -0.0380189 0.231814 0.874874 -0.054989 0.20164
-0.479393 0.486512 -0.407773 -0.535168 0.429904 -0.406649
-0.30437 -0.472053 -0.16762 -0.272658 -0.420473 -0.181154
-0.338664 0.246705 -0.190127 -0.356303 0.30841 -0.254031
0.453758 -0.656696 -1.08823 0.511662 -0.714721 -1.08412
0.222031 0.122593 0.0914075 0.142478 0.08081 0.118796
0.305732 -0.0158197 -0.130503 0.287953 -0.048887 -0.162438
-0.483923 0.0661748 0.465753 -0.446485 0.083522 0.474474
0.837611 -0.628277 0.00316222 0.836622 -0.634892 0.050039
-0.144195 0.426586 0.942576 -0.138199 0.4036 0.952123
-0.184233 -0.0552265 -0.905151 -0.200922 -0.049105 -0.852903
0.190622 -0.642133 0.601887 0.254224 -0.599177 0.541585
0.314445 -0.00277259 0.0903797 0.332947 0.036341 0.077447
-0.798368 0.32105 0.515153 -0.75854 0.287964 0.573283
0.155275 -1.1061 -0.123386 0.171271 -1.06168 -0.16266
0.507585 -0.132211 0.864051 0.491899 -0.103075 0.881203
-0.535707 0.28165 0.307952 -0.514552 0.225109 0.33647
-0.181937 0.65059 -0.229459 -0.110371 0.623769 -0.235791
0.40001 0.0536194 -0.186496 0.469961 0.050506 -0.203742
-0.14579 0.591047 -0.673571 -0.193635 0.588134 -0.572991
0.151824 -0.464687 0.704234 0.073005 -0.423451 0.688891
0.62923 -1.13501 -0.347357 0.630376 -1.13205 -0.468282
-0.0293269 -0.257533 -0.454728 -0.027452 -0.263269 -0.456954
0.321201 -0.329743 0.145733 0.256594 -0.264559 0.197497
-0.720371 0.116512 -0.361334 -0.614866 0.092568 -0.359711
0.500098 0.247337 -0.523121 0.572033 0.260426 -0.503969
0.333332 -0.233074 0.945803 0.363324 -0.229632 0.922229
0.0634949 0.00165971 -0.176414 0.077462 -0.006625 -0.082392
0.267915 0.211563 -0.0764831 0.198441 0.234381 -0.01248
0.212231 0.330022 -0.120398 0.194076 0.336775 -0.12609
-0.607093 -0.436728 -0.266507 -0.60711 -0.434263 -0.297789
-0.242738 0.137785 0.444867 -0.24704 0.201044 0.405335
-0.25967 -0.0162278 0.0801359 -0.217011 -0.061451 0.044935
0.364799 0.27126 0.397748 0.385302 0.274552 0.370798
0.923708 0.378442 0.0432107 0.958562 0.417414 0.040529
0.405949 -0.26281 -0.603369 0.443923 -0.1832 -0.620668
-0.358118 0.31019 -0.42084 -0.345282 0.349501 -0.449953
-0.866113 -0.419791 0.0761101 -0.834731 -0.404803 0.096863
0.448616 -0.317569 -0.211733 0.372614 -0.30436 -0.168977
0.373665 0.110335 0.281836 0.352124 0.120067 0.30222
-0.196552 0.154165 0.295459 -0.195343 0.106746 0.342192
-0.437554 -0.462708 0.172362 -0.442405 -0.411155 0.118269
-0.0958297 0.399678 -0.188728 -0.100862 0.384767 -0.16031
-0.0275375 0.0143122 -0.015565 -0.060699 0.018782 0.051991
0.389143 -0.0853919 0.0938962 0.396368 -0.046658 0.128596
0.930985 0.283441 0.24902 0.952536 0.291277 0.311545
0.383052 0.249118 0.0105434 0.369814 0.250061 -0.028799
-0.420788 -0.419482 -0.0543134 -0.43308 -0.417035 -0.11693
0.500529 0.184772 0.836931 0.447961 0.152512 0.792446
-0.16737 -0.37151 0.498843 -0.219741 -0.37806 0.483358
-0.467988 0.581606 -0.624569 -0.467267 0.573912 -0.605485
-0.107977 0.222341 0.312402 -0.080534 0.211276 0.292782
-0.772053 -0.422138 -0.0140482 -0.690909 -0.421914 0.011227
-0.667648 0.0678747 -0.310295 -0.645555 0.119105 -0.316968
0.367988 -0.0373212 -0.136109 0.383745 -0.006315 -0.072588
-0.226498 -0.322909 0.299131 -0.163293 -0.382403 0.346343
-0.436409 -0.676369 -0.192907 -0.39772 -0.639533 -0.209681
-0.417487 -0.834822 0.22263 -0.38015 -0.827732 0.215395
0.287168 0.475873 -0.273737 0.280228 0.485233 -0.195044
0.127165 -0.293649 0.408283 0.118317 -0.293816 0.411448
0.354399 1.08638 0.379453 0.354072 1.07308 0.417438
0.769502 0.358365 0.193161 0.750686 0.371866 0.25584
-0.369381 -0.0492695 0.515768 -0.388546 -0.060929 0.479547
-0.55183 -0.264729 0.275124 -0.519483 -0.251233 0.221143
-0.251692 0.34073 -0.170364 -0.208561 0.310801 -0.170719
0.225642 0.0417463 -0.933726 0.287653 0.056955 -0.904761
0.377462 -0.857156 0.299212 0.348719 -0.915696 0.264067
0.377746 0.426249 -0.214917 0.441039 0.46474 -0.180175
-0.460617 0.12907 0.173028 -0.518115 0.137197 0.156283
-0.13585 0.070851 0.654484 -0.096189 0.074566 0.5936
0.0869924 -0.490934 0.947688 0.121956 -0.47403 0.93526
-0.218652 0.0320784 -0.160911 -0.269204 -0.002279 -0.182525
-0.338491 0.323372 0.208485 -0.33328 0.307509 0.230014
0.668265 0.0102748 0.543482 0.671882 -0.017868 0.515379
-0.0618207 -0.0972613 -0.0350468 -0.00402 -0.078939 -0.010781
0.51981 -0.474346 0.112303 0.43989 -0.413757 0.163144
0.219539 -0.614374 -0.373472 0.24396 -0.6246 -0.349046
-0.753283 -0.2659 -0.653524 -0.761346 -0.224126 -0.65873
-0.256719 -0.0929434 -0.118818 -0.254113 -0.142313 -0.144213
-0.0981716 0.303255 0.10013 -0.090721 0.328034 0.064845
0.54277 0.19049 -0.01718 0.504912 0.199337 -0.026091
-0.66735 0.556044 0.300375 -0.643156 0.545097 0.32528
0.0614273 -0.28809 -0.320929 0.050486 -0.261461 -0.345568
-0.25056 0.255263 -0.0706699 -0.274963 0.295743 -0.096957
-0.308169 0.00520655 -0.114606 -0.269645 0.020824 -0.149918
0.427223 -0.186583 0.383611 0.44577 -0.18802 0.437823
-0.400296 0.293693 -0.283506 -0.351771 0.303416 -0.301054
-0.478146 0.648844 -0.1848 -0.425334 0.647648 -0.109049
0.211652 0.381668 -0.239796 0.269978 0.403159 -0.206255
-0.046734 -0.263648 0.25988 -0.053425 -0.288607 0.248696
0.530673 -0.20331 -0.438167 0.531246 -0.173732 -0.524419
0.111644 -0.130433 -0.0338245 0.119421 -0.145644 0.00077
-0.317931 0.149181 0.216682 -0.304129 0.184628 0.193667
0.507221 -0.615665 -0.316281 0.487468 -0.626084 -0.3128
-0.444691 -0.26162 0.0721787 -0.387428 -0.262723 0.05054
0.216162 -0.193468 0.523394 0.216987 -0.184129 0.483415
-0.648431 -0.434473 -0.784847 -0.614349 -0.447427 -0.796368
0.252061 0.085099 -0.0214603 0.202451 0.035898 -0.033957
0.53107 -0.360761 -0.00373258 0.558428 -0.417669 -0.042784
-0.0556211 0.276651 -0.491348 -0.090759 0.269494 -0.434352
0.463535 0.792424 0.444963 0.43365 0.785397 0.431712
-0.412877 -0.367869 0.139269 -0.428567 -0.427876 0.08884
0.385314 0.315081 0.341853 0.419068 0.342344 0.35827
0.326652 -0.457879 0.533324 0.292164 -0.478289 0.54936
0.380699 0.186558 -0.0482072 0.391006 0.252215 -0.105871
-0.224128 -1.02799 0.201422 -0.190953 -1.04476 0.256855
0.010757 0.298544 -0.576858 0.033581 0.294445 -0.534357
-0.399531 0.224393 -0.0578693 -0.36621 0.184839 0.010094
-0.061925 0.270896 -0.454031 -0.102566 0.290564 -0.442582
0.0952311 0.104987 0.673113 0.119539 0.052362 0.697942
-0.535743 0.435934 0.779335 -0.544529 0.458011 0.776383
-0.773993 0.811398 -0.187477 -0.809506 0.714974 -0.165504
-0.476042 -0.0844218 -0.613317 -0.470568 -0.045639 -0.666858
-0.0969401 0.181372 0.750954 -0.148528 0.167721 0.699455
0.635721 -0.691989 -0.577808 0.560449 -0.648762 -0.602083
-0.209931 -0.436513 0.578201 -0.19067 -0.443332 0.580688
0.271822 0.641429 0.171894 0.250219 0.640292 0.207527
-0.272283 -0.438068 -0.459477 -0.25975 -0.417747 -0.468142
-0.383465 0.28879 -0.98019 -0.382567 0.253438 -0.907915
-0.2765 0.0974907 -0.64183 -0.272089 0.097529 -0.596309
-0.665142 0.145193 0.152281 -0.624995 0.08053 0.16014
-0.55078 0.30895 0.0147861 -0.483734 0.312846 -0.008249
0.581656 0.154486 0.497218 0.555777 0.156325 0.43695
0.746617 -0.138652 0.436503 0.72994 -0.142397 0.364879
0.481384 -0.434012 0.423259 0.408117 -0.379825 0.389919
0.662651 -0.28404 0.33251 0.634343 -0.272895 0.288239
0.231752 -0.205478 0.373785 0.227842 -0.188183 0.386589
-0.137018 -0.203903 0.571873 -0.097863 -0.223885 0.543612
-0.127206 -0.0687473 0.0872215 -0.177154 -0.077904 0.047892
-0.785544 -0.238323 -0.222968 -0.722074 -0.240448 -0.203714
0.01825 0.268355 -0.470396 -0.012528 0.264259 -0.428712
-0.128831 -0.163521 -0.0584036 -0.15025 -0.213553 -0.086168
-0.154092 0.133644 0.398345 -0.154826 0.17282 0.382153
1.12851 0.244838 -0.0865187 1.09173 0.240524 -0.097058
-0.551316 -0.284991 0.197139 -0.604345 -0.233978 0.129905
0.150221 0.00218367 0.347248 0.083897 0.054626 0.367857
0.775953 -0.335637 0.168062 0.77483 -0.353489 0.238099
0.251388 0.278677 -0.352579 0.218119 0.279603 -0.328812
-0.405404 0.427156 0.089455 -0.42518 0.416654 0.12491
-0.391217 -0.349236 -0.464525 -0.393409 -0.366913 -0.406274
0.0329883 -0.58339 0.107806 0.045491 -0.537339 0.115123
0.369022 -0.84889 0.229411 0.318402 -0.842987 0.234032
0.125155 0.0667702 -0.360484 0.098518 0.069362 -0.41328
-0.493297 0.7918 -0.282045 -0.458465 0.827572 -0.266224
0.533131 0.660602 0.480226 0.554782 0.626373 0.4547
0.483534 0.679059 0.555692 0.44366 0.617245 0.470471
0.0715288 -0.182619 -0.582284 0.058547 -0.123062 -0.640906
0.324862 -0.00263273 -0.0641678 0.339392 0.017042 -0.127361
-0.0927215 -1.02169 -0.451564 -0.076921 -0.965528 -0.379316
-0.716716 -0.967015 -0.278324 -0.717782 -0.861447 -0.229944
0.268541 -0.355849 -0.241441 0.255313 -0.365941 -0.27194
-0.522741 0.157411 0.394988 -0.575441 0.216666 0.356884
0.463241 0.204466 0.535574 0.4736 0.181383 0.493704
-0.268312 -0.553669 0.0432404 -0.277156 -0.554125 -0.059308
0.0988632 0.111729 -0.820496 0.104409 0.049714 -0.894724
-0.509573 0.027706 0.678194 -0.492387 -0.005342 0.694039
0.29939 -0.193396 -0.38466 0.26993 -0.196779 -0.379485
-0.0821234 0.441309 0.0821925 -0.119435 0.4359 0.0475
-0.884054 -0.441156 0.290411 -0.888945 -0.427805 0.284512
0.509998 -0.39027 -0.425808 0.452891 -0.342056 -0.454631
0.0931831 0.721921 0.271133 0.137191 0.709653 0.259535
-0.0655562 0.503075 -0.0256142 -0.078139 0.491842 -0.014887
0.138369 0.214563 0.756089 0.141456 0.244458 0.762785
0.417452 0.509849 -0.415267 0.412756 0.475336 -0.400816
-0.44556 -0.555733 -0.0623904 -0.48094 -0.541033 -0.015504
-0.147023 -0.821932 0.201647 -0.179679 -0.801906 0.194065
-0.0814347 0.617716 0.752628 -0.028737 0.607906 0.802392
-0.0889375 -0.263498 -0.793502 -0.047453 -0.278007 -0.769541
-0.814755 -0.247999 -0.118671 -0.811969 -0.237886 -0.177658
0.180717 -0.404868 0.239975 0.211666 -0.397075 0.245475
-0.0355867 0.0508444 0.11857 0.012294 0.09191 0.153706
-0.67216 -0.090157 0.75866 -0.68052 -0.04483 0.637565
0.564618 -0.163827 0.826567 0.55424 -0.205175 0.76736
-0.428334 0.471081 0.527215 -0.449164 0.423803 0.474514
0.426649 0.920358 0.190183 0.342341 0.884114 0.125994
0.716917 0.209586 0.624728 0.689936 0.161962 0.620467
0.552431 -0.270375 0.719023 0.538774 -0.286629 0.760587
0.192639 -0.421252 -0.539001 0.141103 -0.432251 -0.519223
-0.936391 -0.0901768 -0.725459 -0.88023 -0.104249 -0.649893
0.511037 -0.550539 -0.771216 0.547472 -0.528391 -0.77426
-0.714559 -0.213543 -0.13244 -0.725595 -0.30164 -0.081699
0.134848 0.745062 0.524318 0.167364 0.79833 0.492347
-0.526221 0.154367 0.695216 -0.546214 0.175605 0.681567
-0.515011 -0.251999 0.00407484 -0.528944 -0.226081 0.042729
0.696092 0.13888 -0.515499 0.642576 0.167088 -0.443762
-0.160181 -0.180438 -0.632125 -0.199281 -0.185957 -0.646563
-0.329229 -0.100533 -0.132021 -0.336817 -0.100342 -0.10703
-0.753512 -0.292135 1.06084 -0.732369 -0.36834 1.09404
-0.700966 0.0906044 1.01172 -0.654811 0.115708 0.973986
0.0805292 0.755936 0.457343 0.136431 0.721073 0.402857
0.522834 -0.619881 -0.426208 0.481409 -0.5574 -0.378438
0.0399789 -0.239245 -0.772691 -0.03244 -0.212108 -0.724448
-0.537222 -0.409459 0.106147 -0.532437 -0.359363 0.081092
0.700605 -0.0829827 -0.563085 0.641327 -0.081549 -0.531535
-0.269079 0.525823 0.503595 -0.241176 0.522656 0.450775
-0.275565 0.656544 -0.115208 -0.263347 0.652055 -0.175714
-0.0879679 0.663056 0.00227485 -0.112036 0.621379 -0.06241
-0.413015 0.225924 -0.413386 -0.450569 0.173147 -0.407522
-0.191427 -0.0422554 0.53372 -0.176794 0.017742 0.547726
0.528257 -0.0678521 0.149401 0.512044 -0.104314 0.121914
0.347836 0.20264 -1.14635 0.334943 0.245332 -1.12407
0.911826 -0.295325 -0.0704447 0.863122 -0.321 -0.103618
-0.131517 -0.574432 0.36076 -0.148818 -0.624503 0.37975
0.0659087 -0.172157 0.0356634 0.087358 -0.219235 0.032573
-0.370905 0.355616 0.63773 -0.376519 0.309174 0.63923
-0.963292 0.380311 -0.326337 -0.926766 0.37482 -0.381324
0.511771 0.424208 -0.11868 0.478728 0.454249 -0.074902
0.189367 0.141175 -0.539763 0.217846 0.102886 -0.548083
-0.240572 -0.0509814 -0.201419 -0.272394 -0.016905 -0.221429
6.74292e-05 -0.374735 -0.278366 -0.113416 -0.415357 -0.250474
-0.304254 0.0755386 0.0818396 -0.285982 0.109058 0.073459
0.603794 -0.429555 -0.142219 0.557396 -0.478736 -0.178249
-0.144116 -0.244143 0.234131 -0.192131 -0.28129 0.235797
-0.259202 0.45398 -0.761047 -0.302976 0.480051 -0.770731
-0.691762 0.0650071 0.315313 -0.648918 0.086243 0.314793
-0.360887 0.405837 -0.128431 -0.3545 0.412143 -0.104473
0.631235 0.233405 -1.17789 0.641969 0.266849 -1.13382
-0.328166 0.20525 -0.583691 -0.309198 0.223142 -0.550351
0.21756 -0.194141 0.297142 0.179144 -0.118722 0.262155
0.0325025 -0.138328 -0.0785271 0.051082 -0.078455 -0.181679
-0.0176035 0.318051 0.654273 0.073472 0.301445 0.587307
0.0283702 0.103009 0.349804 -0.008388 0.138201 0.360783
0.475642 -0.184453 -0.384783 0.43403 -0.194343 -0.314636
0.10328 -0.320299 -0.0155515 0.120152 -0.343322 0.078464
-0.0487967 -0.190038 0.286637 -0.045993 -0.199321 0.249472
0.103672 -0.126474 -0.817385 0.156868 -0.147399 -0.780814
-0.111111 -0.286876 0.478992 -0.119004 -0.360778 0.49539
0.153508 0.192907 0.00412499 0.151535 0.135346 0.03277
0.55333 -0.125569 -0.569514 0.567431 -0.159803 -0.57552
0.55807 0.370047 0.124498 0.558185 0.33959 0.105607
-0.118654 -0.282575 -0.281455 -0.130945 -0.235373 -0.278864
-0.658126 -0.276988 -0.416435 -0.64635 -0.271943 -0.441738
-0.359977 -0.340142 -0.390088 -0.453257 -0.304889 -0.394155
-0.874497 0.217323 0.674321 -0.852252 0.231559 0.653674
0.83778 0.608502 0.0535631 0.774905 0.593618 0.057487
0.540591 0.383576 -0.0525745 0.479437 0.379598 -0.031228
-0.632001 0.506724 0.36547 -0.602523 0.507193 0.391514
-0.0345254 -0.789145 -0.0460868 -0.057288 -0.786783 -0.051684
0.0158362 -0.19845 0.223127 0.054985 -0.236913 0.227592
-0.2125 -0.0141581 0.403696 -0.224396 -0.012666 0.43422
-0.410163 -0.149745 0.524796 -0.397978 -0.138334 0.514989
-0.205626 -0.800153 0.0718741 -0.238233 -0.773726 0.066899
0.53105 0.107537 -0.678924 0.516024 0.08093 -0.654282
0.285925 -0.724723 0.301632 0.278814 -0.670156 0.319691
0.0905121 0.499772 -0.372303 0.021145 0.489077 -0.375503
-0.683976 0.158521 0.761662 -0.680904 0.100167 0.832789
-0.398546 0.717412 0.257914 -0.358421 0.663569 0.300225
-0.212202 0.826014 -0.423648 -0.142142 0.737025 -0.452839
0.163321 0.480894 -0.048661 0.178812 0.489529 -0.010043
-0.424687 0.547012 0.044461 -0.368874 0.575294 0.052218
0.234572 -0.703444 0.187766 0.223536 -0.630034 0.222435
-0.0705382 -0.410876 0.0202807 -0.047523 -0.453149 0.023387
-0.0403422 -0.248374 0.465384 -0.117001 -0.261294 0.42167
0.532722 -0.0335084 -0.624023 0.545322 -0.03934 -0.614365
-0.637456 -0.011451 -0.942905 -0.628107 -0.055591 -0.985466
-0.548737 0.583775 -0.220792 -0.505162 0.617001 -0.225833
-0.603596 -0.148188 0.0356366 -0.56432 -0.129087 0.07765
-0.00868698 -0.291083 -0.494114 0.038928 -0.326307 -0.512951
0.886066 0.438189 0.371308 0.903098 0.501792 0.327642
0.663272 -0.927554 -0.434198 0.728212 -0.902522 -0.472581
0.311843 -0.195761 -0.191663 0.307127 -0.125553 -0.160938
0.222879 -0.186228 0.244414 0.206554 -0.197185 0.277139
0.179583 -0.381005 -0.189607 0.209927 -0.404651 -0.143292
-0.310367 0.44873 -0.103231 -0.244939 0.425375 -0.069703
-1.00516 -0.0420232 0.0134285 -1.02639 -0.015345 0.003878
-0.394815 0.347253 0.609463 -0.381766 0.364823 0.612985
0.65047 0.268157 -0.148596 0.629584 0.282254 -0.127747
0.0397962 0.384403 -0.669688 -0.002921 0.401473 -0.697647
0.0184436 0.574392 0.598783 0.073379 0.62143 0.569231
0.0912546 0.0834429 -0.528518 0.074247 0.024079 -0.530654
0.0805718 0.623206 -0.254392 0.091528 0.619211 -0.258144
-0.19659 0.536782 0.17214 -0.229678 0.519778 0.199292
0.579627 0.205606 -0.130858 0.589542 0.194654 -0.068226
0.321041 -0.816074 -0.0885493 0.378199 -0.774602 -0.02871
0.2554 -0.602918 -0.210577 0.325136 -0.603846 -0.226794
0.224314 0.372299 0.455394 0.23207 0.398912 0.490352
0.425963 0.064605 -0.920256 0.421299 0.009348 -0.910669
0.213899 0.460963 -0.1831 0.27829 0.431355 -0.162293
-0.456565 -0.539966 0.506272 -0.436515 -0.58156 0.460492
-2.01996 -2.29079 -1.30085 -2.15936 -2.55406 -1.55145
0.931481 1.3069 -0.687531 1.02757 1.35469 -0.749104
-0.975972 -0.946445 -0.828764 -1.0387 -1.04494 -1.01888
0.351219 -0.343455 0.313018 0.259271 -0.558882 0.182957
1.45882 1.36835 2.73801 1.68995 1.64883 3.0041
-0.0414581 -0.121693 -1.27132 -0.02751 -0.21741 -1.26019
0.777342 1.39051 -0.240123 0.879464 1.47024 -0.100365
-0.616044 0.893945 0.101695 -0.606354 0.900173 0.235167
-0.436624 1.23845 -0.268312 -0.453242 1.10605 -0.28792
-0.300726 1.23391 -0.442573 -0.23848 1.12819 -0.44015
-0.77053 -0.222792 -1.64346 -0.711468 -0.30653 -1.74586
0.245467 -1.4721 0.763991 0.133545 -1.50053 0.763098
0.175415 0.318405 0.388182 0.144645 0.238222 0.368233
0.225166 -2.13007 -0.0669587 0.199005 -2.12247 -0.146972
0.830421 1.84805 0.298629 1.0084 1.90998 0.36331
-0.727684 -1.14673 -0.743024 -0.897674 -1.22342 -0.816508
-0.718256 -0.5805 -1.75264 -0.879669 -0.600775 -1.7955
1.44743 0.91952 -1.46527 1.41228 0.884554 -1.50676
-0.387467 1.48505 0.49518 -0.377907 1.48528 0.639799
0.257196 0.0492017 1.47973 0.286888 0.065568 1.38619
0.874106 1.39454 0.78881 0.939528 1.5621 0.82779
0.888597 -0.240832 -1.37715 0.928083 -0.191362 -1.2456
0.0253821 -1.03303 0.302957 0.029601 -0.954662 0.412572
-1.18128 0.795042 -0.0289801 -1.02575 0.674354 0.016869
0.481311 -0.320077 -0.312881 0.524985 -0.336174 -0.357043
-0.405877 0.0364547 0.633041 -0.430437 0.067774 0.706477
-0.388178 0.608797 1.16106 -0.357353 0.587275 1.17218
0.707302 -0.461909 -0.184686 0.69179 -0.571753 -0.096759
1.19131 0.293791 -0.824123 1.26304 0.194458 -0.866831
0.0837134 0.154204 -1.01135 0.007298 0.074795 -1.09836
0.060678 -0.268661 0.246503 0.02239 -0.328535 0.294922
-0.635933 1.23697 0.950568 -0.623656 1.3544 0.925734
0.767291 0.452637 -0.553201 0.785702 0.452348 -0.443261
0.521179 0.487346 0.250118 0.643443 0.609817 0.266182
-0.977808 -0.0476403 -0.728173 -0.884085 -0.061347 -0.769349
0.0260602 -0.443353 -0.257965 0.031358 -0.453536 -0.302634
-1.03403 0.843059 -1.12554 -1.06793 0.80565 -1.17266
-0.158833 -0.249728 0.368203 -0.153244 -0.339655 0.467976
0.569017 1.2164 0.506479 0.54336 1.33028 0.53116
1.39179 0.911842 -1.12044 1.35267 1.02407 -1.23069
-0.197726 -1.26939 0.547867 -0.297296 -1.22747 0.37143
0.95743 -1.31557 0.503917 0.99355 -1.30907 0.550432
-0.236092 -1.89397 0.913773 -0.217223 -1.86919 0.788196
-0.939526 1.40371 -1.75198 -1.08406 1.42069 -1.8331
-1.16143 1.43704 -0.196349 -1.1114 1.48687 -0.299839
0.0344144 1.02636 -0.129566 0.266665 1.07315 -0.078099
0.0867757 1.39575 -0.403581 0.08361 1.3468 -0.333319
-0.279269 -1.70652 -1.1055 -0.508034 -1.89437 -1.08653
2.05232 -1.58573 0.190735 2.02 -1.79558 0.506538
0.121067 -0.00248773 0.431244 0.210219 0.015832 0.426851
1.02599 -1.0164 0.52946 1.1158 -0.947312 0.681117
0.417518 1.49809 1.50262 0.683618 1.46192 1.58509
0.768152 -0.407953 0.297174 0.793897 -0.36857 0.347766
-0.503996 0.340824 -1.0875 -0.561227 0.354369 -1.14822
0.338038 0.963821 -1.15757 0.456644 0.948741 -1.19435
0.255597 -0.492937 -0.327914 0.239357 -0.374974 -0.283207
1.3606 -1.31182 0.527255 1.4136 -1.40092 0.653426
0.669645 -0.854468 1.21602 0.841568 -0.891631 1.28369
-0.351474 0.422477 -0.476069 -0.335452 0.465327 -0.589522
-1.5601 0.566491 -0.600583 -1.47967 0.50194 -0.677468
0.751732 0.825982 0.966421 0.840338 0.821404 1.03891
1.01976 -0.612385 -0.808131 1.01114 -0.657647 -0.842972
0.522416 1.00807 -0.678293 0.469224 1.02637 -0.544203
-0.0600753 -1.30269 -0.0197108 0.024081 -1.23901 -0.00693
0.217872 0.372542 -0.521491 0.12834 0.325793 -0.433152
1.03235 -0.692623 1.08882 0.999427 -0.769555 1.03229
0.379749 -0.0685231 1.22057 0.369202 -0.150319 1.27049
-0.292987 0.972025 -0.197343 -0.269818 0.866072 -0.103785
-0.281637 -2.10909 0.714219 -0.425709 -2.19407 0.783707
0.0824967 -1.66812 -1.0715 0.158638 -1.6679 -1.02494
-1.68301 0.256898 0.397258 -1.4381 0.236106 0.332082
-0.135996 -1.00922 -0.508234 -0.205695 -0.983777 -0.583479
0.395448 -1.4068 -0.249322 0.5826 -1.29698 -0.18259
0.746716 -0.155959 0.413695 0.697036 0.020939 0.453704
-0.793653 1.21945 0.749846 -0.710736 1.16399 0.811759
-0.275255 1.3725 0.609609 -0.196192 1.31453 0.640038
-0.763164 0.805377 0.32744 -0.76636 0.723971 0.247782
-0.954207 0.467645 0.07708 -0.785199 0.349481 -0.033312
0.39451 -0.131132 0.0506548 0.425024 -0.198205 0.045615
1.33588 0.294256 -0.658121 1.3131 0.421701 -0.678968
1.62536 0.283498 -0.496071 1.57904 0.356262 -0.406872
-0.681707 -0.408053 0.428253 -0.638222 -0.502148 0.414854
2.21331 0.925606 -1.60596 2.1663 1.07265 -1.69188
-2.25031 -0.914497 1.50024 -2.34736 -1.05132 1.50426
-1.26499 0.842344 -1.21229 -1.25986 0.846466 -1.25793
-0.23107 1.10136 -1.17704 -0.239592 1.05021 -1.18513
-0.412848 -0.305553 -0.0899566 -0.31643 -0.306858 -0.166198
1.05526 0.100773 1.54333 1.03989 0.010772 1.65589
-0.213964 -0.434912 0.520873 -0.188009 -0.433623 0.475046
-0.384205 -0.408322 0.20335 -0.325293 -0.439412 0.102389
-0.100315 -1.32406 1.29854 -0.098987 -1.23913 1.21735
0.308867 -0.400276 -1.43155 0.349424 -0.478549 -1.38217
-0.473742 1.37233 -0.680989 -0.574015 1.39908 -0.736318
0.97287 -0.644893 -0.46854 1.00093 -0.71372 -0.428926
-0.2773 1.645 -1.47279 -0.360742 1.71168 -1.50225
-0.0320977 -1.19966 -0.246132 -0.24623 -1.15419 -0.339263
-0.270767 -0.525679 -0.0816935 -0.412108 -0.567546 -0.032023
1.92693 -0.383134 -0.957351 1.96683 -0.253097 -0.947369
0.0225194 -0.55801 -1.03928 -0.100018 -0.391248 -1.1336
-0.856115 1.43259 -0.127172 -0.896458 1.4027 -0.218358
0.522556 -1.02184 0.804489 0.456531 -1.0588 0.791327
-0.254732 0.55704 0.271496 -0.117461 0.585051 0.367667
0.698373 1.26899 0.104802 0.746648 1.30883 0.144502
-2.02076 -0.0261029 -1.03204 -2.13024 -0.028217 -0.980767
0.24305 -0.0239396 -0.209455 0.226996 0.035356 -0.232435
-1.10212 -1.03286 -0.561201 -1.07239 -1.03882 -0.477078
-0.978139 -1.15092 -1.12095 -0.864251 -1.17558 -1.01008
0.812318 1.60167 1.31397 0.762945 1.62945 1.33473
-1.43673 0.904794 -0.790698 -1.55061 0.958212 -1.05396
0.560817 0.651535 1.60836 0.668461 0.552452 1.56429
1.48278 -0.0452348 1.37896 1.41911 0.09751 1.40959
1.20961 0.791376 -0.988964 1.29979 0.78181 -1.00043
1.36145 -0.254152 -0.105733 1.3465 -0.198687 -0.018372
-0.180452 -0.378365 0.15178 -0.24068 -0.338297 0.010191
1.33335 -1.16261 -0.214434 1.28522 -1.20757 -0.011341
-1.28623 0.109771 0.891457 -1.24577 0.087039 0.893415
-1.07953 -2.0463 1.00126 -1.23554 -2.06226 1.13375
0.991926 0.667105 -1.30225 0.960818 0.484251 -1.28969
-0.90568 -0.27458 1.21002 -0.849912 -0.377716 1.20221
1.38995 0.674644 -1.20078 1.44724 0.894761 -1.20304
-0.844292 -1.45015 0.518774 -0.748393 -1.34994 0.544091
-0.950082 -0.608804 0.295244 -1.00966 -0.52536 0.213007
-1.10066 0.606426 -0.0702231 -1.21466 0.648195 -0.004574
0.446084 0.476895 0.403714 0.406384 0.533715 0.391405
0.904791 0.737313 0.260069 0.806169 0.732373 0.261788
-0.877494 1.01817 -0.476114 -0.860537 1.01676 -0.468877
-1.19922 0.908543 -0.522221 -1.27791 1.14587 -0.413171
-0.664248 -1.26098 0.636765 -0.668585 -1.23193 0.482613
-1.37464 0.153496 1.69331 -1.37372 0.209626 1.77717
-0.107096 -0.507591 -0.22185 -0.140133 -0.555726 -0.141083
0.383683 0.836634 -0.306651 0.343045 0.906726 -0.357109
0.822971 -0.583032 -0.512112 0.743317 -0.64674 -0.534149
1.12413 0.366441 -0.777477 1.06617 0.39898 -0.721736
-0.463934 1.09014 -0.0293356 -0.559792 1.13262 -0.041601
-1.56978 0.338283 0.22207 -1.56455 0.377141 0.303337
0.445238 0.494162 1.12341 0.526892 0.364503 1.0667
0.860192 1.07194 0.642679 0.924062 0.948903 0.57022
-0.190696 0.557235 -0.0885169 -0.282324 0.656695 -0.062593
0.299646 -0.237245 0.123218 0.217515 -0.174277 0.065179
0.160559 -1.27098 -0.298005 0.226676 -1.23086 -0.303036
-1.09737 0.782255 -2.25999 -1.2355 0.888977 -2.13642
-0.631496 0.776328 -0.51457 -0.678876 0.723068 -0.482446
0.0808938 0.386737 -1.27716 -0.051809 0.413045 -1.29663
0.18557 0.771849 -1.07176 0.236649 0.840055 -1.05282
-1.56098 0.936867 0.630928 -1.4878 0.984028 0.635524
1.19183 -0.30318 -1.55043 1.19453 -0.166418 -1.38615
0.0956757 -2.11963 1.32509 0.116414 -2.12338 1.24152
1.39488 0.214351 -0.663993 1.33515 0.101158 -0.543316
-0.286197 0.0914575 -0.463727 -0.289162 -0.010879 -0.434681
-0.846608 0.0368263 0.718489 -0.814692 -0.057071 0.667467
0.749072 1.08333 -0.956408 0.717655 1.0217 -0.841905
0.13143 0.284884 0.540602 0.182336 0.324212 0.426854
-0.851439 0.59477 0.798286 -0.899033 0.595827 0.813838
-1.2031 0.837098 1.99923 -1.18209 1.01027 2.00187
0.781181 -0.584231 0.10835 0.770982 -0.556065 0.153314
0.419145 -0.0823789 -1.07759 0.438224 0.039876 -0.969757
-0.344215 -0.843872 0.308935 -0.437413 -0.891552 0.293817
-0.0139714 0.163443 -0.561147 -0.044501 0.282115 -0.597909
0.606265 -0.0744008 -0.00163598 0.668269 -0.213132 -0.102728
-1.06504 -0.247583 -0.291554 -1.01373 -0.196665 -0.441406
-0.48277 0.118765 -0.497692 -0.466262 0.148087 -0.52519
-0.436112 -0.245283 0.351072 -0.3842 -0.154126 0.406046
-2.02222 -0.644492 -0.484193 -2.04308 -0.694187 -0.483581
1.37886 -0.0921456 -0.0492855 1.34593 -0.242357 -0.039632
0.452851 0.593042 -0.273406 0.407896 0.593499 -0.320243
0.485116 -0.00426203 -0.968691 0.457576 -0.140341 -0.980632
1.27362 1.04904 0.99846 1.26506 1.13375 1.05907
-0.765876 -0.410193 0.442605 -0.578642 -0.338171 0.442899
0.753323 -1.46831 0.694214 0.944463 -1.37849 0.719361
-0.529644 -0.50012 0.806554 -0.603069 -0.429045 0.627677
-0.639996 -1.32025 0.265132 -0.565577 -1.35654 0.205179
-0.0516123 1.02752 -0.287473 -0.056523 0.900028 -0.268218
-1.14778 1.95377 -1.00975 -1.24662 1.95461 -1.05217
-0.685706 1.59701 -1.24571 -0.862104 1.5853 -1.27385
0.55917 1.44095 -0.483481 0.446601 1.42013 -0.470356
0.890047 0.340913 0.914761 0.902408 0.301729 0.866586
0.479153 -1.35934 0.0249457 0.468317 -1.25341 -0.046145
0.31264 -0.369228 1.10877 0.252734 -0.340691 1.11867
1.27915 -1.23461 0.941558 1.20184 -1.18992 0.929747
-1.286 0.577357 -0.692342 -1.23116 0.517817 -0.696415
-0.319803 1.02599 0.363935 -0.217333 1.07142 0.306716
-0.59573 0.0233488 0.174043 -0.570498 -0.000323 0.114091
0.1056 -0.633898 -0.399257 0.124122 -0.559752 -0.334384
-0.0511309 -0.63434 0.172193 -0.139132 -0.840581 0.162783
-0.98858 0.128983 1.32514 -1.04563 0.182657 1.38681
-0.283911 0.248302 -0.913477 -0.204366 0.054426 -0.85918
1.59625 0.69094 -1.05255 1.69257 0.835722 -1.1635
0.094326 -1.2779 0.922119 0.017233 -1.35781 0.8845
0.902737 -0.699122 -0.912282 0.831054 -0.681638 -0.959628
0.648282 -0.24322 0.0697066 0.620076 -0.202676 0.065119
0.623114 -0.409598 -0.869135 0.673198 -0.288 -0.960123
-1.2237 0.88678 1.01079 -1.24167 1.01362 1.0503
1.23908 0.433577 0.61539 1.20099 0.317962 0.652895
-1.42598 -0.601373 -1.05735 -1.37518 -0.594504 -1.05815
-2.60426 -0.769995 -0.893137 -2.81904 -0.886925 -1.02738
0.442512 -0.670917 0.198871 0.320055 -0.717372 0.246744
-1.07056 0.483685 -0.55383 -0.931026 0.534563 -0.486087
0.275024 0.622306 1.8186 0.213295 0.59407 1.87859
1.44214 1.33933 2.53961 1.59302 1.60835 2.69804
-0.619942 0.895459 0.536511 -0.560715 1.05126 0.51085
-0.216139 -0.652514 -0.697669 -0.20622 -0.679781 -0.671657
-0.585012 -0.458767 0.405874 -0.671992 -0.453477 0.230722
0.245267 -1.66311 -0.566741 0.075176 -1.57945 -0.589128
0.0151225 0.117928 -0.157951 -0.074178 0.067376 -0.21879
-0.534903 0.428109 0.841645 -0.430289 0.413249 0.699492
-0.316136 -0.30375 0.167841 -0.350424 -0.364633 0.175548
-0.989426 2.05293 -0.476662 -1.113 2.02125 -0.523229
0.844229 -1.27052 0.600192 0.834095 -1.28085 0.494493
0.032369 -0.352203 0.007816 0.008124 -0.304588 -0.044324
-0.137992 1.1659 1.10474 -0.234706 1.21126 1.17437
0.415124 0.926148 -1.1903 0.366998 0.93308 -1.18128
-1.16114 -1.29129 0.652469 -1.33478 -1.39981 0.774726
-1.24531 0.659113 1.14213 -1.09688 0.519094 1.10277
-0.480514 -0.707329 -0.51315 -0.484269 -0.692628 -0.383141
-0.446289 1.95842 -0.370539 -0.403405 1.91937 -0.354398
0.561393 -1.95915 0.706793 0.669641 -1.95114 0.675087
0.93414 -0.940469 1.34471 1.09747 -1.00589 1.40095
0.140725 0.512896 0.791605 0.280646 0.558677 0.67134
0.560012 -0.0331492 -0.184651 0.561199 -0.064835 -0.164255
0.183994 0.696062 0.0793066 0.284148 0.689908 0.038472
-0.118409 0.131569 0.101641 -0.205558 0.134081 0.13713
1.11268 -1.584 -0.790621 1.1237 -1.66175 -1.04308
0.534677 -1.77092 0.543612 0.487659 -1.75841 0.356784
2.08586 -0.168017 0.725946 2.04883 -0.306175 0.722039
-0.0898168 0.922435 0.889497 -0.091049 0.96494 0.829693
1.48927 -0.928436 0.854501 1.41622 -0.996219 0.88047
0.248335 -1.22949 1.06404 0.294354 -1.24092 1.08776
-0.412513 -0.227976 -2.42252 -0.295114 -0.183536 -2.33349
0.749483 -1.2029 -0.112403 0.703903 -1.14969 -0.041124
-1.07145 -0.61749 -0.203111 -1.15098 -0.665987 -0.200002
-0.333718 -0.0801688 0.777625 -0.419517 -0.209419 0.721717
0.468409 0.419597 -0.115249 0.446451 0.437016 -0.186594
-0.46532 1.0865 -1.20747 -0.399578 0.99431 -1.18291
1.75239 -0.120732 0.447663 1.62385 -0.156689 0.412764
-0.869678 0.864409 -0.743856 -0.983568 0.733727 -0.711302
-0.630603 -0.857138 -0.351212 -0.542542 -0.776436 -0.35062
-0.696783 0.542246 -0.408832 -0.748255 0.681401 -0.545189
1.10966 -1.43715 -2.2436 1.31292 -1.58975 -2.25963
0.434113 0.283487 0.179295 0.280865 0.19425 0.23197
0.568374 -0.0230516 -0.238518 0.528614 -0.086724 -0.295294
-0.969076 0.213206 0.910133 -0.88701 0.287867 0.923399
1.69064 -1.23749 0.115932 1.69393 -1.30439 0.256185
-0.46481 0.940451 2.06518 -0.502387 0.905216 2.14071
-0.373351 -0.0525806 -1.88361 -0.418668 -0.008339 -1.81109
0.271826 -1.23825 1.13638 0.369165 -1.14808 0.993152
0.594551 0.00731076 0.161393 0.635717 0.077813 0.157423
-1.44935 0.471399 0.887334 -1.33318 0.38726 0.969121
0.281515 -2.09876 -0.224035 0.279126 -1.98473 -0.287532
1.05765 -0.355079 1.80992 1.02745 -0.343509 1.89938
-1.07762 0.6086 0.658294 -1.0827 0.504358 0.725553
-0.287124 1.19229 -0.384207 -0.140484 1.13638 -0.409563
0.816219 0.0748149 -0.310347 0.997601 0.067218 -0.343914
-0.41747 1.16976 -1.31763 -0.517667 1.19953 -1.13878
0.176696 -0.877751 1.34372 -0.012466 -0.778847 1.30829
1.37124 -2.32646 -0.903521 1.44022 -2.37807 -1.21301
-0.101792 -0.539195 -0.963429 -0.113885 -0.571155 -0.972645
0.655974 -0.661369 0.364862 0.534689 -0.553088 0.461314
-1.40254 0.167371 -0.680031 -1.1996 0.09608 -0.661064
1.03594 0.566454 -1.09218 1.22893 0.613178 -1.05844
0.595563 -0.416314 1.9446 0.642512 -0.385104 1.88781
0.130787 -0.0207389 -0.353022 0.157399 -0.040889 -0.159042
0.552063 0.431697 -0.109333 0.406755 0.477036 0.022801
0.394897 0.609912 -0.197415 0.343398 0.633012 -0.207504
-1.30853 -1.00466 -0.62065 -1.31017 -1.0122 -0.734143
-0.506781 0.313944 0.93134 -0.514931 0.465151 0.871109
-0.512535 -0.0105802 0.126386 -0.437335 -0.101713 0.064032
0.645754 0.487416 0.712399 0.709518 0.492693 0.6258
1.94281 0.783521 0.195421 2.03567 0.87685 0.233344
0.798042 -0.5614 -1.18699 0.905861 -0.448819 -1.23582
-0.722754 0.641349 -0.854167 -0.73125 0.771481 -0.921481
-1.61122 -0.823189 0.168527 -1.57352 -0.790983 0.300051
0.869916 -0.602161 -0.361879 0.742228 -0.586048 -0.273309
0.767142 0.201476 0.535075 0.719938 0.222123 0.572658
-0.40447 0.293548 0.608588 -0.391941 0.201208 0.734679
-0.914672 -0.957349 0.263592 -0.94094 -0.874316 0.121655
-0.187559 0.808683 -0.390567 -0.230608 0.775381 -0.329015
-0.0687342 0.0546862 -0.0511837 -0.106565 0.052468 0.118001
0.755274 -0.180846 0.185211 0.776198 -0.081083 0.249521
1.88038 0.595816 0.540955 1.92073 0.641931 0.715798
0.721476 0.485431 -0.000331048 0.737112 0.486358 -0.089442
-0.821817 -0.829881 -0.156947 -0.865852 -0.844015 -0.284783
0.921593 0.228586 1.62228 0.857344 0.139839 1.52926
-0.285295 -0.668123 0.950621 -0.368474 -0.705523 0.913039
-0.976725 1.17728 -1.2461 -1.02783 1.19153 -1.20994
-0.207375 0.444719 0.65751 -0.142489 0.427541 0.636466
-1.45993 -0.800286 0.0709486 -1.28933 -0.791598 0.125507
-1.37355 0.206883 -0.610949 -1.34868 0.320459 -0.651019
0.739236 -0.0478329 -0.288247 0.762149 0.011276 -0.158444
-0.417044 -0.614322 0.558717 -0.288211 -0.72966 0.660639
-0.894805 -1.38916 -0.534657 -0.866642 -1.35049 -0.580553
-0.78926 -1.68614 0.355984 -0.694762 -1.6886 0.307131
0.500195 0.882586 -0.472258 0.50127 0.895874 -0.306016
0.19731 -0.59025 0.807597 0.160652 -0.577485 0.839613
0.748897 2.15553 0.831614 0.809822 2.11313 0.959405
1.49933 0.752517 0.480221 1.51354 0.788371 0.632603
-0.689518 -0.0397801 0.973547 -0.733064 -0.028049 0.916244
-1.11974 -0.539452 0.555946 -1.05197 -0.513281 0.436554
-0.468536 0.629121 -0.298183 -0.343173 0.588385 -0.282604
0.459479 0.175675 -1.81075 0.603577 0.214874 -1.75701
0.671614 -1.724 0.532749 0.582753 -1.86297 0.427141
0.749133 0.880564 -0.386999 0.879563 0.96845 -0.294692
-0.897759 0.227747 0.317015 -1.0203 0.25078 0.269714
-0.238127 0.103799 1.25143 -0.168165 0.11611 1.13592
0.303277 -1.00963 1.98076 0.435029 -1.00779 1.96389
-0.449274 0.0403057 -0.340683 -0.545173 -0.041365 -0.383939
-0.683688 0.656343 0.435642 -0.679207 0.622252 0.476078
1.23934 -0.0703382 1.00297 1.21707 -0.159784 0.936614
-0.121442 -0.183281 -0.0678774 -0.009754 -0.149264 -0.023017
1.06038 -0.988414 0.176561 0.894004 -0.877827 0.277958
0.539463 -1.28491 -0.809279 0.620335 -1.34612 -0.787482
-1.41483 -0.383119 -1.21341 -1.42057 -0.252769 -1.2205
-0.478668 -0.206809 -0.226652 -0.504447 -0.283455 -0.307183
-0.219866 0.604209 0.206427 -0.194112 0.662352 0.138125
1.06328 0.380009 -0.06045 1.00057 0.418299 -0.086448
-1.41945 1.13289 0.691524 -1.39397 1.16166 0.8007
0.184976 -0.552734 -0.618137 0.155115 -0.518363 -0.696252
-0.530118 0.540213 -0.168527 -0.590905 0.618627 -0.233221
-0.615565 0.00832136 -0.218665 -0.547854 0.049027 -0.28253
0.775185 -0.270188 0.681297 0.813399 -0.293465 0.823686
-0.736705 0.516523 -0.503968 -0.653432 0.553957 -0.512299
-0.942096 1.29424 -0.290327 -0.838858 1.31491 -0.098689
0.440911 0.767551 -0.499838 0.582177 0.834288 -0.446889
-0.0618336 -0.472168 0.476483 -0.07708 -0.534063 0.469845
1.08694 -0.469998 -0.904986 1.07763 -0.471781 -1.08956
0.204198 -0.251339 -0.0744656 0.224693 -0.303367 0.000295
-0.617847 0.286696 0.391987 -0.582467 0.348792 0.34839
1.03614 -1.24847 -0.66844 1.01315 -1.26804 -0.724807
-0.841098 -0.477465 0.121296 -0.70136 -0.480442 0.043601
0.499416 -0.438657 1.14039 0.523175 -0.412297 1.11124
-1.38324 -0.980555 -1.61663 -1.35663 -1.04832 -1.66181
0.470762 0.162935 -0.0442224 0.367672 0.072547 -0.065282
1.05038 -0.708628 -0.0707024 1.09904 -0.826247 -0.175247
-0.149833 0.56692 -1.00927 -0.234811 0.552066 -0.908845
1.05048 1.63464 1.01036 1.01783 1.70493 1.01375
-0.853112 -0.760574 0.298183 -0.895929 -0.886182 0.212992
0.720938 0.587911 0.637311 0.768276 0.656276 0.659083
0.736276 -0.954628 1.11287 0.696552 -1.01871 1.17862
0.754388 0.371662 -0.121952 0.816004 0.506599 -0.244062
-0.383082 -2.00189 0.337199 -0.292716 -2.07002 0.433779
-0.0318615 0.540526 -1.05613 -0.003315 0.557191 -0.937648
-0.783503 0.441759 -0.131758 -0.708928 0.355508 -0.017739
-0.132184 0.532604 -0.932216 -0.240756 0.573178 -0.897501
0.19957 0.252823 1.32298 0.250778 0.159144 1.37337
-1.10024 0.915378 1.52075 -1.14442 1.01165 1.55568
-1.48384 1.56998 -0.173418 -1.55408 1.38783 -0.073394
-0.955866 -0.246509 -1.21197 -0.966051 -0.185257 -1.36076
-0.216852 0.375377 1.43691 -0.328778 0.363935 1.36187
1.32761 -1.41045 -1.17754 1.2049 -1.34502 -1.29882
-0.540299 -0.879945 1.16831 -0.50653 -0.933577 1.23895
0.558159 1.29071 0.393477 0.554082 1.31363 0.461672
-0.500041 -0.873233 -0.86899 -0.466036 -0.820014 -0.890127
-0.65724 0.423779 -1.86123 -0.651936 0.349536 -1.74782
-0.510561 0.133332 -1.28199 -0.489546 0.145242 -1.22123
-1.34551 0.349933 0.315798 -1.28234 0.229514 0.357204
-1.11218 0.612286 0.0746566 -1.012 0.629126 0.038315
1.13739 0.395582 0.988639 1.12206 0.394649 0.882537
1.46613 -0.170301 0.825502 1.43436 -0.184069 0.681405
0.864858 -0.839245 0.810898 0.707661 -0.703764 0.723175
1.26148 -0.493933 0.576276 1.17308 -0.46102 0.476874
0.482226 -0.430987 0.75132 0.475493 -0.405345 0.793556
-0.214373 -0.359244 1.07816 -0.132107 -0.420388 1.02773
-0.244753 -0.148702 0.163714 -0.352835 -0.170642 0.085974
-1.56594 -0.496199 -0.492857 -1.41794 -0.532215 -0.470069
-0.0192995 0.503602 -0.893132 -0.079459 0.529098 -0.813593
-0.247493 -0.31404 -0.098715 -0.29218 -0.426874 -0.169088
-0.348975 0.273983 0.779795 -0.329584 0.348852 0.749669
2.15155 0.449953 -0.0545451 2.06444 0.43327 -0.059564
-1.08445 -0.522754 0.336845 -1.2054 -0.420232 0.178123
0.276378 -0.0276267 0.649499 0.120344 0.075996 0.686918
1.60834 -0.738826 0.434597 1.60627 -0.795484 0.621016
0.529414 0.554926 -0.701974 0.458 0.60943 -0.661781
-0.886674 0.919773 0.117844 -0.924996 0.917743 0.166145
-0.679627 -0.609948 -0.829664 -0.696001 -0.676042 -0.731793
0.044982 -1.11097 0.179233 0.054626 -1.01807 0.201396
0.682432 -1.66179 0.374191 0.56906 -1.64876 0.374885
0.271836 0.171166 -0.703062 0.220874 0.168413 -0.802581
-0.899405 1.54471 -0.451565 -0.808131 1.63076 -0.378987
1.04715 1.26702 0.845336 1.08296 1.19083 0.743471
0.820286 1.21124 0.978185 0.724287 1.09354 0.777505
0.171683 -0.366974 -1.2069 0.152577 -0.246444 -1.35046
0.641547 0.00432728 -0.122277 0.667232 0.026709 -0.264086
-0.0620378 -1.9591 -0.855267 -0.006071 -1.85007 -0.721552
-1.29742 -1.80213 -0.330397 -1.31135 -1.59639 -0.200025
0.487974 -0.661394 -0.42235 0.430279 -0.668865 -0.486331
-1.0869 0.387215 0.837129 -1.22998 0.533868 0.770049
0.933784 0.353822 1.10812 0.949726 0.2869 1.02449
-0.517066 -1.08228 0.0399932 -0.542144 -1.06341 -0.16206
0.176466 0.204282 -1.72101 0.199375 0.072014 -1.87829
-1.02435 -0.0620655 1.35543 -0.98486 -0.157436 1.38261
0.603729 -0.395547 -0.743571 0.552328 -0.40732 -0.72223
-0.131677 0.88292 0.185271 -0.214148 0.849567 0.10181
-1.71219 -0.818374 0.459312 -1.72027 -0.767318 0.407135
0.928577 -0.71886 -0.767044 0.806303 -0.604417 -0.865205
0.114802 1.38454 0.501829 0.181817 1.33209 0.478755
-0.135585 0.986616 -0.0284166 -0.16981 0.980302 -0.005291
0.327032 0.444417 1.49462 0.353392 0.499899 1.51301
0.780495 0.978895 -0.817456 0.764354 0.900059 -0.768393
-0.845748 -1.07704 -0.0505206 -0.910897 -1.01832 0.067669
-0.33969 -1.68757 0.472341 -0.433366 -1.68547 0.477139
-0.28186 1.32439 1.68539 -0.230954 1.30967 1.82764
-0.203906 -0.5108 -1.51125 -0.122176 -0.543592 -1.46279
-1.63069 -0.533442 -0.283581 -1.61019 -0.520854 -0.420398
0.37539 -0.808097 0.510655 0.47722 -0.794508 0.516687
-0.0458882 0.0846535 0.213036 0.068219 0.168923 0.287255
-1.37562 -0.314009 1.54086 -1.44791 -0.262707 1.33679
1.04165 -0.168646 1.58895 1.05219 -0.230761 1.45316
-0.730737 0.813869 0.919472 -0.786118 0.752641 0.830025
0.785323 1.78216 0.231566 0.6018 1.69228 0.090027
1.40093 0.269353 1.16794 1.36245 0.146067 1.17691
1.15249 -0.669545 1.4682 1.13937 -0.762526 1.53837
0.270103 -0.830767 -1.06243 0.140671 -0.868057 -1.07362
-1.85588 -0.0087097 -1.43617 -1.76751 0.033268 -1.27571
1.13387 -1.2004 -1.60161 1.29122 -1.19153 -1.64594
-1.4041 -0.408704 -0.206157 -1.4064 -0.570287 -0.083058
0.386499 1.49676 1.01276 0.479363 1.62452 1.00507
-1.10601 0.465281 1.48017 -1.17298 0.560965 1.48389
-0.95697 -0.475535 -0.0400201 -1.01416 -0.423334 0.029939
1.40957 0.367226 -1.06278 1.33852 0.460624 -0.926909
-0.344524 -0.411085 -1.27871 -0.431508 -0.440131 -1.30849
-0.653714 -0.206885 -0.262016 -0.651978 -0.201988 -0.20364
-1.66663 -0.843248 2.24659 -1.68506 -1.09564 2.37883
-1.30191 -0.0263224 1.89081 -1.22986 -0.006164 1.84146
0.250228 1.49831 0.917421 0.389192 1.41114 0.826227
0.973765 -1.1068 -0.77934 0.898781 -0.976779 -0.674462
0.036267 -0.452263 -1.48018 -0.118551 -0.407575 -1.38818
-1.04898 -0.765012 0.190213 -1.04541 -0.654922 0.104872
1.26347 -0.0438233 -0.997076 1.14121 -0.045314 -0.950845
-0.440618 0.945004 0.943354 -0.402419 0.959915 0.843941
-0.558834 1.33138 -0.294247 -0.542298 1.34197 -0.431383
-0.16793 1.29331 -0.0168713 -0.228427 1.19442 -0.146952
-0.823283 0.473186 -0.822775 -0.920141 0.409329 -0.81644
-0.378148 -0.0607127 1.04758 -0.350685 0.068453 1.06077
1.08008 -0.170253 0.315975 1.04792 -0.258061 0.267867
0.749201 0.527948 -2.24952 0.753322 0.653325 -2.17655
1.82468 -0.563591 -0.0235536 1.74648 -0.600426 -0.091114
-0.323407 -1.11867 0.697139 -0.367739 -1.21642 0.732601
0.134809 -0.340527 0.0751377 0.173459 -0.426541 0.068992
-0.663852 0.624662 1.20935 -0.659925 0.543728 1.21506
-2.11695 0.931416 -0.823413 -2.09468 0.980129 -1.00211
0.998734 0.849793 -0.275971 0.939333 0.90493 -0.199663
0.382029 0.275508 -0.995756 0.454585 0.207413 -1.00346
-0.453249 -0.124909 -0.367748 -0.54882 -0.021398 -0.433767
-0.0316728 -0.710694 -0.523529 -0.263452 -0.783593 -0.466349
-0.558662 0.133472 0.137135 -0.527779 0.200076 0.128253
1.18617 -0.875675 -0.375512 1.09464 -0.986293 -0.455846
-0.297989 -0.450008 0.463296 -0.38423 -0.576601 0.464953
-0.633354 1.02449 -1.61894 -0.76077 1.13449 -1.69932
-1.36274 0.153096 0.667909 -1.30554 0.235593 0.663751
-0.686768 0.777002 -0.204137 -0.676987 0.788773 -0.148368
1.40282 0.709698 -2.50079 1.47437 0.878233 -2.44898
-0.608395 0.347259 -1.11603 -0.546967 0.357161 -1.02573
0.419395 -0.375489 0.570796 0.348779 -0.228109 0.511939
0.0863296 -0.239893 -0.148971 0.114856 -0.140469 -0.377462
0.00804888 0.636059 1.27701 0.212367 0.592125 1.14915
0.0990731 0.199766 0.697533 0.003144 0.279614 0.720424
0.923494 -0.321865 -0.717264 0.827408 -0.322309 -0.571679
0.198982 -0.603457 -0.019025 0.24947 -0.675987 0.144788
-0.0734349 -0.356838 0.540329 -0.039857 -0.413185 0.514412
0.197656 -0.260184 -1.66956 0.294304 -0.287735 -1.60582
-0.305626 -0.586537 0.97435 -0.324806 -0.750211 1.00523
0.285279 0.366293 0.00753254 0.289039 0.250845 0.062174
1.14208 -0.391751 -1.1856 1.17826 -0.492913 -1.24296
1.13842 0.777882 0.279298 1.1617 0.726105 0.261123
-0.281691 -0.60304 -0.619592 -0.320702 -0.510195 -0.609139
-1.29987 -0.608234 -0.854269 -1.25557 -0.641711 -0.929212
-0.758826 -0.72049 -0.82697 -0.994133 -0.667353 -0.839932
-1.749 0.588664 1.3779 -1.71742 0.676979 1.33917
1.63034 1.19839 0.212029 1.51458 1.1681 0.264305
1.05431 0.78955 -0.0406391 0.963477 0.777621 0.022914
-1.2516 1.04883 0.726893 -1.15685 1.06259 0.769305
-0.0576521 -1.65342 -0.0793679 -0.10831 -1.67515 -0.091675
0.057067 -0.425268 0.482091 0.136684 -0.496517 0.496783
-0.443649 0.00501664 0.842731 -0.475841 0.014571 0.901147
-0.754399 -0.219746 1.00667 -0.765277 -0.190081 1.00232
-0.395151 -1.54437 0.0988305 -0.47459 -1.4573 0.083536
1.02312 0.126932 -1.33611 1.01401 0.035437 -1.27362
0.533279 -1.42806 0.527722 0.496043 -1.30081 0.551327
0.106594 0.95877 -0.717511 -0.045821 0.95012 -0.760822
-1.40556 0.148061 1.60169 -1.41686 -0.047119 1.80438
-0.84086 1.36874 0.570428 -0.774854 1.33888 0.691457
-0.26953 1.55788 -0.749685 -0.133083 1.36557 -0.835623
0.297309 0.877352 -0.108035 0.353533 0.907868 -0.009439
-0.853181 1.12528 0.158661 -0.761179 1.18671 0.188812
0.387504 -1.28278 0.296524 0.375424 -1.19384 0.388158
-0.139998 -0.837298 0.0373794 -0.088688 -0.944934 0.048867
-0.109164 -0.444807 0.840024 -0.25799 -0.451622 0.75727
1.01933 -0.140089 -1.20949 1.0694 -0.195806 -1.18337
-1.32761 -0.170018 -2.01418 -1.32582 -0.321386 -2.13603
-1.0036 1.12007 -0.35619 -0.925944 1.22442 -0.343505
-1.17895 -0.273043 0.029162 -1.101 -0.235956 0.114539
-0.0475036 -0.568369 -0.962147 0.023585 -0.618457 -0.999633
1.90948 0.992006 0.892285 2.00721 1.17547 0.858525
1.47255 -1.94179 -1.06958 1.67599 -1.98847 -1.22028
0.65604 -0.408216 -0.376724 0.649076 -0.277741 -0.331058
0.466006 -0.363336 0.480087 0.427594 -0.377175 0.545482
0.34147 -0.754842 -0.384877 0.40336 -0.795884 -0.286462
-0.560322 0.860808 -0.162128 -0.42895 0.803214 -0.071392
-2.05153 -0.0792889 -4.83729e-06 -2.15772 -0.041841 -0.020746
-0.797663 0.695952 1.19055 -0.786264 0.759935 1.19985
1.25576 0.497285 -0.236587 1.22728 0.52229 -0.204815
0.00078545 0.801673 -1.38598 -0.119039 0.83764 -1.46585
0.1245 1.14214 1.20823 0.275829 1.26928 1.15989
0.181331 0.158233 -1.02919 0.143845 0.055355 -1.02717
0.193664 1.19999 -0.510862 0.226953 1.21135 -0.513006
-0.470994 1.0827 0.361932 -0.563922 1.06366 0.456167
1.11189 0.431672 -0.291877 1.10968 0.414497 -0.150285
0.661669 -1.65494 -0.0681149 0.785543 -1.57647 0.088756
0.552157 -1.2337 -0.500286 0.71137 -1.26249 -0.551
0.487971 0.713019 0.856926 0.51673 0.763775 0.923682
0.804979 -0.0028358 -1.73886 0.824973 -0.121747 -1.71453
0.388676 0.921191 -0.336663 0.536188 0.8451 -0.280642
