0 0.0537306 0.92359 1.28808 2.93086 2 1 2.50992 -0.333333 10 11 0.35376 
1 0.0434362 0.914033 1.28625 2.93117 2 1 2.49627 -0.333333 10 11 0.361987 
2 0.0434362 0.914033 1.28625 2.93117 2 1 2.49627 -0.333333 10 11 0.361987 
3 0.0407648 0.910596 1.28113 2.93808 2 1 2.55688 -0.333333 10 11 0.312577 
4 0.0407648 0.910596 1.28113 2.93808 2 1 2.55688 -0.333333 10 11 0.312577 
5 0.0407648 0.910596 1.28113 2.93808 2 1 2.55688 -0.333333 10 11 0.312577 
6 0.0366309 0.910596 1.28113 2.93808 2 1 2.55688 -0.333333 10 11 0.351567 
7 0.0366309 0.910596 1.28113 2.93808 2 1 2.55688 -0.333333 10 11 0.351567 
8 0.036184 0.915202 1.28452 2.935 2 1 2.51318 -0.333333 10 11 0.389845 
9 0.0360638 0.912638 1.28393 2.935 2 1 2.49627 -0.333333 10 11 0.388049 
10 0.0353982 0.908006 1.28001 2.93913 2 1 2.52352 -0.333333 10 11 0.373483 
11 0.0353982 0.908006 1.28001 2.93913 2 1 2.52352 -0.333333 10 11 0.373483 
12 0.0353982 0.908006 1.28001 2.93913 2 1 2.52352 -0.333333 10 11 0.373483 
13 0.0353982 0.908006 1.28001 2.93913 2 1 2.52352 -0.333333 10 11 0.373483 
14 0.0353982 0.908006 1.28001 2.93913 2 1 2.52352 -0.333333 10 11 0.373483 
15 0.0353982 0.908006 1.28001 2.93913 2 1 2.52352 -0.333333 10 11 0.373483 
16 0.0353982 0.908006 1.28001 2.93913 2 1 2.52352 -0.333333 10 11 0.373483 
17 0.0353982 0.908006 1.28001 2.93913 2 1 2.52352 -0.333333 10 11 0.373483 
18 0.0353982 0.908006 1.28001 2.93913 2 1 2.52352 -0.333333 10 11 0.373483 
19 0.0353982 0.908006 1.28001 2.93913 2 1 2.52352 -0.333333 10 11 0.373483 
20 0.0353982 0.908006 1.28001 2.93913 2 1 2.52352 -0.333333 10 11 0.373483 
21 0.0353982 0.908006 1.28001 2.93913 2 1 2.52352 -0.333333 10 11 0.373483 
22 0.0353982 0.908006 1.28001 2.93913 2 1 2.52352 -0.333333 10 11 0.373483 
23 0.0353982 0.908006 1.28001 2.93913 2 1 2.52352 -0.333333 10 11 0.373483 
24 0.0353982 0.908006 1.28001 2.93913 2 1 2.52352 -0.333333 10 11 0.373483 
25 0.0353982 0.908006 1.28001 2.93913 2 1 2.52352 -0.333333 10 11 0.373483 
26 0.0338223 0.909842 1.28075 2.93831 2 1 2.49307 -0.333333 10 11 0.399215 
27 0.0338223 0.909842 1.28075 2.93831 2 1 2.49307 -0.333333 10 11 0.399215 
28 0.0338223 0.909842 1.28075 2.93831 2 1 2.49307 -0.333333 10 11 0.399215 
29 0.0338223 0.909842 1.28075 2.93831 2 1 2.49307 -0.333333 10 11 0.399215 
30 0.0338223 0.909842 1.28075 2.93831 2 1 2.49307 -0.333333 10 11 0.399215 
31 0.0338223 0.909842 1.28075 2.93831 2 1 2.49307 -0.333333 10 11 0.399215 
32 0.0338223 0.909842 1.28075 2.93831 2 1 2.49307 -0.333333 10 11 0.399215 
33 0.0338223 0.909842 1.28075 2.93831 2 1 2.49307 -0.333333 10 11 0.399215 
34 0.0338223 0.909842 1.28075 2.93831 2 1 2.49307 -0.333333 10 11 0.399215 
35 0.0338223 0.909842 1.28075 2.93831 2 1 2.49307 -0.333333 10 11 0.399215 
36 0.0338223 0.909842 1.28075 2.93831 2 1 2.49307 -0.333333 10 11 0.399215 
37 0.0338223 0.909842 1.28075 2.93831 2 1 2.49307 -0.333333 10 11 0.399215 
38 0.0338223 0.909842 1.28075 2.93831 2 1 2.49307 -0.333333 10 11 0.399215 
39 0.0338223 0.909842 1.28075 2.93831 2 1 2.49307 -0.333333 10 11 0.399215 
40 0.0338223 0.909842 1.28075 2.93831 2 1 2.49307 -0.333333 10 11 0.399215 
41 0.0338223 0.909842 1.28075 2.93831 2 1 2.49307 -0.333333 10 11 0.399215 
42 0.0338223 0.909842 1.28075 2.93831 2 1 2.49307 -0.333333 10 11 0.399215 
43 0.0338223 0.909842 1.28075 2.93831 2 1 2.49307 -0.333333 10 11 0.399215 
44 0.0338223 0.909842 1.28075 2.93831 2 1 2.49307 -0.333333 10 11 0.399215 
45 0.0338223 0.909842 1.28075 2.93831 2 1 2.49307 -0.333333 10 11 0.399215 
46 0.0338223 0.909842 1.28075 2.93831 2 1 2.49307 -0.333333 10 11 0.399215 
47 0.0338223 0.909842 1.28075 2.93831 2 1 2.49307 -0.333333 10 11 0.399215 
48 0.0338223 0.909842 1.28075 2.93831 2 1 2.49307 -0.333333 10 11 0.399215 
49 0.0338223 0.909842 1.28075 2.93831 2 1 2.49307 -0.333333 10 11 0.399215 
50 0.0338223 0.909842 1.28075 2.93831 2 1 2.49307 -0.333333 10 11 0.399215 
51 0.0338223 0.909842 1.28075 2.93831 2 1 2.49307 -0.333333 10 11 0.399215 
52 0.0338223 0.909842 1.28075 2.93831 2 1 2.49307 -0.333333 10 11 0.399215 
53 0.0338223 0.909842 1.28075 2.93831 2 1 2.49307 -0.333333 10 11 0.399215 
54 0.0338223 0.909842 1.28075 2.93831 2 1 2.49307 -0.333333 10 11 0.399215 
55 0.0338223 0.909842 1.28075 2.93831 2 1 2.49307 -0.333333 10 11 0.399215 
56 0.0338223 0.909842 1.28075 2.93831 2 1 2.49307 -0.333333 10 11 0.399215 
57 0.0338223 0.909842 1.28075 2.93831 2 1 2.49307 -0.333333 10 11 0.399215 
58 0.0338223 0.909842 1.28075 2.93831 2 1 2.49307 -0.333333 10 11 0.399215 
59 0.0338223 0.909842 1.28075 2.93831 2 1 2.49307 -0.333333 10 11 0.399215 
60 0.0338223 0.909842 1.28075 2.93831 2 1 2.49307 -0.333333 10 11 0.399215 
61 0.0338223 0.909842 1.28075 2.93831 2 1 2.49307 -0.333333 10 11 0.399215 
62 0.0338223 0.909842 1.28075 2.93831 2 1 2.49307 -0.333333 10 11 0.399215 
63 0.0338223 0.909842 1.28075 2.93831 2 1 2.49307 -0.333333 10 11 0.399215 
64 0.0338223 0.909842 1.28075 2.93831 2 1 2.49307 -0.333333 10 11 0.399215 
65 0.0338223 0.909842 1.28075 2.93831 2 1 2.49307 -0.333333 10 11 0.399215 
66 0.0338223 0.909842 1.28075 2.93831 2 1 2.49307 -0.333333 10 11 0.399215 
67 0.0338223 0.909842 1.28075 2.93831 2 1 2.49307 -0.333333 10 11 0.399215 
68 0.0338223 0.909842 1.28075 2.93831 2 1 2.49307 -0.333333 10 11 0.399215 
69 0.0338223 0.909842 1.28075 2.93831 2 1 2.49307 -0.333333 10 11 0.399215 
70 0.0338223 0.909842 1.28075 2.93831 2 1 2.49307 -0.333333 10 11 0.399215 
71 0.0338223 0.909842 1.28075 2.93831 2 1 2.49307 -0.333333 10 11 0.399215 
72 0.0338223 0.909842 1.28075 2.93831 2 1 2.49307 -0.333333 10 11 0.399215 
73 0.0338223 0.909842 1.28075 2.93831 2 1 2.49307 -0.333333 10 11 0.399215 
74 0.0338223 0.909842 1.28075 2.93831 2 1 2.49307 -0.333333 10 11 0.399215 
75 0.0338223 0.909842 1.28075 2.93831 2 1 2.49307 -0.333333 10 11 0.399215 
76 0.0338223 0.909842 1.28075 2.93831 2 1 2.49307 -0.333333 10 11 0.399215 
77 0.0338223 0.909842 1.28075 2.93831 2 1 2.49307 -0.333333 10 11 0.399215 
78 0.0338223 0.909842 1.28075 2.93831 2 1 2.49307 -0.333333 10 11 0.399215 
79 0.0338223 0.909842 1.28075 2.93831 2 1 2.49307 -0.333333 10 11 0.399215 
80 0.0338223 0.909842 1.28075 2.93831 2 1 2.49307 -0.333333 10 11 0.399215 
81 0.0338223 0.909842 1.28075 2.93831 2 1 2.49307 -0.333333 10 11 0.399215 
82 0.0338223 0.909842 1.28075 2.93831 2 1 2.49307 -0.333333 10 11 0.399215 
83 0.0338223 0.909842 1.28075 2.93831 2 1 2.49307 -0.333333 10 11 0.399215 
84 0.0338223 0.909842 1.28075 2.93831 2 1 2.49307 -0.333333 10 11 0.399215 
85 0.0338223 0.909842 1.28075 2.93831 2 1 2.49307 -0.333333 10 11 0.399215 
86 0.0338223 0.909842 1.28075 2.93831 2 1 2.49307 -0.333333 10 11 0.399215 
87 0.0338223 0.909842 1.28075 2.93831 2 1 2.49307 -0.333333 10 11 0.399215 
88 0.0338223 0.909842 1.28075 2.93831 2 1 2.49307 -0.333333 10 11 0.399215 
89 0.0338223 0.909842 1.28075 2.93831 2 1 2.49307 -0.333333 10 11 0.399215 
90 0.0338223 0.909842 1.28075 2.93831 2 1 2.49307 -0.333333 10 11 0.399215 
91 0.0338223 0.909842 1.28075 2.93831 2 1 2.49307 -0.333333 10 11 0.399215 
92 0.0338223 0.909842 1.28075 2.93831 2 1 2.49307 -0.333333 10 11 0.399215 
93 0.0338223 0.909842 1.28075 2.93831 2 1 2.49307 -0.333333 10 11 0.399215 
94 0.0338223 0.909842 1.28075 2.93831 2 1 2.49307 -0.333333 10 11 0.399215 
95 0.0338223 0.909842 1.28075 2.93831 2 1 2.49307 -0.333333 10 11 0.399215 
96 0.0338223 0.909842 1.28075 2.93831 2 1 2.49307 -0.333333 10 11 0.399215 
97 0.0338223 0.909842 1.28075 2.93831 2 1 2.49307 -0.333333 10 11 0.399215 
98 0.0337936 0.909842 1.28075 2.93831 2 1 2.49307 -0.333333 10 11 0.390452 
99 0.0337936 0.909842 1.28075 2.93831 2 1 2.49307 -0.333333 10 11 0.390452 
100 0.0337936 0.909842 1.28075 2.93831 2 1 2.49307 -0.333333 10 11 0.390452 
101 0.0337936 0.909842 1.28075 2.93831 2 1 2.49307 -0.333333 10 11 0.390452 
102 0.0337936 0.909842 1.28075 2.93831 2 1 2.49307 -0.333333 10 11 0.390452 
103 0.0337936 0.909842 1.28075 2.93831 2 1 2.49307 -0.333333 10 11 0.390452 
104 0.0337936 0.909842 1.28075 2.93831 2 1 2.49307 -0.333333 10 11 0.390452 
105 0.0337936 0.909842 1.28075 2.93831 2 1 2.49307 -0.333333 10 11 0.390452 
106 0.0337936 0.909842 1.28075 2.93831 2 1 2.49307 -0.333333 10 11 0.390452 
107 0.0337936 0.909842 1.28075 2.93831 2 1 2.49307 -0.333333 10 11 0.390452 
108 0.0337936 0.909842 1.28075 2.93831 2 1 2.49307 -0.333333 10 11 0.390452 
109 0.0337936 0.909842 1.28075 2.93831 2 1 2.49307 -0.333333 10 11 0.390452 
110 0.0337936 0.909842 1.28075 2.93831 2 1 2.49307 -0.333333 10 11 0.390452 
111 0.0337936 0.909842 1.28075 2.93831 2 1 2.49307 -0.333333 10 11 0.390452 
112 0.0337936 0.909842 1.28075 2.93831 2 1 2.49307 -0.333333 10 11 0.390452 
113 0.0337936 0.909842 1.28075 2.93831 2 1 2.49307 -0.333333 10 11 0.390452 
114 0.0337936 0.909842 1.28075 2.93831 2 1 2.49307 -0.333333 10 11 0.390452 
115 0.0337936 0.909842 1.28075 2.93831 2 1 2.49307 -0.333333 10 11 0.390452 
116 0.0337936 0.909842 1.28075 2.93831 2 1 2.49307 -0.333333 10 11 0.390452 
117 0.0337936 0.909842 1.28075 2.93831 2 1 2.49307 -0.333333 10 11 0.390452 
118 0.0337936 0.909842 1.28075 2.93831 2 1 2.49307 -0.333333 10 11 0.390452 
119 0.0337936 0.909842 1.28075 2.93831 2 1 2.49307 -0.333333 10 11 0.390452 
120 0.0337936 0.909842 1.28075 2.93831 2 1 2.49307 -0.333333 10 11 0.390452 
121 0.0337936 0.909842 1.28075 2.93831 2 1 2.49307 -0.333333 10 11 0.390452 
122 0.0337936 0.909842 1.28075 2.93831 2 1 2.49307 -0.333333 10 11 0.390452 
123 0.0337936 0.909842 1.28075 2.93831 2 1 2.49307 -0.333333 10 11 0.390452 
124 0.0337936 0.909842 1.28075 2.93831 2 1 2.49307 -0.333333 10 11 0.390452 
125 0.0337936 0.909842 1.28075 2.93831 2 1 2.49307 -0.333333 10 11 0.390452 
126 0.0337936 0.909842 1.28075 2.93831 2 1 2.49307 -0.333333 10 11 0.390452 
127 0.0337936 0.909842 1.28075 2.93831 2 1 2.49307 -0.333333 10 11 0.390452 
128 0.0337936 0.909842 1.28075 2.93831 2 1 2.49307 -0.333333 10 11 0.390452 
129 0.0337936 0.909842 1.28075 2.93831 2 1 2.49307 -0.333333 10 11 0.390452 
130 0.0337936 0.909842 1.28075 2.93831 2 1 2.49307 -0.333333 10 11 0.390452 
131 0.0337936 0.909842 1.28075 2.93831 2 1 2.49307 -0.333333 10 11 0.390452 
132 0.0337936 0.909842 1.28075 2.93831 2 1 2.49307 -0.333333 10 11 0.390452 
133 0.0337936 0.909842 1.28075 2.93831 2 1 2.49307 -0.333333 10 11 0.390452 
134 0.0337936 0.909842 1.28075 2.93831 2 1 2.49307 -0.333333 10 11 0.390452 
135 0.0337936 0.909842 1.28075 2.93831 2 1 2.49307 -0.333333 10 11 0.390452 
136 0.0337936 0.909842 1.28075 2.93831 2 1 2.49307 -0.333333 10 11 0.390452 
137 0.0337936 0.909842 1.28075 2.93831 2 1 2.49307 -0.333333 10 11 0.390452 
138 0.0337936 0.909842 1.28075 2.93831 2 1 2.49307 -0.333333 10 11 0.390452 
139 0.0337936 0.909842 1.28075 2.93831 2 1 2.49307 -0.333333 10 11 0.390452 
140 0.0337936 0.909842 1.28075 2.93831 2 1 2.49307 -0.333333 10 11 0.390452 
141 0.0337936 0.909842 1.28075 2.93831 2 1 2.49307 -0.333333 10 11 0.390452 
142 0.0337936 0.909842 1.28075 2.93831 2 1 2.49307 -0.333333 10 11 0.390452 
143 0.0337936 0.909842 1.28075 2.93831 2 1 2.49307 -0.333333 10 11 0.390452 
144 0.0337936 0.909842 1.28075 2.93831 2 1 2.49307 -0.333333 10 11 0.390452 
145 0.0337936 0.909842 1.28075 2.93831 2 1 2.49307 -0.333333 10 11 0.390452 
146 0.0332755 0.909343 1.27971 2.93996 2 1 2.49307 -0.333333 10 11 0.383414 
147 0.0332755 0.909343 1.27971 2.93996 2 1 2.49307 -0.333333 10 11 0.383414 
148 0.0332755 0.909343 1.27971 2.93996 2 1 2.49307 -0.333333 10 11 0.383414 
149 0.0332755 0.909343 1.27971 2.93996 2 1 2.49307 -0.333333 10 11 0.383414 
150 0.0332755 0.909343 1.27971 2.93996 2 1 2.49307 -0.333333 10 11 0.383414 
151 0.0332755 0.909343 1.27971 2.93996 2 1 2.49307 -0.333333 10 11 0.383414 
152 0.0332755 0.909343 1.27971 2.93996 2 1 2.49307 -0.333333 10 11 0.383414 
153 0.0332755 0.909343 1.27971 2.93996 2 1 2.49307 -0.333333 10 11 0.383414 
154 0.0332755 0.909343 1.27971 2.93996 2 1 2.49307 -0.333333 10 11 0.383414 
155 0.0332755 0.909343 1.27971 2.93996 2 1 2.49307 -0.333333 10 11 0.383414 
156 0.0332755 0.909343 1.27971 2.93996 2 1 2.49307 -0.333333 10 11 0.383414 
157 0.0329711 0.909343 1.27971 2.93996 2 1 2.50714 -0.333333 10 11 0.386684 
158 0.0329711 0.909343 1.27971 2.93996 2 1 2.50714 -0.333333 10 11 0.386684 
159 0.0329711 0.909343 1.27971 2.93996 2 1 2.50714 -0.333333 10 11 0.386684 
160 0.0329711 0.909343 1.27971 2.93996 2 1 2.50714 -0.333333 10 11 0.386684 
161 0.0329711 0.909343 1.27971 2.93996 2 1 2.50714 -0.333333 10 11 0.386684 
162 0.0329711 0.909343 1.27971 2.93996 2 1 2.50714 -0.333333 10 11 0.386684 
163 0.0329711 0.909343 1.27971 2.93996 2 1 2.50714 -0.333333 10 11 0.386684 
164 0.0329711 0.909343 1.27971 2.93996 2 1 2.50714 -0.333333 10 11 0.386684 
165 0.0329711 0.909343 1.27971 2.93996 2 1 2.50714 -0.333333 10 11 0.386684 
166 0.0329711 0.909343 1.27971 2.93996 2 1 2.50714 -0.333333 10 11 0.386684 
167 0.0329711 0.909343 1.27971 2.93996 2 1 2.50714 -0.333333 10 11 0.386684 
168 0.0329711 0.909343 1.27971 2.93996 2 1 2.50714 -0.333333 10 11 0.386684 
169 0.0329711 0.909343 1.27971 2.93996 2 1 2.50714 -0.333333 10 11 0.386684 
170 0.0329711 0.909343 1.27971 2.93996 2 1 2.50714 -0.333333 10 11 0.386684 
171 0.0329711 0.909343 1.27971 2.93996 2 1 2.50714 -0.333333 10 11 0.386684 
172 0.0329711 0.909343 1.27971 2.93996 2 1 2.50714 -0.333333 10 11 0.386684 
173 0.0329711 0.909343 1.27971 2.93996 2 1 2.50714 -0.333333 10 11 0.386684 
174 0.0329711 0.909343 1.27971 2.93996 2 1 2.50714 -0.333333 10 11 0.386684 
175 0.0329711 0.909343 1.27971 2.93996 2 1 2.50714 -0.333333 10 11 0.386684 
176 0.0329711 0.909343 1.27971 2.93996 2 1 2.50714 -0.333333 10 11 0.386684 
177 0.0329711 0.909343 1.27971 2.93996 2 1 2.50714 -0.333333 10 11 0.386684 
178 0.0329711 0.909343 1.27971 2.93996 2 1 2.50714 -0.333333 10 11 0.386684 
179 0.0329711 0.909343 1.27971 2.93996 2 1 2.50714 -0.333333 10 11 0.386684 
180 0.0329711 0.909343 1.27971 2.93996 2 1 2.50714 -0.333333 10 11 0.386684 
181 0.0329711 0.909343 1.27971 2.93996 2 1 2.50714 -0.333333 10 11 0.386684 
182 0.0329711 0.909343 1.27971 2.93996 2 1 2.50714 -0.333333 10 11 0.386684 
183 0.0329711 0.909343 1.27971 2.93996 2 1 2.50714 -0.333333 10 11 0.386684 
184 0.0329711 0.909343 1.27971 2.93996 2 1 2.50714 -0.333333 10 11 0.386684 
185 0.0329711 0.909343 1.27971 2.93996 2 1 2.50714 -0.333333 10 11 0.386684 
186 0.0329711 0.909343 1.27971 2.93996 2 1 2.50714 -0.333333 10 11 0.386684 
187 0.0329711 0.909343 1.27971 2.93996 2 1 2.50714 -0.333333 10 11 0.386684 
188 0.0329711 0.909343 1.27971 2.93996 2 1 2.50714 -0.333333 10 11 0.386684 
189 0.0329711 0.909343 1.27971 2.93996 2 1 2.50714 -0.333333 10 11 0.386684 
190 0.0329711 0.909343 1.27971 2.93996 2 1 2.50714 -0.333333 10 11 0.386684 
191 0.0329711 0.909343 1.27971 2.93996 2 1 2.50714 -0.333333 10 11 0.386684 
192 0.0329711 0.909343 1.27971 2.93996 2 1 2.50714 -0.333333 10 11 0.386684 
193 0.0329711 0.909343 1.27971 2.93996 2 1 2.50714 -0.333333 10 11 0.386684 
194 0.0329711 0.909343 1.27971 2.93996 2 1 2.50714 -0.333333 10 11 0.386684 
195 0.0329711 0.909343 1.27971 2.93996 2 1 2.50714 -0.333333 10 11 0.386684 
196 0.0329711 0.909343 1.27971 2.93996 2 1 2.50714 -0.333333 10 11 0.386684 
197 0.0329711 0.909343 1.27971 2.93996 2 1 2.50714 -0.333333 10 11 0.386684 
198 0.0329711 0.909343 1.27971 2.93996 2 1 2.50714 -0.333333 10 11 0.386684 
199 0.0329711 0.909343 1.27971 2.93996 2 1 2.50714 -0.333333 10 11 0.386684 
200 0.0329711 0.909343 1.27971 2.93996 2 1 2.50714 -0.333333 10 11 0.386684 
201 0.0329711 0.909343 1.27971 2.93996 2 1 2.50714 -0.333333 10 11 0.386684 
202 0.0329711 0.909343 1.27971 2.93996 2 1 2.50714 -0.333333 10 11 0.386684 
203 0.0329711 0.909343 1.27971 2.93996 2 1 2.50714 -0.333333 10 11 0.386684 
204 0.0329711 0.909343 1.27971 2.93996 2 1 2.50714 -0.333333 10 11 0.386684 
205 0.0329711 0.909343 1.27971 2.93996 2 1 2.50714 -0.333333 10 11 0.386684 
206 0.0329711 0.909343 1.27971 2.93996 2 1 2.50714 -0.333333 10 11 0.386684 
207 0.0329711 0.909343 1.27971 2.93996 2 1 2.50714 -0.333333 10 11 0.386684 
208 0.0329711 0.909343 1.27971 2.93996 2 1 2.50714 -0.333333 10 11 0.386684 
209 0.0329711 0.909343 1.27971 2.93996 2 1 2.50714 -0.333333 10 11 0.386684 
210 0.0329711 0.909343 1.27971 2.93996 2 1 2.50714 -0.333333 10 11 0.386684 
211 0.0329711 0.909343 1.27971 2.93996 2 1 2.50714 -0.333333 10 11 0.386684 
212 0.0329711 0.909343 1.27971 2.93996 2 1 2.50714 -0.333333 10 11 0.386684 
213 0.0329711 0.909343 1.27971 2.93996 2 1 2.50714 -0.333333 10 11 0.386684 
214 0.0329711 0.909343 1.27971 2.93996 2 1 2.50714 -0.333333 10 11 0.386684 
215 0.0329711 0.909343 1.27971 2.93996 2 1 2.50714 -0.333333 10 11 0.386684 
216 0.0329094 0.909343 1.27971 2.93996 2 1 2.50714 -0.333333 10 11 0.393337 
217 0.0329094 0.909343 1.27971 2.93996 2 1 2.50714 -0.333333 10 11 0.393337 
218 0.0329094 0.909343 1.27971 2.93996 2 1 2.50714 -0.333333 10 11 0.393337 
219 0.0329094 0.909343 1.27971 2.93996 2 1 2.50714 -0.333333 10 11 0.393337 
220 0.0329094 0.909343 1.27971 2.93996 2 1 2.50714 -0.333333 10 11 0.393337 
221 0.0329094 0.909343 1.27971 2.93996 2 1 2.50714 -0.333333 10 11 0.393337 
222 0.0329094 0.909343 1.27971 2.93996 2 1 2.50714 -0.333333 10 11 0.393337 
223 0.0329094 0.909343 1.27971 2.93996 2 1 2.50714 -0.333333 10 11 0.393337 
224 0.0329094 0.909343 1.27971 2.93996 2 1 2.50714 -0.333333 10 11 0.393337 
225 0.0329094 0.909343 1.27971 2.93996 2 1 2.50714 -0.333333 10 11 0.393337 
226 0.0329094 0.909343 1.27971 2.93996 2 1 2.50714 -0.333333 10 11 0.393337 
227 0.0329094 0.909343 1.27971 2.93996 2 1 2.50714 -0.333333 10 11 0.393337 
228 0.0329094 0.909343 1.27971 2.93996 2 1 2.50714 -0.333333 10 11 0.393337 
229 0.0329094 0.909343 1.27971 2.93996 2 1 2.50714 -0.333333 10 11 0.393337 
230 0.0329094 0.909343 1.27971 2.93996 2 1 2.50714 -0.333333 10 11 0.393337 
231 0.0329094 0.909343 1.27971 2.93996 2 1 2.50714 -0.333333 10 11 0.393337 
232 0.0329094 0.909343 1.27971 2.93996 2 1 2.50714 -0.333333 10 11 0.393337 
233 0.0329094 0.909343 1.27971 2.93996 2 1 2.50714 -0.333333 10 11 0.393337 
234 0.0329094 0.909343 1.27971 2.93996 2 1 2.50714 -0.333333 10 11 0.393337 
235 0.0329094 0.909343 1.27971 2.93996 2 1 2.50714 -0.333333 10 11 0.393337 
236 0.0329094 0.909343 1.27971 2.93996 2 1 2.50714 -0.333333 10 11 0.393337 
237 0.0329094 0.909343 1.27971 2.93996 2 1 2.50714 -0.333333 10 11 0.393337 
238 0.0329094 0.909343 1.27971 2.93996 2 1 2.50714 -0.333333 10 11 0.393337 
239 0.0329094 0.909343 1.27971 2.93996 2 1 2.50714 -0.333333 10 11 0.393337 
240 0.0329094 0.909343 1.27971 2.93996 2 1 2.50714 -0.333333 10 11 0.393337 
241 0.0329094 0.909343 1.27971 2.93996 2 1 2.50714 -0.333333 10 11 0.393337 
242 0.0329094 0.909343 1.27971 2.93996 2 1 2.50714 -0.333333 10 11 0.393337 
243 0.0329094 0.909343 1.27971 2.93996 2 1 2.50714 -0.333333 10 11 0.393337 
244 0.0329094 0.909343 1.27971 2.93996 2 1 2.50714 -0.333333 10 11 0.393337 
245 0.0329094 0.909343 1.27971 2.93996 2 1 2.50714 -0.333333 10 11 0.393337 
246 0.0329094 0.909343 1.27971 2.93996 2 1 2.50714 -0.333333 10 11 0.393337 
247 0.0329094 0.909343 1.27971 2.93996 2 1 2.50714 -0.333333 10 11 0.393337 
248 0.0329094 0.909343 1.27971 2.93996 2 1 2.50714 -0.333333 10 11 0.393337 
249 0.0329094 0.909343 1.27971 2.93996 2 1 2.50714 -0.333333 10 11 0.393337 
250 0.0329094 0.909343 1.27971 2.93996 2 1 2.50714 -0.333333 10 11 0.393337 
251 0.0329094 0.909343 1.27971 2.93996 2 1 2.50714 -0.333333 10 11 0.393337 
252 0.0329094 0.909343 1.27971 2.93996 2 1 2.50714 -0.333333 10 11 0.393337 
253 0.0329094 0.909343 1.27971 2.93996 2 1 2.50714 -0.333333 10 11 0.393337 
254 0.0329094 0.909343 1.27971 2.93996 2 1 2.50714 -0.333333 10 11 0.393337 
255 0.0329094 0.909343 1.27971 2.93996 2 1 2.50714 -0.333333 10 11 0.393337 
256 0.0329094 0.909343 1.27971 2.93996 2 1 2.50714 -0.333333 10 11 0.393337 
257 0.0329094 0.909343 1.27971 2.93996 2 1 2.50714 -0.333333 10 11 0.393337 
258 0.0329094 0.909343 1.27971 2.93996 2 1 2.50714 -0.333333 10 11 0.393337 
259 0.0329094 0.909343 1.27971 2.93996 2 1 2.50714 -0.333333 10 11 0.393337 
260 0.0329094 0.909343 1.27971 2.93996 2 1 2.50714 -0.333333 10 11 0.393337 
261 0.0329094 0.909343 1.27971 2.93996 2 1 2.50714 -0.333333 10 11 0.393337 
262 0.0329094 0.909343 1.27971 2.93996 2 1 2.50714 -0.333333 10 11 0.393337 
263 0.0329094 0.909343 1.27971 2.93996 2 1 2.50714 -0.333333 10 11 0.393337 
264 0.0329094 0.909343 1.27971 2.93996 2 1 2.50714 -0.333333 10 11 0.393337 
265 0.0329094 0.909343 1.27971 2.93996 2 1 2.50714 -0.333333 10 11 0.393337 
266 0.0329094 0.909343 1.27971 2.93996 2 1 2.50714 -0.333333 10 11 0.393337 
267 0.0329094 0.909343 1.27971 2.93996 2 1 2.50714 -0.333333 10 11 0.393337 
268 0.0329094 0.909343 1.27971 2.93996 2 1 2.50714 -0.333333 10 11 0.393337 
269 0.0329094 0.909343 1.27971 2.93996 2 1 2.50714 -0.333333 10 11 0.393337 
270 0.0329094 0.909343 1.27971 2.93996 2 1 2.50714 -0.333333 10 11 0.393337 
271 0.0329094 0.909343 1.27971 2.93996 2 1 2.50714 -0.333333 10 11 0.393337 
272 0.0329094 0.909343 1.27971 2.93996 2 1 2.50714 -0.333333 10 11 0.393337 
273 0.0329094 0.909343 1.27971 2.93996 2 1 2.50714 -0.333333 10 11 0.393337 
274 0.0329094 0.909343 1.27971 2.93996 2 1 2.50714 -0.333333 10 11 0.393337 
275 0.0329094 0.909343 1.27971 2.93996 2 1 2.50714 -0.333333 10 11 0.393337 
276 0.0329094 0.909343 1.27971 2.93996 2 1 2.50714 -0.333333 10 11 0.393337 
277 0.0329094 0.909343 1.27971 2.93996 2 1 2.50714 -0.333333 10 11 0.393337 
278 0.0329094 0.909343 1.27971 2.93996 2 1 2.50714 -0.333333 10 11 0.393337 
279 0.0329094 0.909343 1.27971 2.93996 2 1 2.50714 -0.333333 10 11 0.393337 
280 0.0329094 0.909343 1.27971 2.93996 2 1 2.50714 -0.333333 10 11 0.393337 
281 0.0329094 0.909343 1.27971 2.93996 2 1 2.50714 -0.333333 10 11 0.393337 
282 0.0329094 0.909343 1.27971 2.93996 2 1 2.50714 -0.333333 10 11 0.393337 
283 0.0329094 0.909343 1.27971 2.93996 2 1 2.50714 -0.333333 10 11 0.393337 
284 0.0329094 0.909343 1.27971 2.93996 2 1 2.50714 -0.333333 10 11 0.393337 
285 0.0329094 0.909343 1.27971 2.93996 2 1 2.50714 -0.333333 10 11 0.393337 
286 0.0329094 0.909343 1.27971 2.93996 2 1 2.50714 -0.333333 10 11 0.393337 
287 0.0329094 0.909343 1.27971 2.93996 2 1 2.50714 -0.333333 10 11 0.393337 
288 0.0329094 0.909343 1.27971 2.93996 2 1 2.50714 -0.333333 10 11 0.393337 
289 0.0329094 0.909343 1.27971 2.93996 2 1 2.50714 -0.333333 10 11 0.393337 
290 0.0329094 0.909343 1.27971 2.93996 2 1 2.50714 -0.333333 10 11 0.393337 
291 0.0329094 0.909343 1.27971 2.93996 2 1 2.50714 -0.333333 10 11 0.393337 
292 0.0329094 0.909343 1.27971 2.93996 2 1 2.50714 -0.333333 10 11 0.393337 
293 0.0329094 0.909343 1.27971 2.93996 2 1 2.50714 -0.333333 10 11 0.393337 
294 0.0329094 0.909343 1.27971 2.93996 2 1 2.50714 -0.333333 10 11 0.393337 
295 0.0329094 0.909343 1.27971 2.93996 2 1 2.50714 -0.333333 10 11 0.393337 
296 0.0329094 0.909343 1.27971 2.93996 2 1 2.50714 -0.333333 10 11 0.393337 
297 0.0329094 0.909343 1.27971 2.93996 2 1 2.50714 -0.333333 10 11 0.393337 
298 0.0329094 0.909343 1.27971 2.93996 2 1 2.50714 -0.333333 10 11 0.393337 
299 0.0329094 0.909343 1.27971 2.93996 2 1 2.50714 -0.333333 10 11 0.393337 
300 0.0329094 0.909343 1.27971 2.93996 2 1 2.50714 -0.333333 10 11 0.393337 
301 0.0329094 0.909343 1.27971 2.93996 2 1 2.50714 -0.333333 10 11 0.393337 
302 0.0329032 0.909343 1.27971 2.93996 2 1 2.5132 -0.333333 10 11 0.395137 
303 0.0329032 0.909343 1.27971 2.93996 2 1 2.5132 -0.333333 10 11 0.395137 
304 0.0329032 0.909343 1.27971 2.93996 2 1 2.5132 -0.333333 10 11 0.395137 
305 0.0329032 0.909343 1.27971 2.93996 2 1 2.5132 -0.333333 10 11 0.395137 
306 0.0329032 0.909343 1.27971 2.93996 2 1 2.5132 -0.333333 10 11 0.395137 
307 0.0329032 0.909343 1.27971 2.93996 2 1 2.5132 -0.333333 10 11 0.395137 
308 0.0329032 0.909343 1.27971 2.93996 2 1 2.5132 -0.333333 10 11 0.395137 
309 0.0329032 0.909343 1.27971 2.93996 2 1 2.5132 -0.333333 10 11 0.395137 
310 0.0329032 0.909343 1.27971 2.93996 2 1 2.5132 -0.333333 10 11 0.395137 
311 0.0329032 0.909343 1.27971 2.93996 2 1 2.5132 -0.333333 10 11 0.395137 
312 0.0329032 0.909343 1.27971 2.93996 2 1 2.5132 -0.333333 10 11 0.395137 
313 0.0329032 0.909343 1.27971 2.93996 2 1 2.5132 -0.333333 10 11 0.395137 
314 0.0329032 0.909343 1.27971 2.93996 2 1 2.5132 -0.333333 10 11 0.395137 
315 0.0329032 0.909343 1.27971 2.93996 2 1 2.5132 -0.333333 10 11 0.395137 
316 0.0329032 0.909343 1.27971 2.93996 2 1 2.5132 -0.333333 10 11 0.395137 
317 0.0329032 0.909343 1.27971 2.93996 2 1 2.5132 -0.333333 10 11 0.395137 
318 0.0329032 0.909343 1.27971 2.93996 2 1 2.5132 -0.333333 10 11 0.395137 
319 0.0329032 0.909343 1.27971 2.93996 2 1 2.5132 -0.333333 10 11 0.395137 
320 0.0329032 0.909343 1.27971 2.93996 2 1 2.5132 -0.333333 10 11 0.395137 
321 0.0329032 0.909343 1.27971 2.93996 2 1 2.5132 -0.333333 10 11 0.395137 
322 0.0329032 0.909343 1.27971 2.93996 2 1 2.5132 -0.333333 10 11 0.395137 
323 0.0329032 0.909343 1.27971 2.93996 2 1 2.5132 -0.333333 10 11 0.395137 
324 0.0329032 0.909343 1.27971 2.93996 2 1 2.5132 -0.333333 10 11 0.395137 
325 0.0329032 0.909343 1.27971 2.93996 2 1 2.5132 -0.333333 10 11 0.395137 
326 0.0329032 0.909343 1.27971 2.93996 2 1 2.5132 -0.333333 10 11 0.395137 
327 0.0329032 0.909343 1.27971 2.93996 2 1 2.5132 -0.333333 10 11 0.395137 
328 0.0329032 0.909343 1.27971 2.93996 2 1 2.5132 -0.333333 10 11 0.395137 
329 0.0329032 0.909343 1.27971 2.93996 2 1 2.5132 -0.333333 10 11 0.395137 
330 0.0329032 0.909343 1.27971 2.93996 2 1 2.5132 -0.333333 10 11 0.395137 
331 0.0329032 0.909343 1.27971 2.93996 2 1 2.5132 -0.333333 10 11 0.395137 
332 0.0329032 0.909343 1.27971 2.93996 2 1 2.5132 -0.333333 10 11 0.395137 
333 0.0329032 0.909343 1.27971 2.93996 2 1 2.5132 -0.333333 10 11 0.395137 
334 0.0329032 0.909343 1.27971 2.93996 2 1 2.5132 -0.333333 10 11 0.395137 
335 0.0329032 0.909343 1.27971 2.93996 2 1 2.5132 -0.333333 10 11 0.395137 
336 0.0329032 0.909343 1.27971 2.93996 2 1 2.5132 -0.333333 10 11 0.395137 
337 0.0329032 0.909343 1.27971 2.93996 2 1 2.5132 -0.333333 10 11 0.395137 
338 0.0329032 0.909343 1.27971 2.93996 2 1 2.5132 -0.333333 10 11 0.395137 
339 0.0329032 0.909343 1.27971 2.93996 2 1 2.5132 -0.333333 10 11 0.395137 
340 0.0329032 0.909343 1.27971 2.93996 2 1 2.5132 -0.333333 10 11 0.395137 
341 0.0329032 0.909343 1.27971 2.93996 2 1 2.5132 -0.333333 10 11 0.395137 
342 0.0329032 0.909343 1.27971 2.93996 2 1 2.5132 -0.333333 10 11 0.395137 
343 0.0329032 0.909343 1.27971 2.93996 2 1 2.5132 -0.333333 10 11 0.395137 
344 0.0329032 0.909343 1.27971 2.93996 2 1 2.5132 -0.333333 10 11 0.395137 
345 0.0329032 0.909343 1.27971 2.93996 2 1 2.5132 -0.333333 10 11 0.395137 
346 0.0329032 0.909343 1.27971 2.93996 2 1 2.5132 -0.333333 10 11 0.395137 
347 0.0329032 0.909343 1.27971 2.93996 2 1 2.5132 -0.333333 10 11 0.395137 
348 0.0329032 0.909343 1.27971 2.93996 2 1 2.5132 -0.333333 10 11 0.395137 
349 0.0329032 0.909343 1.27971 2.93996 2 1 2.5132 -0.333333 10 11 0.395137 
350 0.0329032 0.909343 1.27971 2.93996 2 1 2.5132 -0.333333 10 11 0.395137 
351 0.0329032 0.909343 1.27971 2.93996 2 1 2.5132 -0.333333 10 11 0.395137 
352 0.0329032 0.909343 1.27971 2.93996 2 1 2.5132 -0.333333 10 11 0.395137 
353 0.0329032 0.909343 1.27971 2.93996 2 1 2.5132 -0.333333 10 11 0.395137 
354 0.0329032 0.909343 1.27971 2.93996 2 1 2.5132 -0.333333 10 11 0.395137 
355 0.0329032 0.909343 1.27971 2.93996 2 1 2.5132 -0.333333 10 11 0.395137 
356 0.0329032 0.909343 1.27971 2.93996 2 1 2.5132 -0.333333 10 11 0.395137 
357 0.0329032 0.909343 1.27971 2.93996 2 1 2.5132 -0.333333 10 11 0.395137 
358 0.0329032 0.909343 1.27971 2.93996 2 1 2.5132 -0.333333 10 11 0.395137 
359 0.0329032 0.909343 1.27971 2.93996 2 1 2.5132 -0.333333 10 11 0.395137 
360 0.0329032 0.909343 1.27971 2.93996 2 1 2.5132 -0.333333 10 11 0.395137 
361 0.0328923 0.909343 1.27971 2.93996 2 1 2.5132 -0.333333 10 11 0.39152 
362 0.0328923 0.909343 1.27971 2.93996 2 1 2.5132 -0.333333 10 11 0.39152 
363 0.0328923 0.909343 1.27971 2.93996 2 1 2.5132 -0.333333 10 11 0.39152 
364 0.0328923 0.909343 1.27971 2.93996 2 1 2.5132 -0.333333 10 11 0.39152 
365 0.0328923 0.909343 1.27971 2.93996 2 1 2.5132 -0.333333 10 11 0.39152 
366 0.0328923 0.909343 1.27971 2.93996 2 1 2.5132 -0.333333 10 11 0.39152 
367 0.0328923 0.909343 1.27971 2.93996 2 1 2.5132 -0.333333 10 11 0.39152 
368 0.0328923 0.909343 1.27971 2.93996 2 1 2.5132 -0.333333 10 11 0.39152 
369 0.0328923 0.909343 1.27971 2.93996 2 1 2.5132 -0.333333 10 11 0.39152 
370 0.0328923 0.909343 1.27971 2.93996 2 1 2.5132 -0.333333 10 11 0.39152 
371 0.0328923 0.909343 1.27971 2.93996 2 1 2.5132 -0.333333 10 11 0.39152 
372 0.0328923 0.909343 1.27971 2.93996 2 1 2.5132 -0.333333 10 11 0.39152 
373 0.0328923 0.909343 1.27971 2.93996 2 1 2.5132 -0.333333 10 11 0.39152 
374 0.0328923 0.909343 1.27971 2.93996 2 1 2.5132 -0.333333 10 11 0.39152 
375 0.0328923 0.909343 1.27971 2.93996 2 1 2.5132 -0.333333 10 11 0.39152 
376 0.0328923 0.909343 1.27971 2.93996 2 1 2.5132 -0.333333 10 11 0.39152 
377 0.0328923 0.909343 1.27971 2.93996 2 1 2.5132 -0.333333 10 11 0.39152 
378 0.0328923 0.909343 1.27971 2.93996 2 1 2.5132 -0.333333 10 11 0.39152 
379 0.0328923 0.909343 1.27971 2.93996 2 1 2.5132 -0.333333 10 11 0.39152 
380 0.0328923 0.909343 1.27971 2.93996 2 1 2.5132 -0.333333 10 11 0.39152 
381 0.0328923 0.909343 1.27971 2.93996 2 1 2.5132 -0.333333 10 11 0.39152 
382 0.0328923 0.909343 1.27971 2.93996 2 1 2.5132 -0.333333 10 11 0.39152 
383 0.0328923 0.909343 1.27971 2.93996 2 1 2.5132 -0.333333 10 11 0.39152 
384 0.0328923 0.909343 1.27971 2.93996 2 1 2.5132 -0.333333 10 11 0.39152 
385 0.0328923 0.909343 1.27971 2.93996 2 1 2.5132 -0.333333 10 11 0.39152 
386 0.0328923 0.909343 1.27971 2.93996 2 1 2.5132 -0.333333 10 11 0.39152 
387 0.0328923 0.909343 1.27971 2.93996 2 1 2.5132 -0.333333 10 11 0.39152 
388 0.0328923 0.909343 1.27971 2.93996 2 1 2.5132 -0.333333 10 11 0.39152 
389 0.0328923 0.909343 1.27971 2.93996 2 1 2.5132 -0.333333 10 11 0.39152 
390 0.0328923 0.909343 1.27971 2.93996 2 1 2.5132 -0.333333 10 11 0.39152 
391 0.0328923 0.909343 1.27971 2.93996 2 1 2.5132 -0.333333 10 11 0.39152 
392 0.0328923 0.909343 1.27971 2.93996 2 1 2.5132 -0.333333 10 11 0.39152 
393 0.0328923 0.909343 1.27971 2.93996 2 1 2.5132 -0.333333 10 11 0.39152 
394 0.0328923 0.909343 1.27971 2.93996 2 1 2.5132 -0.333333 10 11 0.39152 
395 0.0328923 0.909343 1.27971 2.93996 2 1 2.5132 -0.333333 10 11 0.39152 
396 0.0328923 0.909343 1.27971 2.93996 2 1 2.5132 -0.333333 10 11 0.39152 
397 0.0328923 0.909343 1.27971 2.93996 2 1 2.5132 -0.333333 10 11 0.39152 
398 0.0328923 0.909343 1.27971 2.93996 2 1 2.5132 -0.333333 10 11 0.39152 
399 0.0328923 0.909343 1.27971 2.93996 2 1 2.5132 -0.333333 10 11 0.39152 
400 0.0328923 0.909343 1.27971 2.93996 2 1 2.5132 -0.333333 10 11 0.39152 
401 0.0328923 0.909343 1.27971 2.93996 2 1 2.5132 -0.333333 10 11 0.39152 
402 0.0328923 0.909343 1.27971 2.93996 2 1 2.5132 -0.333333 10 11 0.39152 
403 0.0328923 0.909343 1.27971 2.93996 2 1 2.5132 -0.333333 10 11 0.39152 
404 0.0328923 0.909343 1.27971 2.93996 2 1 2.5132 -0.333333 10 11 0.39152 
405 0.0328923 0.909343 1.27971 2.93996 2 1 2.5132 -0.333333 10 11 0.39152 
406 0.0328923 0.909343 1.27971 2.93996 2 1 2.5132 -0.333333 10 11 0.39152 
407 0.0328923 0.909343 1.27971 2.93996 2 1 2.5132 -0.333333 10 11 0.39152 
408 0.0328923 0.909343 1.27971 2.93996 2 1 2.5132 -0.333333 10 11 0.39152 
409 0.0328923 0.909343 1.27971 2.93996 2 1 2.5132 -0.333333 10 11 0.39152 
410 0.0328923 0.909343 1.27971 2.93996 2 1 2.5132 -0.333333 10 11 0.39152 
411 0.0328923 0.909343 1.27971 2.93996 2 1 2.5132 -0.333333 10 11 0.39152 
412 0.0328923 0.909343 1.27971 2.93996 2 1 2.5132 -0.333333 10 11 0.39152 
413 0.0328923 0.909343 1.27971 2.93996 2 1 2.5132 -0.333333 10 11 0.39152 
414 0.0328923 0.909343 1.27971 2.93996 2 1 2.5132 -0.333333 10 11 0.39152 
415 0.0328923 0.909343 1.27971 2.93996 2 1 2.5132 -0.333333 10 11 0.39152 
416 0.0328923 0.909343 1.27971 2.93996 2 1 2.5132 -0.333333 10 11 0.39152 
417 0.0328923 0.909343 1.27971 2.93996 2 1 2.5132 -0.333333 10 11 0.39152 
418 0.0328923 0.909343 1.27971 2.93996 2 1 2.5132 -0.333333 10 11 0.39152 
419 0.0328923 0.909343 1.27971 2.93996 2 1 2.5132 -0.333333 10 11 0.39152 
420 0.0328923 0.909343 1.27971 2.93996 2 1 2.5132 -0.333333 10 11 0.39152 
421 0.0328923 0.909343 1.27971 2.93996 2 1 2.5132 -0.333333 10 11 0.39152 
422 0.0328923 0.909343 1.27971 2.93996 2 1 2.5132 -0.333333 10 11 0.39152 
423 0.0328923 0.909343 1.27971 2.93996 2 1 2.5132 -0.333333 10 11 0.39152 
424 0.0328923 0.909343 1.27971 2.93996 2 1 2.5132 -0.333333 10 11 0.39152 
425 0.0328923 0.909343 1.27971 2.93996 2 1 2.5132 -0.333333 10 11 0.39152 
426 0.0328923 0.909343 1.27971 2.93996 2 1 2.5132 -0.333333 10 11 0.39152 
427 0.0328923 0.909343 1.27971 2.93996 2 1 2.5132 -0.333333 10 11 0.39152 
428 0.0328923 0.909343 1.27971 2.93996 2 1 2.5132 -0.333333 10 11 0.39152 
429 0.0328923 0.909343 1.27971 2.93996 2 1 2.5132 -0.333333 10 11 0.39152 
430 0.0328923 0.909343 1.27971 2.93996 2 1 2.5132 -0.333333 10 11 0.39152 
431 0.0328923 0.909343 1.27971 2.93996 2 1 2.5132 -0.333333 10 11 0.39152 
432 0.0328923 0.909343 1.27971 2.93996 2 1 2.5132 -0.333333 10 11 0.39152 
433 0.0328923 0.909343 1.27971 2.93996 2 1 2.5132 -0.333333 10 11 0.39152 
434 0.0328923 0.909343 1.27971 2.93996 2 1 2.5132 -0.333333 10 11 0.39152 
435 0.0328923 0.909343 1.27971 2.93996 2 1 2.5132 -0.333333 10 11 0.39152 
436 0.0328923 0.909343 1.27971 2.93996 2 1 2.5132 -0.333333 10 11 0.39152 
437 0.0328923 0.909343 1.27971 2.93996 2 1 2.5132 -0.333333 10 11 0.39152 
438 0.0328923 0.909343 1.27971 2.93996 2 1 2.5132 -0.333333 10 11 0.39152 
439 0.0328923 0.909343 1.27971 2.93996 2 1 2.5132 -0.333333 10 11 0.39152 
440 0.0328923 0.909343 1.27971 2.93996 2 1 2.5132 -0.333333 10 11 0.39152 
441 0.0328923 0.909343 1.27971 2.93996 2 1 2.5132 -0.333333 10 11 0.39152 
442 0.0328923 0.909343 1.27971 2.93996 2 1 2.5132 -0.333333 10 11 0.39152 
443 0.0328923 0.909343 1.27971 2.93996 2 1 2.5132 -0.333333 10 11 0.39152 
444 0.0328923 0.909343 1.27971 2.93996 2 1 2.5132 -0.333333 10 11 0.39152 
445 0.0328923 0.909343 1.27971 2.93996 2 1 2.5132 -0.333333 10 11 0.39152 
446 0.0328923 0.909343 1.27971 2.93996 2 1 2.5132 -0.333333 10 11 0.39152 
447 0.0328923 0.909343 1.27971 2.93996 2 1 2.5132 -0.333333 10 11 0.39152 
448 0.0328923 0.909343 1.27971 2.93996 2 1 2.5132 -0.333333 10 11 0.39152 
449 0.0328923 0.909343 1.27971 2.93996 2 1 2.5132 -0.333333 10 11 0.39152 
450 0.0328923 0.909343 1.27971 2.93996 2 1 2.5132 -0.333333 10 11 0.39152 
451 0.0328923 0.909343 1.27971 2.93996 2 1 2.5132 -0.333333 10 11 0.39152 
452 0.0328923 0.909343 1.27971 2.93996 2 1 2.5132 -0.333333 10 11 0.39152 
453 0.0328923 0.909343 1.27971 2.93996 2 1 2.5132 -0.333333 10 11 0.39152 
454 0.0328923 0.909343 1.27971 2.93996 2 1 2.5132 -0.333333 10 11 0.39152 
455 0.0328923 0.909343 1.27971 2.93996 2 1 2.5132 -0.333333 10 11 0.39152 
456 0.0328923 0.909343 1.27971 2.93996 2 1 2.5132 -0.333333 10 11 0.39152 
457 0.0328923 0.909343 1.27971 2.93996 2 1 2.5132 -0.333333 10 11 0.39152 
458 0.0328923 0.909343 1.27971 2.93996 2 1 2.5132 -0.333333 10 11 0.39152 
459 0.0328923 0.909343 1.27971 2.93996 2 1 2.5132 -0.333333 10 11 0.39152 
460 0.0328923 0.909343 1.27971 2.93996 2 1 2.5132 -0.333333 10 11 0.39152 
461 0.0328923 0.909343 1.27971 2.93996 2 1 2.5132 -0.333333 10 11 0.39152 
462 0.0328923 0.909343 1.27971 2.93996 2 1 2.5132 -0.333333 10 11 0.39152 
463 0.0328923 0.909343 1.27971 2.93996 2 1 2.5132 -0.333333 10 11 0.39152 
464 0.0328923 0.909343 1.27971 2.93996 2 1 2.5132 -0.333333 10 11 0.39152 
465 0.0328923 0.909343 1.27971 2.93996 2 1 2.5132 -0.333333 10 11 0.39152 
466 0.0328923 0.909343 1.27971 2.93996 2 1 2.5132 -0.333333 10 11 0.39152 
467 0.0328923 0.909343 1.27971 2.93996 2 1 2.5132 -0.333333 10 11 0.39152 
468 0.0328923 0.909343 1.27971 2.93996 2 1 2.5132 -0.333333 10 11 0.39152 
469 0.0328923 0.909343 1.27971 2.93996 2 1 2.5132 -0.333333 10 11 0.39152 
470 0.0328923 0.909343 1.27971 2.93996 2 1 2.5132 -0.333333 10 11 0.39152 
471 0.032891 0.909343 1.27971 2.93996 2 1 2.5132 -0.333333 10 11 0.392146 
472 0.032891 0.909343 1.27971 2.93996 2 1 2.5132 -0.333333 10 11 0.392146 
473 0.032891 0.909343 1.27971 2.93996 2 1 2.5132 -0.333333 10 11 0.392146 
474 0.032891 0.909343 1.27971 2.93996 2 1 2.5132 -0.333333 10 11 0.392146 
475 0.032891 0.909343 1.27971 2.93996 2 1 2.5132 -0.333333 10 11 0.392146 
476 0.032891 0.909343 1.27971 2.93996 2 1 2.5132 -0.333333 10 11 0.392146 
477 0.032891 0.909343 1.27971 2.93996 2 1 2.5132 -0.333333 10 11 0.392146 
478 0.032891 0.909343 1.27971 2.93996 2 1 2.5132 -0.333333 10 11 0.392146 
479 0.032891 0.909343 1.27971 2.93996 2 1 2.5132 -0.333333 10 11 0.392146 
480 0.032891 0.909343 1.27971 2.93996 2 1 2.5132 -0.333333 10 11 0.392146 
481 0.032891 0.909343 1.27971 2.93996 2 1 2.5132 -0.333333 10 11 0.392146 
482 0.032891 0.909343 1.27971 2.93996 2 1 2.5132 -0.333333 10 11 0.392146 
483 0.032891 0.909343 1.27971 2.93996 2 1 2.5132 -0.333333 10 11 0.392146 
484 0.032891 0.909343 1.27971 2.93996 2 1 2.5132 -0.333333 10 11 0.392146 
485 0.032891 0.909343 1.27971 2.93996 2 1 2.5132 -0.333333 10 11 0.392146 
486 0.032891 0.909343 1.27971 2.93996 2 1 2.5132 -0.333333 10 11 0.392146 
487 0.032891 0.909343 1.27971 2.93996 2 1 2.5132 -0.333333 10 11 0.392146 
488 0.032891 0.909343 1.27971 2.93996 2 1 2.5132 -0.333333 10 11 0.392146 
489 0.032891 0.909343 1.27971 2.93996 2 1 2.5132 -0.333333 10 11 0.392146 
490 0.032891 0.909343 1.27971 2.93996 2 1 2.5132 -0.333333 10 11 0.392146 
491 0.0328706 0.909343 1.27979 2.93996 2 1 2.50045 -0.333333 10 11 0.390024 
492 0.0328706 0.909343 1.27979 2.93996 2 1 2.50045 -0.333333 10 11 0.390024 
493 0.0328706 0.909343 1.27979 2.93996 2 1 2.50045 -0.333333 10 11 0.390024 
494 0.0328706 0.909343 1.27979 2.93996 2 1 2.50045 -0.333333 10 11 0.390024 
495 0.0328706 0.909343 1.27979 2.93996 2 1 2.50045 -0.333333 10 11 0.390024 
496 0.0328706 0.909343 1.27979 2.93996 2 1 2.50045 -0.333333 10 11 0.390024 
497 0.0328568 0.909343 1.27979 2.93996 2 1 2.50045 -0.333333 10 11 0.392146 
498 0.0328568 0.909343 1.27979 2.93996 2 1 2.50045 -0.333333 10 11 0.392146 
499 0.0328568 0.909343 1.27979 2.93996 2 1 2.50045 -0.333333 10 11 0.392146 
500 0.0328568 0.909343 1.27979 2.93996 2 1 2.50045 -0.333333 10 11 0.392146 
501 0.0328568 0.909343 1.27979 2.93996 2 1 2.50045 -0.333333 10 11 0.392146 
502 0.0328568 0.909343 1.27979 2.93996 2 1 2.50045 -0.333333 10 11 0.392146 
503 0.0328568 0.909343 1.27979 2.93996 2 1 2.50045 -0.333333 10 11 0.392146 
504 0.0328568 0.909343 1.27979 2.93996 2 1 2.50045 -0.333333 10 11 0.392146 
505 0.0328568 0.909343 1.27979 2.93996 2 1 2.50045 -0.333333 10 11 0.392146 
506 0.0328568 0.909343 1.27979 2.93996 2 1 2.50045 -0.333333 10 11 0.392146 
507 0.0328568 0.909343 1.27979 2.93996 2 1 2.50045 -0.333333 10 11 0.392146 
508 0.0328568 0.909343 1.27979 2.93996 2 1 2.50045 -0.333333 10 11 0.392146 
509 0.0328568 0.909343 1.27979 2.93996 2 1 2.50045 -0.333333 10 11 0.392146 
510 0.0328568 0.909343 1.27979 2.93996 2 1 2.50045 -0.333333 10 11 0.392146 
511 0.0328568 0.909343 1.27979 2.93996 2 1 2.50045 -0.333333 10 11 0.392146 
512 0.0328568 0.909343 1.27979 2.93996 2 1 2.50045 -0.333333 10 11 0.392146 
513 0.0328568 0.909343 1.27979 2.93996 2 1 2.50045 -0.333333 10 11 0.392146 
514 0.0328568 0.909343 1.27979 2.93996 2 1 2.50045 -0.333333 10 11 0.392146 
515 0.0328568 0.909343 1.27979 2.93996 2 1 2.50045 -0.333333 10 11 0.392146 
516 0.0328568 0.909343 1.27979 2.93996 2 1 2.50045 -0.333333 10 11 0.392146 
517 0.0328568 0.909343 1.27979 2.93996 2 1 2.50045 -0.333333 10 11 0.392146 
518 0.0328568 0.909343 1.27979 2.93996 2 1 2.50045 -0.333333 10 11 0.392146 
519 0.0328568 0.909343 1.27979 2.93996 2 1 2.50045 -0.333333 10 11 0.392146 
520 0.0328568 0.909343 1.27979 2.93996 2 1 2.50045 -0.333333 10 11 0.392146 
521 0.0328568 0.909343 1.27979 2.93996 2 1 2.50045 -0.333333 10 11 0.392146 
522 0.0328568 0.909343 1.27979 2.93996 2 1 2.50045 -0.333333 10 11 0.392146 
523 0.0328568 0.909343 1.27979 2.93996 2 1 2.50045 -0.333333 10 11 0.392146 
524 0.0328568 0.909343 1.27979 2.93996 2 1 2.50045 -0.333333 10 11 0.392146 
525 0.0328568 0.909343 1.27979 2.93996 2 1 2.50045 -0.333333 10 11 0.392146 
526 0.0328568 0.909343 1.27979 2.93996 2 1 2.50045 -0.333333 10 11 0.392146 
527 0.0328568 0.909343 1.27979 2.93996 2 1 2.50045 -0.333333 10 11 0.392146 
528 0.0328568 0.909343 1.27979 2.93996 2 1 2.50045 -0.333333 10 11 0.392146 
529 0.0328568 0.909343 1.27979 2.93996 2 1 2.50045 -0.333333 10 11 0.392146 
530 0.0328568 0.909343 1.27979 2.93996 2 1 2.50045 -0.333333 10 11 0.392146 
531 0.0328568 0.909343 1.27979 2.93996 2 1 2.50045 -0.333333 10 11 0.392146 
532 0.0328568 0.909343 1.27979 2.93996 2 1 2.50045 -0.333333 10 11 0.392146 
533 0.0328568 0.909343 1.27979 2.93996 2 1 2.50045 -0.333333 10 11 0.392146 
534 0.0328568 0.909343 1.27979 2.93996 2 1 2.50045 -0.333333 10 11 0.392146 
535 0.0328568 0.909343 1.27979 2.93996 2 1 2.50045 -0.333333 10 11 0.392146 
536 0.0328568 0.909343 1.27979 2.93996 2 1 2.50045 -0.333333 10 11 0.392146 
537 0.0328568 0.909343 1.27979 2.93996 2 1 2.50045 -0.333333 10 11 0.392146 
538 0.0328568 0.909343 1.27979 2.93996 2 1 2.50045 -0.333333 10 11 0.392146 
539 0.0328568 0.909343 1.27979 2.93996 2 1 2.50045 -0.333333 10 11 0.392146 
540 0.0328568 0.909343 1.27979 2.93996 2 1 2.50045 -0.333333 10 11 0.392146 
541 0.0328568 0.909343 1.27979 2.93996 2 1 2.50045 -0.333333 10 11 0.392146 
542 0.0328568 0.909343 1.27979 2.93996 2 1 2.50045 -0.333333 10 11 0.392146 
543 0.0328568 0.909343 1.27979 2.93996 2 1 2.50045 -0.333333 10 11 0.392146 
544 0.0328568 0.909343 1.27979 2.93996 2 1 2.50045 -0.333333 10 11 0.392146 
545 0.0328568 0.909343 1.27979 2.93996 2 1 2.50045 -0.333333 10 11 0.392146 
546 0.0328568 0.909343 1.27979 2.93996 2 1 2.50045 -0.333333 10 11 0.392146 
547 0.0328568 0.909343 1.27979 2.93996 2 1 2.50045 -0.333333 10 11 0.392146 
548 0.0328568 0.909343 1.27979 2.93996 2 1 2.50045 -0.333333 10 11 0.392146 
549 0.0328568 0.909343 1.27979 2.93996 2 1 2.50045 -0.333333 10 11 0.392146 
550 0.0328568 0.909343 1.27979 2.93996 2 1 2.50045 -0.333333 10 11 0.392146 
551 0.0328568 0.909343 1.27979 2.93996 2 1 2.50045 -0.333333 10 11 0.392146 
552 0.0328568 0.909343 1.27979 2.93996 2 1 2.50045 -0.333333 10 11 0.392146 
553 0.0328568 0.909343 1.27979 2.93996 2 1 2.50045 -0.333333 10 11 0.392146 
554 0.0328568 0.909343 1.27979 2.93996 2 1 2.50045 -0.333333 10 11 0.392146 
555 0.0328568 0.909343 1.27979 2.93996 2 1 2.50045 -0.333333 10 11 0.392146 
556 0.0328568 0.909343 1.27979 2.93996 2 1 2.50045 -0.333333 10 11 0.392146 
557 0.0328568 0.909343 1.27979 2.93996 2 1 2.50045 -0.333333 10 11 0.392146 
558 0.0328568 0.909343 1.27979 2.93996 2 1 2.50045 -0.333333 10 11 0.392146 
559 0.0328563 0.909343 1.27979 2.93996 2 1 2.50045 -0.333333 10 11 0.3923 
560 0.0328563 0.909343 1.27979 2.93996 2 1 2.50045 -0.333333 10 11 0.3923 
561 0.0328563 0.909343 1.27979 2.93996 2 1 2.50045 -0.333333 10 11 0.3923 
562 0.0328563 0.909343 1.27979 2.93996 2 1 2.50045 -0.333333 10 11 0.3923 
563 0.0328563 0.909343 1.27979 2.93996 2 1 2.50045 -0.333333 10 11 0.3923 
564 0.0328563 0.909343 1.27979 2.93996 2 1 2.50045 -0.333333 10 11 0.3923 
565 0.0328563 0.909343 1.27979 2.93996 2 1 2.50045 -0.333333 10 11 0.3923 
566 0.0328563 0.909343 1.27979 2.93996 2 1 2.50045 -0.333333 10 11 0.3923 
567 0.0328563 0.909343 1.27979 2.93996 2 1 2.50045 -0.333333 10 11 0.3923 
568 0.0328563 0.909343 1.27979 2.93996 2 1 2.50045 -0.333333 10 11 0.3923 
569 0.0328563 0.909343 1.27979 2.93996 2 1 2.50045 -0.333333 10 11 0.3923 
570 0.0328563 0.909343 1.27979 2.93996 2 1 2.50045 -0.333333 10 11 0.3923 
571 0.0328563 0.909343 1.27979 2.93996 2 1 2.50045 -0.333333 10 11 0.3923 
572 0.0328563 0.909343 1.27979 2.93996 2 1 2.50045 -0.333333 10 11 0.3923 
573 0.0328563 0.909343 1.27979 2.93996 2 1 2.50045 -0.333333 10 11 0.3923 
574 0.0328563 0.909343 1.27979 2.93996 2 1 2.50045 -0.333333 10 11 0.3923 
575 0.0328563 0.909343 1.27979 2.93996 2 1 2.50045 -0.333333 10 11 0.3923 
576 0.0328563 0.909343 1.27979 2.93996 2 1 2.50045 -0.333333 10 11 0.3923 
577 0.0328563 0.909343 1.27979 2.93996 2 1 2.50045 -0.333333 10 11 0.3923 
578 0.0328563 0.909343 1.27979 2.93996 2 1 2.50045 -0.333333 10 11 0.3923 
579 0.0328563 0.909343 1.27979 2.93996 2 1 2.50045 -0.333333 10 11 0.3923 
580 0.0328563 0.909343 1.27979 2.93996 2 1 2.50045 -0.333333 10 11 0.3923 
581 0.0328563 0.909343 1.27979 2.93996 2 1 2.50045 -0.333333 10 11 0.3923 
582 0.0328563 0.909343 1.27979 2.93996 2 1 2.50045 -0.333333 10 11 0.3923 
583 0.0328563 0.909343 1.27979 2.93996 2 1 2.50045 -0.333333 10 11 0.3923 
584 0.0328563 0.909343 1.27979 2.93996 2 1 2.50045 -0.333333 10 11 0.3923 
585 0.0328563 0.909343 1.27979 2.93996 2 1 2.50045 -0.333333 10 11 0.3923 
586 0.0328563 0.909343 1.27979 2.93996 2 1 2.50045 -0.333333 10 11 0.3923 
587 0.0328563 0.909343 1.27979 2.93996 2 1 2.50045 -0.333333 10 11 0.3923 
588 0.0328563 0.909343 1.27979 2.93996 2 1 2.50045 -0.333333 10 11 0.3923 
589 0.0328563 0.909343 1.27979 2.93996 2 1 2.50045 -0.333333 10 11 0.3923 
590 0.0328563 0.909343 1.27979 2.93996 2 1 2.50045 -0.333333 10 11 0.3923 
591 0.0328563 0.909343 1.27979 2.93996 2 1 2.50045 -0.333333 10 11 0.3923 
592 0.0328563 0.909343 1.27979 2.93996 2 1 2.50045 -0.333333 10 11 0.3923 
593 0.0328563 0.909343 1.27979 2.93996 2 1 2.50045 -0.333333 10 11 0.3923 
594 0.0328017 0.909343 1.27979 2.93996 2 1 2.50817 -0.333333 10 11 0.3923 
595 0.0328017 0.909343 1.27979 2.93996 2 1 2.50817 -0.333333 10 11 0.3923 
596 0.0328017 0.909343 1.27979 2.93996 2 1 2.50817 -0.333333 10 11 0.3923 
597 0.0328017 0.909343 1.27979 2.93996 2 1 2.50817 -0.333333 10 11 0.3923 
598 0.0328017 0.909343 1.27979 2.93996 2 1 2.50817 -0.333333 10 11 0.3923 
599 0.0328017 0.909343 1.27979 2.93996 2 1 2.50817 -0.333333 10 11 0.3923 
600 0.0328017 0.909343 1.27979 2.93996 2 1 2.50817 -0.333333 10 11 0.3923 
601 0.0328017 0.909343 1.27979 2.93996 2 1 2.50817 -0.333333 10 11 0.3923 
602 0.0328017 0.909343 1.27979 2.93996 2 1 2.50817 -0.333333 10 11 0.3923 
603 0.0328017 0.909343 1.27979 2.93996 2 1 2.50817 -0.333333 10 11 0.3923 
604 0.0328017 0.909343 1.27979 2.93996 2 1 2.50817 -0.333333 10 11 0.3923 
605 0.0328017 0.909343 1.27979 2.93996 2 1 2.50817 -0.333333 10 11 0.3923 
606 0.0328017 0.909343 1.27979 2.93996 2 1 2.50817 -0.333333 10 11 0.3923 
607 0.0328017 0.909343 1.27979 2.93996 2 1 2.50817 -0.333333 10 11 0.3923 
608 0.0328017 0.909343 1.27979 2.93996 2 1 2.50817 -0.333333 10 11 0.3923 
609 0.0328017 0.909343 1.27979 2.93996 2 1 2.50817 -0.333333 10 11 0.3923 
610 0.0328017 0.909343 1.27979 2.93996 2 1 2.50817 -0.333333 10 11 0.3923 
611 0.0328017 0.909343 1.27979 2.93996 2 1 2.50817 -0.333333 10 11 0.3923 
612 0.0328017 0.909343 1.27979 2.93996 2 1 2.50817 -0.333333 10 11 0.3923 
613 0.0328017 0.909343 1.27979 2.93996 2 1 2.50817 -0.333333 10 11 0.3923 
614 0.0328017 0.909343 1.27979 2.93996 2 1 2.50817 -0.333333 10 11 0.3923 
615 0.0328017 0.909343 1.27979 2.93996 2 1 2.50817 -0.333333 10 11 0.3923 
616 0.0328017 0.909343 1.27979 2.93996 2 1 2.50817 -0.333333 10 11 0.3923 
617 0.0328017 0.909343 1.27979 2.93996 2 1 2.50817 -0.333333 10 11 0.3923 
618 0.0328017 0.909343 1.27979 2.93996 2 1 2.50817 -0.333333 10 11 0.3923 
619 0.0328017 0.909343 1.27979 2.93996 2 1 2.50817 -0.333333 10 11 0.3923 
620 0.0328017 0.909343 1.27979 2.93996 2 1 2.50817 -0.333333 10 11 0.3923 
621 0.0328017 0.909343 1.27979 2.93996 2 1 2.50817 -0.333333 10 11 0.3923 
622 0.0328017 0.909343 1.27979 2.93996 2 1 2.50817 -0.333333 10 11 0.3923 
623 0.0328017 0.909343 1.27979 2.93996 2 1 2.50817 -0.333333 10 11 0.3923 
624 0.0328017 0.909343 1.27979 2.93996 2 1 2.50817 -0.333333 10 11 0.3923 
625 0.0328017 0.909343 1.27979 2.93996 2 1 2.50817 -0.333333 10 11 0.3923 
626 0.0328017 0.909343 1.27979 2.93996 2 1 2.50817 -0.333333 10 11 0.3923 
627 0.0328017 0.909343 1.27979 2.93996 2 1 2.50817 -0.333333 10 11 0.3923 
628 0.0328017 0.909343 1.27979 2.93996 2 1 2.50817 -0.333333 10 11 0.3923 
629 0.0328017 0.909343 1.27979 2.93996 2 1 2.50817 -0.333333 10 11 0.3923 
630 0.0328017 0.909343 1.27979 2.93996 2 1 2.50817 -0.333333 10 11 0.3923 
631 0.0328017 0.909343 1.27979 2.93996 2 1 2.50817 -0.333333 10 11 0.3923 
632 0.0328017 0.909343 1.27979 2.93996 2 1 2.50817 -0.333333 10 11 0.3923 
633 0.0328017 0.909343 1.27979 2.93996 2 1 2.50817 -0.333333 10 11 0.3923 
634 0.0328017 0.909343 1.27979 2.93996 2 1 2.50817 -0.333333 10 11 0.3923 
635 0.0328017 0.909343 1.27979 2.93996 2 1 2.50817 -0.333333 10 11 0.3923 
636 0.0328017 0.909343 1.27979 2.93996 2 1 2.50817 -0.333333 10 11 0.3923 
637 0.0328017 0.909343 1.27979 2.93996 2 1 2.50817 -0.333333 10 11 0.3923 
638 0.0328017 0.909343 1.27979 2.93996 2 1 2.50817 -0.333333 10 11 0.3923 
639 0.0328017 0.909343 1.27979 2.93996 2 1 2.50817 -0.333333 10 11 0.3923 
640 0.0328017 0.909343 1.27979 2.93996 2 1 2.50817 -0.333333 10 11 0.3923 
641 0.0328017 0.909343 1.27979 2.93996 2 1 2.50817 -0.333333 10 11 0.3923 
642 0.0328016 0.909343 1.27979 2.93996 2 1 2.50817 -0.333333 10 11 0.392432 
643 0.0328016 0.909343 1.27979 2.93996 2 1 2.50817 -0.333333 10 11 0.392432 
644 0.0328016 0.909343 1.27979 2.93996 2 1 2.50817 -0.333333 10 11 0.392432 
645 0.0328016 0.909343 1.27979 2.93996 2 1 2.50817 -0.333333 10 11 0.392432 
646 0.0328016 0.909343 1.27979 2.93996 2 1 2.50817 -0.333333 10 11 0.392432 
647 0.0328016 0.909343 1.27979 2.93996 2 1 2.50817 -0.333333 10 11 0.392432 
648 0.0328016 0.909343 1.27979 2.93996 2 1 2.50817 -0.333333 10 11 0.392432 
649 0.0328016 0.909343 1.27979 2.93996 2 1 2.50817 -0.333333 10 11 0.392432 
650 0.0328016 0.909343 1.27979 2.93996 2 1 2.50817 -0.333333 10 11 0.392432 
651 0.0328016 0.909343 1.27979 2.93996 2 1 2.50817 -0.333333 10 11 0.392432 
652 0.0328016 0.909343 1.27979 2.93996 2 1 2.50817 -0.333333 10 11 0.392432 
653 0.0328016 0.909343 1.27979 2.93996 2 1 2.50817 -0.333333 10 11 0.392432 
654 0.0328016 0.909343 1.27979 2.93996 2 1 2.50817 -0.333333 10 11 0.392432 
655 0.0328016 0.909343 1.27979 2.93996 2 1 2.50817 -0.333333 10 11 0.392432 
656 0.0328016 0.909343 1.27979 2.93996 2 1 2.50817 -0.333333 10 11 0.392432 
657 0.0328016 0.909343 1.27979 2.93996 2 1 2.50817 -0.333333 10 11 0.392432 
658 0.0328016 0.909343 1.27979 2.93996 2 1 2.50817 -0.333333 10 11 0.392432 
659 0.0328016 0.909343 1.27979 2.93996 2 1 2.50817 -0.333333 10 11 0.392432 
660 0.0328016 0.909343 1.27979 2.93996 2 1 2.50817 -0.333333 10 11 0.392432 
661 0.0328016 0.909343 1.27979 2.93996 2 1 2.50817 -0.333333 10 11 0.392432 
662 0.0328016 0.909343 1.27979 2.93996 2 1 2.50817 -0.333333 10 11 0.392432 
663 0.0327816 0.909161 1.27979 2.93996 2 1 2.50739 -0.333333 10 11 0.389437 
664 0.0327816 0.909161 1.27979 2.93996 2 1 2.50739 -0.333333 10 11 0.389437 
665 0.0327816 0.909161 1.27979 2.93996 2 1 2.50739 -0.333333 10 11 0.389437 
666 0.0327816 0.909161 1.27979 2.93996 2 1 2.50739 -0.333333 10 11 0.389437 
667 0.0327816 0.909161 1.27979 2.93996 2 1 2.50739 -0.333333 10 11 0.389437 
668 0.0327816 0.909161 1.27979 2.93996 2 1 2.50739 -0.333333 10 11 0.389437 
669 0.0327816 0.909161 1.27979 2.93996 2 1 2.50739 -0.333333 10 11 0.389437 
670 0.0327816 0.909161 1.27979 2.93996 2 1 2.50739 -0.333333 10 11 0.389437 
671 0.0327816 0.909161 1.27979 2.93996 2 1 2.50739 -0.333333 10 11 0.389437 
672 0.0327816 0.909161 1.27979 2.93996 2 1 2.50739 -0.333333 10 11 0.389437 
673 0.0327816 0.909161 1.27979 2.93996 2 1 2.50739 -0.333333 10 11 0.389437 
674 0.0327816 0.909161 1.27979 2.93996 2 1 2.50739 -0.333333 10 11 0.389437 
675 0.0327816 0.909161 1.27979 2.93996 2 1 2.50739 -0.333333 10 11 0.389437 
676 0.0327816 0.909161 1.27979 2.93996 2 1 2.50739 -0.333333 10 11 0.389437 
677 0.0327816 0.909161 1.27979 2.93996 2 1 2.50739 -0.333333 10 11 0.389437 
678 0.0327666 0.909161 1.27979 2.93996 2 1 2.50817 -0.333333 10 11 0.394318 
679 0.0327634 0.909161 1.27979 2.93996 2 1 2.50739 -0.333333 10 11 0.3923 
680 0.0327624 0.909161 1.27979 2.93996 2 1 2.50817 -0.333333 10 11 0.3923 
681 0.0327624 0.909161 1.27979 2.93996 2 1 2.50817 -0.333333 10 11 0.3923 
682 0.0327624 0.909161 1.27979 2.93996 2 1 2.50817 -0.333333 10 11 0.3923 
683 0.0327624 0.909161 1.27979 2.93996 2 1 2.50817 -0.333333 10 11 0.3923 
684 0.0327624 0.909161 1.27979 2.93996 2 1 2.50817 -0.333333 10 11 0.3923 
685 0.0327624 0.909161 1.27979 2.93996 2 1 2.50817 -0.333333 10 11 0.3923 
686 0.0327624 0.909161 1.27979 2.93996 2 1 2.50817 -0.333333 10 11 0.3923 
687 0.0327624 0.909161 1.27979 2.93996 2 1 2.50817 -0.333333 10 11 0.3923 
688 0.0327624 0.909161 1.27979 2.93996 2 1 2.50817 -0.333333 10 11 0.3923 
689 0.0327624 0.909161 1.27979 2.93996 2 1 2.50817 -0.333333 10 11 0.3923 
690 0.0327624 0.909161 1.27979 2.93996 2 1 2.50817 -0.333333 10 11 0.3923 
691 0.0327624 0.909161 1.27979 2.93996 2 1 2.50817 -0.333333 10 11 0.3923 
692 0.0327624 0.909161 1.27979 2.93996 2 1 2.50817 -0.333333 10 11 0.3923 
693 0.0327168 0.909161 1.27979 2.93981 2 1 2.50817 -0.333333 10 11 0.396195 
694 0.0327168 0.909161 1.27979 2.93981 2 1 2.50817 -0.333333 10 11 0.396195 
695 0.0327168 0.909161 1.27979 2.93981 2 1 2.50817 -0.333333 10 11 0.396195 
696 0.0327168 0.909161 1.27979 2.93981 2 1 2.50817 -0.333333 10 11 0.396195 
697 0.0327168 0.909161 1.27979 2.93981 2 1 2.50817 -0.333333 10 11 0.396195 
698 0.0327168 0.909161 1.27979 2.93981 2 1 2.50817 -0.333333 10 11 0.396195 
699 0.0327168 0.909161 1.27979 2.93981 2 1 2.50817 -0.333333 10 11 0.396195 
700 0.0327168 0.909161 1.27979 2.93981 2 1 2.50817 -0.333333 10 11 0.396195 
701 0.0327168 0.909161 1.27979 2.93981 2 1 2.50817 -0.333333 10 11 0.396195 
702 0.0327168 0.909161 1.27979 2.93981 2 1 2.50817 -0.333333 10 11 0.396195 
703 0.0327168 0.909161 1.27979 2.93981 2 1 2.50817 -0.333333 10 11 0.396195 
704 0.0326982 0.909161 1.27979 2.93981 2 1 2.50817 -0.333333 10 11 0.3923 
705 0.0326982 0.909161 1.27979 2.93981 2 1 2.50817 -0.333333 10 11 0.3923 
706 0.0326982 0.909161 1.27979 2.93981 2 1 2.50817 -0.333333 10 11 0.3923 
707 0.0326982 0.909161 1.27979 2.93981 2 1 2.50817 -0.333333 10 11 0.3923 
708 0.0326982 0.909161 1.27979 2.93981 2 1 2.50817 -0.333333 10 11 0.3923 
709 0.0326982 0.909161 1.27979 2.93981 2 1 2.50817 -0.333333 10 11 0.3923 
710 0.0326982 0.909161 1.27979 2.93981 2 1 2.50817 -0.333333 10 11 0.3923 
711 0.0326982 0.909161 1.27979 2.93981 2 1 2.50817 -0.333333 10 11 0.3923 
712 0.0326982 0.909161 1.27979 2.93981 2 1 2.50817 -0.333333 10 11 0.3923 
713 0.0326982 0.909161 1.27979 2.93981 2 1 2.50817 -0.333333 10 11 0.3923 
714 0.0326982 0.909161 1.27979 2.93981 2 1 2.50817 -0.333333 10 11 0.3923 
715 0.0326982 0.909161 1.27979 2.93981 2 1 2.50817 -0.333333 10 11 0.3923 
716 0.0326982 0.909161 1.27979 2.93981 2 1 2.50817 -0.333333 10 11 0.3923 
717 0.0326982 0.909161 1.27979 2.93981 2 1 2.50817 -0.333333 10 11 0.3923 
718 0.0326982 0.909161 1.27979 2.93981 2 1 2.50817 -0.333333 10 11 0.393382 
719 0.0326982 0.909161 1.27979 2.93981 2 1 2.50817 -0.333333 10 11 0.393382 
720 0.0326982 0.909161 1.27979 2.93981 2 1 2.50817 -0.333333 10 11 0.393382 
721 0.0326982 0.909161 1.27979 2.93981 2 1 2.50817 -0.333333 10 11 0.393382 
722 0.0326982 0.909161 1.27979 2.93981 2 1 2.50817 -0.333333 10 11 0.393382 
723 0.0326982 0.909161 1.27979 2.93981 2 1 2.50817 -0.333333 10 11 0.393382 
724 0.0326982 0.909161 1.27979 2.93981 2 1 2.50817 -0.333333 10 11 0.393382 
725 0.0326982 0.909161 1.27979 2.93981 2 1 2.50817 -0.333333 10 11 0.393382 
726 0.0326982 0.909161 1.27979 2.93981 2 1 2.50817 -0.333333 10 11 0.393382 
727 0.0326982 0.909161 1.27979 2.93981 2 1 2.50817 -0.333333 10 11 0.393382 
728 0.0326982 0.909161 1.27979 2.93981 2 1 2.50817 -0.333333 10 11 0.393382 
729 0.0326982 0.909161 1.27979 2.93981 2 1 2.50817 -0.333333 10 11 0.393382 
730 0.0326982 0.909161 1.27979 2.93981 2 1 2.50817 -0.333333 10 11 0.393382 
731 0.0326982 0.909161 1.27979 2.93981 2 1 2.50817 -0.333333 10 11 0.393382 
732 0.0326977 0.909161 1.27979 2.93981 2 1 2.50817 -0.333333 10 11 0.392876 
733 0.0326977 0.909161 1.27979 2.93981 2 1 2.50817 -0.333333 10 11 0.392876 
734 0.0326977 0.909161 1.27979 2.93981 2 1 2.50817 -0.333333 10 11 0.392876 
735 0.0326977 0.909161 1.27979 2.93981 2 1 2.50817 -0.333333 10 11 0.392876 
736 0.0326977 0.909161 1.27979 2.93981 2 1 2.50817 -0.333333 10 11 0.392876 
737 0.0326977 0.909161 1.27979 2.93981 2 1 2.50817 -0.333333 10 11 0.392876 
738 0.0326977 0.909161 1.27979 2.93981 2 1 2.50817 -0.333333 10 11 0.392876 
739 0.0326919 0.909161 1.27981 2.93981 2 1 2.50739 -0.333333 10 11 0.3923 
740 0.0326919 0.909161 1.27981 2.93981 2 1 2.50739 -0.333333 10 11 0.3923 
741 0.0326919 0.909161 1.27981 2.93981 2 1 2.50739 -0.333333 10 11 0.3923 
742 0.0326919 0.909161 1.27981 2.93981 2 1 2.50739 -0.333333 10 11 0.3923 
743 0.0326919 0.909161 1.27981 2.93981 2 1 2.50739 -0.333333 10 11 0.3923 
744 0.0326908 0.909161 1.27979 2.93984 2 1 2.50739 -0.333333 10 11 0.3923 
745 0.0326908 0.909161 1.27979 2.93984 2 1 2.50739 -0.333333 10 11 0.3923 
746 0.0326908 0.909161 1.27979 2.93984 2 1 2.50739 -0.333333 10 11 0.3923 
747 0.0326902 0.909161 1.27979 2.93984 2 1 2.50739 -0.333333 10 11 0.392876 
748 0.0326902 0.909161 1.27979 2.93984 2 1 2.50739 -0.333333 10 11 0.392876 
749 0.0326902 0.909161 1.27979 2.93984 2 1 2.50739 -0.333333 10 11 0.392876 
750 0.0326902 0.909161 1.27979 2.93984 2 1 2.50739 -0.333333 10 11 0.392876 
751 0.0326902 0.909161 1.27979 2.93984 2 1 2.50739 -0.333333 10 11 0.392876 
752 0.0326895 0.909161 1.27979 2.93984 2 1 2.50739 -0.333333 10 11 0.392876 
753 0.0326895 0.909161 1.27979 2.93984 2 1 2.50739 -0.333333 10 11 0.392876 
754 0.0326895 0.909161 1.27979 2.93984 2 1 2.50739 -0.333333 10 11 0.392876 
755 0.0326881 0.909161 1.27979 2.93984 2 1 2.50817 -0.333333 10 11 0.392876 
756 0.0326881 0.909161 1.27979 2.93984 2 1 2.50817 -0.333333 10 11 0.392876 
757 0.0326877 0.909161 1.27979 2.93984 2 1 2.50817 -0.333333 10 11 0.392404 
758 0.0326877 0.909161 1.27979 2.93984 2 1 2.50817 -0.333333 10 11 0.392404 
759 0.0326874 0.909161 1.27979 2.93984 2 1 2.50817 -0.333333 10 11 0.392876 
760 0.0326874 0.909161 1.27979 2.93984 2 1 2.50817 -0.333333 10 11 0.392876 
761 0.0326874 0.909161 1.27979 2.93984 2 1 2.50817 -0.333333 10 11 0.392876 
762 0.0326874 0.909161 1.27979 2.93984 2 1 2.50817 -0.333333 10 11 0.392876 
763 0.0326804 0.909043 1.27979 2.93981 2 1 2.50739 -0.333333 10 11 0.3923 
764 0.0326804 0.909043 1.27979 2.93981 2 1 2.50739 -0.333333 10 11 0.3923 
765 0.0326804 0.909043 1.27979 2.93981 2 1 2.50739 -0.333333 10 11 0.3923 
766 0.0326804 0.909043 1.27979 2.93981 2 1 2.50739 -0.333333 10 11 0.3923 
767 0.0326804 0.909043 1.27979 2.93981 2 1 2.50739 -0.333333 10 11 0.3923 
768 0.0326804 0.909043 1.27979 2.93981 2 1 2.50739 -0.333333 10 11 0.3923 
769 0.0326804 0.909043 1.27979 2.93981 2 1 2.50739 -0.333333 10 11 0.3923 
770 0.0326804 0.909043 1.27979 2.93981 2 1 2.50739 -0.333333 10 11 0.3923 
771 0.0326787 0.909043 1.27979 2.93981 2 1 2.50817 -0.333333 10 11 0.3923 
772 0.0326787 0.909043 1.27979 2.93981 2 1 2.50817 -0.333333 10 11 0.3923 
773 0.0326781 0.909043 1.27979 2.93981 2 1 2.50817 -0.333333 10 11 0.392876 
774 0.0326781 0.909043 1.27979 2.93981 2 1 2.50817 -0.333333 10 11 0.392876 
775 0.0326781 0.909043 1.27979 2.93981 2 1 2.50817 -0.333333 10 11 0.392876 
776 0.0326781 0.909043 1.27979 2.93981 2 1 2.50817 -0.333333 10 11 0.392876 
777 0.0326781 0.909043 1.27979 2.93981 2 1 2.50817 -0.333333 10 11 0.392876 
778 0.0326781 0.909043 1.27979 2.93981 2 1 2.50817 -0.333333 10 11 0.392876 
779 0.0326781 0.909043 1.27979 2.93981 2 1 2.50817 -0.333333 10 11 0.392876 
780 0.0326781 0.909043 1.27979 2.93981 2 1 2.50817 -0.333333 10 11 0.392876 
781 0.0326781 0.909043 1.27979 2.93981 2 1 2.50817 -0.333333 10 11 0.392876 
782 0.0326781 0.909043 1.27979 2.93981 2 1 2.50817 -0.333333 10 11 0.392876 
783 0.0326781 0.909043 1.27979 2.93981 2 1 2.50817 -0.333333 10 11 0.392876 
784 0.0326781 0.909043 1.27979 2.93981 2 1 2.50817 -0.333333 10 11 0.392876 
785 0.0326775 0.909043 1.27979 2.93981 2 1 2.50859 -0.333333 10 11 0.392876 
786 0.0326775 0.909043 1.27979 2.93981 2 1 2.50859 -0.333333 10 11 0.392876 
787 0.0326775 0.909043 1.27979 2.93981 2 1 2.50859 -0.333333 10 11 0.392876 
788 0.0326775 0.909043 1.27979 2.93981 2 1 2.50859 -0.333333 10 11 0.392876 
789 0.0326775 0.909043 1.27979 2.93981 2 1 2.50859 -0.333333 10 11 0.392876 
790 0.0326775 0.909043 1.27979 2.93981 2 1 2.50859 -0.333333 10 11 0.392876 
791 0.0326775 0.909043 1.27979 2.93981 2 1 2.50859 -0.333333 10 11 0.392876 
792 0.0326775 0.909043 1.27979 2.93981 2 1 2.50859 -0.333333 10 11 0.392876 
793 0.0326775 0.909043 1.27979 2.93981 2 1 2.50859 -0.333333 10 11 0.392876 
794 0.0326775 0.909043 1.27979 2.93981 2 1 2.50859 -0.333333 10 11 0.392876 
795 0.0326775 0.909043 1.27979 2.93981 2 1 2.50859 -0.333333 10 11 0.392876 
796 0.0326775 0.909043 1.27979 2.93981 2 1 2.50859 -0.333333 10 11 0.392876 
797 0.0326775 0.909043 1.27979 2.93981 2 1 2.50859 -0.333333 10 11 0.392876 
798 0.0326775 0.909043 1.27979 2.93981 2 1 2.50859 -0.333333 10 11 0.392876 
799 0.0326775 0.909043 1.27979 2.93981 2 1 2.50859 -0.333333 10 11 0.392876 
800 0.0326775 0.909043 1.27979 2.93981 2 1 2.50859 -0.333333 10 11 0.392876 
801 0.0326775 0.909043 1.27979 2.93981 2 1 2.50859 -0.333333 10 11 0.392876 
802 0.0326775 0.909043 1.27979 2.93981 2 1 2.50859 -0.333333 10 11 0.392876 
803 0.0326775 0.909043 1.27979 2.93981 2 1 2.50859 -0.333333 10 11 0.392876 
804 0.0326775 0.909043 1.27979 2.93981 2 1 2.50859 -0.333333 10 11 0.392876 
805 0.0326775 0.909043 1.27979 2.93981 2 1 2.50859 -0.333333 10 11 0.392876 
806 0.0326775 0.909043 1.27979 2.93981 2 1 2.50859 -0.333333 10 11 0.392876 
807 0.0326775 0.909043 1.27979 2.93981 2 1 2.50859 -0.333333 10 11 0.392876 
808 0.0326775 0.909043 1.27979 2.93981 2 1 2.50859 -0.333333 10 11 0.392876 
809 0.0326775 0.909043 1.27979 2.93981 2 1 2.50859 -0.333333 10 11 0.392876 
810 0.0326775 0.909043 1.27979 2.93981 2 1 2.50859 -0.333333 10 11 0.392876 
811 0.0326775 0.909043 1.27979 2.93981 2 1 2.50859 -0.333333 10 11 0.392876 
812 0.0326775 0.909043 1.27979 2.93981 2 1 2.50859 -0.333333 10 11 0.392876 
813 0.0326775 0.909043 1.27979 2.93981 2 1 2.50859 -0.333333 10 11 0.392876 
814 0.0326775 0.909043 1.27979 2.93981 2 1 2.50859 -0.333333 10 11 0.392876 
815 0.0326775 0.909043 1.27979 2.93981 2 1 2.50859 -0.333333 10 11 0.392876 
816 0.0326775 0.909043 1.27979 2.93981 2 1 2.50859 -0.333333 10 11 0.392876 
817 0.0326775 0.909043 1.27979 2.93981 2 1 2.50859 -0.333333 10 11 0.392876 
818 0.0326775 0.909043 1.27979 2.93981 2 1 2.50859 -0.333333 10 11 0.392876 
819 0.0326767 0.90905 1.27979 2.93981 2 1 2.50859 -0.333333 10 11 0.392876 
820 0.0326767 0.90905 1.27979 2.93981 2 1 2.50859 -0.333333 10 11 0.392876 
821 0.0326767 0.90905 1.27979 2.93981 2 1 2.50859 -0.333333 10 11 0.392876 
822 0.0326767 0.90905 1.27979 2.93981 2 1 2.50859 -0.333333 10 11 0.392876 
823 0.0326767 0.90905 1.27979 2.93981 2 1 2.50859 -0.333333 10 11 0.392876 
824 0.0326767 0.90905 1.27979 2.93981 2 1 2.50859 -0.333333 10 11 0.392876 
825 0.0326767 0.90905 1.27979 2.93981 2 1 2.50859 -0.333333 10 11 0.392876 
826 0.0326767 0.90905 1.27979 2.93981 2 1 2.50859 -0.333333 10 11 0.392876 
827 0.0326767 0.90905 1.27979 2.93981 2 1 2.50859 -0.333333 10 11 0.392876 
828 0.0326767 0.90905 1.27979 2.93981 2 1 2.50859 -0.333333 10 11 0.392876 
829 0.0326767 0.90905 1.27979 2.93981 2 1 2.50859 -0.333333 10 11 0.392876 
830 0.0326767 0.90905 1.27979 2.93981 2 1 2.50859 -0.333333 10 11 0.392876 
831 0.0326767 0.90905 1.27979 2.93981 2 1 2.50859 -0.333333 10 11 0.392876 
832 0.0326767 0.90905 1.27979 2.93981 2 1 2.50859 -0.333333 10 11 0.392876 
833 0.0326767 0.90905 1.27979 2.93981 2 1 2.50859 -0.333333 10 11 0.392876 
834 0.0326767 0.90905 1.27979 2.93981 2 1 2.50859 -0.333333 10 11 0.392876 
835 0.0326767 0.90905 1.27979 2.93981 2 1 2.50859 -0.333333 10 11 0.392876 
836 0.0326767 0.90905 1.27979 2.93981 2 1 2.50859 -0.333333 10 11 0.392876 
837 0.0326767 0.90905 1.27979 2.93981 2 1 2.50859 -0.333333 10 11 0.392876 
838 0.0326767 0.90905 1.27979 2.93981 2 1 2.50859 -0.333333 10 11 0.392876 
839 0.0326767 0.90905 1.27979 2.93981 2 1 2.50859 -0.333333 10 11 0.392876 
840 0.0326767 0.90905 1.27979 2.93981 2 1 2.50859 -0.333333 10 11 0.392876 
841 0.0326767 0.90905 1.27979 2.93981 2 1 2.50859 -0.333333 10 11 0.392876 
842 0.0326767 0.90905 1.27979 2.93981 2 1 2.50859 -0.333333 10 11 0.392876 
843 0.0326767 0.90905 1.27979 2.93981 2 1 2.50859 -0.333333 10 11 0.392876 
844 0.0326767 0.90905 1.27979 2.93981 2 1 2.50859 -0.333333 10 11 0.392876 
845 0.0326767 0.90905 1.27979 2.93981 2 1 2.50859 -0.333333 10 11 0.392876 
846 0.0326767 0.90905 1.27979 2.93981 2 1 2.50859 -0.333333 10 11 0.392876 
847 0.0326767 0.90905 1.27979 2.93981 2 1 2.50859 -0.333333 10 11 0.392876 
848 0.0326767 0.90905 1.27979 2.93981 2 1 2.50859 -0.333333 10 11 0.392876 
849 0.0326767 0.90905 1.27979 2.93981 2 1 2.50859 -0.333333 10 11 0.392876 
850 0.0326767 0.90905 1.27979 2.93981 2 1 2.50859 -0.333333 10 11 0.392876 
851 0.0326767 0.90905 1.27979 2.93981 2 1 2.50859 -0.333333 10 11 0.392876 
852 0.0326767 0.90905 1.27979 2.93981 2 1 2.50859 -0.333333 10 11 0.392876 
853 0.0326767 0.90905 1.27979 2.93981 2 1 2.50859 -0.333333 10 11 0.392876 
854 0.032676 0.90905 1.27979 2.93981 2 1 2.50958 -0.333333 10 11 0.392876 
855 0.032676 0.90905 1.27979 2.93981 2 1 2.50958 -0.333333 10 11 0.392876 
856 0.032676 0.90905 1.27979 2.93981 2 1 2.50958 -0.333333 10 11 0.392876 
857 0.032676 0.90905 1.27979 2.93981 2 1 2.50958 -0.333333 10 11 0.392876 
858 0.032676 0.90905 1.27979 2.93981 2 1 2.50958 -0.333333 10 11 0.392876 
859 0.032676 0.90905 1.27979 2.93981 2 1 2.50958 -0.333333 10 11 0.392876 
860 0.032676 0.90905 1.27979 2.93981 2 1 2.50958 -0.333333 10 11 0.392876 
861 0.032676 0.90905 1.27979 2.93981 2 1 2.50967 -0.333333 10 11 0.392876 
862 0.032676 0.90905 1.27979 2.93981 2 1 2.50967 -0.333333 10 11 0.392876 
863 0.032676 0.90905 1.27979 2.93981 2 1 2.50967 -0.333333 10 11 0.392876 
864 0.032676 0.90905 1.27979 2.93981 2 1 2.50967 -0.333333 10 11 0.392876 
865 0.032676 0.90905 1.27979 2.93981 2 1 2.50967 -0.333333 10 11 0.392876 
866 0.032676 0.90905 1.27979 2.93981 2 1 2.50967 -0.333333 10 11 0.392876 
867 0.032676 0.90905 1.27979 2.93981 2 1 2.50967 -0.333333 10 11 0.392876 
868 0.032676 0.90905 1.27979 2.93981 2 1 2.50967 -0.333333 10 11 0.392876 
869 0.032676 0.90905 1.27979 2.93981 2 1 2.50967 -0.333333 10 11 0.392876 
870 0.032676 0.90905 1.27979 2.93981 2 1 2.50967 -0.333333 10 11 0.392876 
871 0.032676 0.90905 1.27979 2.93981 2 1 2.50967 -0.333333 10 11 0.392876 
872 0.032676 0.90905 1.27979 2.93981 2 1 2.50967 -0.333333 10 11 0.392876 
873 0.032676 0.90905 1.27979 2.93981 2 1 2.50967 -0.333333 10 11 0.392876 
874 0.032676 0.90905 1.27979 2.93981 2 1 2.50967 -0.333333 10 11 0.392876 
875 0.032676 0.90905 1.27979 2.93981 2 1 2.50967 -0.333333 10 11 0.392876 
876 0.032676 0.90905 1.27979 2.93981 2 1 2.50967 -0.333333 10 11 0.392876 
877 0.032676 0.90905 1.27979 2.93981 2 1 2.50967 -0.333333 10 11 0.392876 
878 0.032676 0.90905 1.27979 2.93981 2 1 2.50967 -0.333333 10 11 0.392876 
879 0.032676 0.90905 1.27979 2.93981 2 1 2.50967 -0.333333 10 11 0.392876 
880 0.032676 0.90905 1.27979 2.93981 2 1 2.50967 -0.333333 10 11 0.392876 
881 0.032676 0.90905 1.27979 2.93981 2 1 2.50967 -0.333333 10 11 0.392876 
882 0.032676 0.90905 1.27979 2.93981 2 1 2.50967 -0.333333 10 11 0.392876 
883 0.032676 0.90905 1.27979 2.93981 2 1 2.50967 -0.333333 10 11 0.392876 
884 0.032676 0.90905 1.27979 2.93981 2 1 2.50967 -0.333333 10 11 0.392876 
885 0.032676 0.90905 1.27979 2.93981 2 1 2.50967 -0.333333 10 11 0.392876 
886 0.032676 0.90905 1.27979 2.93981 2 1 2.50967 -0.333333 10 11 0.392876 
887 0.032676 0.90905 1.27979 2.93981 2 1 2.50967 -0.333333 10 11 0.392876 
888 0.032676 0.90905 1.27979 2.93981 2 1 2.50967 -0.333333 10 11 0.392876 
889 0.032676 0.90905 1.27979 2.93981 2 1 2.50967 -0.333333 10 11 0.392876 
890 0.032676 0.90905 1.27979 2.93981 2 1 2.50967 -0.333333 10 11 0.392876 
891 0.032676 0.90905 1.27979 2.93981 2 1 2.50967 -0.333333 10 11 0.392876 
892 0.032676 0.90905 1.27979 2.93981 2 1 2.50967 -0.333333 10 11 0.392876 
893 0.032676 0.90905 1.27979 2.93981 2 1 2.50967 -0.333333 10 11 0.392876 
894 0.032676 0.90905 1.27979 2.93981 2 1 2.50967 -0.333333 10 11 0.392876 
895 0.032676 0.90905 1.27979 2.93981 2 1 2.50967 -0.333333 10 11 0.392876 
896 0.032676 0.90905 1.27979 2.93981 2 1 2.50967 -0.333333 10 11 0.392876 
897 0.032676 0.90905 1.27979 2.93981 2 1 2.50967 -0.333333 10 11 0.392876 
898 0.032676 0.90905 1.27979 2.93981 2 1 2.50967 -0.333333 10 11 0.392876 
899 0.032676 0.90905 1.27979 2.93981 2 1 2.50967 -0.333333 10 11 0.392876 
900 0.032676 0.90905 1.27979 2.93981 2 1 2.50967 -0.333333 10 11 0.392876 
901 0.032676 0.90905 1.27979 2.93981 2 1 2.50967 -0.333333 10 11 0.392876 
902 0.032676 0.90905 1.27979 2.93981 2 1 2.50967 -0.333333 10 11 0.392876 
903 0.032676 0.90905 1.27979 2.93981 2 1 2.50967 -0.333333 10 11 0.392876 
904 0.032676 0.90905 1.27979 2.93981 2 1 2.50967 -0.333333 10 11 0.392876 
905 0.032676 0.90905 1.27979 2.93981 2 1 2.50967 -0.333333 10 11 0.392876 
906 0.032676 0.90905 1.27979 2.93981 2 1 2.50967 -0.333333 10 11 0.392876 
907 0.0326747 0.90907 1.27979 2.93981 2 1 2.50967 -0.333333 10 11 0.392876 
908 0.0326747 0.90907 1.27979 2.93981 2 1 2.50967 -0.333333 10 11 0.392876 
909 0.0326747 0.90907 1.27979 2.93981 2 1 2.50967 -0.333333 10 11 0.392876 
910 0.0326747 0.90907 1.27979 2.93981 2 1 2.50967 -0.333333 10 11 0.392876 
911 0.0326747 0.90907 1.27979 2.93981 2 1 2.50967 -0.333333 10 11 0.392876 
912 0.0326747 0.90907 1.27979 2.93981 2 1 2.50967 -0.333333 10 11 0.392876 
913 0.0326747 0.90907 1.27979 2.93981 2 1 2.50967 -0.333333 10 11 0.392876 
914 0.0326747 0.90907 1.27979 2.93981 2 1 2.50967 -0.333333 10 11 0.392876 
915 0.0326747 0.90907 1.27979 2.93981 2 1 2.50967 -0.333333 10 11 0.392876 
916 0.0326747 0.90907 1.27979 2.93981 2 1 2.50967 -0.333333 10 11 0.392876 
917 0.0326747 0.90907 1.27979 2.93981 2 1 2.50967 -0.333333 10 11 0.392876 
918 0.0326747 0.90907 1.27979 2.93981 2 1 2.50967 -0.333333 10 11 0.392876 
919 0.0326747 0.90907 1.27979 2.93981 2 1 2.50967 -0.333333 10 11 0.392876 
920 0.0326747 0.90907 1.27979 2.93981 2 1 2.50967 -0.333333 10 11 0.392876 
921 0.0326747 0.90907 1.27979 2.93981 2 1 2.50967 -0.333333 10 11 0.392876 
922 0.0326747 0.90907 1.27979 2.93981 2 1 2.50967 -0.333333 10 11 0.392876 
923 0.0326747 0.90907 1.27979 2.93981 2 1 2.50967 -0.333333 10 11 0.392876 
924 0.0326747 0.90907 1.27979 2.93981 2 1 2.50967 -0.333333 10 11 0.392876 
925 0.0326747 0.90907 1.27979 2.93981 2 1 2.50967 -0.333333 10 11 0.392876 
926 0.0326747 0.90907 1.27979 2.93981 2 1 2.50967 -0.333333 10 11 0.392876 
927 0.0326747 0.90907 1.27979 2.93981 2 1 2.50967 -0.333333 10 11 0.392876 
928 0.0326747 0.90907 1.27979 2.93981 2 1 2.50967 -0.333333 10 11 0.392876 
929 0.0326747 0.90907 1.27979 2.93981 2 1 2.50967 -0.333333 10 11 0.392876 
930 0.0326747 0.90907 1.27979 2.93981 2 1 2.50967 -0.333333 10 11 0.392876 
931 0.0326747 0.90907 1.27979 2.93981 2 1 2.50967 -0.333333 10 11 0.392876 
932 0.0326747 0.90907 1.27979 2.93981 2 1 2.50967 -0.333333 10 11 0.392876 
933 0.0326747 0.90907 1.27979 2.93981 2 1 2.50967 -0.333333 10 11 0.392876 
934 0.0326747 0.90907 1.27979 2.93981 2 1 2.50967 -0.333333 10 11 0.392876 
935 0.0326747 0.90907 1.27979 2.93981 2 1 2.50967 -0.333333 10 11 0.392876 
936 0.0326747 0.90907 1.27979 2.93981 2 1 2.50967 -0.333333 10 11 0.392876 
937 0.0326747 0.90907 1.27979 2.93981 2 1 2.50967 -0.333333 10 11 0.392876 
938 0.0326747 0.90907 1.27979 2.93981 2 1 2.50967 -0.333333 10 11 0.392876 
939 0.0326747 0.90907 1.27979 2.93981 2 1 2.50967 -0.333333 10 11 0.392876 
940 0.0326747 0.90907 1.27979 2.93981 2 1 2.50967 -0.333333 10 11 0.392876 
941 0.0326747 0.90907 1.27979 2.93981 2 1 2.50967 -0.333333 10 11 0.392876 
942 0.0326747 0.90907 1.27979 2.93981 2 1 2.50967 -0.333333 10 11 0.392876 
943 0.0326747 0.90907 1.27979 2.93981 2 1 2.50967 -0.333333 10 11 0.392876 
944 0.0326747 0.90907 1.27979 2.93981 2 1 2.50967 -0.333333 10 11 0.392876 
945 0.0326747 0.90907 1.27979 2.93981 2 1 2.50967 -0.333333 10 11 0.392876 
946 0.0326747 0.90907 1.27979 2.93981 2 1 2.50967 -0.333333 10 11 0.392876 
947 0.0326747 0.90907 1.27979 2.93981 2 1 2.50967 -0.333333 10 11 0.392876 
948 0.0326747 0.90907 1.27979 2.93981 2 1 2.50967 -0.333333 10 11 0.392876 
949 0.0326747 0.90907 1.27979 2.93981 2 1 2.50967 -0.333333 10 11 0.392876 
950 0.0326747 0.90907 1.27979 2.93981 2 1 2.50967 -0.333333 10 11 0.392876 
951 0.0326747 0.90907 1.27979 2.93981 2 1 2.50967 -0.333333 10 11 0.392876 
952 0.0326747 0.90907 1.27979 2.93981 2 1 2.50967 -0.333333 10 11 0.392876 
953 0.0326747 0.90907 1.27979 2.93981 2 1 2.50967 -0.333333 10 11 0.392876 
954 0.0326747 0.90907 1.27979 2.93981 2 1 2.50967 -0.333333 10 11 0.392876 
955 0.0326747 0.90907 1.27979 2.93981 2 1 2.50967 -0.333333 10 11 0.392876 
956 0.0326747 0.90907 1.27979 2.93981 2 1 2.50967 -0.333333 10 11 0.392876 
957 0.0326747 0.90907 1.27979 2.93981 2 1 2.50967 -0.333333 10 11 0.392876 
958 0.0326747 0.90907 1.27979 2.93981 2 1 2.50967 -0.333333 10 11 0.392876 
959 0.0326747 0.90907 1.27979 2.93981 2 1 2.50967 -0.333333 10 11 0.392876 
960 0.0326747 0.90907 1.27979 2.93981 2 1 2.50967 -0.333333 10 11 0.392876 
961 0.0326747 0.90907 1.27979 2.93981 2 1 2.50967 -0.333333 10 11 0.392876 
962 0.0326747 0.90907 1.27979 2.93981 2 1 2.50967 -0.333333 10 11 0.392876 
963 0.0326747 0.90907 1.27979 2.93981 2 1 2.50967 -0.333333 10 11 0.392876 
964 0.0326747 0.90907 1.27979 2.93981 2 1 2.50967 -0.333333 10 11 0.392876 
965 0.0326747 0.90907 1.27979 2.93981 2 1 2.50967 -0.333333 10 11 0.392876 
966 0.0326747 0.90907 1.27979 2.93981 2 1 2.50967 -0.333333 10 11 0.392876 
967 0.0326747 0.90907 1.27979 2.93981 2 1 2.50967 -0.333333 10 11 0.392876 
968 0.0326747 0.90907 1.27979 2.93981 2 1 2.50967 -0.333333 10 11 0.392876 
969 0.0326747 0.90907 1.27979 2.93981 2 1 2.50967 -0.333333 10 11 0.392876 
970 0.0326747 0.90907 1.27979 2.93981 2 1 2.50967 -0.333333 10 11 0.392876 
971 0.0326747 0.90907 1.27979 2.93981 2 1 2.50967 -0.333333 10 11 0.392876 
972 0.0326747 0.90907 1.27979 2.93981 2 1 2.50967 -0.333333 10 11 0.392876 
973 0.0326747 0.90907 1.27979 2.93981 2 1 2.50967 -0.333333 10 11 0.392876 
974 0.0326747 0.90907 1.27979 2.93981 2 1 2.50967 -0.333333 10 11 0.392876 
975 0.0326747 0.90907 1.27979 2.93981 2 1 2.50967 -0.333333 10 11 0.392876 
976 0.0326747 0.90907 1.27979 2.93981 2 1 2.50967 -0.333333 10 11 0.392876 
977 0.0326747 0.90907 1.27979 2.93981 2 1 2.50967 -0.333333 10 11 0.392876 
978 0.0326747 0.90907 1.27979 2.93981 2 1 2.50967 -0.333333 10 11 0.392876 
979 0.0326747 0.90907 1.27979 2.93981 2 1 2.50967 -0.333333 10 11 0.392876 
980 0.0326747 0.90907 1.27979 2.93981 2 1 2.50967 -0.333333 10 11 0.392876 
981 0.0326747 0.90907 1.27979 2.93981 2 1 2.50967 -0.333333 10 11 0.392876 
982 0.0326747 0.90907 1.27979 2.93981 2 1 2.50967 -0.333333 10 11 0.392876 
983 0.0326747 0.90907 1.27979 2.93981 2 1 2.50967 -0.333333 10 11 0.392876 
984 0.0326747 0.90907 1.27979 2.93981 2 1 2.50967 -0.333333 10 11 0.392876 
985 0.0326747 0.90907 1.27979 2.93981 2 1 2.50967 -0.333333 10 11 0.392876 
986 0.0326747 0.90907 1.27979 2.93981 2 1 2.50967 -0.333333 10 11 0.392876 
987 0.0326747 0.90907 1.27979 2.93981 2 1 2.50967 -0.333333 10 11 0.392876 
988 0.0326747 0.90907 1.27979 2.93981 2 1 2.50967 -0.333333 10 11 0.392876 
989 0.0326747 0.90907 1.27979 2.93981 2 1 2.50967 -0.333333 10 11 0.392876 
990 0.0326747 0.90907 1.27979 2.93981 2 1 2.50967 -0.333333 10 11 0.392876 
991 0.0326747 0.90907 1.27979 2.93981 2 1 2.50967 -0.333333 10 11 0.392876 
992 0.0326747 0.90907 1.27979 2.93981 2 1 2.50967 -0.333333 10 11 0.392876 
993 0.0326747 0.90907 1.27979 2.93981 2 1 2.50967 -0.333333 10 11 0.392876 
994 0.0326747 0.90907 1.27979 2.93981 2 1 2.50967 -0.333333 10 11 0.392876 
995 0.0326747 0.90907 1.27979 2.93981 2 1 2.50967 -0.333333 10 11 0.392876 
996 0.0326747 0.90907 1.27979 2.93981 2 1 2.50967 -0.333333 10 11 0.392876 
997 0.0326747 0.90907 1.27979 2.93981 2 1 2.50967 -0.333333 10 11 0.392876 
998 0.0326747 0.90907 1.27979 2.93981 2 1 2.50967 -0.333333 10 11 0.392876 
999 0.0326747 0.90907 1.27979 2.93981 2 1 2.50967 -0.333333 10 11 0.392876 
