2668.22 2559.22
2293.56 2219.96
1947.62 1900.48
1627.37 1601.23
1331.45 1321.3
1058.42 1059.79
938.124 935.665
814.218 815.839
695.386 700.207
581.231 588.683
471.704 481.154
377.741 377.533
336.627 337.16
296.291 297.388
256.543 258.212
217.549 219.639
179.124 181.651
160.155 162.876
141.432 144.246
122.781 125.756
104.292 107.414
85.9586 89.2205
67.8646 71.1693
49.8419 53.2486
31.9759 35.472
14.2613 17.8374
-3.2211 0.34368
-20.6352 -17.0112
-37.8962 -34.231
-55.01 -51.303
-71.8973 -68.2496
-88.7153 -85.049
-105.389 -101.716
-121.919 -118.253
-138.231 -134.653
-154.472 -150.918
-170.577 -167.052
-202.29 -198.924
-233.517 -230.258
-264.134 -261.083
-294.28 -291.391
-323.829 -321.183
-389.906 -393.48
-458.773 -462.709
-524.52 -528.918
-587.379 -592.193
-647.391 -652.602
-704.654 -710.211
-809.472 -817.334
-906.464 -914.108
-994.21 -1001.11
-1073.4 -1078.9
-1144.66 -1148.06
-1208.47 -1208.79
-1262.73 -1262.51
-1313.53 -1309.59
-1358.37 -1350.57
-1397.65 -1386
-1426.31 -1416.39
-1456.19 -1442.26
-1481.59 -1463.78
-1502.83 -1481.81
-1520.22 -1496.17
1776.14 1676.76
1560.23 1487.64
1354.63 1303.19
1155.08 1119.76
965.518 940.335
785.658 767.194
699.586 683.121
612.721 600.695
527.958 519.935
449.056 440.827
368.073 363.349
294.16 287.511
262.978 257.633
232.183 228.01
201.633 198.65
171.468 169.549
141.545 140.705
126.701 126.38
112.003 112.119
97.3124 97.9219
82.7017 83.792
68.1679 69.7261
53.7766 55.7267
39.3944 41.7818
25.0926 27.9059
10.8653 14.0954
-3.22112 0.34816
-17.2965 -13.3357
-31.2958 -26.9568
-45.2191 -40.5101
-59.0004 -54.0045
-72.772 -67.4342
-86.4681 -80.7923
-100.092 -94.0954
-113.575 -107.335
-127.046 -120.509
-140.446 -133.623
-166.958 -159.658
-193.236 -185.437
-219.163 -210.971
-244.852 -236.252
-270.195 -261.283
-328.219 -322.78
-388.859 -382.742
-447.682 -441.155
-504.826 -498.036
-560.266 -553.405
-612.545 -607.261
-715.203 -710.506
-811.572 -807.862
-901.811 -899.424
-984.325 -985.31
-1063.3 -1065.61
-1136.88 -1140.43
-1205.38 -1209.87
-1268.97 -1274.07
-1327.95 -1332.77
-1380.24 -1386.7
-1428.04 -1435.84
-1474.83 -1480.15
-1515.37 -1520.41
-1554.95 -1556.17
-1591.08 -1588.03
512.719 505.375
440.071 441.768
376.889 380.701
314.387 322.853
256.641 268.248
203.909 216.953
178.868 192.4
154.848 168.509
133.951 145.263
111.778 122.669
90.5249 100.727
70.1706 79.4074
62.2522 71.0573
54.4859 62.8064
46.8316 54.6541
39.3237 46.6029
31.9242 38.6496
28.27 34.7091
24.6646 30.7942
21.0715 26.9037
17.51 23.0374
13.9769 19.1955
10.4889 15.3766
7.01397 11.5834
3.56962 7.8144
0.151795 4.06976
-3.22092 0.34816
-6.5821 -3.34976
-9.9145 -7.02208
-13.2211 -10.672
-16.4848 -14.2976
-19.7353 -17.8982
-22.9595 -21.4758
-26.1577 -25.0304
-29.3163 -28.56
-32.4627 -32.0659
-35.5848 -35.5494
-41.7392 -42.4448
-47.8102 -49.2461
-53.771 -55.9558
-59.6523 -62.5722
-65.4278 -69.0976
-79.503 -85.008
-93.006 -100.343
-106.06 -115.123
-118.666 -129.356
-130.851 -143.033
-141.272 -156.182
-163.873 -180.9
-185.26 -203.554
-205.635 -224.204
-225.209 -242.906
-244.185 -259.718
-262.713 -274.709
-280.969 -287.948
-299.074 -299.482
-317.168 -309.382
-335.343 -317.717
-352.017 -324.572
-370.71 -330.014
-389.535 -334.412
-408.934 -337.989
-428.293 -341.259
2668.21 2559.22
2293.55 2219.96
1947.62 1900.48
1627.37 1601.23
1331.45 1321.3
1058.42 1059.79
938.124 935.665
814.218 815.839
695.385 700.207
581.231 588.683
471.704 481.154
377.741 377.533
336.628 337.16
296.292 297.388
256.544 258.212
217.549 219.639
179.123 181.651
160.154 162.876
141.433 144.246
122.782 125.756
104.292 107.414
85.9581 89.2205
67.865 71.1693
49.8426 53.2486
31.9751 35.472
14.2612 17.8374
-3.22156 0.34368
-20.6354 -17.0112
-37.8961 -34.231
-55.0099 -51.303
-71.8973 -68.2496
-88.7162 -85.049
-105.389 -101.716
-121.919 -118.253
-138.231 -134.653
-154.472 -150.918
-170.577 -167.052
-202.29 -198.924
-233.517 -230.258
-264.134 -261.083
-294.281 -291.391
-323.829 -321.183
-389.907 -393.48
-458.774 -462.709
-524.52 -528.918
-587.379 -592.193
-647.391 -652.602
-704.654 -710.211
-809.473 -817.334
-906.464 -914.108
-994.21 -1001.11
-1073.4 -1078.9
-1144.66 -1148.06
-1208.47 -1208.79
-1262.73 -1262.51
-1313.53 -1309.59
-1358.37 -1350.57
-1397.65 -1386
-1426.31 -1416.39
-1456.19 -1442.26
-1481.59 -1463.78
-1502.83 -1481.81
-1520.22 -1496.17
1776.14 1676.76
1560.23 1487.64
1354.63 1303.19
1155.08 1119.76
965.518 940.335
785.657 767.194
699.586 683.121
612.719 600.695
527.959 519.935
449.056 440.827
368.073 363.349
294.16 287.511
262.978 257.633
232.183 228.01
201.633 198.65
171.467 169.549
141.544 140.705
126.701 126.38
112.003 112.119
97.3121 97.9219
82.7014 83.792
68.1678 69.7261
53.7772 55.7267
39.3947 41.7818
25.0929 27.9059
10.865 14.0954
-3.22162 0.34816
-17.2962 -13.3357
-31.2951 -26.9568
-45.2188 -40.5101
-59.0005 -54.0045
-72.7728 -67.4342
-86.4688 -80.7923
-100.091 -94.0954
-113.575 -107.335
-127.046 -120.509
-140.446 -133.623
-166.958 -159.658
-193.236 -185.437
-219.163 -210.971
-244.852 -236.252
-270.195 -261.283
-328.219 -322.78
-388.859 -382.742
-447.682 -441.155
-504.826 -498.036
-560.267 -553.405
-612.544 -607.261
-715.204 -710.506
-811.572 -807.862
-901.811 -899.424
-984.325 -985.31
-1063.3 -1065.61
-1136.88 -1140.43
-1205.38 -1209.87
-1268.97 -1274.07
-1327.95 -1332.77
-1380.24 -1386.7
-1428.04 -1435.84
-1474.83 -1480.15
-1515.37 -1520.41
-1554.95 -1556.17
-1591.08 -1588.03
512.718 505.375
440.071 441.768
376.889 380.701
314.388 322.853
256.64 268.248
203.908 216.953
178.868 192.4
154.848 168.509
133.951 145.263
111.777 122.669
90.5248 100.727
70.1706 79.4074
62.2517 71.0573
54.4853 62.8064
46.8312 54.6541
39.3229 46.6029
31.9229 38.6496
28.2692 34.7091
24.664 30.7942
21.0713 26.9037
17.5093 23.0374
13.9768 19.1955
10.4884 15.3766
7.0137 11.5834
3.56875 7.8144
0.152033 4.06976
-3.22155 0.34816
-6.58261 -3.34976
-9.91516 -7.02208
-13.2217 -10.672
-16.4854 -14.2976
-19.7358 -17.8982
-22.9604 -21.4758
-26.158 -25.0304
-29.3166 -28.56
-32.4631 -32.0659
-35.5856 -35.5494
-41.7398 -42.4448
-47.8109 -49.2461
-53.7713 -55.9558
-59.6521 -62.5722
-65.4277 -69.0976
-79.503 -85.008
-93.006 -100.343
-106.06 -115.123
-118.666 -129.356
-130.851 -143.033
-141.272 -156.182
-163.873 -180.9
-185.26 -203.554
-205.635 -224.204
-225.209 -242.906
-244.185 -259.718
-262.713 -274.709
-280.969 -287.948
-299.074 -299.482
-317.168 -309.382
-335.344 -317.717
-352.017 -324.572
-370.71 -330.014
-389.535 -334.412
-408.934 -337.989
-428.293 -341.259
2668.21 2559.22
2293.55 2219.96
1947.62 1900.48
1627.37 1601.23
1331.45 1321.3
1058.42 1059.79
938.124 935.665
814.218 815.839
695.385 700.207
581.231 588.683
471.704 481.154
377.741 377.533
336.628 337.16
296.292 297.388
256.544 258.212
217.549 219.639
179.123 181.651
160.154 162.876
141.433 144.246
122.782 125.756
104.292 107.414
85.9581 89.2205
67.8651 71.1693
49.8428 53.2486
31.9749 35.472
14.2612 17.8374
-3.22169 0.34368
-20.6354 -17.0112
-37.8961 -34.231
-55.0098 -51.303
-71.8974 -68.2496
-88.7163 -85.049
-105.389 -101.716
-121.919 -118.253
-138.231 -134.653
-154.472 -150.918
-170.577 -167.052
-202.29 -198.924
-233.518 -230.258
-264.134 -261.083
-294.281 -291.391
-323.828 -321.183
-389.906 -393.48
-458.773 -462.709
-524.52 -528.918
-587.379 -592.193
-647.391 -652.602
-704.654 -710.211
-809.473 -817.334
-906.464 -914.108
-994.21 -1001.11
-1073.4 -1078.9
-1144.66 -1148.06
-1208.47 -1208.79
-1262.73 -1262.51
-1313.53 -1309.59
-1358.37 -1350.57
-1397.65 -1386
-1426.31 -1416.39
-1456.19 -1442.26
-1481.59 -1463.78
-1502.83 -1481.81
-1520.22 -1496.17
1067.84 1106.43
906.719 954.792
763.513 811.921
631.483 682.243
519.28 562.617
411.706 451.183
361.026 398.327
312.564 347.311
266.331 298.104
225.457 250.65
183.015 204.907
143.243 160.821
127.447 143.664
111.957 126.744
96.6949 110.079
81.7217 93.6685
66.9603 77.5078
59.6734 69.5187
52.4766 61.5917
45.3075 53.7254
38.1962 45.9232
31.1443 38.1779
24.1784 30.4928
17.2395 22.8659
10.3539 15.3011
3.52366 7.79648
-3.2216 0.34816
-9.94463 -7.04128
-16.6148 -14.3718
-23.2312 -21.6429
-29.7663 -28.8595
-36.2803 -36.0166
-42.7477 -43.1155
-49.1635 -50.16
-55.5012 -57.1482
-61.8185 -64.0774
-68.0917 -70.9549
-80.4641 -84.5389
-92.684 -97.9021
-104.695 -111.038
-116.559 -123.971
-128.227 -136.689
-156.563 -167.572
-184.094 -197.173
-210.684 -225.526
-236.436 -252.657
-261.376 -278.622
-282.958 -303.444
-329.337 -349.784
-373.141 -391.926
-414.586 -430.105
-452.324 -464.566
-489.858 -495.523
-525.571 -523.199
-559.622 -547.903
-592.075 -569.886
-623.046 -588.934
-651.672 -605.921
-679.918 -620.97
-706.807 -633.953
-732.01 -645.599
-756.353 -656.118
-779.44 -665.402
954.803 940.308
873.832 856.671
791.411 773.802
700.954 685.149
606.557 592.734
513.107 496.341
462.924 447.402
412.111 398.264
367.874 348.93
315.765 299.45
263.245 249.845
210.417 200.106
189.164 180.185
167.917 160.245
146.587 140.282
125.272 120.317
103.879 100.341
93.1737 90.3494
82.5118 80.3584
71.7945 70.3622
61.0762 60.3661
50.3493 50.3674
39.6703 40.368
28.9371 30.3616
18.2027 20.3584
7.46694 10.3552
-3.22181 0.34816
-13.9602 -9.65952
-24.6996 -19.6678
-35.4395 -29.6762
-46.1296 -39.6851
-56.8663 -49.6928
-67.6004 -59.6998
-78.3345 -69.7107
-89.0173 -79.7171
-99.7448 -89.7242
-110.472 -99.7331
-131.86 -119.748
-153.282 -139.757
-174.631 -159.764
-195.999 -179.764
-217.29 -199.77
-270.428 -249.718
-320.709 -299.603
-373.346 -349.391
-425.646 -399.08
-477.51 -448.639
-525.992 -498.056
-627.218 -596.388
-726.025 -693.931
-822.011 -790.547
-914.943 -886.102
-1004.63 -980.449
-1090.77 -1073.45
-1173.28 -1164.96
-1251.94 -1254.81
-1326.72 -1342.86
-1397.49 -1428.94
-1461.98 -1512.86
-1524.73 -1594.44
-1578.57 -1672.5
-1633.71 -1746.43
-1683.07 -1814.92
-0.130444 0
-0.0639675 0
0.0635098 0
0.165812 0
-0.0977938 0
-0.000965132 0
0.0743728 0
0.138595 0
0.0366429 0
-0.257135 0
0.0344045 0
0.021049 0
0.215279 0
-0.0978613 0
-0.0231959 0
-0.217182 0
-0.0519709 0
-0.0609254 0
0.0713119 0
0.0496429 0
0.110523 0
0.108207 0
0.0399437 0
0.11814 0
-0.0880522 0
-0.011715 0
0.00676362 0
0.0777155 0
-0.0103504 0
-0.037826 0
-0.00746281 0
0.0828476 0
-0.0367523 0
-0.0626692 0
-0.0437691 0
0.0522183 0
-0.0607839 0
-0.0352235 0
-0.0031922 0
0.0247926 0
-0.0240322 0
0.000836234 0
-0.0468711 0
-0.0694257 0
0.0171905 0
-0.0794397 0
-0.0076475 0
0.0674435 0
0.0440718 0
-0.0111238 0
-0.0282864 0
0.00959806 0
-0.0269535 0
-0.0121967 0
-0.0414811 0
-0.00920763 0
-0.00617244 0
0.0115888 0
0.015209 0
0.0258279 0
0.0478986 0
9.53594e-05 0
-0.00522917 0
0.171798 0
0.161846 0
0.15482 0
0.150121 0
0.143277 0
0.137236 0
0.134317 0
0.130569 0
0.128671 0
0.126043 0
0.123537 0
0.120934 0
0.119206 0
0.118942 0
0.117333 0
0.117106 0
0.115391 0
0.115054 0
0.115156 0
0.114011 0
0.113461 0
0.115282 0
0.112794 0
0.113033 0
0.111811 0
0.111558 0
0.111683 0
0.110513 0
0.110769 0
0.110353 0
0.109991 0
0.10941 0
0.108314 0
0.10792 0
0.108158 0
0.107812 0
0.107409 0
0.106632 0
0.105735 0
0.10436 0
0.103438 0
0.102764 0
0.100809 0
0.0990457 0
0.097197 0
0.0959244 0
0.0943011 0
0.0927289 0
0.0892627 0
0.085762 0
0.0829246 0
0.0800704 0
0.077849 0
0.0748561 0
0.0722975 0
0.0703481 0
0.0676614 0
0.065872 0
0.0636904 0
0.0622763 0
0.0594705 0
0.0575052 0
0.0555691 0
-0.0939572 0
-0.0491416 0
0.0472543 0
0.130482 0
-0.0805169 0
-0.000704374 0
0.0633691 0
0.119908 0
0.0328136 0
-0.230894 0
0.0301943 0
0.0199148 0
0.200633 0
-0.0930045 0
-0.0219712 0
-0.20768 0
-0.0504517 0
-0.0595547 0
0.0689741 0
0.0472611 0
0.106136 0
0.106269 0
0.037967 0
0.116581 0
-0.0872382 0
-0.0124466 0
0.00681057 0
0.0765875 0
-0.0104536 0
-0.0382979 0
-0.00758382 0
0.0835971 0
-0.0376691 0
-0.0644822 0
-0.0453287 0
0.054086 0
-0.0633629 0
-0.0379309 0
-0.00319488 0
0.0274508 0
-0.0269475 0
-0.000423277 0
-0.0521206 0
-0.0788069 0
0.0190238 0
-0.0942411 0
-0.00979841 0
0.0843449 0
0.0577774 0
-0.0153763 0
-0.0413082 0
0.0149529 0
-0.0444728 0
-0.0226466 0
-0.078731 0
-0.0184962 0
-0.0134593 0
0.0262005 0
0.0382098 0
0.0717636 0
0.145789 0
0.000506508 0
-0.019388 0
-0.130463 0
-0.0639778 0
0.063526 0
0.165563 0
-0.0977902 0
-0.000986644 0
0.0743433 0
0.138506 0
0.036673 0
-0.257196 0
0.0344123 0
0.0214623 0
0.215343 0
-0.0979723 0
-0.0231773 0
-0.217085 0
-0.0519717 0
-0.0609913 0
0.071274 0
0.04965 0
0.110487 0
0.108192 0
0.0399738 0
0.118147 0
-0.0880838 0
-0.0118282 0
0.00679254 0
0.0777157 0
-0.010296 0
-0.0378962 0
-0.00740347 0
0.0829006 0
-0.0367441 0
-0.0627653 0
-0.0437867 0
0.0521603 0
-0.0608327 0
-0.0352536 0
-0.0030939 0
0.0248104 0
-0.0240014 0
0.000823 0
-0.0468621 0
-0.0694133 0
0.0171533 0
-0.0793623 0
-0.007645 0
0.0676197 0
0.0440552 0
-0.0111269 0
-0.0283077 0
0.00959731 0
-0.0270004 0
-0.0121169 0
-0.0414423 0
-0.00920164 0
-0.00620503 0
0.0115996 0
0.0151751 0
0.0258316 0
0.0478956 0
0.000115992 0
-0.00522787 0
-0.111008 0
-0.0569949 0
0.0540962 0
0.147645 0
-0.0883506 0
-0.000512867 0
0.0702872 0
0.127356 0
0.0348471 0
-0.243479 0
0.0337224 0
0.0225014 0
0.207529 0
-0.0951021 0
-0.0225787 0
-0.212136 0
-0.0515376 0
-0.0598909 0
0.0701403 0
0.0480399 0
0.10908 0
0.107357 0
0.039655 0
0.117357 0
-0.0876616 0
-0.0117723 0
0.00684324 0
0.0764326 0
-0.010302 0
-0.0381259 0
-0.0068632 0
0.083721 0
-0.0372187 0
-0.0636891 0
-0.0445671 0
0.0530873 0
-0.0621745 0
-0.0360111 0
-0.00191295 0
0.0266901 0
-0.0259185 0
0.000830195 0
-0.0493831 0
-0.0740079 0
0.0175508 0
-0.0865032 0
-0.00856741 0
0.0765897 0
0.0505192 0
-0.0136589 0
-0.0342556 0
0.0120909 0
-0.034935 0
-0.016249 0
-0.0573169 0
-0.0131588 0
-0.00931572 0
0.0181296 0
0.0244983 0
0.0445302 0
0.0869735 0
0.000305457 0
-0.0107235 0
0.137359 0
0.13434 0
0.132236 0
0.128455 0
0.125636 0
0.123749 0
0.121628 0
0.121152 0
0.119943 0
0.118691 0
0.116671 0
0.115494 0
0.114977 0
0.114545 0
0.114849 0
0.11437 0
0.112976 0
0.112894 0
0.113479 0
0.112502 0
0.112952 0
0.112712 0
0.111762 0
0.111536 0
0.112131 0
0.111154 0
0.111649 0
0.111453 0
0.11124 0
0.110292 0
0.110084 0
0.109795 0
0.109623 0
0.109416 0
0.109906 0
0.109744 0
0.109493 0
0.109064 0
0.108022 0
0.108273 0
0.107811 0
0.106719 0
0.106593 0
0.104775 0
0.103836 0
0.103532 0
0.101975 0
0.101805 0
0.100025 0
0.0984391 0
0.0966944 0
0.0952995 0
0.0936733 0
0.0915588 0
0.0901756 0
0.0887221 0
0.0873916 0
0.0867873 0
0.0854362 0
0.0841412 0
0.0829308 0
0.0817267 0
0.0798573 0
-0.130527 0
-0.0636878 0
0.063378 0
0.16542 0
-0.0977441 0
-0.00107903 0
0.0744872 0
0.138553 0
0.036654 0
-0.257226 0
0.0344414 0
0.0214541 0
0.215298 0
-0.0978779 0
-0.0231196 0
-0.217056 0
-0.0519933 0
-0.0610149 0
0.0711995 0
0.0496766 0
0.110378 0
0.108202 0
0.0399983 0
0.118171 0
-0.0881463 0
-0.011865 0
0.00678853 0
0.0776695 0
-0.0102573 0
-0.0378504 0
-0.00739128 0
0.0828553 0
-0.0367153 0
-0.0627405 0
-0.0438478 0
0.052183 0
-0.0608479 0
-0.0352667 0
-0.00306622 0
0.0247101 0
-0.0241002 0
0.000798562 0
-0.0468543 0
-0.0694126 0
0.0169614 0
-0.0793648 0
-0.00750857 0
0.0674762 0
0.0440246 0
-0.0110696 0
-0.0284054 0
0.00973591 0
-0.0271115 0
-0.0121971 0
-0.0414851 0
-0.00908368 0
-0.00618193 0
0.0116286 0
0.0151704 0
0.025881 0
0.0479145 0
0.000135099 0
-0.0052681 0
-0.111057 0
-0.0568445 0
0.0540607 0
0.147775 0
-0.0883007 0
-0.000290506 0
0.0704158 0
0.127335 0
0.0348501 0
-0.243489 0
0.0337361 0
0.0225369 0
0.207656 0
-0.0950513 0
-0.0225351 0
-0.212 0
-0.051584 0
-0.059931 0
0.0700738 0
0.0480326 0
0.109008 0
0.107382 0
0.039747 0
0.117342 0
-0.0877181 0
-0.0117947 0
0.00682344 0
0.0765071 0
-0.0102837 0
-0.038074 0
-0.00691492 0
0.0837443 0
-0.0371701 0
-0.0636343 0
-0.044612 0
0.0530929 0
-0.0621982 0
-0.0360541 0
-0.00200741 0
0.0267842 0
-0.0258956 0
0.000752214 0
-0.0494187 0
-0.0739769 0
0.0176281 0
-0.0865066 0
-0.00839415 0
0.076589 0
0.0504929 0
-0.0137035 0
-0.0344146 0
0.0121618 0
-0.0350503 0
-0.0163418 0
-0.0573616 0
-0.013039 0
-0.00929304 0
0.0181537 0
0.0245082 0
0.0445655 0
0.0870347 0
0.000342673 0
-0.0107721 0
0.13734 0
0.134401 0
0.132254 0
0.128463 0
0.125631 0
0.123751 0
0.121722 0
0.121077 0
0.119959 0
0.118704 0
0.116638 0
0.115457 0
0.115003 0
0.114554 0
0.114829 0
0.114359 0
0.113051 0
0.112946 0
0.113448 0
0.112551 0
0.112912 0
0.112677 0
0.111826 0
0.111578 0
0.112109 0
0.11112 0
0.11165 0
0.111449 0
0.111254 0
0.110279 0
0.110038 0
0.109868 0
0.109638 0
0.109407 0
0.109896 0
0.109733 0
0.109503 0
0.10905 0
0.107922 0
0.108267 0
0.107832 0
0.106685 0
0.106558 0
0.104773 0
0.103826 0
0.103546 0
0.101941 0
0.101787 0
0.100052 0
0.0984768 0
0.0966723 0
0.0952772 0
0.0936501 0
0.0915893 0
0.0901541 0
0.0887672 0
0.0874296 0
0.0867955 0
0.0854309 0
0.0841316 0
0.0829514 0
0.0817031 0
0.0798801 0
