-266.08 -279.66
-270.863 -271.129
-286.299 -270.443
-262.084 -277.269
-249.231 -249.373
-259.538 -259.518
-268.29 -268.183
-275.631 -275.475
-281.665 -281.502
-286.51 -286.363
-288.519 -288.386
-290.272 -290.153
-291.778 -291.675
-293.046 -292.963
-294.091 -294.026
-294.92 -294.876
-295.195 -295.158
-295.437 -295.408
-295.649 -295.626
-295.828 -295.813
-295.979 -295.97
-296.042 -296.038
-296.099 -296.098
-296.148 -296.15
-296.19 -296.196
-296.225 -296.234
-296.253 -296.265
-296.274 -296.289
-296.288 -296.306
-296.295 -296.317
-296.296 -296.32
-296.289 -296.317
-296.277 -296.307
-296.257 -296.29
-296.231 -296.267
-296.199 -296.237
-296.16 -296.201
-296.115 -296.158
-296.064 -296.109
-296.007 -296.054
-295.943 -295.993
-295.798 -295.852
-295.629 -295.687
-295.437 -295.499
-295.222 -295.287
-294.985 -295.053
-294.298 -294.373
-293.483 -293.561
-292.544 -292.625
-291.491 -291.572
-290.327 -290.408
-289.062 -289.138
-286.24 -286.309
-283.074 -283.128
-279.601 -279.639
-275.859 -275.881
-271.88 -271.89
-275.29 -274.788
-279.658 -279.195
-283.445 -283.037
-286.687 -286.342
-289.404 -289.136
-291.63 -291.434
-292.565 -292.404
-293.39 -293.259
-294.104 -294.002
-294.711 -294.635
-295.216 -295.162
-295.62 -295.587
-295.755 -295.729
-295.874 -295.855
-295.978 -295.965
-296.066 -296.061
-296.141 -296.141
-296.172 -296.175
-296.2 -296.206
-296.225 -296.233
-296.245 -296.256
-296.262 -296.276
-296.276 -296.292
-296.286 -296.304
-296.293 -296.313
-296.296 -296.318
-296.296 -296.32
-296.292 -296.318
-296.285 -296.313
-296.275 -296.304
-296.261 -296.292
-296.244 -296.277
-296.223 -296.258
-296.199 -296.235
-296.173 -296.21
-296.143 -296.181
-296.109 -296.148
-296.033 -296.074
-295.943 -295.987
-295.842 -295.886
-295.728 -295.774
-295.602 -295.648
-295.235 -295.282
-294.796 -294.842
-294.286 -294.33
-293.71 -293.749
-293.068 -293.101
-292.365 -292.39
-290.776 -290.784
-288.965 -288.95
-286.946 -286.905
-284.735 -284.668
-282.348 -282.253
-290.011 -289.893
-291.245 -291.105
-292.339 -292.193
-293.296 -293.157
-294.116 -293.998
-294.801 -294.711
-295.094 -295.019
-295.354 -295.294
-295.582 -295.536
-295.777 -295.746
-295.941 -295.922
-296.074 -296.066
-296.118 -296.115
-296.157 -296.158
-296.192 -296.196
-296.221 -296.229
-296.246 -296.257
-296.256 -296.269
-296.265 -296.28
-296.273 -296.289
-296.28 -296.297
-296.286 -296.304
-296.29 -296.31
-296.293 -296.314
-296.295 -296.317
-296.296 -296.319
-296.296 -296.32
-296.294 -296.319
-296.291 -296.318
-296.287 -296.314
-296.282 -296.31
-296.276 -296.304
-296.269 -296.298
-296.26 -296.289
-296.25 -296.28
-296.239 -296.27
-296.227 -296.258
-296.199 -296.23
-296.167 -296.198
-296.13 -296.161
-296.089 -296.119
-296.043 -296.072
-295.908 -295.934
-295.746 -295.766
-295.556 -295.569
-295.339 -295.342
-295.096 -295.086
-294.826 -294.802
-294.21 -294.149
-293.494 -293.386
-292.682 -292.515
-291.778 -291.541
-290.783 -290.465
