   -1.041024656419831e-01    4.957218043258899e-01   -3.026601950062546e-03   -1.405000000000000e-02    4.755870000000000e-01   -4.703000000000000e-02
    3.587110854267740e-01    4.173929252253350e-03   -1.417590615733763e-01    3.258140000000000e-01    7.500999999999999e-02   -1.316890000000000e-01
   -3.221761933832458e-01    9.105295872144561e-02   -2.108289581309021e-01   -2.489610000000000e-01    8.330600000000001e-02   -1.516100000000000e-01
   -9.715759039450819e-02    6.858314638912338e-01   -8.731677806211402e-02   -1.988280000000000e-01    5.756920000000000e-01   -7.905200000000000e-02
   -5.371364239072951e-02   -5.947172870342612e-01    2.384213964128034e-01   -4.766000000000000e-02   -5.982750000000000e-01    2.933990000000000e-01
   -3.269831635153695e-01    1.245228704332355e-01   -7.022642804289445e-02   -2.347870000000000e-01    1.714720000000000e-01   -8.909000000000000e-02
   -1.306557701422736e-01   -4.527899961320334e-01    2.045000248616259e-01   -1.103240000000000e-01   -3.907680000000000e-01    1.429390000000000e-01
    1.315111372664155e-01    5.601400158427563e-01   -4.505565516005684e-01    1.026830000000000e-01    3.461530000000000e-01   -4.461990000000000e-01
    1.206123678619383e-01   -9.419827962823709e-01   -2.497647719258904e-01    1.629620000000000e-01   -7.842700000000000e-01   -1.566940000000000e-01
    7.431746445536523e-01    2.267980920832857e-04    5.253400616740683e-02    6.132649999999999e-01   -4.256900000000000e-02    2.397900000000000e-02
   -4.887962103779103e-01   -2.363753354503335e-01   -1.837386184116168e-01   -4.016670000000000e-01   -2.330480000000000e-01   -1.013800000000000e-01
    4.567071635046308e-01    2.492232904858283e-01    3.109761755141440e-01    3.233010000000000e-01    1.573660000000000e-01    2.551400000000000e-01
   -1.134494049852954e-01    5.179650827511698e-02    2.031179121078630e-01   -4.542600000000000e-02    2.332200000000000e-02    2.464740000000000e-01
    1.709613471069452e-01   -2.578313192870493e-01    3.218603971912307e-01    1.251170000000000e-01   -2.602000000000000e-01    2.001810000000000e-01
    3.316499124348765e-01   -7.685153171003821e-01   -2.218257285128149e-01    3.460380000000000e-01   -6.060449999999999e-01   -1.615210000000000e-01
   -4.464041577030068e-01    2.901333082644897e-02   -4.493259198243377e-01   -4.629500000000000e-01    3.668000000000000e-02   -3.782050000000000e-01
    2.294780400966868e-01    2.295429626607910e-01    4.653726934230999e-01    2.712420000000000e-01    2.187040000000000e-01    4.286240000000000e-01
    3.099079025554876e-01    5.362567789727923e-01    3.911636792863008e-01    2.714310000000000e-01    4.378360000000000e-01    3.331040000000000e-01
   -9.903079249585965e-01    5.067478554400120e-01   -8.473891568957032e-02   -8.310330000000000e-01    4.667270000000000e-01   -1.305110000000000e-01
   -4.788440893805097e-01   -3.148487272471002e-01   -1.782338769836538e-01   -4.494320000000000e-01   -3.030160000000000e-01   -1.737540000000000e-01
    4.137421440337967e-01   -6.205424243531701e-01    1.069802222154422e-01    3.818180000000000e-01   -5.257800000000000e-01    9.443699999999999e-02
   -5.907112284633229e-01    3.755860165501122e-01   -3.934415297118727e-01   -5.645950000000000e-01    3.466010000000000e-01   -3.692860000000000e-01
   -1.725711658274966e-01    5.813028040926271e-02    2.131687477949527e-01   -1.328920000000000e-01    8.992799999999999e-02    1.827110000000000e-01
    5.258888087581420e-01    2.496025108003857e-01    4.480932973996676e-01    4.097420000000000e-01    2.539810000000000e-01    4.150820000000000e-01
    2.481739417576766e-01   -6.473033306494314e-02   -3.000401940078059e-01    2.840350000000000e-01   -1.236950000000000e-01   -2.048270000000000e-01
    5.106225234265658e-01    4.356645229539592e-01   -3.289011996587603e-01    4.109330000000000e-01    4.214460000000000e-01   -2.577950000000000e-01
    8.078149069096280e-02    8.648317286247748e-02   -4.477940709254850e-01    4.477600000000000e-02    1.209370000000000e-01   -3.053220000000000e-01
    2.104725157121170e-01   -3.081378081321465e-01    2.490124119149715e-01    1.531160000000000e-01   -3.036070000000000e-01    2.215350000000000e-01
    5.445927360402695e-01    2.386030181845972e-02   -3.557967187336625e-02    4.733750000000000e-01    6.042800000000000e-02   -1.832900000000000e-02
    2.487129270531675e-01    1.217845516075114e-01   -2.079161348357610e-01    2.502750000000000e-01    8.355600000000001e-02   -2.147690000000000e-01
   -7.102061051026543e-02    4.167533995457430e-01   -9.989356557199700e-02    9.986999999999999e-03    3.985120000000000e-01   -1.310550000000000e-01
    3.214461106769992e-01    2.703652958006639e-01   -2.187730982256816e-01    2.482670000000000e-01    2.446150000000000e-01   -2.603670000000000e-01
   -6.155496869398694e-02    4.541681700761575e-01    3.646061161760313e-01   -7.134200000000000e-02    3.615270000000000e-01    3.096660000000000e-01
    3.173440521300258e-02   -3.665719157991912e-01   -1.130748524817427e-01    1.098690000000000e-01   -2.379840000000000e-01   -5.758800000000000e-02
    8.777671034496093e-02    1.061722827645687e-01   -2.758350545776366e-01    1.042050000000000e-01    4.587300000000000e-02   -3.026990000000000e-01
    5.352978242254111e-02   -4.344758120514297e-01   -7.523389088168985e-01    1.888600000000000e-02   -3.874140000000000e-01   -6.331930000000000e-01
    1.642092982951804e-02   -4.084001563739148e-02   -4.814335267007432e-01   -5.444300000000000e-02   -9.213100000000000e-02   -3.807490000000000e-01
   -5.033867302953063e-01   -3.944233447703716e-02    5.472970813683117e-02   -4.205480000000000e-01    6.717500000000000e-02    1.361610000000000e-01
    2.082552369385149e-04    2.105197011915996e-01    2.061059874961306e-01    4.220500000000000e-02    6.885900000000000e-02    1.365570000000000e-01
   -1.906314040730420e-02    3.228255400943400e-01    3.072575625902281e-01   -6.289800000000000e-02    2.716260000000000e-01    2.416950000000000e-01
   -8.314254527151910e-01   -1.823979259535902e-01    2.825201687403500e-01   -7.284700000000000e-01   -1.160790000000000e-01    3.229330000000000e-01
    3.620653820712115e-01   -3.112997182961202e-01    2.748415122929831e-01    3.045850000000000e-01   -2.707620000000000e-01    1.514360000000000e-01
   -1.951639359161018e-01    4.570265386593670e-01    6.633497435479765e-01   -1.412190000000000e-01    3.813810000000000e-01    6.174860000000000e-01
   -2.341259745947556e-01    1.719136356505956e-01    6.739444519078444e-01   -2.054570000000000e-01    8.410400000000000e-02    4.906050000000000e-01
    9.357675581585467e-02   -2.632011583057925e-03    1.752136417382148e-01    1.692520000000000e-01   -2.690900000000000e-02    1.838700000000000e-01
    3.324054940048952e-01   -2.096046800935726e-01    1.766319871052501e-01    2.769820000000000e-01   -1.708370000000000e-01    1.844560000000000e-01
   -6.407507874885796e-01   -4.563031480288056e-01    1.354430252198974e-01   -5.987660000000000e-01   -4.202830000000000e-01    1.895020000000000e-01
   -1.945040675513483e-01    9.393516867587354e-03    5.708446654819593e-02   -2.484960000000000e-01    3.194800000000000e-02   -3.567000000000000e-03
    1.416934219545650e-01   -7.473485924358925e-02    2.315127582370102e-01    4.747900000000000e-02   -4.440200000000000e-02    2.509820000000000e-01
   -7.770523263131738e-01    7.985074968608452e-03   -4.128474408081042e-01   -6.477630000000000e-01   -1.360700000000000e-02   -4.349690000000000e-01
    4.532277187074413e-03    5.125836605187428e-02   -4.431297744191788e-01    5.939800000000000e-02    7.896800000000000e-02   -3.930150000000000e-01
    1.770624013264815e-01    7.583721878949165e-02    4.356273433250616e-01    1.501440000000000e-01    9.841600000000000e-02    3.945800000000000e-01
    1.645887206113395e-01   -1.318800161479541e-01   -6.772131747716278e-02    1.883350000000000e-01   -1.446620000000000e-01   -6.161000000000000e-02
    4.733484977272427e-01   -2.551079968966286e-01    4.224617835250540e-01    3.486960000000000e-01   -1.411740000000000e-01    3.442990000000000e-01
   -3.127479045562462e-01    3.059989917189561e-01   -3.788568796506413e-01   -2.780800000000000e-01    3.334150000000000e-01   -2.313600000000000e-01
   -4.433732972497446e-01   -4.699454756314247e-01    7.015880409324007e-02   -3.599210000000000e-01   -4.315920000000000e-01    1.410600000000000e-02
    3.094022486224371e-01   -3.148011163887081e-01   -4.559686980793107e-01    2.102090000000000e-01   -2.681660000000000e-01   -3.627220000000000e-01
   -1.487299039781123e-01   -2.493586883731764e-01    4.831190898388321e-01   -1.358440000000000e-01   -1.916240000000000e-01    4.015910000000000e-01
    3.673015873981162e-01   -1.039282684718650e-01    7.562620628286715e-02    3.218260000000000e-01   -1.132790000000000e-01    8.166300000000000e-02
    3.448378374400715e-01   -2.768697968908899e-01    4.212279364312572e-01    2.559280000000000e-01   -2.492000000000000e-01    3.425420000000000e-01
    1.930915918612608e-03    6.831030516262888e-01   -2.239198197987516e-01    6.702600000000000e-02    6.020450000000001e-01   -2.099290000000000e-01
    2.613508967400620e-01    2.337110272008106e-01   -6.377386562408499e-01    2.092690000000000e-01    1.926180000000000e-01   -5.664020000000000e-01
   -4.521506925271919e-01   -1.445094739785908e-01    1.449261530264644e-01   -3.944270000000000e-01   -1.709600000000000e-01    1.143860000000000e-01
    2.000948113952655e-02   -6.721913720189454e-02   -2.550428059796765e-01   -2.192000000000000e-03   -4.347200000000000e-02   -2.998300000000000e-01
   -3.653646362976395e-01    1.549261872015895e-01    4.644737395818094e-01   -2.373500000000000e-01    1.567060000000000e-01    3.964790000000000e-01
    4.496192956859636e-01    6.927158287864001e-01    8.026894639755769e-02    3.249220000000000e-01    6.957090000000000e-01    1.325000000000000e-03
    6.848876671934430e-01   -5.070017862769164e-01    1.638624841511338e-03    6.637840000000000e-01   -4.378490000000000e-01    4.335100000000000e-02
    4.732238422384016e-01    1.150394188583539e+00    2.320134830302559e-01    3.797810000000000e-01    9.975460000000000e-01    2.369200000000000e-01
   -6.587340851353547e-01   -1.699299320776745e-01   -7.750431921912251e-01   -6.124500000000000e-01   -1.355940000000000e-01   -6.006899999999999e-01
    2.601036297089860e-01   -5.603596486180473e-01   -1.176681365605587e+00    1.322230000000000e-01   -5.851000000000000e-01   -1.005807000000000e+00
    2.306386807893725e-01   -2.414919856555869e-01   -6.109517260505081e-01    2.605460000000000e-01   -1.760900000000000e-01   -4.779490000000000e-01
    1.065005157560209e-01   -1.035271063396863e+00   -3.191243531841746e-02    5.947900000000000e-02   -9.154850000000000e-01   -9.072000000000000e-02
   -1.682336052409835e-01   -8.203562165473085e-01    3.622814694625184e-01   -1.626230000000000e-01   -7.043480000000000e-01    3.851150000000000e-01
   -1.841839057563610e-02    2.462121394800296e-02   -3.494435531311116e-01   -1.359980000000000e-01    5.305000000000000e-03   -2.253470000000000e-01
    7.709284605560370e-01   -4.145363318310730e-01    3.013218672714268e-01    6.702170000000000e-01   -3.154890000000000e-01    3.211930000000000e-01
   -5.834986399767147e-01   -5.210475281139674e-01    2.798889938583735e-01   -4.976610000000000e-01   -4.404430000000000e-01    1.993450000000000e-01
   -3.995615898028730e-01    1.382238073595223e+00    3.270139074944076e-02   -3.294720000000000e-01    1.242323000000000e+00   -1.107100000000000e-02
   -4.143497969148938e-01   -7.960323986677046e-01    4.170855584132582e-01   -2.746950000000000e-01   -8.041370000000000e-01    2.119790000000000e-01
   -1.628778269225718e-01   -8.086261952648611e-01    4.160149689520315e-01   -1.363430000000000e-01   -6.705920000000000e-01    3.751900000000000e-01
    5.369758507318841e-01   -1.191306030360556e-02    3.073786040836030e-02    4.370660000000000e-01    1.311600000000000e-02    9.330300000000000e-02
   -2.910406448348718e-01    4.382750223986286e-01    3.788597597341186e-01   -1.279990000000000e-01    1.606160000000000e-01    4.073790000000000e-01
   -4.156484383279627e-01    1.157617996082681e-01    8.298600782552468e-02   -4.320730000000000e-01    5.112900000000000e-02    8.737000000000000e-02
    1.789272043402368e-01   -3.084138245388942e-01    8.659562802028564e-03    8.241800000000001e-02   -3.175940000000000e-01   -2.312900000000000e-02
    4.065190433958947e-01    4.377772235359292e-02    4.571166662755468e-01    3.940680000000000e-01    2.655600000000000e-02    4.768880000000000e-01
   -2.882762845054030e-01    6.498545871246153e-02    2.588195609266820e-01   -3.229440000000000e-01    1.826670000000000e-01    2.052400000000000e-01
    4.957294699057223e-01   -8.517055883200437e-01   -2.723333984265288e-01    3.597910000000000e-01   -7.748110000000000e-01   -3.274550000000000e-01
    1.815874958394063e-01    2.613379307530946e-01    1.112453265851759e-01    1.648020000000000e-01    1.110360000000000e-01    1.420580000000000e-01
   -9.184372796834053e-01   -4.168684071791511e-02    2.743551742334277e-01   -7.988110000000000e-01    6.029900000000000e-02    2.170350000000000e-01
   -5.679195707292369e-01    1.797043502651369e-01    7.410848622331887e-01   -5.151320000000000e-01    2.070880000000000e-01    6.159570000000000e-01
    4.761590024181842e-01   -1.758639877445330e-01   -4.403553305117323e-02    3.289870000000000e-01   -1.373060000000000e-01   -3.054400000000000e-02
   -4.416612344659950e-01    1.133494811391865e-01   -6.299524704214675e-01   -3.930220000000000e-01    2.768820000000000e-01   -5.639150000000001e-01
    3.490213120367985e-02    7.565005337264317e-01    1.567788369466888e-02    7.158500000000000e-02    7.287360000000001e-01   -9.049500000000001e-02
   -2.213859699077106e-01   -6.969454967013404e-01    8.742456854628058e-01   -2.268920000000000e-01   -5.410960000000000e-01    7.744550000000000e-01
   -9.197968095985427e-01    4.888402262428395e-01   -4.775650477575868e-02   -8.034610000000000e-01    3.089350000000000e-01   -1.113680000000000e-01
    2.146078273570990e-01    4.999688848717823e-01   -7.314762271079106e-02    2.861800000000000e-01    3.836070000000000e-01    2.171000000000000e-03
    1.855904415086956e-03   -5.438681214227726e-01    1.492765520263899e-01   -4.222600000000000e-02   -5.109910000000000e-01    1.254930000000000e-01
   -6.010396776774959e-01    6.654261122778409e-01    4.385493494532869e-01   -4.219330000000000e-01    5.975710000000000e-01    3.326280000000000e-01
   -1.990377964559683e-01    1.293393753193144e-01   -1.951327193044597e-02   -2.618000000000000e-01    1.651410000000000e-01   -5.811100000000000e-02
   -2.655138986942341e-01   -1.014590070033058e-01   -4.874055891895038e-01   -2.229920000000000e-01   -1.649840000000000e-01   -4.476300000000000e-01
    3.334155581903865e-01    9.376614755659082e-02    3.404993726923482e-01    2.341560000000000e-01    5.845900000000000e-02    2.961300000000000e-01
    1.534565597337395e-01    1.064360815418898e-01   -2.152802656182275e-01    1.423610000000000e-01    1.174450000000000e-01   -9.354800000000001e-02
    2.170951118751527e-01    1.743560721572347e-01    2.662355330090351e-01    2.879520000000000e-01    6.340000000000000e-02    1.448800000000000e-01
   -4.425547300844927e-01    4.241553916358393e-01   -4.730767430778735e-02   -3.400750000000000e-01    3.360750000000000e-01   -8.740800000000000e-02
    5.917652555654901e-02   -3.933395846080023e-01    1.262941480815407e-01   -9.400000000000000e-02   -2.808690000000000e-01    9.066100000000001e-02
   -3.359071674333108e-02    4.855315776296185e-01   -4.243480347933858e-01    6.228700000000000e-02    3.684250000000000e-01   -3.689940000000000e-01
   -6.618952924715111e-01    2.801648033969348e-01   -4.154992849088869e-01   -5.592940000000000e-01    3.006790000000000e-01   -3.818990000000000e-01
    1.188837633929645e+00    2.001336685573072e-01   -4.781038726370923e-03    9.987200000000001e-01    2.241420000000000e-01    2.568000000000000e-02
   -4.803022690492940e-01    5.736123208207780e-01   -3.164121339488015e-01   -4.620290000000000e-01    5.333970000000000e-01   -2.901440000000000e-01
    2.417537846277155e-01   -3.504732698421785e-01   -4.934083883733801e-01    2.369560000000000e-01   -3.107140000000000e-01   -4.151560000000000e-01
    1.967533576356864e-01    4.549419148937298e-02    9.610036824191748e-01    1.893680000000000e-01    9.863600000000000e-02    7.930640000000000e-01
    1.187381869401464e-01   -5.891485196187921e-02   -5.662585552880730e-01    1.180860000000000e-01   -5.996600000000000e-02   -3.858790000000000e-01
    5.713544111703912e-01    7.409486843976207e-02    2.502799354353666e-01    5.432610000000000e-01   -3.088200000000000e-02    1.797690000000000e-01
    3.927024433385912e-03    5.406163014844353e-02   -3.178759276952627e-01    1.043350000000000e-01   -9.653000000000000e-03   -1.466720000000000e-01
    9.783315121988609e-01    4.122011404845376e-01    2.905616842694942e-01    6.735840000000000e-01    3.450330000000000e-01    1.964920000000000e-01
   -1.184585313672668e+00   -3.130095996079447e-01   -6.254612757911291e-01   -9.666180000000000e-01   -2.412580000000000e-01   -5.271680000000000e-01
   -4.063319621186420e-01   -2.385444291292041e-01    9.156191988721224e-03   -3.447930000000000e-01   -2.277030000000000e-01    1.228000000000000e-02
    7.473453765206681e-01   -6.632563399361106e-01    3.008058161635718e-02    7.446020000000000e-01   -4.541040000000000e-01    6.014300000000000e-02
    1.292601779445457e-02   -3.594673814107626e-01    4.405569782876701e-01    1.089700000000000e-02   -3.492920000000000e-01    2.579910000000000e-01
    5.159391574534885e-01    5.642616843292967e-01   -2.009189001249728e-01    4.364530000000000e-01    6.077760000000000e-01   -1.062040000000000e-01
    2.528713681365560e-01   -1.857427905484764e-01    3.581586742003057e-01    2.940940000000000e-01   -1.288600000000000e-01    2.620870000000000e-01
   -2.213848575657553e-01   -7.691349019368244e-01   -5.150811362712489e-01   -1.478750000000000e-01   -6.907350000000000e-01   -5.398690000000000e-01
    7.374420181259175e-02    2.863434044868423e-01    6.628341088024844e-01   -4.600000000000000e-05    3.133520000000000e-01    5.129020000000000e-01
   -5.867755772791080e-01   -1.428563940597317e-01   -4.622079684959530e-01   -4.405140000000000e-01   -9.812700000000001e-02   -4.595790000000000e-01
    4.009151126122846e-01   -2.804592404785012e-01   -9.704129670687774e-01    2.082710000000000e-01   -1.588210000000000e-01   -7.839690000000000e-01
    6.094268644378587e-01    6.241520604054605e-01    3.692582151948934e-01    5.520200000000000e-01    4.563030000000000e-01    4.321530000000000e-01
    8.526013641877786e-02   -8.001118681260698e-01   -6.045748171550454e-01    1.300290000000000e-01   -8.809430000000000e-01   -5.117080000000001e-01
   -2.874212938966725e-01    1.025121237232592e+00   -6.257731088896309e-02   -1.825020000000000e-01    8.575960000000000e-01    6.443200000000000e-02
   -5.879573438478983e-02    5.757709947522656e-01    2.463599420420043e-01   -8.965800000000000e-02    5.021530000000000e-01    1.828920000000000e-01
   -1.021726910197960e-01   -5.338747534683510e-01   -7.914589447775036e-01   -1.502230000000000e-01   -3.946420000000000e-01   -6.543650000000000e-01
   -4.206249473272210e-01    4.809191581294167e-01   -6.711140386037792e-02   -4.210230000000000e-01    3.479270000000000e-01    8.100900000000000e-02
    1.050613834610488e+00   -4.359808449703372e-01    5.774804108493607e-01    1.030667000000000e+00   -4.245660000000000e-01    5.604610000000000e-01
    3.320161763177361e-01    4.797292819696056e-01   -2.188525665940060e-01    2.895170000000000e-01    4.918090000000000e-01   -2.860470000000000e-01
   -8.024691607454253e-01    4.492788381102846e-01   -1.338458079268445e-01   -5.775210000000000e-01    3.675220000000000e-01   -1.145340000000000e-01
   -1.091318509512825e+00    2.224676630656559e-01    9.096761570837367e-01   -9.294060000000000e-01    2.296690000000000e-01    7.604910000000000e-01
    6.889047449245195e-02   -4.564812793411083e-02    6.384119998104729e-02   -1.323300000000000e-02    5.887800000000000e-02    8.682800000000000e-02
    4.219234867427687e-01    3.312157023840505e-01   -2.001899810056758e-01    3.656990000000000e-01    3.219620000000000e-01   -2.150240000000000e-01
   -5.036116250553246e-01   -2.617250390906106e-01    4.695435455134678e-02   -4.376730000000000e-01   -2.778700000000000e-01   -4.949400000000000e-02
    2.476712645198211e-01   -5.887459846560309e-01   -2.719286063852615e-01    1.044000000000000e-01   -6.085820000000000e-01   -3.100390000000000e-01
   -1.253996890564947e-01   -1.109076445711149e+00   -1.093340095757005e-01   -4.550000000000000e-03   -9.029030000000000e-01   -1.891530000000000e-01
    1.376770860818123e+00   -3.875942080884162e-01    5.694522775924500e-01    1.015209000000000e+00   -3.328670000000000e-01    5.582250000000000e-01
    5.363312140681839e-02    1.554276640212336e+00   -1.179716881663664e-01   -2.614900000000000e-02    1.270185000000000e+00   -5.505000000000000e-02
    5.651288585813991e-01   -4.577330925765317e-01    5.718772311224136e-01    3.965480000000000e-01   -4.540970000000000e-01    4.264040000000000e-01
   -2.947797014288714e-01    2.930487308405528e-01    4.047404989739852e-01   -2.234190000000000e-01    1.357840000000000e-01    5.237980000000000e-01
   -7.069571663286679e-01   -1.104292738611461e-01   -1.293072139288095e+00   -6.009370000000001e-01   -1.409630000000000e-01   -1.305667000000000e+00
   -2.246352577573600e-01   -2.837163145186329e-01    9.389109947363590e-01   -2.319660000000000e-01   -2.290210000000000e-01    7.657470000000000e-01
    4.220961727174205e-02   -2.716910806676572e-01    4.517091973002074e-01   -1.223650000000000e-01   -2.839350000000000e-01    3.971140000000000e-01
    5.034476714639939e-01    2.784877523184258e-01   -1.286906427766459e-01    4.727580000000000e-01    3.058570000000000e-01   -1.442300000000000e-01
    4.982385980735673e-01    1.017254613814713e-01   -1.319046277885952e-01    4.722760000000000e-01    1.168640000000000e-01   -2.397670000000000e-01
   -7.000468829010270e-02   -7.609805035201925e-01    5.612635802106619e-01   -1.209590000000000e-01   -5.348010000000000e-01    4.817610000000000e-01
   -1.111254510990540e-01   -8.855472768387684e-02    5.782562282724482e-01   -6.585600000000000e-02   -1.888000000000000e-01    4.245340000000000e-01
   -7.881143079316524e-01   -6.737759717828293e-01    3.651799472191548e-01   -7.317570000000000e-01   -5.872500000000000e-01    4.130410000000000e-01
   -2.544352937279004e-01   -1.462919854657127e-02   -2.378362323995453e-02   -2.703130000000000e-01   -1.021880000000000e-01    3.514700000000000e-02
   -2.581844981904062e-01   -9.035572667271737e-01   -6.232108884937784e-01   -1.709270000000000e-01   -6.941580000000001e-01   -6.132950000000000e-01
   -5.634784946013689e-01   -3.490852219862428e-01   -5.626732741565462e-01   -4.807190000000000e-01   -2.388340000000000e-01   -4.967320000000000e-01
    6.785058168388618e-01   -5.637716470311524e-02    6.410215252912932e-01    7.855640000000000e-01   -2.163500000000000e-01    6.169820000000000e-01
    5.018428842200516e-01    6.845511082442388e-01   -5.794064666787828e-01    3.925990000000000e-01    6.355640000000000e-01   -5.621429999999999e-01
   -1.461075133948174e+00    6.345926631328201e-01   -1.004380705868130e+00   -1.170156000000000e+00    6.531830000000000e-01   -6.795150000000000e-01
    2.667552345528368e-01    2.002294274873357e-01    2.635918744784566e-01    1.368490000000000e-01    3.033130000000000e-01    3.316760000000000e-01
   -3.461173815000773e-01    5.568298412981854e-01    1.187563674322417e-02   -3.041400000000000e-01    5.715260000000000e-01    6.985600000000000e-02
   -3.237092089181198e-01   -1.995619889687251e-01    6.441169664960228e-01   -2.204180000000000e-01   -1.898950000000000e-01    5.155990000000000e-01
    2.408665902375348e-01    5.188525084966847e-01   -2.147594618484256e-01    2.620010000000000e-01    3.163510000000000e-01   -1.311980000000000e-01
   -2.221771420857154e-01   -3.811453966992889e-01   -1.679520494610273e-02   -3.066630000000000e-01   -3.255910000000000e-01    3.573000000000000e-03
    3.112293683422019e-01   -2.890650400634658e-01    2.303714021203001e-01    2.798380000000000e-01   -3.394630000000000e-01    2.682710000000000e-01
   -3.177767025925649e-03   -2.099844924851102e-02   -2.378698155726973e-01   -4.526900000000000e-02    9.062199999999999e-02   -1.009750000000000e-01
    8.714727658729257e-02   -8.723110838739556e-02   -2.583879676449797e-01    8.019600000000000e-02   -5.722600000000000e-02   -2.216550000000000e-01
   -1.608442858008675e-01    7.609717577890558e-01   -3.670673467905755e-02   -7.124800000000001e-02    5.840030000000000e-01   -1.771400000000000e-01
   -6.938017360391316e-02   -9.510554345196665e-02   -3.955491985298615e-01   -1.493980000000000e-01   -9.422899999999999e-02   -2.852240000000000e-01
   -3.879484934535767e-01    1.117992232275415e-01   -1.019267033348379e-01   -2.343980000000000e-01   -3.907000000000000e-03   -1.881850000000000e-01
    3.535345695106104e-01   -7.702710759824614e-01   -1.060474272426715e+00    2.439680000000000e-01   -5.988540000000000e-01   -8.886480000000000e-01
    1.113208743896509e+00    3.672516529455105e-01    3.755791531563417e-01    8.795560000000000e-01    2.501410000000000e-01    2.963430000000000e-01
    1.093536251102227e-01    3.017485802410889e-01    3.745483596537966e-01    2.762690000000000e-01    2.304960000000000e-01    3.134620000000000e-01
    1.038824254825763e+00    9.882205785164278e-02    1.529607449209299e-01    9.488190000000000e-01    1.733710000000000e-01    1.526310000000000e-01
    2.042202726139271e-01   -6.336562100234626e-01    6.906938259722749e-01    2.672630000000000e-01   -5.706690000000000e-01    6.199180000000000e-01
    3.142546769690773e-01    1.365747365714030e-01    4.025140188259180e-01    2.190310000000000e-01    9.906500000000000e-02    2.870230000000000e-01
   -1.997350017025105e-01   -8.332358380773228e-01   -4.732599432967076e-01   -2.832300000000000e-01   -6.513150000000000e-01   -3.758200000000000e-01
   -1.840430929659724e-01   -5.230530983335471e-01   -4.641730456715751e-01   -1.579020000000000e-01   -3.299890000000000e-01   -5.275220000000000e-01
   -5.157817262084010e-01   -7.792936863400115e-01    3.235941657742051e-01   -3.643720000000000e-01   -6.482300000000000e-01    2.504060000000000e-01
    8.210183331497094e-01    1.313595902140736e+00   -9.578123390029292e-02    7.903090000000000e-01    1.084432000000000e+00   -9.969200000000000e-02
   -1.810577168893047e-01   -1.458204516467083e-01    3.333790145312341e-01    4.914700000000000e-02   -1.852750000000000e-01    3.548940000000000e-01
    1.745104378081111e-01   -4.041746692717378e-01   -6.602714297376062e-01    1.306370000000000e-01   -3.479760000000000e-01   -5.644540000000000e-01
   -1.184324803843499e-01    5.237926737923989e-01   -2.680136633811024e-01    4.230000000000000e-03    4.415040000000000e-01   -1.526940000000000e-01
   -1.006245675686155e-01    3.431963523258921e-01   -6.315126182622559e-01   -2.000630000000000e-01    3.871130000000000e-01   -5.006220000000000e-01
    7.984441241026957e-02    3.665850932670865e-01   -4.296383772977216e-01   -2.640000000000000e-03    3.799000000000000e-01   -2.385230000000000e-01
   -1.855975042137404e-01    2.583229806814871e-01    4.704327769923318e-01   -1.975790000000000e-01    3.140620000000000e-01    3.496790000000000e-01
   -4.747315100819133e-01   -1.826323126050213e-01    2.287177811522054e-02   -3.283520000000000e-01   -2.058760000000000e-01    1.704000000000000e-03
   -4.536064063236199e-01   -3.454262557660538e-01   -7.049922212647403e-01   -4.042850000000000e-01   -3.530450000000000e-01   -6.564000000000000e-01
   -1.500498478022491e-02   -2.989845202467775e-02    2.226646371132348e-01    5.497700000000000e-02   -8.610200000000000e-02    3.106800000000000e-01
    6.359092703917149e-01   -2.301727521846303e-01    6.088142738358648e-01    4.843160000000000e-01   -2.134040000000000e-01    4.791600000000000e-01
    6.869995892545450e-02    1.422998852093281e+00   -2.341825920855832e-01    1.858400000000000e-02    1.205071000000000e+00   -1.814530000000000e-01
    5.800236621213761e-01    8.561327283860720e-03    1.772065515715531e-01    5.566330000000000e-01    7.459700000000000e-02    9.515700000000001e-02
   -7.452848514640601e-01    3.296633630909190e-01    2.999250445595380e-01   -6.929430000000000e-01    3.695810000000000e-01    2.630090000000000e-01
   -2.746524418188809e-01    1.538282191949956e-01    2.566060324176160e-01   -2.958060000000000e-01    2.519000000000000e-03    1.106730000000000e-01
   -4.200402471629776e-01    1.130318007635733e-01    5.498261797179860e-01   -2.354960000000000e-01    8.184600000000000e-02    6.486520000000000e-01
   -1.330198043894780e-01   -4.952515150219609e-01    2.138167444535868e-01   -3.025390000000000e-01   -2.882790000000000e-01    1.995510000000000e-01
   -1.547376470752205e+00   -2.179770607346389e-01    3.213473137417324e-01   -1.279184000000000e+00   -7.995000000000000e-03    2.136110000000000e-01
   -3.942093330342361e-02   -3.823694811690176e-01   -7.677980863197469e-01   -1.342060000000000e-01   -1.361370000000000e-01   -5.875430000000000e-01
    4.050012598997273e-01   -9.706598698905342e-01   -9.396403390927990e-02    2.967540000000000e-01   -8.801510000000000e-01   -4.973300000000000e-02
   -5.479261510232163e-01    8.248489277120195e-01   -1.282378178431518e-01   -5.172060000000001e-01    5.134510000000000e-01   -1.697900000000000e-01
    5.394906970643459e-03    4.505715283864310e-02   -2.751633463873033e-01    1.765060000000000e-01   -4.077000000000000e-02   -2.039050000000000e-01
    2.156565502860475e-01   -2.090056442508193e-01    1.155469595686109e+00    1.748070000000000e-01   -1.410340000000000e-01    1.064245000000000e+00
   -2.333271380588270e-01    2.047864316091047e-01   -8.172661054421448e-01   -1.776750000000000e-01    2.541870000000000e-01   -7.914920000000000e-01
   -1.991583530622137e-01    1.251631006547838e+00   -9.666965344215478e-01   -8.850000000000000e-03    1.065331000000000e+00   -7.903630000000000e-01
    5.723177281659075e-01    7.758452067254920e-01   -7.103110513809940e-01    5.495670000000000e-01    6.944870000000000e-01   -5.589360000000000e-01
    4.589573274443575e-01    5.108493127249805e-01    1.121579480012633e+00    4.073690000000000e-01    3.497020000000000e-01    9.515200000000000e-01
   -1.311054657815697e-02   -1.121218247642739e-01   -2.327211255316650e-01   -1.537500000000000e-02   -1.873330000000000e-01   -2.082940000000000e-01
    2.902171526928128e-01   -7.109689022628870e-01    7.640195262589478e-01    2.058200000000000e-02   -6.055750000000000e-01    6.210190000000000e-01
   -4.735525996282730e-02   -8.608477484656921e-02    1.878924351911130e-01   -1.589380000000000e-01   -1.270010000000000e-01    3.901510000000000e-01
   -3.846039676480602e-01   -8.908615421667416e-01    4.677265467497964e-01   -3.697310000000000e-01   -7.305370000000000e-01    2.862090000000000e-01
   -8.100450297768846e-03   -4.974366323397398e-01   -2.438821720901028e-01    6.555000000000000e-03   -1.999070000000000e-01   -1.629540000000000e-01
    5.684758096467710e-01   -4.313928271552960e-01   -2.445794457702675e-01    5.908560000000000e-01   -5.443150000000000e-01   -2.991470000000000e-01
    1.734555741644818e-01    3.351373264403105e-01   -5.685727716025010e-01    2.893950000000000e-01    2.860670000000000e-01   -4.723010000000000e-01
    3.478426938022762e-01    1.157961242969048e+00    4.177085225868285e-01    3.981920000000000e-01    9.948430000000000e-01    4.012120000000000e-01
   -1.400732658040611e+00    5.056058113143003e-01    1.339975432940403e+00   -1.249234000000000e+00    1.704080000000000e-01    1.227499000000000e+00
   -3.968614097398467e-01    7.500750180981012e-01    3.214389260925851e-01   -3.382920000000000e-01    7.486530000000000e-01    8.764000000000000e-02
   -1.476724069693973e-01   -8.387193239188158e-01   -1.855417089412944e-01   -2.118220000000000e-01   -6.717800000000000e-01   -4.444400000000000e-02
    5.945879177102728e-01   -5.422845907989455e-01   -8.076524527810276e-01    3.483430000000000e-01   -4.312820000000000e-01   -8.305680000000000e-01
   -5.995409905780935e-01    4.464932476673504e-01   -5.871060417565780e-01   -5.218400000000000e-01    3.928210000000000e-01   -6.004080000000001e-01
   -3.958386984046862e-01   -8.281133163600882e-01    1.468277164216924e+00   -4.237890000000000e-01   -5.894300000000000e-01    1.143060000000000e+00
    9.316488712494686e-03   -1.753639696282499e-01   -1.075210926375377e+00    9.653000000000000e-03   -9.379999999999999e-02   -9.811609999999999e-01
    6.473809113238996e-01   -3.916147873299410e-01   -2.302292047822150e-01    3.407740000000000e-01   -1.249510000000000e-01   -1.886720000000000e-01
    4.461033816205815e-01   -2.737264556546788e-01    5.696187010865647e-02    3.708480000000000e-01   -3.581280000000000e-01    1.143940000000000e-01
   -4.378652193528114e-01    1.088768395591368e-01    5.146311849019567e-01   -4.752220000000000e-01   -1.139860000000000e-01    4.519670000000000e-01
    1.010798664489706e-01    7.502574429524407e-01    2.175725892474936e-01    2.103310000000000e-01    4.074590000000000e-01    1.859840000000000e-01
    1.397548160899672e-01   -3.283564172792330e-02    1.648568338255373e-01    1.561590000000000e-01   -2.023100000000000e-02    1.238460000000000e-01
   -4.831310507106427e-01    3.476166680567193e-01    8.140757696210295e-01   -4.057160000000000e-01    3.381520000000000e-01    6.805570000000000e-01
   -4.885135074752756e-01   -6.630107345768401e-01   -8.921552890591455e-01   -4.092120000000000e-01   -5.875530000000000e-01   -9.580230000000000e-01
   -2.128491303610159e-01    1.152055371005554e+00   -5.982654916986802e-02   -1.533110000000000e-01    1.087387000000000e+00   -1.791500000000000e-02
   -2.438884188171191e-02    1.275049082313653e-02    2.684920042200241e-01    2.876900000000000e-02   -1.118100000000000e-02    2.428520000000000e-01
   -3.658598305377025e-01   -1.438365370256560e-01    5.509462362605214e-01   -2.214360000000000e-01   -2.567330000000000e-01    5.849510000000000e-01
    4.902846945186849e-01    7.119012820870375e-01    3.353337864684038e-01    3.975810000000000e-01    5.454540000000000e-01    2.802170000000000e-01
    6.457673340645839e-01   -7.102652124262752e-01   -1.391760688463146e-01    5.054750000000000e-01   -6.888490000000000e-01   -7.299200000000000e-02
    3.057292514499522e-01    2.375552249137482e-01    1.871321588573802e-01    1.908370000000000e-01    2.296480000000000e-01    3.892000000000000e-02
   -6.573342273118554e-01    1.858871545207781e-01   -1.860187818312711e-01   -4.177820000000000e-01    1.261970000000000e-01   -1.366200000000000e-02
    4.700208252888627e-01    3.276087370618280e-01   -1.264595016222499e+00    1.832180000000000e-01    3.186270000000000e-01   -1.093992000000000e+00
   -1.533682687367699e-02   -5.092876478082495e-01    4.027971517562654e-01    1.181860000000000e-01   -2.573160000000000e-01    2.273810000000000e-01
    1.718852292288628e-01    8.779999512608172e-02   -1.103054785717075e-01    2.368160000000000e-01    2.914570000000000e-01   -7.644800000000000e-02
   -4.908267345770942e-02   -3.540483850719014e-01    4.302346072942139e-01   -1.374280000000000e-01   -1.572650000000000e-01    4.014930000000000e-01
    3.160889469595655e-01    2.652785506426583e-01    7.195974340622042e-01    2.500090000000000e-01    7.479900000000000e-02    3.985520000000000e-01
   -8.423016440936526e-01   -8.585386927054742e-02    7.176857436367076e-02   -7.043870000000000e-01   -3.082310000000000e-01    1.776290000000000e-01
   -7.340592408432673e-01   -3.170702566418220e-01   -1.766980526742984e-02   -4.928050000000000e-01   -3.727100000000000e-01    7.682200000000000e-02
   -3.998522236603118e-01    3.949553003343884e-01    2.984601513412369e-01   -5.154000000000000e-02    3.305960000000000e-01    4.099100000000000e-01
    2.796937076873158e-01    4.244450009411440e-01    9.179790890157155e-02    7.574200000000000e-02    4.181720000000000e-01    4.587800000000000e-02
    3.498303676249342e-01    3.806441352838543e-01    1.010256738846251e-01    3.429490000000000e-01    4.012450000000000e-01    6.411200000000000e-02
    8.658659002575345e-01   -5.936401090968746e-01    3.874032541514542e-01    5.989710000000000e-01   -2.987230000000000e-01    5.139030000000000e-01
    2.817764501920341e-01   -8.085602400194353e-01   -2.170546745731714e-01    2.082510000000000e-01   -7.288430000000000e-01   -1.562980000000000e-01
    3.342187968075224e-01   -7.683426108646457e-02   -5.918154511598187e-01    2.212790000000000e-01   -1.711640000000000e-01   -5.705789999999999e-01
    4.870695648681113e-01   -9.185321322764904e-01   -1.176310721253050e-01    4.815690000000000e-01   -8.056670000000000e-01   -7.645399999999999e-02
    6.436941219265554e-01    3.709378332126237e-01   -1.190540645630104e+00    6.304980000000000e-01    2.551970000000000e-01   -9.091270000000000e-01
   -2.924194590788071e-01   -2.699317309086913e-01   -1.868581517522399e-01   -2.289230000000000e-01   -1.051140000000000e-01   -3.167890000000000e-01
    6.706501520226138e-02    1.414593979132448e-01   -1.896845523591157e-01    1.041300000000000e-02    8.192700000000000e-02   -1.868730000000000e-01
   -4.040714642079845e-01    2.239918913249403e-02   -5.763250977249970e-01   -1.383660000000000e-01    4.746300000000000e-02   -3.830150000000000e-01
    6.413163192190605e-01    2.321637418132128e-01    4.526132163957329e-01    5.353620000000000e-01    9.604100000000000e-02    4.244470000000000e-01
    5.790154040526883e-01    4.751749414917763e-01   -2.481042899220756e-01    5.438460000000001e-01    2.307850000000000e-01   -8.838699999999999e-02
   -3.424597022458666e-01    3.166961978789310e-01   -7.893170549067108e-02   -2.103590000000000e-01    3.423850000000000e-01   -2.658420000000000e-01
    1.141057154818715e+00   -6.185163164643519e-01    1.150023542749508e-01    8.629110000000000e-01   -4.322890000000000e-01    4.213000000000000e-02
   -7.823109410823758e-01    2.883896125331712e-01   -5.081551725446447e-01   -7.787090000000000e-01    2.994740000000000e-01   -5.942100000000000e-01
   -3.272275803354755e-01   -1.247545914991869e-01    1.242900686678407e+00   -4.432740000000000e-01   -1.057120000000000e-01    1.114807000000000e+00
    2.486327872969971e-01   -1.081559598698142e-01    3.415145618964643e-01    1.596020000000000e-01   -1.257580000000000e-01    1.978700000000000e-01
   -1.971750402101342e-01   -7.571026450127628e-01   -3.377760155281072e-01   -1.797600000000000e-01   -6.284410000000000e-01   -3.195470000000000e-01
    8.313806726511068e-01    4.866861796829735e-01    1.343927471585635e-01    6.087120000000000e-01    4.685010000000000e-01    1.880790000000000e-01
   -3.148350131209788e-01    6.904232869686111e-02   -1.660168895181571e-01   -2.694500000000000e-01   -1.633300000000000e-01   -1.654940000000000e-01
    7.824878420706232e-01    6.075133059318721e-02   -5.744908985330496e-01    6.452200000000000e-01    9.927200000000000e-02   -5.376820000000000e-01
    4.662914544914200e-01   -5.148498701512223e-01    2.960824582066182e-01    4.252700000000000e-01   -3.630510000000000e-01    2.210670000000000e-01
    2.912429232498474e-01    6.909291348736626e-01   -6.288070305799613e-01    2.240490000000000e-01    4.253450000000000e-01   -2.919750000000000e-01
   -4.582243496706504e-01   -3.261659670841825e-01   -5.087566574399848e-01   -5.010480000000000e-01   -1.863460000000000e-01   -3.827050000000000e-01
   -5.986081606902862e-01    6.553894785861875e-02   -1.500766952563200e-02   -4.680200000000000e-01    1.387970000000000e-01    1.517630000000000e-01
   -1.517354341613895e-01    1.092664929644928e-01   -8.939039414886094e-02   -5.659600000000000e-02   -1.704900000000000e-02   -7.669900000000000e-02
    3.991417090824982e-01    1.117958393632085e+00    6.459855279368836e-01    1.820140000000000e-01    9.901950000000000e-01    4.524080000000000e-01
   -3.447990420559266e-03   -2.403110567997306e-01    3.803886757144450e-01    1.785780000000000e-01   -2.228160000000000e-01    3.944410000000000e-01
   -1.544171825992319e+00   -3.057549577348689e-02    6.023239498310615e-01   -1.063794000000000e+00    4.409400000000000e-02    5.778210000000000e-01
    6.643131592365515e-01    1.849666583309438e-01   -1.110336751327637e+00    5.098930000000000e-01    1.158580000000000e-01   -1.024032000000000e+00
   -5.156362930299523e-01    1.124916737387099e+00   -1.266240753336047e+00   -3.807220000000000e-01    1.006479000000000e+00   -1.307599000000000e+00
   -1.525009709074977e-01   -1.450942185158011e-01   -1.704127113117165e-01   -5.231100000000000e-02    5.292000000000000e-03   -9.692700000000000e-02
    3.915428244196515e-01    4.456586098045344e-01   -1.113499265667141e+00    4.531850000000000e-01    3.068220000000000e-01   -8.431280000000000e-01
   -1.020251341624676e-01   -1.003714463762204e+00   -3.774703044087115e-01   -1.701700000000000e-01   -9.351910000000000e-01   -3.001420000000000e-01
   -5.883998666528845e-01   -8.926300794544448e-01    6.323130321379707e-01   -5.645940000000000e-01   -4.798770000000000e-01    4.446760000000000e-01
    2.262892612906033e-01   -3.473292494983130e-01   -5.194665771255919e-01    3.028330000000000e-01   -1.691650000000000e-01   -4.401520000000000e-01
    9.641395537097976e-01   -4.649669597633510e-01    1.797280586700715e-01    8.915800000000000e-01   -2.962960000000000e-01    3.134480000000000e-01
    9.114726308147501e-01    4.360506602154580e-01    6.812067313171578e-01    8.670200000000000e-01    4.524570000000000e-01    4.299650000000000e-01
   -1.657063629519546e-01   -7.010366393044334e-01    3.984263816454112e-01   -4.458500000000000e-02   -6.784780000000000e-01    4.489640000000000e-01
   -2.742889300811000e-01   -5.887038482648785e-01    6.854935628297154e-02   -4.893060000000000e-01   -5.377090000000000e-01    2.141700000000000e-02
   -6.215205099065948e-01    6.583677391158430e-01    8.694165973340443e-01   -6.016070000000000e-01    5.825160000000000e-01    4.383400000000000e-01
   -4.126953944218597e-01    1.016798883566547e+00   -2.548801657869054e-01   -2.037060000000000e-01    1.035679000000000e+00   -2.873060000000000e-01
    1.152707326576720e-01    6.864007295433289e-01   -5.315740523362860e-01    1.003030000000000e-01    5.695770000000000e-01   -5.037360000000000e-01
    1.204722947317268e+00    1.613550801610175e-01    7.741173668161463e-01    1.156656000000000e+00   -1.119860000000000e-01    6.350630000000000e-01
    1.185535223153389e+00   -3.441193662862104e-01   -1.208920066323967e-01    9.282870000000000e-01   -3.890800000000000e-01   -1.705330000000000e-01
   -1.319559548630790e+00   -1.019078783969458e+00   -3.080273774012614e-01   -1.166010000000000e+00   -9.878870000000000e-01    7.848000000000001e-03
   -9.579208267622557e-01   -1.412371664339271e-01    8.589689575280552e-01   -6.996420000000000e-01   -3.289740000000000e-01    8.335830000000000e-01
    4.910616391742089e-01   -5.558260856256663e-01   -4.296658477372914e-01    4.387920000000000e-01   -3.319890000000000e-01   -3.915310000000000e-01
   -1.976023942300871e-01    4.309851970845147e-01   -8.378081257854627e-01    3.383000000000000e-03    4.296720000000000e-01   -5.824420000000000e-01
   -3.812943617925790e-01    1.039402742824894e-01   -1.455492230734278e-01   -3.460090000000000e-01   -7.720000000000000e-02   -1.670470000000000e-01
   -9.136499970549637e-01    4.050627207110019e-01    3.445607544186842e-01   -7.899200000000000e-01    4.229450000000000e-01    3.772040000000000e-01
   -9.999267849020999e-02    6.729078763569254e-02    3.142657102027308e-01   -3.342700000000000e-02    8.302300000000000e-02    3.594530000000000e-01
    6.815168897000071e-02   -1.290000683397343e+00    2.056571404841783e-01    9.000800000000000e-02   -9.543810000000000e-01    3.765340000000000e-01
   -2.262471725161765e-01    6.358089526716247e-01    8.298542762129639e-01   -1.611500000000000e-01    5.288790000000000e-01    6.948530000000001e-01
   -1.115602485066252e-01    1.993721432503835e-02    1.567151905342698e-02   -6.163500000000000e-02    1.682760000000000e-01   -6.042400000000000e-02
   -1.070839300429185e+00   -7.884079523864458e-01   -1.375911529707834e+00   -9.578050000000000e-01   -7.850970000000000e-01   -1.213378000000000e+00
    1.013854331457695e+00   -1.643167108579493e+00    7.650691987266923e-01    6.693280000000000e-01   -1.456320000000000e+00    7.379920000000000e-01
    4.248620537566321e-01    7.539133435730705e-02   -5.806646770509203e-01    6.703500000000000e-02   -1.668400000000000e-02   -5.148600000000000e-01
   -6.227966641570224e-01   -2.027995296834006e-01   -6.665020539925893e-01   -4.466230000000000e-01   -1.970490000000000e-01   -7.167170000000000e-01
    1.140500150340191e+00    9.069964282997782e-01    1.564843831195620e+00    1.012657000000000e+00    9.691270000000000e-01    1.241206000000000e+00
   -3.047711200060677e-02    8.321588052253697e-01    7.418024124387392e-01   -5.053400000000000e-02    6.293310000000000e-01    5.377010000000000e-01
    1.148833555779543e+00   -3.634440448953012e-01    3.456465803874841e-01    9.705420000000000e-01   -2.463990000000000e-01    6.166600000000000e-02
    5.508096677487059e-01    2.623520799608033e-01   -6.999774652623745e-01    5.255850000000000e-01    9.001600000000000e-02   -4.548530000000000e-01
    3.338772789478938e-01   -4.285168438784192e-01   -4.280449249785652e-01    5.835100000000000e-02   -5.396080000000000e-01   -3.349980000000000e-01
   -1.162064868503770e+00    4.798056067902132e-01    1.021378919741726e+00   -9.597909999999999e-01    4.099150000000000e-01    7.448960000000000e-01
   -5.656091079763223e-02    3.944132290980950e-01   -1.442456824024482e-01   -1.592200000000000e-02    3.678630000000000e-01   -1.696530000000000e-01
    5.768522223769954e-01   -9.824818800182847e-01    6.604301719095320e-01    6.157390000000000e-01   -9.341469999999999e-01    6.046020000000000e-01
    6.740764070362921e-01    1.109107019471394e+00    1.316879195790268e+00    6.414640000000000e-01    7.561750000000000e-01    7.914500000000000e-01
    1.774894241015350e-01   -8.495568826386835e-02   -3.506912601572291e-01   -3.966500000000000e-02   -1.510580000000000e-01   -4.583940000000000e-01
   -6.417876736358479e-01   -7.318380807171354e-01    5.984075865579799e-02   -6.860230000000000e-01   -5.592630000000000e-01    9.062199999999999e-02
   -4.884710574588685e-01    6.794386332483885e-01   -4.971390003545301e-01   -2.682080000000000e-01    5.015720000000000e-01   -4.401040000000000e-01
   -4.582576342676475e-01   -5.022793311724969e-01    2.480122798906005e-01   -4.721290000000000e-01   -2.417710000000000e-01    2.495840000000000e-01
    1.161537208314810e+00    4.462467824960711e-01   -1.915603592281452e+00    9.737050000000000e-01    5.484080000000000e-01   -1.650128000000000e+00
   -2.122828198172540e-01    4.436871020448787e-01    2.226354472855794e-01   -2.276340000000000e-01    3.661660000000000e-01    2.485560000000000e-01
    1.168717933376173e-02   -8.188824071743099e-01   -8.828305300025689e-01   -1.928290000000000e-01   -6.192879999999999e-01   -7.351710000000000e-01
   -6.520598302133267e-01   -1.208468554687867e-02   -4.041182807692509e-01   -4.913400000000000e-01   -6.754400000000001e-02   -1.544780000000000e-01
   -1.321977819238024e+00    1.074427342677026e+00   -7.812311665745884e-01   -1.042592000000000e+00    1.001748000000000e+00   -3.480120000000000e-01
   -4.074461074943176e-01    9.261795188721789e-02    8.359252215682257e-01   -2.917170000000000e-01   -7.660000000000000e-04    6.074860000000000e-01
    1.304991353932854e+00    3.801553140888942e-01    6.342403736214588e-01    1.189759000000000e+00    3.917090000000000e-01    5.444820000000000e-01
