   -2.660797447643871e+02   -2.796600720000000e+02
   -2.708621537929234e+02   -2.711290000000000e+02
   -2.862983646477906e+02   -2.704431600000000e+02
   -2.620840119098975e+02   -2.772690000000000e+02
   -2.492317060755416e+02   -2.493733200000000e+02
   -2.595384412520270e+02   -2.595178960000000e+02
   -2.682941025421969e+02   -2.681834560000000e+02
   -2.756288957134744e+02   -2.754754720000000e+02
   -2.816634771848568e+02   -2.815019440000000e+02
   -2.865100216613936e+02   -2.863625840000000e+02
   -2.885204626445411e+02   -2.883858400000000e+02
   -2.902721635664889e+02   -2.901530080000000e+02
   -2.917769057416648e+02   -2.916751280000000e+02
   -2.930460265675796e+02   -2.929628320000000e+02
   -2.940904351269742e+02   -2.940264000000000e+02
   -2.949206272581180e+02   -2.948758400000000e+02
   -2.951949840910132e+02   -2.951578080000000e+02
   -2.954373392864508e+02   -2.954076880000000e+02
   -2.956482852805822e+02   -2.956260400000000e+02
   -2.958284165001926e+02   -2.958134320000000e+02
   -2.959783662076574e+02   -2.959704800000000e+02
   -2.960421901935101e+02   -2.960377920000000e+02
   -2.960986975739631e+02   -2.960977360000000e+02
   -2.961479483558991e+02   -2.961503600000000e+02
   -2.961900144034590e+02   -2.961957600000000e+02
   -2.962249670203672e+02   -2.962339920000000e+02
   -2.962528724630259e+02   -2.962651120000000e+02
   -2.962738111844524e+02   -2.962892160000000e+02
   -2.962878470512401e+02   -2.963063520000000e+02
   -2.962950491655116e+02   -2.963165920000000e+02
   -2.962954860888238e+02   -2.963200000000000e+02
   -2.962892276094184e+02   -2.963166480000000e+02
   -2.962763389060216e+02   -2.963066080000000e+02
   -2.962568874793853e+02   -2.962899280000000e+02
   -2.962309397674875e+02   -2.962666880000000e+02
   -2.961985682304788e+02   -2.962369440000000e+02
   -2.961598263450647e+02   -2.962007600000000e+02
   -2.961147843630316e+02   -2.961582000000000e+02
   -2.960635066592766e+02   -2.961093360000000e+02
   -2.960060571021567e+02   -2.960542320000000e+02
   -2.959425113070938e+02   -2.959929440000000e+02
   -2.957973229239221e+02   -2.958520480000000e+02
   -2.956284651233111e+02   -2.956871760000000e+02
   -2.954363959895564e+02   -2.954987760000000e+02
   -2.952216114573554e+02   -2.952873440000000e+02
   -2.949846082268317e+02   -2.950533760000000e+02
   -2.942978117523886e+02   -2.943727600000000e+02
   -2.934819977782087e+02   -2.935611520000000e+02
   -2.925439757466131e+02   -2.926253920000000e+02
   -2.914902871602410e+02   -2.915721200000000e+02
   -2.903272151660765e+02   -2.904077200000000e+02
   -2.890607938101400e+02   -2.891384000000000e+02
   -2.862408470035755e+02   -2.863086640000000e+02
   -2.830741302676212e+02   -2.831283120000000e+02
   -2.796007040711835e+02   -2.796394160000000e+02
   -2.758576008938982e+02   -2.758811520000000e+02
   -2.718788255019376e+02   -2.718896720000000e+02
   -2.752895042657751e+02   -2.747880720000000e+02
   -2.796580112764710e+02   -2.791951040000000e+02
   -2.834466647915446e+02   -2.830373840000000e+02
   -2.866854571920889e+02   -2.863424480000000e+02
   -2.894034780591720e+02   -2.891361440000000e+02
   -2.916290817399565e+02   -2.914341840000000e+02
   -2.925657910942918e+02   -2.924044720000000e+02
   -2.933895703687377e+02   -2.932592800000000e+02
   -2.941036967470321e+02   -2.940016320000000e+02
   -2.947113899300165e+02   -2.946348960000000e+02
   -2.952158119783893e+02   -2.951623520000000e+02
   -2.956200672205501e+02   -2.955870400000000e+02
   -2.957543999941061e+02   -2.957287760000000e+02
   -2.958733984978354e+02   -2.958548560000000e+02
   -2.959772405998143e+02   -2.959653920000000e+02
   -2.960661082679948e+02   -2.960605760000000e+02
   -2.961402058222617e+02   -2.961406080000000e+02
   -2.961717653536992e+02   -2.961749920000000e+02
   -2.961997061054280e+02   -2.962056640000000e+02
   -2.962240450197257e+02   -2.962326400000000e+02
   -2.962448050885226e+02   -2.962559440000000e+02
   -2.962620092119047e+02   -2.962756080000000e+02
   -2.962756780068069e+02   -2.962916400000000e+02
   -2.962858392162744e+02   -2.963040720000000e+02
   -2.962925126260596e+02   -2.963129280000000e+02
   -2.962957207695912e+02   -2.963182320000000e+02
   -2.962954860888238e+02   -2.963200000000000e+02
   -2.962918319199003e+02   -2.963182640000000e+02
   -2.962847791739863e+02   -2.963130400000000e+02
   -2.962743503775362e+02   -2.963043520000000e+02
   -2.962605676074668e+02   -2.962922320000000e+02
   -2.962434563031433e+02   -2.962766880000000e+02
   -2.962230320594559e+02   -2.962577440000000e+02
   -2.961993195230842e+02   -2.962354320000000e+02
   -2.961723404074234e+02   -2.962097680000000e+02
   -2.961421163352437e+02   -2.961807760000000e+02
   -2.961086752868775e+02   -2.961484880000000e+02
   -2.960321968685170e+02   -2.960740640000000e+02
   -2.959430896394293e+02   -2.959866880000000e+02
   -2.958415062045411e+02   -2.958864800000000e+02
   -2.957276217567428e+02   -2.957736960000000e+02
   -2.956016145822174e+02   -2.956484880000000e+02
   -2.952345712114478e+02   -2.952821200000000e+02
   -2.947952504120345e+02   -2.948417600000000e+02
   -2.942861315749493e+02   -2.943298240000000e+02
   -2.937096394437320e+02   -2.937488240000000e+02
   -2.930681446450022e+02   -2.931013920000000e+02
   -2.923639642495606e+02   -2.923898800000000e+02
   -2.907765507347756e+02   -2.907841040000000e+02
   -2.889649226645400e+02   -2.889501040000000e+02
   -2.869456849477137e+02   -2.869054480000000e+02
   -2.847347460845162e+02   -2.846675520000000e+02
   -2.823472116307109e+02   -2.822527920000000e+02
   -2.900105446981175e+02   -2.898933680000000e+02
   -2.912450030159832e+02   -2.911046240000000e+02
   -2.923394091478539e+02   -2.921933440000000e+02
   -2.932954872000809e+02   -2.931572800000000e+02
   -2.941151287328672e+02   -2.939976800000000e+02
   -2.948004421088447e+02   -2.947105680000000e+02
   -2.950934141003636e+02   -2.950187120000000e+02
   -2.953536529869016e+02   -2.952939680000000e+02
   -2.955814630143600e+02   -2.955364000000000e+02
   -2.957771574233703e+02   -2.957457840000000e+02
   -2.959410581187743e+02   -2.959222160000000e+02
   -2.960734953324512e+02   -2.960660720000000e+02
   -2.961177336384268e+02   -2.961145280000000e+02
   -2.961570177409397e+02   -2.961578160000000e+02
   -2.961913655287947e+02   -2.961959840000000e+02
   -2.962207968951483e+02   -2.962289760000000e+02
   -2.962453398127424e+02   -2.962568560000000e+02
   -2.962557822933533e+02   -2.962688720000000e+02
   -2.962650125029410e+02   -2.962796240000000e+02
   -2.962730312785715e+02   -2.962891040000000e+02
   -2.962798415013663e+02   -2.962973040000000e+02
   -2.962854460631840e+02   -2.963042480000000e+02
   -2.962898471671832e+02   -2.963099200000000e+02
   -2.962930493454393e+02   -2.963143280000000e+02
   -2.962950546010121e+02   -2.963174800000000e+02
   -2.962958658675415e+02   -2.963193680000000e+02
   -2.962954860888238e+02   -2.963200000000000e+02
   -2.962939186161965e+02   -2.963193760000000e+02
   -2.962911658361555e+02   -2.963175040000000e+02
   -2.962872309014771e+02   -2.963143840000000e+02
   -2.962821167954114e+02   -2.963100160000000e+02
   -2.962758277759154e+02   -2.963044000000000e+02
   -2.962683645305373e+02   -2.962975440000000e+02
   -2.962597311199327e+02   -2.962894400000000e+02
   -2.962499305649333e+02   -2.962801040000000e+02
   -2.962389658954767e+02   -2.962695280000000e+02
   -2.962268424877104e+02   -2.962577200000000e+02
   -2.961991203959620e+02   -2.962304080000000e+02
   -2.961667938711411e+02   -2.961982000000000e+02
   -2.961298815869172e+02   -2.961610880000000e+02
   -2.960884110607444e+02   -2.961191200000000e+02
   -2.960424116157952e+02   -2.960723760000000e+02
   -2.959077393819256e+02   -2.959342240000000e+02
   -2.957452863174443e+02   -2.957661280000000e+02
   -2.955554507497687e+02   -2.955685440000000e+02
   -2.953386350096396e+02   -2.953416960000000e+02
   -2.950952450687910e+02   -2.950858880000000e+02
   -2.948256901805193e+02   -2.948015840000000e+02
   -2.942097368516482e+02   -2.941486240000000e+02
   -2.934941153282128e+02   -2.933855920000000e+02
   -2.926821556866488e+02   -2.925153600000000e+02
   -2.917772462269482e+02   -2.915409280000000e+02
   -2.907827723809585e+02   -2.904653520000000e+02
    1.778565775434241e+01    0.000000000000000e+00
   -2.048374781447722e+01    0.000000000000000e+00
    4.298181254756086e+01    0.000000000000000e+00
    4.819985732469937e+01    0.000000000000000e+00
    3.338441852289741e+02    3.278464000000000e+02
    2.884289611948504e+02    2.849340800000000e+02
    2.460789015485500e+02    2.442260000000000e+02
    2.066257176635742e+02    2.059756800000000e+02
    1.699097250693999e+02    1.700540800000000e+02
    1.357768922461650e+02    1.364908800000000e+02
    1.196337296968747e+02    1.205476000000000e+02
    1.040825940461087e+02    1.051458400000000e+02
    8.910642176819059e+01    9.027455999999999e+01
    7.468857333152022e+01    7.591440000000000e+01
    6.081282449165698e+01    6.206448000000000e+01
    4.746335768981614e+01    4.871048000000000e+01
    4.226774733685429e+01    4.350408000000000e+01
    3.715242570054302e+01    3.837352000000000e+01
    3.211691498129721e+01    3.331936000000000e+01
    2.716071782479102e+01    2.834032000000000e+01
    2.228198254273734e+01    2.343464000000000e+01
    1.987198599126150e+01    2.101000000000000e+01
    1.748067650866392e+01    1.860312000000000e+01
    1.510838448907127e+01    1.621432000000000e+01
    1.275499573043990e+01    1.384456000000000e+01
    1.042039662045349e+01    1.149296000000000e+01
    8.104898457612947e+00    9.158560000000000e+00
    5.807536749303885e+00    6.842160000000000e+00
    3.528627385943003e+00    4.543680000000000e+00
    1.268059088422136e+00    2.262240000000000e+00
   -9.742788453952916e-01   -5.600000000000000e-04
   -3.198089038459033e+00   -2.245360000000000e+00
   -5.404299359220240e+00   -4.472720000000000e+00
   -7.592607966122037e+00   -6.683920000000000e+00
   -9.763123278735636e+00   -8.877840000000001e+00
   -1.191555874005648e+01   -1.105336000000000e+01
   -1.405081369151278e+01   -1.321240000000000e+01
   -1.616859721135355e+01   -1.535440000000000e+01
   -1.826901547655616e+01   -1.747952000000000e+01
   -2.035217410961306e+01   -1.958712000000000e+01
   -2.241779969253492e+01   -2.167816000000000e+01
   -2.649876792147639e+01   -2.580944000000000e+01
   -3.051199888510455e+01   -2.987488000000000e+01
   -3.445905179872840e+01   -3.387472000000000e+01
   -3.834036675082670e+01   -3.781008000000000e+01
   -4.215639949532724e+01   -4.167920000000000e+01
   -5.141814470735441e+01   -5.107616000000000e+01
   -6.029122788683595e+01   -6.008304000000000e+01
   -6.878752854336912e+01   -6.871096000000000e+01
   -7.691861380886975e+01   -7.696751999999999e+01
   -8.469574552227365e+01   -8.486120000000000e+01
   -9.212988719342187e+01   -9.240096000000000e+01
   -1.060116037421584e+02   -1.064536800000000e+02
   -1.186455405596937e+02   -1.191923200000000e+02
   -1.301098121159674e+02   -1.306888000000000e+02
   -1.404776796401131e+02   -1.410100000000000e+02
   -1.498186963609193e+02   -1.502263200000000e+02
    2.100881623068185e+02    2.119960000000000e+02
    1.853442064072234e+02    1.879514400000000e+02
    1.614040781849434e+02    1.644419200000000e+02
    1.382741368917780e+02    1.420334400000000e+02
    1.159582632213094e+02    1.196752800000000e+02
    9.445641345010267e+01    9.784632000000001e+01
    8.401045474503178e+01    8.715112000000001e+01
    7.376726946754755e+01    7.665872000000000e+01
    6.372627905419478e+01    6.637376000000000e+01
    5.388677169502480e+01    5.623568000000000e+01
    4.424790831376226e+01    4.635720000000000e+01
    3.480872852209445e+01    3.668448000000000e+01
    3.108893520741969e+01    3.287200000000000e+01
    2.740050523310423e+01    2.909112000000000e+01
    2.374370564692737e+01    2.534248000000000e+01
    2.011878917467204e+01    2.162648000000000e+01
    1.652500702566266e+01    1.794160000000000e+01
    1.474021827855595e+01    1.611168000000000e+01
    1.296293585647467e+01    1.428944000000000e+01
    1.119347791863070e+01    1.247544000000000e+01
    9.431833361653860e+00    1.066960000000000e+01
    7.677990930751524e+00    8.871440000000000e+00
    5.932259707318874e+00    7.081200000000000e+00
    4.193985737485004e+00    5.298880000000000e+00
    2.463479240889606e+00    3.524560000000000e+00
    7.407283749581527e-01    1.758000000000000e+00
   -9.742788453952916e-01   -1.600000000000000e-04
   -2.681241187891237e+00   -1.750320000000000e+00
   -4.380799052486085e+00   -3.492400000000000e+00
   -6.072650061959655e+00   -5.226720000000000e+00
   -7.756806753873213e+00   -6.953840000000000e+00
   -9.432974102874933e+00   -8.672560000000001e+00
   -1.110178171528182e+01   -1.038320000000000e+01
   -1.276293341615852e+01   -1.208640000000000e+01
   -1.441644226780390e+01   -1.378184000000000e+01
   -1.606232145943045e+01   -1.546904000000000e+01
   -1.770028363220552e+01   -1.714824000000000e+01
   -2.095401695342992e+01   -2.048352000000000e+01
   -2.417715261254949e+01   -2.378672000000000e+01
   -2.737039443159057e+01   -2.705952000000000e+01
   -3.053355722448478e+01   -3.030128000000000e+01
   -3.366646866227961e+01   -3.351144000000000e+01
   -4.136886315062993e+01   -4.140208000000000e+01
   -4.888658489830942e+01   -4.910216000000000e+01
   -5.622155590977990e+01   -5.661080000000000e+01
   -6.337575449271807e+01   -6.392896000000000e+01
   -7.035121065214160e+01   -7.105928000000000e+01
   -7.715000163647443e+01   -7.800200000000000e+01
   -9.022610765115304e+01   -9.133024000000000e+01
   -1.026212540601600e+02   -1.039274400000000e+02
   -1.143537971475053e+02   -1.158023200000000e+02
   -1.254417853678706e+02   -1.269676000000000e+02
   -1.359037787057986e+02   -1.374312000000000e+02
    6.674577713179033e+01    6.747064000000000e+01
    5.843202870128142e+01    5.897544000000000e+01
    5.048837758906696e+01    5.097336000000000e+01
    4.290509887500318e+01    4.329408000000000e+01
    3.567218953348354e+01    3.599384000000000e+01
    2.877890406011853e+01    2.907656000000000e+01
    2.545631711352832e+01    2.577432000000000e+01
    2.221461509041258e+01    2.252464000000000e+01
    1.905241848267112e+01    1.942432000000000e+01
    1.596833788733982e+01    1.640816000000000e+01
    1.296097594717762e+01    1.347488000000000e+01
    1.002892926991272e+01    1.062160000000000e+01
    8.876946937654598e+00    9.502720000000000e+00
    7.736594015862923e+00    8.396240000000001e+00
    6.607886756788504e+00    7.302880000000000e+00
    5.490837107278923e+00    6.222080000000000e+00
    4.385149282355656e+00    5.153520000000000e+00
    3.836677230717431e+00    4.624080000000000e+00
    3.290936435012993e+00    4.098000000000000e+00
    2.748016793486133e+00    3.574800000000000e+00
    2.207907031588749e+00    3.054640000000000e+00
    1.670595878575298e+00    2.537920000000000e+00
    1.136170142767972e+00    2.024160000000000e+00
    6.044219035991543e-01    1.513360000000000e+00
    7.543849146196568e-02    1.005760000000000e+00
   -4.507913436953506e-01    5.011200000000000e-01
   -9.742788453952916e-01   -1.600000000000000e-04
   -1.494939702846000e+00   -4.986400000000000e-01
   -2.012976738719800e+00   -9.940000000000000e-01
   -2.528305125129577e+00   -1.486160000000000e+00
   -3.040936074163865e+00   -1.975120000000000e+00
   -3.550787226274473e+00   -2.461280000000000e+00
   -4.058057390696553e+00   -2.944320000000000e+00
   -4.562663694868275e+00   -3.424400000000000e+00
   -5.064617311110898e+00   -3.901600000000000e+00
   -5.563929400529608e+00   -4.375840000000000e+00
   -6.060519984755119e+00   -4.846800000000000e+00
   -7.046037771942436e+00   -5.779840000000000e+00
   -8.021078302195370e+00   -6.700880000000000e+00
   -8.985909675456096e+00   -7.609920000000000e+00
   -9.940530212120334e+00   -8.507199999999999e+00
   -1.088494173990404e+01   -9.393039999999999e+00
   -1.320239502475677e+01   -1.155608000000000e+01
   -1.545850227092630e+01   -1.364528000000000e+01
   -1.765461777918755e+01   -1.566376000000000e+01
   -1.979208230381894e+01   -1.753888000000000e+01
   -2.187222182658495e+01   -1.941536000000000e+01
   -2.389634640552138e+01   -2.122424000000000e+01
   -2.778170497140329e+01   -2.463872000000000e+01
   -3.145821528577439e+01   -2.778952000000000e+01
   -3.493581997647432e+01   -3.068320000000000e+01
   -3.822391817906346e+01   -3.332824000000000e+01
   -4.133162126620766e+01   -3.573152000000000e+01
    1.778565775434241e+01    0.000000000000000e+00
   -2.048374781447722e+01    0.000000000000000e+00
    4.298181254756090e+01    0.000000000000000e+00
    4.819985732817775e+01    0.000000000000000e+00
    3.338441852289741e+02    3.278464000000000e+02
    2.884289611948504e+02    2.849340800000000e+02
    2.460789015485500e+02    2.442260000000000e+02
    2.066257176635742e+02    2.059756800000000e+02
    1.699097250693999e+02    1.700540800000000e+02
    1.357768922461650e+02    1.364908800000000e+02
    1.196337296968747e+02    1.205476000000000e+02
    1.040825940461087e+02    1.051458400000000e+02
    8.910642176819057e+01    9.027455999999999e+01
    7.468857333152025e+01    7.591440000000000e+01
    6.081282449165690e+01    6.206448000000000e+01
    4.746335768981612e+01    4.871048000000000e+01
    4.226774733685428e+01    4.350408000000000e+01
    3.715242570054305e+01    3.837352000000000e+01
    3.211691498129723e+01    3.331936000000000e+01
    2.716071782479102e+01    2.834032000000000e+01
    2.228198254273734e+01    2.343464000000000e+01
    1.987198599126150e+01    2.101000000000000e+01
    1.748067650866391e+01    1.860312000000000e+01
    1.510838448907128e+01    1.621432000000000e+01
    1.275499573043990e+01    1.384456000000000e+01
    1.042039662045349e+01    1.149296000000000e+01
    8.104898457612947e+00    9.158560000000000e+00
    5.807536749303887e+00    6.842160000000000e+00
    3.528627385943001e+00    4.543680000000000e+00
    1.268059088422140e+00    2.262240000000000e+00
   -9.742788453952880e-01   -5.600000000000000e-04
   -3.198089038459034e+00   -2.245360000000000e+00
   -5.404299359220240e+00   -4.472720000000000e+00
   -7.592607966122034e+00   -6.683920000000000e+00
   -9.763123278735637e+00   -8.877840000000001e+00
   -1.191555874005648e+01   -1.105336000000000e+01
   -1.405081369151279e+01   -1.321240000000000e+01
   -1.616859721135355e+01   -1.535440000000000e+01
   -1.826901547655618e+01   -1.747952000000000e+01
   -2.035217410961305e+01   -1.958712000000000e+01
   -2.241779969253492e+01   -2.167816000000000e+01
   -2.649876792147642e+01   -2.580944000000000e+01
   -3.051199888510456e+01   -2.987488000000000e+01
   -3.445905179872839e+01   -3.387472000000000e+01
   -3.834036675082670e+01   -3.781008000000000e+01
   -4.215639949532724e+01   -4.167920000000000e+01
   -5.141814470735442e+01   -5.107616000000000e+01
   -6.029122788683596e+01   -6.008304000000000e+01
   -6.878752854336915e+01   -6.871096000000000e+01
   -7.691861380886974e+01   -7.696751999999999e+01
   -8.469574552227361e+01   -8.486120000000000e+01
   -9.212988719342188e+01   -9.240096000000000e+01
   -1.060116037421584e+02   -1.064536800000000e+02
   -1.186455405596937e+02   -1.191923200000000e+02
   -1.301098121159674e+02   -1.306888000000000e+02
   -1.404776796401131e+02   -1.410100000000000e+02
   -1.498186963609193e+02   -1.502263200000000e+02
    2.100881623068185e+02    2.119960000000000e+02
    1.853442064072234e+02    1.879514400000000e+02
    1.614040781849434e+02    1.644419200000000e+02
    1.382741368917780e+02    1.420334400000000e+02
    1.159582632213094e+02    1.196752800000000e+02
    9.445641345010263e+01    9.784632000000001e+01
    8.401045474503177e+01    8.715112000000001e+01
    7.376726946754751e+01    7.665872000000000e+01
    6.372627905419478e+01    6.637376000000000e+01
    5.388677169502483e+01    5.623568000000000e+01
    4.424790831376226e+01    4.635720000000000e+01
    3.480872852209446e+01    3.668448000000000e+01
    3.108893520741969e+01    3.287200000000000e+01
    2.740050523310423e+01    2.909112000000000e+01
    2.374370564692737e+01    2.534248000000000e+01
    2.011878917467204e+01    2.162648000000000e+01
    1.652500702566266e+01    1.794160000000000e+01
    1.474021827855595e+01    1.611168000000000e+01
    1.296293585647466e+01    1.428944000000000e+01
    1.119347791863070e+01    1.247544000000000e+01
    9.431833361653865e+00    1.066960000000000e+01
    7.677990930751518e+00    8.871440000000000e+00
    5.932259707318858e+00    7.081200000000000e+00
    4.193985737485007e+00    5.298880000000000e+00
    2.463479240889606e+00    3.524560000000000e+00
    7.407283749581537e-01    1.758000000000000e+00
   -9.742788453952880e-01   -1.600000000000000e-04
   -2.681241187891236e+00   -1.750320000000000e+00
   -4.380799052486082e+00   -3.492400000000000e+00
   -6.072650061959651e+00   -5.226720000000000e+00
   -7.756806753873216e+00   -6.953840000000000e+00
   -9.432974102874931e+00   -8.672560000000001e+00
   -1.110178171528182e+01   -1.038320000000000e+01
   -1.276293341615852e+01   -1.208640000000000e+01
   -1.441644226780391e+01   -1.378184000000000e+01
   -1.606232145943044e+01   -1.546904000000000e+01
   -1.770028363220552e+01   -1.714824000000000e+01
   -2.095401695342994e+01   -2.048352000000000e+01
   -2.417715261254950e+01   -2.378672000000000e+01
   -2.737039443159057e+01   -2.705952000000000e+01
   -3.053355722448478e+01   -3.030128000000000e+01
   -3.366646866227961e+01   -3.351144000000000e+01
   -4.136886315062993e+01   -4.140208000000000e+01
   -4.888658489830941e+01   -4.910216000000000e+01
   -5.622155590977989e+01   -5.661080000000000e+01
   -6.337575449271810e+01   -6.392896000000000e+01
   -7.035121065214157e+01   -7.105928000000000e+01
   -7.715000163647446e+01   -7.800200000000000e+01
   -9.022610765115306e+01   -9.133024000000000e+01
   -1.026212540601600e+02   -1.039274400000000e+02
   -1.143537971475053e+02   -1.158023200000000e+02
   -1.254417853678707e+02   -1.269676000000000e+02
   -1.359037787057986e+02   -1.374312000000000e+02
    6.674577713179032e+01    6.747064000000000e+01
    5.843202870128142e+01    5.897544000000000e+01
    5.048837758906696e+01    5.097336000000000e+01
    4.290509887500320e+01    4.329408000000000e+01
    3.567218953348353e+01    3.599384000000000e+01
    2.877890406011852e+01    2.907656000000000e+01
    2.545631711352832e+01    2.577432000000000e+01
    2.221461509041258e+01    2.252464000000000e+01
    1.905241848267112e+01    1.942432000000000e+01
    1.596833788733984e+01    1.640816000000000e+01
    1.296097594717763e+01    1.347488000000000e+01
    1.002892926991272e+01    1.062160000000000e+01
    8.876946937654598e+00    9.502720000000000e+00
    7.736594015862922e+00    8.396240000000001e+00
    6.607886756788512e+00    7.302880000000000e+00
    5.490837107278926e+00    6.222080000000000e+00
    4.385149282355661e+00    5.153520000000000e+00
    3.836677230717429e+00    4.624080000000000e+00
    3.290936435012997e+00    4.098000000000000e+00
    2.748016793486135e+00    3.574800000000000e+00
    2.207907031588747e+00    3.054640000000000e+00
    1.670595878575297e+00    2.537920000000000e+00
    1.136170142767984e+00    2.024160000000000e+00
    6.044219035991510e-01    1.513360000000000e+00
    7.543849146196616e-02    1.005760000000000e+00
   -4.507913436953447e-01    5.011200000000000e-01
   -9.742788453952880e-01   -1.600000000000000e-04
   -1.494939702845999e+00   -4.986400000000000e-01
   -2.012976738719802e+00   -9.940000000000000e-01
   -2.528305125129570e+00   -1.486160000000000e+00
   -3.040936074163861e+00   -1.975120000000000e+00
   -3.550787226274470e+00   -2.461280000000000e+00
   -4.058057390696552e+00   -2.944320000000000e+00
   -4.562663694868275e+00   -3.424400000000000e+00
   -5.064617311110897e+00   -3.901600000000000e+00
   -5.563929400529608e+00   -4.375840000000000e+00
   -6.060519984755119e+00   -4.846800000000000e+00
   -7.046037771942440e+00   -5.779840000000000e+00
   -8.021078302195368e+00   -6.700880000000000e+00
   -8.985909675456096e+00   -7.609920000000000e+00
   -9.940530212120336e+00   -8.507199999999999e+00
   -1.088494173990403e+01   -9.393039999999999e+00
   -1.320239502475677e+01   -1.155608000000000e+01
   -1.545850227092630e+01   -1.364528000000000e+01
   -1.765461777918755e+01   -1.566376000000000e+01
   -1.979208230381895e+01   -1.753888000000000e+01
   -2.187222182658495e+01   -1.941536000000000e+01
   -2.389634640552138e+01   -2.122424000000000e+01
   -2.778170497140329e+01   -2.463872000000000e+01
   -3.145821528577438e+01   -2.778952000000000e+01
   -3.493581997647433e+01   -3.068320000000000e+01
   -3.822391817906347e+01   -3.332824000000000e+01
   -4.133162126620766e+01   -3.573152000000000e+01
    1.778565775434241e+01    0.000000000000000e+00
   -2.048374781447722e+01    0.000000000000000e+00
    4.298181254756090e+01    0.000000000000000e+00
   -2.618075914163172e+01    0.000000000000000e+00
    3.338441852289741e+02    3.278464000000000e+02
    2.884289611948504e+02    2.849340800000000e+02
    2.460789015485500e+02    2.442260000000000e+02
    2.066257176635742e+02    2.059756800000000e+02
    1.699097250693999e+02    1.700540800000000e+02
    1.357768922461650e+02    1.364908800000000e+02
    1.196337296968748e+02    1.205476000000000e+02
    1.040825940461086e+02    1.051458400000000e+02
    8.910642176819057e+01    9.027455999999999e+01
    7.468857333152025e+01    7.591440000000000e+01
    6.081282449165690e+01    6.206448000000000e+01
    4.746335768981611e+01    4.871048000000000e+01
    4.226774733685428e+01    4.350408000000000e+01
    3.715242570054304e+01    3.837352000000000e+01
    3.211691498129720e+01    3.331936000000000e+01
    2.716071782479103e+01    2.834032000000000e+01
    2.228198254273732e+01    2.343464000000000e+01
    1.987198599126150e+01    2.101000000000000e+01
    1.748067650866392e+01    1.860312000000000e+01
    1.510838448907128e+01    1.621432000000000e+01
    1.275499573043991e+01    1.384456000000000e+01
    1.042039662045349e+01    1.149296000000000e+01
    8.104898457612947e+00    9.158560000000000e+00
    5.807536749303883e+00    6.842160000000000e+00
    3.528627385943004e+00    4.543680000000000e+00
    1.268059088422132e+00    2.262240000000000e+00
   -9.742788453952960e-01   -5.600000000000000e-04
   -3.198089038459032e+00   -2.245360000000000e+00
   -5.404299359220240e+00   -4.472720000000000e+00
   -7.592607966122036e+00   -6.683920000000000e+00
   -9.763123278735634e+00   -8.877840000000001e+00
   -1.191555874005648e+01   -1.105336000000000e+01
   -1.405081369151278e+01   -1.321240000000000e+01
   -1.616859721135355e+01   -1.535440000000000e+01
   -1.826901547655618e+01   -1.747952000000000e+01
   -2.035217410961306e+01   -1.958712000000000e+01
   -2.241779969253492e+01   -2.167816000000000e+01
   -2.649876792147642e+01   -2.580944000000000e+01
   -3.051199888510455e+01   -2.987488000000000e+01
   -3.445905179872839e+01   -3.387472000000000e+01
   -3.834036675082670e+01   -3.781008000000000e+01
   -4.215639949532725e+01   -4.167920000000000e+01
   -5.141814470735441e+01   -5.107616000000000e+01
   -6.029122788683596e+01   -6.008304000000000e+01
   -6.878752854336913e+01   -6.871096000000000e+01
   -7.691861380886975e+01   -7.696751999999999e+01
   -8.469574552227361e+01   -8.486120000000000e+01
   -9.212988719342187e+01   -9.240096000000000e+01
   -1.060116037421584e+02   -1.064536800000000e+02
   -1.186455405596937e+02   -1.191923200000000e+02
   -1.301098121159674e+02   -1.306888000000000e+02
   -1.404776796401131e+02   -1.410100000000000e+02
   -1.498186963609192e+02   -1.502263200000000e+02
    1.590386618280551e+02    1.476939200000000e+02
    1.368976377265715e+02    1.277164800000000e+02
    1.163749355927048e+02    1.090664800000000e+02
    9.736516738586208e+01    9.138136000000000e+01
    7.976927488065952e+01    7.524639999999999e+01
    6.349310370740477e+01    6.034304000000000e+01
    5.582237629695439e+01    5.331456000000000e+01
    4.844915921214202e+01    4.652296000000000e+01
    4.136332683041440e+01    3.996376000000000e+01
    3.455508158198747e+01    3.357336000000000e+01
    2.801494658956573e+01    2.745848000000000e+01
    2.173375812504379e+01    2.155904000000000e+01
    1.929192710583711e+01    1.926032000000000e+01
    1.688932986771129e+01    1.699208000000000e+01
    1.452564685033694e+01    1.475632000000000e+01
    1.220055163401001e+01    1.255376000000000e+01
    9.913085324101385e+00    1.038264000000000e+01
    8.783586843424844e+00    9.309440000000000e+00
    7.663144946049988e+00    8.243919999999999e+00
    6.551903949266940e+00    7.186080000000000e+00
    5.449799940552135e+00    6.136400000000000e+00
    4.356769450592584e+00    5.094320000000000e+00
    3.272948040947349e+00    4.060080000000000e+00
    2.197874300256149e+00    3.033360000000000e+00
    1.131686315379564e+00    2.014720000000000e+00
    7.432236410620482e-02    1.003360000000000e+00
   -9.742788453952960e-01   -1.600000000000000e-04
   -2.013987675053530e+00   -9.961600000000000e-01
   -3.045247151961180e+00   -1.984480000000000e+00
   -4.067925194980099e+00   -2.965440000000000e+00
   -5.082081400161951e+00   -3.939120000000000e+00
   -6.087590714470074e+00   -4.905120000000000e+00
   -7.084881905062151e+00   -5.864000000000000e+00
   -8.073827540181556e+00   -6.815600000000000e+00
   -9.054485561086741e+00   -7.760080000000000e+00
   -1.002691350170925e+01   -8.697200000000000e+00
   -1.099099185613910e+01   -9.626960000000000e+00
   -1.289521245513836e+01   -1.146488000000000e+01
   -1.476724600545688e+01   -1.327416000000000e+01
   -1.660787960334002e+01   -1.505440000000000e+01
   -1.841737606774136e+01   -1.680808000000000e+01
   -2.019600352235263e+01   -1.853416000000000e+01
   -2.451125644071286e+01   -2.273104000000000e+01
   -2.864370705857247e+01   -2.676184000000000e+01
   -3.259959529269346e+01   -3.063104000000000e+01
   -3.638494237834504e+01   -3.434176000000000e+01
   -4.000555836741249e+01   -3.790080000000000e+01
   -4.346704948790022e+01   -4.131104000000000e+01
   -4.993410601254179e+01   -4.770072000000000e+01
   -5.582705182135729e+01   -5.354440000000000e+01
   -6.118432930781908e+01   -5.887088000000000e+01
   -6.604143969188637e+01   -6.371888000000000e+01
   -7.043158001592579e+01   -6.812944000000000e+01
    1.174507391082333e+02    1.150420800000000e+02
    1.059382734550011e+02    1.055032800000000e+02
    9.429413856175515e+01    9.487488000000000e+01
    8.254045879881042e+01    8.432368000000000e+01
    7.069955554147400e+01    7.328424000000000e+01
    5.879297052287006e+01    6.180368000000000e+01
    5.282193716545542e+01    5.588536000000000e+01
    4.684267024172693e+01    4.974048000000000e+01
    4.085783608911729e+01    4.359208000000000e+01
    3.487007423745679e+01    3.741768000000000e+01
    2.888199441985877e+01    3.122160000000000e+01
    2.289617365963209e+01    2.500768000000000e+01
    2.050318049313806e+01    2.251704000000000e+01
    1.811089671412610e+01    2.002320000000000e+01
    1.571970247343890e+01    1.752608000000000e+01
    1.332997648688796e+01    1.502784000000000e+01
    1.094143698236430e+01    1.252672000000000e+01
    9.747963215877460e+00    1.127616000000000e+01
    8.554680126295059e+00    1.002512000000000e+01
    7.361826767181964e+00    8.773280000000000e+00
    6.169422494086283e+00    7.520960000000000e+00
    4.977486590706273e+00    6.268320000000000e+00
    3.786257399508255e+00    5.015360000000000e+00
    2.595315700475286e+00    3.762080000000000e+00
    1.404899780065453e+00    2.508080000000000e+00
    2.150286270461859e-01    1.254000000000000e+00
   -9.742788453952960e-01   -1.600000000000000e-04
   -2.162785178687355e+00   -1.254640000000000e+00
   -3.350908968665841e+00   -2.509280000000000e+00
   -4.538412802595370e+00   -3.764080000000000e+00
   -5.725278076730186e+00   -5.019600000000000e+00
   -6.911268114563858e+00   -6.275040000000000e+00
   -8.096800900938296e+00   -7.530560000000000e+00
   -9.281639796998043e+00   -8.786640000000000e+00
   -1.046576651944769e+01   -1.004312000000000e+01
   -1.164916286676454e+01   -1.129928000000000e+01
   -1.283159323130964e+01   -1.255544000000000e+01
   -1.519457168282269e+01   -1.506840000000000e+01
   -1.755412393115376e+01   -1.758096000000000e+01
   -1.991054216511999e+01   -2.009416000000000e+01
   -2.226346863979843e+01   -2.260688000000000e+01
   -2.461254829051839e+01   -2.512160000000000e+01
   -3.046878751552422e+01   -3.140152000000000e+01
   -3.629936602364778e+01   -3.767736000000000e+01
   -4.210222884768540e+01   -4.394616000000000e+01
   -4.787537990158297e+01   -5.013552000000000e+01
   -5.361688325904566e+01   -5.638320000000000e+01
   -5.932486427927097e+01   -6.261776000000000e+01
   -7.063307285513807e+01   -7.503488000000000e+01
   -8.178606368905025e+01   -8.736872000000000e+01
   -9.277153612568347e+01   -9.960192000000001e+01
   -1.035776089933732e+02   -1.117172800000000e+02
   -1.141936451232594e+02   -1.236973600000000e+02
