16.8214 0
-20.58 0
44.7486 0
49.0888 0
333.73 327.846
288.326 284.934
246.005 244.226
206.531 205.976
169.83 170.054
135.711 136.491
119.589 120.548
104.03 105.146
89.046 90.2746
74.6475 75.9144
60.7643 62.0645
47.4324 48.7105
42.2241 43.5041
37.1202 38.3735
32.073 33.3194
27.1276 28.3403
22.2376 23.4346
19.8439 21.01
17.4468 18.6031
15.0691 16.2143
12.7316 13.8446
10.3918 11.493
8.07046 9.15856
5.76787 6.84216
3.50455 4.54368
1.23875 2.26224
-1.00888 -0.00056
-3.21776 -2.24536
-5.4292 -4.47272
-7.62249 -6.68392
-9.79824 -8.87784
-11.9363 -11.0534
-14.0767 -13.2124
-16.1992 -15.3544
-18.2852 -17.4795
-20.3733 -19.5871
-22.4442 -21.6782
-26.5159 -25.8094
-30.5388 -29.8749
-34.477 -33.8747
-38.3674 -37.8101
-42.175 -41.6792
-51.4416 -51.0762
-60.3032 -60.083
-68.804 -68.711
-76.9247 -76.9675
-84.7061 -84.8612
-92.1308 -92.401
-106.02 -106.454
-118.649 -119.192
-130.109 -130.689
-140.474 -141.01
-149.811 -150.226
208.855 211.996
184.262 187.951
160.477 164.442
137.469 142.033
115.288 119.675
93.9153 97.8463
83.54 87.1511
73.3468 76.6587
63.354 66.3738
53.5791 56.2357
43.9845 46.3572
34.6052 36.6845
30.8951 32.872
27.2332 29.0911
23.5858 25.3425
19.9863 21.6265
16.4014 17.9416
14.6372 16.1117
12.864 14.2894
11.099 12.4754
9.35757 10.6696
7.60793 8.87144
5.86605 7.0812
4.13188 5.29888
2.42116 3.52456
0.702293 1.758
-1.00888 -0.00016
-2.6967 -1.75032
-4.39269 -3.4924
-6.08063 -5.22672
-7.76118 -6.95384
-9.41877 -8.67256
-11.0839 -10.3832
-12.7417 -12.0864
-14.3768 -13.7818
-16.0194 -15.469
-17.6544 -17.1482
-20.8868 -20.4835
-24.104 -23.7867
-27.2768 -27.0595
-30.4343 -30.3013
-33.5476 -33.5114
-41.2236 -41.4021
-48.7023 -49.1022
-56.0143 -56.6108
-63.1338 -63.929
-70.0894 -71.0593
-76.8573 -78.002
-89.9011 -91.3302
-102.258 -103.927
-113.959 -115.802
-125.021 -126.968
-135.462 -137.431
67.3558 67.4706
58.9947 58.9754
51.0024 50.9734
43.3564 43.2941
36.0639 35.9938
29.1071 29.0766
25.7546 25.7743
22.476 22.5246
19.2764 19.4243
16.1602 16.4082
13.1142 13.4749
10.1486 10.6216
8.97862 9.50272
7.82579 8.39624
6.67913 7.30288
5.54931 6.22208
4.42565 5.15352
3.87328 4.62408
3.31851 4.098
2.76666 3.5748
2.22254 3.05464
1.67629 2.53792
1.13272 2.02416
0.591983 1.51336
0.0588993 1.00576
-0.476377 0.50112
-1.00888 -0.00016
-1.53379 -0.49864
-2.06088 -0.994
-2.58519 -1.48616
-3.10684 -1.97512
-3.62103 -2.46128
-4.13726 -2.94432
-4.65095 -3.4244
-5.15712 -3.9016
-5.66549 -4.37584
-6.17114 -4.8468
-7.17011 -5.77984
-8.16327 -6.70088
-9.14164 -7.60992
-10.1142 -8.5072
-11.0723 -9.39304
-13.4301 -11.5561
-15.7224 -13.6453
-17.9587 -15.6638
-20.1321 -17.5389
-22.2518 -19.4154
-24.3116 -21.2242
-28.2744 -24.6387
-32.0234 -27.7895
-35.5712 -30.6832
-38.9274 -33.3282
-42.1006 -35.7315
16.8214 0
-20.58 0
44.7486 0
49.0925 0
333.73 327.846
288.326 284.934
246.005 244.226
206.531 205.976
169.83 170.054
135.711 136.491
119.589 120.548
104.03 105.146
89.046 90.2746
74.6475 75.9144
60.7643 62.0645
47.4324 48.7105
42.2241 43.5041
37.1202 38.3735
32.073 33.3194
27.1276 28.3403
22.2376 23.4346
19.8439 21.01
17.4468 18.6031
15.0691 16.2143
12.7316 13.8446
10.3918 11.493
8.07046 9.15856
5.76787 6.84216
3.50455 4.54368
1.23876 2.26224
-1.00888 -0.00056
-3.21776 -2.24536
-5.4292 -4.47272
-7.62249 -6.68392
-9.79824 -8.87784
-11.9363 -11.0534
-14.0767 -13.2124
-16.1992 -15.3544
-18.2852 -17.4795
-20.3733 -19.5871
-22.4442 -21.6782
-26.5159 -25.8094
-30.5388 -29.8749
-34.477 -33.8747
-38.3674 -37.8101
-42.175 -41.6792
-51.4416 -51.0762
-60.3032 -60.083
-68.804 -68.711
-76.9247 -76.9675
-84.7061 -84.8612
-92.1308 -92.401
-106.02 -106.454
-118.649 -119.192
-130.109 -130.689
-140.474 -141.01
-149.811 -150.226
208.855 211.996
184.262 187.951
160.477 164.442
137.469 142.033
115.288 119.675
93.9153 97.8463
83.54 87.1511
73.3469 76.6587
63.354 66.3738
53.5791 56.2357
43.9845 46.3572
34.6052 36.6845
30.8951 32.872
27.2332 29.0911
23.5858 25.3425
19.9863 21.6265
16.4014 17.9416
14.6372 16.1117
12.864 14.2894
11.099 12.4754
9.35757 10.6696
7.60793 8.87144
5.86605 7.0812
4.13188 5.29888
2.42116 3.52456
0.702291 1.758
-1.00888 -0.00016
-2.6967 -1.75032
-4.39269 -3.4924
-6.08063 -5.22672
-7.76118 -6.95384
-9.41876 -8.67256
-11.0839 -10.3832
-12.7417 -12.0864
-14.3768 -13.7818
-16.0194 -15.469
-17.6544 -17.1482
-20.8868 -20.4835
-24.104 -23.7867
-27.2768 -27.0595
-30.4343 -30.3013
-33.5475 -33.5114
-41.2236 -41.4021
-48.7023 -49.1022
-56.0143 -56.6108
-63.1338 -63.929
-70.0894 -71.0593
-76.8573 -78.002
-89.9011 -91.3302
-102.258 -103.927
-113.959 -115.802
-125.021 -126.968
-135.462 -137.431
67.3558 67.4706
58.9947 58.9754
51.0024 50.9734
43.3564 43.2941
36.0639 35.9938
29.1071 29.0766
25.7546 25.7743
22.476 22.5246
19.2764 19.4243
16.1602 16.4082
13.1142 13.4749
10.1486 10.6216
8.97862 9.50272
7.82579 8.39624
6.67913 7.30288
5.54931 6.22208
4.42565 5.15352
3.87328 4.62408
3.31851 4.098
2.76666 3.5748
2.22254 3.05464
1.67629 2.53792
1.13271 2.02416
0.591982 1.51336
0.0588984 1.00576
-0.476378 0.50112
-1.00888 -0.00016
-1.53379 -0.49864
-2.06088 -0.994
-2.58519 -1.48616
-3.10684 -1.97512
-3.62103 -2.46128
-4.13726 -2.94432
-4.65095 -3.4244
-5.15712 -3.9016
-5.66549 -4.37584
-6.17115 -4.8468
-7.17011 -5.77984
-8.16327 -6.70088
-9.14163 -7.60992
-10.1142 -8.5072
-11.0723 -9.39304
-13.4301 -11.5561
-15.7224 -13.6453
-17.9587 -15.6638
-20.1321 -17.5389
-22.2518 -19.4154
-24.3116 -21.2242
-28.2744 -24.6387
-32.0234 -27.7895
-35.5712 -30.6832
-38.9274 -33.3282
-42.1006 -35.7315
16.8214 0
-20.58 0
44.7486 0
-24.8725 0
333.73 327.846
288.326 284.934
246.005 244.226
206.531 205.976
169.83 170.054
135.711 136.491
119.589 120.548
104.03 105.146
89.046 90.2746
74.6475 75.9144
60.7643 62.0645
47.4324 48.7105
42.2241 43.5041
37.1202 38.3735
32.073 33.3194
27.1276 28.3403
22.2376 23.4346
19.8439 21.01
17.4468 18.6031
15.0691 16.2143
12.7316 13.8446
10.3918 11.493
8.07046 9.15856
5.76787 6.84216
3.50455 4.54368
1.23876 2.26224
-1.00888 -0.00056
-3.21777 -2.24536
-5.4292 -4.47272
-7.62249 -6.68392
-9.79824 -8.87784
-11.9363 -11.0534
-14.0766 -13.2124
-16.1992 -15.3544
-18.2852 -17.4795
-20.3733 -19.5871
-22.4442 -21.6782
-26.5159 -25.8094
-30.5388 -29.8749
-34.477 -33.8747
-38.3674 -37.8101
-42.175 -41.6792
-51.4416 -51.0762
-60.3032 -60.083
-68.804 -68.711
-76.9247 -76.9675
-84.7061 -84.8612
-92.1308 -92.401
-106.02 -106.454
-118.649 -119.192
-130.109 -130.689
-140.474 -141.01
-149.811 -150.226
160.915 147.694
138.563 127.716
117.838 109.066
98.6059 91.3814
80.8091 75.2464
64.3377 60.343
56.5782 53.3146
49.1043 46.523
41.9197 39.9638
35.0278 33.5734
28.3931 27.4585
22.0316 21.559
19.5491 19.2603
17.1176 16.9921
14.7143 14.7563
12.3606 12.5538
10.0345 10.3826
8.89622 9.30944
7.75657 8.24392
6.62648 7.18608
5.51581 6.1364
4.40408 5.09432
3.30153 4.06008
2.20807 3.03336
1.13347 2.01472
0.0578371 1.00336
-1.00888 -0.00016
-2.05706 -0.99616
-3.10628 -1.98448
-4.14653 -2.96544
-5.1783 -3.93912
-6.19212 -4.90512
-7.20671 -5.864
-8.21296 -6.8156
-9.20171 -7.76008
-10.1912 -8.6972
-11.1724 -9.62696
-13.1011 -11.4649
-15.0063 -13.2742
-16.8709 -15.0544
-18.7124 -16.8081
-20.5142 -18.5342
-24.8984 -22.731
-29.089 -26.7618
-33.1086 -30.631
-36.9477 -34.3418
-40.6267 -37.9008
-44.1374 -41.311
-50.7083 -47.7007
-56.6895 -53.5444
-62.126 -58.8709
-67.0535 -63.7189
-71.5058 -68.1294
115.785 115.042
104.428 105.503
92.9491 94.8749
81.3493 84.3237
69.6754 73.2842
57.9371 61.8037
52.0559 55.8854
46.1557 49.7405
40.2497 43.5921
34.3517 37.4177
28.442 31.2216
22.545 25.0077
20.1785 22.517
17.8239 20.0232
15.4592 17.5261
13.1067 15.0278
10.7445 12.5267
9.57494 11.2762
8.3947 10.0251
7.21503 8.77328
6.04643 7.52096
4.86768 6.26832
3.68918 5.01536
2.51124 3.76208
1.34454 2.50808
0.167562 1.254
-1.00888 -0.00016
-2.17393 -1.25464
-3.34934 -2.50928
-4.52401 -3.76408
-5.69818 -5.0196
-6.86093 -6.27504
-8.03371 -7.53056
-9.20603 -8.78664
-10.3667 -10.0431
-11.5377 -11.2993
-12.7078 -12.5554
-15.0352 -15.0684
-17.3703 -17.581
-19.6917 -20.0942
-22.0203 -22.6069
-24.3349 -25.1216
-30.1213 -31.4015
-35.8728 -37.6774
-41.6088 -43.9462
-47.306 -50.1355
-52.9835 -56.3832
-58.6189 -62.6178
-69.8077 -75.0349
-80.8388 -87.3687
-91.7096 -99.6019
-102.409 -111.717
-112.927 -123.697
0 0
2.77907e-06 0
1.57391e-06 0
-1.5229e-05 0
0.00119495 0
-0.00140595 0
-0.00462705 0
0.00435674 0
0.00388044 0
3.63588e-06 0
-0.00316173 0
-7.00653e-05 0
0.00453299 0
-0.00273022 0
9.93311e-05 0
-0.00234346 0
0.00377496 0
9.74387e-05 0
0.00127515 0
-0.00109518 0
0.0023018 0
-0.00330049 0
0.00231907 0
0.00215435 0
-0.00320273 0
-2.5034e-06 0
0.00100815 0
0.0030713 0
-0.0009593 0
-5.05894e-06 0
0.000949899 0
-8.67527e-05 0
-0.000907894 0
0.00184963 0
0.00184089 0
-0.000918746 0
-4.78253e-05 0
0.000871338 0
-0.00177281 0
-0.000769861 0
-0.000807442 0
-0.000860333 0
0.00158301 0
2.75671e-06 0
0.000731573 0
0.00142623 0
0.00141837 0
0.000591964 0
0.000575155 0
-0.00112364 0
-2.0355e-05 0
-0.000909656 0
0.000388145 0
0.000307858 0
0.000981688 0
-0.000689209 0
-0.00034219 0
0.00211281 0
0.00195903 0
0.00184667 0
0.0016529 0
0.00154635 0
0.00142732 0
0.00143552 0
0.00137472 0
0.00131652 0
0.00121608 0
0.00122364 0
0.00108656 0
0.00109388 0
0.00107723 0
0.00100207 0
0.00110035 0
0.00106137 0
0.0010576 0
0.00102577 0
0.00100578 0
0.00100534 0
0.00100675 0
0.00101308 0
0.000957321 0
0.000974524 0
0.000974885 0
0.000949899 0
0.00094087 0
0.000919404 0
0.000932461 0
0.000955954 0
0.000967011 0
0.000938982 0
0.000915632 0
0.000889845 0
0.000901572 0
0.000894554 0
0.00090088 0
0.000828095 0
0.000846788 0
0.00086876 0
0.000804484 0
0.000770718 0
0.000759721 0
0.000696972 0
0.00065659 0
0.000645965 0
0.000613153 0
0.000512779 0
0.000441462 0
0.000390619 0
0.000355244 0
0.000308573 0
0.000658393 0
-0.000705793 0
-0.00264658 0
0.00259143 0
0.00240265 0
3.71039e-05 0
-0.00229293 0
-5.52237e-05 0
0.00336117 0
-0.00215653 0
4.65661e-05 0
-0.0020375 0
0.00327622 0
4.08851e-06 0
0.00105613 0
-0.000947673 0
0.00207266 0
-0.00305882 0
0.00215087 0
0.00200795 0
-0.00303247 0
5.58896e-05 0
0.000971937 0
0.00295227 0
-0.000919755 0
-3.58059e-05 0
0.000949899 0
-7.19531e-05 0
-0.000908025 0
0.00187994 0
0.00195895 0
-0.000958909 0
-6.80424e-06 0
0.000935217 0
-0.00192146 0
-0.000892919 0
-0.00088452 0
-0.000887204 0
0.0018081 0
3.54052e-05 0
0.000865422 0
0.00170413 0
0.00179571 0
0.000782307 0
0.000846513 0
-0.00170466 0
-9.28342e-06 0
-0.00160295 0
0.000811435 0
0.000762343 0
0.00293209 0
-0.0027352 0
-0.00198227 0
0 0
1.41561e-07 0
-9.46805e-07 0
-0.00064373 0
0.00120485 0
-0.00140655 0
-0.00465101 0
0.0043447 0
0.00387973 0
-2.44379e-06 0
-0.00316608 0
-6.53565e-05 0
0.00453052 0
-0.0027326 0
9.56953e-05 0
-0.00234713 0
0.00378321 0
9.59188e-05 0
0.00125311 0
-0.00109553 0
0.00230182 0
-0.00329892 0
0.00231855 0
0.00214775 0
-0.00320852 0
-1.03898e-05 0
0.00100881 0
0.00306941 0
-0.000958032 0
-3.86219e-06 0
0.000950758 0
-8.17114e-05 0
-0.000905314 0
0.00183759 0
0.00183914 0
-0.000912372 0
-4.9185e-05 0
0.000871286 0
-0.00177955 0
-0.000777178 0
-0.000805795 0
-0.000857964 0
0.00158404 0
3.57628e-06 0
0.000732198 0
0.00142696 0
0.00141828 0
0.000598103 0
0.000584453 0
-0.00112349 0
-3.68059e-05 0
-0.000911713 0
0.00038743 0
0.000311404 0
0.000984609 0
-0.000691652 0
-0.000340819 0
0.000910759 0
-0.00103635 0
-0.00352675 0
0.00344211 0
0.00310025 0
-4.08143e-05 0
-0.00262004 0
-3.98159e-05 0
0.00394772 0
-0.00249502 0
8.82447e-05 0
-0.00223134 0
0.00352599 0
1.13174e-05 0
0.00119341 0
-0.000980474 0
0.00220224 0
-0.00317441 0
0.00224785 0
0.00201816 0
-0.00312728 0
-2.90219e-05 0
0.000989654 0
0.0029876 0
-0.000907114 0
-3.30957e-05 0
0.000950758 0
-7.67922e-05 0
-0.000929046 0
0.00186766 0
0.00190979 0
-0.000920432 0
-4.46662e-06 0
0.000831783 0
-0.00185779 0
-0.000823107 0
-0.000855725 0
-0.000824962 0
0.00169973 0
-1.44541e-06 0
0.000818424 0
0.00152569 0
0.00163597 0
0.000666589 0
0.00066562 0
-0.00140233 0
-4.86076e-05 0
-0.00122866 0
0.000596762 0
0.000509858 0
0.00183406 0
-0.00158274 0
-0.00103334 0
0.00142241 0
0.00137922 0
0.00136945 0
0.00126579 0
0.00123084 0
0.00117064 0
0.00114284 0
0.00114681 0
0.00109187 0
0.00113243 0
0.00106455 0
0.00103523 0
0.00107081 0
0.00102623 0
0.00101721 0
0.000992935 0
0.00100414 0
0.00100524 0
0.00099181 0
0.00097754 0
0.00097462 0
0.000977568 0
0.000970479 0
0.000968278 0
0.000950047 0
0.000958166 0
0.000950758 0
0.00098078 0
0.00093666 0
0.000951998 0
0.000933612 0
0.000922699 0
0.000940492 0
0.000920571 0
0.000913441 0
0.000916686 0
0.000897158 0
0.000904292 0
0.000881657 0
0.00088416 0
0.000871263 0
0.000873864 0
0.000856429 0
0.000850543 0
0.000809789 0
0.000798225 0
0.000785992 0
0.000743032 0
0.000729501 0
0.000695318 0
0.000664622 0
0.000620306 0
0.00059703 0
0 0
7.6741e-07 0
9.53951e-07 0
-5.53756e-06 0
0.00120282 0
-0.00140572 0
-0.0046525 0
0.004345 0
0.00387949 0
-2.5034e-06 0
-0.00316212 0
-6.55949e-05 0
0.00455064 0
-0.00273436 0
9.14931e-05 0
-0.00234683 0
0.0037837 0
9.48757e-05 0
0.00125496 0
-0.0010954 0
0.00229815 0
-0.00331531 0
0.00229945 0
0.00214487 0
-0.00320903 0
-1.12392e-05 0
0.00101224 0
0.00306527 0
-0.00096048 0
-5.72763e-06 0
0.000945553 0
-9.1142e-05 0
-0.000908 0
0.00183794 0
0.00183628 0
-0.000909045 0
-4.82649e-05 0
0.000871673 0
-0.00177964 0
-0.000790216 0
-0.000805728 0
-0.000853732 0
0.00158773 0
2.80142e-06 0
0.000731185 0
0.00142926 0
0.0014188 0
0.00059925 0
0.000590444 0
-0.00112379 0
-3.94285e-05 0
-0.000905544 0
0.000381052 0
0.000313491 0
0.000977039 0
-0.000694573 0
-0.000339866 0
0.000909507 0
-0.00103283 0
-0.00351578 0
0.00344932 0
0.00310072 0
-3.98457e-05 0
-0.00262082 0
-4.11272e-05 0
0.00396553 0
-0.00250614 0
8.28058e-05 0
-0.00224103 0
0.00352552 0
1.9297e-05 0
0.00119222 0
-0.000979967 0
0.00220031 0
-0.00317385 0
0.00224089 0
0.00202274 0
-0.00312723 0
-2.94e-05 0
0.000993792 0
0.0029802 0
-0.000905794 0
-2.65271e-05 0
0.000945553 0
-7.952e-05 0
-0.000926709 0
0.00186652 0
0.00190344 0
-0.000914164 0
-1.05314e-05 0
0.000828221 0
-0.00186547 0
-0.000822287 0
-0.000854023 0
-0.000828832 0
0.0016997 0
-3.30806e-06 0
0.000818357 0
0.00152506 0
0.00163031 0
0.000665411 0
0.000666156 0
-0.00140272 0
-5.11706e-05 0
-0.00121579 0
0.000591487 0
0.000509322 0
0.0018211 0
-0.00158224 0
-0.0010339 0
0.00142615 0
0.00137672 0
0.00136873 0
0.0012732 0
0.00123776 0
0.00116729 0
0.00114795 0
0.00115317 0
0.00108135 0
0.00113335 0
0.00106757 0
0.00104061 0
0.00106997 0
0.00103378 0
0.00102312 0
0.000993708 0
0.0010097 0
0.00100307 0
0.000991756 0
0.000977513 0
0.000976264 0
0.000978075 0
0.000969033 0
0.00096263 0
0.000949275 0
0.000960969 0
0.000945553 0
0.000980707 0
0.000944522 0
0.000950284 0
0.00093615 0
0.000925525 0
0.00093665 0
0.000926692 0
0.000909898 0
0.000927746 0
0.000905434 0
0.000902653 0
0.00088397 0
0.000879619 0
0.000864234 0
0.000869345 0
0.000856653 0
0.000855938 0
0.000814319 0
0.000800826 0
0.000783786 0
0.000744298 0
0.000732087 0
0.00069046 0
0.000664324 0
0.000617951 0
0.000595272 0
