-8270.96 -8221.88
-8314.5 -8290
-8347.47 -8340.44
-8360.39 -8359.54
-8371.03 -8374.8
-8379.41 -8386.41
-8385.69 -8394.54
-8386.7 -8395.76
-8387.63 -8396.86
-8388.48 -8397.82
-8389.25 -8398.65
-8389.94 -8399.35
-8390.52 -8399.93
-8391.06 -8400.39
-8391.5 -8400.72
-8391.88 -8400.92
-8392.16 -8401.01
-8392.36 -8400.97
-8392.55 -8400.82
-8392.57 -8400.55
-8392.56 -8400.16
-8392.45 -8399.66
-8392.3 -8399.04
-8392.07 -8398.31
-8391.74 -8397.46
-8391.34 -8396.51
-8390.9 -8395.44
-8387.48 -8388.5
-8382.32 -8378.98
-8375.47 -8366.99
-8366.95 -8352.66
-8345.19 -8317.44
-8317.68 -8274.2
