1360.66 2496.27
1040.13 1918.66
746.911 1383.3
606.267 1130.63
469.482 887.633
338.597 651.649
211.932 428.847
186.536 384.827
161.286 341.267
136.051 297.934
110.658 255.004
85.1912 212.328
59.9384 170.032
34.8605 128.084
10.0094 86.4115
-14.5466 45.1411
-39.0004 4.06976
-63.6336 -36.6106
-88.2257 -76.8538
-113.083 -116.901
-137.332 -156.689
-161.435 -195.93
-185.489 -235.06
-209.542 -277.042
-233.524 -315.558
-257.452 -353.859
-281.142 -391.752
-397.306 -576.817
-509.996 -754.677
-621.715 -925.625
-734.259 -1089.62
-945.989 -1398.59
-1145.44 -1682.8
1487.23 2496.36
1126.35 1918.47
797.547 1382.58
644.042 1129.79
494.794 886.588
346.651 650.278
201.777 427.172
172.981 383.225
144.427 339.642
116.004 296.236
87.6918 253.288
59.5744 210.609
31.7199 168.194
3.94719 126.182
-23.6167 84.5632
-50.9498 43.1955
-78.2235 2.07168
-105.705 -38.6605
-132.953 -78.9664
-160.078 -118.993
-186.943 -158.758
-213.878 -198.168
-240.98 -237.421
-268.447 -279.247
-295.781 -317.981
-323.192 -356.257
-350.313 -394.145
-483.306 -579.447
-609.979 -757.628
-735.968 -928.929
-860.675 -1093.16
-1090.18 -1402.55
-1298.66 -1687.27
1816.99 2345.67
1490.54 1801.47
1187.24 1297.49
1042.54 1059.89
900.37 831.132
761.716 608.897
628.275 399.46
601.719 358.016
575.447 317.101
549.234 276.269
523.237 236.012
497.404 195.868
471.863 155.927
446.476 116.504
421.285 77.3856
396.372 38.4531
371.378 -0.31104
346.17 -38.5037
321.14 -76.407
296.236 -114.149
271.87 -151.48
247.495 -188.417
223.456 -225.306
199.381 -265.01
175.382 -301.361
151.45 -337.259
127.703 -373.02
9.74384 -547.143
-106.329 -714.675
-217.699 -875.642
-326.379 -1030.19
-532.345 -1321.22
-724.176 -1589.19
-263.86 0
-293.574 0
-320.609 0
-333.351 0
-345.768 0
-357.61 0
-369.062 0
-371.346 0
-373.62 0
-375.879 0
-378.122 0
-380.343 0
-382.555 0
-384.758 0
-386.95 0
-389.135 0
-391.299 0
-393.44 0
-395.565 0
-397.677 0
-399.771 0
-401.839 0
-403.907 0
-405.97 0
-407.996 0
-409.993 0
-411.981 0
-421.696 0
-431.246 0
-440.617 0
-449.87 0
-467.283 0
-483.054 0
154.438 0
147.174 0
140.598 0
137.167 0
133.802 0
130.629 0
127.42 0
126.788 0
126.172 0
125.568 0
124.976 0
124.37 0
123.758 0
123.14 0
122.527 0
121.922 0
121.278 0
120.63 0
119.972 0
119.358 0
118.756 0
118.169 0
117.612 0
117.086 0
116.536 0
115.983 0
115.436 0
112.791 0
110.238 0
107.961 0
105.772 0
101.806 0
97.852 0
323.221 150.708
295.856 115.84
265.055 83.6506
249.467 68.4403
235.216 53.9098
221.728 39.897
209.58 26.3002
207.557 23.76
205.531 21.1814
203.414 18.5088
201.311 15.9405
199.094 13.4528
196.925 10.8819
194.762 8.34816
192.61 5.86688
190.547 3.36896
188.51 0.91328
186.493 -1.46112
184.535 -3.96864
182.567 -6.40192
180.344 -8.68544
178.04 -11.0048
175.793 -13.4093
173.653 -15.6781
171.577 -18.1011
169.576 -20.3757
167.623 -22.528
158.284 -33.6454
149.085 -44.2771
140.082 -54.5946
132.05 -64.4806
114.816 -83.0624
96.7645 -100.208
