-0.460475 -1.47877 -0.0374697 0.74827 -0.329166 0.110914
-0.460485 -1.47877 -0.0374866 0.74827 -0.329166 0.110914
-0.460482 -1.47878 -0.0374736 0.74827 -0.329166 0.110914
-0.460487 -1.47878 -0.0374801 0.74827 -0.329166 0.110914
-0.460455 -1.47876 -0.0374819 0.74827 -0.329166 0.110914
-0.460493 -1.47877 -0.0374749 0.74827 -0.329166 0.110914
-0.460467 -1.47877 -0.037481 0.74827 -0.329166 0.110914
-0.460509 -1.47878 -0.0374858 0.74827 -0.329166 0.110914
-0.705269 -1.28943 -0.428482 0.485089 -0.044904 -0.287415
-0.705301 -1.28941 -0.428487 0.485089 -0.044904 -0.287415
-0.70526 -1.28943 -0.428483 0.485089 -0.044904 -0.287415
-0.705292 -1.28943 -0.428491 0.485089 -0.044904 -0.287415
-0.705275 -1.28942 -0.428506 0.485089 -0.044904 -0.287415
-0.705266 -1.28942 -0.428497 0.485089 -0.044904 -0.287415
-0.705284 -1.28943 -0.428502 0.485089 -0.044904 -0.287415
-0.705264 -1.28943 -0.428492 0.485089 -0.044904 -0.287415
-1.34751 -1.10259 -0.66766 -0.150668 -0.188035 -0.523212
-1.34753 -1.10259 -0.667649 -0.150668 -0.188035 -0.523212
-1.34752 -1.10257 -0.667657 -0.150668 -0.188035 -0.523212
-1.34753 -1.10258 -0.66765 -0.150668 -0.188035 -0.523212
-1.34754 -1.1026 -0.667678 -0.150668 -0.188035 -0.523212
-1.34752 -1.10258 -0.667658 -0.150668 -0.188035 -0.523212
-1.34755 -1.10259 -0.667678 -0.150668 -0.188035 -0.523212
-1.34751 -1.10257 -0.667655 -0.150668 -0.188035 -0.523212
-1.45982 -0.811179 -0.226668 -0.245624 0.104628 -0.131308
-1.45983 -0.811189 -0.226655 -0.245624 0.104628 -0.131308
-1.45981 -0.811177 -0.226671 -0.245624 0.104628 -0.131308
-1.45983 -0.811186 -0.22666 -0.245624 0.104628 -0.131308
-1.45983 -0.811181 -0.226691 -0.245624 0.104628 -0.131308
-1.45984 -0.811183 -0.226688 -0.245624 0.104628 -0.131308
-1.45983 -0.811182 -0.226697 -0.245624 0.104628 -0.131308
-1.45985 -0.811186 -0.226694 -0.245624 0.104628 -0.131308
-1.45796 -0.841502 0.264844 -0.229777 0.223128 0.3511
-1.45795 -0.841498 0.264837 -0.229777 0.223128 0.3511
-1.45797 -0.841522 0.264848 -0.229777 0.223128 0.3511
-1.45796 -0.841518 0.264841 -0.229777 0.223128 0.3511
-1.45794 -0.841518 0.264822 -0.229777 0.223128 0.3511
-1.45794 -0.841518 0.264818 -0.229777 0.223128 0.3511
-1.45794 -0.841537 0.264821 -0.229777 0.223128 0.3511
-1.45794 -0.841534 0.264819 -0.229777 0.223128 0.3511
-1.15676 -0.813572 -0.440972 0.089765 0.377736 -0.333918
-1.15677 -0.81357 -0.440964 0.089765 0.377736 -0.333918
-1.15676 -0.813578 -0.440963 0.089765 0.377736 -0.333918
-1.15677 -0.813584 -0.440954 0.089765 0.377736 -0.333918
-1.15675 -0.813564 -0.44097 0.089765 0.377736 -0.333918
-1.15675 -0.813554 -0.440975 0.089765 0.377736 -0.333918
-1.15675 -0.813577 -0.440966 0.089765 0.377736 -0.333918
-1.15676 -0.813572 -0.440972 0.089765 0.377736 -0.333918
-1.5757 -1.46255 0.211666 -0.366332 -0.369123 0.390323
-1.5757 -1.46255 0.211648 -0.366332 -0.369123 0.390323
-1.5757 -1.46255 0.211664 -0.366332 -0.369123 0.390323
-1.5757 -1.46255 0.211648 -0.366332 -0.369123 0.390323
-1.5757 -1.46254 0.211614 -0.366332 -0.369123 0.390323
-1.57571 -1.46254 0.211609 -0.366332 -0.369123 0.390323
-1.5757 -1.46253 0.211619 -0.366332 -0.369123 0.390323
-1.57571 -1.46253 0.211614 -0.366332 -0.369123 0.390323
-1.23739 -1.37109 0.25957 -0.074974 -0.194852 0.521441
-1.2374 -1.3711 0.259565 -0.074974 -0.194852 0.521441
-1.23739 -1.3711 0.259582 -0.074974 -0.194852 0.521441
-1.2374 -1.3711 0.259571 -0.074974 -0.194852 0.521441
-1.23738 -1.3711 0.259561 -0.074974 -0.194852 0.521441
-1.23738 -1.37111 0.259565 -0.074974 -0.194852 0.521441
-1.23738 -1.37111 0.259569 -0.074974 -0.194852 0.521441
-1.23738 -1.37112 0.259575 -0.074974 -0.194852 0.521441
1.4317 0.893005 -0.323037 0.186389 -0.329921 -0.475307
1.43169 0.892999 -0.323028 0.186389 -0.329921 -0.475307
1.43169 0.893016 -0.32303 0.186389 -0.329921 -0.475307
1.43169 0.893018 -0.323031 0.186389 -0.329921 -0.475307
1.43169 0.893005 -0.323009 0.186389 -0.329921 -0.475307
1.43167 0.893012 -0.323007 0.186389 -0.329921 -0.475307
1.43168 0.893021 -0.323011 0.186389 -0.329921 -0.475307
1.43166 0.893028 -0.32301 0.186389 -0.329921 -0.475307
0.8537 1.16673 -0.0679488 -0.216325 -0.015802 -0.127119
0.853644 1.16673 -0.0679462 -0.216325 -0.015802 -0.127119
0.853706 1.16672 -0.0679425 -0.216325 -0.015802 -0.127119
0.853647 1.16672 -0.0679419 -0.216325 -0.015802 -0.127119
0.853716 1.16672 -0.0679206 -0.216325 -0.015802 -0.127119
0.853704 1.16672 -0.0679407 -0.216325 -0.015802 -0.127119
0.853717 1.16672 -0.0679183 -0.216325 -0.015802 -0.127119
0.853705 1.16672 -0.0679331 -0.216325 -0.015802 -0.127119
1.39476 1.60568 -0.203638 0.171474 0.471136 -0.321957
1.39477 1.60568 -0.203632 0.171474 0.471136 -0.321957
1.39477 1.60572 -0.203642 0.171474 0.471136 -0.321957
1.39477 1.60572 -0.20364 0.171474 0.471136 -0.321957
1.39475 1.60568 -0.203623 0.171474 0.471136 -0.321957
1.39475 1.60567 -0.203619 0.171474 0.471136 -0.321957
1.39474 1.60571 -0.203629 0.171474 0.471136 -0.321957
1.39475 1.60571 -0.203629 0.171474 0.471136 -0.321957
1.26238 1.15228 -0.334453 0.055978 0.138565 -0.279887
1.2624 1.15228 -0.334452 0.055978 0.138565 -0.279887
1.26238 1.15228 -0.334453 0.055978 0.138565 -0.279887
1.2624 1.15228 -0.334456 0.055978 0.138565 -0.279887
1.26238 1.15228 -0.334443 0.055978 0.138565 -0.279887
1.26237 1.15227 -0.334444 0.055978 0.138565 -0.279887
1.26238 1.15228 -0.334448 0.055978 0.138565 -0.279887
1.26237 1.15227 -0.33445 0.055978 0.138565 -0.279887
0.648117 0.446248 -0.041499 -0.502997 -0.571219 -0.175751
0.648151 0.446251 -0.0414822 -0.502997 -0.571219 -0.175751
0.648122 0.446258 -0.0414932 -0.502997 -0.571219 -0.175751
0.648153 0.446262 -0.0414863 -0.502997 -0.571219 -0.175751
0.648144 0.446255 -0.0414961 -0.502997 -0.571219 -0.175751
0.648131 0.446242 -0.0414948 -0.502997 -0.571219 -0.175751
0.648136 0.446261 -0.0414982 -0.502997 -0.571219 -0.175751
0.648124 0.446253 -0.0414999 -0.502997 -0.571219 -0.175751
0.884811 1.19252 0.308742 -0.222725 0.089697 0.31055
0.884837 1.19253 0.308745 -0.222725 0.089697 0.31055
0.884804 1.19254 0.308738 -0.222725 0.089697 0.31055
0.884832 1.19254 0.308747 -0.222725 0.089697 0.31055
0.884795 1.19252 0.308746 -0.222725 0.089697 0.31055
0.884829 1.19253 0.308741 -0.222725 0.089697 0.31055
0.884794 1.19254 0.308741 -0.222725 0.089697 0.31055
0.884827 1.19254 0.30874 -0.222725 0.089697 0.31055
0.575866 0.808632 0.336674 -0.523724 -0.309756 0.128669
0.575869 0.808638 0.33667 -0.523724 -0.309756 0.128669
0.575864 0.808652 0.336677 -0.523724 -0.309756 0.128669
0.575876 0.808653 0.336666 -0.523724 -0.309756 0.128669
0.575889 0.808634 0.336662 -0.523724 -0.309756 0.128669
0.575894 0.808645 0.336665 -0.523724 -0.309756 0.128669
0.57589 0.808659 0.33667 -0.523724 -0.309756 0.128669
0.575903 0.808667 0.336668 -0.523724 -0.309756 0.128669
1.03718 1.19247 0.396407 -0.157814 0.135327 0.198126
1.03718 1.19247 0.396403 -0.157814 0.135327 0.198126
1.03719 1.19248 0.396405 -0.157814 0.135327 0.198126
1.03719 1.19248 0.396401 -0.157814 0.135327 0.198126
1.03719 1.19246 0.396359 -0.157814 0.135327 0.198126
1.03718 1.19248 0.396356 -0.157814 0.135327 0.198126
1.0372 1.19248 0.396357 -0.157814 0.135327 0.198126
1.0372 1.19249 0.396352 -0.157814 0.135327 0.198126
1.54599 -1.95718 0.620179 0.256922 -0.817214 0.468948
1.54601 -1.95719 0.620174 0.256922 -0.817214 0.468948
1.54599 -1.95715 0.620174 0.256922 -0.817214 0.468948
1.546 -1.95715 0.620175 0.256922 -0.817214 0.468948
1.54596 -1.95719 0.62016 0.256922 -0.817214 0.468948
1.546 -1.95718 0.620168 0.256922 -0.817214 0.468948
1.54596 -1.95716 0.620153 0.256922 -0.817214 0.468948
1.54599 -1.95715 0.620161 0.256922 -0.817214 0.468948
0.631278 -0.960705 -0.383732 -0.464009 0.234748 -0.545788
0.631266 -0.96071 -0.383731 -0.464009 0.234748 -0.545788
0.631274 -0.96069 -0.38372 -0.464009 0.234748 -0.545788
0.631261 -0.960697 -0.383722 -0.464009 0.234748 -0.545788
0.631268 -0.960709 -0.383725 -0.464009 0.234748 -0.545788
0.631246 -0.960709 -0.383738 -0.464009 0.234748 -0.545788
0.631275 -0.960696 -0.383728 -0.464009 0.234748 -0.545788
0.631244 -0.960696 -0.38373 -0.464009 0.234748 -0.545788
0.647812 -0.848285 0.169185 -0.55121 0.127813 0.17986
0.647816 -0.848284 0.169193 -0.55121 0.127813 0.17986
0.647813 -0.84827 0.169188 -0.55121 0.127813 0.17986
0.647818 -0.848268 0.169195 -0.55121 0.127813 0.17986
0.647819 -0.848269 0.169191 -0.55121 0.127813 0.17986
0.647825 -0.848284 0.169206 -0.55121 0.127813 0.17986
0.647812 -0.848249 0.169199 -0.55121 0.127813 0.17986
0.647823 -0.848269 0.169205 -0.55121 0.127813 0.17986
0.781305 -0.441292 -0.178584 -0.432943 0.637499 -0.19944
0.781314 -0.441284 -0.178593 -0.432943 0.637499 -0.19944
0.781308 -0.44129 -0.178584 -0.432943 0.637499 -0.19944
0.781319 -0.441281 -0.178597 -0.432943 0.637499 -0.19944
0.78133 -0.44128 -0.178592 -0.432943 0.637499 -0.19944
0.781303 -0.441272 -0.178599 -0.432943 0.637499 -0.19944
0.781336 -0.441274 -0.178592 -0.432943 0.637499 -0.19944
0.781303 -0.441274 -0.178599 -0.432943 0.637499 -0.19944
0.926537 -1.72642 0.547475 -0.240162 -0.605289 0.446689
0.926552 -1.72642 0.547465 -0.240162 -0.605289 0.446689
0.92654 -1.7264 0.547476 -0.240162 -0.605289 0.446689
0.926554 -1.72641 0.547477 -0.240162 -0.605289 0.446689
0.92655 -1.72643 0.547462 -0.240162 -0.605289 0.446689
0.926557 -1.72643 0.547461 -0.240162 -0.605289 0.446689
0.926551 -1.72641 0.54747 -0.240162 -0.605289 0.446689
0.926561 -1.72641 0.547468 -0.240162 -0.605289 0.446689
0.822778 -0.75135 0.591229 -0.273606 0.285327 0.304274
0.822799 -0.751341 0.591228 -0.273606 0.285327 0.304274
0.822781 -0.751319 0.591222 -0.273606 0.285327 0.304274
0.822797 -0.751327 0.591228 -0.273606 0.285327 0.304274
0.822778 -0.751338 0.591208 -0.273606 0.285327 0.304274
0.822735 -0.751347 0.591215 -0.273606 0.285327 0.304274
0.822771 -0.751313 0.591208 -0.273606 0.285327 0.304274
0.822733 -0.751321 0.591208 -0.273606 0.285327 0.304274
1.09656 -1.30952 0.277207 -0.025968 -0.200498 0.16902
1.09657 -1.30952 0.277206 -0.025968 -0.200498 0.16902
1.09656 -1.30952 0.277209 -0.025968 -0.200498 0.16902
1.09658 -1.30951 0.277207 -0.025968 -0.200498 0.16902
1.09655 -1.3095 0.277175 -0.025968 -0.200498 0.16902
1.09654 -1.30951 0.277163 -0.025968 -0.200498 0.16902
1.09656 -1.30951 0.277176 -0.025968 -0.200498 0.16902
1.09654 -1.3095 0.277164 -0.025968 -0.200498 0.16902
1.26155 -1.4574 0.616487 0.091998 -0.239308 0.41331
1.26157 -1.4574 0.616495 0.091998 -0.239308 0.41331
1.26155 -1.45741 0.616486 0.091998 -0.239308 0.41331
1.26157 -1.45741 0.616499 0.091998 -0.239308 0.41331
1.26156 -1.4574 0.616483 0.091998 -0.239308 0.41331
1.26156 -1.45739 0.616485 0.091998 -0.239308 0.41331
1.26156 -1.4574 0.616485 0.091998 -0.239308 0.41331
1.26156 -1.4574 0.616485 0.091998 -0.239308 0.41331
-0.597154 0.500467 -0.483131 0.588761 -0.564907 -0.363304
-0.597136 0.500457 -0.483128 0.588761 -0.564907 -0.363304
-0.597154 0.500493 -0.483132 0.588761 -0.564907 -0.363304
-0.597147 0.500487 -0.483132 0.588761 -0.564907 -0.363304
-0.597132 0.500453 -0.483146 0.588761 -0.564907 -0.363304
-0.597126 0.500456 -0.483133 0.588761 -0.564907 -0.363304
-0.597135 0.500476 -0.483145 0.588761 -0.564907 -0.363304
-0.597137 0.500484 -0.483137 0.588761 -0.564907 -0.363304
-1.52227 1.37952 -0.120201 -0.420644 0.206187 -0.039596
-1.52228 1.37954 -0.120222 -0.420644 0.206187 -0.039596
-1.52226 1.37953 -0.120203 -0.420644 0.206187 -0.039596
-1.52228 1.37954 -0.120223 -0.420644 0.206187 -0.039596
-1.52224 1.37952 -0.120182 -0.420644 0.206187 -0.039596
-1.52229 1.37953 -0.120191 -0.420644 0.206187 -0.039596
-1.52224 1.37952 -0.120182 -0.420644 0.206187 -0.039596
-1.52229 1.37952 -0.120192 -0.420644 0.206187 -0.039596
-0.777618 1.31591 0.0730277 0.419343 0.188749 0.129279
-0.777611 1.3159 0.0730218 0.419343 0.188749 0.129279
-0.777623 1.31589 0.0730249 0.419343 0.188749 0.129279
-0.777614 1.31588 0.0730128 0.419343 0.188749 0.129279
-0.777625 1.31592 0.0730382 0.419343 0.188749 0.129279
-0.777573 1.31591 0.0730456 0.419343 0.188749 0.129279
-0.777622 1.31589 0.0730323 0.419343 0.188749 0.129279
-0.777579 1.31588 0.0730438 0.419343 0.188749 0.129279
-0.792347 1.53625 -0.718581 0.2904 0.512716 -0.531584
-0.792357 1.53624 -0.71858 0.2904 0.512716 -0.531584
-0.792356 1.53629 -0.718585 0.2904 0.512716 -0.531584
-0.792362 1.53627 -0.718587 0.2904 0.512716 -0.531584
-0.792355 1.53626 -0.718582 0.2904 0.512716 -0.531584
-0.792362 1.53625 -0.718587 0.2904 0.512716 -0.531584
-0.79236 1.53628 -0.718587 0.2904 0.512716 -0.531584
-0.792368 1.53628 -0.718586 0.2904 0.512716 -0.531584
-0.558154 0.826209 -0.699296 0.610086 -0.226356 -0.47409
-0.558156 0.826213 -0.699304 0.610086 -0.226356 -0.47409
-0.558159 0.826215 -0.699292 0.610086 -0.226356 -0.47409
-0.558167 0.826223 -0.699301 0.610086 -0.226356 -0.47409
-0.558161 0.826209 -0.699295 0.610086 -0.226356 -0.47409
-0.558128 0.826208 -0.6993 0.610086 -0.226356 -0.47409
-0.55818 0.826219 -0.699293 0.610086 -0.226356 -0.47409
-0.558145 0.82622 -0.699297 0.610086 -0.226356 -0.47409
-0.441836 1.05891 0.0366141 0.635634 0.026038 0.098569
-0.441841 1.0589 0.0366169 0.635634 0.026038 0.098569
-0.441838 1.05892 0.0366113 0.635634 0.026038 0.098569
-0.441828 1.05892 0.0366184 0.635634 0.026038 0.098569
-0.441834 1.05892 0.0366002 0.635634 0.026038 0.098569
-0.441844 1.0589 0.0365864 0.635634 0.026038 0.098569
-0.441837 1.05893 0.0366002 0.635634 0.026038 0.098569
-0.441834 1.05892 0.0365934 0.635634 0.026038 0.098569
-1.52783 0.580352 0.416855 -0.232687 -0.502624 0.546174
-1.52781 0.580347 0.416853 -0.232687 -0.502624 0.546174
-1.52783 0.58033 0.416854 -0.232687 -0.502624 0.546174
-1.52782 0.580324 0.416854 -0.232687 -0.502624 0.546174
-1.52781 0.580365 0.416841 -0.232687 -0.502624 0.546174
-1.52781 0.580358 0.41684 -0.232687 -0.502624 0.546174
-1.52782 0.580339 0.416846 -0.232687 -0.502624 0.546174
-1.52782 0.58033 0.416843 -0.232687 -0.502624 0.546174
-1.28659 1.26413 0.216816 -0.1408 0.263943 0.168674
-1.28659 1.26413 0.216824 -0.1408 0.263943 0.168674
-1.28658 1.26413 0.216821 -0.1408 0.263943 0.168674
-1.28659 1.26413 0.21683 -0.1408 0.263943 0.168674
-1.2866 1.26414 0.216815 -0.1408 0.263943 0.168674
-1.28658 1.26414 0.216818 -0.1408 0.263943 0.168674
-1.2866 1.26414 0.216821 -0.1408 0.263943 0.168674
-1.28658 1.26414 0.216819 -0.1408 0.263943 0.168674
0.808932 0.414497 0.636296 0.027255 0.308806 0.224596
0.808942 0.414494 0.636296 0.027255 0.308806 0.224596
0.808935 0.414498 0.636299 0.027255 0.308806 0.224596
0.808945 0.414493 0.636301 0.027255 0.308806 0.224596
0.808945 0.414491 0.636306 0.027255 0.308806 0.224596
0.808945 0.414495 0.636305 0.027255 0.308806 0.224596
0.808949 0.41449 0.636307 0.027255 0.308806 0.224596
0.808945 0.414499 0.636305 0.027255 0.308806 0.224596
0.215515 0.514613 0.4052 -0.603875 0.484898 0.017815
0.215534 0.514598 0.405205 -0.603875 0.484898 0.017815
0.215517 0.514593 0.405195 -0.603875 0.484898 0.017815
0.215537 0.514582 0.405201 -0.603875 0.484898 0.017815
0.215517 0.514607 0.4052 -0.603875 0.484898 0.017815
0.215509 0.51461 0.405203 -0.603875 0.484898 0.017815
0.215524 0.514588 0.405196 -0.603875 0.484898 0.017815
0.215514 0.514593 0.405201 -0.603875 0.484898 0.017815
0.918265 0.0435897 0.797127 0.317411 -0.009607 0.289149
0.918281 0.0435852 0.79712 0.317411 -0.009607 0.289149
0.918267 0.0435895 0.797125 0.317411 -0.009607 0.289149
0.918282 0.0435879 0.797122 0.317411 -0.009607 0.289149
0.918289 0.0435773 0.79711 0.317411 -0.009607 0.289149
0.918268 0.0435798 0.797102 0.317411 -0.009607 0.289149
0.918289 0.0435809 0.797111 0.317411 -0.009607 0.289149
0.918269 0.043584 0.797106 0.317411 -0.009607 0.289149
0.912524 -0.454526 0.350609 0.356489 -0.554538 -0.167793
0.912517 -0.454522 0.350604 0.356489 -0.554538 -0.167793
0.912524 -0.454529 0.350611 0.356489 -0.554538 -0.167793
0.912522 -0.454529 0.350607 0.356489 -0.554538 -0.167793
0.912524 -0.454527 0.350607 0.356489 -0.554538 -0.167793
0.912509 -0.45452 0.350607 0.356489 -0.554538 -0.167793
0.912531 -0.454537 0.350609 0.356489 -0.554538 -0.167793
0.912515 -0.454529 0.350609 0.356489 -0.554538 -0.167793
0.853798 -0.259262 0.193201 0.287313 -0.324882 -0.157688
0.85381 -0.259262 0.193207 0.287313 -0.324882 -0.157688
0.853799 -0.25926 0.193202 0.287313 -0.324882 -0.157688
0.853813 -0.259263 0.193207 0.287313 -0.324882 -0.157688
0.853823 -0.259261 0.193216 0.287313 -0.324882 -0.157688
0.853813 -0.25926 0.193216 0.287313 -0.324882 -0.157688
0.853822 -0.259259 0.193217 0.287313 -0.324882 -0.157688
0.853817 -0.259261 0.19322 0.287313 -0.324882 -0.157688
0.477673 0.184618 0.49482 -0.203854 0.102522 0.015934
0.477663 0.184622 0.49482 -0.203854 0.102522 0.015934
0.477673 0.184606 0.494818 -0.203854 0.102522 0.015934
0.477665 0.184608 0.494809 -0.203854 0.102522 0.015934
0.477671 0.184619 0.494829 -0.203854 0.102522 0.015934
0.477658 0.184629 0.494837 -0.203854 0.102522 0.015934
0.477672 0.184614 0.494825 -0.203854 0.102522 0.015934
0.477664 0.184614 0.494831 -0.203854 0.102522 0.015934
0.52782 0.481879 0.524592 -0.271728 0.399412 0.140664
0.527825 0.481884 0.524604 -0.271728 0.399412 0.140664
0.527827 0.481884 0.524593 -0.271728 0.399412 0.140664
0.527833 0.481886 0.5246 -0.271728 0.399412 0.140664
0.52782 0.481874 0.524606 -0.271728 0.399412 0.140664
0.527826 0.481873 0.524604 -0.271728 0.399412 0.140664
0.527834 0.481874 0.524605 -0.271728 0.399412 0.140664
0.527835 0.481878 0.524602 -0.271728 0.399412 0.140664
1.0143 -0.272152 0.28534 0.52951 -0.46596 -0.094685
1.01431 -0.272153 0.285341 0.52951 -0.46596 -0.094685
1.0143 -0.272146 0.285337 0.52951 -0.46596 -0.094685
1.0143 -0.272146 0.285336 0.52951 -0.46596 -0.094685
1.01431 -0.272148 0.285354 0.52951 -0.46596 -0.094685
1.0143 -0.272146 0.285355 0.52951 -0.46596 -0.094685
1.01431 -0.272139 0.285349 0.52951 -0.46596 -0.094685
1.0143 -0.272141 0.285352 0.52951 -0.46596 -0.094685
-0.622284 0.00366929 -0.318664 0.066902 0.079343 0.140082
-0.622294 0.00367134 -0.318661 0.066902 0.079343 0.140082
-0.622285 0.0036639 -0.318665 0.066902 0.079343 0.140082
-0.622289 0.00366438 -0.31866 0.066902 0.079343 0.140082
-0.622294 0.00367701 -0.318662 0.066902 0.079343 0.140082
-0.622277 0.00366983 -0.318658 0.066902 0.079343 0.140082
-0.622297 0.00367844 -0.318656 0.066902 0.079343 0.140082
-0.62228 0.00366617 -0.318659 0.066902 0.079343 0.140082
-0.693539 0.0639668 -0.237659 0.018626 0.136217 0.277039
-0.693502 0.0639546 -0.237662 0.018626 0.136217 0.277039
-0.69354 0.0639494 -0.237662 0.018626 0.136217 0.277039
-0.693503 0.0639369 -0.237665 0.018626 0.136217 0.277039
-0.693529 0.0639616 -0.237655 0.018626 0.136217 0.277039
-0.693546 0.0639673 -0.237653 0.018626 0.136217 0.277039
-0.693522 0.0639442 -0.237656 0.018626 0.136217 0.277039
-0.693543 0.0639463 -0.237656 0.018626 0.136217 0.277039
-0.792863 -0.19865 -0.35541 -0.102804 -0.039054 0.034928
-0.792866 -0.19865 -0.355408 -0.102804 -0.039054 0.034928
-0.792858 -0.198669 -0.35541 -0.102804 -0.039054 0.034928
-0.792857 -0.198672 -0.355414 -0.102804 -0.039054 0.034928
-0.792862 -0.198652 -0.355408 -0.102804 -0.039054 0.034928
-0.792859 -0.198649 -0.355413 -0.102804 -0.039054 0.034928
-0.792856 -0.198669 -0.355408 -0.102804 -0.039054 0.034928
-0.792848 -0.19867 -0.355409 -0.102804 -0.039054 0.034928
-0.84936 -0.074265 -0.227271 -0.177096 0.12627 0.203181
-0.849352 -0.0742749 -0.227273 -0.177096 0.12627 0.203181
-0.849358 -0.0742695 -0.22727 -0.177096 0.12627 0.203181
-0.849353 -0.0742718 -0.227272 -0.177096 0.12627 0.203181
-0.849389 -0.0742528 -0.22727 -0.177096 0.12627 0.203181
-0.849352 -0.0742683 -0.227273 -0.177096 0.12627 0.203181
-0.849388 -0.0742568 -0.227267 -0.177096 0.12627 0.203181
-0.84935 -0.0742682 -0.22727 -0.177096 0.12627 0.203181
-1.0174 0.387559 -0.388788 -0.430807 0.44822 0.041702
-1.01741 0.387562 -0.38879 -0.430807 0.44822 0.041702
-1.01741 0.387558 -0.388783 -0.430807 0.44822 0.041702
-1.01742 0.387565 -0.388789 -0.430807 0.44822 0.041702
-1.01742 0.387561 -0.388777 -0.430807 0.44822 0.041702
-1.01741 0.387566 -0.388777 -0.430807 0.44822 0.041702
-1.01742 0.387561 -0.388771 -0.430807 0.44822 0.041702
-1.01742 0.387569 -0.388773 -0.430807 0.44822 0.041702
-0.566725 -0.15906 -0.519322 0.136942 -0.113141 -0.105455
-0.566746 -0.159052 -0.519324 0.136942 -0.113141 -0.105455
-0.566717 -0.159085 -0.519326 0.136942 -0.113141 -0.105455
-0.566741 -0.159073 -0.519332 0.136942 -0.113141 -0.105455
-0.56674 -0.159047 -0.519321 0.136942 -0.113141 -0.105455
-0.566705 -0.159054 -0.519322 0.136942 -0.113141 -0.105455
-0.566728 -0.159074 -0.519327 0.136942 -0.113141 -0.105455
-0.566692 -0.15908 -0.519325 0.136942 -0.113141 -0.105455
-0.790787 0.214672 -0.258472 -0.181742 0.357437 0.295094
-0.790792 0.214677 -0.258473 -0.181742 0.357437 0.295094
-0.790792 0.214674 -0.258472 -0.181742 0.357437 0.295094
-0.790793 0.214677 -0.258474 -0.181742 0.357437 0.295094
-0.790785 0.21467 -0.25847 -0.181742 0.357437 0.295094
-0.790798 0.21467 -0.25847 -0.181742 0.357437 0.295094
-0.790789 0.214674 -0.258471 -0.181742 0.357437 0.295094
-0.790798 0.214671 -0.258474 -0.181742 0.357437 0.295094
-0.983173 0.082423 -0.850886 -0.359017 0.161128 -0.397237
-0.983158 0.0824179 -0.850881 -0.359017 0.161128 -0.397237
-0.983178 0.0824352 -0.850883 -0.359017 0.161128 -0.397237
-0.983172 0.0824352 -0.85088 -0.359017 0.161128 -0.397237
-0.983187 0.0824352 -0.850862 -0.359017 0.161128 -0.397237
-0.98317 0.0824244 -0.850868 -0.359017 0.161128 -0.397237
-0.983191 0.0824487 -0.850858 -0.359017 0.161128 -0.397237
-0.98318 0.0824417 -0.850863 -0.359017 0.161128 -0.397237
-0.327345 0.457985 -0.585037 0.500367 0.421996 -0.112256
-0.32734 0.45799 -0.585036 0.500367 0.421996 -0.112256
-0.327346 0.457978 -0.585034 0.500367 0.421996 -0.112256
-0.32734 0.457986 -0.58503 0.500367 0.421996 -0.112256
-0.327334 0.457991 -0.585024 0.500367 0.421996 -0.112256
-0.327356 0.457982 -0.585022 0.500367 0.421996 -0.112256
-0.327336 0.457982 -0.585022 0.500367 0.421996 -0.112256
-0.327353 0.457979 -0.585022 0.500367 0.421996 -0.112256
-0.437353 0.0460777 -0.275072 0.229308 0.01996 0.153428
-0.437373 0.0460766 -0.275067 0.229308 0.01996 0.153428
-0.437353 0.0460725 -0.275073 0.229308 0.01996 0.153428
-0.437371 0.0460725 -0.275067 0.229308 0.01996 0.153428
-0.437356 0.0460862 -0.275067 0.229308 0.01996 0.153428
-0.437346 0.0460965 -0.275066 0.229308 0.01996 0.153428
-0.437361 0.046075 -0.275065 0.229308 0.01996 0.153428
-0.437346 0.0460889 -0.275065 0.229308 0.01996 0.153428
-0.59979 0.376796 -0.729867 0.09305 0.31064 -0.236204
-0.599782 0.376792 -0.729867 0.09305 0.31064 -0.236204
-0.599782 0.376792 -0.729871 0.09305 0.31064 -0.236204
-0.59978 0.376786 -0.729869 0.09305 0.31064 -0.236204
-0.599775 0.376803 -0.729875 0.09305 0.31064 -0.236204
-0.599789 0.376795 -0.729872 0.09305 0.31064 -0.236204
-0.599781 0.376792 -0.72988 0.09305 0.31064 -0.236204
-0.599794 0.376787 -0.72988 0.09305 0.31064 -0.236204
-1.12324 -0.388372 -0.351783 -0.635285 -0.593382 0.124034
-1.12325 -0.388378 -0.351787 -0.635285 -0.593382 0.124034
-1.12323 -0.388371 -0.351783 -0.635285 -0.593382 0.124034
-1.12324 -0.388379 -0.351785 -0.635285 -0.593382 0.124034
-1.12323 -0.388371 -0.351788 -0.635285 -0.593382 0.124034
-1.12325 -0.388378 -0.351788 -0.635285 -0.593382 0.124034
-1.12323 -0.388375 -0.351788 -0.635285 -0.593382 0.124034
-1.12326 -0.388384 -0.351791 -0.635285 -0.593382 0.124034
-0.510873 0.275613 -0.4162 0.307762 0.169423 0.056799
-0.51088 0.275604 -0.416196 0.307762 0.169423 0.056799
-0.51087 0.275617 -0.416206 0.307762 0.169423 0.056799
-0.510877 0.275607 -0.416203 0.307762 0.169423 0.056799
-0.510872 0.275618 -0.416225 0.307762 0.169423 0.056799
-0.510881 0.275617 -0.416219 0.307762 0.169423 0.056799
-0.510866 0.275623 -0.416231 0.307762 0.169423 0.056799
-0.51088 0.27562 -0.416225 0.307762 0.169423 0.056799
-0.52072 0.0702477 -0.707667 0.139129 0.064237 -0.23838
-0.520709 0.0702435 -0.707664 0.139129 0.064237 -0.23838
-0.520728 0.0702225 -0.707659 0.139129 0.064237 -0.23838
-0.520719 0.0702192 -0.707659 0.139129 0.064237 -0.23838
-0.52072 0.0702396 -0.707656 0.139129 0.064237 -0.23838
-0.520709 0.0702418 -0.707656 0.139129 0.064237 -0.23838
-0.520726 0.0702229 -0.707651 0.139129 0.064237 -0.23838
-0.520716 0.0702216 -0.707651 0.139129 0.064237 -0.23838
-0.702973 0.0820537 -0.51698 0.05839 0.017937 -0.01624
-0.702968 0.0820579 -0.516979 0.05839 0.017937 -0.01624
-0.702976 0.0820378 -0.516981 0.05839 0.017937 -0.01624
-0.702975 0.0820384 -0.516972 0.05839 0.017937 -0.01624
-0.702971 0.0820528 -0.516969 0.05839 0.017937 -0.01624
-0.702968 0.0820494 -0.516967 0.05839 0.017937 -0.01624
-0.702978 0.0820294 -0.516969 0.05839 0.017937 -0.01624
-0.702973 0.0820254 -0.516964 0.05839 0.017937 -0.01624
-0.596678 0.236616 -0.540297 0.062819 0.118039 -0.125268
-0.596675 0.236623 -0.540304 0.062819 0.118039 -0.125268
-0.596682 0.236607 -0.540298 0.062819 0.118039 -0.125268
-0.596676 0.236615 -0.540303 0.062819 0.118039 -0.125268
-0.596679 0.236622 -0.540305 0.062819 0.118039 -0.125268
-0.596695 0.236611 -0.540297 0.062819 0.118039 -0.125268
-0.596681 0.23661 -0.540303 0.062819 0.118039 -0.125268
-0.596696 0.236604 -0.540297 0.062819 0.118039 -0.125268
0.502302 -0.212872 0.770358 -0.141936 -0.290475 0.326622
0.502321 -0.212865 0.770361 -0.141936 -0.290475 0.326622
0.502307 -0.21287 0.770359 -0.141936 -0.290475 0.326622
0.502325 -0.212865 0.770359 -0.141936 -0.290475 0.326622
0.502303 -0.212866 0.770367 -0.141936 -0.290475 0.326622
0.502312 -0.212868 0.770369 -0.141936 -0.290475 0.326622
0.502306 -0.212864 0.770367 -0.141936 -0.290475 0.326622
0.502316 -0.212869 0.770366 -0.141936 -0.290475 0.326622
0.617009 -0.19104 0.501214 -0.102177 -0.063534 -0.033172
0.617001 -0.191044 0.501213 -0.102177 -0.063534 -0.033172
0.617009 -0.191036 0.501211 -0.102177 -0.063534 -0.033172
0.617003 -0.191038 0.501208 -0.102177 -0.063534 -0.033172
0.617005 -0.191041 0.501205 -0.102177 -0.063534 -0.033172
0.617015 -0.191039 0.501198 -0.102177 -0.063534 -0.033172
0.617003 -0.191035 0.501198 -0.102177 -0.063534 -0.033172
0.617015 -0.191033 0.501195 -0.102177 -0.063534 -0.033172
0.745223 0.00317585 0.266562 -0.010783 0.132255 -0.212146
0.74521 0.00317212 0.266567 -0.010783 0.132255 -0.212146
0.745232 0.00319658 0.266558 -0.010783 0.132255 -0.212146
0.745214 0.00319538 0.266562 -0.010783 0.132255 -0.212146
0.745211 0.00316879 0.266579 -0.010783 0.132255 -0.212146
0.745191 0.00315855 0.266576 -0.010783 0.132255 -0.212146
0.745221 0.00319291 0.26657 -0.010783 0.132255 -0.212146
0.745201 0.00318093 0.26657 -0.010783 0.132255 -0.212146
0.303494 -0.366737 0.57413 -0.427112 -0.360782 0.053166
0.303493 -0.366735 0.574134 -0.427112 -0.360782 0.053166
0.303487 -0.366748 0.574131 -0.427112 -0.360782 0.053166
0.303484 -0.366746 0.574134 -0.427112 -0.360782 0.053166
0.303494 -0.366743 0.57413 -0.427112 -0.360782 0.053166
0.303502 -0.366737 0.574134 -0.427112 -0.360782 0.053166
0.303486 -0.366753 0.574131 -0.427112 -0.360782 0.053166
0.303497 -0.366744 0.574135 -0.427112 -0.360782 0.053166
0.339043 -0.0857704 0.42591 -0.479435 -0.121352 -0.088902
0.339052 -0.0857721 0.425905 -0.479435 -0.121352 -0.088902
0.339048 -0.0857487 0.425907 -0.479435 -0.121352 -0.088902
0.339061 -0.0857533 0.425909 -0.479435 -0.121352 -0.088902
0.339042 -0.0857604 0.425899 -0.479435 -0.121352 -0.088902
0.339049 -0.0857669 0.425911 -0.479435 -0.121352 -0.088902
0.33905 -0.0857436 0.425902 -0.479435 -0.121352 -0.088902
0.339058 -0.0857446 0.425905 -0.479435 -0.121352 -0.088902
0.809102 -0.0541494 0.512497 0.106366 -0.003089 0.091357
0.809092 -0.0541543 0.512495 0.106366 -0.003089 0.091357
0.809101 -0.0541536 0.512502 0.106366 -0.003089 0.091357
0.809089 -0.0541601 0.512498 0.106366 -0.003089 0.091357
0.809081 -0.0541582 0.512493 0.106366 -0.003089 0.091357
0.809087 -0.0541617 0.512493 0.106366 -0.003089 0.091357
0.80908 -0.0541605 0.512494 0.106366 -0.003089 0.091357
0.809089 -0.0541663 0.512498 0.106366 -0.003089 0.091357
1.1032 0.137906 0.277891 0.444439 0.284291 -0.185718
1.10321 0.137912 0.277885 0.444439 0.284291 -0.185718
1.1032 0.13791 0.277893 0.444439 0.284291 -0.185718
1.10321 0.137918 0.277889 0.444439 0.284291 -0.185718
1.1032 0.137906 0.277881 0.444439 0.284291 -0.185718
1.10321 0.137912 0.277883 0.444439 0.284291 -0.185718
1.1032 0.13791 0.277883 0.444439 0.284291 -0.185718
1.10321 0.137917 0.277883 0.444439 0.284291 -0.185718
1.1869 0.139429 0.689418 0.576604 0.291496 0.283983
1.1869 0.139426 0.689414 0.576604 0.291496 0.283983
1.1869 0.139419 0.689424 0.576604 0.291496 0.283983
1.18689 0.139417 0.689419 0.576604 0.291496 0.283983
1.18689 0.139423 0.689421 0.576604 0.291496 0.283983
1.18691 0.139432 0.689421 0.576604 0.291496 0.283983
1.18689 0.139416 0.689418 0.576604 0.291496 0.283983
1.1869 0.139424 0.689421 0.576604 0.291496 0.283983
0.639572 0.282635 0.249541 -0.030205 0.212448 -0.192974
0.639571 0.282636 0.24954 -0.030205 0.212448 -0.192974
0.639581 0.282618 0.249545 -0.030205 0.212448 -0.192974
0.639579 0.282614 0.249542 -0.030205 0.212448 -0.192974
0.639587 0.282642 0.249542 -0.030205 0.212448 -0.192974
0.639578 0.282638 0.249537 -0.030205 0.212448 -0.192974
0.639595 0.282616 0.249546 -0.030205 0.212448 -0.192974
0.639585 0.282615 0.249538 -0.030205 0.212448 -0.192974
0.749158 -0.221974 0.30895 -0.074793 -0.234132 -0.160785
0.74918 -0.221979 0.308945 -0.074793 -0.234132 -0.160785
0.749152 -0.221976 0.308953 -0.074793 -0.234132 -0.160785
0.749176 -0.221979 0.308944 -0.074793 -0.234132 -0.160785
0.749148 -0.221971 0.308946 -0.074793 -0.234132 -0.160785
0.749172 -0.221975 0.308956 -0.074793 -0.234132 -0.160785
0.749146 -0.221969 0.308947 -0.074793 -0.234132 -0.160785
0.74917 -0.221975 0.308956 -0.074793 -0.234132 -0.160785
0.837431 -0.499224 0.328738 0.131805 -0.609043 -0.080399
0.837427 -0.499221 0.328733 0.131805 -0.609043 -0.080399
0.837431 -0.499231 0.328736 0.131805 -0.609043 -0.080399
0.837423 -0.499231 0.328742 0.131805 -0.609043 -0.080399
0.837433 -0.499222 0.328739 0.131805 -0.609043 -0.080399
0.837436 -0.499221 0.328734 0.131805 -0.609043 -0.080399
0.837432 -0.499233 0.328741 0.131805 -0.609043 -0.080399
0.837434 -0.499226 0.328733 0.131805 -0.609043 -0.080399
0.694921 -0.120682 0.820742 -0.022685 -0.202565 0.481731
0.694928 -0.12068 0.82074 -0.022685 -0.202565 0.481731
0.694923 -0.12069 0.820742 -0.022685 -0.202565 0.481731
0.69493 -0.120689 0.820744 -0.022685 -0.202565 0.481731
0.694928 -0.120685 0.820741 -0.022685 -0.202565 0.481731
0.694926 -0.120679 0.820735 -0.022685 -0.202565 0.481731
0.694932 -0.120696 0.820746 -0.022685 -0.202565 0.481731
0.694932 -0.120691 0.820745 -0.022685 -0.202565 0.481731
0.969891 0.383511 0.390824 0.258266 0.323617 0.05503
0.969897 0.383511 0.390831 0.258266 0.323617 0.05503
0.969889 0.383503 0.390823 0.258266 0.323617 0.05503
0.969898 0.383502 0.390828 0.258266 0.323617 0.05503
0.969866 0.383506 0.390845 0.258266 0.323617 0.05503
0.969882 0.383505 0.39084 0.258266 0.323617 0.05503
0.969871 0.383497 0.390843 0.258266 0.323617 0.05503
0.969886 0.383499 0.390844 0.258266 0.323617 0.05503
0.513825 0.270294 0.22124 -0.207117 0.243724 -0.154254
0.513823 0.270299 0.221243 -0.207117 0.243724 -0.154254
0.513824 0.270286 0.22124 -0.207117 0.243724 -0.154254
0.513822 0.270289 0.221244 -0.207117 0.243724 -0.154254
0.513838 0.270297 0.221241 -0.207117 0.243724 -0.154254
0.513834 0.270301 0.221241 -0.207117 0.243724 -0.154254
0.513836 0.270288 0.22124 -0.207117 0.243724 -0.154254
0.513835 0.270292 0.221242 -0.207117 0.243724 -0.154254
0.896479 0.145832 0.150051 0.079437 0.192406 -0.17776
0.896477 0.145833 0.150055 0.079437 0.192406 -0.17776
0.89648 0.145815 0.150053 0.079437 0.192406 -0.17776
0.896475 0.14582 0.15006 0.079437 0.192406 -0.17776
0.896481 0.145834 0.150062 0.079437 0.192406 -0.17776
0.896484 0.145835 0.150059 0.079437 0.192406 -0.17776
0.89648 0.145819 0.15006 0.079437 0.192406 -0.17776
0.896487 0.145818 0.15006 0.079437 0.192406 -0.17776
1.04476 -0.180338 0.568958 0.304542 -0.405467 0.387217
1.04475 -0.180337 0.568955 0.304542 -0.405467 0.387217
1.04476 -0.180338 0.568957 0.304542 -0.405467 0.387217
1.04475 -0.18034 0.568953 0.304542 -0.405467 0.387217
1.04476 -0.180342 0.568963 0.304542 -0.405467 0.387217
1.04476 -0.180346 0.56896 0.304542 -0.405467 0.387217
1.04476 -0.180344 0.568963 0.304542 -0.405467 0.387217
1.04476 -0.180348 0.568959 0.304542 -0.405467 0.387217
-0.798288 0.343892 -0.43296 -0.051523 0.455193 -0.013117
-0.798303 0.343892 -0.432957 -0.051523 0.455193 -0.013117
-0.798287 0.343897 -0.432955 -0.051523 0.455193 -0.013117
-0.798295 0.343897 -0.432959 -0.051523 0.455193 -0.013117
-0.798279 0.343893 -0.432959 -0.051523 0.455193 -0.013117
-0.798289 0.343893 -0.432965 -0.051523 0.455193 -0.013117
-0.798277 0.343901 -0.432961 -0.051523 0.455193 -0.013117
-0.798285 0.343898 -0.432968 -0.051523 0.455193 -0.013117
-0.760775 0.168971 0.0275734 0.033941 0.18684 0.493996
-0.760779 0.168968 0.0275708 0.033941 0.18684 0.493996
-0.760773 0.168971 0.0275731 0.033941 0.18684 0.493996
-0.760779 0.16897 0.0275719 0.033941 0.18684 0.493996
-0.760771 0.168969 0.0275744 0.033941 0.18684 0.493996
-0.760755 0.168968 0.0275837 0.033941 0.18684 0.493996
-0.760772 0.168969 0.0275737 0.033941 0.18684 0.493996
-0.760758 0.16897 0.0275802 0.033941 0.18684 0.493996
-0.869203 0.085424 -0.402261 -0.147123 0.178006 -0.119015
-0.869198 0.0854276 -0.40227 -0.147123 0.178006 -0.119015
-0.869198 0.0854341 -0.402263 -0.147123 0.178006 -0.119015
-0.869194 0.0854307 -0.402262 -0.147123 0.178006 -0.119015
-0.869199 0.0854215 -0.402278 -0.147123 0.178006 -0.119015
-0.869207 0.0854177 -0.40228 -0.147123 0.178006 -0.119015
-0.869195 0.0854267 -0.402274 -0.147123 0.178006 -0.119015
-0.869198 0.0854257 -0.40228 -0.147123 0.178006 -0.119015
-0.583981 -0.148236 -0.1888 0.108726 -0.0535 0.062243
-0.583964 -0.148236 -0.188807 0.108726 -0.0535 0.062243
-0.583983 -0.148242 -0.188801 0.108726 -0.0535 0.062243
-0.583966 -0.14824 -0.188806 0.108726 -0.0535 0.062243
-0.583973 -0.14823 -0.188812 0.108726 -0.0535 0.062243
-0.583974 -0.148238 -0.188809 0.108726 -0.0535 0.062243
-0.58398 -0.148239 -0.188812 0.108726 -0.0535 0.062243
-0.583977 -0.148241 -0.188807 0.108726 -0.0535 0.062243
-0.784729 -0.153734 -0.568514 -0.151966 -0.151586 -0.207914
-0.784741 -0.153735 -0.568514 -0.151966 -0.151586 -0.207914
-0.78473 -0.153742 -0.568517 -0.151966 -0.151586 -0.207914
-0.784744 -0.153741 -0.568517 -0.151966 -0.151586 -0.207914
-0.784735 -0.153735 -0.568504 -0.151966 -0.151586 -0.207914
-0.784741 -0.153733 -0.568507 -0.151966 -0.151586 -0.207914
-0.784735 -0.153741 -0.568509 -0.151966 -0.151586 -0.207914
-0.784744 -0.153741 -0.568509 -0.151966 -0.151586 -0.207914
-0.760802 -0.293481 -0.456111 0.015187 -0.179288 -0.082535
-0.760799 -0.293486 -0.456111 0.015187 -0.179288 -0.082535
-0.760801 -0.29348 -0.456114 0.015187 -0.179288 -0.082535
-0.760796 -0.293483 -0.456112 0.015187 -0.179288 -0.082535
-0.760795 -0.293485 -0.456091 0.015187 -0.179288 -0.082535
-0.760792 -0.293489 -0.456086 0.015187 -0.179288 -0.082535
-0.760795 -0.293485 -0.456091 0.015187 -0.179288 -0.082535
-0.760794 -0.29349 -0.456085 0.015187 -0.179288 -0.082535
-0.718015 -0.0483584 -0.718408 0.080316 -0.01182 -0.387845
-0.718028 -0.0483579 -0.718409 0.080316 -0.01182 -0.387845
-0.718015 -0.0483458 -0.718412 0.080316 -0.01182 -0.387845
-0.718028 -0.0483492 -0.718407 0.080316 -0.01182 -0.387845
-0.718024 -0.0483547 -0.718383 0.080316 -0.01182 -0.387845
-0.718016 -0.0483562 -0.718382 0.080316 -0.01182 -0.387845
-0.718025 -0.0483486 -0.718384 0.080316 -0.01182 -0.387845
-0.718015 -0.0483479 -0.718383 0.080316 -0.01182 -0.387845
-1.0122 0.033407 -0.746729 -0.281636 0.073504 -0.441583
-1.0122 0.0334018 -0.746729 -0.281636 0.073504 -0.441583
-1.0122 0.033405 -0.746731 -0.281636 0.073504 -0.441583
-1.0122 0.0334023 -0.746732 -0.281636 0.073504 -0.441583
-1.0122 0.0334038 -0.746712 -0.281636 0.073504 -0.441583
-1.01219 0.0334051 -0.746714 -0.281636 0.073504 -0.441583
-1.0122 0.0334046 -0.746712 -0.281636 0.073504 -0.441583
-1.0122 0.0334041 -0.746716 -0.281636 0.073504 -0.441583
-0.59271 0.316917 -0.141539 0.23695 0.245242 0.244039
-0.592733 0.316917 -0.141536 0.23695 0.245242 0.244039
-0.592713 0.316916 -0.141533 0.23695 0.245242 0.244039
-0.592733 0.316911 -0.141539 0.23695 0.245242 0.244039
-0.592706 0.316918 -0.141535 0.23695 0.245242 0.244039
-0.592721 0.316915 -0.141537 0.23695 0.245242 0.244039
-0.592707 0.316917 -0.141534 0.23695 0.245242 0.244039
-0.59272 0.316914 -0.141536 0.23695 0.245242 0.244039
-0.871195 -0.101632 -0.47904 -0.169405 -0.286791 -0.138941
-0.871187 -0.10163 -0.479029 -0.169405 -0.286791 -0.138941
-0.871197 -0.101638 -0.479043 -0.169405 -0.286791 -0.138941
-0.871182 -0.101638 -0.47903 -0.169405 -0.286791 -0.138941
-0.871211 -0.101629 -0.479038 -0.169405 -0.286791 -0.138941
-0.871189 -0.101627 -0.479038 -0.169405 -0.286791 -0.138941
-0.871207 -0.101633 -0.479041 -0.169405 -0.286791 -0.138941
-0.871192 -0.101634 -0.47904 -0.169405 -0.286791 -0.138941
-0.782539 0.114083 -0.0744 -0.118217 0.078183 0.281312
-0.782536 0.114089 -0.0744014 -0.118217 0.078183 0.281312
-0.782541 0.114099 -0.0744004 -0.118217 0.078183 0.281312
-0.782534 0.114099 -0.0744024 -0.118217 0.078183 0.281312
-0.782535 0.114086 -0.0743961 -0.118217 0.078183 0.281312
-0.782543 0.114082 -0.0744005 -0.118217 0.078183 0.281312
-0.78253 0.114098 -0.0743963 -0.118217 0.078183 0.281312
-0.782543 0.114097 -0.0744016 -0.118217 0.078183 0.281312
-0.862066 -0.122211 -0.213255 -0.188336 -0.220038 0.295395
-0.862081 -0.122214 -0.213251 -0.188336 -0.220038 0.295395
-0.862069 -0.122202 -0.213256 -0.188336 -0.220038 0.295395
-0.862082 -0.122201 -0.213251 -0.188336 -0.220038 0.295395
-0.862077 -0.12221 -0.213238 -0.188336 -0.220038 0.295395
-0.862059 -0.122208 -0.213245 -0.188336 -0.220038 0.295395
-0.862079 -0.122203 -0.213237 -0.188336 -0.220038 0.295395
-0.862058 -0.122195 -0.213242 -0.188336 -0.220038 0.295395
-0.807441 0.200219 -0.380491 -0.054948 0.205412 -0.028761
-0.80744 0.200215 -0.380494 -0.054948 0.205412 -0.028761
-0.80744 0.200211 -0.380498 -0.054948 0.205412 -0.028761
-0.807442 0.20021 -0.380497 -0.054948 0.205412 -0.028761
-0.807439 0.200224 -0.380491 -0.054948 0.205412 -0.028761
-0.807459 0.20022 -0.380492 -0.054948 0.205412 -0.028761
-0.80744 0.200215 -0.380495 -0.054948 0.205412 -0.028761
-0.807463 0.200211 -0.380492 -0.054948 0.205412 -0.028761
-0.49181 0.00574133 -0.459973 0.233911 -0.013243 -0.103146
-0.491789 0.00573904 -0.459973 0.233911 -0.013243 -0.103146
-0.491809 0.00574668 -0.459973 0.233911 -0.013243 -0.103146
-0.491789 0.00574671 -0.459973 0.233911 -0.013243 -0.103146
-0.491815 0.00574002 -0.459986 0.233911 -0.013243 -0.103146
-0.491796 0.00574023 -0.459984 0.233911 -0.013243 -0.103146
-0.491814 0.00574458 -0.459986 0.233911 -0.013243 -0.103146
-0.491792 0.00574733 -0.459985 0.233911 -0.013243 -0.103146
-0.520849 0.0595448 -0.416078 0.293501 0.040748 -0.050449
-0.520845 0.0595391 -0.416079 0.293501 0.040748 -0.050449
-0.520844 0.059547 -0.416078 0.293501 0.040748 -0.050449
-0.520846 0.0595499 -0.416075 0.293501 0.040748 -0.050449
-0.520841 0.059534 -0.416082 0.293501 0.040748 -0.050449
-0.520831 0.0595376 -0.41608 0.293501 0.040748 -0.050449
-0.520843 0.0595466 -0.416086 0.293501 0.040748 -0.050449
-0.520831 0.0595503 -0.416082 0.293501 0.040748 -0.050449
-0.692129 0.0790725 -0.518505 0.124781 -0.068401 -0.171009
-0.69212 0.0790769 -0.518506 0.124781 -0.068401 -0.171009
-0.692131 0.0790811 -0.51851 0.124781 -0.068401 -0.171009
-0.692122 0.0790818 -0.518507 0.124781 -0.068401 -0.171009
-0.692135 0.0790728 -0.518503 0.124781 -0.068401 -0.171009
-0.692135 0.0790677 -0.518498 0.124781 -0.068401 -0.171009
-0.692138 0.0790767 -0.518506 0.124781 -0.068401 -0.171009
-0.692135 0.0790765 -0.518505 0.124781 -0.068401 -0.171009
0.693969 0.262369 0.374278 -0.040961 0.309967 -0.017051
0.693978 0.262368 0.374282 -0.040961 0.309967 -0.017051
0.693973 0.262356 0.374274 -0.040961 0.309967 -0.017051
0.693979 0.262355 0.374281 -0.040961 0.309967 -0.017051
0.69398 0.262365 0.374287 -0.040961 0.309967 -0.017051
0.693979 0.262364 0.374284 -0.040961 0.309967 -0.017051
0.693983 0.262354 0.374283 -0.040961 0.309967 -0.017051
0.69398 0.262351 0.374281 -0.040961 0.309967 -0.017051
0.623115 -0.266962 0.230742 -0.217858 -0.264697 -0.137452
0.623123 -0.26696 0.230748 -0.217858 -0.264697 -0.137452
0.623118 -0.266964 0.230741 -0.217858 -0.264697 -0.137452
0.623124 -0.266964 0.230746 -0.217858 -0.264697 -0.137452
0.623108 -0.266958 0.230745 -0.217858 -0.264697 -0.137452
0.623116 -0.266957 0.230741 -0.217858 -0.264697 -0.137452
0.62311 -0.266963 0.230742 -0.217858 -0.264697 -0.137452
0.62312 -0.266957 0.230738 -0.217858 -0.264697 -0.137452
0.772971 -0.30524 0.249303 -0.042683 -0.281852 -0.222849
0.772969 -0.305238 0.249305 -0.042683 -0.281852 -0.222849
0.772966 -0.305261 0.249306 -0.042683 -0.281852 -0.222849
0.772966 -0.305258 0.249306 -0.042683 -0.281852 -0.222849
0.772973 -0.305237 0.249306 -0.042683 -0.281852 -0.222849
0.772964 -0.305235 0.24931 -0.042683 -0.281852 -0.222849
0.772974 -0.305254 0.249307 -0.042683 -0.281852 -0.222849
0.772962 -0.30525 0.249318 -0.042683 -0.281852 -0.222849
0.808579 -0.128778 0.270292 0.03625 -0.064032 -0.217442
0.808587 -0.128777 0.270289 0.03625 -0.064032 -0.217442
0.808577 -0.128781 0.270293 0.03625 -0.064032 -0.217442
0.808587 -0.12878 0.27029 0.03625 -0.064032 -0.217442
0.80858 -0.128777 0.270296 0.03625 -0.064032 -0.217442
0.808583 -0.128776 0.270296 0.03625 -0.064032 -0.217442
0.808582 -0.128777 0.270299 0.03625 -0.064032 -0.217442
0.808584 -0.128778 0.270298 0.03625 -0.064032 -0.217442
0.726616 0.0758095 0.530589 -0.081908 0.125856 0.168988
0.726607 0.0758074 0.530587 -0.081908 0.125856 0.168988
0.726615 0.0757975 0.530591 -0.081908 0.125856 0.168988
0.726605 0.0757895 0.530587 -0.081908 0.125856 0.168988
0.726607 0.0758029 0.530565 -0.081908 0.125856 0.168988
0.726606 0.0758035 0.530569 -0.081908 0.125856 0.168988
0.726612 0.0757935 0.530564 -0.081908 0.125856 0.168988
0.726604 0.0757921 0.530566 -0.081908 0.125856 0.168988
0.814585 0.0857266 0.5601 0.065228 0.215058 0.252891
0.814601 0.0857302 0.560098 0.065228 0.215058 0.252891
0.814582 0.0857262 0.560099 0.065228 0.215058 0.252891
0.814598 0.0857265 0.560097 0.065228 0.215058 0.252891
0.814585 0.0857303 0.560108 0.065228 0.215058 0.252891
0.814595 0.0857343 0.560115 0.065228 0.215058 0.252891
0.814583 0.0857284 0.560107 0.065228 0.215058 0.252891
0.814587 0.0857328 0.560111 0.065228 0.215058 0.252891
1.05515 -0.0378684 0.508901 0.253894 0.049569 0.126094
1.05514 -0.0378668 0.508901 0.253894 0.049569 0.126094
1.05514 -0.0378798 0.508899 0.253894 0.049569 0.126094
1.05514 -0.0378794 0.508899 0.253894 0.049569 0.126094
1.05514 -0.0378616 0.508895 0.253894 0.049569 0.126094
1.05513 -0.0378654 0.508894 0.253894 0.049569 0.126094
1.05514 -0.0378758 0.508892 0.253894 0.049569 0.126094
1.05512 -0.0378796 0.508894 0.253894 0.049569 0.126094
0.969995 -0.0817532 -0.00714963 0.336475 -0.098314 -0.468326
0.970003 -0.0817557 -0.00714609 0.336475 -0.098314 -0.468326
0.969998 -0.0817676 -0.00714811 0.336475 -0.098314 -0.468326
0.970005 -0.0817688 -0.00714954 0.336475 -0.098314 -0.468326
0.97 -0.0817563 -0.00714344 0.336475 -0.098314 -0.468326
0.970002 -0.0817556 -0.00713717 0.336475 -0.098314 -0.468326
0.970002 -0.0817714 -0.00714302 0.336475 -0.098314 -0.468326
0.970008 -0.0817733 -0.00713985 0.336475 -0.098314 -0.468326
