0 129.497 4 0 1454.6 22764.3 1 0.35 0.149 0 0 20.4 10 
1 129.497 4 0 1454.6 22764.3 1 0.35 0.149 0 0 20.4 10 
2 129.497 4 0 1454.6 22764.3 1 0.35 0.149 0 0 20.4 10 
3 129.497 4 0 1454.6 22764.3 1 0.35 0.149 0 0 20.4 10 
4 129.497 4 0 1454.6 22764.3 1 0.35 0.149 0 0 20.4 10 
5 129.497 4 0 1454.6 22764.3 1 0.35 0.149 0 0 20.4 10 
6 129.497 4 0 1454.6 22764.3 1 0.35 0.149 0 0 20.4 10 
7 129.497 4 0 1454.6 22764.3 1 0.35 0.149 0 0 20.4 10 
8 129.497 4 0 1454.6 22764.3 1 0.35 0.149 0 0 20.4 10 
9 129.497 4 0 1454.6 22764.3 1 0.35 0.149 0 0 20.4 10 
10 129.497 4 0 1454.6 22764.3 1 0.35 0.149 0 0 20.4 10 
11 129.497 4 0 1454.6 22764.3 1 0.35 0.149 0 0 20.4 10 
12 129.497 4 0 1454.6 22764.3 1 0.35 0.149 0 0 20.4 10 
13 129.497 4 0 1454.6 22764.3 1 0.35 0.149 0 0 20.4 10 
14 129.497 4 0 1454.6 22764.3 1 0.35 0.149 0 0 20.4 10 
15 129.497 4 0 1454.6 22764.3 1 0.35 0.149 0 0 20.4 10 
16 129.497 4 0 1454.6 22764.3 1 0.35 0.149 0 0 20.4 10 
17 129.497 4 0 1454.6 22764.3 1 0.35 0.149 0 0 20.4 10 
18 129.497 4 0 1454.6 22764.3 1 0.35 0.149 0 0 20.4 10 
19 129.497 4 0 1454.6 22764.3 1 0.35 0.149 0 0 20.4 10 
20 129.497 4 0 1454.6 22764.3 1 0.35 0.149 0 0 20.4 10 
