-635.819 -636.384
-643.078 -643.692
-649.36 -649.986
-654.736 -655.331
-659.253 -659.791
-662.964 -663.43
-665.924 -666.304
-668.18 -668.467
-669.781 -669.974
-670.769 -670.873
-671.19 -671.21
-671.082 -671.032
-670.485 -670.375
-669.435 -669.281
-667.969 -667.784
-666.12 -665.923
-663.919 -663.73
-661.394 -661.237
-658.572 -658.471
-655.484 -655.46
-652.15 -652.229
-635.821 -636.384
-643.08 -643.692
-649.361 -649.986
-654.737 -655.331
-659.249 -659.791
-662.963 -663.43
-665.925 -666.304
-668.18 -668.467
-669.781 -669.974
-670.769 -670.873
-671.19 -671.21
-671.082 -671.032
-670.484 -670.375
-669.435 -669.281
-667.97 -667.784
-666.12 -665.923
-663.919 -663.73
-661.392 -661.237
-658.572 -658.471
-655.483 -655.46
-652.15 -652.229
-634.015 -633.791
-642.245 -641.896
-649.212 -648.792
-655.027 -654.575
-659.8 -659.349
-663.618 -663.191
-666.567 -666.191
-668.73 -668.424
-670.176 -669.962
-670.976 -670.873
-671.19 -671.21
-670.874 -671.031
-670.078 -670.381
-668.854 -669.311
-667.243 -667.861
-665.287 -666.072
-663.021 -663.98
-660.481 -661.618
-657.693 -659.018
-654.693 -656.208
-651.498 -653.212
-589.805 -589.403
-607.398 -606.954
-622.383 -621.943
-634.98 -634.572
-645.387 -645.026
-653.78 -653.482
-660.337 -660.104
-665.213 -665.047
-668.556 -668.457
-670.507 -670.47
-671.19 -671.21
-670.722 -670.789
-669.213 -669.316
-666.768 -666.891
-663.476 -663.608
-659.425 -659.55
-654.694 -654.801
-649.36 -649.434
-643.484 -643.514
-637.139 -637.104
-630.371 -630.261
-589.807 -589.403
-607.401 -606.954
-622.385 -621.943
-634.981 -634.572
-645.384 -645.026
-653.779 -653.482
-660.337 -660.104
-665.212 -665.047
-668.556 -668.457
-670.506 -670.47
-671.19 -671.21
-670.722 -670.789
-669.213 -669.316
-666.768 -666.891
-663.477 -663.608
-659.425 -659.55
-654.694 -654.801
-649.358 -649.434
-643.485 -643.514
-637.137 -637.104
-630.37 -630.261
-587.167 -589.479
-604.989 -607.054
-620.229 -622.052
-633.109 -634.671
-643.801 -645.111
-652.485 -653.548
-659.331 -660.151
-664.484 -665.074
-668.091 -668.47
-670.285 -670.474
-671.19 -671.21
-670.921 -670.797
-669.585 -669.344
-667.285 -666.948
-664.112 -663.703
-660.152 -659.7
-655.488 -655.022
-650.19 -649.747
-644.332 -643.94
-637.975 -637.661
-631.178 -630.966
-530.491 -530.416
-561.336 -561.148
-587.441 -587.222
-609.254 -609.04
-627.161 -626.991
-641.527 -641.421
-652.7 -652.646
-660.977 -660.968
-666.648 -666.666
-669.972 -670.003
-671.19 -671.21
-670.519 -670.496
-668.16 -668.068
-664.303 -664.106
-659.112 -658.784
-652.741 -652.256
-645.336 -644.666
-637.02 -636.142
-627.915 -626.799
-618.128 -616.748
-607.755 -606.083
-571.926 -571.168
-593.38 -592.69
-611.64 -611.047
-626.981 -626.495
-639.645 -639.27
-649.864 -649.595
-657.854 -657.674
-663.803 -663.697
-667.899 -667.852
-670.309 -670.304
-671.19 -671.21
-670.682 -670.705
-668.921 -668.924
-666.032 -665.989
-662.123 -662.019
-657.303 -657.114
-651.667 -651.373
-645.302 -644.887
-638.292 -637.736
-630.713 -629.995
-622.632 -621.736
-571.924 -571.168
-593.377 -592.69
-611.638 -611.047
-626.98 -626.495
-639.646 -639.27
-649.865 -649.595
-657.854 -657.674
-663.804 -663.697
-667.899 -667.852
-670.31 -670.304
-671.19 -671.21
-670.683 -670.705
-668.921 -668.924
-666.032 -665.989
-662.122 -662.019
-657.303 -657.114
-651.666 -651.373
-645.302 -644.887
-638.292 -637.736
-630.714 -629.995
-622.632 -621.736
-569.952 -571.183
-591.722 -592.733
-610.258 -611.102
-625.852 -626.549
-638.738 -639.314
-649.154 -649.63
-657.32 -657.697
-663.427 -663.714
-667.664 -667.862
-670.197 -670.305
-671.19 -671.21
-670.781 -670.709
-669.111 -668.934
-666.303 -666.01
-662.469 -662.057
-657.716 -657.176
-652.145 -651.476
-645.84 -645.039
-638.888 -637.943
-631.366 -630.264
-623.341 -622.066
-290.935 -285.193
-303.907 -319.068
-335.613 -336.13
