-0.366139 -0.0131831 0.216473 -0.293381 0.0121999 0.14533
0.00882997 -0.114753 -0.0646342 -0.0195974 -0.12361 -0.0872086
-0.0175239 -0.0706575 0.044313 0.0519708 -0.0324495 0.0012397
-0.131536 0.0581412 0.264521 -0.0823948 0.0874378 0.204775
0.161362 -0.0817817 0.198161 0.127675 -0.0879469 0.119152
0.12274 0.0900329 -0.344506 0.165779 0.0937186 -0.329159
0.315684 -0.109858 -0.11027 0.268329 -0.115877 -0.119389
0.00887719 0.16412 0.371624 -0.0044486 0.145044 0.304665
-0.19763 -0.0446064 -0.167421 -0.154457 -0.0392074 -0.209499
-0.0177245 -0.197401 -0.354981 -0.0008799 -0.162953 -0.326349
0.00115578 -0.159406 0.467455 -0.0352803 -0.103651 0.360345
-0.289323 0.0345942 -0.00948402 -0.262012 0.0432297 -0.0960321
0.0528177 -0.186534 0.309146 0.0161428 -0.123969 0.256019
-0.0682225 0.0591177 -0.0756455 -0.0214398 0.0320717 -0.149768
-0.115008 0.324674 -0.36627 -0.128411 0.273942 -0.408226
0.118446 0.355176 -0.236269 0.107862 0.301209 -0.242433
0.0998265 0.227726 -0.590077 0.102573 0.256703 -0.510435
0.096258 -0.096812 0.12005 0.087407 -0.134291 0.0461704
0.0545568 0.0272525 0.196975 0.06046 0.0304519 0.115075
0.358366 -0.1154 -0.178609 0.359474 -0.0891537 -0.254033
-0.0400243 0.00545591 0.108596 -0.0450506 -0.0364715 0.0859633
0.225343 0.0764227 0.630591 0.211445 0.0255963 0.497093
0.182592 0.130469 0.110114 0.16631 0.109668 0.0107742
-0.230476 -0.012911 0.192453 -0.237037 0.0205272 0.115919
0.113918 0.412713 0.244556 0.112911 0.367649 0.170303
-0.0776078 0.118794 -0.0402169 -0.095244 0.0762904 -0.099691
-0.0865962 0.0525107 -0.247077 -0.0592008 0.0018745 -0.223517
-0.140762 -0.0700291 0.0318767 -0.0831546 -0.0477202 -0.0306233
0.00574318 -0.0333835 0.101633 -0.0180831 -0.0184023 0.0404847
-0.0998399 -0.195337 0.266626 -0.149101 -0.156857 0.199968
0.089392 -0.42283 -0.216733 0.0806705 -0.367786 -0.237182
-0.13463 0.0945373 0.0942551 -0.178464 0.0508777 0.0178077
0.227893 0.0462179 0.212713 0.208388 0.030096 0.139459
0.145374 -0.12204 -0.0621144 0.103115 -0.131077 -0.0956421
-0.294207 -0.304559 0.0987016 -0.230699 -0.261182 0.0198481
0.365626 0.0608577 0.239321 0.346223 0.0735136 0.177487
0.0306677 0.057634 0.0888132 0.0142915 0.0217459 0.0908808
0.0819575 -0.21462 0.155872 0.108447 -0.208047 0.101709
-0.110913 -0.476283 0.106052 -0.123152 -0.372135 0.0266386
-0.0784925 -0.0851736 -0.00725634 -0.107245 -0.0605107 -0.0460024
0.30788 -0.0478664 0.0212452 0.266612 -0.0303982 -0.0015307
0.486885 0.34548 0.122458 0.360136 0.315761 0.0112416
-0.307302 -0.292175 0.0927667 -0.275422 -0.252694 0.0515016
-0.150763 -0.053156 -0.339882 -0.132995 -0.0740453 -0.283754
-0.125785 0.202786 -0.581355 -0.110635 0.17165 -0.566118
-0.057062 -0.440572 0.169808 -0.0679212 -0.377323 0.136201
-0.0727858 -0.00435175 -0.174472 -0.0660454 0.0319911 -0.220975
0.046904 -0.213482 0.456372 0.0642113 -0.233597 0.333714
0.161411 0.0527896 0.316637 0.133729 0.052766 0.222529
-0.0543651 -0.0201842 0.219397 -0.0661329 -0.0323591 0.151907
-0.276798 0.147448 0.382194 -0.255318 0.124778 0.26828
-0.0100758 0.158543 -0.0934989 -0.0222683 0.138718 -0.0633125
-0.142251 -0.0998788 0.38418 -0.0883883 -0.100139 0.245179
-0.0199462 -0.128896 0.302174 0.0158901 -0.102148 0.202765
-0.0108918 -0.0327889 0.103164 0.0370853 -0.0473389 0.0328851
0.00909818 0.124777 0.132313 -0.0116837 0.106299 0.0733041
0.152132 -0.0667496 -0.103336 0.165701 -0.0864813 -0.116165
-0.118375 0.125941 0.17796 -0.0057768 0.140914 0.109685
-0.0316118 0.0617663 -0.116711 -0.0272936 0.0365032 -0.148989
-0.0335762 0.0892774 0.102245 -0.0237513 0.113214 0.0587623
0.196624 -0.185821 0.291179 0.152076 -0.177915 0.231849
-0.0974249 0.00178383 0.383731 -0.0796456 -0.0021197 0.290879
0.219791 0.153029 0.232334 0.22849 0.128039 0.157109
0.0956109 0.184754 -0.227564 0.100651 0.162689 -0.230865
-0.403926 0.226485 0.198342 -0.334881 0.194833 0.168042
-0.0373732 0.0307033 0.26061 -0.0315731 0.113052 0.193358
0.0816285 0.334128 0.30822 0.0520446 0.284898 0.289172
0.0549188 -0.492542 0.198789 0.0584517 -0.402907 0.105872
0.0262692 -0.162631 0.0679942 0.0775641 -0.115173 0.0723252
0.0536382 0.0722233 -0.0828557 0.0360181 0.0668921 -0.0997567
-0.188 -0.15845 -0.0333156 -0.178638 -0.132141 -0.0846965
0.158046 0.0355637 0.468004 0.168815 0.0166895 0.391756
-0.00182078 0.00294875 0.288601 0.0150532 -0.0226126 0.200455
0.526711 0.120833 0.173322 0.462659 0.120578 0.149445
0.000448506 0.185678 0.238961 -0.0212931 0.137046 0.147401
0.1075 0.111156 0.14178 0.0659838 0.0814081 0.0738997
0.0467893 -0.107801 -0.00835392 0.0786757 -0.0704579 -0.0446348
-0.286715 -0.421555 0.0934264 -0.309125 -0.357103 0.0551897
0.416813 -0.192906 0.0348606 0.366848 -0.17551 -0.004415
0.100988 0.0658617 -0.169691 0.0979293 0.0868317 -0.178979
-0.221618 -0.252265 -0.187321 -0.269331 -0.232292 -0.168895
-0.224148 -0.0933608 0.0460359 -0.219144 -0.0482285 0.0044866
0.0920449 -0.257967 0.0848238 0.0979442 -0.229201 0.0783664
-0.0266901 -0.281883 -0.0836182 -0.0231791 -0.270422 -0.104208
0.139691 0.0906941 0.143538 0.0807725 0.0571323 0.0944552
-0.00136438 0.0221033 -0.492351 -0.0381653 0.0430668 -0.482334
-0.20813 -0.0367402 0.22124 -0.164565 -0.0672216 0.155812
0.106188 -0.43338 -0.050583 0.11858 -0.355194 -0.0677006
-0.13996 -0.00565284 0.00726745 -0.134462 -0.0553395 -0.0616706
0.173361 0.139279 -0.212326 0.178011 0.0739271 -0.21874
-0.155846 -0.0184417 0.149018 -0.17452 -0.0001476 0.077817
-0.145592 0.000858624 -0.249063 -0.14498 -0.0044018 -0.282205
-0.126508 0.292225 0.489349 -0.112387 0.22906 0.409326
-0.12588 0.0551684 -0.182329 -0.133296 0.0293892 -0.170753
-0.238447 -0.555178 -0.0236388 -0.189466 -0.447226 -0.0240734
0.00845515 -0.172511 0.0135459 -0.0391235 -0.0930934 -0.0147385
-0.14419 0.0680175 -0.237039 -0.104745 0.0564947 -0.185837
-0.12067 -0.0539795 -0.0182679 -0.112559 -0.0508559 0.02372
0.324558 0.181657 -0.0615062 0.303697 0.172175 1.56e-05
0.056772 0.0289803 -0.199749 0.0211023 0.0327636 -0.157471
0.0791719 -0.0705026 -0.200701 0.0777603 -0.0643511 -0.1206
-0.276531 -0.038846 0.37493 -0.281815 -0.0193396 0.415311
0.140157 -0.0817649 -0.280037 0.129037 -0.0755213 -0.259434
0.0469058 0.0160113 -0.380101 0.0480037 0.0195819 -0.336568
-0.0651975 -0.0293903 -0.164561 -0.0848699 -0.0362643 -0.156089
-0.0183022 -0.222148 0.0721183 -0.0400798 -0.201262 0.0768279
0.359824 0.205004 -0.629615 0.333801 0.206448 -0.581082
0.181731 -0.152944 -0.247465 0.19852 -0.146585 -0.209421
-0.0544063 -0.0359027 -0.571131 -0.0252067 -0.0355008 -0.518404
0.0965708 -0.189762 -0.0893117 0.0953882 -0.172198 -0.0420005
0.014332 0.022944 0.218602 0.0063437 -0.013817 0.277126
-0.0793302 -0.249612 0.234106 -0.0718844 -0.216668 0.254409
0.356902 0.316323 0.590954 0.312951 0.284927 0.578648
0.0509147 0.0854792 0.0410547 0.035752 0.0462557 0.112148
0.0446594 -0.0360006 -0.051331 0.0331051 -0.0376652 0.003609
-0.117737 0.167528 0.190821 -0.0968641 0.149143 0.263675
-0.126285 0.082094 -0.182097 -0.138125 0.129545 -0.147987
0.0645645 0.0945153 -0.305775 0.0293959 0.0859107 -0.222745
-0.00151347 -0.0829334 -0.0639943 -0.0115657 -0.0773999 0.0139428
-0.0910336 -0.167311 -0.373167 -0.0922025 -0.18068 -0.314432
0.00326211 -0.110427 -0.289023 0.0140826 -0.0973721 -0.223228
-0.254595 0.505351 0.100942 -0.258292 0.485898 0.180426
-0.080213 0.215722 0.401548 -0.0733695 0.21794 0.430798
-0.14289 0.150919 0.154568 -0.115471 0.154973 0.200166
0.25781 -0.116654 -0.32906 0.223446 -0.167863 -0.299518
-0.0186994 0.231637 -0.259707 -0.0128649 0.184755 -0.231057
-0.461991 0.139175 0.130596 -0.42543 0.125336 0.144707
0.0474383 0.294728 -0.0771511 0.0359461 0.258354 -0.0224021
0.192964 0.17297 0.130488 0.195373 0.147674 0.188357
0.00256201 -0.116882 0.266411 0.0014905 -0.123607 0.322388
0.0959958 0.0520968 -0.280289 0.105543 0.041049 -0.229149
-0.152194 -0.223843 -0.363727 -0.164012 -0.206734 -0.311122
-0.244501 0.459886 0.0181885 -0.245596 0.454042 0.0636487
-0.109858 -0.213598 0.0904645 -0.0797441 -0.197337 0.142969
-0.0139572 0.0201613 0.135359 -0.0255562 0.0339431 0.21067
-0.153216 0.0346623 -0.00513048 -0.117193 0.02118 0.0510388
-0.118817 -0.0975987 0.112599 -0.132384 -0.0969121 0.169003
0.449877 -0.0763806 -0.230526 0.445399 -0.0429045 -0.157462
-0.0942382 -0.200466 0.0975392 -0.0754284 -0.196083 0.14897
0.0408032 0.184455 0.330229 0.0320315 0.15264 0.304982
0.20303 0.110802 0.406463 0.205021 0.096189 0.400525
0.345033 -0.193239 -0.290599 0.354429 -0.180624 -0.268214
-0.0895744 0.162062 0.0383375 -0.0928667 0.139524 0.056585
-0.0296273 0.0262525 -0.384977 -0.0296095 0.0268871 -0.319715
-0.0520557 0.166779 0.014115 -0.0514535 0.131984 0.116093
0.00432082 -0.0839848 -0.0674173 0.0014417 -0.0725238 0.0221355
0.428031 -0.0937786 -0.32139 0.427907 -0.0930853 -0.244699
-0.169481 -0.0262039 -0.0528704 -0.161802 -0.0322869 -0.0486926
-0.249337 0.111784 -0.194084 -0.252388 0.114198 -0.121508
-0.0569175 -0.0957185 -0.533822 -0.0796743 -0.112172 -0.48779
0.0709691 -0.00868078 -0.275404 0.0679783 -0.0045023 -0.208181
0.0732623 -0.19997 0.0817238 0.0799528 -0.189477 0.147836
-0.49559 0.0788911 0.240649 -0.492001 0.05977 0.274232
-0.122666 -0.0628344 -0.114082 -0.118186 -0.0551259 -0.0324506
0.273355 0.0206477 0.300716 0.262653 0.0273785 0.392043
-0.591559 -0.157152 -0.0871364 -0.558242 -0.143347 -0.0323262
-0.0342588 -0.0586045 -0.238555 -0.0367746 -0.0370955 -0.157752
0.198434 -0.115978 -0.410885 0.191887 -0.116301 -0.365877
-0.259134 0.182332 -0.271835 -0.237477 0.177433 -0.200931
0.0512201 -0.00442318 0.420524 0.0634867 -0.0149613 0.467365
0.110851 -0.181476 0.0284225 0.125637 -0.169767 0.0796728
0.0615905 0.066766 -0.298184 0.0411177 0.0238757 -0.253365
-0.207306 -0.0775452 -0.121949 -0.191482 -0.07979 -0.0980159
-0.199941 0.0755423 -0.41933 -0.201447 0.104678 -0.387682
0.178717 -0.172962 -0.0717146 0.164424 -0.148653 -0.0501128
0.16232 0.165467 0.124811 0.130621 0.144359 0.179832
-0.0620023 -0.152856 -0.00963464 -0.0452593 -0.127938 0.0658914
0.055924 -0.0543239 -0.57553 0.0465909 -0.0421812 -0.508683
0.165287 0.0853335 -0.500769 0.1591 0.0704462 -0.441548
0.12271 -0.0515279 -0.123162 0.101744 -0.0617784 -0.105077
-0.0773382 0.104854 -0.375263 -0.084313 0.12593 -0.343122
-0.268931 -0.0902298 -0.150271 -0.243112 -0.0672572 -0.09929
-0.388599 -0.272152 -0.353595 -0.336143 -0.247733 -0.304504
0.221335 -0.295025 0.0849791 0.225947 -0.294464 0.127537
0.370962 -0.0194839 0.0181785 0.370758 -0.0251084 0.0586452
0.0537278 0.183388 0.304103 0.0540407 0.148013 0.360844
-0.00175591 0.333848 0.239362 -0.0052127 0.30775 0.251879
0.196025 0.0260427 0.0687694 0.188116 0.0372239 0.137713
-0.282461 0.180696 -0.123159 -0.287124 0.182614 -0.09098
0.0337245 0.399851 -0.0781795 0.0336575 0.363623 -0.065169
0.000393557 -0.0135203 0.253666 0.0011976 -0.0135373 0.318917
0.00278355 0.201292 0.228164 -0.0086207 0.163955 0.241923
0.149775 0.370635 -0.278376 0.12568 0.344243 -0.223971
-0.278589 0.252906 -0.128287 -0.263267 0.237298 -0.101057
-0.0741715 0.37792 -0.125953 -0.0574321 0.322093 -0.06113
0.0146733 0.0194087 0.0487316 0.019917 0.025978 0.0587625
-0.264759 -0.0457591 -0.181033 -0.252514 -0.0551881 -0.143272
0.179402 -0.0793446 0.532375 0.16352 -0.0748579 0.606111
0.157273 -0.04861 -0.467313 0.175124 -0.0345212 -0.41865
-0.0236831 0.0482666 0.168458 -0.0025538 0.0530438 0.18901
0.220937 -0.0882054 0.276228 0.201539 -0.0668181 0.323039
0.106693 0.354457 0.039974 0.113289 0.285054 0.0682476
0.0114092 0.035199 0.0378734 0.0547651 -0.0021363 0.0129718
-0.290996 0.090373 0.0988952 -0.199909 0.0626438 0.0082675
0.0783591 -0.0581553 0.325595 0.0843741 -0.0551823 0.254102
0.148406 0.238261 0.119494 0.143082 0.250774 0.0365696
0.0691115 -0.125073 0.0692579 0.0703756 -0.121299 0.0099174
-0.327376 0.113533 0.00203504 -0.248129 0.1323 0.012072
-0.365181 0.330023 -0.385682 -0.318587 0.268997 -0.395683
0.0834673 0.232854 0.424877 0.0698936 0.194934 0.362777
-0.114137 0.415255 -0.317803 -0.122398 0.356686 -0.291702
-0.160527 0.116957 -0.405632 -0.102794 0.0912703 -0.390749
-0.240603 0.243139 -0.125537 -0.252982 0.185188 -0.117888
0.0887251 -0.0374864 0.237342 0.10923 -0.0836161 0.195939
0.119931 -0.00975348 0.019982 0.102625 -0.0400343 -0.0481362
0.342113 -0.297594 0.0335506 0.339022 -0.203538 -0.0371973
0.265971 -0.00557455 0.230165 0.243073 -0.0125246 0.181543
0.0464264 0.0704018 0.173303 0.0422759 0.102295 0.142382
-0.290197 0.10046 -0.43772 -0.216816 0.100566 -0.431793
-0.0785343 -0.00437404 -0.0219134 -0.0532295 -0.0175592 -0.0006441
-0.1633 -0.127416 0.203715 -0.0800982 -0.0958685 0.121561
0.0195948 -0.134805 0.19854 0.0739259 -0.0849806 0.10486
-0.17942 -0.0635827 0.0601844 -0.167976 -0.0167994 0.0309145
-0.109668 0.520576 0.387673 -0.104323 0.421723 0.279181
0.411863 0.3107 0.0701625 0.374321 0.310602 -0.0031349
0.169591 0.0998382 0.240283 0.0910807 0.087882 0.156406
0.0318311 0.00949388 -0.0303974 -0.0122292 -0.0428806 -0.036894
0.151089 -0.0454196 -0.801678 0.0670623 -0.0801255 -0.743198
-0.31681 0.0722619 -0.231401 -0.29467 0.0746333 -0.235374
-0.313458 0.0405558 0.237118 -0.239114 0.0563735 0.164477
-0.704817 0.0773106 -0.290407 -0.602487 0.108038 -0.311164
0.287812 0.0359096 0.194758 0.248395 0.0260335 0.129882
-0.264408 -0.5641 0.0470769 -0.244225 -0.460629 0.00794
-0.049006 -0.190441 -0.419145 -0.030297 -0.214939 -0.370262
-0.0147582 -0.0148704 0.470314 -0.0099583 -0.0087005 0.412043
-0.118378 -0.0207422 -0.187673 -0.0976156 -0.0316792 -0.204521
-0.0903616 0.100514 -0.075059 -0.0773796 0.0871086 -0.128656
0.0389053 -0.253972 -0.0166585 0.0109025 -0.255778 0.002917
-0.205998 -0.128978 0.491877 -0.189097 -0.140795 0.431445
0.0133308 0.0345414 0.500779 -0.0421135 0.0166442 0.353672
-0.0152955 -0.148081 -0.0233774 -0.0122646 -0.116597 -0.0897076
-0.195576 0.0140791 0.275235 -0.187611 0.086475 0.220591
-0.0478445 0.148162 0.0614131 -0.0275781 0.105969 0.0242085
0.199663 0.415632 0.312272 0.108193 0.409521 0.216032
0.0689951 -0.197653 0.206522 0.0490314 -0.153065 0.145818
-0.0663136 -0.076371 0.290091 -0.113542 -0.0631697 0.175535
0.291129 0.00490573 0.0787351 0.289173 0.0056195 0.039091
-0.120178 -0.434523 -0.731822 -0.111714 -0.40307 -0.630406
0.0934179 -0.611943 -0.0905352 0.0892194 -0.523639 -0.127321
0.0815639 0.0773017 0.195391 0.100466 0.03127 0.15649
0.0619118 -0.0221651 -0.110944 0.0379091 0.0279257 -0.147301
0.620558 -0.273716 0.189835 0.521592 -0.208006 0.136553
0.0787223 -0.0761122 0.132281 0.0588319 -0.0900248 0.0846753
0.542408 -0.444763 -0.475475 0.500039 -0.365088 -0.4504
0.334989 0.0200296 0.188145 0.284933 0.0545399 0.110025
-0.140457 0.0463784 -0.333285 -0.101965 0.0476655 -0.353262
-0.348738 -0.00539394 0.0901061 -0.260402 -0.0039286 0.0598109
-0.048846 -0.0734742 -0.294428 -0.0560568 -0.013041 -0.27641
-0.151719 -0.0519 -0.185667 -0.159587 -0.113613 -0.231072
0.0168037 0.139662 0.0994958 0.0563925 0.16544 0.0073045
-0.0686035 -0.0994461 0.0686781 -0.0591367 -0.129174 0.0628182
-0.124273 -0.0871683 0.00212695 -0.149634 -0.0259987 -0.0531663
0.0763106 -0.00474063 0.076829 0.0632763 -0.0120098 0.0216068
-0.129096 0.501889 0.219662 -0.145266 0.422524 0.203344
-0.151369 0.0521646 0.229697 -0.169855 0.0371129 0.175463
0.0670734 -0.00730171 0.194574 0.0332854 -0.0144846 0.151881
-0.0816364 0.258173 0.346701 -0.0874083 0.154759 0.222361
-0.372782 0.020321 -0.288692 -0.334522 -0.003748 -0.243457
-0.0307188 0.00899811 -0.0963347 0.0033127 -0.0255693 -0.125769
-0.0994354 -0.105103 -0.0269524 -0.0952648 -0.0490359 -0.0917828
-0.260705 0.118507 0.146775 -0.203856 0.115 0.105473
0.0754138 0.0933667 0.196759 0.0542502 0.0926951 0.117952
0.0343227 -0.0259234 0.114742 0.0318149 -0.0830334 0.0763817
0.161893 0.169224 0.437983 0.142456 0.134857 0.315426
0.00438373 -0.0860414 -0.236905 0.0031199 -0.0530159 -0.244736
-0.22654 -0.270186 0.0518458 -0.116242 -0.231475 0.0021778
0.190196 -0.323294 0.175078 0.171489 -0.30469 0.145143
0.285107 -0.118367 -0.234964 0.226794 -0.0831573 -0.301086
-0.11264 -0.0564666 0.333091 -0.0570199 -0.0008687 0.241757
0.448948 -0.0994073 -0.170018 0.356052 -0.0409649 -0.178381
0.227003 -0.0251161 0.260719 0.163463 -0.0006922 0.174751
-0.187298 0.209389 0.190611 -0.142993 0.196231 0.127668
-0.239914 0.13519 0.0665932 -0.191789 0.125986 0.0482478
0.117107 -0.381107 -0.481683 0.0827826 -0.363693 -0.453153
0.289915 -0.345029 0.15478 0.244907 -0.295791 0.1029
-0.112724 -0.116699 -0.0625026 -0.110507 -0.13146 -0.115836
-0.108706 -0.0901876 -0.171756 -0.077786 -0.0292546 -0.263164
0.0376181 -0.0604539 -0.0750707 -0.0167326 -0.067471 -0.0875591
0.0253107 0.0362255 0.11178 0.0636478 0.0258943 0.0607745
-0.0966033 0.00390233 -0.0114552 -0.142029 -0.0327048 -0.0552829
-0.22821 -0.040307 -0.361676 -0.203038 -0.075362 -0.310094
0.259464 0.131821 0.0390061 0.24378 0.141121 -0.0620078
-0.125549 -0.387294 -0.0903374 -0.137159 -0.365921 -0.149349
0.049567 0.113292 0.10517 0.0411461 0.12056 0.0768303
-0.172094 0.113861 0.179188 -0.131636 0.0801408 0.133444
-0.138562 0.0733722 0.0114542 -0.106251 0.0160263 -0.0441644
0.259743 0.0725098 0.443559 0.226721 0.038239 0.323361
0.213756 0.24602 -0.0014393 0.211378 0.23145 -0.0202868
0.0391363 0.360574 0.0923766 0.012096 0.316349 0.142832
-0.577478 0.162493 -0.327219 -0.529901 0.146406 -0.265102
-0.0881004 0.147811 -0.111716 -0.0792735 0.14656 -0.0307075
-0.335723 0.268414 -0.255523 -0.29967 0.244467 -0.210671
-0.0884772 0.208782 -0.158871 -0.0594038 0.161161 -0.116193
0.00652097 0.0306583 0.213828 -0.0087967 0.0606391 0.260402
0.458997 -0.0585799 0.231853 0.428473 -0.058098 0.267149
0.0189531 0.143716 -0.212253 0.0231379 0.145228 -0.181602
0.329347 0.021767 0.0185478 0.331354 0.0286497 -0.000401
0.0922905 0.0228336 0.329826 0.0952832 0.0095345 0.355914
-0.0138807 -0.0446936 0.142871 -0.0008746 -0.0519866 0.163616
-0.195755 -0.0961349 -0.0543269 -0.178534 -0.0993323 -0.0010597
0.0180977 -0.0827131 0.018925 0.0396806 -0.085926 0.0679176
-0.012109 -0.259329 0.0240228 -0.0062865 -0.212055 0.0671798
-0.029975 0.0831639 -0.137604 -0.0222415 0.0904158 -0.109629
-0.327671 0.0739388 -0.0316986 -0.328954 0.0664484 0.0099642
-0.126475 -0.11946 0.575261 -0.144222 -0.122231 0.604628
0.112985 -0.397772 0.25498 0.0749295 -0.379945 0.30056
0.350559 -0.0700932 -0.159643 0.318407 -0.0766381 -0.0911239
0.0249924 0.0680973 -0.0716664 0.004958 0.0684897 -0.0183292
0.273448 -0.202798 -0.0514886 0.253437 -0.150525 -0.0124094
-0.118375 0.112246 -0.284651 -0.126017 0.118914 -0.213501
-0.0251688 -0.50628 -0.290847 -0.0221362 -0.475086 -0.263718
0.0267173 -0.0711108 -0.499202 0.0493614 -0.0807 -0.445932
-0.123561 0.0774533 -0.0200242 -0.119755 0.0679817 0.0089584
0.0571854 7.41221e-05 0.601192 0.0533676 0.0091741 0.588952
0.0108981 0.226043 0.0160711 0.0314492 0.193541 0.0400344
-0.109341 -0.00107472 -0.221149 -0.0661092 -0.0271284 -0.149926
0.043823 -0.239001 0.139309 0.0535554 -0.235856 0.189366
-0.0826852 -0.00521266 -0.422854 -0.0480119 -0.0270031 -0.367242
-0.262366 0.520655 0.17746 -0.242134 0.502226 0.226414
0.159603 0.3255 0.469641 0.135093 0.31873 0.481928
0.065861 0.219813 -0.35909 0.0158767 0.223028 -0.325724
-0.123101 0.00895039 0.232355 -0.112356 -0.0254285 0.271573
-0.174858 0.334844 0.123635 -0.150722 0.312091 0.180258
-0.00609972 0.183489 0.207717 -0.0118601 0.1755 0.232753
0.0499359 0.069914 -0.388529 0.0638407 0.0715476 -0.327481
0.270544 0.183757 -0.379653 0.266842 0.150603 -0.317832
-0.0858018 -0.10149 0.248215 -0.110713 -0.0957599 0.324033
-0.0298706 0.0740958 0.0796678 -0.0018813 0.0575787 0.152887
0.254459 -0.129195 -0.0505913 0.214087 -0.117835 -0.0104737
-0.249954 -0.20141 -0.0941572 -0.218964 -0.195762 -0.0296031
-0.201796 0.0100214 -0.220309 -0.196591 0.0205659 -0.174369
0.139262 -0.118348 -0.322058 0.142875 -0.100806 -0.256238
0.212578 -0.0726022 -0.200735 0.175172 -0.0713836 -0.16879
0.0280793 -0.0972052 0.674885 0.0209629 -0.110739 0.677634
-0.373386 0.257024 0.0549095 -0.346146 0.246781 0.108435
0.0403017 0.0228466 -0.163196 0.0313456 0.0294632 -0.107711
-0.040099 -0.290249 -0.00512789 -0.0760149 -0.276318 0.0313008
-0.141935 0.0333128 -0.20838 -0.148913 0.0625202 -0.166864
-0.0225714 -0.16456 -0.151912 -0.039148 -0.124792 -0.118071
-0.0118417 0.072436 0.635442 -0.0660284 0.0601039 0.671378
0.134049 0.0391918 -0.2675 0.104011 0.0286498 -0.22856
-0.0574263 -0.0635281 0.0778898 -0.0667905 -0.0716775 0.0964118
0.0808967 -0.0502645 -0.238738 0.0551726 -0.052081 -0.195484
0.0980267 -0.152335 0.343709 0.0810185 -0.160062 0.35573
0.219067 -0.356367 0.0970226 0.172985 -0.344443 0.145168
-0.0818107 -0.442761 -0.28681 -0.0650995 -0.421565 -0.217188
-0.112704 -0.491907 0.0722266 -0.0981358 -0.445777 0.123884
-0.145414 -0.366943 0.104878 -0.142919 -0.318421 0.16441
-0.144087 0.0753962 0.147799 -0.122008 0.0911552 0.205805
0.0951838 0.0532435 0.0114215 0.115735 0.0612898 0.039733
-0.00717469 -0.157849 0.134915 0.0202013 -0.11313 0.206105
0.626139 0.31702 -0.194821 0.597043 0.282751 -0.150482
-0.0445622 -0.0951419 -0.447337 -0.0365924 -0.0699385 -0.410533
0.121075 0.0118548 0.0948609 0.0934159 0.0141793 0.084104
0.0699984 -0.0106639 0.0309703 0.0466267 -0.0183759 0.0446183
0.00822237 -0.0153243 -0.0999685 0.0117777 -0.0179728 -0.0779622
0.350079 0.13967 -0.0593589 0.292454 0.120751 -0.0162433
-0.0748046 0.162798 -0.165973 -0.0722019 0.135635 -0.089584
-0.0596847 0.121251 -0.075108 -0.0418087 0.114531 -0.0395639
0.417279 0.0555322 -0.514635 0.369975 0.0623963 -0.435647
-0.254536 0.00933655 0.342213 -0.203283 0.0200375 0.377229
0.0731733 0.20302 -0.264453 0.0495978 0.199733 -0.235813
-0.0449476 0.00952342 -0.237725 -0.0351626 0.0202722 -0.220621
0.328119 -0.36061 0.200122 0.304926 -0.327253 0.26517
-0.54811 -0.310518 -0.306531 -0.498692 -0.305143 -0.240179
0.128144 -0.146508 0.129361 0.103072 -0.14022 0.161179
-0.0340586 -0.113129 -0.0872642 -0.0260733 -0.116331 -0.0303733
-0.052944 -0.276336 -0.297127 -0.0626913 -0.281297 -0.261206
0.0246116 -0.00714502 0.0234758 0.0182181 -0.0238017 0.0665948
0.325813 0.281237 0.20338 0.31579 0.292738 0.182945
-0.226608 0.0802589 -0.395909 -0.213215 0.0837599 -0.382823
0.375138 0.598586 0.0498344 0.342982 0.545827 0.0834886
0.205865 0.328677 0.203248 0.199668 0.267353 0.290546
-0.0375863 -0.0319322 -0.170272 -0.022884 -0.0158361 -0.135762
0.0987686 0.0396728 -0.297273 0.0614928 0.04515 -0.258461
0.0296889 -0.0238634 -0.110008 0.0133551 -0.0244868 -0.0532483
0.423451 0.14832 0.0284044 0.415393 0.126711 0.0107892
0.0598391 0.00183609 -0.282264 0.0642951 -0.0112162 -0.214949
-0.148643 -0.277083 0.0533435 -0.116695 -0.254797 0.102404
-0.0906782 0.0014774 0.0609619 -0.070827 0.0026038 0.103604
0.139886 0.140272 -0.0318739 0.149404 0.106364 -0.0006463
-0.274362 0.390285 0.126418 -0.26166 0.393739 0.171327
-0.0010841 -0.048856 -0.319023 -0.0007312 -0.0203004 -0.246822
-0.0882765 0.310731 0.0552513 -0.0836503 0.275308 0.0899636
-0.219781 -0.166122 -0.295772 -0.185242 -0.138608 -0.286804
-0.00755423 0.127959 -0.392186 0.0214275 0.126447 -0.350926
-0.1021 -0.193728 -0.0997424 -0.0962748 -0.159557 -0.0876335
0.284069 -0.0955458 0.410904 0.29274 -0.0779582 0.319666
-0.0785345 0.126585 -0.0526492 -0.0916813 0.103314 -0.112146
-0.271204 -0.0214336 -0.228246 -0.215245 -0.0155193 -0.197824
0.019462 0.139741 0.129753 -0.0079733 0.0958522 0.114176
-0.0802568 0.0611464 0.420479 -0.0818238 0.061764 0.295933
-0.372158 0.0743398 -0.182536 -0.233584 0.066144 -0.208026
0.00230992 0.0638237 -0.0248633 -0.004516 0.0922837 -0.0595451
0.137609 -0.043582 -0.187446 0.110251 -0.0480514 -0.253854
0.192522 0.126082 -0.334067 0.17777 0.146634 -0.295658
0.176335 -0.177006 0.0268652 0.139527 -0.204186 -0.0139475
0.222567 0.433213 0.0403544 0.170557 0.387417 0.0022076
-0.00172442 -0.0606479 0.0463719 -0.02211 -0.0272479 -0.0262044
-0.347886 -0.70782 -0.00864828 -0.350653 -0.657368 -0.0367849
-0.152259 0.168118 0.0692279 -0.105514 0.107325 -0.0119103
0.0879284 0.0289806 0.0558638 0.0607066 0.0261935 0.0202852
-0.25946 0.165576 0.44066 -0.252236 0.187027 0.368952
0.246187 0.31442 0.262313 0.197754 0.249245 0.157327
0.0880936 -0.101386 0.0284272 0.0671165 -0.0576898 -0.0371165
-0.171478 0.0268745 0.0231574 -0.151356 0.0573087 0.0260799
-0.655379 0.125026 0.0767848 -0.529443 0.102644 0.0026782
0.104367 -0.068494 -0.105621 0.10687 -0.106373 -0.166763
0.149582 -0.0887773 0.469069 0.0877318 -0.0231836 0.340115
0.027879 0.539922 -0.100981 0.0312259 0.447507 -0.147717
0.336005 -0.552709 0.501974 0.290623 -0.484784 0.405428
0.355316 -0.181792 0.0583358 0.338615 -0.162974 0.0386636
-0.205361 -0.118305 -0.269229 -0.176172 -0.118083 -0.320962
-0.349425 -0.134136 0.310803 -0.326356 -0.126187 0.283012
0.233594 0.43973 0.233868 0.270018 0.383135 0.180867
0.0662524 0.0588419 0.0229548 0.100921 0.0529216 -0.0296353
0.194549 0.175845 0.614714 0.114275 0.140971 0.495391
-0.0726565 -0.133663 -0.0249008 -0.0503083 -0.130298 -0.0036779
-0.18146 -0.203895 -0.19964 -0.126444 -0.158675 -0.265908
-0.277116 -0.00981194 -0.0144682 -0.265087 0.0012121 -0.0598585
0.157574 -0.126994 0.47304 0.153163 -0.154504 0.35339
-0.397463 0.227184 0.0391668 -0.342765 0.218465 -0.0341195
-0.150715 -0.0669475 0.174171 -0.125943 -0.0614048 0.108292
-0.36511 -0.197846 -0.16358 -0.327676 -0.173492 -0.169849
-0.0829679 0.0633307 0.27767 -0.0733368 0.0228599 0.196616
0.0635844 0.208098 0.250732 0.0895622 0.158214 0.166214
0.0145289 -0.0193853 0.19768 -0.005732 0.0035036 0.139447
0.0862824 0.0299146 -0.280941 0.0587634 0.0492889 -0.30624
-0.274812 -0.154136 0.540414 -0.23189 -0.144653 0.429284
0.11315 0.0496461 0.0380742 0.0808943 0.0658811 -0.0079316
-0.0347361 -0.108247 -0.00296105 -0.0685868 -0.154913 -0.0513655
-0.426956 0.187068 -0.0220122 -0.357961 0.171969 -0.0412537
0.0660699 0.272393 0.353453 0.056427 0.241496 0.246452
0.0309185 0.222272 -0.016491 0.111368 0.197824 -0.0474268
-0.0463381 0.370352 0.371821 -0.0727494 0.331878 0.253583
0.00925472 -0.18742 -0.291319 -0.0135262 -0.102478 -0.279988
-0.234804 0.193206 0.356391 -0.187592 0.208985 0.250368
0.00628987 -0.187587 -0.0710665 0.0330736 -0.16905 -0.0758074
0.126788 0.140765 0.240474 0.117832 0.0690445 0.147596
0.288616 -0.109317 0.383047 0.206979 -0.0716519 0.276883
0.0649078 0.0370749 0.240866 0.0573095 0.0330846 0.140284
0.0436282 -0.160251 -0.657423 0.0745128 -0.150123 -0.575052
0.181393 -0.112503 -0.206477 0.196581 -0.139353 -0.186325
-0.441622 -0.299936 -0.306058 -0.372321 -0.270119 -0.246052
0.0667653 0.0139474 0.135371 0.134784 -0.0018201 0.0556612
0.0582744 0.233184 -0.190303 0.0422487 0.201244 -0.235907
0.116595 0.063678 0.47343 0.105736 0.106802 0.412563
0.0974351 0.271935 0.31503 0.113192 0.262071 0.291801
0.161375 -0.0700576 -0.103388 0.0875638 -0.100154 -0.117938
-0.159407 0.0872022 -0.258392 -0.0979787 0.135894 -0.271697
-0.0557355 -0.0372643 -0.0562615 -0.0540894 -0.0413243 -0.0608905
-0.0621355 -0.250226 0.210953 -0.0554889 -0.203587 0.152506
-0.087069 -0.08094 0.0576501 -0.0236022 -0.076075 -0.0690416
0.0461648 0.248199 -0.0961969 0.0468122 0.219492 -0.116127
-0.144471 0.0917494 0.145145 -0.151289 0.0745764 0.0772985
0.172127 0.00165176 0.112042 0.204312 -0.0278598 0.0857125
-0.0243387 -0.276172 0.265546 -0.0468934 -0.210188 0.154333
-0.135938 -0.0572897 0.0153671 -0.142777 -0.057305 0.0304067
0.312968 -0.0377128 -0.21696 0.26993 -0.0352843 -0.217182
0.231187 -0.144083 -0.25767 0.173839 -0.139904 -0.243073
0.259788 -0.0055154 0.389868 0.276891 -0.0056528 0.242495
-0.135203 0.154817 0.0414815 -0.183575 0.112663 0.0493126
0.0722211 -0.600813 0.226231 0.0149816 -0.522127 0.146074
0.256522 0.312031 0.0663004 0.205672 0.276755 0.0105572
-0.183569 -0.404614 0.140163 -0.188416 -0.359148 0.0529955
-0.467766 -0.181959 0.152444 -0.415299 -0.108527 0.0829625
-0.125166 -0.443884 -0.188113 -0.102664 -0.364894 -0.170056
0.157838 -0.226485 -0.268284 0.121805 -0.254443 -0.24621
-0.109937 -0.0689491 0.0222566 -0.127359 -0.0382921 -0.0349699
0.230876 -0.488057 -0.0708598 0.154821 -0.399026 -0.0824971
0.176783 -0.0417759 0.0507522 0.171768 -0.0119838 0.0220043
0.321904 -0.119403 0.265791 0.24573 -0.10001 0.210541
-0.0622989 0.227764 -0.0516549 -0.0703889 0.241995 -0.0883706
0.147706 -0.0791747 0.0220346 0.128444 -0.0875079 -0.0403617
-0.11649 -0.138019 -0.150417 -0.0502393 -0.13087 -0.148998
0.118052 -0.0221465 -0.177126 0.120333 -0.0520156 -0.190959
-0.042053 0.112208 0.411997 -0.0404072 0.0866374 0.322159
-0.107706 0.10495 0.0042981 -0.0938373 0.0665969 -0.0260314
-0.00515131 -0.0387705 0.255825 -0.0319061 -0.0489939 0.13842
0.104283 0.0820695 0.166627 0.0372638 0.0813869 0.112893
0.0607542 0.24271 0.295559 0.0553846 0.201144 0.310048
0.170964 -0.202911 0.164396 0.152915 -0.192955 0.168344
0.0522318 0.0728516 0.116576 0.058171 0.0485415 0.1215
0.0788239 -0.201736 -0.471352 0.111173 -0.177087 -0.424476
0.101366 -0.124092 0.0228413 0.109482 -0.127998 0.0635983
-0.0689353 -0.093169 0.0428527 -0.0631599 -0.0833253 0.0638642
-0.0960383 0.428017 -0.209249 -0.121953 0.438909 -0.193221
-0.274039 0.29349 -0.529399 -0.234595 0.285391 -0.475683
0.033808 0.301543 0.25774 0.0165685 0.274718 0.295977
0.0623169 -0.276601 -0.198584 0.0518526 -0.269846 -0.181794
-0.100135 0.0415333 0.0616882 -0.111265 0.0628623 0.102843
0.153861 -0.334845 0.155078 0.156622 -0.284177 0.158969
-0.178692 -0.327859 -0.26744 -0.191143 -0.311167 -0.19679
-0.0388168 -0.052207 0.204969 -0.0378427 -0.0490102 0.263896
-0.229077 0.00884978 -0.100473 -0.208632 -0.0273673 -0.0448324
-0.195091 0.0793559 0.130594 -0.189809 0.0697919 0.154728
0.0944175 0.129493 -0.142902 0.0841343 0.103588 -0.0953563
0.136493 -0.0112846 0.0875693 0.103087 -0.0182923 0.143391
0.0377511 -0.140746 -0.248009 0.0409976 -0.120385 -0.181861
-0.108942 -0.100248 -0.239575 -0.0778056 -0.0933425 -0.153828
0.0486747 -0.0261758 -0.0920252 0.0352682 -0.0092074 -0.0136078
-0.0166461 -0.122712 0.0207834 -0.0400999 -0.119114 0.0335775
-0.0629211 -0.115361 0.0149428 -0.0610763 -0.0913918 0.0413898
0.140462 0.0151842 -0.227196 0.116099 0.0147109 -0.208562
-0.112847 0.254658 -0.269656 -0.0929942 0.223694 -0.182036
-0.177768 -0.292198 0.208216 -0.174038 -0.268035 0.263435
0.00616047 0.0286862 -0.49405 0.036559 0.0173193 -0.454459
-0.152539 0.256866 0.0416252 -0.136785 0.225092 0.0545251
-0.382622 -0.1963 -0.10716 -0.352519 -0.177679 -0.0683551
0.0929609 0.203115 -0.0922849 0.0875482 0.181118 -0.060945
-0.263451 0.24742 -0.359358 -0.23262 0.212851 -0.317299
0.173853 0.316636 -0.00462876 0.169806 0.249876 0.0323055
0.0155019 0.298341 -0.45845 0.025416 0.289254 -0.386207
0.0398658 -0.1134 0.0552519 0.0486151 -0.139201 0.0724851
-0.0166856 0.235657 0.0580404 -0.017252 0.223542 0.0881024
-0.281768 0.156966 0.0714285 -0.282076 0.156013 0.10819
0.17801 0.0667066 -0.368776 0.170457 0.0589608 -0.283773
-0.175263 -0.0142183 -0.291856 -0.132083 -0.047544 -0.244496
-0.442411 0.0523916 -0.0746369 -0.42286 0.0641448 -0.0279263
-0.416679 0.108742 0.191859 -0.372556 0.0840706 0.236139
0.0292916 -0.0926373 -0.345381 0.0172256 -0.0837544 -0.294887
0.00177001 -0.0971609 -0.253516 0.0185904 -0.0873152 -0.197998
0.348239 0.167559 -0.324222 0.352077 0.181048 -0.267977
-0.38252 0.0134248 0.254897 -0.365667 0.0399037 0.300271
0.0996107 -0.0206728 -0.610934 0.0815395 -0.0350033 -0.532057
0.337352 0.1777 -0.172679 0.293673 0.146842 -0.126974
0.329433 0.409431 -0.173154 0.341556 0.372482 -0.15234
-0.0462682 -0.0336097 -0.146857 -0.0241459 -0.0408227 -0.141706
-0.216162 -0.128596 -0.289759 -0.189683 -0.115398 -0.209491
-0.00093933 -0.134064 0.0577318 -0.0105999 -0.138276 0.0883059
0.247832 -0.123724 -0.196661 0.263942 -0.118735 -0.130648
0.110243 -0.109253 0.231447 0.0944231 -0.0830674 0.245171
-0.0255997 0.0641781 -0.350821 -0.0384654 0.0734732 -0.302515
0.209324 0.532564 0.17221 0.191579 0.529833 0.183942
-0.19337 -0.354776 -0.14921 -0.160334 -0.314916 -0.0398857
0.298541 -0.0316043 -0.265431 0.283399 -0.0188594 -0.191521
-0.0469385 -0.0653913 -0.254992 -0.0482829 -0.0932927 -0.204897
0.078384 0.0897961 0.762387 0.0482367 0.0761375 0.778426
-0.0762872 -0.0457595 0.182354 -0.0865408 -0.0351136 0.193599
0.0314551 -0.0339246 0.300824 0.0269074 -0.0308632 0.287585
-0.146893 -0.0668768 -0.119464 -0.147576 -0.03713 -0.0562061
-0.105463 0.00701313 -0.00740414 -0.0853269 0.0228866 0.0453846
-0.388872 0.0665971 -0.250214 -0.363732 0.0551108 -0.189292
0.425855 -0.192525 -0.0645916 0.395505 -0.162156 -0.0120914
0.168889 0.0980086 0.0122107 0.172949 0.0678354 0.027306
-0.167399 -0.128162 0.130254 -0.163825 -0.125612 0.164004
-0.126921 -0.258683 0.0774997 -0.144435 -0.241307 0.137462
-0.417869 -0.0147622 -0.193379 -0.385021 -0.0115005 -0.128063
0.0539299 0.190232 -0.545697 0.0379006 0.174138 -0.464246
0.698344 -0.236852 0.00865487 0.633555 -0.197644 0.0787343
0.0344729 0.0910907 0.17602 0.0280979 0.0713491 0.266169
0.337023 0.0576409 -0.129421 0.337219 0.0414421 -0.109265
0.241673 0.0163483 -0.169691 0.211216 0.0030508 -0.0776724
-0.155267 0.136264 0.0361142 -0.150407 0.111894 0.0684115
-0.0784684 -0.0195304 -0.00945283 -0.0539272 -0.0111597 0.014339
0.0134375 -0.263645 0.276618 0.0171642 -0.219206 0.295508
0.0222737 0.271553 -0.638303 -0.004398 0.238325 -0.554051
0.0795989 0.342221 0.0764898 0.0928465 0.28851 0.101739
0.0205486 -0.0167362 0.0794436 0.017546 -0.0098834 0.171296
0.134355 0.226691 -0.118187 0.130075 0.223774 -0.0632359
0.00038901 0.119428 -0.168881 -0.010975 0.0967076 -0.0946401
0.133303 0.177314 0.0410603 0.121442 0.187076 0.0992357
0.397889 -0.0681819 0.234 0.387362 -0.0966388 0.250172
-0.199451 -0.216516 0.292566 -0.216862 -0.200819 0.300071
0.222462 -0.138268 -0.0942413 0.188545 -0.12324 -0.0280176
0.255179 -0.176074 0.342499 0.253688 -0.168986 0.383668
0.0380557 0.0535218 0.114775 0.005152 0.0397005 0.1546
0.0699772 -0.134522 -0.115457 0.0515419 -0.111842 -0.041708
0.312986 0.120729 0.15839 0.286419 0.105591 0.208411
-0.0453086 0.0390361 -0.209128 -0.0462866 0.046964 -0.144567
-0.0567162 0.0296967 0.312131 -0.0341855 0.0266463 0.371913
0.301283 -0.0886982 0.1808 0.21744 -0.0687556 0.225898
0.00928558 0.0703627 -0.305198 0.0350896 0.0451752 -0.228213
-0.133919 -0.131673 0.188215 -0.132647 -0.11095 0.262154
0.0440537 0.0952278 -0.471638 0.0147565 0.0810775 -0.412047
-0.013739 0.0659231 -0.0121032 -0.0047407 0.058329 0.0553732
-0.208616 -0.475114 -0.13376 -0.184988 -0.390148 -0.125061
0.0412215 -0.133311 0.00168613 0.0418895 -0.142592 -0.0346724
0.0186848 0.017083 -0.143688 0.0128732 0.075854 -0.129404
0.0181762 -0.0706391 0.103094 0.0065582 -0.0246922 0.058521
0.176782 0.193676 0.491093 0.141982 0.153404 0.417077
-0.0731842 -0.186582 0.0959404 -0.0959636 -0.166103 -0.003992
-0.130247 -0.248548 -0.0811903 -0.135525 -0.20001 -0.13705
0.00531287 0.0381588 0.501346 -0.0441858 -0.0124652 0.387673
-0.0670067 -0.0790055 -0.117509 -0.0412702 -0.101765 -0.140993
0.00234111 -0.0681115 0.0274049 0.0233214 -0.106416 0.0132817
0.176089 0.151074 0.280708 0.113387 0.166615 0.176275
0.405301 0.00211933 0.160993 0.337922 -0.0268699 0.132756
0.307812 -0.264921 0.219623 0.227182 -0.217116 0.185768
-0.414637 0.0626917 -0.429305 -0.351192 0.0694682 -0.395556
-0.0117607 0.237756 -0.250984 0.0206901 0.191784 -0.218859
-0.113722 0.0730114 -0.0130916 -0.100814 0.0641181 -0.0413648
0.201358 -0.215621 0.145352 0.173038 -0.173019 0.112657
-0.546017 -0.123362 0.256741 -0.443903 -0.100542 0.162425
0.0632096 0.000612129 0.0517396 0.0777364 -0.096266 -0.0001694
-0.217206 0.0283412 -0.111172 -0.17847 0.0571775 -0.130785
-0.0454212 0.226012 -0.274464 -0.0843769 0.196991 -0.262755
-0.596824 -0.0712425 0.212651 -0.56982 -0.0489486 0.120916
-0.0357506 0.247152 -0.238665 -0.0167757 0.195405 -0.220881
0.0964372 -0.291441 -0.318939 0.0694311 -0.214258 -0.311829
-0.0951787 -0.0337121 0.172986 -0.0771909 -0.0470583 0.0612311
0.212858 0.102223 0.207542 0.18173 0.0883437 0.149851
0.0781673 0.117609 0.244985 0.0540315 0.0999113 0.202954
-0.0830752 -0.356648 -0.103978 -0.0525988 -0.243963 -0.0931236
-0.0701731 0.228068 0.0656486 -0.0909887 0.217622 0.0221481
-0.0356299 -0.351795 0.178328 -0.030106 -0.342423 0.124168
-0.089229 -0.343842 0.178058 -0.065287 -0.356315 0.117832
-0.0326007 0.362528 -0.0491582 0.0292233 0.289823 -0.0941151
0.379722 0.395064 0.179321 0.291582 0.337489 0.11955
0.0537004 -0.0412816 0.353652 0.0432041 0.0670916 0.297135
0.112967 0.186387 -0.249501 0.127899 0.113929 -0.255855
0.0302842 0.140394 0.131522 0.0304673 0.101117 0.0372239
-0.0400533 0.0694754 -0.0201392 -0.0011677 -0.0005408 -0.0383244
0.130419 0.0223787 0.0955992 0.124604 0.0172626 0.0335584
-0.320266 0.501802 0.158286 -0.278225 0.45833 0.0710373
-0.00620246 0.0978978 -0.277336 -0.0232309 0.128069 -0.33
-0.20102 0.248113 0.214474 -0.159209 0.226488 0.225634
-0.209599 -0.161338 0.22301 -0.141374 -0.1304 0.126679
-0.292007 -0.106499 0.152567 -0.239389 -0.09041 0.129559
0.0565394 -0.0631309 -0.115352 0.0672551 -0.0537359 -0.131426
0.142148 -0.326662 0.10662 0.184941 -0.259045 0.0621053
0.395746 0.128621 0.116761 0.362419 0.137668 0.026714
-0.229317 0.030397 0.261236 -0.228199 0.0088433 0.19775
-0.00746568 -0.114176 0.00833582 -0.0504815 -0.102717 0.0064178
0.286281 -0.065775 -0.163132 0.298946 -0.0287327 -0.172039
0.0459863 0.19657 -0.492615 -0.0115106 0.166183 -0.471244
0.134891 -0.104441 -0.127025 0.108682 -0.116881 -0.154476
-0.123859 -0.225809 0.129976 -0.130411 -0.196895 0.0702269
0.290996 -0.146239 -0.431005 0.232692 -0.157926 -0.400996
-0.156485 -0.0787187 0.0382494 -0.123279 -0.0617425 -0.0348107
-0.0271528 -0.177811 -0.198985 0.0024071 -0.175546 -0.224167
0.286836 -0.165083 0.485859 0.158863 -0.165375 0.404087
0.110055 -0.0410251 0.277306 0.0868103 -0.0784934 0.176615
-0.241598 -0.199014 -0.0225822 -0.244086 -0.147298 -0.0545617
0.0489471 0.185043 -0.427651 0.0354332 0.139657 -0.379028
-0.325625 0.219689 0.156443 -0.306606 0.205547 0.0887766
-0.344147 0.187628 -0.10547 -0.330378 0.194449 -0.145899
0.0142848 0.153179 0.42792 0.0269853 0.134872 0.295558
0.0166341 -0.07232 0.0460706 0.0585206 -0.058469 0.015057
-0.0495961 -0.0962467 -0.245419 -0.0265053 -0.160949 -0.253928
-0.0159594 -0.200936 -0.00901735 0.0026697 -0.126567 -0.0717231
-0.0157853 -0.0422641 -0.126845 -0.0201633 0.0042233 -0.142213
-0.161962 0.00836028 0.243079 -0.134622 0.0250907 0.143147
0.137121 -0.108215 0.385056 0.193243 -0.150581 0.238191
0.0845969 0.115581 0.231145 0.0779991 0.0718516 0.199692
-0.0894138 0.308095 0.14474 -0.0571334 0.25825 0.0781585
0.168538 0.451227 -0.0428378 0.151874 0.399925 -0.0297877
-0.0476578 0.205986 -0.181154 -0.0182397 0.212612 -0.214316
0.247358 0.0323469 -0.318808 0.231993 0.0010208 -0.321308
0.0698764 -0.1355 0.139612 0.0120417 -0.0855681 0.127274
-0.542763 -0.0866565 0.470595 -0.482788 -0.105592 0.34082
-0.230218 0.148965 -0.0408963 -0.244201 0.11175 -0.0363145
0.21752 -0.0523418 -0.542476 0.213179 -0.0244203 -0.496638
-0.186385 -0.0985841 -0.205787 -0.180896 -0.121159 -0.232571
0.324995 0.0491003 -0.0309837 0.283217 0.0525711 -0.100008
0.0720107 -0.104169 -0.297663 0.0055264 -0.118079 -0.285294
-0.310504 -0.0125962 0.497738 -0.303937 -0.0355689 0.404479
-0.226708 -0.353659 0.172941 -0.188737 -0.293429 0.15604
0.452457 -0.318845 0.153661 0.386853 -0.237134 0.108917
-0.351384 0.162108 0.0655265 -0.292219 0.146215 -0.0826226
0.0130039 -0.0301204 -0.0341269 -0.0249743 0.0183533 -0.0498811
0.0944981 0.0255853 0.0441477 0.1351 0.0007159 -0.0704306
0.375705 -0.248262 0.0198866 0.283966 -0.23953 0.020303
0.410073 -0.158088 0.30016 0.401066 -0.167992 0.167723
-0.180189 0.27163 0.152599 -0.168335 0.279668 0.0963027
0.189772 -0.0368349 -0.409275 0.201034 0.0281033 -0.345808
-0.495539 -0.0438909 0.223179 -0.435093 0.0615264 0.179565
0.33368 -0.13588 0.137038 0.309306 -0.166045 0.0581923
0.241778 0.271857 0.166725 0.213701 0.195888 0.12971
-0.0260928 0.0385281 0.175865 0.006824 -0.0321428 0.0667623
-0.127648 -0.190269 0.225206 -0.102197 -0.116727 0.103172
0.0356928 0.300698 0.0492543 0.0900684 0.296721 0.0335937
-0.200958 0.384415 0.0437734 -0.185662 0.353233 0.0562276
0.0861065 0.097602 0.315315 0.0751342 0.103087 0.379082
-0.171807 0.0332337 0.0423351 -0.156229 0.0393998 0.0467707
-0.0316338 0.082152 0.174976 -0.0248171 0.0702514 0.244951
-0.0464494 0.0556673 -0.578774 -0.0293301 0.0591933 -0.536154
-0.211373 -0.0523252 0.0441812 -0.215691 -0.045407 0.117094
0.261058 0.251105 -0.0594858 0.22693 0.209225 -0.0153268
-0.330898 0.151067 -0.598031 -0.262437 0.162068 -0.542268
-0.226927 -0.185736 0.0171403 -0.2178 -0.159978 0.0501356
0.110503 0.0365595 -0.118239 0.0912517 0.0245181 -0.0885094
0.250858 -0.0484606 -0.0994878 0.240386 -0.0682646 -0.0175656
0.178347 -0.141055 0.16853 0.171561 -0.151047 0.210347
0.100832 -0.0360077 0.227439 0.0799609 -0.0139444 0.278409
-0.108224 0.0231229 0.584956 -0.079299 0.0035242 0.600521
-0.217448 0.145051 0.399533 -0.225483 0.15673 0.432927
0.130894 -0.0312699 0.0959207 0.104958 -0.0203725 0.147843
-0.19408 0.0856164 0.028481 -0.173118 0.102153 0.0818349
0.210257 -0.0606323 -0.141309 0.189798 -0.0674706 -0.0837156
0.035112 -0.301753 -0.128636 0.0051657 -0.270909 -0.0589867
-0.0632875 -0.223862 -0.151847 -0.0418896 -0.202476 -0.109825
0.00954682 -0.246445 0.28488 0.0244696 -0.227536 0.340599
0.456355 -0.00717505 -0.266638 0.462 -0.0054829 -0.206757
-0.231692 -0.171881 0.255239 -0.225164 -0.139273 0.281611
0.107974 -0.00947777 0.36388 0.0787668 -0.0353195 0.410187
-0.047077 -0.1125 -0.0911405 -0.0484871 -0.122188 -0.028591
-0.0718153 0.158438 -0.0522016 -0.0523739 0.131646 0.0048722
0.218225 0.15871 -0.13838 0.214608 0.184326 -0.101722
0.100859 -0.0262179 0.167145 0.099436 -0.0101546 0.185777
0.0392639 0.129391 -0.133678 0.0516361 0.10471 -0.106862
0.0638505 -0.408629 -0.275551 0.0658855 -0.383344 -0.244652
0.0578564 0.292594 -0.104645 0.0615089 0.262182 -0.0330636
-0.120802 0.180459 0.288002 -0.128231 0.172223 0.357684
-0.114507 -0.133286 -0.0845531 -0.105944 -0.115205 -0.002821
-0.129268 0.0854159 -0.306753 -0.145629 0.0763839 -0.259946
-0.423613 0.158107 0.236701 -0.341095 0.136455 0.258117
0.245123 -0.173844 0.23793 0.225993 -0.153832 0.345545
-0.146688 -0.0411294 0.136298 -0.122096 -0.0148086 0.16624
-0.0838038 -0.23662 -0.121439 -0.0828599 -0.214239 -0.0682076
0.198628 0.396909 -0.382203 0.185137 0.346285 -0.325041
-0.156156 0.163002 -0.0958326 -0.13361 0.128346 -0.0501928
-0.228797 -0.214121 -0.279794 -0.236727 -0.209044 -0.278565
0.0261484 -0.136413 -0.367214 0.0240381 -0.113371 -0.335857
-0.0174299 -0.315868 -0.170747 -0.014816 -0.30179 -0.153075
-0.289942 0.282068 -0.137728 -0.248827 0.260909 -0.120677
0.251352 0.0435642 -0.415102 0.227358 0.0433672 -0.365626
0.162124 0.159799 -0.15754 0.11851 0.128177 -0.0870569
-0.147249 -0.103748 -0.256813 -0.135771 -0.109839 -0.175589
0.090757 0.312067 -0.00474185 0.0554614 0.295631 0.0294586
0.14252 0.111922 0.222321 0.129994 0.0943897 0.225331
-0.173346 0.0489319 0.23911 -0.165215 0.0338555 0.217216
-0.228602 0.0307747 -0.0144025 -0.20428 0.0370148 -0.0044807
-0.0577829 0.0223392 -0.416978 -0.0625652 0.0302329 -0.385807
0.123514 0.0140084 0.48878 0.093519 -0.005187 0.497689
0.00801109 0.182497 -0.157797 0.0053993 0.13712 -0.120581
0.166786 -0.0153716 0.125146 0.161089 -0.01418 0.162759
-0.0597431 0.0946504 -0.316514 -0.0184379 0.0939352 -0.235442
-0.00817886 0.0819773 -0.27792 -0.0036746 0.0785556 -0.222322
0.0275249 0.015367 0.0261725 0.0313695 0.0204222 0.0777353
-0.0861144 0.163227 0.373191 -0.0714723 0.159737 0.371958
0.330051 0.430427 -0.0645106 0.333268 0.410964 -0.0108361
0.00984661 -0.4738 -0.068074 0.0103794 -0.444336 -0.0358353
0.0320976 0.000496738 -0.548702 0.036493 -0.0063759 -0.511723
-0.141871 0.0309147 -0.0523821 -0.133433 -0.0089169 -0.0210857
-0.0269918 0.0317632 0.198679 -0.0140461 0.0542379 0.203816
0.581442 -0.180369 0.0109216 0.533346 -0.148127 0.0572984
0.22123 0.232581 -0.156888 0.186961 0.169867 -0.142136
-0.0223219 0.036288 -0.440163 -0.0304221 0.0168633 -0.389842
-0.210179 -0.125459 -0.571062 -0.164776 -0.116617 -0.481764
-0.079503 0.222752 -0.279032 -0.111137 0.263606 -0.25055
0.0108859 -0.101311 -0.172238 0.0066089 -0.0723744 -0.124215
-0.304969 -0.152107 0.096228 -0.269654 -0.135381 0.0969701
0.186038 -0.184129 -0.00985131 0.161111 -0.169396 0.0337014
-0.220175 -0.230562 0.185525 -0.219269 -0.18628 0.186606
0.036978 0.0194942 -0.305441 0.0452138 0.0169498 -0.276963
0.144074 -0.157777 -0.434073 0.139583 -0.185539 -0.372419
0.214306 0.00541552 0.116727 0.222251 0.0132811 0.152502
-0.0765202 0.0632076 0.52205 -0.106221 0.0452701 0.533243
0.0890177 0.28081 0.174601 0.094767 0.258131 0.230394
0.0969049 -0.34665 0.0509618 0.0552749 -0.330345 0.093869
-0.136271 0.214859 0.150545 -0.151083 0.199778 0.167752
0.287263 0.40059 -0.242386 0.272632 0.380104 -0.182642
0.210276 0.0106425 0.0588544 0.215349 0.0437371 0.11193
0.149473 -0.208563 -0.245309 0.148578 -0.189294 -0.232781
-0.232583 0.137183 -0.254716 -0.222494 0.108672 -0.167313
0.0430973 -0.0962884 -0.0519583 0.0494651 -0.094702 -0.0372716
0.30791 -0.0538553 -0.110025 0.268292 -0.0387145 -0.0380992
0.296721 0.0439399 0.0896612 0.262673 0.0232985 0.122039
-0.179276 -0.0883359 -0.363886 -0.188746 -0.056802 -0.287519
0.306844 -0.343256 0.222135 0.292921 -0.336818 0.313311
-0.0994655 0.0614814 0.30676 -0.0907748 0.0645589 0.316515
-0.091425 -0.170194 -0.0401053 -0.059294 -0.153638 0.0051311
-0.0354574 0.349624 0.136537 -0.0500824 0.339715 0.217461
0.262311 -0.211448 0.115744 0.24042 -0.225635 0.196435
-0.185155 -0.196789 -0.200823 -0.185652 -0.168796 -0.119504
-0.247112 0.0478889 -0.300267 -0.220038 0.0312939 -0.229342
-0.122171 0.118308 0.0154021 -0.142085 0.111799 0.0442504
