591.128 608.979
521.695 533.07
454.716 460.795
390.122 391.98
327.976 326.467
268.312 264.354
211.051 205.45
156.214 149.688
103.811 97.0059
53.7479 47.1917
6.05162 0.000239286
-39.3755 -44.475
-82.5485 -86.3857
-123.492 -125.801
-162.308 -162.712
-199.022 -197.145
-233.676 -229.235
-266.366 -259.153
-297.132 -287.038
-326.021 -312.92
-353.128 -336.691
152.665 154.258
134.693 134.415
117.585 115.699
101.284 98.048
85.7283 81.3235
70.9264 65.708
56.7783 51.0133
43.2307 37.1553
30.2792 24.0872
17.8839 11.7304
6.05162 0.000628236
-5.28007 -10.9781
-16.1531 -21.4354
-26.5696 -31.3231
-36.551 -40.6685
-46.091 -49.4896
-55.2477 -57.8151
-64.0058 -65.6535
-72.418 -73.0627
-80.4782 -80.0199
-88.1734 -86.5614
52.9612 72.1483
48.1555 63.5735
43.3516 55.3883
38.5732 47.5373
33.8375 39.996
29.1437 32.7644
24.4465 25.7983
19.8037 19.0695
15.1818 12.5352
10.5943 6.18319
6.05162 8.69592e-05
1.53253 -6.00652
-2.92697 -11.8972
-7.36314 -17.6323
-11.7715 -23.2079
-16.1284 -28.6467
-20.4458 -33.9341
-24.7325 -39.0975
-28.9707 -44.1516
-33.176 -49.106
-37.3263 -53.9506
705.424 716.803
616.899 624.939
532.805 538.124
452.991 455.985
377.428 378.403
306.031 305.234
238.532 236.28
174.931 171.442
115.082 110.649
58.8096 53.6589
6.05162 0.000303766
-43.4046 -50.2964
-89.6285 -97.2693
-132.763 -141.043
-172.98 -181.764
-210.365 -219.445
-245.039 -254.292
-277.169 -286.625
-306.844 -316.569
-334.18 -344.161
-359.312 -369.428
218.413 248.839
191.666 215.64
166.334 184.663
142.353 155.733
119.642 128.666
98.1776 103.439
77.7735 79.8686
58.4123 57.8618
40.0301 37.3039
22.578 18.0881
6.05162 0.000387767
-9.65389 -16.8973
-24.5631 -32.7358
-38.7299 -47.5242
-52.1869 -61.334
-64.9236 -74.1926
-77.0189 -86.144
-88.4827 -97.3205
-99.3594 -107.744
-109.669 -117.427
-119.397 -126.445
849.721 841.068
738.017 728.253
633.208 622.875
534.9 524.417
442.82 432.437
356.797 346.562
276.385 266.572
201.33 192.243
131.445 123.325
66.4014 59.4213
6.05162 0.000239286
-49.9402 -55.0536
-101.785 -105.932
-149.659 -152.895
-193.822 -195.971
-234.434 -235.269
-271.698 -271.097
-305.82 -303.737
-336.976 -333.636
-365.311 -360.967
-391.01 -385.702
997.059 980.708
858.009 844.149
729.418 717.995
610.596 601.225
500.981 493.123
400.107 393.216
307.168 300.929
221.76 215.846
143.418 137.704
71.6244 65.9917
6.05162 0.000628236
-53.8327 -60.7203
-108.365 -116.166
-157.896 -166.698
-202.809 -212.627
-243.372 -253.955
-279.899 -291.446
-312.699 -325.263
-342.026 -355.753
-368.111 -383.09
-391.204 -407.474
563.107 562.966
490.244 489.822
421.699 421.01
357.293 356.225
296.824 295.209
240.189 237.852
186.99 183.925
137.136 133.399
90.454 86.0788
46.7864 41.7228
6.05162 0.000266793
-32.018 -39.0874
-67.5165 -75.6922
-100.59 -109.805
-131.363 -141.591
-159.92 -171.107
-186.395 -198.618
-210.929 -224.161
-233.615 -247.8
-254.545 -269.641
-273.797 -289.779
841.544 836.712
729.956 725.238
625.459 620.999
527.622 523.398
436.298 432.105
351.095 346.775
271.634 267.065
197.7 192.826
128.956 123.856
65.1512 59.7402
6.05162 0.000395161
-48.6734 -55.5644
-99.2193 -107.013
-145.827 -154.528
-188.734 -198.328
-228.141 -238.383
-264.213 -275.269
-297.213 -309.088
-327.271 -340.026
-354.57 -368.26
-379.294 -393.886
922.694 908.702
797.443 784.454
680.88 669.081
572.447 561.776
471.695 462.06
378.291 369.4
291.688 283.429
211.5 203.88
137.406 130.471
68.9907 62.6524
6.05162 0.000242539
-51.8793 -57.8693
-105.1 -111.161
-153.816 -160.01
-198.369 -204.625
-238.995 -245.077
-275.915 -281.831
-309.406 -315.358
-339.691 -345.877
-366.931 -373.624
-391.374 -398.574
-111.645 -0.010747
-18.4198 -0.00238254
-1.17783 -0.00802985
198.396 175.378
170.53 150.907
144.985 128.278
121.561 107.367
100.133 88.0009
80.5679 70.1726
62.7078 53.7359
46.4386 38.6036
31.6488 24.6976
18.2079 11.86
6.02666 0.000239286
-5.00913 -10.8583
-14.9851 -20.9391
-23.9842 -30.2207
-32.099 -38.7589
-39.3975 -46.5822
-45.9524 -53.7676
-51.8341 -60.3723
-57.1007 -66.4774
-61.8089 -72.1113
-66.0173 -77.213
636.884 630.099
557.546 549.564
482.131 473.374
410.409 401.285
342.447 333.145
278.002 268.818
217.005 208.173
159.488 151.135
105.194 97.6165
54.1199 47.322
6.02666 0.000628236
-39.0728 -44.3548
-81.3587 -85.8892
-120.89 -124.699
-157.818 -160.802
-192.295 -194.239
-224.349 -225.188
-254.159 -253.871
-281.769 -280.452
-307.339 -305.011
-330.93 -327.325
52.9338 72.1483
48.1283 63.5735
43.3244 55.3883
38.5466 47.5373
33.8109 39.996
29.1173 32.7644
24.4204 25.7983
19.7778 19.0695
15.1563 12.5352
10.5691 6.18319
6.02666 8.69592e-05
1.50793 -6.00652
-2.95125 -11.8972
-7.38727 -17.6323
-11.7955 -23.2079
-16.152 -28.6467
-20.469 -33.9341
-24.7552 -39.0975
-28.9936 -44.1516
-33.1984 -49.106
-37.3481 -53.9506
270.528 275.185
231.976 235.79
196.753 199.706
164.571 166.613
135.22 136.222
108.47 108.411
84.021 82.8604
61.7485 59.4145
41.4361 37.9261
22.9064 18.2204
6.02666 0.000303766
-9.38611 -16.7815
-23.4246 -32.243
-36.2446 -46.4761
-47.9639 -59.5569
-58.6581 -71.5701
-68.4335 -82.6241
-77.3906 -92.8785
-85.5893 -102.351
-93.1137 -111.109
-100.017 -119.248
757.566 743.148
657.222 645.088
563.239 553.167
475.22 466.865
393.079 385.963
316.374 310.205
244.805 239.272
178.335 172.996
116.502 111.27
59.1871 53.7926
6.02666 0.000387767
-43.1057 -50.1816
-88.4697 -96.7779
-130.261 -139.995
-168.721 -179.986
-204.068 -216.823
-236.425 -250.762
-266.044 -282.193
-293.032 -311.173
-317.613 -337.844
-339.895 -362.25
849.625 841.068
737.947 728.253
633.201 622.875
534.897 524.417
442.912 432.437
356.816 346.562
276.337 266.572
201.347 192.243
131.44 123.325
66.4525 59.4213
6.02666 0.000239286
-49.9651 -55.0536
-101.809 -105.932
-149.666 -152.895
-193.795 -195.971
-234.436 -235.269
-271.695 -271.097
-305.838 -303.737
-336.97 -333.636
-365.318 -360.967
-391.012 -385.702
996.95 980.708
857.931 844.149
729.41 717.995
610.593 601.225
501.08 493.123
400.128 393.216
307.118 300.929
221.777 215.846
143.413 137.704
71.6762 65.9917
6.02666 0.000628236
-53.8571 -60.7203
-108.388 -116.166
-157.902 -166.698
-202.784 -212.627
-243.374 -253.955
-279.897 -291.446
-312.715 -325.263
-342.02 -355.753
-368.118 -383.09
-391.206 -407.474
857 844.76
741.684 731.257
634.16 625.386
533.894 526.495
440.676 434.206
353.955 348.13
273.306 267.883
198.613 193.243
129.334 124.013
65.2791 59.7746
6.02666 0.000266793
-48.6201 -55.546
-98.9641 -106.906
-145.244 -154.285
-187.739 -197.884
-226.706 -237.767
-262.291 -274.487
-294.785 -308.118
-324.31 -338.902
-351.112 -367.021
-375.327 -392.598
578.576 571.015
501.998 495.841
430.42 425.396
363.58 359.322
301.21 297.311
243.018 239.208
188.645 184.743
137.989 133.816
90.8645 86.2371
46.9069 41.7585
6.02666 0.000395161
-31.9617 -39.0696
-67.2533 -75.5852
-99.9991 -109.562
-130.387 -141.148
-158.467 -170.492
-184.485 -197.837
-208.508 -223.191
-230.651 -246.676
-251.068 -268.402
-269.832 -288.49
922.592 908.702
797.37 784.454
680.871 669.081
572.444 561.776
471.791 462.06
378.31 369.4
291.64 283.429
211.517 203.88
137.401 130.471
69.0422 62.6524
6.02666 0.000242539
-51.9038 -57.8693
-105.124 -111.161
-153.822 -160.01
-198.343 -204.625
-238.997 -245.077
-275.912 -281.831
-309.423 -315.358
-339.686 -345.877
-366.938 -373.624
-391.377 -398.574
-111.645 -0.010747
-18.4198 -0.00238254
-1.17782 -0.00802985
70.381 86.1259
57.3432 74.5689
45.5099 63.813
34.7839 53.7993
25.097 44.453
16.3828 35.7332
8.56041 27.613
1.57106 20.0359
-4.64283 12.9383
-10.146 6.27254
-14.9866 0.000120974
-19.2204 -5.90564
-22.8922 -11.5416
-26.045 -16.8944
-28.7242 -21.9891
-30.9662 -26.8497
-32.8077 -31.4911
-34.2841 -35.9376
-35.4252 -40.2449
-36.2608 -44.4183
-36.8192 -48.2918
70.3807 86.126
57.342 74.5694
45.5102 63.8131
34.7835 53.7896
25.1051 44.4531
16.3867 35.733
8.56165 27.6126
1.57672 20.0354
-4.64199 12.9382
-10.1427 6.27272
-14.9866 5.59023e-05
-19.2178 -5.90543
-22.8907 -11.5413
-26.0434 -16.8944
-28.7217 -21.989
-30.964 -26.85
-32.805 -31.491
-34.2799 -35.9368
-35.4213 -40.2445
-36.2586 -44.4185
-36.815 -48.2875
787.996 776.626
677.419 670.47
574.811 571.64
479.686 479.791
391.405 394.406
309.65 315.176
234.055 241.876
164.138 174.218
99.5499 111.597
39.9801 53.6444
-14.9866 -0.00018013
-65.5494 -49.7155
-112.117 -95.3116
-154.847 -137.315
-194.059 -175.941
-229.975 -211.436
-262.847 -243.879
-292.845 -273.314
-320.214 -299.98
-345.105 -324.254
-367.726 -346.25
868.478 871.087
746.193 751.98
632.799 641.167
527.754 538.099
430.39 442.349
340.355 353.461
257.237 271.152
180.523 195.127
109.83 124.912
44.8077 60.0585
-14.9866 -1.50848e-05
-69.7904 -55.5304
-120.04 -106.405
-165.921 -153.052
-207.788 -195.862
-245.886 -234.991
-280.495 -270.594
-311.812 -302.892
-340.106 -332.056
-365.549 -358.368
-388.376 -382.085
868.478 871.087
746.193 751.98
632.8 641.167
527.753 538.1
430.398 442.35
340.359 353.462
257.238 271.151
180.528 195.127
109.831 124.912
44.8108 60.0591
-14.9866 -0.000111509
-69.7875 -55.5313
-120.037 -106.405
-165.92 -153.053
-207.785 -195.862
-245.884 -234.991
-280.492 -270.585
-311.808 -302.901
-340.102 -332.054
-365.547 -358.368
-388.372 -382.089
173.276 193.608
142.93 165.778
115.79 140.288
91.5511 116.934
69.9905 95.6201
50.8749 75.9848
33.9751 58.0224
19.1159 41.6053
6.10987 26.5353
-5.20668 12.6988
-14.9866 -0.000273892
-23.3681 -11.7233
-30.4833 -22.5414
-36.4431 -32.5094
-41.3613 -41.7019
-45.3377 -50.1386
-48.4594 -57.8628
-50.8149 -64.8521
-52.478 -71.3197
-53.5189 -77.4188
-54.0031 -83.1189
965.673 992.724
827.697 854.19
700.244 726.116
582.627 607.624
474.079 497.971
374.131 396.84
282.265 303.605
197.886 217.744
120.517 138.93
49.7336 66.5677
-14.9866 5.59023e-05
-73.9448 -61.2059
-127.647 -116.904
-176.334 -167.516
-220.415 -213.679
-260.191 -255.523
-295.984 -293.437
-328.036 -327.454
-356.657 -357.842
-382.056 -384.802
-404.504 -408.762
905.489 926.276
777.938 798.665
659.689 680.236
550.172 570.269
448.701 468.318
354.89 373.914
268.307 286.55
188.429 205.972
114.841 131.738
47.1913 63.2872
-14.9866 -3.69724e-05
-71.9391 -58.3791
-124.121 -111.842
-171.73 -160.682
-215.124 -205.425
-254.568 -246.177
-290.344 -283.354
-322.663 -316.936
-351.802 -347.229
-377.941 -374.453
-401.32 -398.886
905.491 926.276
777.941 798.665
659.692 680.235
550.172 570.269
448.702 468.317
354.887 373.914
268.306 286.55
188.423 205.972
114.843 131.738
47.1907 63.2883
-14.9866 5.41276e-05
-71.9385 -58.3793
-124.121 -111.842
-171.729 -160.682
-215.125 -205.426
-254.566 -246.177
-290.345 -283.354
-322.664 -316.936
-351.801 -347.23
-377.94 -374.453
-401.32 -398.886
493.287 516.941
425.678 450.48
362.467 387.86
303.322 328.855
248.08 273.263
196.45 220.743
148.167 171.19
103.068 124.493
61.0152 80.536
21.732 39.0952
-14.9866 -0.000117129
-49.1898 -36.9261
-81.0652 -71.7772
-110.802 -104.313
-138.503 -134.8
-164.224 -163.362
-188.216 -190.229
-210.5 -215.603
-231.163 -239.44
-250.363 -261.691
-268.116 -282.429
-111.645 -0.010747
-18.4152 -0.00238254
-1.17724 -0.00802985
166.24 149.557
142.799 129.365
121.086 110.513
100.959 92.9111
82.4007 76.5491
65.3545 61.2096
49.7155 46.9396
35.428 33.7385
22.4332 21.5781
10.6426 10.3488
0.00527921 0
-9.56959 -9.56594
-18.1261 -18.3201
-25.7167 -26.3193
-32.4265 -33.5777
-38.3233 -40.1079
-43.4291 -45.9801
-47.829 -51.2848
-51.571 -56.0661
-54.6967 -60.384
-57.2617 -64.1037
-86.9348 -112.976
-80.6431 -100.799
-73.562 -88.7276
-65.7944 -76.7863
-57.4378 -64.9846
-48.6076 -53.4785
-39.3642 -42.2248
-29.8079 -31.2322
-20.0141 -20.5218
-10.0554 -10.125
0.00527921 0
10.1116 9.77302
20.2069 19.1789
30.2425 28.2278
40.1748 36.8843
49.9696 45.1412
59.5878 52.9888
68.9982 60.4318
78.1705 67.472
87.0748 74.0806
95.7126 80.3036
0.00589854 0
0.00587683 0
0.00580276 0
0.00572779 0
0.00568113 0
0.0057016 0
0.00553977 0
0.00542021 0
0.00541371 0
0.00534172 0
0.00527921 0
0.00520753 0
0.00514384 0
0.00491603 0
0.00493718 0
0.00507032 0
0.00473921 0
0.00502502 0
0.00485647 0
0.00468421 0
0.00460971 0
185.791 157.905
157.714 135.603
132.172 115.062
108.934 96.0964
87.9014 78.6381
68.9415 62.5588
51.866 47.7423
36.5609 34.1325
22.9041 21.711
10.7525 10.383
0.00527921 0
-9.47365 -9.54267
-17.7692 -18.204
-24.9701 -26.0898
-31.1926 -33.2261
-36.5336 -39.6601
-41.0417 -45.4882
-44.8211 -50.8047
-47.9402 -55.6111
-50.4571 -59.9819
-52.4423 -63.9239
-95.4161 -112.274
-87.8018 -100.705
-79.4152 -89.0083
-70.4045 -77.2539
-60.9055 -65.549
-51.0643 -53.9479
-40.9594 -42.562
-30.7162 -31.4438
-20.421 -20.635
-10.1576 -10.1537
0.00527921 0
10.0086 9.74088
19.7961 19.0552
29.3208 27.9036
38.5431 36.3034
47.4355 44.2014
55.9664 51.5893
64.1121 58.4934
71.8536 64.953
79.1705 70.9235
86.0755 76.3671
7.02505e-05 0
-0.0118327 0
0.00425023 0
-0.00906892 0
-0.00686541 0
0.00623384 0
-0.00207595 0
-0.0119873 0
0.00127768 0
-0.00113483 0
0.00527921 0
0.00321617 0
-0.00355935 0
0.00273704 0
0.00412773 0
-0.000843901 0
0.00299881 0
-0.00102145 0
-0.00198016 0
0.00321393 0
0.000208107 0
6.58929e-05 -0
-0.0125838 0
0.00469215 0
-0.00963396 0
-0.00738393 0
0.00633673 0
-0.00250597 0
-0.0125243 0
0.00143504 0
-0.00100171 0
0.00527921 0
0.00323261 0
-0.00341817 0
0.00264328 0
0.0038691 0
-0.000758653 0
0.00275806 0
-0.000849889 0
-0.00173182 0
0.00279806 0
0.000151451 0
-66.9711 -72.0542
-58.9882 -62.7469
-51.2344 -53.934
-43.7298 -45.5772
-36.5047 -37.6987
-29.5735 -30.2699
-22.9802 -23.2927
-16.7114 -16.7945
-10.7947 -10.7696
-5.2264 -5.17121
0.00527921 0
4.8793 4.77147
9.39856 9.1337
13.5704 13.1204
17.4148 16.7625
20.9216 19.9531
24.1331 22.804
27.0115 25.3559
29.5893 27.5961
31.88 29.5417
33.8878 31.1691
93.8123 85.9929
79.4128 73.1709
66.3834 61.5296
54.6005 50.9402
43.9848 41.3378
34.4782 32.6169
25.9042 24.7085
18.2502 17.5158
11.436 11.0415
5.35923 5.23095
0.00527921 0
-4.74043 -4.74173
-8.90943 -8.94951
-12.5487 -12.7001
-15.7113 -15.9948
-18.4549 -18.8887
-20.7983 -21.45
-22.7994 -23.6771
-24.4799 -25.6509
-25.8724 -27.3956
-27.0176 -28.937
5.26272e-05 0
-0.0117963 0
0.00384465 0
-0.00935064 0
-0.00716284 0
0.0066281 0
-0.00243953 0
-0.0118805 0
0.00116353 0
-0.00107847 0
0.00527921 0
0.00323915 0
-0.00361644 0
0.00270235 0
0.00409064 0
-0.000782938 0
0.00289088 0
-0.000910926 0
-0.00185555 0
0.00302016 0
0.000145835 0
-1.81794e-06 0
-0.000401853 0
-0.00733128 0
0.000202775 0
0.0002051 0
0.000181794 0
0.000122607 0
0.000140101 0
9.197e-05 0
7.56383e-05 0
5.33909e-05 0
2.80067e-05 0
1.85817e-05 0
4.5076e-06 0
-7.77841e-06 0
-3.29241e-05 0
-4.1455e-05 0
-6.38366e-05 0
-7.79629e-05 0
-8.58754e-05 0
-0.000118643 0
-0.000125915 0
-0.000139624 0
-0.000151217 0
-0.000286758 0
-0.000199437 0
-0.000206172 0
-0.000166953 0
-0.000104278 0
-0.000121295 0
-7.53105e-05 0
-4.1917e-05 0
-4.30346e-05 0
-2.16067e-06 0
4.5076e-06 0
-1.12876e-06 0
2.11746e-05 0
3.78489e-05 0
6.04987e-05 0
8.89897e-05 0
8.81851e-05 0
9.58741e-05 0
0.000106394 0
0.000110269 0
0.000128835 0
1.97738e-05 0
-1.01849e-05 0
5.7593e-06 -0
2.23517e-07 0
4.14997e-06 0
-1.35377e-05 0
-8.67993e-06 0
-9.83849e-06 0
1.17905e-06 -0
3.97023e-06 0
4.5076e-06 0
-9.09157e-06 0
-9.86084e-06 0
6.60866e-06 -0
8.85502e-06 0
1.17756e-05 -0
-1.75312e-05 0
-6.26594e-06 -0
5.64009e-06 -0
-2.83122e-06 0
-1.35601e-06 0
-0.000468135 0
0.00162685 0
0.00138783 0
0.00104123 0
-5.8651e-05 0
-0.000116765 0
-0.000758052 0
-0.000199139 0
-0.000201076 0
-0.00013791 0
4.5076e-06 -0
-2.73511e-05 0
-9.81688e-05 0
0.000233844 0
0.000269488 0
-0.000393838 0
0.000230655 0
0.00017035 0
-0.00102359 0
-0.00114185 0
1.60635e-05 0
0.000494719 0
-0.00163633 0
-0.00139624 0
-0.00105655 0
8.43704e-05 0
0.000141829 0
0.000739574 0
0.000214636 0
0.000217415 0
0.00015147 0
4.5076e-06 0
2.78726e-05 0
7.79629e-05 0
-0.00023137 0
-0.000266984 0
0.000394389 0
-0.000220954 0
-0.00020653 0
0.00100215 0
0.00109431 0
-1.84476e-05 0
-2.5183e-05 -0
-9.86457e-06 -0
-2.28286e-05 0
6.16908e-06 -0
4.46141e-05 -0
3.09944e-05 0
2.62111e-05 0
-1.27628e-05 0
-1.14515e-05 0
1.34856e-06 -0
4.5076e-06 0
-6.34044e-06 0
-7.24941e-06 0
5.02914e-06 0
9.79751e-06 0
-5.81145e-07 -0
-6.45965e-06 0
4.57466e-06 0
-1.66893e-06 0
2.63751e-06 0
5.81145e-07 0
-6.13928e-06 0
-2.33054e-05 0
-1.40667e-05 0
7.45058e-06 0
-4.94719e-06 0
2.16812e-05 -0
6.25849e-07 -0
-1.6585e-05 0
-3.73647e-05 0
5.87106e-06 -0
4.5076e-06 0
2.66358e-05 -0
-2.44752e-05 0
1.01775e-05 -0
2.95043e-06 0
8.59797e-06 -0
-5.0962e-06 -0
5.21541e-07 0
-1.62423e-06 -0
-5.45382e-06 -0
5.96046e-07 0
0.000273705 0
-0.000950396 0
-0.000769138 0
-0.000574738 0
3.80874e-05 0
7.27028e-05 0
0.000406057 0
0.000114754 0
0.000127047 0
7.05551e-05 0
4.5076e-06 0
3.35686e-05 0
4.53442e-05 0
-0.00011076 0
-0.000129625 0
0.000180557 0
-0.000104621 0
-8.26269e-05 0
0.00045009 0
0.000484809 0
-1.14739e-05 0
-0.000286818 0
0.000911862 0
0.000762463 0
0.000573844 0
-4.33624e-05 0
-5.81741e-05 0
-0.000410125 0
-0.000105493 0
-9.58294e-05 0
-5.67194e-05 0
4.5076e-06 0
6.41122e-06 0
-1.84439e-05 0
0.000131875 0
0.000131339 0
-0.000180244 0
9.72897e-05 0
8.78721e-05 0
-0.000463456 0
-0.000506878 0
6.75023e-06 0
-2.41399e-05 0
-3.72231e-05 0
2.33352e-05 0
-4.64916e-06 0
1.97887e-05 -0
-1.56015e-05 0
1.2666e-06 0
1.86265e-07 -0
-3.47942e-06 0
3.44217e-06 0
4.5076e-06 0
1.38991e-05 0
-1.38246e-05 -0
6.29574e-06 0
5.7742e-06 0
-1.26958e-05 -0
4.29153e-06 0
1.35601e-05 -0
1.13249e-06 0
-4.41074e-06 -0
2.89083e-06 0
2.77162e-06 0
0.000199086 0
0.00306494 0
0.000155151 0
0.000127196 0
8.25226e-05 0
9.81987e-05 0
8.67695e-05 0
6.69658e-05 0
4.49121e-05 0
3.42652e-05 0
1.3303e-05 0
4.68642e-06 0
4.69001e-07 0
-1.25524e-05 0
-1.68048e-05 0
-1.70618e-05 0
-2.86028e-05 0
-4.63277e-05 0
-5.00828e-05 0
-6.45965e-05 0
-6.80089e-05 0
-7.74041e-05 0
-8.19787e-05 0
-0.000123948 0
-9.57549e-05 0
-9.05395e-05 0
-8.46982e-05 0
-6.56396e-05 0
-5.70565e-05 0
-3.33637e-05 0
-2.07648e-05 0
-3.12254e-05 0
-1.55736e-05 0
4.69001e-07 0
9.58517e-06 0
2.39201e-05 0
1.54972e-05 0
4.08739e-05 0
4.76539e-05 0
3.53679e-05 0
5.63413e-05 0
6.859e-05 0
6.57141e-05 0
6.96629e-05 0
2.33291e-06 0
-1.1172e-05 0
-1.02929e-06 0
7.06383e-06 -0
1.06756e-05 0
-4.37285e-07 -0
3.06799e-06 0
8.19202e-06 0
1.59078e-06 -0
-1.45657e-07 0
4.69001e-07 0
-2.03572e-06 -0
-1.76376e-06 0
-4.95427e-06 0
2.31706e-06 0
-2.94983e-06 -0
-1.69305e-06 0
-6.47756e-06 0
6.85657e-07 0
1.45697e-06 0
-4.72363e-06 0
-0.000270665 0
0.00097692 0
0.000818729 0
0.000590801 0
-3.59118e-05 0
-8.03322e-05 0
-0.000460789 0
-0.000117034 0
-9.97297e-05 0
-8.18335e-05 0
4.69001e-07 0
-6.69993e-06 0
-4.296e-05 0
0.000139333 0
0.0001553 0
-0.000218555 0
0.000123084 0
0.000101402 0
-0.00057476 0
-0.000640437 0
7.35372e-06 0
0.000268668 0
-0.000910878 0
-0.000798345 0
-0.000598073 0
3.57181e-05 0
8.85129e-05 0
0.000448078 0
0.000121072 0
0.000124533 0
8.58605e-05 0
4.69001e-07 0
9.45665e-06 0
4.28222e-05 0
-0.000133678 0
-0.000153758 0
0.000224419 0
-0.00012023 0
-0.000124738 0
0.000613824 0
0.000654757 0
-6.80983e-06 0
-5.84781e-06 0
-3.84937e-05 0
2.51434e-06 0
3.04388e-05 0
9.82727e-06 0
1.06616e-05 0
6.98039e-06 0
1.83303e-05 -0
-9.55087e-06 0
-1.44681e-05 -0
4.69001e-07 0
-1.13758e-06 -0
-2.08245e-07 0
-8.70299e-07 0
6.62994e-07 -0
4.04526e-06 0
-7.52229e-06 0
-4.08345e-06 0
4.61525e-06 0
6.48329e-06 0
-6.09962e-07 0
9.93162e-06 0
2.11599e-06 -0
-2.51611e-06 -0
-1.82696e-06 0
-1.40112e-06 -0
-8.71164e-06 0
9.94703e-06 0
5.68794e-06 0
7.69521e-06 0
-5.21075e-06 -0
4.69001e-07 0
-2.03683e-06 0
-9.66801e-06 0
-4.9422e-06 0
-1.68167e-06 0
-1.41195e-06 0
7.76439e-07 0
2.86898e-06 0
3.29441e-06 0
-4.03727e-06 0
3.46945e-06 0
0.000167608 0
-0.000514731 0
-0.000450239 0
-0.000325844 0
2.45422e-05 0
3.58373e-05 0
0.000232972 0
6.86124e-05 0
5.09731e-05 0
4.15742e-05 0
4.69001e-07 0
2.18777e-05 0
1.56499e-05 0
-7.23023e-05 0
-7.34515e-05 0
0.000106368 0
-5.95339e-05 0
-5.66319e-05 0
0.000254679 0
0.000284549 0
-7.1004e-06 0
-0.00018546 0
0.000557452 0
0.000455469 0
0.000353098 0
-5.20051e-06 0
-2.76864e-05 0
-0.00021597 0
-5.76377e-05 0
-4.07845e-05 0
-3.80417e-05 0
4.69001e-07 0
5.56652e-06 0
-2.75951e-05 0
6.35609e-05 0
7.56793e-05 0
-0.000103675 0
5.56707e-05 0
5.11818e-05 0
-0.00025373 0
-0.000283338 0
6.22869e-06 0
-7.86148e-06 0
-8.08787e-06 0
-2.0892e-06 -0
-1.62748e-05 0
-9.4336e-06 0
2.18985e-06 -0
1.60565e-05 0
3.06639e-06 0
9.52893e-06 0
6.61083e-06 0
4.69001e-07 0
-7.4906e-06 0
3.27273e-05 0
-5.94143e-06 0
-6.31374e-07 0
1.328e-06 0
7.83777e-07 0
1.55498e-07 0
1.92174e-06 0
3.07817e-06 0
6.5099e-07 0
4.11272e-06 -0
0.000200943 -0
0.00305024 0
