-573.758 -574.099
-580.966 -581.35
-587.223 -587.607
-592.589 -592.929
-597.112 -597.389
-600.85 -601.047
-603.854 -603.966
-606.173 -606.195
-607.854 -607.789
-608.941 -608.792
-609.479 -609.249
-609.504 -609.217
-609.058 -608.727
-608.176 -607.819
-606.892 -606.529
-605.24 -604.894
-603.25 -602.944
-600.951 -600.705
-598.371 -598.208
-595.534 -595.479
-592.465 -592.545
-573.76 -574.099
-580.968 -581.35
-587.226 -587.607
-592.587 -592.929
-597.109 -597.389
-600.847 -601.047
-603.853 -603.966
-606.172 -606.195
-607.853 -607.789
-608.941 -608.792
-609.479 -609.249
-609.504 -609.217
-609.058 -608.727
-608.177 -607.819
-606.893 -606.529
-605.239 -604.894
-603.251 -602.944
-600.951 -600.705
-598.37 -598.208
-595.532 -595.479
-592.465 -592.545
-572.077 -571.487
-580.243 -579.532
-587.17 -586.384
-592.966 -592.15
-597.73 -596.914
-601.561 -600.785
-604.545 -603.829
-606.758 -606.138
-608.273 -607.769
-609.16 -608.787
-609.479 -609.249
-609.284 -609.224
-608.629 -608.741
-607.559 -607.851
-606.12 -606.615
-604.348 -605.046
-602.283 -603.199
-599.953 -601.09
-597.392 -598.755
-594.626 -596.219
-591.681 -593.507
-527.432 -527.165
-544.936 -544.551
-559.871 -559.404
-572.449 -571.927
-582.864 -582.318
-591.306 -590.762
-597.945 -597.431
-602.939 -602.478
-606.435 -606.047
-608.573 -608.265
-609.479 -609.249
-609.268 -609.126
-608.047 -607.997
-605.92 -605.961
-602.977 -603.109
-599.305 -599.518
-594.98 -595.266
-590.075 -590.429
-584.658 -585.066
-578.789 -579.235
-572.523 -572.995
-527.434 -527.165
-544.938 -544.551
-559.874 -559.404
-572.447 -571.927
-582.861 -582.318
-591.303 -590.762
-597.943 -597.431
-602.937 -602.478
-606.435 -606.047
-608.573 -608.265
-609.479 -609.249
-609.268 -609.126
-608.047 -607.997
-605.921 -605.961
-602.978 -603.109
-599.304 -599.518
-594.981 -595.266
-590.075 -590.429
-584.657 -585.066
-578.788 -579.235
-572.523 -572.995
-524.631 -527.063
-542.38 -544.516
-557.589 -559.414
-570.466 -571.955
-581.186 -582.358
-589.938 -590.799
-596.881 -597.462
-602.169 -602.502
-605.944 -606.061
-608.34 -608.271
-609.479 -609.249
-609.476 -609.131
-608.437 -608.006
-606.465 -605.993
-603.647 -603.165
-600.071 -599.617
-595.816 -595.415
-590.953 -590.635
-585.551 -585.331
-579.673 -579.579
-573.375 -573.428
-467.488 -468.256
-498.269 -498.786
-524.352 -524.642
-546.173 -546.276
-564.13 -564.087
-578.6 -578.445
-589.916 -589.694
-598.39 -598.135
-604.303 -604.047
-607.921 -607.679
-609.479 -609.249
-609.196 -608.984
-607.272 -607.077
-603.892 -603.71
-599.222 -599.046
-593.413 -593.225
-586.605 -586.383
-578.925 -578.65
-570.488 -570.13
-561.401 -560.917
-551.756 -551.113
-509.031 -508.798
-530.444 -530.144
-548.701 -548.344
-564.064 -563.671
-576.788 -576.373
-587.106 -586.685
-595.229 -594.819
-601.351 -600.976
-605.658 -605.328
-608.314 -608.037
-609.479 -609.249
-609.292 -609.113
-607.886 -607.758
-605.384 -605.304
-601.898 -601.863
-597.529 -597.525
-592.375 -592.389
-586.521 -586.543
-580.047 -580.06
-573.03 -573.012
-565.535 -565.461
-509.026 -508.798
-530.441 -530.144
-548.696 -548.344
-564.065 -563.671
-576.792 -576.373
-587.109 -586.685
-595.231 -594.819
-601.352 -600.976
-605.658 -605.328
-608.315 -608.037
-609.479 -609.249
-609.292 -609.113
-607.886 -607.758
-605.384 -605.304
-601.898 -601.863
-597.529 -597.525
-592.375 -592.389
-586.521 -586.543
-580.049 -580.06
-573.032 -573.012
-565.538 -565.461
-506.961 -508.659
-528.701 -530.063
-547.244 -548.305
-562.877 -563.654
-575.833 -576.377
-586.36 -586.699
-594.666 -594.829
-600.955 -600.985
-605.408 -605.334
-608.197 -608.039
-609.479 -609.249
-609.397 -609.113
-608.085 -607.763
-605.669 -605.32
-602.259 -601.889
-597.961 -597.582
-592.873 -592.468
-587.082 -586.646
-580.668 -580.191
-573.706 -573.182
-566.266 -565.674
-269.275 -269.58
-278.968 -292.703
-304.767 -305.45
