0.0615413 -0.329896 0.183202 0.0268503 -0.260139 0.147982
-0.290049 -0.0498566 0.146173 -0.243306 -0.0372019 0.114805
-0.035869 0.121968 -0.0117861 -0.0251517 0.115971 -0.0555115
0.00851163 -0.277793 0.0431156 0.0020486 -0.208117 -0.0183058
-0.185641 0.111419 0.0944616 -0.163321 0.123423 0.0559275
0.0584565 -0.122887 0.175558 0.052424 -0.0969138 0.117877
0.254932 -0.201907 -0.190691 0.241004 -0.157372 -0.179489
-0.195696 -0.00487603 -0.0668318 -0.151238 -0.0124444 -0.120874
0.028728 -0.295656 0.176833 0.0252921 -0.301201 0.112173
-0.140524 0.0269678 0.0274926 -0.141761 -0.0150145 -0.0263344
0.0107983 -0.0994181 0.184942 0.0093474 -0.0771542 0.135874
0.0370899 0.0357391 -0.07603 0.0228782 0.0468386 -0.0628676
0.174994 0.073137 0.351383 0.172157 0.0507657 0.265291
0.0341907 -0.0453946 -0.0303227 0.0387954 -0.0601238 -0.0722612
-0.0202203 0.0734809 -0.0862703 -0.0059058 0.0624489 -0.125203
0.00405531 -0.161949 0.310685 0.0125175 -0.132764 0.257162
0.0606095 -0.124181 -0.326693 0.0497893 -0.0716955 -0.359038
-0.0860778 -0.212068 0.200142 -0.0434341 -0.210852 0.171732
-0.0435145 0.0631937 0.308819 -0.0264561 0.058054 0.240519
0.162993 -0.243738 0.333619 0.158582 -0.218272 0.247327
0.0946961 -0.130294 0.366507 0.0901707 -0.10878 0.268629
0.161987 -0.151066 0.308711 0.164922 -0.139815 0.255031
-0.0501691 -0.145495 -0.335758 -0.0383192 -0.0984631 -0.358694
0.325652 0.171052 -0.0397998 0.280331 0.19895 -0.0554807
0.225476 -0.346071 0.295577 0.201304 -0.302514 0.233417
0.0117639 0.180167 -0.229353 0.0097687 0.176835 -0.270206
-0.0219022 0.105343 0.252958 -0.0307528 0.132665 0.182934
-0.0633944 0.000703424 0.203851 -0.0611024 0.0236904 0.17065
0.0474533 0.353992 0.224335 0.0512282 0.314994 0.167806
0.445783 -0.0762098 0.148243 0.370774 -0.11796 0.100658
-0.0129685 0.0964631 -0.194847 -0.0035085 0.0906726 -0.182183
-0.146442 -0.147291 -0.0664559 -0.131535 -0.141926 -0.128068
-0.0212578 -0.200017 0.206317 -0.0572749 -0.214323 0.148847
-0.0248223 -0.036495 0.0746912 -0.0092273 -0.0319662 0.0141059
-0.0810873 0.422324 0.0677453 -0.0608754 0.34126 -0.0316566
-0.289845 0.175081 0.148499 -0.270203 0.147871 0.128088
0.0204206 0.149499 -0.235034 -0.0086674 0.124264 -0.259303
0.0919254 -0.0772046 0.333861 0.0708008 -0.0958926 0.240174
0.0680808 -0.03504 0.159083 0.0398487 -0.0344203 0.0711764
0.0359946 -0.100693 0.0020062 0.0352833 -0.127434 -0.0303187
-0.016176 -0.122267 0.366166 -0.0373659 -0.0982891 0.272919
-0.014752 -0.0151262 0.227129 -0.0265751 -0.0267833 0.138661
-0.247949 -0.106708 0.244461 -0.229688 -0.0796433 0.165461
0.143947 0.243431 0.0742367 0.0922601 0.181316 0.027706
0.403985 -0.199563 0.252828 0.375854 -0.173442 0.215171
0.332577 -0.616991 -0.149336 0.270078 -0.569842 -0.146306
-0.0539633 -0.0845637 -0.0763907 -0.0454701 -0.0566747 -0.103319
-0.0633791 -0.231999 0.131551 -0.0008952 -0.154905 0.100895
0.0702551 0.293579 0.32286 0.0764364 0.265019 0.242213
-0.103778 0.209394 -0.0521251 -0.0864658 0.184855 -0.107732
-0.332141 -0.253922 -0.219764 -0.27079 -0.218187 -0.232598
-0.169518 -0.0923581 -0.100361 -0.121921 -0.0929124 -0.132614
0.117583 -0.184521 -0.189921 0.0741669 -0.218494 -0.212717
0.186131 0.0503363 -0.12075 0.188175 0.04444 -0.174658
0.124017 0.213334 0.502657 0.137251 0.198535 0.413834
0.0401268 -0.187599 0.0996389 0.0372796 -0.149645 0.0378543
-0.00290415 0.486338 0.0506875 0.0076929 0.399868 0.0158829
-0.0870637 0.112315 -0.183153 -0.0273923 0.101313 -0.198236
0.0994738 -0.0748568 -0.171329 0.0350543 -0.0754445 -0.235525
0.113535 0.0873412 0.194317 0.0752104 0.0802459 0.12483
0.260997 -0.0428287 0.0684607 0.226227 -0.024556 0.0104171
-0.0833785 0.364408 0.374286 -0.105622 0.323356 0.31313
-0.342383 0.023905 0.564892 -0.319837 -0.0004386 0.479721
-0.206871 -0.109013 -0.0740836 -0.157463 -0.0813516 -0.111777
0.215201 -0.194303 0.45333 0.230789 -0.186774 0.357905
0.062172 -0.0755224 -0.0120684 0.032971 -0.0374751 -0.05216
0.123043 0.175585 -0.0307471 0.0786113 0.134255 -0.0843799
0.00750444 -0.141094 -0.0219843 0.0073543 -0.0603632 -0.0442191
-0.0259468 -0.254788 0.309945 -0.0177281 -0.237736 0.223928
-0.0443537 -0.0763458 0.347123 -0.0469258 -0.0654179 0.252417
0.0881822 0.245816 -0.151448 0.120387 0.180347 -0.149597
-0.269044 0.0872556 0.334848 -0.213702 0.0508573 0.268867
0.0889301 0.0470289 0.0894933 0.0585508 0.0613776 0.0707171
0.166039 0.0671267 0.298233 0.203869 0.0644344 0.218626
-0.178572 -0.263459 0.0386343 -0.135335 -0.238662 0.0295557
-0.214356 0.331054 0.08334 -0.195159 0.2643 0.0197623
-0.237609 0.00757317 0.362774 -0.19283 0.0179426 0.306377
0.0215451 0.054059 0.281663 0.0218848 0.0454753 0.200101
0.0198958 -0.0263674 0.116886 0.020161 -0.034644 0.0611937
0.116388 0.287787 -0.14847 0.137296 0.285024 -0.205783
-0.0140593 0.129686 0.0982723 0.0013494 0.132194 0.0558857
-0.0880243 0.0177296 0.0770805 -0.0781101 0.0165723 0.0005579
0.285015 -0.0289846 -0.192172 0.211226 -0.0201027 -0.232631
0.0223626 0.115438 0.0768961 0.013315 0.105286 0.0401541
-0.0438577 -0.0907511 -0.27685 -0.0437629 -0.0870294 -0.297464
-0.102489 -0.207421 0.222571 -0.103438 -0.174866 0.15139
0.0111369 -0.113346 0.140495 0.0227822 -0.137155 0.0880779
-0.252192 -0.0101629 0.186095 -0.240153 -0.0076422 0.126066
-0.0341084 -0.063804 0.0119486 -0.0286751 -0.0808473 -0.0225718
0.265103 0.0533579 -0.237992 0.182084 0.0539281 -0.225537
0.171805 0.104855 0.182922 0.119799 0.0658465 0.142237
-0.0380281 0.379539 -0.156979 -0.0569361 0.352139 -0.150302
-0.335816 -0.0695929 -0.162558 -0.296418 -0.0309524 -0.18661
-0.209832 0.100236 -0.218546 -0.204269 0.104579 -0.228501
0.292037 -0.0124795 -0.0196837 0.268448 -0.0354503 -0.0916956
0.100156 0.16686 -0.00180749 0.0954844 0.11983 -0.0423031
0.0356428 0.220033 -0.163669 0.0410107 0.22121 -0.128226
0.376349 0.152255 -0.295141 0.367951 0.149313 -0.276483
0.214753 0.0503991 0.0742803 0.198472 0.0712318 0.125059
0.216604 -0.256066 -0.0884611 0.19505 -0.253197 -0.0239714
-0.181814 0.223162 -0.0727262 -0.17856 0.226019 -0.0326555
-0.0238067 -0.446678 -0.292942 0.0104489 -0.410861 -0.258999
-0.185392 -0.05313 0.0895923 -0.1762 -0.0483608 0.126807
-0.241591 0.11595 0.0959967 -0.223457 0.10954 0.140987
0.211827 0.0814761 -0.270437 0.198441 0.089863 -0.227463
0.0699187 -0.278544 -0.0531085 0.0509345 -0.246315 -0.0006923
-0.198688 -0.2586 -0.227193 -0.177207 -0.262959 -0.170967
-0.0089691 0.161069 0.144894 0.0049256 0.145815 0.178224
-0.202598 0.073028 -0.262548 -0.198847 0.0661681 -0.197036
-0.0766626 -0.0279559 0.112656 -0.0922775 -0.0056639 0.17072
0.182167 0.0925409 -0.0445522 0.16654 0.0825988 0.0006133
0.102223 -0.131096 -0.370342 0.0835977 -0.130292 -0.334891
-0.188152 0.247601 0.0906975 -0.170873 0.223161 0.117794
-0.294274 0.0462247 -0.119474 -0.30495 0.0462165 -0.077912
-0.0892499 -0.00303162 -0.199551 -0.0932749 -0.0011233 -0.136477
0.0906073 -0.0588955 -0.398252 0.0945133 -0.0686886 -0.363845
-0.123781 -0.158211 -0.473705 -0.116834 -0.140181 -0.441458
-0.0564891 -0.0168397 -0.108867 -0.0555992 -0.0270237 -0.0383095
-0.021492 -0.432332 0.158446 -0.0179793 -0.401549 0.207958
-0.144412 -0.286588 -0.011735 -0.158308 -0.282745 0.0350972
-0.114617 -0.231839 -0.262267 -0.103784 -0.209404 -0.201323
-0.0991096 0.0264298 -0.0579384 -0.0954856 0.0298005 -0.0269158
0.387236 0.17776 -0.300401 0.371988 0.189428 -0.230706
0.36607 0.0106578 -0.130092 0.341566 0.0177614 -0.0814135
0.0402116 -0.111817 -0.348861 0.0232515 -0.103118 -0.310508
-0.0529515 -0.0210364 -0.0925349 -0.0431466 -0.0141215 -0.0373163
-0.0838898 -0.0871685 0.134746 -0.0733294 -0.0772911 0.174496
0.0836306 -0.00256225 0.111836 0.0691606 -0.0210655 0.169631
0.204355 -0.047749 -0.139347 0.197235 -0.0428477 -0.0774026
0.0723923 0.0267776 -0.103332 0.0587979 0.0245931 -0.0350417
-0.263471 -0.210492 0.111605 -0.242889 -0.202625 0.20003
0.345909 0.294774 -0.0910119 0.346289 0.281951 -0.0513515
-0.0829008 0.019093 0.282493 -0.0727638 0.039788 0.337424
-0.0953059 0.0502512 -0.248696 -0.0867884 0.0501115 -0.186965
0.0412192 0.00264713 -0.27776 0.0242821 -0.0050851 -0.24094
0.181573 -0.15434 0.148367 0.177841 -0.128818 0.218129
0.238402 -0.109468 -0.491765 0.230924 -0.103127 -0.454675
-0.151137 0.112087 -0.310503 -0.139693 0.0879922 -0.270954
-0.0725652 0.0112172 -0.124703 -0.0542081 0.0185401 -0.0695393
-0.0587691 -0.120531 0.225341 -0.053621 -0.0949377 0.282112
0.0563109 -0.303521 -0.270078 0.0281454 -0.298513 -0.251013
0.336331 -0.0305502 0.277101 0.330394 -0.0382243 0.311282
-0.242821 0.0304411 0.0539454 -0.212629 0.0243804 0.0944255
-0.152673 0.0357987 -0.0454222 -0.176843 0.0383562 -0.0023739
0.064997 0.0105812 -0.271221 0.0461847 0.0153597 -0.214801
0.109507 -0.0152955 0.0446512 0.107518 -0.017878 0.0761199
-0.230076 -0.0142697 0.0744577 -0.207323 -0.0099279 0.10994
0.369972 -0.14393 -0.00373049 0.355724 -0.157012 0.0418788
0.0894436 -0.0156893 0.439371 0.0989539 -0.010744 0.494614
-0.0896702 0.222809 0.00633114 -0.0952858 0.180414 0.0554915
-0.0157489 -0.0607009 -0.476325 -0.0362207 -0.0582295 -0.433194
-0.188449 0.179362 -0.0380781 -0.189816 0.175151 0.0314408
-0.315284 0.276369 0.0660099 -0.30234 0.248156 0.115024
0.0555421 0.0585029 0.276041 0.0399761 0.0526673 0.322482
-0.160335 0.0851263 0.0651854 -0.125052 0.0782674 0.123397
-0.110846 -0.165114 -0.405841 -0.107742 -0.167042 -0.365538
-0.0407885 0.0330329 -0.0207957 -0.0373413 0.0208396 0.0410244
-0.262194 -0.243532 -0.211636 -0.273565 -0.253342 -0.159906
-0.0493194 0.319208 -0.519702 -0.037136 0.315331 -0.468114
-0.291489 0.0386878 0.117183 -0.274555 0.0268402 0.176194
-0.324804 -0.300541 -0.374646 -0.333566 -0.282546 -0.319865
-0.0502738 -0.00489741 0.000704033 -0.0467397 -0.0171719 0.0415534
0.0181669 0.111267 0.284604 0.0237663 0.0966314 0.367098
-0.0267257 0.228896 -0.0404237 -0.0098527 0.215707 0.0045541
0.118015 0.089583 -0.395598 0.114962 0.0776463 -0.352337
-0.225506 0.193837 -0.395959 -0.221443 0.187544 -0.319353
-0.0827787 0.154011 0.0824436 -0.0807113 0.136922 0.110708
0.0416412 0.0339738 -0.206158 0.0402271 0.031863 -0.156601
-0.0612431 -0.220662 -0.160387 -0.0525484 -0.197479 -0.12397
0.245364 -0.095639 -0.226954 0.257594 -0.0972572 -0.162331
-0.173588 0.124046 0.021599 -0.17191 0.117975 0.0732416
0.0884472 -0.295736 -0.0560488 0.0895471 -0.278324 0.0127662
-0.115541 0.108055 -0.0803472 -0.0921316 0.100478 -0.0076697
0.0975664 0.216731 -0.346505 0.0874274 0.202741 -0.292961
-0.188134 -0.287398 -0.110878 -0.181923 -0.250608 -0.0550617
-0.126507 0.0928764 -0.0628229 -0.106573 0.108758 -0.0154957
0.0639687 0.054547 -0.111978 0.050103 0.0307226 -0.0696367
0.25276 -0.0286139 -0.102592 0.233459 -0.0228142 -0.0380103
0.231204 0.0903341 -0.0306027 0.210469 0.0798554 0.0010449
-0.0531274 -0.0957973 -0.0899646 -0.0567627 -0.0933516 -0.059604
0.143884 0.152918 0.370396 0.129654 0.145628 0.4095
-0.074853 0.179841 -0.19852 -0.0769037 0.141685 -0.144971
0.032741 0.575353 -0.277854 0.059562 0.557918 -0.248305
-0.0169887 0.087165 -0.369831 -0.0322739 0.0807482 -0.330965
-0.0279872 -0.0221158 0.00257814 -0.0132058 -0.0282925 0.0743484
0.0426655 -0.163051 0.425623 0.0621677 -0.169461 0.462739
0.229931 0.202647 -0.275044 0.245111 0.191008 -0.23439
-0.186163 0.217041 0.226438 -0.178466 0.221408 0.264787
0.159923 0.00140361 0.0147941 0.147046 -0.0091849 0.0478555
0.0859022 -0.0238771 0.193161 0.0936232 -0.0098322 0.229624
-0.00968378 0.150761 -0.0582129 -0.0210514 0.130599 -0.0173126
-0.242945 0.435597 0.185365 -0.216045 0.432377 0.234337
-0.0842052 0.520965 0.242276 -0.0584332 0.454515 0.187072
-0.223453 -0.362658 -0.227667 -0.18972 -0.325047 -0.292296
0.18524 0.135658 0.113019 0.15289 0.145673 0.008758
-0.209378 0.0125076 0.0179021 -0.219567 -0.0185238 -0.0390221
0.272878 -0.140767 -0.18219 0.248669 -0.115398 -0.185758
-0.0712581 -0.288939 -0.208259 -0.0905019 -0.215346 -0.242448
0.0244128 -0.0354138 0.275516 0.0223673 -0.0315959 0.226167
-0.200335 0.0630395 -0.138807 -0.195369 0.0674969 -0.21019
-0.0476631 -0.237254 -0.147971 -0.0131624 -0.246185 -0.185628
0.120572 0.0548328 -0.118504 0.101285 0.0387802 -0.134622
-0.151392 0.155831 -0.25266 -0.0700294 0.153395 -0.262276
0.136952 0.00408404 -0.192641 0.0820121 -0.0319249 -0.198937
0.0192124 0.0853031 0.422159 0.0067003 0.0994626 0.368912
0.0246657 -0.210762 -0.203693 -0.0177092 -0.221338 -0.191767
0.202008 -0.213941 -0.0420407 0.216592 -0.15379 -0.0945842
-0.00713386 0.0357407 0.0385624 -0.0184037 0.0060701 -0.0022943
-0.398198 0.105316 0.480628 -0.356467 0.0746726 0.411997
0.0836403 -0.0224219 -0.131554 0.0778413 -0.0434157 -0.224816
0.0315364 0.0834251 0.105541 -0.0251158 0.0889433 0.0795599
-0.124909 -0.124366 -0.13531 -0.13049 -0.108362 -0.138134
-0.0024502 -0.0668781 -0.595785 -0.0357287 -0.0718496 -0.584966
0.2103 -0.0763208 0.447139 0.184321 -0.0970784 0.358709
0.12006 -0.28655 0.0526909 0.0945316 -0.278299 0.0071873
0.283058 0.159542 0.00798629 0.233004 0.172473 -0.0764716
-0.140886 -0.0206659 0.213166 -0.0861896 -0.0143293 0.166945
-0.0715901 0.109996 0.333276 -0.0453096 0.104233 0.276354
0.0147212 -0.00212927 -0.0497485 0.0096077 -0.0297542 -0.0957945
0.0921021 0.258908 0.197765 0.0982851 0.195991 0.153299
0.133985 -0.116603 0.326499 0.156497 -0.0861761 0.251089
-0.069598 0.0809338 0.0310175 -0.073592 0.0787332 -0.036515
-0.163829 0.0691595 -0.165805 -0.118256 0.0698848 -0.21098
-0.0763109 -0.124834 -0.0308121 -0.100727 -0.127781 -0.0547647
-0.0533798 0.105117 -0.0416245 -0.0351288 0.0654675 -0.0971231
0.0494465 -0.102191 -0.0798801 0.0320619 -0.0569524 -0.0735586
-0.128927 -0.166847 0.154126 -0.131827 -0.135116 0.0804867
-0.166101 0.14064 -0.0882777 -0.140026 0.152515 -0.139105
-0.101268 0.134447 0.117261 -0.103399 0.204816 0.0784972
0.134642 -0.224698 -0.0292702 0.108331 -0.184142 -0.0866792
0.374281 0.103565 -0.012218 0.296648 0.125578 -0.0434466
0.0390179 -0.0626562 -0.433371 0.0614601 -0.0595337 -0.418181
0.0190317 0.0104452 0.0238943 -0.0087894 0.0246451 0.0213954
-0.173623 -0.0524158 0.440725 -0.116089 -0.0530752 0.324971
0.288614 0.2083 0.176416 0.27619 0.1797 0.137037
0.282536 -0.194289 0.633277 0.29162 -0.227572 0.5548
0.0761375 -0.279606 -0.104813 0.0652125 -0.251328 -0.158096
0.175448 0.261282 0.272421 0.132945 0.212245 0.189453
-0.408217 0.0955244 -0.000776768 -0.366576 0.123194 -0.0682145
-0.0341945 0.270986 -0.291714 -0.0146172 0.244188 -0.336069
0.0457696 0.308723 -0.0722455 0.0644045 0.318054 -0.109399
-0.039741 0.139103 -0.196135 -0.0605178 0.149783 -0.230816
0.282691 -0.189397 0.299755 0.245982 -0.121271 0.241795
-0.0227807 0.0779148 0.0442605 -0.0183483 0.0260534 0.0369553
-0.0825324 -0.140804 0.177268 -0.0040682 -0.133706 0.126932
-0.0430875 0.0417015 0.0104835 -0.0672833 0.0541806 -0.0048526
-0.250191 0.162968 0.124059 -0.235593 0.15359 0.0736366
0.0133414 0.038778 0.41166 0.0350665 0.0509061 0.327227
0.208002 -0.101596 0.212058 0.192514 -0.101412 0.145382
-0.159983 -0.0959403 0.339066 -0.141114 -0.0778493 0.259217
-0.310605 0.114178 0.327876 -0.241008 0.0681926 0.224964
0.170988 -0.215615 0.422828 0.15771 -0.213935 0.338
0.112261 0.0503456 -0.377109 0.0588411 0.055117 -0.369923
0.0210703 -0.166794 -0.00844893 0.0748965 -0.136844 -0.0515479
-0.0526731 -0.0360138 0.0958953 -0.0259508 -0.0152741 0.0468946
0.188042 -0.0846127 -0.00893663 0.166393 -0.118762 -0.0930722
-0.0693806 -0.123621 0.275617 -0.0821301 -0.0653467 0.200839
0.078498 0.0587372 0.22265 0.0965377 0.0612958 0.150289
-0.0655466 -0.119466 0.0190497 -0.0600723 -0.12392 0.0191844
-0.0649352 -0.0198654 -0.386482 -0.0450771 -0.0210814 -0.376131
0.0508982 0.5201 -0.480084 0.07403 0.46576 -0.475131
0.317303 -0.118882 -0.28817 0.261067 -0.0954556 -0.300239
-0.0223959 -0.410736 -0.328103 -0.0356421 -0.382001 -0.285316
0.213175 -0.071355 0.0574327 0.186749 -0.0873793 0.0203435
0.162437 -0.0397046 0.362324 0.126562 -0.0071623 0.259673
-0.384918 0.0147646 0.197542 -0.370217 0.0536854 0.120675
0.0508478 0.531612 0.202464 0.0390322 0.4637 0.131649
0.0841223 0.0602435 0.212916 0.0689232 0.0460289 0.190999
0.228856 -0.0589389 -0.0570745 0.206685 -0.0824955 -0.0813165
-0.189353 -0.00683675 0.116526 -0.145645 0.0478165 0.0545846
0.158849 -0.0096693 0.298675 0.177121 -0.0467884 0.218597
-0.039853 0.00403522 -0.0408175 -0.0181257 0.0182876 -0.0707899
0.0498956 0.0727623 0.0287642 0.0502764 0.0740043 -0.0430246
-0.181112 -0.0319067 -0.0542862 -0.13319 0.0361499 -0.0680081
0.161658 -0.136121 0.0352148 0.145728 -0.170013 -0.030831
-0.254982 0.178449 0.135981 -0.183191 0.151507 0.0728121
-0.135034 0.0703858 -0.0673149 -0.111776 0.0781269 -0.0524086
-0.0258139 -0.0874724 0.0548535 0.010357 -0.0822914 0.0355356
-0.0318361 0.00877263 0.00185625 -0.0572367 0.0132535 -0.0287661
-0.215246 -0.0268354 0.30207 -0.169276 -0.0853579 0.20558
-0.051708 0.129566 0.387 -0.122928 0.145792 0.334986
-0.121124 0.322865 0.251074 -0.121963 0.288043 0.192441
-0.29497 -0.107975 0.558911 -0.262298 -0.0822315 0.476588
-0.104087 -0.281497 -0.0375447 -0.132353 -0.258897 -0.0683946
0.0354703 0.00997266 0.0398477 -0.0064419 -0.0355333 -0.0095815
0.14828 0.0760733 -0.114763 0.114348 0.0741346 -0.144302
0.0226144 -0.279008 0.523609 0.0105745 -0.304193 0.433865
-0.126175 0.0490751 -0.0623594 -0.114799 -0.0005878 -0.098693
0.0204103 -0.159556 -0.0799835 0.0039186 -0.150119 -0.0406168
0.207074 0.10039 0.376263 0.190607 0.0963051 0.433239
-0.131849 0.039873 -0.0966752 -0.0940646 0.01221 -0.0330235
0.217007 -0.0692696 -0.172074 0.207248 -0.0559941 -0.119949
0.0290123 -0.086162 -0.0276428 0.0236552 -0.0900717 0.0126852
0.0254565 0.0432428 0.31922 0.0303769 0.0375105 0.373959
0.563082 0.19976 -0.302569 0.533586 0.203548 -0.242017
0.0403865 -0.00920249 -0.0244556 0.0276931 -0.0045079 0.0531678
-0.162953 0.124041 0.126576 -0.149779 0.129935 0.194171
-0.0894828 -0.358627 0.168187 -0.0814995 -0.352602 0.224932
0.208665 -0.0711197 0.169451 0.187742 -0.0716106 0.222042
-0.24901 0.375523 0.00982486 -0.223314 0.37766 0.0492228
-0.081353 -0.0519129 -0.180165 -0.0608587 -0.0569924 -0.118272
-0.0466534 -0.107087 0.105931 -0.0418427 -0.117995 0.135553
-0.240258 -0.115862 0.00675505 -0.265117 -0.125969 0.062517
-0.0857878 0.131478 -0.0522755 -0.0741178 0.14522 -0.0188229
-0.0539621 0.170323 -0.418575 -0.0585978 0.144224 -0.382392
-0.0188474 -0.24891 0.000428058 -0.0088881 -0.227757 0.0449839
0.0391129 0.234105 -0.237881 0.0418563 0.223088 -0.237932
0.149938 0.191711 0.238353 0.145992 0.164424 0.26197
0.0322231 -0.114237 0.524793 0.0242177 -0.100045 0.535048
0.00321233 0.225007 -0.428309 0.0124529 0.20209 -0.377876
0.0425664 0.445842 -0.14551 0.0267504 0.443085 -0.102083
-0.0193363 0.0781086 -0.0708797 -0.0126721 0.0692135 -0.0172161
-0.252629 -0.0259591 -0.16825 -0.231724 -0.0323537 -0.104533
0.13563 -0.0423451 -0.125178 0.112032 -0.0626265 -0.0780815
0.228744 -0.128175 0.14814 0.213219 -0.142653 0.206282
-0.0678262 -0.0332722 -0.135033 -0.0626304 -0.0151995 -0.0787474
0.0818268 0.181796 -0.369382 0.076795 0.174493 -0.307257
0.0638779 -0.115948 0.0606915 0.0532341 -0.104843 0.141859
-0.0485862 0.078761 0.0784061 -0.0634551 0.0663248 0.117103
-0.044278 0.182682 0.103708 -0.0515252 0.193273 0.152603
-0.2515 -0.33204 0.0626758 -0.251675 -0.308317 0.11824
-0.0995848 -0.161403 0.0274056 -0.0982712 -0.169498 0.0438104
0.136911 0.108154 -0.289852 0.155922 0.0983611 -0.248455
0.0619122 -0.407984 -0.0344268 0.0555173 -0.355222 0.0106975
0.17604 -0.121283 0.0459193 0.178239 -0.115382 0.0964049
0.130335 -0.00190829 -0.0186483 0.120733 -0.0151619 0.0380964
-0.0798073 -0.393501 0.0285909 -0.0587983 -0.374011 0.0760511
-0.128398 -0.213385 0.33661 -0.142203 -0.196699 0.361033
-0.0870755 0.0900208 0.105194 -0.0675577 0.0758761 0.148418
0.234082 0.0450651 -0.331786 0.217958 0.050562 -0.277052
-0.107978 -0.00332348 -0.160646 -0.112764 -0.0012041 -0.12202
0.0241467 0.122313 -0.459855 0.0313933 0.122115 -0.423718
-0.012499 -0.0541647 0.0668925 0.0062307 -0.0474326 0.113777
0.0614002 0.0760459 -0.200023 0.0560116 0.055423 -0.146753
-0.277137 0.0909297 0.236636 -0.278594 0.0906777 0.312076
0.131714 0.0934317 0.347225 0.108454 0.116636 0.411486
0.0785165 -0.0814806 0.199449 0.062499 -0.0931532 0.242291
-0.0947828 0.0279473 0.177153 -0.0824949 0.0278268 0.218121
0.113119 -0.215804 -0.573511 0.104614 -0.191673 -0.547396
-0.205968 0.453274 0.0328958 -0.206936 0.439258 0.0792818
-0.0112838 -0.118156 -0.181942 -0.0023684 -0.130291 -0.130928
0.105318 -0.346323 -0.0475062 0.114095 -0.324781 -0.0145479
0.137885 0.0180045 -0.0153116 0.121855 0.0086133 0.0406776
0.128241 0.280163 -0.250838 0.133689 0.25755 -0.196718
-0.0444076 0.00170264 -0.308119 -0.0439746 0.0150396 -0.28043
0.0616465 -0.209904 -0.24466 0.0351442 -0.216676 -0.178505
-0.288821 0.103168 -0.285437 -0.277118 0.101227 -0.216719
-0.179818 -0.0141381 -0.342996 -0.159914 -0.0062423 -0.278635
-0.140206 0.214935 0.220136 -0.115133 0.208078 0.26682
-0.3045 -0.0660614 0.0578979 -0.319786 -0.0822922 0.114466
0.185568 0.0971179 -0.150079 0.172433 0.0813172 -0.107789
0.226555 -0.104197 -0.158152 0.21656 -0.0735843 -0.0917517
-0.0676674 0.185949 -0.0895658 -0.0651135 0.164764 -0.0021279
-0.104033 -0.0837325 -0.305325 -0.099408 -0.0761472 -0.267081
0.23024 0.140057 0.00833104 0.245391 0.128812 0.0254862
-0.123326 0.118723 0.309299 -0.1134 0.133803 0.33904
0.115669 0.0595766 0.459061 0.119041 0.0685295 0.484852
-0.0312985 0.242378 0.396219 -0.0233549 0.232366 0.42949
0.0849335 -0.0730461 0.452406 0.10331 -0.0889979 0.484616
-0.00732776 0.0030402 0.0207271 -0.0030733 0.0166203 0.0527692
0.0458048 -0.001066 -0.419674 0.0307692 -0.0071229 -0.365631
-0.180004 -0.349195 -0.190024 -0.142926 -0.335671 -0.128654
-0.0684247 -0.0497695 -0.286512 -0.0864021 -0.0599094 -0.26352
-0.0510208 0.0435423 -0.253534 -0.0469696 0.0361348 -0.22909
0.098413 0.130121 -0.131452 0.0882435 0.151581 -0.0887107
0.0815729 0.0475778 -0.0830599 0.0508197 0.0407192 -0.0266068
-0.266032 -0.0684482 -0.39361 -0.27338 -0.0704283 -0.336459
0.131026 -0.0622494 0.10704 0.117077 -0.0591223 0.165
-0.178272 -0.332028 -0.129757 -0.169873 -0.318227 -0.0817938
0.062066 0.0425222 0.0311534 0.0488737 0.0112091 0.0827806
0.0458202 -0.109132 -0.0337903 0.0410533 -0.0904499 0.038793
-0.258857 -0.09878 -0.0395487 -0.239843 -0.0805789 0.0290174
0.223942 0.243284 -0.0238707 0.221849 0.214031 -0.0101853
-0.246313 -0.302327 -0.0647512 -0.215146 -0.300965 -0.0375528
0.0266024 -0.40216 -0.265121 0.0447576 -0.401349 -0.234974
-0.044688 0.188826 -0.244041 -0.0422077 0.173677 -0.197353
0.220598 -0.0317308 -0.33619 0.204395 -0.0359924 -0.2833
0.0374168 0.0692444 -0.134677 0.0472671 0.0607887 -0.103048
0.0519342 0.113264 -0.22943 0.0410354 0.113905 -0.184036
-0.0609537 0.25131 0.060694 -0.0638528 0.254065 0.113048
-0.0949519 -0.0180663 -0.0573759 -0.0908309 0.0022131 -0.019761
0.441481 0.122028 -0.261933 0.413583 0.102706 -0.232194
0.029706 0.12188 -0.563628 0.0331107 0.134331 -0.52476
-0.0702991 -0.116613 0.0115689 -0.0652471 -0.0759325 0.0320476
-0.272177 0.0735533 0.429062 -0.273799 0.0439322 0.354252
0.00617744 0.0721672 -0.248044 0.0065643 0.0688766 -0.255121
0.248677 0.129115 0.173244 0.166123 0.121521 0.16299
-0.00571587 0.397452 -0.200159 -0.0487036 0.34269 -0.234415
-0.00595737 -0.0304447 0.236589 0.0577355 -0.0567316 0.188324
-0.00640141 -0.392 0.372048 0.0080844 -0.346518 0.320272
0.335451 -0.237229 0.317471 0.299473 -0.207799 0.216897
0.166909 0.0626766 0.149077 0.159982 0.083305 0.0471033
0.127456 -0.07002 -0.0252402 0.18141 -0.0334846 -0.0139416
-0.103866 0.106944 0.131635 -0.077953 0.105935 0.0749446
-0.00882246 0.13883 -0.555919 -0.014219 0.139975 -0.532638
-0.0247402 -0.438277 -0.0273023 -0.0047892 -0.38648 -0.0965595
-0.0328544 -0.192975 -0.260932 -0.0030446 -0.170947 -0.284295
0.0615705 0.0669445 -0.0396194 0.0465545 0.0108827 -0.0712576
-0.0986453 0.0277796 0.0373581 -0.0787571 0.0032256 0.0381454
0.378948 -0.00781481 -0.307705 0.314046 -0.0020961 -0.349034
-0.0688359 -0.0164175 0.193995 -0.0907729 -0.0155621 0.131148
-0.0905613 -0.452322 0.369039 -0.0790334 -0.409986 0.28489
0.063153 -0.329665 0.100767 0.0437405 -0.324746 0.0009933
0.0928717 -0.150053 0.503375 0.0763398 -0.106679 0.422571
0.0173768 0.135408 -0.0649087 -0.0163545 0.163788 -0.0520403
-0.240591 -0.0222336 0.0184286 -0.201328 0.0349717 -0.0348268
-0.239491 0.27677 -0.169973 -0.207428 0.230343 -0.195019
0.202168 0.187305 0.132399 0.18553 0.133314 0.0907151
-0.104871 0.0588249 -0.0451927 -0.116218 0.0172834 -0.100973
0.0491321 -0.0136299 0.502271 -0.0061674 0.0240805 0.423337
0.382486 0.233937 0.423799 0.324098 0.180043 0.373233
-0.117874 -0.196513 0.0521561 -0.0964999 -0.215012 0.001051
-0.146134 -0.0280581 0.173516 -0.103238 0.0279984 0.0708861
0.0140217 -0.0945462 0.136105 -0.0069809 -0.120933 0.0589643
-0.264059 0.142173 -0.139131 -0.282907 0.132693 -0.120184
0.0210271 -0.00564773 0.0418748 0.0697593 -0.0229526 -0.0101895
-0.273962 0.41104 0.315054 -0.241634 0.379194 0.293484
-0.15284 0.120494 -0.0158424 -0.109359 0.155944 -0.0649371
0.0453951 -0.0386336 0.224317 0.0548865 -0.0616159 0.194155
-0.195676 0.0551377 0.278756 -0.183548 0.0373382 0.211145
0.0471163 0.0679601 -0.77303 0.0663471 0.0776576 -0.779269
-0.00690377 -0.0233063 0.313752 0.0477881 -0.0451764 0.263403
0.0599546 -0.151245 0.45151 0.0647885 -0.152586 0.39954
0.0644877 -0.116481 -0.122164 0.067552 -0.155323 -0.173291
-0.376655 -0.115659 0.259712 -0.356932 -0.122008 0.195227
-0.160035 -0.428514 -0.0201758 -0.122127 -0.417961 -0.0527476
0.214081 0.0686469 -0.360323 0.235164 0.0478935 -0.393802
-0.132604 -0.329843 -0.240271 -0.189557 -0.264359 -0.249159
-0.048558 -0.0361101 0.226908 -0.0501091 0.0404893 0.15921
0.0723584 -0.143004 0.112334 0.0306928 -0.0683487 0.034684
-0.0735126 0.103896 -0.151384 -0.0863742 0.0810532 -0.166031
0.149724 0.084698 -0.15946 0.117983 0.0701637 -0.160884
0.123056 0.100902 -0.479758 0.0819982 0.0829569 -0.496014
-0.00788054 -0.0396098 0.0961485 0.0239644 -0.0111464 0.0376359
-0.272929 0.312357 0.118828 -0.247887 0.279545 0.0784792
0.056622 0.0921103 0.0264919 0.0450077 0.0574115 -0.0440047
0.469472 -0.175043 -0.0101846 0.401464 -0.112749 -0.0016203
-0.397126 -0.279694 0.052149 -0.362879 -0.242539 -0.0244591
-0.117129 -0.067511 -0.230295 -0.134518 -0.0326409 -0.287268
0.326046 -0.299424 0.29814 0.320713 -0.236732 0.249211
0.0738682 0.215691 -0.382027 0.0654905 0.173342 -0.342033
-0.19623 -0.0534724 -0.448388 -0.196649 -0.103236 -0.470555
-0.231269 -0.105459 0.598658 -0.14748 -0.0940749 0.52185
0.0818658 -0.136273 0.323889 0.0851807 -0.144897 0.254529
-0.157486 -0.139642 0.192262 -0.12868 -0.0968591 0.130581
-0.114985 0.0199118 0.272132 -0.0647523 0.0595951 0.203529
0.0483523 0.0533524 0.438155 0.0769008 0.0474837 0.334605
-0.306437 -0.0856796 -0.607663 -0.288083 -0.105871 -0.594785
-0.0629929 -0.329752 -0.151971 -0.0708035 -0.248695 -0.157853
-0.0187484 -0.0232336 -0.0731548 -0.0165506 -0.019705 -0.0604924
0.147804 0.294739 -0.372516 0.143574 0.242494 -0.383048
-0.100227 -0.124343 -0.00545653 -0.0963325 -0.153266 -0.0538835
-0.00373041 -0.0184426 0.0171918 -0.0085947 0.0170399 -0.0237128
0.189459 0.0420123 0.440767 0.133165 0.0474646 0.319502
-0.224088 0.203648 0.231122 -0.190782 0.141899 0.183665
-0.0629765 -0.190009 -0.356221 -0.0357475 -0.196941 -0.397091
0.0425296 0.0508627 -0.341608 -0.0080556 0.0340031 -0.364482
-0.0114675 -0.0423289 -0.0192571 -0.0315326 -0.0377971 -0.0225705
-0.26104 0.139003 -0.192972 -0.237451 0.104632 -0.233343
-0.0933542 -0.105356 0.288857 -0.0567532 -0.10129 0.229231
0.240379 -0.0814955 -0.528615 0.220477 -0.0897645 -0.46314
0.0546456 -0.0751077 0.17824 0.021547 -0.104398 0.0951407
-0.0276505 0.224115 0.462447 -0.035698 0.204016 0.336188
-0.058463 0.00584558 0.0169615 -0.0962258 -0.0118617 -0.0354985
0.0543958 -0.0078623 -0.291282 0.0192802 -0.0161855 -0.318642
0.0265702 -0.0109572 -0.196172 0.0579841 -0.0030829 -0.257805
0.0477755 0.142732 0.170615 0.0253307 0.139802 0.140447
-0.273263 -0.269244 0.0851976 -0.267015 -0.222851 0.0227119
0.0231267 -0.0514081 0.282711 0.0853394 -0.0468236 0.193421
0.0466459 -0.0926664 0.358666 0.0156502 -0.0615459 0.266907
0.0820757 -0.342691 0.552427 0.0651 -0.277473 0.445621
0.0331283 0.119811 0.11459 0.0185723 0.113344 0.0204119
-0.0537568 -0.0789967 -0.111231 -0.0670437 -0.0683138 -0.129151
0.350126 -0.376024 0.315428 0.35854 -0.350648 0.233081
-0.146825 -0.194586 -0.240949 -0.081838 -0.151611 -0.28729
0.0439826 0.0276715 -0.350591 0.0629933 -0.0638528 -0.337945
0.270983 -0.42583 0.21344 0.250498 -0.315144 0.17457
-0.195373 0.00844256 0.159539 -0.168953 0.0444491 0.0693087
-0.0623665 0.234619 0.367701 -0.0873828 0.186743 0.304333
-0.250741 0.000347368 -0.220107 -0.226951 -0.0204212 -0.19035
0.141536 -0.191298 -0.336578 0.147351 -0.179531 -0.284562
0.0487872 0.124367 0.127202 0.0468984 0.0962228 0.138652
0.353477 0.157165 -0.0492412 0.337669 0.14126 -0.009596
-0.07996 0.0439312 -0.016628 -0.0700479 0.0446337 0.0191953
-0.179089 0.418121 -0.391049 -0.158851 0.399804 -0.379698
0.14241 -0.23303 -0.426118 0.121865 -0.23963 -0.403798
0.0744931 0.279972 -0.100812 0.0600091 0.272851 -0.0368509
-0.284326 -0.0364513 -0.172421 -0.264458 -0.041997 -0.123874
0.0558808 0.0704807 0.0179181 0.0333208 0.0698925 0.0573252
0.257558 -0.0210143 0.0259855 0.232138 -0.0304861 0.102013
-0.0320956 0.0795362 0.211114 -0.0378031 0.0613519 0.215283
-0.0159991 -0.0625186 -0.0812866 -0.0250649 -0.040214 -0.0140435
-0.284889 0.111031 0.471277 -0.283849 0.117485 0.526483
0.0115354 0.175023 -0.00126174 0.000412 0.160622 0.0279968
-0.0572156 0.0800466 -0.253918 -0.0755858 0.0711544 -0.231114
0.235009 -0.221158 0.424389 0.235492 -0.196459 0.482784
-0.216057 0.0520727 -0.0575407 -0.187059 0.052022 -0.0295801
0.291301 0.11988 -0.465319 0.278742 0.085882 -0.42594
0.19501 -0.11915 -0.0845566 0.193856 -0.101799 -0.0142422
-0.14955 -0.197989 -0.405557 -0.161126 -0.195085 -0.353284
-0.0474665 0.242477 0.266716 -0.028219 0.241762 0.308938
-0.127159 0.0399222 -0.0534798 -0.109701 0.0179093 0.0141592
0.46806 -0.0358635 0.0369836 0.429021 -0.0449784 0.0781131
0.107782 -0.100402 -0.122935 0.0969497 -0.0800181 -0.0551361
0.314142 0.248875 0.0784925 0.31021 0.246069 0.138972
0.0918702 0.195824 -0.409362 0.0873506 0.162698 -0.393617
0.157411 0.0110078 -0.194234 0.148376 0.0228044 -0.145361
0.205325 -0.27133 -0.245271 0.202146 -0.240046 -0.193563
0.0366171 0.168812 -0.199819 0.0204363 0.159262 -0.159527
0.0108927 0.171959 0.0321704 0.0278781 0.172722 0.0962675
-0.325054 -0.177451 0.0554258 -0.31153 -0.179355 0.0691645
0.223332 -0.119211 -0.24306 0.223353 -0.102986 -0.217162
0.078577 0.0741091 -0.112196 0.08312 0.0497374 -0.0705424
-0.112597 0.0733098 -0.0874049 -0.124742 0.0589543 -0.0359275
0.0711472 0.087183 -0.250173 0.0651082 0.0938566 -0.226848
0.0494625 -0.137025 -0.228845 0.0421814 -0.127125 -0.172354
-0.188315 -0.0636602 0.640113 -0.188119 -0.0495303 0.696544
-0.0800443 0.090204 -0.331868 -0.0731842 0.0772324 -0.288777
-0.0665973 0.346639 -0.532773 -0.0545955 0.326825 -0.49152
-0.0320333 0.18787 0.309187 -0.055515 0.176938 0.4013
-0.214836 0.0244333 -0.0753318 -0.193549 0.0444728 -0.0446358
-0.503709 0.348225 -0.102936 -0.489477 0.304184 -0.0605715
0.154469 0.0283656 0.441856 0.140045 0.0245548 0.508906
0.0273778 -0.225438 0.125956 0.0380508 -0.198821 0.166686
-0.467604 0.130985 -0.104936 -0.437893 0.0948116 -0.0328492
0.16749 -0.120631 0.120049 0.169164 -0.123841 0.213458
-0.00843468 -0.0893552 0.140103 -0.0045056 -0.0931411 0.176182
0.388989 0.243149 0.073305 0.367831 0.234242 0.109952
0.0555539 -0.316072 0.470354 0.0767337 -0.314653 0.507101
0.164701 0.33434 -0.0529554 0.186103 0.290861 -0.0101625
0.403512 -0.245969 -0.208434 0.390304 -0.249817 -0.162669
0.00109566 -0.0296016 0.0635614 -0.0114861 -0.0027766 0.110657
0.0490195 0.119902 0.134068 0.0594259 0.114924 0.165248
-0.145239 5.93811e-06 -0.0976595 -0.135521 -0.0001385 -0.0319493
-0.100557 -0.00566972 0.183422 -0.09141 -0.0091366 0.241363
-0.247274 0.374915 -0.34682 -0.262568 0.341602 -0.313952
-0.0918694 -0.287965 0.577202 -0.0744852 -0.262134 0.609726
-0.0491675 0.108626 0.355865 -0.0491203 0.106669 0.389269
-0.316141 -0.0169556 -0.454989 -0.309183 -0.0085701 -0.427256
0.137575 0.285323 -0.426264 0.0953728 0.275786 -0.382247
-0.218862 -0.209322 -0.0936732 -0.209928 -0.191342 -0.0630367
-0.448238 -0.323557 -0.31988 -0.446041 -0.314015 -0.279173
0.0295786 0.025141 -0.296328 0.0243608 -0.0001505 -0.248222
0.126757 -0.0775586 0.498858 0.114504 -0.066007 0.532034
-0.0536115 -0.0211268 0.304228 -0.0594225 -0.0127552 0.37259
-0.0808951 0.366427 0.135317 -0.0649075 0.360205 0.179705
0.0563293 0.0123228 0.146867 0.0479765 0.005812 0.162244
-0.00116135 0.208764 -0.119749 0.0091089 0.177222 -0.0661037
0.0234963 0.126312 0.141342 0.0315585 0.125501 0.194421
0.0819256 0.0701648 -0.522768 0.0715621 0.0615241 -0.455961
0.0218706 -0.0486535 -0.101828 0.0274187 -0.0396517 -0.0578105
0.205533 0.249984 0.177816 0.197203 0.226037 0.247644
0.064068 0.0121713 0.110969 0.064706 0.0182931 0.13535
-0.0299356 -0.0229499 -0.00174959 -0.0128857 -0.0193471 0.0369608
0.15495 -0.221395 0.331627 0.141798 -0.22312 0.395128
0.286711 0.196049 -0.456019 0.281138 0.189314 -0.42003
0.214122 0.162232 0.503591 0.204946 0.195613 0.516224
-0.0240261 0.0182905 -0.176777 -0.0192648 0.0593346 -0.115081
0.103811 0.155744 -0.147782 0.105017 0.136691 -0.076577
0.356037 -0.133352 -0.225873 0.348916 -0.1292 -0.182014
0.0737787 -0.0680657 -0.0589192 0.0831387 -0.0676012 -0.0282789
0.0721876 0.00954005 0.283665 0.0598373 0.0167785 0.324883
0.123225 -0.255277 -0.155505 0.120991 -0.233922 -0.121735
-0.0374031 -0.203478 -0.0561727 -0.0339458 -0.199198 -0.0202019
-0.0575911 -0.058411 -0.227942 -0.0893685 -0.0378912 -0.193519
-0.260296 -0.255485 -0.204181 -0.23805 -0.247545 -0.149564
-0.167899 0.305034 -0.458442 -0.163549 0.290478 -0.401644
0.164962 -0.0701604 -0.201455 0.138304 -0.0640085 -0.151515
0.026295 0.261485 0.246069 0.0171386 0.258261 0.315412
0.00115011 -0.189105 0.00583924 0.0157788 -0.172245 0.0973138
-0.174297 -0.0101828 -0.0274713 -0.164252 -0.0325508 0.0080883
0.0566493 0.176736 0.105509 0.0397562 0.154347 0.122974
-0.373044 0.126269 -0.30226 -0.374936 0.12883 -0.270503
0.182369 0.230231 -0.253358 0.186387 0.201641 -0.198728
0.0152463 0.193346 -0.163642 0.0183018 0.163296 -0.113363
0.0455181 -0.0881844 0.109281 0.0474992 -0.09951 0.134687
0.00385349 -0.15934 -0.16102 -0.0439093 -0.108078 -0.205644
0.477284 -0.0605121 -0.180493 0.42562 -0.0837377 -0.206234
-0.0709056 -0.154258 0.10834 -0.0134857 -0.135847 0.0515851
0.0896097 0.0764951 0.217984 0.105634 0.0222157 0.113368
0.413752 -0.0646419 -0.106568 0.373221 -0.0093389 -0.104171
-0.148365 -0.044971 -0.399428 -0.162591 -0.0517433 -0.410723
0.0234775 -0.0756836 -0.155397 -0.0192071 -0.0280021 -0.12502
0.113458 0.142303 0.00749334 0.0880215 0.127489 -0.0387619
-0.034844 -0.0279765 -0.594316 -0.0345261 0.0115189 -0.630234
0.0216704 0.105893 0.0666104 0.045395 0.0236217 0.0232357
-0.0731941 -0.114382 0.24742 -0.0708212 -0.0980016 0.164949
-0.204155 0.0216017 -0.184118 -0.181527 0.0141876 -0.21673
0.111497 0.045965 0.442741 0.0986554 0.0599441 0.389721
-0.0488082 -0.0645214 0.0228299 -0.0466199 -0.0494448 -0.0491297
-0.116719 -0.0478673 -0.0443065 -0.0837541 -0.0705292 -0.0860355
-0.181072 -0.0223886 -0.264327 -0.164888 -0.0384236 -0.266034
0.329443 -0.132383 0.0865728 0.311535 -0.127607 0.0237771
0.107463 0.0940194 -0.0920283 0.0977992 0.0882275 -0.104138
0.0107027 0.180595 0.0295142 0.0256025 0.209614 -0.0455321
-0.154115 -0.0851564 -0.126731 -0.148347 -0.0966089 -0.154949
-0.246312 -0.0882923 0.37323 -0.2165 -0.0832931 0.304275
-0.128487 -0.477736 0.0336938 -0.114069 -0.414602 -0.0010691
0.0345595 -7.94865e-05 0.267909 0.0070095 0.0225937 0.211566
-0.215951 0.0979564 -0.270237 -0.205469 0.108586 -0.28399
0.00389109 -0.0639115 0.144212 0.0114799 -0.0444624 0.113483
0.123269 0.105159 0.0313197 0.0466845 0.105321 -0.0173923
-0.0338591 -0.121804 -0.0270299 -0.0905925 -0.137605 -0.0217044
0.151494 -0.0747066 0.356596 0.162292 -0.0717062 0.302887
0.00809981 0.0858725 -0.145045 -0.0125276 0.0854813 -0.183334
0.224422 -0.0894257 0.139437 0.175529 -0.0712842 0.0764749
-0.0701961 -0.166538 0.0442696 -0.0620172 -0.126245 -0.0139113
0.0376902 -0.0298065 0.339579 0.0603948 -0.0370766 0.242993
-0.234558 0.149737 0.268228 -0.212347 0.137325 0.191307
-0.0695905 -0.141383 -0.250434 -0.0427996 -0.122783 -0.274028
0.209898 -0.439112 0.188005 0.188798 -0.386541 0.146302
0.262403 -0.478339 0.397799 0.254159 -0.422967 0.298048
0.279549 -0.0215898 0.061931 0.234626 -0.0662961 0.0015741
-0.102194 0.0379849 -0.133672 -0.0625269 0.0166705 -0.16717
-0.130142 -0.092088 0.198953 -0.103633 -0.0619225 0.119696
-0.0800142 -0.0470515 -0.0025633 -0.103828 -0.037236 -0.0577231
0.0757143 0.325758 0.358429 0.0542204 0.30536 0.26811
0.307196 0.197351 0.262973 0.271214 0.188362 0.20336
-0.0759843 0.263963 -0.0946567 -0.0493673 0.212368 -0.121214
-0.0354396 0.0251072 0.10592 -0.0325907 0.0316118 0.0488249
0.10476 0.188072 -0.591127 0.125448 0.161831 -0.579413
0.0518679 -0.0138816 -0.211742 0.0229265 0.0095694 -0.287198
0.264784 0.105113 -0.439908 0.26853 0.0686467 -0.398338
-0.0468792 0.0398486 -0.0119546 -0.0472911 0.0021588 -0.0681926
0.10245 -0.192151 -0.229497 0.133689 -0.174801 -0.246836
-0.0268283 0.0188124 0.0384897 -0.0404702 -0.008842 0.0077223
0.00421116 -0.0413175 -0.418266 0.0005872 -0.0047289 -0.39263
-0.224758 0.193683 -0.0950118 -0.203677 0.181822 -0.118353
-0.0774183 -0.126346 0.106521 -0.0483755 -0.0910249 0.0845701
0.215875 0.0425391 0.385312 0.219289 -0.0031537 0.28967
0.0164284 0.244392 0.0409256 -0.0323842 0.176225 -0.009389
0.142404 0.101909 -0.0342969 0.134553 0.0949471 -0.0618276
0.0630394 -0.0955828 -0.463026 0.130651 -0.049626 -0.443524
-0.253776 -0.271505 -0.130367 -0.271726 -0.249057 -0.164182
0.282822 0.242194 0.232706 0.255859 0.234034 0.177599
-0.0715202 0.0867352 0.0255967 -0.0906592 0.0898862 -0.0216798
-0.304542 0.109454 0.214394 -0.287787 0.128344 0.11491
-0.014065 -0.193688 0.435177 -0.0066169 -0.214263 0.381954
-0.00275281 0.173032 0.240323 0.0140576 0.170839 0.120984
-0.00076507 0.118974 -0.016546 0.0112481 0.0728902 -0.0768259
0.00516009 0.162518 0.208043 0.0253575 0.157361 0.152121
-0.150406 0.0840616 0.308234 -0.160858 0.0752218 0.239435
-0.12936 -0.382727 0.247954 -0.0903563 -0.358199 0.173748
-0.314017 0.165124 0.199217 -0.268008 0.156727 0.164152
0.0353168 -0.17745 -0.39621 0.033654 -0.154708 -0.404641
-0.0126787 0.361447 -0.447094 -0.0207279 0.326748 -0.424152
0.179364 0.0902855 0.343086 0.137405 0.10519 0.257196
-0.03776 -0.0423955 -0.273967 -0.0288381 -0.0876627 -0.274908
-0.327891 0.398634 -0.217575 -0.27623 0.324735 -0.253663
-0.0489667 -0.0771495 0.10241 -0.0410759 -0.107588 0.0415849
-0.118091 0.232831 0.267141 -0.0918419 0.195831 0.163881
0.0388964 0.262128 0.420347 0.0102881 0.248384 0.316594
0.0366739 0.176964 -0.062778 0.0585155 0.180181 -0.0882419
0.00549406 -0.329719 0.0573346 0.017922 -0.274945 0.0025435
0.174855 0.280617 0.141214 0.171407 0.217402 0.0928123
-0.0438516 -0.176823 0.254509 -0.0463573 -0.14946 0.17641
0.0422568 0.0788831 0.125791 -0.0203247 0.0732247 0.0577007
-0.35008 -0.218121 0.117038 -0.295814 -0.179226 0.0883257
0.235306 0.240011 0.143319 0.205063 0.202425 0.136209
0.0070257 -0.216253 0.131791 0.0307727 -0.209627 0.0614049
0.0945749 -0.0263587 0.157337 0.0956444 0.0014282 0.0964216
0.143172 -0.087418 -0.140698 0.152028 -0.115132 -0.149105
0.102672 -0.212583 0.036719 0.0727555 -0.195272 -0.0207366
-0.269924 -0.0589518 0.043041 -0.218282 -0.0195198 -0.0223405
0.289286 -0.117248 0.249581 0.209029 -0.0702256 0.225033
-2.50228e-05 -0.00667006 0.113374 -0.0022386 -0.0192681 0.068055
0.262436 0.0938889 0.248827 0.230058 0.10918 0.191363
-0.0332915 0.125288 -0.065424 -0.0359033 0.0978206 -0.0898448
-0.0916067 -0.381564 0.193216 -0.126458 -0.376303 0.123513
-0.10402 0.0350267 -0.0157268 -0.0398781 0.0232707 -0.0515651
0.00733292 0.0449805 -0.486927 0.0024669 0.0547714 -0.458354
-0.0701934 -0.127885 -0.202865 -0.0633386 -0.0768347 -0.190281
-0.0935261 -0.132753 0.14592 -0.088748 -0.143329 0.20065
-0.0631879 0.0673271 0.343127 -0.0555919 0.070755 0.37355
-0.0117429 -0.184881 -0.128043 -0.0277553 -0.187377 -0.0838851
0.414152 -0.196821 -0.0250309 0.400739 -0.172698 0.0672165
-0.0109611 -0.066865 0.143197 0.0008641 -0.0688853 0.162662
-0.187321 0.283996 0.28102 -0.19663 0.27371 0.32037
-0.168019 0.192615 0.313128 -0.140109 0.207813 0.346406
0.00856378 -0.183982 -0.285481 0.0059033 -0.163292 -0.26292
0.262772 -0.0134351 0.421522 0.254617 -0.0394775 0.459429
0.242396 0.203176 0.00670113 0.229449 0.210112 0.0332088
-0.139543 -0.00736246 -0.384935 -0.114547 -0.0120996 -0.377188
0.0167381 0.0683545 0.197275 -7e-06 0.0656502 0.214651
0.0156814 -0.089553 -0.279653 0.0052604 -0.0875651 -0.229371
-0.0617229 -0.0351058 -0.329901 -0.0515791 -0.0293073 -0.29756
-0.061999 -0.0923912 0.0215842 -0.0595512 -0.0857272 0.0879096
0.162943 0.207773 0.412868 0.154164 0.218059 0.461042
-0.0028873 -0.155378 -0.0471788 -0.0254894 -0.15443 0.0108687
0.093643 0.183248 0.344659 0.100516 0.17549 0.404703
-0.112119 -0.109123 -0.109386 -0.100691 -0.0913774 -0.0657433
0.0107512 -0.365317 0.185133 0.0014443 -0.34792 0.238104
-0.089408 -0.0571408 -0.138053 -0.0955088 -0.0531346 -0.0849949
0.390382 -0.196303 -0.255726 0.382188 -0.180251 -0.237129
-0.321034 0.0490246 -0.297086 -0.299131 0.0540947 -0.265537
0.0389602 -0.121323 0.131404 0.0323954 -0.112844 0.161609
0.486843 -0.436118 -0.28646 0.45324 -0.423133 -0.237946
0.108111 0.148471 -0.138063 0.116037 0.15543 -0.0849764
0.0531424 0.0794081 0.023378 0.0526196 0.0528766 0.0677474
-0.196569 -0.167081 -0.427174 -0.201107 -0.14086 -0.376688
0.135447 -0.0617104 0.389683 0.134666 -0.071272 0.461254
-0.0499041 0.0361418 -0.247931 -0.0386804 0.0294642 -0.184645
0.229313 0.205808 -0.0172222 0.213211 0.185715 0.0346411
0.0433791 -0.0132615 -0.35082 0.0371912 -0.0015396 -0.284957
-0.0815113 -0.0251551 -0.100248 -0.0769712 -0.0403176 -0.0331375
-0.073816 -0.352121 0.12241 -0.0912075 -0.321825 0.146991
-0.0639452 0.0160931 -0.120461 -0.0527723 0.0191381 -0.0878423
-0.0820683 -0.00242555 -0.388002 -0.0808302 0.039153 -0.326548
-0.0336372 -0.000646885 -0.0491884 -0.0407563 -1.54e-05 0.0229101
-0.071293 0.143569 -0.0582701 -0.0840154 0.154782 -0.02553
0.0371505 -0.108766 -0.15224 0.0471049 -0.140968 -0.0770687
0.110242 -0.0697818 -0.0171342 0.0881176 -0.0739613 0.043422
-0.432829 -0.182778 -0.245572 -0.399386 -0.211247 -0.196627
0.040102 0.379016 -0.18832 0.0370852 0.372822 -0.152833
-0.317765 -0.187419 0.202222 -0.319773 -0.180204 0.254548
0.173564 0.0376732 -0.273476 0.168628 0.0302308 -0.256177
-0.0828318 0.170181 0.534372 -0.0626899 0.152209 0.560488
0.222162 0.164676 0.172916 0.192075 0.142128 0.231745
-0.170248 -0.0042819 0.385442 -0.157478 0.006268 0.37668
0.200063 0.365935 0.0515645 0.199883 0.371525 0.0879863
-0.0330371 0.296421 0.283 -0.0212767 0.278907 0.338021
0.0323653 0.101441 0.167244 0.0135896 0.125216 0.225976
-0.191964 -0.100795 0.245462 -0.1713 -0.0894877 0.258426
-0.341211 0.158802 -0.0818743 -0.309437 0.155593 -0.0733291
-0.137162 -0.0276761 -0.319642 -0.133668 -0.0452061 -0.304546
0.132651 0.100018 -0.316289 0.118926 0.0960619 -0.280966
0.1154 0.266725 0.116077 0.124687 0.26845 0.171748
-0.0293205 0.0356575 0.109149 -0.0193484 0.0327493 0.150467
-0.0721234 0.0393297 0.242793 -0.083936 0.019279 0.266166
0.0110069 -0.188455 0.117023 0.0344049 -0.183347 0.159452
0.201236 -0.193828 -0.127905 0.188327 -0.207329 -0.0804688
0.191703 0.189641 0.186453 0.17718 0.184208 0.228838
-0.154416 -0.00455224 0.0218309 -0.128711 -0.0032618 0.1179
0.112767 -0.0286781 -0.252393 0.118757 -0.0002167 -0.212725
0.02935 0.202123 -0.25395 0.0183666 0.174121 -0.189661
-0.266438 -0.0434744 0.0115973 -0.258464 -0.0587183 0.0613906
-0.0470408 -0.00248366 -0.199078 -0.035112 0.0106187 -0.155337
-0.0188248 -0.0393572 -0.443272 -0.0155071 -0.0390653 -0.406579
-0.11707 0.108647 -0.351846 -0.127696 0.116237 -0.306235
0.227454 -0.123071 -0.267947 0.212147 -0.112591 -0.232705
0.143981 0.0138591 0.194667 0.145799 0.0005644 0.222132
-0.0518594 -0.00812737 0.335649 -0.0387263 -0.0172417 0.3452
-0.0166886 0.0140059 -0.421409 -0.0182625 -0.008703 -0.365837
0.110031 0.0213133 0.534578 0.112042 0.027359 0.60194
0.157103 0.486812 0.136783 0.169149 0.460193 0.180104
0.0461508 0.514541 -0.0949647 0.0483008 0.479415 -0.013708
-0.122443 -0.11363 -0.19846 -0.106251 -0.0991829 -0.120459
-0.147823 -0.303638 -0.326016 -0.104565 -0.302483 -0.263284
-0.513331 -0.0270761 -0.210471 -0.495204 -0.022746 -0.173431
0.00408546 0.202896 0.0757309 0.0008523 0.189341 0.131392
0.0701119 0.0213974 -0.25625 0.066495 0.0347167 -0.215868
0.123608 -0.163779 -0.256337 0.101567 -0.183303 -0.190026
-0.0350319 0.0341301 -0.159636 -0.0245715 0.0195984 -0.109163
-0.200757 0.141591 -0.200511 -0.187689 0.138244 -0.187751
-0.106979 0.0611051 -0.130624 -0.104542 0.0641947 -0.105552
-0.161395 0.246372 -0.0392664 -0.15566 0.2365 0.0173544
-0.327827 -0.328624 -0.209837 -0.328127 -0.299745 -0.173429
0.153858 -0.0215203 0.178731 0.134256 -0.0016734 0.224002
-0.0473452 0.0490272 -0.0610153 -0.0342967 0.0339867 -0.0091174
-0.114482 -0.425146 -0.0825654 -0.123178 -0.428636 -0.0181641
0.286097 0.199378 -0.162539 0.300057 0.165237 -0.124588
-0.151005 -0.0693867 -0.254922 -0.136364 -0.0577046 -0.210295
-0.0241923 -0.0985022 -0.306819 -0.0241295 -0.0922767 -0.266457
0.0276692 0.0835378 0.309108 0.0194862 0.0697911 0.366076
0.12809 -0.0342375 -0.22853 0.117277 -0.024073 -0.204563
-0.164868 0.142865 0.242633 -0.163006 0.135399 0.291551
0.12869 -0.136503 0.694864 0.110741 -0.12396 0.728484
-0.103879 -0.125779 0.0749448 -0.103406 -0.108137 0.0857764
