573.906 594.226
506.218 519.28
440.982 448.086
378.177 380.472
317.885 316.505
260.061 255.958
204.692 198.901
151.758 144.774
101.227 93.6703
53.0679 45.4237
7.24057 0.047003
-36.3009 -42.44
-77.6286 -82.2991
-116.747 -119.603
-153.736 -154.549
-188.655 -187.111
-221.564 -217.512
-252.524 -245.784
-281.599 -272.09
-308.855 -296.345
-334.353 -318.639
150.754 150.512
133.096 130.927
116.325 112.563
100.331 95.2896
85.1181 79.135
70.584 63.9258
56.74 49.6669
43.4974 36.1412
30.8672 23.3983
18.7801 11.4568
7.24057 0.0469057
-3.79246 -10.5998
-14.3527 -20.6534
-24.4768 -30.125
-34.1449 -39.0675
-43.3964 -47.4897
-52.2921 -55.4401
-60.7677 -62.9381
-68.8936 -70.0878
-76.6556 -76.8722
-84.1195 -83.3117
53.7683 67.6858
48.9713 59.6737
44.2134 52.0962
39.495 44.7451
34.7833 37.6106
30.1138 30.8617
25.4852 24.3045
20.8679 18.0443
16.3054 11.8685
11.7541 5.92318
7.24057 0.0471731
2.78303 -5.47921
-1.64672 -11.0018
-6.04991 -16.4273
-10.3941 -21.6944
-14.7025 -26.9809
-18.9795 -32.041
-23.2149 -37.0772
-27.4073 -42.0407
-31.5505 -46.9188
-35.6689 -51.6613
688.082 701.466
601.181 610.118
518.812 524.04
440.815 443.008
367.094 366.871
297.539 295.349
232.011 228.453
170.336 165.563
112.429 106.71
58.0995 51.5554
7.24057 0.0472174
-40.273 -47.8275
-84.6319 -92.3856
-125.924 -133.847
-164.288 -172.508
-199.874 -208.292
-232.816 -241.444
-263.234 -271.941
-291.255 -300.269
-316.998 -326.273
-340.59 -350.009
216.404 242.268
189.904 209.379
164.906 178.985
141.252 150.67
118.871 124.324
97.6656 99.7901
77.6159 77.0147
58.5697 55.733
40.5608 35.9823
23.4473 17.403
7.24057 0.0472174
-8.10389 -16.0977
-22.6668 -31.1256
-36.5025 -45.1825
-49.5788 -58.4205
-61.9725 -70.761
-73.7571 -82.3472
-84.8804 -93.2647
-95.4187 -103.375
-105.369 -112.899
-114.818 -122.071
828.911 825.12
719.284 712.765
616.62 608.15
520.458 510.654
430.663 420.187
346.797 336.1
268.647 258.501
195.86 186.3
128.22 119.382
65.4196 57.4149
7.24057 0.0471344
-46.5776 -52.5732
-96.3022 -101.036
-142.119 -145.474
-184.237 -186.391
-222.88 -223.91
-258.268 -258.399
-290.543 -289.807
-319.92 -318.398
-346.553 -344.199
-370.626 -367.329
976.825 966.267
839.515 829.147
712.906 702.708
596.151 586.453
488.726 479.716
389.949 381.547
299.317 291.533
216.173 208.887
140.133 133.064
70.6146 63.6793
7.24057 0.0472174
-50.4125 -57.8262
-102.802 -110.424
-150.257 -158.369
-193.097 -202.063
-231.686 -241.607
-266.347 -277.477
-297.322 -309.679
-324.907 -338.779
-349.339 -364.998
-370.874 -388.097
551.495 550.166
479.784 477.452
412.534 409.447
349.427 345.746
290.269 285.996
234.83 230.105
182.978 177.855
134.422 128.86
89.0934 83.065
46.7318 40.1583
7.24057 0.0469015
-29.5314 -37.319
-63.7665 -72.0518
-95.6354 -104.486
-125.16 -134.819
-152.53 -162.97
-177.891 -189.223
-201.291 -213.504
-222.878 -236.121
-242.728 -257.211
-260.977 -276.841
822.598 821.092
712.74 709.707
610.106 605.99
514.302 509.421
424.928 419.508
341.778 335.943
264.455 258.522
192.622 186.452
125.995 119.575
64.2928 57.4753
7.24057 0.0472174
-45.4041 -52.8447
-93.9433 -101.677
-138.574 -146.696
-179.523 -188.334
-217.018 -226.491
-251.293 -261.571
-282.506 -293.634
-310.848 -323.011
-336.514 -349.931
-359.659 -374.349
902.071 893.129
778.791 768.939
664.347 653.881
557.986 547.494
459.478 449.268
368.223 358.377
283.91 274.667
205.984 197.414
134.155 126.203
68.024 60.4916
7.24057 0.0472174
-48.4987 -55.283
-99.5644 -105.813
-146.211 -151.985
-188.722 -194.458
-227.37 -233.098
-262.427 -268.563
-294.08 -300.714
-322.599 -329.526
-348.172 -355.624
-371.009 -379.235
-119.394 0.00500184
-25.656 0.00161706
-0.904302 -0.0300496
196.212 172.402
168.704 147.989
143.499 125.597
120.425 104.9
99.3588 85.9304
80.1401 68.4826
62.6312 52.4821
46.7057 37.6997
32.24 24.1237
19.1215 11.5637
7.24362 0.047003
-3.4946 -10.4531
-13.1922 -20.0353
-21.9255 -28.8713
-29.7833 -36.9885
-36.8415 -44.4466
-43.172 -51.2778
-48.8405 -57.6036
-53.9095 -63.437
-58.4369 -68.7471
-62.4751 -73.6252
619.364 616.081
541.825 536.342
468.137 461.12
398.306 390.083
332.196 323.301
269.678 260.516
210.626 201.714
154.999 146.332
102.62 94.3411
53.4197 45.5997
7.24362 0.0469057
-36.0105 -42.2942
-76.4501 -81.68
-114.157 -118.349
-149.342 -152.469
-182.066 -184.068
-212.431 -213.376
-240.584 -240.449
-266.607 -265.439
-290.621 -288.22
-312.721 -308.952
53.7732 67.6858
48.9754 59.6737
44.2175 52.0962
39.4988 44.7451
34.7871 37.6106
30.1174 30.8617
25.4887 24.3045
20.8714 18.0443
16.3087 11.8685
11.7574 5.92318
7.24362 0.0471731
2.78588 -5.47921
-1.64384 -11.0018
-6.04708 -16.4273
-10.3915 -21.6944
-14.6999 -26.9809
-18.9771 -32.041
-23.2124 -37.0772
-27.405 -42.0407
-31.5484 -46.9188
-35.6668 -51.6613
268.373 269.321
230.066 230
195.148 194.341
163.318 161.742
134.302 131.982
107.883 104.809
83.8319 79.9923
61.9098 57.3395
41.9708 36.6769
23.7935 17.5476
7.24362 0.0472174
-7.80995 -15.9633
-21.5371 -30.5405
-34.0523 -44.0011
-45.447 -56.4738
-55.8465 -67.9448
-65.3508 -78.5785
-74.0372 -88.4796
-81.9848 -97.629
-89.2621 -106.122
-95.9527 -114.068
740.05 728.518
641.345 630.74
549.033 539.396
462.919 454.08
382.601 374.529
307.822 300.369
238.272 231.43
173.71 167.191
113.86 107.404
58.4562 51.6993
7.24362 0.0472174
-39.9862 -47.6942
-83.4846 -91.8004
-123.438 -132.664
-160.125 -170.561
-193.716 -205.477
-224.397 -237.699
-252.379 -267.156
-277.813 -294.523
-300.878 -319.482
-321.735 -342.007
828.828 825.12
719.257 712.765
616.549 608.15
520.464 510.654
430.681 420.187
346.85 336.1
268.663 258.501
195.904 186.3
128.239 119.382
65.4492 57.4149
7.24362 0.0471344
-46.6051 -52.5732
-96.3286 -101.036
-142.101 -145.474
-184.242 -186.391
-222.902 -223.91
-258.262 -258.399
-290.555 -289.807
-319.929 -318.398
-346.573 -344.199
-370.632 -367.329
976.729 966.267
839.484 829.147
712.828 702.708
596.158 586.453
488.746 479.716
390.005 381.547
299.333 291.533
216.219 208.887
140.152 133.064
70.6444 63.6793
7.24362 0.0472174
-50.4397 -57.8262
-102.827 -110.424
-150.239 -158.369
-193.102 -202.063
-231.706 -241.607
-266.342 -277.477
-297.332 -309.679
-324.915 -338.779
-349.357 -364.998
-370.88 -388.097
838.067 829.294
724.489 715.868
618.763 610.466
520.544 512.54
429.291 421.685
344.635 337.374
266.161 259.285
193.531 186.871
126.392 119.737
64.4025 57.5233
7.24362 0.0469015
-45.3504 -52.8097
-93.681 -101.544
-137.983 -146.416
-178.567 -187.845
-215.643 -225.869
-249.424 -260.76
-280.152 -292.664
-308.002 -321.803
-333.174 -348.441
-355.842 -372.577
567.021 558.369
491.565 483.613
421.264 413.923
355.658 348.864
294.584 288.172
237.624 231.536
184.657 178.618
135.336 129.279
89.4787 83.2764
46.8555 40.2062
7.24362 0.0472174
-29.4564 -37.2839
-63.5281 -71.9165
-95.0494 -104.205
-124.224 -134.372
-151.162 -162.349
-176.002 -188.414
-198.932 -212.534
-220.015 -234.912
-239.388 -255.721
-257.144 -275.068
901.981 893.129
778.763 768.939
664.273 653.881
557.993 547.494
459.498 449.268
368.278 358.377
283.925 274.667
206.029 197.414
134.173 126.203
68.0538 60.4916
7.24362 0.0472174
-48.5265 -55.283
-99.5903 -105.813
-146.194 -151.985
-188.726 -194.458
-227.391 -233.098
-262.422 -268.563
-294.091 -300.714
-322.608 -329.526
-348.191 -355.624
-371.016 -379.235
-119.394 0.00500184
-25.6559 0.00161706
-0.904305 -0.0300496
70.0282 84.0972
57.027 72.5309
45.229 61.8873
34.5458 51.9793
24.9121 42.8445
16.2466 34.3446
8.47892 26.5862
1.54357 19.2478
-4.62177 12.3987
-10.0758 6.00658
-14.8727 0.0612725
-19.0642 -5.43334
-22.7003 -10.6649
-25.821 -15.5964
-28.4726 -20.3598
-30.6926 -24.8463
-32.5185 -29.1411
-33.9835 -33.3406
-35.1198 -37.4007
-35.9569 -41.3181
-36.5221 -45.0971
70.026 84.0726
57.0261 72.5312
45.2254 61.8881
34.5496 51.9798
24.9197 42.8451
16.2538 34.3452
8.48325 26.5861
1.54686 19.2478
-4.61986 12.3745
-10.0747 6.03951
-14.8727 0.0612153
-19.0644 -5.43399
-22.6984 -10.6642
-25.8191 -15.5964
-28.4703 -20.3594
-30.6897 -24.8459
-32.5177 -29.1607
-33.9823 -33.3403
-35.1181 -37.4014
-35.9545 -41.3176
-36.5227 -45.0968
765.805 760.091
657.361 654.903
556.866 557.504
463.869 466.757
377.908 383.141
298.447 305.984
225.071 234.707
157.463 168.872
95.1567 108.012
37.8335 51.8174
-14.8727 0.0613987
-63.3046 -47.356
-107.705 -90.6963
-148.356 -130.312
-185.54 -166.771
-219.51 -200.024
-250.474 -230.226
-278.657 -257.928
-304.261 -283.179
-327.464 -306.096
-348.461 -326.868
845.99 851.778
725.836 733.57
614.557 624.197
511.654 522.427
416.641 428.767
328.933 342.188
248.076 262.384
173.716 188.567
105.348 120.624
42.6182 57.8543
-14.8727 0.0613392
-67.5029 -52.89
-115.548 -101.122
-159.316 -145.149
-199.126 -185.873
-235.255 -222.65
-267.94 -256.089
-297.433 -286.331
-323.959 -314.048
-347.722 -339.2
-368.938 -361.893
845.989 851.778
725.835 733.57
614.553 624.197
511.657 522.427
416.649 428.767
328.94 342.188
248.081 262.385
173.719 188.58
105.35 120.624
42.6194 57.8537
-14.8727 0.0613392
-67.5029 -52.8907
-115.546 -101.122
-159.314 -145.148
-199.123 -185.873
-235.252 -222.65
-267.94 -256.096
-297.431 -286.331
-323.958 -314.048
-347.72 -339.191
-368.939 -361.893
172.927 189.578
142.533 161.589
115.368 136.333
91.1456 113.095
69.6319 92.0395
50.5689 72.8161
33.747 55.6907
18.9682 39.9354
6.04851 25.447
-5.18033 12.1302
-14.8727 0.0612787
-23.1707 -10.7947
-30.2067 -20.8344
-36.0941 -29.907
-40.9488 -38.4162
-44.8693 -46.1221
-47.9473 -53.1617
-50.2672 -59.6758
-51.9059 -66.0419
-52.934 -71.7456
-53.416 -77.0717
943.334 973.713
807.373 835.317
681.945 707.884
566.42 590.306
460.199 482.71
362.566 383.912
272.974 293.406
190.968 210.11
115.956 133.764
47.5019 64.1432
-14.8727 0.0613392
-71.6156 -58.1859
-123.068 -110.847
-169.6 -158.831
-211.586 -202.932
-249.356 -242.391
-283.195 -277.831
-313.398 -309.812
-340.233 -338.873
-363.94 -365.275
-384.77 -388.641
882.988 906.555
757.54 779.526
641.385 662.249
534.008 553.543
434.882 453.793
343.397 361.783
259.084 277.064
181.566 198.872
110.322 127.054
44.9813 60.9547
-14.8727 0.0612384
-69.6313 -55.5571
-119.583 -106.18
-165.053 -152.36
-206.367 -195.054
-243.815 -233.548
-277.644 -268.424
-308.113 -300.004
-335.46 -328.72
-359.893 -354.862
-381.639 -378.521
882.994 906.555
757.544 779.526
641.392 662.249
534.006 553.543
434.877 453.792
343.391 361.783
259.082 277.064
181.566 198.872
110.321 127.079
44.9827 60.9547
-14.8727 0.0613392
-69.6303 -55.5572
-119.585 -106.179
-165.053 -152.36
-206.368 -195.072
-243.816 -233.548
-277.643 -268.424
-308.113 -300.004
-335.459 -328.72
-359.894 -354.862
-381.639 -378.521
481.797 503.448
415.236 437.732
353.046 376.098
295.065 318.249
240.98 263.921
190.522 212.791
143.449 164.686
99.5812 119.606
58.6971 77.3806
20.5824 37.5313
-14.8727 0.0613392
-47.9147 -35.1046
-78.6566 -67.9646
-107.241 -98.742
-133.787 -127.674
-158.439 -154.832
-181.317 -180.397
-202.532 -204.334
-222.18 -226.731
-240.356 -247.555
-257.182 -267.175
-119.395 0.00500184
-25.655 0.00161706
-0.903717 -0.0300496
161.563 147.021
138.568 126.884
117.281 108.144
97.6177 90.6476
79.5489 74.4076
62.9794 59.3812
47.8242 45.5165
34.0316 32.7086
21.5063 20.883
10.1812 9.93655
0.00492424 0
-9.11062 -9.06549
-17.2317 -17.2602
-24.4177 -24.7447
-30.7208 -31.5364
-36.2179 -37.6703
-40.9585 -43.2015
-45.0087 -48.1638
-48.4133 -52.5536
-51.2241 -56.3206
-53.4939 -59.5448
-82.7772 -109.147
-76.8705 -97.3321
-70.1789 -85.5703
-62.8027 -74.0021
-54.8514 -62.6385
-46.4193 -51.4889
-37.6015 -40.6429
-28.4747 -30.0099
-19.1249 -19.6732
-9.59754 -9.69423
0.00492424 0
9.6474 9.31797
19.2903 18.3305
28.8526 26.9159
38.3086 35.1368
47.6386 42.9403
56.7685 50.3787
65.6935 57.4021
74.3959 64.072
82.8286 70.3925
90.9764 76.3217
0.00559865 0
0.00548907 0
0.00541122 0
0.00543111 0
0.00529478 0
0.00529143 0
0.00518381 0
0.00509745 0
0.00523957 0
0.00496923 0
0.00492424 0
0.0049015 0
0.00476656 0
0.00471602 0
0.00482947 0
0.00461039 0
0.00454365 0
0.00448869 0
0.00440316 0
0.00452346 0
0.00428565 0
181.215 155.987
153.53 133.541
128.385 112.907
105.596 93.9785
85.0432 76.6489
66.5537 60.7989
49.9657 46.2949
35.1577 33.1068
21.9744 21.0183
10.2902 9.98316
0.00492424 0
-9.01629 -9.04441
-16.8807 -17.1783
-23.6836 -24.5717
-29.5115 -31.249
-34.4682 -37.2639
-38.6284 -42.6801
-42.0799 -47.4358
-44.8872 -51.8633
-47.1185 -55.7204
-48.838 -58.87
-91.1462 -109.131
-83.9395 -97.8257
-75.9641 -86.3106
-67.3634 -74.8035
-58.282 -63.3862
-48.8479 -52.1072
-39.18 -41.1384
-29.3728 -30.3101
-19.5281 -19.8164
-9.69859 -9.7348
0.00492424 0
9.54606 9.27444
18.8847 18.1902
27.9424 26.618
36.7001 34.6195
45.1412 42.1396
53.2019 49.1809
60.8851 55.7226
68.1819 61.8133
75.0595 67.4671
81.5096 72.7301
0.00752492 0
0.00942049 0
0.00850509 0
-0.0131234 0
-0.0107223 0
-0.00713083 0
0.00455138 0
0.004158 0
0.00462103 0
0.00439194 0
0.00492424 0
0.00461762 0
-0.00742822 0
-0.00504634 0
-0.00514141 0
-0.00335109 0
0.00296164 0
0.00317659 0
0.00265798 0
0.00258271 0
0.00268994 0
0.00839139 0
0.010613 0
0.0101432 0
-0.014094 0
-0.0120815 0
-0.00751109 0
0.00480448 0
0.00450999 0
0.00474997 0
0.00443441 0
0.00492424 0
0.00456416 0
-0.00731607 0
-0.0047714 0
-0.00462001 0
-0.00306691 0
0.00257124 0
0.00282237 -0
0.00224396 0
0.00221719 0
0.00220816 0
-64.8546 -71.1068
-57.0451 -61.7105
-49.4768 -52.861
-42.1829 -44.5486
-35.1555 -36.6577
-28.4492 -29.3147
-22.0822 -22.627
-16.0323 -16.2632
-10.3309 -10.3709
-4.99572 -4.95794
0.00492424 0
4.65463 4.51173
8.94865 8.66829
12.8938 12.4276
16.5202 15.8482
19.8275 18.8744
22.8049 21.5862
25.4856 23.9709
27.8742 26.129
29.9774 28.0558
31.8116 29.682
91.7058 85.3123
77.4551 72.382
64.5958 60.6129
53.0104 49.9492
42.6024 40.4256
33.287 31.7913
24.9627 23.9465
17.5655 16.9878
10.9729 10.6939
5.15583 5.04009
0.00492424 0
-4.50514 -4.45208
-8.47058 -8.43662
-11.9011 -11.9432
-14.863 -15.0366
-17.4092 -17.7994
-19.5715 -20.1838
-21.3976 -22.2924
-22.9234 -24.0372
-24.1673 -25.4764
-25.1725 -26.6141
0.00790263 0
0.0105404 -0
0.00892786 0
-0.013713 0
-0.0116355 0
-0.00743786 0
0.00469071 0
0.00440736 0
0.00470441 0
0.00441175 0
0.00492424 0
0.00461375 0
-0.00733046 0
-0.00492802 0
-0.00479673 0
-0.00321187 0
0.00280058 0
0.00292193 0
0.0024756 0
0.00233599 0
0.0024269 0
3.02494e-06 0
-6.99129e-05 -0
-0.0101393 0
0.00291699 0
0.00254595 0
0.0021832 0
0.00184613 0
0.00152013 0
0.00123569 0
0.000960648 0
0.000702858 0
0.000451997 0
0.000232048 0
-2.07056e-06 0
-0.000199322 0
-0.000401482 0
-0.000583738 0
-0.000755534 0
-0.00091809 0
-0.00109965 0
-0.00123429 0
-0.00137743 0
-0.00152922 0
-0.00166267 0
-0.00302547 0
-0.00261849 0
-0.00220978 0
-0.00189316 0
-0.00154975 0
-0.00122058 0
-0.000968695 0
-0.000682473 0
-0.000441469 0
-0.000209708 0
-2.07056e-06 0
0.000223082 0
0.000405364 0
0.000573784 0
0.000760719 0
0.000922337 0
0.00109074 0
0.00124671 0
0.00135392 0
0.00151959 0
0.00164759 0
1.28523e-05 0
-1.93715e-06 0
-6.37025e-06 0
-1.58027e-05 0
1.28746e-05 -0
9.18657e-06 0
5.73322e-06 0
-1.40965e-05 -0
1.26325e-05 0
1.01421e-06 0
-2.07056e-06 -0
-1.0062e-05 0
-1.58977e-05 0
3.45334e-06 0
-1.60299e-05 0
4.20585e-06 -0
-2.63005e-06 0
-5.7891e-06 0
-1.74865e-05 -0
8.56817e-06 0
-4.61936e-07 -0
0.000126302 0
-0.000218213 0
-0.00158244 0
0.000188231 0
-7.55787e-05 0
0.000393182 0
0.000176758 0
7.31498e-05 0
-3.42727e-06 0
-4.38057e-05 0
-2.07056e-06 -0
4.29749e-05 0
-5.08726e-05 0
0.000780717 0
0.000103891 0
-6.10948e-07 0
-0.00067091 0
-7.84546e-05 0
-0.000981688 0
-0.0010162 0
-0.00133586 0
-0.000146747 0
0.00021553 0
0.00159901 0
-0.000188768 0
5.66244e-05 0
-0.000387877 0
-0.000172675 0
-6.62655e-05 0
-2.57045e-06 0
3.03015e-05 0
-2.07056e-06 -0
-6.38366e-05 0
5.29736e-05 0
-0.00077489 0
-0.000102654 0
-1.49608e-05 0
0.00066483 0
9.29981e-05 0
0.000937924 0
0.000987694 0
0.00128233 0
-1.97589e-05 -0
2.02656e-05 0
-3.0756e-05 0
-3.42429e-05 0
-4.23193e-06 -0
-1.1459e-05 0
-8.22544e-06 0
6.23614e-06 0
1.20699e-06 0
5.3104e-06 0
-2.07056e-06 0
9.53674e-06 0
-1.6097e-05 0
2.48104e-06 0
1.02073e-06 0
2.28733e-06 0
1.19954e-06 0
-4.02331e-06 0
-3.48687e-06 -0
-3.59118e-06 -0
-6.64592e-06 0
-1.63913e-05 0
-1.09673e-05 0
3.8892e-05 0
6.25849e-07 0
-1.40071e-05 -0
-1.26362e-05 -0
8.76188e-06 0
-1.28001e-05 -0
1.88351e-05 0
3.38294e-05 -0
-2.07056e-06 -0
5.93439e-06 0
-1.49682e-05 -0
-1.45137e-05 0
-5.0962e-06 -0
-2.26498e-06 0
1.25021e-05 -0
-4.08292e-06 0
-7.43568e-06 0
2.15918e-05 0
1.59442e-06 0
-9.28044e-05 0
0.000145406 0
0.000866085 0
-0.000119358 0
3.34233e-05 0
-0.000207856 0
-9.65148e-05 0
-2.9549e-05 0
5.42402e-06 0
-3.34717e-06 0
-2.07056e-06 0
-2.77907e-05 0
4.5348e-05 0
-0.000383139 0
-4.69759e-05 0
-9.41008e-06 0
0.000341728 0
3.11881e-05 0
0.000399664 0
0.000433281 0
0.000558704 0
9.20296e-05 0
-0.000144869 0
-0.000859648 0
0.000110179 0
-3.14713e-05 0
0.000196233 0
7.97212e-05 0
3.38331e-05 0
-4.75347e-06 0
-7.93487e-06 0
-2.07056e-06 -0
3.49022e-05 0
-2.36444e-05 0
0.000371642 0
5.95301e-05 0
1.17868e-05 0
-0.000320181 0
-3.91752e-05 0
-0.00041154 0
-0.000443578 0
-0.000568673 0
-8.28505e-06 -0
-4.11272e-06 0
1.7345e-05 0
2.3067e-05 -0
9.08971e-06 0
-2.6837e-05 0
-5.84126e-06 0
1.25766e-05 0
-3.02643e-05 0
-6.16908e-06 0
-2.07056e-06 -0
-1.03526e-05 0
4.92111e-06 -0
3.62098e-06 -0
-7.57724e-06 -0
7.00355e-06 0
-1.65105e-05 0
-2.05636e-06 -0
2.81632e-06 -0
-2.10106e-06 -0
2.99513e-06 0
1.81794e-06 -0
3.67334e-05 0
-0.00174377 0
0.00180668 0
0.00155392 0
0.00132805 0
0.00112271 0
0.000916213 0
0.000727385 0
0.000547826 0
0.000410214 0
0.000261784 0
0.000126496 0
5.18642e-06 0
-0.000118114 0
-0.000228964 0
-0.00032381 0
-0.000440739 0
-0.000528812 0
-0.000626117 0
-0.000719607 0
-0.00079003 0
-0.000872545 0
-0.000940688 0
-0.00161085 0
-0.00139281 0
-0.0012137 0
-0.00103821 0
-0.000863507 0
-0.000704452 0
-0.000569619 0
-0.000395775 0
-0.000248477 0
-0.000112785 0
5.18642e-06 0
0.000119343 0
0.000228968 0
0.000331931 0
0.000445753 0
0.000538193 0
0.000637002 0
0.000738546 0
0.000798538 0
0.000889465 0
0.000954702 0
-6.47148e-06 0
7.99686e-07 0
7.04947e-06 -0
-2.95011e-07 0
-5.62857e-06 0
1.17682e-06 -0
-5.23405e-06 0
8.0849e-07 0
2.18344e-07 0
-8.63348e-06 -0
5.18642e-06 0
-1.03993e-05 0
2.02432e-06 -0
9.36123e-06 0
1.71748e-05 0
2.69009e-06 0
2.42145e-06 0
-2.67144e-07 -0
3.06769e-06 0
-9.73378e-07 0
-2.43817e-08 0
9.62019e-05 0
-0.000126779 0
-0.000947595 0
0.000120163 0
-4.32879e-05 0
0.000225887 0
9.85712e-05 0
5.76377e-05 0
-3.94881e-07 0
-9.91859e-06 0
5.18642e-06 0
3.85027e-05 0
-3.47085e-05 0
0.000448935 0
6.35087e-05 0
1.39326e-05 0
-0.000385113 0
-4.72143e-05 0
-0.000551037 0
-0.000563368 0
-0.0007369 0
-6.29425e-05 0
0.000132769 0
0.00090307 0
-0.000101328 0
2.57641e-05 0
-0.000212803 0
-8.71867e-05 0
-5.04777e-05 0
1.58697e-06 0
4.37144e-05 0
5.18642e-06 0
-5.98989e-05 0
2.86289e-05 0
-0.000463285 0
-7.23973e-05 0
-2.23517e-06 0
0.000409506 0
5.72056e-05 0
0.00055778 0
0.000599116 0
0.000770852 0
8.913e-06 0
-1.26077e-05 0
-2.50071e-05 -0
-3.87666e-06 0
3.5447e-06 0
3.90172e-06 0
-8.85393e-06 0
2.22663e-06 0
2.05393e-06 0
-4.67827e-06 0
5.18642e-06 0
-1.67437e-06 0
-6.56393e-07 0
-3.53126e-06 0
6.67614e-06 0
1.11608e-06 0
-2.52848e-06 0
-2.87974e-06 0
8.43731e-06 0
-1.06907e-06 -0
5.70244e-07 0
7.74131e-06 -0
-5.28857e-06 0
1.22245e-05 0
-6.25297e-06 -0
1.16134e-06 0
-2.85216e-06 0
-9.89257e-06 0
-3.46243e-06 0
3.52077e-06 0
-2.62553e-08 0
5.18642e-06 0
3.43053e-06 0
-5.30403e-07 0
-3.99956e-07 0
-5.15098e-06 0
-1.28559e-08 0
3.17219e-06 -0
2.76817e-06 0
-5.06445e-06 0
-2.61667e-06 0
-8.07938e-06 0
-4.98295e-05 0
7.90805e-05 0
0.000505239 0
-5.70565e-05 0
1.61231e-05 0
-0.000113711 0
-4.60297e-05 0
-2.90349e-05 0
1.71904e-05 0
1.4483e-05 0
5.18642e-06 -0
-1.47875e-05 0
1.18166e-05 0
-0.000203896 0
-3.09199e-05 0
-4.20958e-06 0
0.000179827 0
1.89506e-05 0
0.00024477 0
0.000251599 0
0.000324957 0
5.89192e-05 0
-8.69036e-05 0
-0.000510022 0
5.24968e-05 0
-3.04729e-05 0
0.000120178 0
5.25564e-05 0
2.86326e-05 0
-2.08355e-05 0
-1.55801e-05 0
5.18642e-06 0
2.22633e-05 0
-9.74722e-06 0
0.000208553 0
2.8003e-05 0
7.03707e-06 0
-0.000175208 0
-1.77696e-05 0
-0.000239879 0
-0.000254985 0
-0.000316359 0
1.72567e-05 0
1.25076e-05 0
1.059e-05 -0
1.07979e-05 0
9.903e-06 0
1.36506e-05 0
-1.11973e-05 0
1.15299e-06 0
1.65746e-06 0
1.06956e-06 0
5.18642e-06 0
2.15595e-06 0
5.39293e-06 0
2.93195e-06 0
1.77744e-06 0
-7.40754e-06 0
-5.04876e-06 0
-8.71933e-07 0
2.28739e-06 0
1.73515e-06 0
2.27993e-06 0
1.13249e-06 0
3.61336e-05 0
-0.00167886 0
