-887.591 -884.869
-894.076 -892.224
-899.731 -898.549
-904.591 -903.916
-908.702 -908.395
-912.098 -912.045
-914.823 -914.929
-916.906 -917.108
-918.388 -918.633
-919.303 -919.555
-919.686 -919.92
-919.561 -919.777
-918.971 -919.161
-917.933 -918.112
-916.484 -916.67
-914.648 -914.869
-912.448 -912.747
-909.916 -910.332
-907.068 -907.652
-903.934 -904.733
-900.528 -901.599
-887.595 -884.869
-894.078 -892.224
-899.731 -898.549
-904.592 -903.916
-908.704 -908.395
-912.101 -912.045
-914.823 -914.929
-916.908 -917.108
-918.388 -918.633
-919.303 -919.555
-919.686 -919.92
-919.561 -919.777
-918.971 -919.161
-917.932 -918.112
-916.485 -916.67
-914.648 -914.869
-912.447 -912.747
-909.915 -910.332
-907.067 -907.652
-903.933 -904.733
-900.527 -901.599
-884.141 -882.778
-891.587 -890.791
-897.988 -897.605
-903.417 -903.327
-907.944 -908.049
-911.642 -911.86
-914.567 -914.842
-916.782 -917.073
-918.34 -918.622
-919.29 -919.552
-919.686 -919.92
-919.562 -919.783
-918.971 -919.18
-917.941 -918.16
-916.514 -916.771
-914.722 -915.048
-912.598 -913.026
-910.168 -910.741
-907.458 -908.224
-904.496 -905.497
-901.305 -902.589
-844.521 -840.532
-860.198 -857.485
-873.708 -871.977
-885.185 -884.21
-894.781 -894.336
-902.623 -902.534
-908.838 -908.964
-913.544 -913.783
-916.852 -917.13
-918.866 -919.138
-919.686 -919.92
-919.403 -919.591
-918.104 -918.248
-915.869 -915.986
-912.78 -912.907
-908.905 -909.085
-904.31 -904.594
-899.061 -899.51
-893.214 -893.893
-886.826 -887.802
-879.948 -881.295
-844.525 -840.532
-860.201 -857.485
-873.708 -871.977
-885.187 -884.21
-894.783 -894.336
-902.626 -902.534
-908.838 -908.964
-913.545 -913.783
-916.852 -917.13
-918.867 -919.138
-919.686 -919.92
-919.403 -919.591
-918.104 -918.248
-915.869 -915.986
-912.78 -912.907
-908.905 -909.085
-904.31 -904.594
-899.06 -899.51
-893.214 -893.893
-886.826 -887.802
-879.948 -881.295
-844.425 -840.95
-860.091 -857.889
-873.601 -872.337
-885.091 -884.493
-894.704 -894.558
-902.565 -902.697
-908.801 -909.074
-913.523 -913.847
-916.844 -917.162
-918.867 -919.149
-919.686 -919.92
-919.393 -919.596
-918.073 -918.272
-915.811 -916.047
-912.681 -913.007
-908.755 -909.251
-904.1 -904.845
-898.78 -899.87
-892.851 -894.382
-886.373 -888.433
-879.396 -882.079
-792.376 -786.442
-819.438 -815.557
-842.591 -840.226
-862.132 -860.86
-878.356 -877.827
-891.522 -891.467
-901.887 -902.093
-909.676 -909.995
-915.107 -915.439
-918.381 -918.679
-919.686 -919.92
-919.193 -919.368
-917.062 -917.201
-913.446 -913.598
-908.485 -908.724
-902.307 -902.718
-895.03 -895.703
-886.768 -887.808
-877.622 -879.132
-867.691 -869.775
-857.059 -859.828
-828.659 -824.445
-847.704 -844.951
-864.086 -862.424
-877.991 -877.121
-889.601 -889.274
-899.081 -899.101
-906.586 -906.8
-912.266 -912.566
-916.255 -916.571
-918.691 -918.975
-919.686 -919.92
-919.357 -919.54
-917.811 -917.955
-915.143 -915.282
-911.455 -911.639
-906.828 -907.114
-901.343 -901.8
-895.077 -895.78
-888.103 -889.129
-880.486 -881.918
-872.287 -874.21
-828.658 -824.445
-847.704 -844.951
-864.087 -862.424
-877.993 -877.121
-889.602 -889.274
-899.08 -899.101
-906.586 -906.8
-912.266 -912.566
-916.256 -916.571
-918.691 -918.975
-919.686 -919.92
-919.357 -919.54
-917.811 -917.955
-915.144 -915.282
-911.455 -911.639
-906.828 -907.114
-901.342 -901.8
-895.077 -895.78
-888.102 -889.129
-880.486 -881.918
-872.286 -874.21
-828.212 -824.65
-847.385 -845.126
-863.87 -862.57
-877.849 -877.236
-889.515 -889.362
-899.029 -899.171
-906.563 -906.85
-912.257 -912.596
-916.255 -916.587
-918.691 -918.979
-919.686 -919.92
-919.352 -919.543
-917.802 -917.965
-915.139 -915.305
-911.449 -911.676
-906.826 -907.184
-901.35 -901.91
-895.101 -895.939
-888.147 -889.34
-880.557 -882.18
-872.392 -874.526
-396.706 -412.493
-428.563 -435.111
-461.779 -461.051
