-0.102959 -0.249027 -0.305674 -0.0791919 -0.197179 -0.275284
0.138954 -0.109247 0.403459 0.115351 -0.135182 0.30697
-0.218794 0.16571 -0.0143077 -0.234534 0.148204 0.0115299
0.0969731 -0.126235 0.0297907 0.0557771 -0.1226 0.0112994
-0.176077 -0.0195348 -0.00421138 -0.176187 0.0279007 0.0338228
0.427733 0.116851 0.150293 0.354654 0.0501251 0.160172
0.146577 -0.218667 0.364355 0.0963923 -0.147771 0.273769
0.0696803 0.00120642 -0.284563 0.0508289 -0.0062388 -0.251447
-0.247519 -0.00524455 0.493603 -0.206451 -0.0751534 0.463876
0.0397559 -0.205322 -0.374135 0.00885 -0.213231 -0.288065
-0.122824 0.0417283 -0.471847 -0.102769 0.0082006 -0.39396
-0.485673 0.018775 0.498141 -0.451351 0.0518894 0.481621
0.354151 0.00984978 0.0939161 0.27053 -0.013406 0.0619247
-0.582187 0.367292 0.0849396 -0.444034 0.342239 0.0932683
-0.198805 0.291293 -0.0936178 -0.137646 0.207971 -0.0754752
0.0636083 -0.132734 0.305716 -0.002741 -0.132237 0.252835
0.392758 0.102689 0.501321 0.380847 0.101217 0.384305
-0.0425774 0.243821 -0.0571841 -0.0471058 0.1981 -0.08166
-0.00476377 -0.479223 0.392389 -0.027105 -0.407197 0.258375
0.085823 0.281936 -0.256244 0.0714992 0.191816 -0.211236
0.208471 0.0684531 0.14165 0.19264 0.062685 0.140655
0.0676976 0.135778 -0.0920004 0.0209451 0.055131 -0.0616517
-0.532124 0.21305 -0.465076 -0.440435 0.198449 -0.407995
0.634712 0.228269 0.0165149 0.538918 0.195561 0.0344436
-0.000321417 0.321809 0.205031 -0.039387 0.299724 0.169258
-0.481619 0.0822864 -0.264931 -0.389805 0.0568548 -0.208684
0.0962259 -0.0915621 0.0113321 0.0929567 -0.0652812 0.0353329
-0.0229542 0.192537 -0.00293882 0.0438119 0.160304 -0.0190721
0.178762 0.24856 -0.0180129 0.0991875 0.234132 0.0207538
-0.0200786 0.000844631 0.157985 -0.0445987 0.0457912 0.12655
0.181711 0.0652046 -0.173204 0.163918 0.10668 -0.179614
0.0338968 -0.291259 0.509244 0.0701018 -0.303044 0.438741
-0.105315 0.00416842 -0.176378 -0.0818783 0.0073128 -0.166513
-0.171393 0.0371268 -0.207759 -0.112902 0.0122767 -0.181725
-0.181701 -0.0741614 -0.0726659 -0.183381 -0.0313012 -0.0396947
0.541704 0.0928264 -0.149059 0.475592 0.125263 -0.0875948
-0.055244 0.0214909 -0.275922 -0.0242562 0.066694 -0.260134
-0.0135189 -0.173213 0.252629 -0.0175933 -0.116842 0.226791
-0.0248176 0.128618 0.182738 0.0041879 0.0916834 0.162272
-0.111733 -0.103803 -0.571447 -0.0836228 -0.101205 -0.458507
0.217367 0.304609 0.0889183 0.14366 0.266062 0.0059852
0.00993103 0.185005 0.31663 0.0350258 0.148912 0.316902
0.104835 -0.207938 0.271978 0.141806 -0.163773 0.209263
0.0560288 -0.0475445 0.15778 0.0318679 -0.0493955 0.113976
0.0636576 0.0295708 0.0879155 0.0349221 0.0405811 0.059734
-0.149609 -0.0616329 -0.375342 -0.092937 -0.0626619 -0.312322
-0.303884 0.293471 0.223421 -0.18801 0.199634 0.214692
-0.0569777 0.258814 0.283732 -0.0667095 0.195481 0.22836
-0.0916286 -0.114734 -0.644306 -0.0670822 -0.130332 -0.506356
0.418087 -0.130728 -0.0819245 0.364045 -0.0550489 -0.0542272
0.203144 -0.0562589 -0.101343 0.165069 -0.055174 -0.135263
-0.0920984 -0.0300635 0.220748 -0.0949558 -0.0132019 0.170909
0.125478 -0.0547679 0.272666 0.142836 -0.0492068 0.265878
0.0789977 -0.469659 0.0488576 0.0718239 -0.376406 0.03316
0.417976 0.00993643 0.148886 0.311915 0.0005654 0.138094
0.0565224 -0.22602 0.0992181 0.0668839 -0.172828 0.0843602
-0.318433 -0.025243 0.0754835 -0.295004 -0.0059579 0.0740747
-0.218339 -0.108215 -0.414136 -0.182019 -0.104367 -0.329944
0.330764 -0.306231 0.08171 0.260969 -0.205699 0.0396858
-0.281815 -0.253989 0.170496 -0.22479 -0.23492 0.114605
-0.321615 -0.119496 0.159708 -0.26921 -0.130146 0.145522
0.0642473 -0.120184 0.0229477 -0.0262007 -0.0604524 -0.0101544
-0.406861 -0.425162 -0.238197 -0.399072 -0.305561 -0.210315
0.124395 0.0716327 0.420049 0.0973504 0.0558235 0.378298
0.411846 -0.346137 -0.305814 0.347239 -0.285594 -0.226828
-0.161944 -0.160279 -0.540447 -0.144271 -0.128095 -0.467264
0.28418 -0.276351 0.56478 0.155388 -0.244993 0.490058
-0.16509 0.253333 -0.449729 -0.0997914 0.199553 -0.354607
-0.183057 -0.094398 -0.270469 -0.160785 -0.0796387 -0.251482
-0.113496 0.05036 -0.371192 -0.0815983 0.0611733 -0.313925
0.111145 0.0858483 -0.273397 0.103792 0.057046 -0.23979
-0.0957121 -0.164556 -0.104693 -0.108638 -0.194485 -0.108189
-0.392851 0.150496 0.39156 -0.348445 0.105026 0.309673
0.0384708 0.210286 9.14261e-05 0.0354841 0.164522 -0.0330409
0.114334 0.0326885 -0.337609 0.134631 0.0642893 -0.256003
0.328808 -0.0177151 0.0815633 0.341471 -0.0105085 0.0371279
-0.518162 0.0542454 -0.000454098 -0.476703 0.0421702 0.0009164
0.13118 0.0489246 0.108036 0.0697244 0.0611822 0.105909
0.157377 0.168066 0.50948 0.155185 0.125821 0.467854
0.0254675 0.0428318 0.173402 -0.0161816 0.0173122 0.139745
-0.202403 -0.229828 -0.0795643 -0.133509 -0.212086 -0.0668888
-0.278818 0.612114 -0.204191 -0.233618 0.546547 -0.167708
-0.16326 0.0315213 -0.200874 -0.125645 -0.0187084 -0.162483
0.0488269 -0.114315 0.0463995 0.0646523 -0.130301 0.0300225
0.0883686 -0.351033 0.176711 0.110115 -0.279702 0.173782
0.175822 0.182501 0.351018 0.178501 0.174329 0.3369
-0.218332 0.170396 -0.464861 -0.148933 0.167414 -0.424135
0.00580806 -0.0791008 0.0601585 0.0120609 -0.042549 0.0275276
0.58175 -0.240149 0.6283 0.525832 -0.218697 0.524661
0.233456 0.0479962 0.245296 0.2298 0.0015877 0.195754
0.20877 -0.494766 0.141682 0.173918 -0.382081 0.136073
-0.357401 -0.150364 0.196339 -0.307453 -0.110666 0.185398
0.194407 0.278564 0.201948 0.17048 0.257278 0.155164
0.0905045 -0.0271517 0.264822 0.088732 0.0122017 0.173788
-0.0186385 0.556207 -0.0225941 -0.0363532 0.419144 -0.0412671
0.233444 -0.104351 0.244699 0.215733 -0.0671672 0.206247
0.154828 0.0946592 0.33797 0.108384 0.098089 0.314477
-0.298435 -0.0165365 -0.120633 -0.245378 -0.0474681 -0.0853893
-0.192756 0.312684 0.279076 -0.182895 0.272544 0.290124
0.00741833 -0.21747 0.156127 0.0383469 -0.22508 0.18655
-0.156586 0.265301 -0.0257141 -0.137919 0.239283 -0.019647
-0.281499 -0.190161 -0.0730088 -0.262033 -0.20074 -0.0566699
-0.134267 0.436174 -0.383574 -0.103512 0.400604 -0.353965
0.357703 0.384649 0.0614375 0.332867 0.328559 0.054263
-0.0147417 0.000322886 -0.171227 -0.0307178 -0.0020715 -0.14033
0.144361 0.102167 0.520305 0.141495 0.0759528 0.46584
-0.30937 0.155552 0.341807 -0.276189 0.150761 0.314734
-0.148058 0.0346549 -0.47252 -0.165792 0.018748 -0.440684
-0.0385292 -0.0532555 -0.10769 -0.036643 -0.0239957 -0.115986
-0.192261 0.15791 0.254699 -0.16234 0.11227 0.230563
-0.00645341 0.100055 0.283669 0.0038237 0.08663 0.275409
-0.0015228 0.112012 -0.284741 0.0436334 0.103285 -0.243919
-0.27746 -0.00783415 -0.280247 -0.260883 -0.0047637 -0.248145
0.195268 0.116659 0.387402 0.181168 0.104938 0.409925
-0.380834 0.140969 -0.31959 -0.315371 0.137317 -0.287674
0.189594 -0.192996 0.304633 0.161444 -0.161862 0.274066
0.532439 0.330553 -0.0940337 0.523489 0.331778 -0.0766433
0.154966 -0.0706266 0.182517 0.124452 -0.0593887 0.168238
-0.150869 0.148473 0.444677 -0.131352 0.119126 0.419297
0.279299 0.238678 0.0974386 0.268544 0.20929 0.0993836
0.506937 0.136707 -0.220247 0.468798 0.149392 -0.200055
0.0159749 -0.0827049 0.121099 0.0070712 -0.064529 0.117376
0.334761 0.201119 -0.226621 0.317537 0.158758 -0.241113
-0.336105 -0.214291 -0.230729 -0.326923 -0.177068 -0.218441
0.121503 -0.196886 0.261445 0.152809 -0.152637 0.244111
0.0113601 0.2437 -0.0909355 0.0228647 0.211173 -0.101431
-0.151164 -0.145635 -0.0448464 -0.136168 -0.126628 -0.0387653
-0.0233774 -0.0386886 -0.132595 -0.0248596 -0.0005317 -0.115235
-0.0548416 0.0851797 0.347648 -0.0997522 0.0842837 0.332804
0.397945 -0.580666 0.180433 0.356594 -0.544061 0.168904
0.0911569 -0.276632 0.0777318 0.0916534 -0.251245 0.0521011
-0.10104 0.103237 0.0823938 -0.0949081 0.0798899 0.0625096
0.0487016 0.493495 -0.198887 0.0304335 0.453289 -0.206025
-0.198165 -0.082942 -0.35388 -0.18217 -0.0916916 -0.317584
0.116358 -0.226964 0.193709 0.074023 -0.201753 0.198541
-0.237394 0.0342444 0.598517 -0.232806 -0.0172563 0.569981
-0.32565 0.475182 -0.33712 -0.30883 0.442716 -0.290339
-0.192069 -0.201636 -0.491613 -0.16819 -0.166099 -0.445723
-0.172097 0.140669 -0.531665 -0.149051 0.111324 -0.486415
-0.0466582 -0.429955 -0.387292 -0.0646517 -0.391475 -0.37112
0.0817656 0.125968 -0.148576 0.083486 0.101827 -0.113575
-0.166426 0.102514 0.303915 -0.172912 0.0793713 0.294895
0.200142 -0.26073 -0.399081 0.175509 -0.213007 -0.404632
-0.0937389 0.128405 -0.359972 -0.0856133 0.120799 -0.334383
0.0763956 -0.00892672 0.442947 0.042726 0.0122933 0.3827
0.322579 -0.130329 -0.18079 0.317783 -0.139249 -0.199805
-0.205944 0.19956 0.0220987 -0.179493 0.209234 0.0163778
-0.237657 -0.028492 -0.678809 -0.216282 -0.0376669 -0.62872
-0.166109 -0.102466 -0.182977 -0.148607 -0.0991016 -0.170096
0.0114816 0.0972137 -0.173859 0.0329298 0.0882508 -0.176773
-0.16612 0.0260699 -0.0332817 -0.12437 0.0197073 -0.0346636
0.1306 -0.141728 -0.417892 0.129703 -0.0883331 -0.435271
0.152317 0.448872 -0.0488514 0.190853 0.410485 -0.0129329
0.324107 0.0382407 0.316983 0.281628 0.0333681 0.256155
-0.0813234 -0.144106 -0.493515 -0.0664565 -0.109924 -0.488177
-0.151122 0.0258757 -0.0468651 -0.11848 0.0050866 -0.0244001
0.784768 -0.348793 0.0418546 0.690657 -0.310483 0.0469407
0.00670282 -0.162074 -0.0448735 -0.005091 -0.150304 -0.0505517
-0.438314 0.0364167 0.300952 -0.388057 0.0248936 0.290475
-0.183459 -0.301155 -0.497519 -0.171357 -0.282996 -0.480341
0.113769 -0.132668 0.091948 0.10846 -0.110787 0.0610653
-0.0992452 -0.118347 0.26982 -0.104944 -0.127488 0.251673
-0.17312 0.0384647 -0.558941 -0.155833 0.0464811 -0.493203
-0.118241 -0.108852 0.467737 -0.12374 -0.116298 0.453871
-0.378527 0.179455 0.0162289 -0.353436 0.142344 0.0401731
0.38398 -0.226578 0.26481 0.334261 -0.177611 0.214505
-0.632045 -0.238881 0.25964 -0.593417 -0.23246 0.238959
0.227395 0.384925 -0.0800315 0.206969 0.347311 -0.0653269
0.204582 -0.0295162 -0.199017 0.181814 -0.0462971 -0.188917
-0.203809 -0.142088 0.0936527 -0.191448 -0.132007 0.0809146
0.469781 -0.229651 0.230135 0.437247 -0.216314 0.204116
-0.125587 -0.212329 -0.0838002 -0.0972319 -0.183486 -0.0764482
-0.0354094 -0.0347845 -0.0339719 -0.037565 -0.0342846 -0.0247045
0.312468 -0.0385081 0.0553319 0.290479 -0.0312079 0.0401992
0.0553776 -0.0932062 -0.253872 0.0534128 -0.0655249 -0.227193
0.0441259 -0.123593 -0.345531 0.0476056 -0.127407 -0.336804
-0.0182103 -0.059016 0.101203 -0.0337421 -0.0371957 0.105499
0.232293 0.422301 -0.106116 0.195822 0.409877 -0.12168
-0.160782 0.214504 0.223825 -0.128637 0.221359 0.215591
0.0427898 0.0472446 0.157532 0.0044687 0.0433607 0.145318
-0.11368 -0.262502 -0.098449 -0.121147 -0.234378 -0.0854724
0.164792 -0.135903 -0.428497 0.155456 -0.106518 -0.407052
0.0360086 0.180992 0.549113 0.0109126 0.153455 0.518431
0.0894634 0.129147 -0.152758 0.080891 0.1027 -0.148532
-0.219671 -0.176968 -0.545262 -0.192965 -0.137113 -0.499246
-0.199075 -0.335271 -0.097848 -0.193055 -0.345812 -0.0782566
-0.161906 -0.143273 0.0635513 -0.135342 -0.153314 0.0979138
-0.0105549 -0.0991323 0.0201206 -0.0063238 -0.0899014 0.0430152
-0.194436 0.138221 0.0695562 -0.181088 0.141584 0.116004
0.18729 -0.0420696 -0.181437 0.145292 -0.0181099 -0.158314
0.266805 -0.0296787 0.2478 0.265548 -0.0122014 0.267841
0.0931982 0.134102 -0.19385 0.0796106 0.101751 -0.183219
-0.173969 -0.145378 0.0579776 -0.180855 -0.112764 0.0124897
0.370139 -0.151307 0.0858507 0.287662 -0.140331 0.0488261
0.0483588 0.186383 -0.252163 0.0684821 0.197193 -0.220737
-0.03966 0.216746 -0.0769111 -0.0398963 0.229771 -0.0389044
-0.232632 0.101279 0.314718 -0.234546 0.0981578 0.305852
-0.046768 0.144078 0.215191 0.0174534 0.122914 0.170129
0.369912 0.089287 0.332015 0.313594 0.0231834 0.298557
-0.0346842 0.153337 -0.184537 -0.0271162 0.111067 -0.175135
0.0611176 0.150004 -0.435496 0.087628 0.0907184 -0.340913
-0.451962 -0.200155 0.118728 -0.356076 -0.200442 0.0999585
-0.120619 -0.107892 0.526742 -0.110097 -0.0958445 0.448968
-0.153729 -0.0455364 -0.611036 -0.197869 -0.0081664 -0.569241
0.318858 0.403899 0.395437 0.320656 0.373332 0.380409
-0.129297 -0.0213151 -0.0966859 -0.106553 -0.0297645 -0.110808
-0.452485 -0.0272783 0.0168521 -0.408111 -0.029459 -0.0215882
0.0968845 0.00112936 -0.0194445 0.161053 0.0166911 0.0043377
0.0703626 0.0491937 0.221746 0.0846157 0.0269313 0.201977
0.114582 -0.138923 0.0984337 0.0642606 -0.0700111 0.0829334
0.249458 0.0166463 -0.557017 0.183343 0.0292602 -0.453748
0.168183 0.309677 0.688913 0.0952911 0.230134 0.606757
0.149078 0.0634188 0.0041567 0.122747 0.0471598 -0.0028832
0.0930252 0.139165 0.0120585 0.135358 0.137808 -0.0077732
0.0759538 -0.578446 -0.0707242 0.029339 -0.479587 -0.085701
0.70411 -0.103094 0.605783 0.611798 -0.149158 0.517734
0.192277 -0.150134 0.494988 0.124693 -0.149783 0.401662
0.0469695 0.142532 -0.151707 0.0757618 0.148233 -0.146186
-0.374414 0.0889474 0.218431 -0.289151 0.123275 0.2268
-0.200839 0.213675 -0.0127006 -0.215105 0.202676 -0.0231297
-0.0322088 -0.0650793 0.293206 0.0014382 -0.0626459 0.278387
-0.120171 0.0621453 -0.103776 -0.120981 0.100462 -0.0766498
0.126303 -0.135208 0.00816 0.0919654 -0.113079 -0.0194972
-0.0246052 0.123214 -0.123822 -0.0026358 0.181447 -0.0723216
0.0643 -0.173897 -0.191925 0.0206696 -0.187788 -0.142883
0.163385 -0.250551 -0.0125027 0.118513 -0.239447 0.0087198
0.378648 0.155005 -0.528352 0.349815 0.0994786 -0.432311
-0.226071 -0.302295 0.787626 -0.180493 -0.305093 0.619369
-0.248486 -0.291035 0.037292 -0.223307 -0.253838 0.0410391
0.109566 0.054098 0.0101729 0.100675 0.0445473 -0.0063775
-0.331987 0.0747453 -0.227363 -0.257835 0.0741834 -0.219829
-0.147601 0.262216 0.143275 -0.100743 0.224655 0.128217
0.0209656 -0.119109 -0.389133 0.02377 -0.0909067 -0.304172
-0.0233962 0.0825643 0.129132 -0.0453489 0.0612103 0.108655
0.0079009 -0.0768608 -0.427929 -0.0359161 -0.128669 -0.354792
0.20349 -0.17606 0.377693 0.19746 -0.128155 0.307641
-0.0301675 0.0985808 -0.0959103 -0.024738 0.0874293 -0.0854414
-0.0232476 0.220999 0.1363 -0.0095862 0.203382 0.139108
0.281238 0.050437 -0.0504507 0.179279 0.0370184 0.0164814
-0.135794 -0.241621 -0.205307 -0.0951281 -0.210073 -0.149944
0.19115 0.145018 -0.127099 0.184683 0.114921 -0.122035
-0.111798 0.124307 0.103036 -0.131465 0.0664391 0.159146
0.0174585 -0.133507 -0.106353 0.0618445 -0.0888278 -0.113776
-0.18651 0.208407 0.0579605 -0.174469 0.189079 0.0553577
-0.0211064 0.184824 0.470907 -0.0152582 0.150226 0.401329
0.0406864 -0.0441002 -0.171107 0.028925 -0.0450245 -0.175199
0.155642 0.312664 0.543232 0.0816811 0.226708 0.386942
-0.0126203 0.0957172 0.186168 0.028867 0.0552547 0.138651
0.0459042 0.0755099 0.237423 0.0822144 0.0967853 0.198571
-0.120035 -0.364525 -0.4112 -0.103205 -0.267125 -0.337145
-0.2722 0.477062 -0.175449 -0.263896 0.439113 -0.109142
-0.0705104 0.22938 0.287852 -0.0694931 0.209616 0.224352
-0.161245 -0.00770887 -0.00653698 -0.157262 -0.0051938 -0.0402949
0.298152 0.208083 0.0149949 0.240772 0.20422 0.061321
0.0244456 0.0640522 -0.0301189 0.0024115 0.0560481 -0.0544008
-0.227768 -0.0503474 -0.221685 -0.183597 -0.0603247 -0.231062
-0.117528 0.46159 -0.153921 -0.06598 0.423036 -0.0972463
0.211924 -0.323192 0.17164 0.15923 -0.274381 0.169061
0.271782 -0.105322 -0.104805 0.232276 -0.118626 -0.0868566
0.220485 -0.155946 0.571481 0.182087 -0.159667 0.477399
-0.0291175 -0.025958 -0.546684 -0.0046552 -0.0115788 -0.45348
0.107799 -0.00281813 -0.455668 0.0923406 0.0208499 -0.425242
0.389017 -0.189247 0.35189 0.332565 -0.195008 0.33994
0.113107 -0.228712 0.164898 0.106386 -0.195975 0.132024
-0.143983 -0.194195 -0.0616197 -0.0894495 -0.132623 -0.0397891
-0.132781 -0.0989673 -0.078163 -0.113574 -0.050995 -0.108025
-0.248552 0.319002 -0.429603 -0.254064 0.224527 -0.336856
-0.0181685 0.365864 -0.0447228 -0.0288292 0.287854 -0.0196286
-0.25263 0.237972 0.233078 -0.257021 0.203487 0.199142
0.0554175 0.324316 -0.00414073 0.0403547 0.280578 -0.0485036
0.0678394 -0.142693 0.194694 0.0616914 -0.141147 0.160663
-0.33527 0.153241 0.122447 -0.26883 0.0766631 0.114509
-0.132882 0.00137264 0.0159618 -0.0902675 0.0145848 0.0032698
0.330874 0.216355 0.263569 0.254974 0.201322 0.176876
0.224868 0.0704375 0.243852 0.202855 0.0712221 0.198962
0.188013 -0.180638 0.238447 0.116454 -0.184476 0.203578
0.0819675 -0.232059 0.443458 0.0507277 -0.233353 0.369741
-0.0266329 0.154243 0.0331198 -0.0264813 0.162276 0.0088639
0.215232 -0.202794 0.123046 0.224662 -0.160554 0.113394
0.674502 -0.222756 -0.31088 0.55381 -0.158342 -0.280284
-0.0188016 -0.00802546 -0.390503 0.0237137 -0.0233663 -0.362927
0.0304438 0.418224 0.233214 0.0432979 0.349321 0.219959
0.0766545 0.0106421 -0.0233426 0.152353 0.0024727 -0.03868
-0.243492 0.0290777 0.188142 -0.217967 0.029102 0.165584
0.200995 0.343259 0.0246019 0.0921422 0.302073 0.0151105
-0.105171 0.191867 -0.178406 -0.0876177 0.208135 -0.118227
-0.36057 0.0886521 0.189223 -0.253844 0.0440697 0.159435
0.118912 -0.175106 -0.771952 0.13011 -0.156486 -0.634737
0.328939 -0.0207096 0.008781 0.323352 0.0038148 0.0506323
0.198218 -0.257155 0.178118 0.185186 -0.220329 0.230154
-0.0199012 0.0122438 0.239507 -0.0328635 -0.0117521 0.241287
-0.241217 -0.531958 0.367223 -0.203662 -0.481241 0.394286
-0.084766 -0.0590604 -0.298034 -0.1101 -0.0548524 -0.270482
-0.0504622 -0.12233 -0.176808 -0.0526968 -0.0960899 -0.153189
-0.0679695 0.181228 -0.129619 -0.0539141 0.178397 -0.105881
0.119538 -0.407022 0.0822824 0.0921115 -0.36621 0.090731
-0.144641 -0.271691 0.202066 -0.115512 -0.236005 0.210661
-0.107662 -0.0700864 0.14804 -0.111411 -0.0817809 0.144441
0.547032 -0.00109467 -0.399703 0.517818 0.0219524 -0.389161
-0.0267674 0.077645 0.762804 -0.0122641 0.0673348 0.714355
-0.137309 -0.00453197 -0.356877 -0.12698 0.0127613 -0.358674
-0.0721911 -0.211196 0.138545 -0.0736162 -0.207542 0.127305
-0.168302 -0.0181689 0.267315 -0.170182 -0.0360074 0.287909
0.321719 -0.0606483 0.104073 0.300027 -0.0753145 0.0973825
0.357616 -0.1952 0.122074 0.324111 -0.160526 0.143268
-0.350031 0.338352 -0.0496228 -0.31267 0.298738 -0.0468713
-0.391643 0.162537 0.288785 -0.343801 0.18282 0.271518
-0.433039 0.275187 -0.687635 -0.408803 0.281904 -0.618889
0.0449058 -0.0686361 0.127086 0.0410878 -0.0891223 0.115563
0.145409 0.0476837 -0.00517579 0.13879 0.0273088 0.0047805
-0.268846 0.0150621 0.0282148 -0.22594 -0.0031129 0.022176
-0.188067 0.170774 -0.591016 -0.153856 0.192051 -0.545607
0.189345 -0.274863 -0.514779 0.179516 -0.258473 -0.48592
-0.131175 -0.317275 0.512225 -0.109093 -0.273038 0.521119
0.329054 -0.526613 -0.260252 0.325222 -0.513908 -0.264305
0.080669 -0.0212023 0.283988 0.0627308 -0.0098939 0.294184
-0.000830731 -0.198742 -0.00821637 -0.0090529 -0.159086 -0.0046917
0.233085 0.309998 0.00717652 0.222215 0.310609 -0.0041619
-0.312082 -0.0930673 0.0490228 -0.27871 -0.088131 0.0635485
0.412798 -0.239674 0.207296 0.396129 -0.21966 0.220864
0.111642 -0.0550509 0.371456 0.104493 -0.0518121 0.364094
-0.217795 0.114843 0.176074 -0.218953 0.0944856 0.187111
-0.181129 0.186933 0.389306 -0.160241 0.184522 0.37395
-0.089468 0.0335299 -0.697249 -0.0897415 0.0653234 -0.648652
-0.348718 0.460587 0.0790257 -0.337046 0.427703 0.103623
0.0335332 0.060117 0.0674253 0.0261024 0.0487798 0.0921371
-0.213167 -0.218351 -0.125367 -0.204483 -0.182483 -0.142755
-0.309547 0.0758598 -0.126257 -0.283584 0.0462542 -0.109314
0.124123 0.0616961 0.195108 0.120211 0.0825062 0.176735
-0.175216 -0.375687 -0.105269 -0.146958 -0.337827 -0.0862459
0.0175872 0.00965945 0.08104 0.0305715 0.0249982 0.0570723
0.193554 -0.133111 -0.238383 0.149011 -0.114169 -0.203991
-0.04403 0.0328372 0.356542 -0.0330113 -0.0025783 0.327162
0.0468438 -0.205042 0.259308 0.0729868 -0.197496 0.260875
-0.165354 -0.374662 -0.0164895 -0.17753 -0.356992 -0.0316359
-0.0459613 0.225632 0.0752418 -0.0569493 0.216001 0.0401834
-0.190808 0.323728 0.0426075 -0.184477 0.289912 0.0525884
0.108355 0.0529973 -0.284998 0.0761658 0.0668112 -0.307863
-0.215845 0.0843468 -0.446798 -0.206482 0.0789034 -0.427385
0.11305 -0.257755 -0.464845 0.12245 -0.243486 -0.456896
-0.0351059 -0.454287 -0.3823 -0.0441918 -0.450224 -0.351943
0.0484035 -0.0308949 0.0227705 0.0503449 -0.0391605 0.0127683
-0.241176 -0.139789 -0.690418 -0.198527 -0.120572 -0.644045
-0.225871 -0.0108747 -0.131795 -0.230505 0.0159748 -0.10943
-0.159905 -0.0353158 -0.114078 -0.150349 -0.0196292 -0.127125
0.261098 0.0334691 0.318724 0.246036 0.0351459 0.294279
-0.398022 -0.509029 -0.00402614 -0.338475 -0.468167 -0.019688
0.139713 -0.172307 -0.29253 0.115562 -0.155616 -0.249173
-0.134009 0.228368 -0.254622 -0.115825 0.187637 -0.233037
0.294167 0.286808 -0.388316 0.258573 0.293494 -0.360615
-0.113004 -0.175338 0.274236 -0.126475 -0.148425 0.324069
0.034711 -0.0298476 -0.0585042 0.0171247 -0.0168123 -0.0815397
0.0459136 0.109475 -0.106356 0.0351255 0.078534 -0.136628
-0.16859 -0.233589 0.143343 -0.179702 -0.245131 0.154301
0.0979773 -0.0534552 -0.136218 0.0862842 -0.0510721 -0.152878
0.0588831 0.11718 -0.316131 0.102819 0.0795036 -0.280407
-0.275781 0.0615368 0.459941 -0.27007 0.0662664 0.412174
-0.325993 0.0461396 0.408876 -0.282498 0.0516081 0.386377
-0.243455 0.146418 -0.217585 -0.227398 0.154167 -0.171621
-0.137617 -0.130491 0.115823 -0.134901 -0.159258 0.133151
0.0268783 -0.279954 -0.14133 0.0307549 -0.26254 -0.1643
0.580087 0.465489 -0.162408 0.523717 0.427254 -0.137115
0.0701951 0.453797 0.323426 0.0808454 0.455994 0.309991
0.116269 0.0138205 0.0405218 0.0784087 0.0246877 0.0170296
0.161538 -0.189084 -0.29454 0.163895 -0.210674 -0.312645
0.270605 -0.00315679 -0.0945648 0.287812 0.0087864 -0.0652346
-0.0295638 0.0156372 -0.395525 -0.034054 -0.0143504 -0.387417
-0.255784 -0.093723 -0.181507 -0.251985 -0.0803577 -0.18496
0.25699 0.0576434 -0.123103 0.279669 0.0575319 -0.137571
-0.439353 -0.0660696 -0.0373837 -0.380171 -0.0420095 -0.0543019
0.304057 0.204664 -0.297644 0.252162 0.213906 -0.278904
-0.398152 0.0609501 -0.322791 -0.353853 0.0448474 -0.305712
-0.234039 0.0119798 -0.331895 -0.189087 0.013177 -0.31933
0.105977 0.098435 0.013948 0.0866673 0.0915049 0.0148097
0.310798 0.031201 -0.113711 0.282294 0.0358991 -0.117428
-0.121374 0.0214927 0.26398 -0.0936546 0.0179567 0.228195
0.00446858 -0.404062 0.43002 -0.0215989 -0.389545 0.413573
0.0555157 0.106872 -0.425619 0.0332304 0.0903683 -0.409957
-0.0926598 0.0164631 0.103195 -0.0933404 -0.0050253 0.110168
0.121957 -0.0132856 -0.147748 0.110933 0.0112412 -0.137886
-0.381562 -0.211699 0.0574552 -0.333728 -0.180082 0.0572054
0.00480959 0.211998 -0.181351 0.0201085 0.195208 -0.198212
0.216554 0.167492 0.0634498 0.192176 0.161553 0.0423937
0.426204 -0.0287241 0.659557 0.398708 -0.0127899 0.585807
0.393972 -0.0556075 0.0552962 0.327967 -0.0182215 0.0971472
0.249777 -0.615232 0.030041 0.169051 -0.498443 0.0326956
-0.111802 -0.215001 0.317066 -0.155155 -0.171631 0.240681
-0.228745 0.126171 0.217038 -0.202821 0.0948272 0.175104
0.0673129 -0.279747 0.235499 0.0698677 -0.283148 0.158849
-0.193804 0.2651 0.316834 -0.143637 0.166192 0.248696
-0.0618967 -0.0301395 -0.499546 -0.0543172 -0.0618789 -0.430649
0.0742716 0.139909 -0.277776 -0.009926 0.156792 -0.216744
-0.622224 0.173383 0.28009 -0.546653 0.144262 0.263783
0.00931856 -0.0523134 0.482452 0.0129953 0.0161694 0.393193
0.142604 -0.0916253 -0.0190772 0.0668143 -0.109647 -0.0654873
0.163525 -0.0493402 0.325113 0.107843 -0.040002 0.243445
0.0679248 0.420593 -0.0985068 0.0647805 0.348108 -0.0342297
0.206488 0.0234412 0.124089 0.211602 0.0477019 0.0846881
-0.100208 -0.192117 -0.168255 -0.118232 -0.168842 -0.111696
-0.0121675 -0.217812 0.495242 0.0755402 -0.152968 0.417225
-0.0593464 -0.22948 -0.613223 -0.0321181 -0.20153 -0.51399
-0.343557 -0.225055 -0.440223 -0.266203 -0.160281 -0.328655
0.170505 0.171078 -0.349776 0.100155 0.0922433 -0.269878
0.0658042 0.143579 0.44085 0.129481 0.103824 0.346425
0.116947 0.0637465 0.342956 0.141526 0.0698372 0.305327
-0.0172502 0.0896181 0.229421 0.028893 0.101264 0.18642
0.2955 0.335464 -0.235805 0.242705 0.312214 -0.224969
0.0191962 -0.0829291 0.423412 0.0072159 -0.0728754 0.35855
-0.100093 0.139986 0.259158 -0.0838891 0.103941 0.220528
0.00266752 0.135116 -0.323791 0.004755 0.111227 -0.300856
0.150587 0.0910878 0.351831 0.129219 0.0446855 0.320496
-0.0875879 -0.0604342 -0.27655 -0.133431 -0.012021 -0.196214
0.108942 0.0345018 -0.199342 0.0861207 -0.0108328 -0.209143
-0.158029 0.218244 -0.509968 -0.131298 0.209327 -0.440178
-0.0275303 -0.0413241 0.251593 0.0233311 -0.0849538 0.212883
0.399727 -0.186312 -0.0330995 0.290767 -0.102668 0.0021757
-0.245176 0.179042 0.158875 -0.212861 0.178848 0.140328
-0.0621802 0.129783 -0.024685 -0.0822573 0.101308 -0.008576
-0.175973 -0.14858 0.0301972 -0.109828 -0.0784641 -0.0009948
0.0477854 -0.0335231 0.0993462 0.069628 -0.0532864 0.0213032
-0.0548682 0.428131 0.387001 -0.0549609 0.422009 0.357285
0.0454624 0.00985769 -0.477526 0.066487 -0.0433162 -0.403497
0.00785368 0.0208973 -0.152852 0.0534092 0.0067144 -0.147458
0.164209 0.481506 -0.298633 0.106685 0.396382 -0.218874
-0.146914 0.103384 -0.503503 -0.143963 0.0435934 -0.421853
-0.0125199 -0.0272426 -0.230312 -0.0128814 -0.0043756 -0.183547
-0.187463 -0.192111 -0.601922 -0.133573 -0.194672 -0.500141
0.129448 0.499395 -0.0162813 0.109598 0.410981 -0.0660519
-0.0744786 0.240174 -0.23038 -0.0291418 0.213022 -0.19459
0.158179 0.0986897 0.386456 0.129058 0.0268646 0.32076
0.00839799 0.103362 -0.320679 0.0193971 0.123247 -0.263478
-0.283487 0.271873 -0.423969 -0.245855 0.214606 -0.351065
0.169258 -0.00472437 -0.472037 0.16042 -0.0377514 -0.37927
-0.0948271 0.0546805 0.163378 -0.0818243 0.0895398 0.150968
-0.110149 0.395477 -0.228534 -0.0827695 0.303544 -0.204536
0.463643 0.111038 0.0972454 0.337914 0.093536 0.0575651
-0.174124 -0.00243527 0.135023 -0.175202 -9.76e-05 0.119207
0.637804 -0.0273378 0.193319 0.473914 -0.11208 0.164129
-0.0444055 -0.0643937 -0.34241 0.0236256 -0.0362059 -0.308769
0.0309871 0.148421 -0.152777 0.0323136 0.0708855 -0.144515
-0.213273 -0.0946691 0.272998 -0.187728 -0.0395188 0.250088
0.237721 -0.146599 -0.246145 0.186869 -0.100511 -0.199234
0.038879 -0.310557 -0.0325663 0.0590704 -0.287716 -0.0422675
-0.0669954 -0.0322247 -0.399028 -0.0402115 -0.0279284 -0.293212
-0.0015347 0.085165 -0.298127 -0.0270455 0.0400789 -0.243661
-0.0815815 0.0439849 -0.199147 -0.0588854 0.0627616 -0.194767
-0.156211 0.0680538 -0.170359 -0.106707 0.0358433 -0.192053
0.0883311 0.0625845 0.461212 0.0692 0.0943678 0.353744
-0.325798 0.0691135 -0.194209 -0.263389 0.0775146 -0.1815
0.159904 -0.19436 0.266591 0.101122 -0.170884 0.259783
-0.0371578 0.462575 0.41172 -0.0155583 0.361624 0.310061
0.198993 -0.0323642 -0.0562329 0.146056 -0.0030665 -0.0894792
0.110871 -0.0173841 0.0916684 0.0506408 -0.0127281 0.0771145
0.109238 -0.249602 -0.569867 0.0665781 -0.178726 -0.447896
0.0110082 0.151974 0.148086 0.0509996 0.0886005 0.128021
-0.176171 -0.746392 0.0921945 -0.165455 -0.619998 0.113934
0.199234 0.0777043 0.433116 0.192007 0.0582671 0.341977
0.422149 0.247091 0.00102747 0.34728 0.188521 0.0044271
0.203059 0.102807 0.0282746 0.146956 0.14054 0.0237948
-0.254472 0.300689 -0.0670762 -0.173873 0.22926 -0.0688765
0.0797332 -0.114687 -0.837444 0.0811176 -0.101025 -0.738994
-0.0575862 -0.548334 -0.0193252 -0.0136683 -0.451353 0.0016196
-0.0494722 0.0358544 -0.102823 -0.0617533 0.0379307 -0.111748
0.0317248 0.048578 0.0503461 0.0233034 0.0418309 0.0667114
0.173194 -0.385803 0.0597934 0.144961 -0.329799 0.0658413
0.0338034 -0.155007 0.291176 0.0424703 -0.130418 0.247578
-0.239247 -0.0836493 0.137001 -0.218262 -0.0773855 0.084272
0.371682 0.00534626 0.639325 0.317517 -0.0099444 0.544502
0.1072 -0.00483553 -0.0334049 0.0568745 -0.0123474 -0.0126025
-0.149603 -0.0510457 -0.252637 -0.142951 -0.0145049 -0.202679
0.0145549 -0.0088482 -0.324952 0.0428814 0.0670433 -0.31104
-0.0917307 -0.0371525 -0.487541 -0.0611446 -0.0704186 -0.407762
-0.0406056 0.251887 -0.307885 -0.0316313 0.209997 -0.280735
-0.284143 0.122695 0.0541279 -0.206929 0.0746945 0.101829
0.0547383 0.055192 -0.0551656 0.0466089 0.0698255 -0.0404875
0.462864 -0.437644 0.145303 0.390677 -0.352802 0.119944
0.307107 -0.0854961 0.0305219 0.266694 -0.0532833 0.0412327
0.0295865 -0.240043 0.122614 0.0007312 -0.162487 0.124281
-0.4723 -0.115807 0.176346 -0.406224 -0.10611 0.137551
-0.0464989 -0.0805421 0.0290576 -0.0256906 -0.0570404 0.057717
-0.134682 -0.185481 -0.247637 -0.107941 -0.174282 -0.260725
0.0431754 0.0239402 -0.0581454 0.0574616 -0.0058853 -0.0608426
0.0252914 -0.188671 -0.0287727 0.0250658 -0.168294 -0.0084311
-0.185051 0.0971653 -0.213121 -0.150192 0.0754602 -0.19911
0.0838014 0.0469485 0.0910495 0.086806 0.0738278 0.123499
-0.501481 0.142618 -0.398227 -0.490005 0.131469 -0.371771
-0.160729 0.186176 0.661141 -0.160636 0.147285 0.628146
-0.00405526 0.205873 0.441348 0.0140717 0.197752 0.42682
-0.00192753 0.00198848 -0.243222 -0.0042998 -0.0098252 -0.260481
0.0951202 0.229457 -0.235067 0.102227 0.213992 -0.230603
0.193429 0.0849813 -0.146456 0.171495 0.0884384 -0.123213
0.151141 -0.231986 -0.241854 0.143063 -0.206663 -0.246671
-0.0372422 -0.395214 0.0202707 -0.0260371 -0.361509 -0.0045447
0.183443 -0.0316207 -0.223592 0.161005 -0.0594255 -0.22276
0.0927718 -0.1173 0.133685 0.0963789 -0.108598 0.0967769
-0.25916 -0.2697 -0.529321 -0.229158 -0.235827 -0.45379
0.379463 -0.152451 0.463277 0.338652 -0.163707 0.431425
-0.294356 0.00760475 0.235969 -0.21508 0.011611 0.205919
0.0932525 0.0924098 0.449533 0.0909429 0.081805 0.422949
-0.264661 -0.114528 -0.447752 -0.255301 -0.0629453 -0.40768
0.212984 0.599533 -0.162448 0.217969 0.542453 -0.154424
-0.209989 -0.0250587 -0.0319657 -0.198336 -0.0114339 -0.0626057
-0.0215411 -0.00892766 0.179424 -0.0485459 -0.0076586 0.16255
-0.218219 0.26123 -0.469134 -0.207474 0.2504 -0.465933
-0.135748 -0.177634 -0.261155 -0.114826 -0.141932 -0.227568
-0.0652145 0.291705 0.384179 -0.0695866 0.279443 0.373655
-0.15556 0.337556 -0.342052 -0.151493 0.290961 -0.334846
0.150855 -0.0288042 0.130798 0.127349 -0.0196408 0.127775
0.0820118 0.0411281 0.146743 0.0744932 0.0307414 0.144445
-0.0647189 0.385325 0.274979 -0.0551492 0.325947 0.233296
0.0213353 -0.00598416 0.00108559 0.0183745 -0.0083451 0.0385563
0.0141465 0.0188053 0.121359 0.0552885 0.0085859 0.121961
-0.365065 -0.00960308 -0.580842 -0.346843 0.0001082 -0.567486
-0.104775 -0.0666673 -0.0151817 -0.0914956 -0.0501296 0.0130442
0.0686577 -0.161527 0.0424295 0.0623032 -0.152912 0.0613642
0.0187431 0.169702 -0.423853 0.0309592 0.112468 -0.393943
-0.109965 0.0986444 -0.166241 -0.0933989 0.092627 -0.158116
-0.241823 -0.487411 0.536629 -0.227129 -0.444793 0.492716
0.0231131 -0.0341044 0.215329 0.0108985 -0.0397732 0.187158
0.108936 -0.0317591 0.333322 0.0854002 -0.00939 0.289352
-0.0803486 0.0184238 0.481424 -0.0859488 0.0074298 0.422265
0.42391 -0.0770137 0.117835 0.388864 -0.0952062 0.0613503
0.0213487 0.063671 0.590847 0.0190897 0.0431515 0.558618
-0.538301 0.283706 0.0275348 -0.504768 0.266856 0.049477
-0.0758886 0.244222 0.0725924 -0.0635934 0.23303 0.0533546
-0.083204 0.0804217 -0.169675 -0.056826 0.0785995 -0.120193
0.343836 0.107575 0.129876 0.315472 0.0930353 0.107512
-0.0500893 0.0220619 0.261634 -0.0532056 0.0230235 0.23903
-0.43967 0.236173 0.405086 -0.39509 0.233459 0.390662
0.32897 0.110068 -0.141986 0.325668 0.0994319 -0.121944
-0.361605 0.147744 0.236376 -0.320253 0.138994 0.221909
0.146049 0.599465 0.100499 0.162918 0.556289 0.121717
0.456724 0.248967 -0.286614 0.412666 0.238133 -0.277645
0.096213 -0.193339 -0.117573 0.0935453 -0.18177 -0.0869575
-0.0521476 0.155122 0.0921993 -0.042614 0.130865 0.088852
0.105916 -0.442854 -0.267372 0.0617181 -0.397401 -0.241429
-0.0737749 -0.00304824 -0.0979539 -0.0454904 0.0183488 -0.0868475
-0.403909 -0.317979 0.0218634 -0.347936 -0.317021 0.0113285
-0.0803822 -0.0133116 0.0381086 -0.0790038 0.0023657 0.046556
0.0937432 -0.158441 0.158276 0.0821997 -0.151987 0.147614
-0.150262 -0.149114 0.437059 -0.110661 -0.13726 0.427452
-0.164729 0.0133785 0.118181 -0.129578 -0.0068427 0.114787
0.018041 -0.102685 0.172817 0.0097162 -0.0704286 0.177485
-0.139282 0.0426888 -0.16239 -0.132135 0.0326796 -0.126011
0.234748 0.171277 0.180134 0.198711 0.160595 0.135726
0.162608 -0.0214325 0.00757317 0.152964 -0.0123324 -0.0101018
-0.286919 -0.0812602 -0.514162 -0.277281 -0.0688829 -0.49472
0.225436 0.153084 0.264384 0.202076 0.10901 0.251444
-0.12599 0.173682 -0.105355 -0.131728 0.16954 -0.0941642
0.0976039 0.0364541 0.421709 0.0856254 0.0046815 0.391788
0.0424394 0.0482358 -0.172857 0.0272105 0.0661541 -0.13418
0.184497 -0.107898 0.0145698 0.188917 -0.109487 -0.002074
0.0733223 0.0855189 -0.290676 0.0685039 0.0780736 -0.261195
-0.00950165 -0.0109663 -0.236697 -0.0291279 0.0071987 -0.237763
-0.16572 -0.444264 -0.0654728 -0.149145 -0.4149 -0.0462634
0.0514398 -0.000817325 0.465272 0.0512384 0.0271014 0.461883
0.000328477 -0.00543533 0.720271 -0.002925 -0.0136826 0.657407
-0.285682 -0.0810843 -0.0055071 -0.271537 -0.0619154 -0.0172571
-0.259838 -0.182125 0.0506874 -0.206326 -0.164174 0.0569347
0.0742422 -0.526463 -0.0839624 0.0414327 -0.494476 -0.0847367
0.211313 0.00625391 0.277064 0.193661 0.0059823 0.246161
0.0774143 0.249249 -0.421092 0.0676789 0.221066 -0.409777
0.0563289 -0.0605058 0.208188 0.0390545 -0.0410086 0.237161
-0.167629 0.0178867 -0.640045 -0.152355 0.0360154 -0.589945
-0.147461 -0.177966 0.207856 -0.144597 -0.195103 0.192281
-0.0120038 -0.16642 0.25334 -0.032002 -0.148616 0.222677
0.223494 -0.149067 0.0064168 0.213046 -0.140378 -0.0033168
-0.0124854 -0.0339209 0.37817 -0.0342044 0.0033379 0.335005
-0.0871473 -0.0530644 0.256747 -0.102391 -0.0204907 0.239047
0.264852 -0.277842 -0.207023 0.264517 -0.256089 -0.226659
0.0807927 -0.229609 -0.108995 0.0928036 -0.188113 -0.151798
0.382269 0.136867 -0.0553604 0.351504 0.121086 -0.0878153
0.0191279 -0.118689 0.243297 0.0122661 -0.0921342 0.198581
-0.0945956 -0.231546 0.0229204 -0.0694108 -0.216742 0.032105
0.0963777 -0.306929 -0.1105 0.0994505 -0.277502 -0.0839912
-0.229013 -0.065625 -0.171999 -0.233451 -0.0602057 -0.164235
-0.519098 -0.017375 -0.407803 -0.402173 -0.0886374 -0.350545
0.073491 -0.0719338 -0.385043 0.101454 -0.0290675 -0.255103
-0.106109 0.153865 0.0588302 -0.0945071 0.143735 -0.0008264
-0.24763 0.0270089 0.119251 -0.240581 0.0177786 0.10091
0.229908 -0.0374901 0.123666 0.192583 -0.0175829 0.0967215
-0.0305214 -0.0677836 -0.327178 -0.0213565 -0.0842351 -0.290995
-0.292617 0.228396 0.597792 -0.234307 0.206897 0.474095
0.205669 -0.146213 0.516653 0.168611 -0.147231 0.424646
0.334889 -0.393969 0.318533 0.262017 -0.336992 0.238486
-0.367181 0.51152 -0.186955 -0.31081 0.420646 -0.147789
0.322929 -0.0364041 0.0128989 0.2382 -0.0368607 0.0408145
0.0440565 0.000292659 0.339682 0.000345 0.0254149 0.256672
-0.144382 -0.313696 -0.129041 -0.106386 -0.284962 -0.100112
0.327343 0.197227 0.519427 0.274078 0.189722 0.45139
-0.334714 0.191747 -0.106581 -0.230181 0.156113 -0.0278451
-0.0165425 0.126597 -0.155456 -0.0098771 0.14215 -0.110989
0.376576 -0.00553891 -0.168559 0.32127 -0.0294858 -0.0944243
-0.107623 -0.0917102 0.0589795 -0.0783626 -0.0772794 0.0506556
-0.317936 -0.187124 -0.140991 -0.222789 -0.151928 -0.12568
-0.00718074 -0.130831 0.167986 -0.026804 -0.131246 0.144168
0.073074 -0.075892 0.357221 0.0623751 -0.0693838 0.258477
0.0144744 -0.470108 -0.150622 0.0554876 -0.374913 -0.0569451
-0.0078988 0.00166176 0.490929 0.0037194 0.0091907 0.412089
0.0956191 -0.0620607 0.0906001 0.114841 -0.0306163 0.109017
0.366942 -0.35507 -0.219248 0.294957 -0.349672 -0.135135
0.0282934 0.0580932 0.0817014 0.0305859 0.0800627 0.0981266
-0.564736 -0.00419402 -0.261019 -0.502999 -0.0391199 -0.216647
0.0646161 -0.144164 0.213858 0.0643499 -0.0923943 0.138946
0.127654 0.063956 0.430722 0.138534 0.0459463 0.366918
-0.0161768 0.0578471 -0.0660421 -0.0539688 0.0670525 -0.0905706
-0.0260695 -0.216684 -0.089381 -0.0423332 -0.138152 -0.0441832
0.154068 -0.146393 0.184955 0.148566 -0.11187 0.146723
-0.17544 -0.360654 -0.429759 -0.153763 -0.331229 -0.344979
-0.0229063 0.000456985 -0.0527275 -0.0038496 0.0419225 -0.102978
0.199323 0.180381 0.07216 0.191207 0.161307 0.0749609
0.0252519 0.0777193 0.0243746 -0.0093076 0.0669825 0.0078329
-0.221832 0.124184 -0.327912 -0.19154 0.0634408 -0.323805
0.00405887 0.302107 0.308482 -0.0324975 0.224099 0.272138
-0.144653 0.143328 -0.0116742 -0.100146 0.142797 0.0166758
0.044508 -0.00311942 0.325192 0.0735257 -0.0428166 0.27457
-0.104306 -0.295847 -0.679209 -0.119507 -0.240677 -0.569562
-0.0682774 0.0426333 -0.0942708 -0.0246585 0.0259972 -0.0745247
-0.071138 0.130368 0.161649 -0.0971484 0.107111 0.123483
-0.0248832 -0.0527421 -0.272292 -0.0251268 -0.0683172 -0.188228
0.17902 0.00463742 -0.246806 0.153651 -0.0255685 -0.186525
-0.11117 -0.138682 0.333352 -0.112288 -0.0519219 0.252978
0.296673 -0.530253 0.0896159 0.250677 -0.434378 0.0859734
0.0527682 -0.187925 0.230726 0.0760656 -0.123848 0.217005
0.158111 -0.0179853 -0.15951 0.0856754 -0.0163426 -0.1553
-0.0352142 -0.0705668 0.273249 0.0173121 -0.0423876 0.22646
0.170747 0.0664483 -0.282553 0.124656 0.0063609 -0.219739
-0.0701237 0.363646 -0.362603 -0.0819517 0.320496 -0.338476
0.417501 -0.200006 0.15 0.364502 -0.139252 0.138507
0.0651864 0.244769 -0.394165 0.0621365 0.165279 -0.324019
-0.120753 0.174339 0.151763 -0.123905 0.13455 0.12277
0.00163912 -0.00902982 -0.105901 -0.0184881 0.0177829 -0.0541513
-0.0808523 -0.174863 -0.0066682 -0.0831892 -0.137634 0.0321715
-0.0979032 0.323761 -0.519387 -0.0986958 0.224348 -0.44251
-0.111609 0.342595 0.388688 -0.108158 0.255436 0.337303
-0.131803 0.176411 -0.0932727 -0.162875 0.168902 -0.0985961
0.128335 -0.246548 -0.114771 0.140338 -0.203636 -0.137638
0.144155 0.394354 0.229986 0.116992 0.351671 0.17199
-0.247623 -0.381495 0.322383 -0.232992 -0.344186 0.215811
-0.0585363 0.0787148 -0.0131763 -0.0220064 0.0704258 0.003273
-0.0930882 -0.0702605 -0.0914775 -0.0410944 -0.0516511 -0.0804665
0.302018 -0.376565 -0.261174 0.256556 -0.325163 -0.26719
-0.189165 0.150889 -0.214402 -0.167421 0.11416 -0.203641
0.397 -0.297336 -0.197732 0.349616 -0.218241 -0.171321
0.386188 -0.0404503 -0.174056 0.265851 -0.0334676 -0.164845
-0.0509491 -0.0895526 -0.0222514 -0.0665238 -0.0589175 -0.0631399
-0.103912 -0.0646202 0.434082 -0.0774464 -0.051962 0.377771
-0.0956097 0.198973 -0.277814 -0.10949 0.188457 -0.231447
-0.16445 -0.205431 0.26499 -0.154916 -0.159926 0.201286
-0.0720144 0.244914 -0.168001 -0.103427 0.206086 -0.14963
0.180451 0.285446 0.0735607 0.207396 0.210505 0.120636
0.0817561 -0.658308 -0.0951195 0.0895711 -0.495175 -0.0764294
0.162795 0.0857968 -0.300049 0.063753 0.025198 -0.220956
0.0795909 -0.233627 0.294989 0.0772741 -0.135805 0.250651
0.0407997 0.0594231 0.143882 0.0646021 0.0314918 0.111066
0.278161 0.146755 -0.0293041 0.199118 0.100828 -0.0134115
0.122102 -0.14456 0.110338 0.172761 -0.102492 0.0769253
0.446004 -0.101391 0.133855 0.351394 -0.0736788 0.105363
-0.0532134 0.161616 -0.516322 -0.0632238 0.0709495 -0.440622
0.535934 0.110794 0.115191 0.501896 0.13021 0.0801957
0.334952 0.507101 -0.215667 0.267596 0.331914 -0.228581
0.0265946 0.0585698 0.480864 0.0309802 0.036126 0.425045
-0.0889409 -0.316699 0.159586 -0.106057 -0.308377 0.104635
0.238753 0.293176 -0.474807 0.181582 0.29311 -0.384874
0.0742484 0.405916 0.254668 0.0761778 0.347026 0.230211
-0.23822 -0.205392 0.223778 -0.203878 -0.198879 0.191686
0.0801304 -0.234621 0.0314877 0.104183 -0.215265 0.0108658
-0.0135479 0.53928 -0.0171107 0.0149156 0.522352 -0.017621
0.0698215 0.160752 -0.345383 0.0352457 0.161363 -0.291256
-0.0966316 0.0605215 -0.434519 -0.0610422 0.0846657 -0.366918
0.180357 -0.0465577 0.225149 0.171336 -0.055054 0.228234
0.0414507 -0.240824 -0.744047 0.0476702 -0.167013 -0.668464
-0.288439 -0.671181 0.464452 -0.258495 -0.598576 0.439077
-0.000732124 0.112268 0.22989 -0.0135265 0.0965625 0.21137
0.0436445 0.0882582 0.0128637 0.0581993 0.124311 0.0309952
0.0531337 -0.308574 0.0268324 0.0764753 -0.272589 0.0066464
-0.298329 0.127928 -0.160776 -0.262237 0.106918 -0.156562
0.221584 0.0548201 0.167365 0.193002 0.0588613 0.141497
0.117637 -0.203205 -0.193385 0.0855655 -0.169167 -0.137925
-0.223929 -0.571725 -0.476771 -0.190686 -0.527433 -0.443969
-0.362922 -0.0770192 -0.170044 -0.340104 -0.0775298 -0.169156
0.173142 0.0376009 0.184215 0.153873 0.0741984 0.124305
-0.0639054 -0.0109889 0.10376 -0.0552647 -0.0024782 0.0946661
0.0223388 -0.348452 0.0951249 0.0121669 -0.358439 0.12288
-0.269508 -0.038382 -0.0353982 -0.237226 -0.0446081 -0.054846
0.0130696 0.0314503 -0.360316 0.0148452 0.01489 -0.327801
-0.199414 0.502862 0.0455029 -0.200126 0.500118 0.0259532
0.0827997 -0.0928183 0.0968735 0.0826662 -0.0663642 0.0671753
-0.161733 0.177886 0.342371 -0.159159 0.147508 0.313032
-0.329813 -0.0146042 -0.240745 -0.291517 -0.0090019 -0.257961
0.188466 -0.122181 0.1365 0.178273 -0.11191 0.124331
-0.168483 0.110394 -0.305796 -0.135615 0.103498 -0.294892
0.0483851 0.0587087 -0.524806 0.085989 0.0279404 -0.502978
-0.0546266 0.206641 0.252667 -0.0634519 0.194649 0.230345
0.0627179 -0.207111 -0.645621 0.0563565 -0.178243 -0.580806
0.211989 -0.0530519 0.0505902 0.218155 -0.0631316 0.0734009
-0.142388 0.523835 0.255719 -0.136777 0.452103 0.243431
0.0471111 -0.0955881 0.172422 0.0604553 -0.0566809 0.153719
0.36003 0.206884 0.107549 0.329131 0.176012 0.104881
-0.190771 -0.0335077 -0.276305 -0.186677 -0.0496492 -0.260414
0.0848304 -0.0611535 -0.388249 0.089676 -0.0470189 -0.367225
-0.283118 0.104675 -0.00611757 -0.267891 0.0708923 0.0118846
-0.0817095 0.216992 -0.17528 -0.0686343 0.210117 -0.187177
-0.283797 -0.09971 0.0834215 -0.255978 -0.0990054 0.0986119
-0.265259 -0.0694962 0.0141409 -0.245357 -0.0600346 -0.0230383
-0.0818064 0.162156 -0.0259331 -0.0506427 0.117376 -0.0008396
0.314937 0.000312686 -0.0774462 0.296177 0.0253619 -0.0729922
-0.340716 -0.0288983 -0.191934 -0.298052 -0.0422897 -0.188585
0.352965 -0.183949 -0.0182051 0.344891 -0.163436 -0.0218994
-0.228741 -0.556236 -0.40321 -0.217337 -0.513134 -0.370215
-0.200873 0.0853952 0.100446 -0.192697 0.103121 0.0934002
-0.0968265 0.340564 -0.122096 -0.122714 0.306205 -0.100463
-0.233736 -0.469218 0.400372 -0.188746 -0.423776 0.3506
0.151769 -0.0234346 0.0627095 0.157036 -0.0433551 0.070815
-0.0584324 0.0508692 -0.28061 -0.0631086 0.0492197 -0.279141
0.0293848 -0.198401 0.510607 0.0388536 -0.175665 0.472908
0.0972077 0.28195 0.561158 0.0978267 0.258702 0.520233
-0.0452185 -0.251528 -0.0303856 -0.0302927 -0.226754 -0.0167034
-0.142669 -0.0148572 -0.0153205 -0.147337 0.0203206 -0.0070388
-0.21288 0.021818 0.124104 -0.20432 -0.0079473 0.143107
-0.522736 0.00850419 -0.233129 -0.471753 0.0014964 -0.270158
0.144936 0.0612588 -0.406331 0.0852728 0.0377225 -0.393939
0.317093 -0.438473 0.55589 0.273989 -0.376078 0.534384
-0.270546 -0.143138 0.401823 -0.22424 -0.14012 0.353055
-0.0548029 0.0784774 0.0690141 -0.0613735 0.0549466 0.0817718
0.103441 -0.0892875 0.188902 0.0576444 -0.0524347 0.146041
-0.0578658 0.169536 -0.15555 -0.0409373 0.161304 -0.128294
-0.255179 0.0198374 0.19933 -0.219171 0.0219374 0.214056
0.755278 -0.134287 -0.102931 0.682076 -0.138804 -0.0800263
-0.159711 0.159777 0.277333 -0.103021 0.14939 0.258541
-0.0154095 0.163898 -0.443686 -0.0121787 0.13407 -0.378469
0.177534 -0.0290042 -0.041059 0.130974 -0.0233469 -0.0426642
-0.0371559 -0.0131157 -0.00403686 -0.01789 -0.0428523 0.0145198
0.504053 0.0910601 -0.0188299 0.440182 0.080773 -0.0191564
-0.122695 0.483638 -0.037386 -0.12083 0.453719 -0.0296324
-0.331028 0.00493229 -0.0826502 -0.311458 0.0076329 -0.0851499
0.0494533 -0.00671254 0.277852 0.0118823 0.0138738 0.266707
0.0937699 0.237605 0.183502 0.115312 0.210931 0.184912
-0.171249 0.0273585 0.0737833 -0.156409 0.0393703 0.0547261
0.393136 0.277071 0.422485 0.389961 0.23681 0.420067
0.0724238 -0.0300137 0.414539 0.0700555 -0.0454384 0.378854
-0.117154 -0.0414397 -0.0454512 -0.101733 -0.0416449 -0.0184824
-0.0533477 0.0915701 -0.251478 -0.0408851 0.072158 -0.201892
-0.0554086 0.114559 0.221539 -0.0582162 0.0749524 0.201772
0.0147596 -0.184386 -0.135001 0.0183341 -0.164032 -0.123144
0.421789 -0.328544 -0.0853679 0.389004 -0.319714 -0.0924354
-0.0725266 0.182345 0.137111 -0.061229 0.171556 0.138451
0.301023 0.255741 0.154484 0.280019 0.232411 0.135275
0.037182 0.141394 0.0187033 0.0417868 0.153567 -0.0063171
-0.274218 0.2283 -0.272285 -0.264245 0.198296 -0.247144
0.00477677 0.0249644 -0.00938463 0.0068853 0.0214677 -0.0090798
-0.443859 -0.171605 0.0176336 -0.407205 -0.137769 -0.0118069
-0.0442412 0.105659 -0.0643264 -0.0319761 0.0700436 -0.0489405
-0.152292 0.154305 -0.249386 -0.131994 0.13612 -0.243101
-0.0588868 0.0381849 0.418326 -0.0480279 0.0406652 0.383684
-0.0766732 0.0133918 -0.0268678 -0.0649004 -0.0253053 0.0137471
0.0363938 0.288921 -0.0915731 0.0458854 0.260857 -0.108179
0.0676759 0.0703819 -0.651934 0.0622275 0.0412667 -0.638187
0.394432 0.403331 -0.0495035 0.349802 0.392558 -0.0181562
-0.347942 -0.118724 0.578945 -0.298622 -0.108052 0.544654
0.224755 -0.0290091 0.120823 0.214052 -0.0222173 0.139496
0.175036 -0.143358 -0.193668 0.161324 -0.126968 -0.18175
-0.0373861 -0.0374742 -0.101479 -0.0206459 -0.0478719 -0.0931154
-0.09471 -0.0548058 0.0360757 -0.0984247 -0.0536565 0.0317226
-0.0634011 -0.00783426 -0.0327731 -0.0888062 0.0051051 -0.0225854
-0.491799 0.164069 0.343299 -0.440095 0.160941 0.291499
-0.157924 0.121916 -0.463469 -0.14351 0.126434 -0.46655
0.364041 -0.168219 0.509326 0.343331 -0.179911 0.47609
