539.121 612.53
479.388 534.88
421.103 461.233
364.388 391.458
309.207 325.458
255.66 262.846
203.702 203.851
153.417 148.261
104.75 95.9304
57.7705 46.5974
12.4159 -0.017525
-31.2585 -43.7998
-73.3173 -84.9496
-113.72 -123.495
-152.535 -159.387
-189.73 -192.755
-225.378 -223.683
-259.459 -252.287
-292.038 -279.129
-323.11 -303.956
-352.739 -326.93
144.144 135.384
128.533 117.543
113.57 100.793
99.1934 85.1143
85.3992 70.4448
72.0876 56.6834
59.2686 43.8805
46.9102 31.8772
34.9946 20.6023
23.4936 9.98768
12.4159 -0.0174476
1.69369 -9.32528
-8.68652 -18.1236
-18.6961 -26.414
-28.3694 -34.1707
-37.7197 -41.4671
-46.7322 -48.2294
-55.4791 -54.4929
-63.9266 -60.4245
-72.0955 -65.9385
-79.9854 -71.122
56.5382 55.2289
52.0185 48.2101
47.5333 41.838
43.0542 35.9012
38.5978 30.2243
34.1849 24.8018
29.7733 19.5322
25.3895 14.4269
21.03 9.44791
16.7093 4.677
12.4159 -0.017395
8.15224 -4.48134
3.9096 -8.93894
-0.299478 -13.4074
-4.46446 -17.6419
-8.61726 -21.7267
-12.7269 -25.6945
-16.8004 -29.5719
-20.8398 -33.4077
-24.8211 -37.2481
-28.7951 -40.9944
633.51 694.068
558.828 605.299
487.011 521.945
418.076 441.816
351.94 366.005
288.669 294.691
228.086 227.654
170.251 164.94
115.038 106.361
62.4721 51.5159
12.4159 -0.0175323
-35.1325 -48.1411
-80.3019 -93.083
-123.094 -134.784
-163.621 -173.351
-201.929 -209.142
-238.11 -242.29
-272.199 -273.005
-304.305 -301.471
-334.454 -327.617
-362.771 -351.612
203.491 216.396
180.207 185.795
158.033 157.434
136.843 131.848
116.634 108.426
97.2999 86.6273
78.788 66.5484
61.0767 47.9978
44.1285 30.7887
27.9141 14.8275
12.4159 -0.0172909
-2.44637 -13.7277
-16.7063 -26.4762
-30.3357 -38.3786
-43.3703 -49.2454
-55.8638 -59.2996
-67.785 -68.61
-79.2182 -77.241
-90.1436 -85.2912
-100.571 -92.7881
-110.55 -99.8441
756.014 811.113
662.621 701.843
573.852 599.779
489.593 504.605
409.663 415.768
333.888 332.878
262.103 255.796
194.228 184.357
130.057 118.292
69.5106 57.0218
12.4159 -0.0172041
-41.3534 -52.7983
-91.9752 -101.671
-139.49 -146.666
-184.09 -187.727
-225.85 -225.136
-264.919 -259.35
-301.409 -290.537
-335.445 -319.216
-367.103 -345.907
-396.523 -369.729
875.266 929.319
760.903 799.216
653.692 679.077
553.257 567.993
459.249 465.293
371.345 370.643
289.145 283.187
212.456 202.887
140.923 129.424
74.3464 62.0685
12.4159 -0.0172859
-45.1105 -56.9617
-98.5236 -109.151
-147.951 -156.259
-193.671 -199.328
-235.864 -238.206
-274.737 -273.528
-310.476 -305.547
-343.275 -334.588
-373.262 -360.82
-400.649 -384.336
510.038 518.171
447.574 450.169
388.35 386.495
332.105 326.641
278.777 270.429
228.149 217.592
180.163 168.117
134.701 121.907
91.6549 78.67
50.9019 38.0916
12.4159 -0.0173559
-23.9774 -35.691
-58.3717 -69.0555
-90.8272 -100.089
-121.39 -129.073
-150.192 -156.119
-177.269 -181.319
-202.767 -204.688
-226.684 -226.423
-249.107 -246.6
-270.122 -265.373
747.836 801.984
654.738 694.508
566.435 593.916
482.714 499.871
403.504 412.132
328.603 330.264
257.736 253.938
190.865 183.136
127.764 117.607
68.3471 56.6741
12.4159 -0.0170749
-40.1875 -52.6309
-89.5817 -101.382
-135.921 -145.995
-179.321 -187.363
-219.896 -225.343
-257.842 -260.1
-293.181 -292.106
-326.129 -321.437
-356.703 -348.288
-385.112 -372.816
815.123 868.386
711.352 749.073
613.455 638.297
521.182 535.44
434.291 439.884
352.518 351.376
275.541 269.236
203.311 193.485
135.475 123.845
71.9124 59.4848
12.4159 -0.0172764
-43.2363 -54.8879
-95.2593 -105.453
-143.752 -151.752
-188.933 -193.705
-230.931 -231.937
-269.934 -266.947
-306.084 -298.853
-339.532 -328.135
-370.403 -354.513
-398.843 -378.462
-98.3651 -0.000259103
-22.042 0.0241715
1.32997 0.0325788
179.422 151.6
156.384 130.23
134.982 110.511
115.149 92.3268
96.7645 75.57
79.7615 60.1569
64.032 45.971
49.5144 32.9886
36.1104 21.0705
23.7643 10.0799
12.387 -0.017525
1.92817 -9.25794
-7.68941 -17.7607
-16.5146 -25.5893
-24.6158 -32.7103
-32.0349 -39.2158
-38.8337 -45.0743
-45.0525 -50.2969
-50.7397 -55.2219
-55.9356 -59.683
-60.683 -63.7895
574.368 628.747
507.201 547.566
442.505 470.95
380.315 398.67
320.556 330.584
263.299 266.311
208.456 205.941
155.994 149.373
105.863 96.3984
58.0204 46.6885
12.387 -0.0174476
-31.0369 -43.7318
-72.3188 -84.5896
-111.553 -122.676
-148.779 -157.926
-184.06 -190.514
-217.468 -220.526
-249.034 -248.087
-278.84 -273.93
-306.949 -297.702
-333.421 -319.594
56.5054 55.2289
51.9863 48.2101
47.5009 41.838
43.0223 35.9012
38.5669 30.2243
34.154 24.8018
29.7428 19.5322
25.3599 14.4269
21.0009 9.44791
16.6805 4.677
12.387 -0.017395
8.12421 -4.48134
3.88206 -8.93894
-0.326478 -13.4074
-4.49111 -17.6419
-8.64365 -21.7267
-12.7528 -25.6945
-16.8265 -29.5719
-20.8649 -33.4077
-24.8463 -37.2481
-28.8199 -40.9944
243.23 237.948
211.205 202.179
181.579 169.556
154.181 140.566
128.838 114.401
105.443 90.5927
83.7827 68.9047
63.7759 49.2014
45.2717 31.2617
28.1881 14.9322
12.387 -0.0175323
-2.21413 -13.6625
-15.7326 -26.1123
-28.2302 -37.5742
-39.7901 -47.8022
-50.5073 -57.2359
-60.4304 -65.8799
-69.6264 -73.8099
-78.1573 -81.1294
-86.0589 -87.8931
-93.4259 -94.2565
673.214 715.614
589.783 621.596
510.548 534.053
435.384 450.536
364.127 371.983
296.774 298.658
233.071 230.01
172.921 166.143
116.178 106.834
62.725 51.6175
12.387 -0.0172909
-34.9136 -48.0703
-79.3262 -92.719
-121.003 -133.98
-160.04 -171.907
-196.585 -207.078
-230.745 -239.561
-262.608 -269.574
-292.308 -297.308
-319.941 -322.721
-345.633 -346.024
755.959 811.113
662.658 701.843
573.912 599.779
489.649 504.605
409.642 415.768
333.866 332.878
262.098 255.796
194.22 184.357
130.064 118.292
69.5143 57.0218
12.387 -0.0172041
-41.3824 -52.7983
-91.9497 -101.671
-139.47 -146.666
-184.058 -187.727
-225.828 -225.136
-264.923 -259.35
-301.411 -290.537
-335.439 -319.216
-367.104 -345.907
-396.519 -369.729
875.204 929.319
760.945 799.216
653.76 679.077
553.318 567.993
459.227 465.293
371.323 370.643
289.14 283.187
212.448 202.887
140.93 129.424
74.3501 62.0685
12.387 -0.0172859
-45.1395 -56.9617
-98.4988 -109.151
-147.932 -156.259
-193.641 -199.328
-235.844 -238.206
-274.74 -273.528
-310.478 -305.547
-343.268 -334.588
-373.262 -360.82
-400.645 -384.336
759.306 808.432
663.58 699.344
573.081 597.434
487.581 502.341
406.837 413.781
330.769 331.363
259.066 254.581
191.568 183.47
128.075 117.723
68.4171 56.6979
12.387 -0.0173559
-40.1367 -52.6149
-89.3382 -101.311
-135.407 -145.751
-178.455 -186.987
-218.659 -224.791
-256.151 -259.515
-291.042 -291.346
-323.476 -320.593
-353.569 -347.398
-381.459 -371.902
521.501 524.62
456.429 455.006
394.993 390.015
336.947 329.105
282.093 272.079
230.33 218.689
181.495 168.757
135.393 122.239
91.9482 78.7866
50.978 38.1139
12.387 -0.0170749
-23.9388 -35.6707
-58.1446 -68.9772
-90.307 -99.8397
-120.521 -128.712
-148.967 -155.687
-175.592 -180.648
-200.629 -203.926
-224.029 -225.581
-245.985 -245.704
-266.478 -264.463
815.064 868.386
711.391 749.073
613.519 638.297
521.24 535.44
434.27 439.884
352.496 351.376
275.537 269.236
203.303 193.485
135.482 123.845
71.916 59.4848
12.387 -0.0172764
-43.2651 -54.8879
-95.2338 -105.453
-143.732 -151.752
-188.902 -193.705
-230.91 -231.937
-269.937 -266.947
-306.086 -298.853
-339.525 -328.135
-370.402 -354.513
-398.839 -378.462
-98.3651 -0.000259103
-22.042 0.0241715
1.32997 0.0325788
86.5727 67.9215
75.8488 58.5104
65.991 49.8226
56.9621 41.778
48.701 34.3921
41.171 27.5014
34.318 21.1759
28.1075 15.289
22.4907 9.83298
17.4371 4.72783
12.9031 -0.0108756
8.85962 -4.48604
5.26859 -8.69807
2.10412 -12.7175
-0.667351 -16.5516
-3.07031 -20.2281
-5.13408 -23.7119
-6.88129 -26.8557
-8.33528 -30.2085
-9.5177 -33.4478
-10.4503 -36.7014
86.5673 67.9221
75.8443 58.5101
65.9902 49.8226
56.9593 41.7781
48.6988 34.3927
41.1667 27.4978
34.3163 21.1754
28.1043 15.2884
22.4905 9.833
17.4352 4.72764
12.9031 -0.0108182
8.85861 -4.48591
5.26899 -8.6994
2.10306 -12.7208
-0.667817 -16.5511
-3.07187 -20.2326
-5.13311 -23.7113
-6.88078 -26.8535
-8.33428 -30.2098
-9.51735 -33.4487
-10.4488 -36.7003
719.902 767.907
628.898 662.508
542.961 564.791
461.954 473.602
385.588 388.977
313.583 310.705
245.85 238.536
182.106 171.826
122.163 110.039
65.8027 52.888
12.9031 -0.010793
-36.7774 -48.8061
-83.3565 -93.7404
-127.017 -134.767
-167.921 -172.761
-206.175 -207.55
-241.957 -239.088
-275.389 -267.589
-306.597 -293.727
-335.713 -317.645
-362.829 -339.526
788.797 837.222
688.312 722.686
593.514 617.264
504.259 517.861
420.227 425.349
341.133 339.72
266.857 260.621
197.11 187.609
131.674 120.125
70.3206 57.7418
12.9031 -0.0111623
-40.8322 -53.2156
-91.025 -102.154
-137.872 -146.546
-181.555 -187.461
-222.194 -224.991
-259.987 -259.096
-295.068 -289.945
-327.58 -317.938
-357.672 -343.223
-385.445 -366.248
788.792 837.219
688.308 722.64
593.513 617.256
504.256 517.861
420.225 425.351
341.129 339.721
266.856 260.621
197.107 187.609
131.673 120.124
70.3187 57.74
12.9031 -0.0109142
-40.8326 -53.2129
-91.0252 -102.154
-137.873 -146.546
-181.555 -187.46
-222.196 -224.991
-259.986 -259.095
-295.068 -289.945
-327.579 -317.937
-357.671 -343.224
-385.444 -366.248
174.274 157.709
149.522 134.056
127.087 112.652
106.811 93.2105
88.5201 75.7131
72.0762 59.6041
57.3292 45.2002
44.1586 32.1786
32.4351 20.3798
22.0537 9.66479
12.9031 -0.0105615
4.89093 -8.81803
-2.07722 -16.8149
-8.0816 -24.0027
-13.2039 -30.4231
-17.5144 -36.0196
-21.0819 -41.3536
-23.968 -46.4691
-26.2315 -51.0931
-27.9254 -55.1909
-29.1005 -59.1074
871.146 943.125
758.082 810.228
651.842 688.346
552.216 575.041
458.813 470.551
371.283 374.609
289.446 286.297
212.955 205.242
141.54 130.983
74.9207 62.7671
12.9031 -0.0106565
-44.8111 -57.4243
-98.405 -109.921
-148.113 -156.854
-194.156 -200.364
-236.688 -239.746
-275.94 -275.426
-312.077 -307.448
-345.273 -336.182
-375.702 -361.871
-403.492 -385.065
821.332 886.913
716.428 763.689
617.512 650.196
524.414 544.366
436.808 446.469
354.385 356.116
277.027 272.744
204.42 196.046
136.346 125.404
72.5551 60.224
12.9031 -0.0107672
-42.881 -55.3819
-94.9408 -106.184
-143.486 -151.915
-188.699 -194.419
-230.712 -233.192
-269.724 -268.361
-305.884 -300.174
-339.333 -328.996
-370.228 -355.099
-398.676 -378.739
821.333 886.913
716.429 763.689
617.511 650.196
524.411 544.363
436.807 446.469
354.387 356.116
277.027 272.743
204.42 196.045
136.345 125.405
72.5556 60.2234
12.9031 -0.0104803
-42.8816 -55.3799
-94.9419 -106.18
-143.486 -151.912
-188.698 -194.425
-230.713 -233.248
-269.725 -268.324
-305.884 -300.173
-339.332 -328.997
-370.229 -355.096
-398.676 -378.741
470.488 474.299
412.556 412.936
357.663 355.255
305.79 300.919
256.637 249.765
210.145 201.677
166.205 156.273
124.603 113.67
85.2609 73.5496
48.0928 35.6796
12.9031 -0.0107767
-20.3699 -33.5933
-51.7949 -65.2415
-81.4965 -94.9727
-109.55 -122.672
-136.068 -148.238
-161.07 -172.998
-184.691 -196.277
-206.979 -218.132
-227.982 -238.889
-247.785 -257.991
-98.365 -0.000259103
-22.0363 0.0241715
1.32922 0.0325788
144.584 151.785
125.385 131.462
107.299 112.465
90.3436 94.6801
74.4645 78.0546
59.6425 62.5172
45.826 47.989
33.0073 34.5598
21.1054 22.1502
10.1337 10.6476
-0.0010009 0
-9.28827 -9.89337
-17.7968 -18.9789
-25.558 -27.3143
-32.6075 -34.8817
-38.9841 -41.7288
-44.7218 -47.9163
-49.8474 -53.4618
-54.4286 -58.6304
-58.4651 -63.2936
-62.0127 -67.4938
-83.4557 -123.697
-77.1621 -109.488
-70.2239 -95.6346
-62.731 -82.1873
-54.7541 -69.177
-46.3304 -56.5084
-37.5541 -44.3697
-28.4719 -32.6342
-19.1595 -21.3407
-9.64536 -10.4882
-0.0010009 0
9.74075 10.0103
19.5196 19.6042
29.3195 28.7372
39.0988 37.4115
48.8069 45.6204
58.4291 53.3815
67.925 60.7331
77.288 67.6402
86.471 74.1262
95.4705 80.1958
-0.00119788 0
-0.00105424 0
-0.00111656 0
-0.00102788 0
-0.00104226 0
-0.00111097 0
-0.00101094 0
-0.00113051 0
-0.000822993 0
-0.000999328 0
-0.0010009 0
-0.000989711 0
-0.000796739 0
-0.000835286 0
-0.000929935 0
-0.000961741 0
-0.000934615 0
-0.000998125 0
-0.000946802 0
-0.000976458 0
-0.000969484 0
158.564 156.554
136.123 135.237
115.337 115.713
96.1687 97.0308
78.5113 79.5331
62.2996 63.4977
47.431 48.5482
33.8592 34.8004
21.462 22.2256
10.2174 10.6796
-0.0010009 0
-9.21406 -9.87478
-17.5181 -18.9125
-24.9697 -27.1336
-31.6276 -34.5757
-37.5505 -41.4688
-42.7918 -47.7741
-47.3959 -53.5399
-51.4419 -58.8006
-54.9471 -63.5498
-57.9728 -67.8399
-89.7068 -119.229
-82.4517 -106.938
-74.5639 -94.7341
-66.1627 -81.9295
-57.3464 -69.1812
-48.1738 -56.6279
-38.7569 -44.4663
-29.1593 -32.7155
-19.469 -21.4063
-9.72333 -10.5019
-0.0010009 0
9.66129 9.99245
19.2007 19.543
28.5998 28.5261
37.8176 37.0764
46.8057 45.0425
55.5538 52.5009
64.0257 59.4848
72.2184 66.0108
80.0967 72.0284
87.6546 77.5184
0.000174599 0
0.00885771 -0
-0.00475137 0
0.00345701 0
0.000797109 0
0.0115146 0
-0.00160247 0
0.00525981 0
-0.00478255 0
0.00888035 0
-0.0010009 0
0.00588576 0
-0.000779328 0
0.00141874 0
-0.00304248 0
0.00260938 0
-0.000962488 0
0.00117807 0
-0.00220306 0
0.00192084 0
-0.000906294 0
0.000184298 0
0.010043 0
-0.00525959 0
0.00354167 0
0.000970122 0
0.0122875 0
-0.00175712 0
0.00541803 0
-0.00489345 0
0.00897712 0
-0.0010009 0
0.00565989 0
-0.000759648 0
0.00147256 0
-0.00291165 0
0.0026257 0
-0.000882203 0
0.00109336 0
-0.00202486 0
0.00171008 0
-0.000890214 0
-58.6741 -76.3455
-52.137 -66.3459
-45.6594 -56.8292
-39.3182 -47.8715
-33.1154 -39.4776
-27.0979 -31.5749
-21.2469 -24.2194
-15.5977 -17.3875
-10.1644 -11.1398
-4.97655 -5.34407
-0.0010009 0
4.72695 4.90624
9.21821 9.39771
13.4563 13.466
17.4511 17.1444
21.1994 20.3932
24.7056 23.2972
27.9609 25.894
30.9901 28.158
33.7793 30.1282
36.3446 31.806
78.6307 87.5142
67.448 74.7229
57.1141 62.9246
47.6456 52.1442
38.8951 42.3345
30.9029 33.477
23.5485 25.33
16.8302 17.964
10.6906 11.3404
5.09611 5.38497
-0.0010009 0
-4.61453 -4.87547
-8.81074 -9.26822
-12.5826 -13.0393
-15.9968 -16.5044
-19.0545 -19.5382
-21.7989 -22.2121
-24.2425 -24.5767
-26.4191 -26.6974
-28.3437 -28.5829
-30.0374 -30.2257
-0.000183123 -0
0.00936406 -0
-0.00504808 0
0.00348862 0
0.000827337 0
0.0118329 0
-0.00167823 0
0.00529734 0
-0.00485371 0
0.00893067 0
-0.0010009 0
0.005943 0
-0.000681855 0
0.0013878 0
-0.00291967 0
0.00268224 0
-0.000834592 0
0.00123457 0
-0.00204207 0
0.00183618 0
-0.000867476 0
-1.06394e-05 0
-0.000828665 -0
0.00765421 0
0.000841677 0
0.00073576 0
0.000640631 0
0.000539899 0
0.00047332 0
0.000383914 0
0.000280693 0
0.000225589 0
0.000149049 0
5.87665e-05 0
2.68221e-07 0
-7.35261e-05 0
-0.000122145 0
-0.000184536 0
-0.00024353 0
-0.000286266 0
-0.00034672 0
-0.000408798 0
-0.000464112 0
-0.000497729 0
-0.00055775 0
-0.000863671 0
-0.000754356 0
-0.000625014 0
-0.000534266 0
-0.000456423 0
-0.000372618 0
-0.000306427 0
-0.000214294 0
-0.000132866 0
-7.6443e-05 0
2.68221e-07 0
7.34404e-05 0
0.000120379 0
0.000192672 0
0.000253871 0
0.000312999 0
0.000357464 0
0.000417084 0
0.000475496 0
0.00054577 0
0.000578552 0
5.31971e-06 0
1.5229e-05 0
-1.59368e-05 0
3.59714e-05 0
-4.51505e-06 -0
1.27554e-05 0
-1.43163e-05 0
8.48249e-06 0
1.52811e-05 -0
4.10527e-06 0
2.68221e-07 0
1.24471e-05 -0
-7.13021e-06 -0
-4.93601e-06 0
-1.89245e-06 0
1.82763e-05 -0
-3.9041e-06 0
4.29899e-06 -0
6.19143e-06 -0
4.76837e-07 0
-1.11014e-05 0
0.000264645 0
0.0013991 0
-0.000375569 0
0.000512987 0
-0.000123292 0
-0.00053519 0
4.66406e-05 0
-0.000258967 0
7.99e-05 0
-0.000148378 0
2.68221e-07 -0
-9.9536e-05 0
1.84998e-05 0
-0.000165462 0
-9.6038e-05 0
6.17355e-05 0
0.000998065 0
0.000601262 0
0.000172615 0
-0.000455081 0
-0.000187904 0
-0.000288308 0
-0.00137383 0
0.000377417 0
-0.000451028 0
0.000127673 0
0.000553012 0
-4.88162e-05 0
0.000247762 0
-6.93947e-05 0
0.000160262 0
2.68221e-07 0
6.14934e-05 0
-2.54139e-05 0
0.000153124 0
9.03457e-05 0
-4.02927e-05 0
-0.00100185 0
-0.000611052 0
-0.000173092 0
0.000473201 0
0.000194848 0
-2.99513e-05 0
1.32918e-05 0
-1.48118e-05 -0
1.55866e-05 0
-2.34246e-05 0
-1.07288e-06 0
-1.2219e-05 0
-2.86549e-05 -0
3.35276e-07 0
-1.34408e-05 0
2.68221e-07 0
-1.11405e-05 0
-2.20463e-05 0
-8.09133e-06 0
-1.51768e-05 0
1.27107e-05 0
8.41916e-07 -0
8.78423e-06 -0
7.6741e-06 0
1.06245e-05 0
-1.03563e-05 -0
6.19888e-06 0
3.00109e-05 0
2.09808e-05 0
1.26958e-05 0
1.49012e-05 0
-2.72691e-06 -0
2.81632e-06 0
-3.20375e-05 0
-2.26125e-05 -0
-1.9405e-05 -0
2.68221e-07 0
1.08667e-05 -0
4.63426e-06 0
1.38283e-05 -0
2.19047e-06 0
-7.86781e-06 0
-4.44055e-06 0
-1.07884e-05 0
-1.1906e-05 0
-8.41916e-06 -0
8.34465e-07 0
-0.000174254 0
-0.000758231 0
0.000191391 0
-0.000251234 0
7.36266e-05 0
0.000276089 0
-1.2815e-05 0
0.000118285 0
-5.29177e-05 0
5.48474e-05 0
2.68221e-07 0
5.28935e-05 0
-5.84498e-06 0
8.41804e-05 0
4.30271e-05 0
-2.42665e-05 0
-0.000482664 0
-0.000290185 0
-8.55923e-05 0
0.00021933 0
8.88556e-05 0
0.000135362 0
0.000720322 0
-0.00018087 0
0.00026688 0
-5.43296e-05 0
-0.000303254 0
2.21133e-05 0
-0.000134774 0
5.09769e-05 0
-9.05022e-05 0
2.68221e-07 0
-1.65962e-05 0
2.2687e-05 0
-7.87154e-05 0
-4.82947e-05 0
2.09361e-05 0
0.000470579 0
0.000267252 0
8.46237e-05 0
-0.000213847 0
-9.08375e-05 0
1.0252e-05 0
-2.0355e-05 0
-2.5332e-06 0
-9.47714e-06 -0
-4.28706e-05 0
8.82149e-06 -0
4.07696e-05 -0
6.60866e-06 -0
2.32235e-05 0
-7.84919e-06 0
2.68221e-07 0
1.69184e-05 -0
-1.06916e-06 0
-3.05474e-06 0
1.11163e-05 -0
-4.04567e-06 -0
3.02494e-06 0
-9.20892e-06 -0
3.29316e-06 -0
-9.79006e-06 0
4.42564e-06 -0
-7.33137e-06 0
0.000416748 0
-0.00119495 0
0.000505954 0
0.0004296 0
0.000368327 0
0.000319928 0
0.000250056 0
0.000207633 0
0.000181787 0
0.000118099 0
7.4394e-05 0
3.55393e-05 0
-1.61686e-06 0
-4.44911e-05 0
-7.90544e-05 0
-0.000114024 0
-0.000150234 0
-0.000185661 0
-0.000212766 0
-0.000252225 0
-0.000283308 0
-0.000296965 0
-0.000343062 0
-0.000513196 0
-0.00042057 0
-0.000373781 0
-0.000314221 0
-0.000252455 0
-0.0002103 0
-0.000160955 0
-0.000129059 0
-9.02116e-05 0
-3.41497e-05 0
-1.61686e-06 0
3.73963e-05 0
6.58035e-05 0
0.000111319 0
0.000154912 0
0.000167742 0
0.000197418 0
0.000244394 0
0.00024581 0
0.000292957 0
0.000312567 0
8.46191e-06 0
-6.36331e-06 0
-1.33049e-05 0
4.87522e-06 0
1.89499e-06 0
1.98802e-06 0
-1.80586e-07 0
-1.9246e-05 0
3.60675e-06 -0
1.14206e-06 0
-1.61686e-06 0
-4.17521e-06 0
3.35476e-06 0
1.37404e-05 0
3.18004e-06 0
8.02505e-06 0
-3.29269e-06 0
-7.53504e-06 0
1.06172e-05 0
1.0989e-05 0
-5.46774e-07 0
0.000151098 0
0.000738233 0
-0.000222236 0
0.000254691 0
-5.89043e-05 0
-0.000302568 0
2.01762e-05 0
-0.000148565 0
4.96954e-05 0
-8.75816e-05 0
-1.61686e-06 0
-5.02747e-05 0
9.9726e-06 0
-0.000102226 0
-6.02156e-05 0
4.67077e-05 0
0.000579454 0
0.000347942 0
0.000101216 0
-0.000286363 0
-0.000100106 0
-0.00015977 0
-0.000838846 0
0.000232846 0
-0.000285253 0
8.34018e-05 0
0.000311345 0
-2.89157e-05 0
0.0001432 0
-5.16698e-05 0
7.45486e-05 0
-1.61686e-06 0
5.43632e-05 0
-2.39573e-05 0
9.37581e-05 0
4.98891e-05 0
-3.33637e-05 0
-0.000564836 0
-0.000342473 0
-0.000102639 0
0.000258446 0
0.000112563 0
-9.95024e-06 0
5.97668e-06 -0
5.48003e-06 -0
1.2689e-05 0
-3.88673e-06 -0
9.31384e-06 -0
8.24174e-06 -0
-2.00175e-06 0
-1.98425e-06 0
-9.09004e-06 0
-1.61686e-06 0
2.19658e-06 0
1.20366e-05 0
-3.87045e-06 -0
-1.06649e-05 0
1.92622e-06 0
-3.15497e-06 0
1.76576e-06 0
-8.87832e-07 0
3.76336e-06 0
5.94498e-07 0
-3.53705e-06 -0
1.2151e-05 0
-4.02442e-06 0
2.36259e-05 -0
4.66798e-06 -0
6.89477e-06 0
3.16766e-06 0
-2.20776e-05 -0
-1.59388e-05 0
-6.67725e-06 0
-1.61686e-06 0
-2.89013e-06 0
6.74646e-06 0
6.42867e-07 0
3.06345e-06 0
1.06216e-06 0
2.36708e-06 0
3.29834e-06 -0
-2.88257e-06 0
-3.38388e-06 0
-6.33138e-06 -0
-9.28491e-05 0
-0.000421911 0
0.000123039 0
-0.000148028 0
2.56225e-05 0
0.000151254 0
-1.09971e-05 0
8.8051e-05 0
-2.60416e-05 0
4.33074e-05 0
-1.61686e-06 0
2.03997e-05 0
1.72481e-06 0
4.49158e-05 0
2.12714e-05 0
-2.34321e-06 0
-0.000274312 0
-0.000160109 0
-5.53541e-05 0
0.000131827 0
5.12041e-05 0
9.45032e-05 0
0.000395373 0
-9.58294e-05 0
0.000150353 0
-4.49345e-05 0
-0.000149772 0
2.26796e-05 0
-6.93239e-05 0
2.82712e-05 0
-4.711e-05 0
-1.61686e-06 0
-2.52388e-05 0
2.86102e-06 0
-5.10588e-05 0
-1.38767e-05 0
1.37798e-05 0
0.000275265 0
0.000164788 0
4.91142e-05 0
-0.000136856 0
-6.07036e-05 0
2.00767e-06 0
2.25574e-05 0
1.14353e-06 0
-2.2055e-05 0
-2.86141e-06 0
6.17596e-06 0
-6.40944e-06 -0
5.77922e-07 0
-6.67756e-06 0
-3.93564e-07 0
-1.61686e-06 0
-5.03635e-06 0
-7.00275e-07 0
1.47755e-05 0
-2.67148e-06 0
-3.93108e-06 0
-1.53311e-06 0
1.61276e-06 0
-2.54885e-06 0
4.47847e-06 0
-3.54802e-06 0
-7.59959e-06 0
0.000419867 -0
-0.00121691 0
