-706.866 -706.681
-714.392 -714.457
-720.942 -721.168
-726.562 -726.886
-731.314 -731.679
-735.245 -735.612
-738.403 -738.746
-740.839 -741.133
-742.599 -742.827
-743.723 -743.878
-744.258 -744.328
-744.242 -744.233
-743.71 -743.627
-742.705 -742.553
-741.258 -741.051
-739.403 -739.155
-737.169 -736.898
-734.59 -734.311
-731.693 -731.428
-728.503 -728.273
-725.045 -724.878
-706.865 -706.681
-714.399 -714.457
-720.942 -721.168
-726.567 -726.886
-731.317 -731.679
-735.245 -735.612
-738.407 -738.746
-740.84 -741.133
-742.599 -742.827
-743.723 -743.878
-744.258 -744.328
-744.242 -744.233
-743.71 -743.627
-742.706 -742.553
-741.257 -741.051
-739.402 -739.155
-737.167 -736.898
-734.589 -734.311
-731.693 -731.428
-728.501 -728.273
-725.048 -724.878
-707.172 -704.251
-715.365 -712.773
-722.318 -720.046
-728.135 -726.174
-732.912 -731.26
-736.734 -735.379
-739.691 -738.635
-741.854 -741.087
-743.295 -742.815
-744.074 -743.874
-744.258 -744.328
-743.896 -744.238
-743.042 -743.642
-741.741 -742.595
-740.038 -741.135
-737.968 -739.306
-735.575 -737.139
-732.886 -734.674
-729.933 -731.942
-726.747 -728.973
-723.352 -725.79
-661.286 -659.006
-679.03 -676.94
-694.201 -692.336
-706.989 -705.384
-717.592 -716.241
-726.178 -725.081
-732.911 -732.076
-737.95 -737.364
-741.434 -741.085
-743.495 -743.368
-744.258 -744.328
-743.838 -744.087
-742.345 -742.744
-739.875 -740.403
-736.521 -737.15
-732.37 -733.071
-727.501 -728.245
-721.987 -722.751
-715.899 -716.659
-709.298 -710.033
-702.242 -702.934
-661.283 -659.006
-679.037 -676.94
-694.2 -692.336
-706.996 -705.384
-717.595 -716.241
-726.177 -725.081
-732.914 -732.076
-737.95 -737.364
-741.434 -741.085
-743.496 -743.368
-744.258 -744.328
-743.838 -744.087
-742.344 -742.744
-739.875 -740.403
-736.519 -737.15
-732.368 -733.071
-727.499 -728.245
-721.987 -722.751
-715.899 -716.659
-709.297 -710.033
-702.245 -702.934
-657.399 -659.953
-675.482 -677.751
-691.021 -692.995
-704.206 -705.883
-715.216 -716.6
-724.217 -725.331
-731.367 -732.234
-736.814 -737.456
-740.694 -741.127
-743.133 -743.381
-744.258 -744.328
-744.176 -744.091
-742.997 -742.782
-740.815 -740.495
-737.723 -737.324
-733.81 -733.348
-729.148 -728.653
-723.817 -723.31
-717.888 -717.394
-711.416 -710.964
-704.468 -704.089
-601.766 -601.796
-632.597 -632.36
-658.79 -658.385
-680.755 -680.247
-698.865 -698.33
-713.47 -712.958
-724.885 -724.462
-733.411 -733.107
-739.32 -739.145
-742.855 -742.812
-744.258 -744.328
-743.734 -743.9
-741.484 -741.717
-737.686 -737.971
-732.505 -732.807
-726.096 -726.378
-718.596 -718.833
-710.135 -710.292
-700.832 -700.891
-690.791 -690.735
-680.112 -679.932
-643.396 -641.752
-664.932 -663.417
-683.319 -681.952
-698.829 -697.616
-711.677 -710.641
-722.089 -721.239
-730.274 -729.622
-736.412 -735.961
-740.684 -740.418
-743.25 -743.16
-744.258 -744.328
-743.852 -744.061
-742.16 -742.48
-739.304 -739.716
-735.393 -735.87
-730.532 -731.048
-724.814 -725.344
-718.331 -718.848
-711.163 -711.651
-703.384 -703.826
-695.068 -695.448
-643.398 -641.752
-664.928 -663.417
-683.32 -681.952
-698.824 -697.616
-711.674 -710.641
-722.092 -721.239
-730.272 -729.622
-736.413 -735.961
-740.684 -740.418
-743.249 -743.16
-744.258 -744.328
-743.851 -744.061
-742.16 -742.48
-739.304 -739.716
-735.393 -735.87
-730.533 -731.048
-724.815 -725.344
-718.331 -718.848
-711.162 -711.651
-703.385 -703.826
-695.066 -695.448
-640.731 -642.329
-662.638 -663.877
-681.369 -682.305
-697.194 -697.883
-710.336 -710.832
-721.022 -721.37
-729.453 -729.703
-735.822 -736.009
-740.307 -740.446
-743.066 -743.168
-744.258 -744.328
-744.022 -744.063
-742.487 -742.494
-739.777 -739.76
-736.002 -735.95
-731.273 -731.177
-725.679 -725.531
-719.312 -719.101
-712.261 -711.972
-704.588 -704.226
-696.377 -695.937
-308.339 -306.202
-327.358 -339.605
-372.184 -373.013
