0.0358391 0.0118822 -0.214803 0.0454262 1.1e-05 -0.238585
-0.45061 -0.00268132 0.305411 -0.349427 0.0397508 0.204652
-0.420533 -0.509492 0.526776 -0.381373 -0.445326 0.384722
0.129205 -0.0999195 -0.00758353 0.174711 0.002515 -0.0357234
0.102286 0.019683 -0.631985 0.0701379 0.0141982 -0.529338
0.171566 -0.237298 0.0463035 0.115677 -0.210253 -0.0217437
0.50236 0.554409 -0.42422 0.458616 0.455069 -0.453088
-0.269021 0.00375222 0.54726 -0.119287 0.0030349 0.394835
-0.123765 0.104336 -0.143748 -0.110241 0.0883253 -0.126786
0.182102 -0.187828 -0.359847 0.209938 -0.111823 -0.382318
-0.0112851 0.280661 -0.360632 -0.0238563 0.221115 -0.272719
-0.289858 -0.0787928 -0.060396 -0.226141 -0.0888477 -0.0569561
0.059379 -0.0493547 -0.428865 0.0130793 0.0003277 -0.383535
0.361458 0.0447508 0.487395 0.333487 0.0098958 0.395799
-0.227795 0.355382 0.728981 -0.203857 0.302362 0.561316
0.0142505 0.270231 0.299451 0.014103 0.246641 0.187716
-0.17655 0.192664 -0.0632486 -0.177486 0.127095 -0.093611
-0.28265 -0.489349 0.0136736 -0.21419 -0.350631 0.0108169
0.178538 0.199189 -0.647896 0.150419 0.0970413 -0.600755
-0.19566 -0.0450143 -0.312435 -0.19544 0.0101487 -0.250553
0.00446668 0.179335 -0.479223 -0.0019461 0.139459 -0.426083
0.0198138 -0.405173 0.332469 0.0301581 -0.346118 0.196902
0.329425 0.365408 -0.340802 0.322872 0.310907 -0.309148
-0.0135008 -0.0264511 -0.284887 -0.0097138 -0.0695179 -0.279064
0.131223 0.565396 0.619773 0.0985462 0.468348 0.462388
-0.000120163 0.155939 -0.424817 -0.0258021 0.120697 -0.443335
-0.15779 -0.212785 0.249125 -0.135146 -0.178934 0.211219
-0.137013 0.140687 0.399712 -0.135079 0.0749657 0.235516
0.123836 -0.227342 0.655926 0.120342 -0.20986 0.475749
-0.201256 0.0376385 0.679456 -0.196622 0.108994 0.491381
-0.163016 -0.601018 -0.135673 -0.18362 -0.493231 -0.171831
0.239042 -0.082347 0.603906 0.167296 -0.046937 0.505741
-0.039748 -0.0114536 -0.0980356 -0.0104435 -0.0420675 -0.0978064
-0.510007 0.528924 0.520772 -0.433881 0.40191 0.340312
0.024595 0.0155811 0.196372 -0.0384857 -0.0073246 0.127124
-0.0610309 -0.362473 -0.0230287 -0.0200522 -0.335732 -0.0950557
0.21541 -0.170122 0.335474 0.181426 -0.19699 0.242261
-0.0114228 0.0185387 0.675323 -0.0476523 0.0344567 0.525829
0.199943 0.00124802 0.0113252 0.215344 0.0201274 -0.014514
-0.402616 0.20256 -0.0822312 -0.357623 0.194334 -0.130831
-0.0449926 -0.0403384 0.718633 -0.0269827 -0.0988119 0.541753
0.107414 -0.0904341 0.230087 0.114981 -0.0474675 0.113141
0.265282 -0.134316 -0.163203 0.164506 -0.138699 -0.204846
-0.0212802 -0.0801724 0.130965 -0.0317919 -0.0555644 0.0922097
-0.517362 -0.312263 0.0373138 -0.424485 -0.288868 -0.0053775
-0.397892 -0.0852524 0.542563 -0.339347 -0.0419139 0.481766
-0.120884 0.270624 0.00734265 -0.0994525 0.227739 -0.0211688
0.0973019 -0.278616 0.170825 0.0358711 -0.234948 0.0691283
-0.126851 0.0114133 0.313656 -0.165441 0.0416521 0.165599
0.0052355 -0.327972 0.379489 0.0239234 -0.237251 0.295177
-0.0172241 0.0290987 0.0358115 -0.0073051 0.0252344 -0.0439089
-0.320664 -0.783255 0.397128 -0.216802 -0.653647 0.308568
-0.0572582 0.0161144 -0.20811 -0.0795946 0.0223972 -0.194221
0.243272 -0.0468986 0.0261545 0.205764 -0.0719998 0.0129678
0.134536 -0.389603 0.535729 0.145057 -0.35192 0.393627
0.0908288 -0.423941 0.27636 0.083052 -0.328773 0.146132
-0.288334 0.26339 0.459292 -0.264777 0.214709 0.338949
0.0705364 0.16179 0.111935 0.091355 0.1861 0.0392844
-0.0883861 0.379697 0.357687 -0.0742906 0.277658 0.287568
0.0974019 0.648789 -0.20617 0.073677 0.553778 -0.217173
0.114403 0.29777 -0.0308209 0.139687 0.233157 -0.0938193
-0.0497435 0.0294054 -0.116544 -0.110159 0.0373916 -0.0914727
-0.14022 -0.103754 0.109205 -0.0782582 -0.0618109 0.0150842
-0.327835 0.0196068 -0.0139718 -0.251307 0.0610857 -0.0800674
-0.432815 -0.182969 -0.376749 -0.382913 -0.131896 -0.33979
-0.0426627 -0.0717432 0.416718 0.0229372 -0.0816052 0.285924
0.0164036 0.0340358 -0.376403 -0.0057041 0.0147658 -0.348247
-0.265922 0.303475 0.256384 -0.201648 0.219735 0.123475
0.13011 0.328853 -0.282421 0.143523 0.271878 -0.269491
-0.215996 -0.350963 0.337247 -0.135035 -0.230671 0.259965
0.0723257 -0.623818 -0.169213 0.0978755 -0.552231 -0.224654
-0.010175 0.162689 0.122632 -0.056239 0.174976 0.111579
0.115553 0.0276562 0.244138 0.100564 0.0298408 0.199031
0.554987 -0.451068 0.11229 0.525782 -0.365773 0.0491599
-0.257127 0.208539 0.134749 -0.254326 0.194555 0.0999944
-0.0938369 0.141087 0.406675 -0.143074 0.0655861 0.316863
0.11458 -0.283685 0.230915 0.14465 -0.17536 0.206559
0.381905 -0.395778 0.0909222 0.303276 -0.345179 0.046397
0.00132972 -0.177583 0.150171 0.0148688 -0.139678 0.0986576
0.0828248 0.553278 0.716119 0.0561332 0.434273 0.593651
-0.279092 -0.0296684 -0.165945 -0.240685 -0.040467 -0.190843
0.303275 0.165547 -0.169393 0.275081 0.150992 -0.206485
-0.0314722 -0.317441 0.363738 -0.056341 -0.252453 0.28826
0.158122 -0.037483 0.752443 0.100351 -0.0545452 0.555082
-0.169151 -0.12022 -0.260879 -0.133926 -0.155347 -0.268599
-0.000909967 -0.112708 0.430832 -0.0483015 -0.0655581 0.320688
-0.0397584 0.118021 0.586084 -0.0230467 0.132156 0.458162
0.158213 0.0650352 0.483096 0.157311 0.0041961 0.383234
0.195606 0.130515 0.0700021 0.182031 0.0943463 -0.0127183
0.00254942 0.0910706 -0.422015 -0.0613155 0.119067 -0.408847
-0.220981 0.436602 -0.183576 -0.222493 0.343364 -0.166056
-0.017862 0.135341 0.332659 -0.0578905 0.0840733 0.257781
0.2513 -0.163583 -0.235677 0.221358 -0.181033 -0.275867
-0.1971 0.183135 0.0731303 -0.288637 0.197822 -0.0045868
0.0924049 -0.107459 -0.268799 0.102605 -0.12908 -0.291448
0.452129 -0.0407879 -0.212817 0.412174 -0.044054 -0.2115
0.220561 0.456564 0.3528 0.224471 0.4017 0.402846
0.0248573 0.120356 -0.232163 0.0264971 0.08298 -0.149411
0.225977 0.0432255 -0.257147 0.211993 0.0625561 -0.155261
-0.424226 0.336031 -0.0714656 -0.437032 0.313568 -0.0231886
-0.126539 -0.1297 0.762493 -0.127481 -0.156391 0.78345
-0.405537 -0.0623481 -0.0551908 -0.367861 -0.016125 0.0123182
-0.273048 -0.101426 0.198331 -0.25076 -0.101488 0.230168
-0.177356 -0.132566 -0.449047 -0.166105 -0.0970991 -0.324928
0.219665 -0.731604 -0.00228187 0.208196 -0.678796 0.0321342
-0.00219013 -0.0588784 0.0504303 0.0309696 -0.0741537 0.0973679
-0.0506299 0.138563 0.367137 -0.0525434 0.145384 0.378803
-0.120455 -0.217798 0.187555 -0.12296 -0.197869 0.212779
0.146985 0.12384 0.0418018 0.128924 0.117005 0.0700494
0.175525 0.17364 -0.314559 0.168743 0.142141 -0.272334
-0.0361859 -0.0382131 -0.360548 -0.0603477 -0.0164898 -0.260712
0.612961 0.230062 -0.458726 0.527185 0.196899 -0.400539
0.40932 -0.461893 0.110945 0.429758 -0.418084 0.155266
-0.146829 -0.155503 -0.389472 -0.121132 -0.139891 -0.391593
0.168442 0.17843 0.504663 0.149155 0.170625 0.515327
0.168621 0.523328 0.360355 0.126426 0.50129 0.394969
0.0312777 -0.240179 0.218553 0.0101121 -0.228973 0.238962
0.00920277 -0.272262 -0.286093 0.0097421 -0.259355 -0.211429
-0.283792 0.180052 0.0987608 -0.270965 0.169114 0.119719
-0.14406 -0.0912775 0.381473 -0.111061 -0.08363 0.413078
-0.289491 -0.251067 -0.489975 -0.277511 -0.226722 -0.422453
-0.566468 0.471165 0.512316 -0.520917 0.423412 0.578313
0.396831 0.266515 0.150788 0.370701 0.24948 0.23946
0.027134 0.0569949 -0.1877 0.0069903 0.0356225 -0.0955925
-0.0508139 -0.416685 -0.837972 -0.0676853 -0.380635 -0.739979
-0.276287 0.38146 -0.621708 -0.28162 0.345056 -0.508417
-0.182053 -0.0415246 0.0994399 -0.190392 -0.0663972 0.136448
-0.0427005 0.330651 -0.569871 -0.0560844 0.298406 -0.507091
0.0441811 -0.463985 0.144399 0.0596995 -0.43736 0.180363
-0.0629356 0.0293031 -0.417325 -0.112477 0.0019053 -0.298785
0.162436 0.247924 -0.161874 0.186091 0.181849 -0.0986156
-0.143256 0.103961 -0.0146703 -0.102187 0.107564 0.0787634
-0.0130298 -0.00177681 -0.134623 -0.0200612 0.0524343 -0.0411247
-0.150855 0.0450552 -0.537478 -0.111624 0.0329902 -0.449688
-0.0426451 0.0865048 -0.0770277 -0.0319483 0.0556668 -0.0275605
0.192433 -0.010549 -0.0660582 0.219279 0.04052 0.0009315
-0.0496844 -0.0860149 -0.415762 -0.0614596 -0.0696237 -0.28398
0.158629 0.0508219 0.336935 0.177803 0.0478352 0.432523
0.400004 -0.280736 0.363055 0.397216 -0.260302 0.427316
0.241018 0.0865223 0.147371 0.257413 0.0827874 0.218298
-0.115725 0.309 -0.220244 -0.122652 0.313441 -0.155197
0.186462 -0.216166 -0.294257 0.210845 -0.208969 -0.242563
0.0161335 0.0422527 -0.296972 -0.0035117 0.0391307 -0.270735
-0.22615 -0.14315 -0.34251 -0.204943 -0.146813 -0.238993
-0.0788651 -0.613229 -0.180113 -0.102569 -0.562971 -0.0903383
-0.0401151 -0.233094 -0.745612 -0.0396407 -0.227677 -0.671749
0.0397351 0.066158 0.118187 0.0335836 0.0390363 0.187899
-0.0213523 0.171826 -0.305074 -0.0262089 0.166338 -0.272471
0.189779 0.889583 0.0164953 0.168124 0.808119 0.0369883
-0.253103 -0.106503 0.0651731 -0.250887 -0.125675 0.118379
0.308293 -0.144626 -0.528416 0.245578 -0.132993 -0.519775
0.00741754 0.137896 -0.23117 0.0100993 0.115296 -0.178899
-0.10066 0.0120119 -0.279719 -0.0912537 -0.0022026 -0.201449
-0.154595 -0.00597253 -0.189261 -0.158181 -0.0134941 -0.13456
0.267432 -0.0535643 -0.314886 0.248986 -0.0233253 -0.294254
-0.322416 -0.166474 0.605985 -0.301319 -0.121118 0.651671
-0.141853 -0.291865 0.458002 -0.143718 -0.255349 0.537918
0.643004 -0.322698 -0.338817 0.604657 -0.289328 -0.33539
-0.45426 0.271171 -0.350852 -0.387331 0.252203 -0.261306
0.0657858 0.0292169 -0.0464384 0.0691632 0.0445831 0.0524446
0.0296912 0.131808 0.178792 0.0299939 0.110614 0.226529
0.107458 -0.176907 -0.210852 0.100934 -0.174412 -0.0947879
-0.203699 -0.284181 0.101859 -0.186952 -0.256595 0.0957484
0.0401064 0.169534 -0.0537141 -0.0035829 0.110085 0.0068515
0.0387253 0.130998 0.698728 0.0255332 0.137532 0.741876
-0.127656 0.0936155 -0.427249 -0.112257 0.0779118 -0.406373
-0.0414887 -0.0719969 0.449037 -0.0715812 -0.0519449 0.461952
0.0682979 -0.160959 -0.0137712 0.0810722 -0.118885 0.0422385
0.163824 -0.0547797 -0.401078 0.213436 -0.0479012 -0.34863
-0.12314 0.17057 -0.237601 -0.162709 0.162844 -0.188968
0.138134 -0.587092 -0.475564 0.14335 -0.534804 -0.414677
-0.140541 -0.125433 -0.312911 -0.106198 -0.067626 -0.211295
0.121632 -0.0184724 -0.747582 0.108191 -0.0561991 -0.674928
0.247424 -0.245668 -0.124657 0.218908 -0.215916 -0.0590307
-0.0218098 0.226589 -0.372009 -0.0118093 0.206084 -0.311985
0.396692 0.165836 -0.30222 0.382609 0.123177 -0.21348
-0.0637997 0.00553944 0.0536991 -0.0294554 0.0314269 0.105689
-0.0163114 0.161997 0.134989 0.0014537 0.132933 0.193669
-0.120892 0.116703 -0.243403 -0.121108 0.112781 -0.166454
0.59101 0.304295 -0.893544 0.530052 0.314513 -0.789595
0.245167 -0.245599 0.354016 0.22139 -0.226703 0.398257
0.114564 0.536166 -0.183653 0.117261 0.470931 -0.0882011
-0.069694 0.146502 -0.40793 -0.0854146 0.115835 -0.342425
0.124406 0.0319247 -0.695288 0.0811247 0.0330855 -0.631131
-0.0613277 0.0336596 -0.212377 -0.069886 0.0445295 -0.163702
0.226605 0.131869 0.0103386 0.208679 0.11191 0.0578226
0.0531913 0.143439 -0.228974 0.0487956 0.132326 -0.187471
0.167816 0.107118 -0.459971 0.130227 0.0907584 -0.387203
-0.580007 -0.357211 0.320568 -0.503718 -0.316883 0.386728
0.138694 0.0753629 -0.301045 0.149367 0.0599837 -0.288199
0.166207 0.27145 0.367379 0.161093 0.232019 0.415409
0.205252 0.0284645 0.056687 0.166188 0.0248933 0.106039
-0.157674 0.170525 -0.141478 -0.0526391 0.148522 -0.127843
0.206987 0.113907 -0.264637 0.178292 0.137882 -0.23995
-0.208101 0.423346 0.215193 -0.160455 0.350524 0.109332
-0.189041 0.175713 0.404738 -0.175913 0.172785 0.286406
-0.00685755 -0.0230865 0.0477375 0.0367404 -0.036195 -0.0102154
0.262047 -0.0983043 0.101741 0.247649 -0.052969 0.0601111
0.117818 0.137039 0.194314 0.103398 0.0546419 0.111585
-0.0139342 0.0307155 -0.199769 -0.065211 0.0250543 -0.21918
0.126817 0.224409 0.531522 0.0920869 0.201494 0.396219
0.152523 0.377242 0.314372 0.137018 0.3375 0.222038
-0.20076 0.348972 0.678075 -0.106403 0.285327 0.537445
-0.0693282 -0.140624 0.0642394 -0.112075 -0.172848 -0.0145853
-0.367355 0.015875 0.154894 -0.294728 0.0321131 0.0875953
0.0143006 0.352394 0.5309 0.0489641 0.281963 0.380216
0.0300759 0.0577284 0.260657 0.0544761 0.0763723 0.192595
0.570091 -0.354167 0.218772 0.464137 -0.315612 0.248426
-0.00268502 0.0830638 -0.11699 -0.0141504 0.078372 -0.136852
0.291679 -0.327188 0.361445 0.243541 -0.256138 0.239331
-0.135246 -0.0131264 0.0735639 -0.151473 0.0047543 0.0523403
0.0588319 0.0381405 0.254328 0.0787453 0.0816598 0.178559
-0.147337 0.384773 0.0464052 -0.101886 0.343528 0.0002656
0.130696 -0.620808 -0.166387 0.131851 -0.477529 -0.112628
-0.0905664 -0.130347 0.19247 -0.0918941 -0.0877432 0.172876
-0.103526 0.285432 -0.500958 -0.0904274 0.210476 -0.451041
0.0538399 0.247881 -0.336853 0.0235086 0.224197 -0.309106
-0.813295 0.30737 -0.0997481 -0.677216 0.298332 -0.121001
-0.0779338 0.134506 -0.0246891 -0.0921894 0.116563 -0.0759
-0.214826 0.229156 -0.428502 -0.16634 0.185217 -0.425564
-0.0390492 -0.214018 -0.162307 -0.037349 -0.193517 -0.170399
-0.189561 0.137567 0.219994 -0.209494 0.138241 0.145887
0.45001 0.245235 0.153303 0.368698 0.143858 0.0588439
0.0231112 0.019965 0.23776 -0.031616 -0.0348281 0.152598
-0.0513025 -0.167745 -0.594237 -0.0572112 -0.117702 -0.532899
0.0256202 0.280955 0.136383 -0.0367685 0.246208 0.0556265
0.0685437 0.188346 -0.191889 0.0190019 0.114928 -0.171611
0.516943 0.300063 -0.00112583 0.414922 0.158731 -0.022831
0.0216364 -0.063123 0.21898 -0.0034191 -0.0205978 0.0796665
0.206804 -0.0059299 0.577169 0.180408 -0.0174279 0.448845
0.0997338 0.127155 0.436382 0.0998896 0.11549 0.303201
-0.00512933 -0.138655 0.0324483 -0.0159907 -0.106387 0.0011972
-0.210843 0.0612488 -0.284929 -0.22512 0.0891321 -0.318605
-0.0203365 0.234751 0.336122 -0.0049299 0.226579 0.27356
-0.20562 -0.392352 0.416997 -0.165954 -0.348971 0.311372
0.209036 -0.0766956 0.123828 0.181949 -0.104771 0.117462
-0.135824 0.517594 -0.261246 -0.120939 0.465862 -0.251675
-0.100058 0.0491892 0.105753 -0.089538 0.0241488 0.102579
-0.565743 -0.0894654 0.265861 -0.464243 -0.0557705 0.178309
-0.242019 -0.0698614 -0.424861 -0.1658 -0.121101 -0.449242
0.0161366 -0.183908 -0.248861 0.0128372 -0.160725 -0.259961
0.386893 -0.152785 0.342333 0.373704 -0.116452 0.244777
0.432704 -0.215851 0.301346 0.358133 -0.191809 0.238873
0.0267909 -0.156937 -0.180995 0.0045677 -0.118581 -0.235535
-0.0427686 -0.175337 0.116336 -0.0082201 -0.142449 0.089219
0.511381 -0.12924 0.167149 0.477109 -0.111884 0.0802943
0.0758022 -0.0456011 -0.492764 0.0586428 -0.0488465 -0.481544
0.161036 -0.0259234 0.581646 0.154842 -0.0306294 0.414146
-0.249635 -0.34612 0.740857 -0.238135 -0.264439 0.644945
0.585335 0.000572667 0.12067 0.417118 -0.0075603 0.0280029
0.451292 -0.423357 0.119749 0.418089 -0.287632 0.0459804
-0.180421 -0.0260049 -0.162812 -0.19898 -0.0119844 -0.130975
-0.0694028 0.0686337 0.100652 -0.072676 0.0590472 0.0580806
0.0867386 -0.287075 -0.716308 0.0063462 -0.259677 -0.669981
-0.0960237 -0.428356 0.632765 -0.119235 -0.317046 0.430985
-0.142234 0.155022 -0.230799 -0.122801 0.100788 -0.255528
-0.0275042 0.0223835 0.00870997 -0.0038324 -0.0328006 -0.0602962
0.212236 -0.0832356 -0.574724 0.173567 -0.0813118 -0.461839
-0.4455 -0.102012 -0.122803 -0.356169 -0.0681194 -0.206104
-0.670992 -0.0301675 0.268989 -0.542302 -0.0232099 0.191511
-0.672056 0.113342 0.385791 -0.552571 0.049448 0.234781
0.0136595 0.0424865 0.362771 0.0238144 -0.0053152 0.210343
-0.0284667 0.743251 0.230486 -0.0341475 0.647024 0.092886
-0.0846922 0.254958 0.439311 -0.0494614 0.228676 0.342304
-0.22447 0.0758429 0.22403 -0.214193 0.0618431 0.10968
0.138989 -0.0731419 -0.408687 0.135945 -0.0296357 -0.382472
0.0669279 0.260937 -0.13633 0.0715557 0.20671 -0.119952
-0.25404 -0.15069 -0.313748 -0.191787 -0.118071 -0.306983
0.0513513 0.207545 -0.290968 0.0327443 0.119908 -0.297059
0.249627 -0.297406 0.0774906 0.155629 -0.217967 0.0046554
-0.0577176 -0.111917 -0.0674365 -0.0460217 -0.0893214 -0.150154
-0.0255058 -0.0618258 -0.191375 -0.0254034 -0.0724773 -0.228917
-0.00986879 0.1967 -0.152639 0.0207664 0.123209 -0.130059
0.245932 0.0579419 -0.769009 0.219191 0.0485629 -0.692969
-0.0632435 -0.188216 -0.236139 -0.0951669 -0.141331 -0.227843
-0.758684 -0.671856 -0.344741 -0.609865 -0.549292 -0.332949
0.495104 -0.284054 0.184064 0.432006 -0.234763 0.0945436
0.209642 0.190124 -0.217433 0.125683 0.174152 -0.230528
-0.0362376 -0.0228242 -0.715521 -0.0531909 0.0161005 -0.613314
-0.0146998 -0.11824 -0.314474 0.0589703 -0.0660289 -0.319196
0.132704 -0.443803 -0.038977 0.108524 -0.416899 -0.0785506
-0.0611447 0.29467 0.479613 -0.0595876 0.198548 0.356609
-0.0658339 0.179068 -0.162088 -0.0319063 0.168665 -0.203422
-0.19407 0.143959 0.219451 -0.153138 0.108602 0.108243
-0.406402 0.155514 0.782213 -0.314599 0.121841 0.612926
0.475738 0.314046 0.068504 0.408557 0.24705 -0.0262654
0.333651 -0.0859601 0.354337 0.287101 -0.0245718 0.277618
-0.245361 0.164481 0.190697 -0.150502 0.149022 0.0825806
-0.286323 0.18747 0.307976 -0.281736 0.188768 0.346444
-0.653429 0.325447 0.169803 -0.597576 0.293005 0.195204
-0.571795 0.275498 -0.087668 -0.516631 0.259103 -0.009473
-0.100587 0.0578798 -0.0156109 -0.104271 0.026215 0.0769162
0.0994591 -0.120802 -0.117125 0.117211 -0.118898 -0.0616021
-0.331151 0.397015 -0.203479 -0.305008 0.373403 -0.134974
0.0991801 -0.226097 -0.0791853 0.116048 -0.207651 -0.0045485
-0.24507 0.59426 0.0340457 -0.253947 0.54625 0.101382
0.174733 0.274855 -0.348529 0.147234 0.196526 -0.230245
-0.721553 0.158408 -0.107862 -0.619728 0.131475 -0.0266088
-0.540566 0.0297458 -0.615088 -0.506613 -0.0151181 -0.53021
0.24611 -0.150554 0.181667 0.218488 -0.154939 0.256536
0.136144 -0.0595236 -0.222985 0.115166 -0.0426073 -0.176078
-0.057002 0.0116299 -0.327902 -0.0492539 0.0251409 -0.240591
-0.228441 0.276679 -0.470092 -0.189298 0.248106 -0.441536
0.0362646 -0.0522528 -0.356532 0.0094961 -0.0443033 -0.35165
0.092167 0.127341 0.0310693 0.0740074 0.149407 0.0632986
-0.232956 -0.295204 -0.251845 -0.224575 -0.278362 -0.193762
0.0532592 -0.170698 -0.0153742 0.0547787 -0.138559 0.0418206
0.491614 -0.6298 -0.339584 0.454228 -0.579607 -0.243303
0.707657 -0.2356 -0.204174 0.636017 -0.224441 -0.113629
-0.234836 -0.110251 0.36895 -0.187076 -0.104475 0.422036
0.0463147 0.042101 0.0319625 0.0393336 0.0186976 0.0799186
0.0305322 0.0877327 0.288214 0.0138634 0.084222 0.292749
0.121324 0.0282554 0.581136 0.128134 0.0365524 0.629573
0.0789932 0.0984281 0.148709 0.101866 0.125306 0.186898
0.290637 0.300571 -0.202033 0.251831 0.266892 -0.153021
0.144732 0.0594626 0.491453 0.140839 0.0669984 0.516833
0.141249 0.0108807 0.419574 0.149337 0.0259524 0.464819
-0.412145 0.04289 -0.116225 -0.323957 0.0412121 -0.0765216
0.211138 0.232661 0.0257247 0.181675 0.217837 0.118686
0.259801 0.269827 -0.252374 0.218368 0.23931 -0.182886
0.543022 0.697749 0.513736 0.486282 0.653193 0.531352
0.109812 -0.0296413 -0.0723766 0.138695 -0.017108 0.001394
-0.15591 -0.132171 0.431855 -0.119833 -0.16217 0.474357
0.207134 -0.191145 0.137535 0.186825 -0.168958 0.160555
-0.0466331 0.33791 -0.0804931 -0.0195851 0.262167 0.027798
-0.112883 0.26618 0.108672 -0.0875107 0.267915 0.212324
0.0967387 -0.596582 -0.261188 0.099374 -0.535514 -0.204149
0.159651 -0.0710753 -0.124395 0.134667 -0.085854 -0.0731467
-0.439277 -0.122797 0.184124 -0.422651 -0.114866 0.236376
0.00688365 -0.0889266 -0.584246 0.0114049 -0.0495458 -0.5254
0.0775553 -0.178902 -0.454815 0.0425136 -0.151915 -0.376533
0.102659 -0.0364354 -0.204267 0.0976921 -0.0307229 -0.176831
-0.0723421 -0.306607 0.277923 -0.10504 -0.282198 0.311007
-0.630832 0.154565 0.229653 -0.594521 0.149305 0.288702
-0.165536 -0.024196 -0.274433 -0.130539 -0.071143 -0.2075
0.76254 0.356297 0.290227 0.644131 0.300151 0.329259
-0.237285 -0.118206 0.143665 -0.239262 -0.102564 0.173637
0.294665 0.0193516 -0.37841 0.265416 0.047247 -0.287235
0.284638 -0.0577918 -0.0902484 0.239708 -0.0462046 -0.0380674
-0.0771933 -0.146098 0.159315 -0.0919966 -0.143546 0.202255
-0.148988 -0.22205 -0.169665 -0.122426 -0.206464 -0.136906
0.048527 -0.452287 -0.188501 0.0294898 -0.402732 -0.124478
-0.135317 -0.000370167 0.211222 -0.130328 0.0138767 0.229058
0.162698 -0.0155433 -0.387168 0.137013 -0.0012313 -0.278624
0.0687796 0.0767915 -0.613667 0.0672117 0.081147 -0.546426
0.470023 -0.279275 -0.0579314 0.44066 -0.255392 0.0210688
0.0426022 0.0497527 -0.144907 0.0496876 0.0481276 -0.093908
0.0351229 -0.20579 -0.176967 0.0020922 -0.20723 -0.183502
0.422147 0.209467 -0.281948 0.400842 0.186665 -0.252447
-0.0298439 -0.211013 0.900271 -0.0339774 -0.187171 0.912151
-0.0360074 0.466096 -0.621212 -0.0385066 0.405574 -0.5411
0.128904 -0.284471 0.214803 0.126252 -0.276656 0.23142
-0.234873 -0.0324322 0.140925 -0.221843 -0.029109 0.198571
-0.19162 0.114364 0.568771 -0.167017 0.0869663 0.538304
0.0510541 -0.0443015 0.347881 0.054536 -0.0301515 0.431102
0.337142 0.394027 -0.452035 0.297933 0.353224 -0.402627
-0.288512 0.228384 -0.466691 -0.231663 0.249516 -0.388337
-0.00988732 0.0544816 -0.345799 -0.0426808 0.0859064 -0.304457
-0.305473 -0.683292 -0.289205 -0.258392 -0.612994 -0.23873
-0.160452 -0.0356332 -0.351906 -0.124951 -0.0555263 -0.327417
0.157011 -0.598717 -0.650656 0.122488 -0.536316 -0.609373
-0.109182 0.0124483 0.0765023 -0.0799022 0.0735447 0.0850029
0.057008 -0.236261 0.0420109 0.0609283 -0.212719 0.0768452
0.287005 -0.204417 0.419499 0.263758 -0.223946 0.443495
0.27389 -0.521972 -0.0393046 0.290988 -0.474903 -0.0085718
0.142252 -0.227139 0.271328 0.114253 -0.204265 0.336107
-0.121022 0.173699 -0.054269 -0.130767 0.178062 0.0026842
-0.21917 0.137613 0.304022 -0.205304 0.122219 0.347172
0.0602136 -0.135935 0.151565 0.0486756 -0.104067 0.174992
0.212195 0.158518 0.54796 0.195969 0.154882 0.533504
0.212073 0.0551087 0.352412 0.192824 0.0415105 0.371965
0.0600672 -0.20881 0.195913 0.043171 -0.194276 0.1991
-0.0436188 -0.00490381 -0.571836 -0.047968 -0.0224953 -0.538978
-0.0561776 -0.107868 0.102819 -0.0540238 -0.0739377 0.159131
0.0468175 0.109586 0.334693 0.0363609 0.0928073 0.317593
0.0480028 0.14884 -0.00392677 0.0361712 0.121539 0.0329478
-0.126604 -0.3279 -0.185722 -0.149419 -0.323965 -0.144146
-0.0580553 0.0338552 -0.276617 -0.0307752 0.0286159 -0.175218
0.0237174 -0.0450794 0.454693 0.0604566 -0.0437894 0.509882
-0.102139 -0.416931 -0.306993 -0.0833444 -0.37157 -0.22936
-0.014977 0.0892584 -0.765215 -0.0142158 0.120225 -0.684687
0.207628 -0.0850452 -0.30277 0.163989 -0.0249269 -0.217409
-0.00962092 -0.22957 -0.106359 -0.0345661 -0.18733 -0.0536826
-0.0120932 0.0405853 -0.640541 0.0068413 0.0109592 -0.589284
-0.184806 0.11343 0.115522 -0.208592 0.0676591 0.0592462
-0.000221968 -0.309847 -0.927976 0.0276425 -0.24113 -0.867359
-0.255678 0.318038 -0.114084 -0.252088 0.281707 -0.123208
-0.0884166 0.202458 0.228813 -0.114575 0.144781 0.0981117
0.0819522 -0.0417797 -0.0752222 0.107052 0.0032218 -0.0969543
0.0712145 -0.0517041 -0.0237077 0.114531 -0.0214843 -0.0534998
0.113469 -0.166453 -0.409643 0.066354 -0.146951 -0.386869
-0.364883 0.194692 -0.00590852 -0.310877 0.143436 -0.0452084
-0.131412 -0.0387172 -0.39354 -0.0875521 -0.0412394 -0.329674
0.28373 -0.104497 0.309876 0.292058 -0.101455 0.178123
-0.112218 0.352277 0.30521 -0.0695155 0.297668 0.167213
0.3903 -0.049944 0.529603 0.326492 -0.0458146 0.403404
-0.200005 0.509659 -0.338547 -0.179108 0.416045 -0.322265
0.0410288 0.0958801 0.126721 -0.0067703 0.0269904 0.0570811
0.215922 0.536253 -0.765265 0.222943 0.476618 -0.698183
-0.212968 0.107851 0.033231 -0.163884 0.0917159 -0.0226085
0.000121859 -0.387418 0.376761 -0.0213285 -0.30733 0.28444
0.0560705 -0.0993593 -0.0755326 0.0387501 -0.104072 -0.153738
-0.106766 -0.294358 0.225945 -0.0838213 -0.292819 0.124103
0.0275441 -0.171336 -0.471685 -0.0055887 -0.144372 -0.384206
0.112264 0.103258 0.241506 0.0602976 0.0379636 0.13381
0.28535 -0.18254 0.167744 0.189183 -0.169586 0.075029
-0.135635 0.188741 -0.194923 -0.0678201 0.126161 -0.243343
0.092447 0.0993778 -0.392002 0.0812523 0.113518 -0.414224
-0.386831 -0.267669 0.00802485 -0.316976 -0.160508 -0.0617394
0.159926 -0.541733 0.60762 0.108948 -0.431416 0.423363
-0.0478359 0.0823743 -0.130782 -0.0753113 0.0998112 -0.220938
0.0976395 0.0397243 0.11177 0.115302 0.0051854 0.0569439
0.270998 0.209249 -0.0718466 0.190768 0.18338 -0.131135
0.177106 0.14447 0.242342 0.138266 0.0632582 0.126888
0.023647 -0.0821973 -0.134574 0.0069255 -0.0205243 -0.153194
0.095042 0.237998 0.174928 0.0837838 0.151158 0.0715915
0.308534 0.423639 0.220149 0.193624 0.373875 0.109284
0.26896 -0.35061 -0.549802 0.245036 -0.319589 -0.523006
0.0345111 0.00478501 -0.150306 -0.0264328 0.0163205 -0.175468
0.02376 -0.0368254 0.123658 0.0339556 -0.069378 0.0777255
0.0612907 -0.0815786 -0.779566 0.112396 -0.0351909 -0.725032
-0.160848 -0.0488072 0.607988 -0.119227 -0.0649953 0.422967
0.0567165 0.273611 0.630258 0.0525074 0.259221 0.467861
0.0716995 -0.38887 -0.0933514 0.0586255 -0.282286 -0.105349
-0.273422 0.0544492 -0.299168 -0.221431 0.0805874 -0.295135
0.0680142 0.0662508 -0.0985986 0.050081 0.0465405 -0.106048
0.239666 0.00710998 -0.0450019 0.212776 -0.0330782 -0.118444
-0.406271 0.215404 -0.0863913 -0.283354 0.16725 -0.121912
-0.27256 0.169417 0.225988 -0.174375 0.126302 0.153389
0.322931 -0.0396393 -0.106045 0.230964 -0.0209064 -0.163765
0.294549 -0.184605 0.154921 0.237823 -0.16093 0.113871
-0.0156619 0.212118 0.181586 -0.0020599 0.202968 0.11559
0.105979 0.0743442 -0.119379 0.135665 0.0820349 -0.10997
-0.114921 0.0232717 0.405881 -0.0602956 -0.0071911 0.308637
-0.167083 -0.299724 0.237735 -0.164565 -0.305937 0.117434
-0.197566 0.0356136 0.277657 -0.123336 0.0633162 0.173704
0.00216849 -0.157307 0.146986 -0.0161172 -0.0380181 0.119222
-0.0575976 0.0152179 0.0404757 -0.0738816 0.0308324 0.0208326
-0.176904 -0.146836 0.591296 -0.134428 -0.170342 0.467377
0.295037 0.143226 0.615242 0.263884 0.121174 0.440204
-0.0653727 -0.151557 -0.215343 0.0029273 -0.104919 -0.190752
0.387751 -0.258527 0.364899 0.302709 -0.17847 0.263997
0.300054 -0.114642 -0.499 0.277589 -0.117909 -0.428845
-0.0130108 -0.473506 0.56458 -0.0644209 -0.378353 0.42798
-0.747284 -0.188559 -0.229645 -0.622048 -0.139943 -0.23875
0.135692 -0.0863936 0.15294 0.133058 -0.0806111 0.0932273
-0.134646 -0.123336 0.392437 -0.125641 -0.126278 0.369292
0.325751 0.465463 -0.219668 0.276995 0.396636 -0.256102
0.000247844 -0.157443 -0.0685872 0.0405542 -0.0965009 -0.0765037
-0.00777257 -0.0579204 0.290166 -0.0179492 0.0272377 0.264279
0.296984 -0.478917 0.129094 0.275616 -0.415666 0.022303
0.0399144 0.250307 0.399805 0.0630791 0.208306 0.264652
-0.259319 -0.221927 0.188518 -0.276589 -0.176224 0.156496
-0.050185 -0.302026 0.683969 -0.107972 -0.23361 0.572901
-0.0367416 -0.201973 0.298794 -0.0255358 -0.136295 0.224583
0.0796876 -0.0465724 -0.240566 0.128411 -0.079628 -0.266463
0.0834972 -0.136186 0.0271476 0.0413895 -0.09447 0.0433395
0.129851 -0.0904573 -0.0125969 0.117472 -0.0954737 -0.0198663
-0.162394 -0.199813 -0.118162 -0.0651157 -0.188869 -0.126647
0.297915 -0.0370314 0.0647566 0.20347 0.0210445 0.0257879
0.00640033 0.443436 0.205263 -0.0323617 0.309776 0.12243
0.166808 0.368919 0.731976 0.121675 0.320448 0.590132
-0.126044 -0.262552 -0.151957 -0.103265 -0.268757 -0.12538
-0.170267 0.0361828 -0.725263 -0.165421 0.0530743 -0.656062
0.163243 0.124438 0.144217 0.17454 0.0949125 0.148685
0.153228 -0.43154 -0.389559 0.204521 -0.394369 -0.39824
-0.323672 0.174436 -0.0733628 -0.324041 0.10997 -0.0762316
-0.0394137 0.554227 0.541283 -0.0523395 0.497256 0.435492
-0.0184524 -0.204093 0.0687381 -0.0026139 -0.220141 -0.030206
0.168876 -0.357131 0.221628 0.100842 -0.271959 0.157087
0.289262 0.0775678 0.565561 0.216871 0.0558113 0.447978
-0.140719 0.151722 0.0609403 -0.116882 0.214006 -0.0114002
0.411063 0.14931 0.125974 0.330296 0.0847215 0.0658822
-0.336545 -0.244422 0.384713 -0.235742 -0.234726 0.332696
-0.120665 -0.202787 0.459069 -0.150911 -0.240147 0.297036
-0.0701167 0.154728 -0.0138919 -0.0611776 0.178756 -0.0214899
0.102878 0.320811 0.637564 0.0706469 0.275018 0.489812
-0.251008 0.208283 0.00305968 -0.20943 0.153964 0.0006244
0.111212 -0.340034 0.447067 0.104532 -0.304296 0.30742
-0.129778 0.101645 -0.228606 -0.0981157 0.090685 -0.186775
-0.00535363 -0.119775 -0.288413 -0.0317423 -0.136542 -0.221735
-0.133391 0.0169702 0.538863 -0.125704 -0.0137899 0.521132
-0.0799751 0.106954 -0.154657 -0.0660446 0.091825 -0.11497
-0.148257 -0.114547 0.0355951 -0.157402 -0.103297 0.128692
-0.194488 -0.155111 -0.0457739 -0.155035 -0.137622 -0.00128
0.271256 -0.0136885 -0.111586 0.220468 -0.0597183 -0.0738647
-0.0552087 0.13936 0.0555431 -0.0382591 0.108863 0.0960276
-0.199252 0.204005 -0.165361 -0.17734 0.187097 -0.11681
-0.223036 0.353619 -0.0195584 -0.24596 0.346539 -0.0372726
-0.240435 0.192753 -0.384033 -0.212583 0.175087 -0.320316
-0.0032557 0.0198603 -0.536538 -0.0297292 0.0185594 -0.467429
-0.0915316 0.181245 -0.549761 -0.051521 0.145321 -0.488171
0.212408 -0.604919 0.420773 0.184583 -0.548979 0.456778
0.0653204 0.43741 -0.391577 0.0648307 0.415094 -0.359441
0.303874 0.127155 0.620446 0.283563 0.114234 0.642604
0.104145 0.442676 0.127174 0.0718858 0.417681 0.207362
0.0702752 -0.0947427 -0.66837 0.0603841 -0.0864047 -0.621804
-0.0712578 0.11306 0.0572204 -0.0526658 0.0926506 0.0906959
0.0887448 0.33856 -0.608508 0.0949789 0.317109 -0.539946
-0.235077 -0.103975 0.362337 -0.23093 -0.132941 0.394137
0.109186 0.0249116 -0.0227722 0.0970505 0.0092854 0.0440583
-0.0579492 0.104084 -0.182914 -0.0122733 0.0480624 -0.105901
-0.171105 -0.0659171 0.363494 -0.166956 -0.0483202 0.424318
0.0691106 0.310788 0.359994 0.0347241 0.288085 0.425767
0.298722 0.196194 -0.152121 0.272821 0.123113 -0.087195
-0.0569765 -0.184551 -0.636956 -0.0369 -0.122223 -0.571706
0.188117 -0.402414 0.113315 0.165781 -0.350703 0.183413
-0.540118 0.245144 0.329979 -0.480376 0.228674 0.402768
0.130723 -0.0948806 0.214754 0.112224 -0.107386 0.239917
-0.0596022 -0.00363484 -0.305628 -0.0618768 0.0075372 -0.243973
-0.0223882 0.295514 0.203013 -0.0531122 0.248734 0.240573
0.145401 -0.239289 0.0256101 0.138457 -0.207478 0.0948446
0.297796 -0.284949 -0.721457 0.323893 -0.24614 -0.659923
-0.117073 0.360392 0.154384 -0.142217 0.30752 0.156691
0.422058 0.0494412 0.313457 0.423701 0.075898 0.368491
0.0287776 0.124003 0.0390161 -0.0063637 0.114162 0.0921625
0.0283512 -0.0546846 0.680433 0.0284827 -0.0631776 0.705986
-0.350157 -0.0263741 -0.584504 -0.309797 -0.0215221 -0.505666
-0.352078 0.617156 -0.446792 -0.340546 0.614801 -0.354346
0.213907 0.218671 0.297711 0.241735 0.224382 0.3569
-0.321602 -0.0911881 0.22513 -0.285721 -0.10232 0.262467
0.163748 -0.520012 -0.325491 0.15716 -0.500292 -0.276298
0.109121 -0.142971 0.0518486 0.10921 -0.102688 0.128461
0.154119 -0.0198583 0.140491 0.158692 -0.0390828 0.16911
-0.185347 -0.0794734 -0.140656 -0.185526 -0.0677748 -0.103769
0.212294 0.145013 0.344657 0.195573 0.159139 0.3981
-0.169499 0.47932 -0.415435 -0.158056 0.455216 -0.3884
0.179338 -0.474152 -0.317648 0.172592 -0.454576 -0.270869
-0.342727 0.0265272 0.344802 -0.318327 0.0617499 0.41434
-0.221671 -0.153443 -0.410282 -0.263049 -0.13846 -0.352414
0.321127 0.151751 0.0259865 0.322139 0.17437 0.129426
-0.00991485 0.0412669 -0.0470854 -0.032391 0.0271395 0.0093346
0.0137691 -0.173861 0.156205 0.0440882 -0.163336 0.209065
0.22599 -0.154495 -0.213528 0.218649 -0.153882 -0.178892
0.294289 -0.0944983 -0.410418 0.24974 -0.0952761 -0.349899
-0.215117 -0.0590889 -0.43958 -0.206843 -0.0619123 -0.37587
0.00173816 0.141011 0.411351 0.0028762 0.133974 0.42985
0.252669 -0.369565 -0.116814 0.221388 -0.355927 -0.0096042
-0.238033 -0.103099 0.684317 -0.208222 -0.0970821 0.724143
-0.187148 0.0731156 -0.399874 -0.148905 0.0775257 -0.314546
0.060253 -0.14172 0.252973 0.0778911 -0.115992 0.308039
-0.0329746 -0.180251 0.0562715 -0.0263063 -0.195729 0.124682
0.319912 0.184451 -0.647888 0.266718 0.162102 -0.633479
-0.22579 0.034362 0.100699 -0.187247 0.0460983 0.149916
-0.310224 -0.525609 0.297483 -0.28413 -0.474952 0.35524
-0.0190999 -0.713 -0.42512 -0.0303959 -0.679021 -0.421268
-0.220648 0.181384 -0.157394 -0.185849 0.137033 -0.0926138
-0.102746 -0.0973203 -0.36724 -0.0689995 -0.0426331 -0.254125
0.0527464 0.0475347 -0.039262 0.0460539 0.045054 0.0328865
0.0735743 0.124786 -0.67052 0.0798174 0.13266 -0.638021
-0.0843467 0.181412 -0.426982 -0.0650959 0.207895 -0.403429
-0.179279 0.395036 0.419701 -0.16626 0.363735 0.487534
-0.097761 0.0394516 -0.0135638 -0.0872206 0.0403669 0.0371273
-0.202826 -0.069717 -0.415886 -0.197808 -0.0499129 -0.367986
0.12026 0.128305 -0.0405495 0.0531287 0.110598 0.008045
0.0446347 0.509604 -0.226192 0.0546115 0.429111 -0.159821
0.0801328 0.00961946 -0.108842 0.100075 0.0369819 -0.0348623
0.129517 0.127474 -0.579455 0.108886 0.0767202 -0.533108
0.124977 -0.149863 0.02261 0.0919309 -0.134644 0.0389274
-0.0922823 -0.00612475 0.6535 -0.0894165 0.0161953 0.679657
-0.122116 0.122653 -0.237199 -0.0867526 0.128079 -0.183768
-0.17699 -0.107498 0.462024 -0.165849 -0.0998384 0.503647
-0.137316 -0.513722 0.189802 -0.124032 -0.50169 0.264239
-0.513601 -0.0160296 -0.187907 -0.442922 -0.0319417 -0.117907
0.400852 0.428223 0.00520746 0.352596 0.430479 0.0930511
0.583429 -0.233835 -0.0509606 0.601177 -0.236064 0.0360266
-0.0231803 0.19032 -0.0277205 -0.0047106 0.182984 0.0784492
0.168109 -0.0180808 -0.374567 0.149708 -0.0553649 -0.334485
-0.338435 0.000464115 0.133306 -0.349498 0.0179496 0.216333
-0.114826 -0.00550874 -0.484226 -0.0955753 -0.0169283 -0.457218
0.440579 0.0422183 -0.323623 0.390114 0.060512 -0.252761
0.515171 -0.196401 0.0216392 0.471096 -0.18484 0.0457789
-0.13704 0.362183 -0.431465 -0.135433 0.326762 -0.360685
-0.201569 -0.177827 0.00714727 -0.180346 -0.156943 0.051005
-0.12718 -0.0888943 -0.29879 -0.108651 -0.0359701 -0.213056
-0.457252 -0.0888136 0.0486384 -0.404799 -0.107583 0.0833378
-0.0318554 -0.00546437 0.510122 -0.0419813 0.0477062 0.39388
0.540909 -0.0558484 0.471998 0.456182 -0.0599454 0.337307
-0.154858 0.115865 0.0240477 -0.127936 0.0989311 0.0179653
-0.0802599 -0.0137443 0.0493348 -0.060804 -0.052637 -0.018567
-0.116878 -0.119217 0.0894455 -0.0895729 -0.0593488 0.0409035
-0.319845 0.524319 -0.323125 -0.254674 0.380848 -0.310407
0.0264896 -0.734416 -0.0369665 0.0063794 -0.562875 -0.0668015
-0.350898 0.0835332 -0.587115 -0.301638 0.0252047 -0.51807
-0.418761 -0.288604 0.26983 -0.330928 -0.239188 0.208771
-0.255434 0.102015 -0.0845243 -0.162348 0.0271176 -0.0653779
0.0543525 -0.440578 0.303897 0.0668916 -0.326507 0.159495
-0.149918 -0.0471771 0.372894 -0.142948 0.010764 0.27512
0.00751752 -0.0119152 0.468766 0.0061436 -0.0035016 0.351979
-0.400257 -0.00247832 0.163401 -0.343295 -0.0195395 0.0969048
-0.133362 0.185791 -0.651605 -0.092067 0.158447 -0.59284
0.212219 -0.566441 0.269865 0.15164 -0.486825 0.165352
0.472656 -0.0816769 -0.0801842 0.432734 -0.0536373 -0.0528437
-0.163977 0.020132 0.221743 -0.113621 0.0125313 0.141855
0.1011 0.11211 -0.116901 0.0264392 0.138448 -0.153091
-0.360681 0.28845 0.188274 -0.352122 0.182535 0.145529
-0.0466602 0.165308 -0.221636 -0.0662089 0.107756 -0.262931
-0.37959 -0.28095 -0.779234 -0.301126 -0.254801 -0.718092
0.0462976 0.375707 0.476394 -0.0123719 0.33275 0.392025
-0.346587 0.390457 -0.0971348 -0.237343 0.364592 -0.132321
0.254178 0.372747 -0.0582513 0.249029 0.293104 -0.0877922
0.332747 -0.411939 0.0379518 0.274847 -0.288113 -0.0231359
-0.014938 -0.0443572 0.190368 -0.124339 -0.0413626 0.142062
-0.0569592 -0.318733 -0.146519 -0.011319 -0.289689 -0.169515
0.126654 0.568352 0.186159 0.134643 0.474034 0.138412
-0.223127 -0.208513 0.245795 -0.183225 -0.217187 0.13804
0.340942 0.331616 0.227914 0.296919 0.288655 0.134171
0.173218 0.486686 0.302717 0.237554 0.365772 0.229428
-0.121696 0.184552 0.246799 -0.133089 0.132314 0.176547
-0.260644 0.531096 0.244165 -0.243044 0.438144 0.173107
0.304558 0.146704 0.21601 0.343794 0.187806 0.0930064
-0.284447 0.137399 0.343667 -0.228312 0.0944483 0.245568
0.0773863 -0.153855 -0.288805 0.0459861 -0.129019 -0.299446
0.0571774 -0.0246674 0.580122 -0.0229824 -0.0391487 0.433234
0.132464 -0.0821313 0.496652 0.14476 -0.0091911 0.324516
-0.0793516 0.14198 0.600144 -0.0956272 0.119961 0.424159
-0.249281 -0.2207 0.177379 -0.22409 -0.141375 0.100906
-0.0744262 -0.288726 -0.161607 -0.0965279 -0.244385 -0.209291
0.292008 -0.269439 0.70928 0.252115 -0.201596 0.565553
0.347569 -0.192152 -0.271088 0.22261 -0.181156 -0.297769
-0.175072 0.216763 0.155237 -0.139802 0.165196 0.0739389
-0.0467798 0.154714 -0.279345 -0.0476553 0.107068 -0.259839
0.236495 -0.0900868 -0.391013 0.167112 -0.123435 -0.318667
-0.306611 0.373845 0.259088 -0.25783 0.331075 0.183133
-0.180858 0.0454966 0.0461408 -0.160184 0.0732414 0.007095
0.146679 0.207596 0.447473 0.177119 0.195952 0.387958
0.425775 -0.125568 -0.126225 0.346574 -0.126233 -0.189489
0.183112 -0.0405283 -0.180106 0.0890739 -0.0729929 -0.216376
0.177966 0.471781 0.425992 0.135532 0.397186 0.296314
-0.0719794 -0.425856 0.462334 -0.0663324 -0.366017 0.317841
-0.285585 -0.544881 0.320384 -0.24674 -0.478221 0.182534
-0.324948 0.179477 0.223908 -0.242612 0.155787 0.177992
0.0077073 -0.211524 -0.0218937 0.0060374 -0.134046 -0.0349233
0.116385 -0.162375 0.0281051 0.0695384 -0.132639 -0.0229869
0.65093 -0.504264 -0.316221 0.632702 -0.399914 -0.318494
-0.00809941 0.15276 0.430423 -0.0629379 0.0861106 0.292785
-0.0103837 0.300035 0.309353 -0.0645797 0.308092 0.262271
-0.503305 -0.423105 0.0498075 -0.380661 -0.341303 -0.0407443
-0.269272 -0.204885 0.495528 -0.154907 -0.118656 0.362471
0.165421 0.0927606 0.108984 0.172638 0.0229345 0.074078
-0.34094 0.229682 0.150352 -0.282613 0.180669 0.0874948
0.182937 0.096517 -0.183401 0.211148 0.10892 -0.137681
-0.258075 0.331985 0.347377 -0.207815 0.241348 0.234359
0.0487433 0.0976858 0.158798 0.0609985 0.0719761 0.0816385
-0.374692 -0.0939908 0.174517 -0.240483 -0.0931106 0.0265547
0.274967 0.0241323 -0.287845 0.303793 0.057869 -0.261232
-0.182331 0.213244 0.0243574 -0.237665 0.212111 -0.0520485
0.153914 0.312145 0.679059 0.158684 0.294329 0.531659
0.0298703 0.0692399 0.427698 0.0685871 0.0263822 0.301861
-0.382829 0.134926 -0.467274 -0.285758 0.132931 -0.383358
-0.0748753 0.132334 -0.0426049 -0.0887577 0.122284 -0.0440948
0.0205634 -0.0523191 0.593125 0.0550456 -0.039428 0.43874
0.226595 0.046695 0.0968261 0.175485 0.0072566 0.0622017
-0.233472 -0.448676 -0.138186 -0.236007 -0.332673 -0.151695
-0.412606 -0.2788 0.665679 -0.282948 -0.171369 0.556318
0.0713609 -0.110014 0.354611 0.0007479 -0.093114 0.270896
-0.297847 0.0675143 -0.0700486 -0.253441 0.0171753 -0.151033
-0.146467 0.45602 0.149286 -0.130246 0.447994 0.0905982
0.0834094 -0.0564343 0.150731 0.012684 -0.0598561 0.076508
0.127871 -0.326575 -0.00214056 0.096123 -0.260595 -0.0472666
0.15474 0.133628 -0.156431 0.128543 0.157388 -0.197619
-0.402375 -0.157044 -0.279639 -0.371022 -0.0686405 -0.273394
0.172825 -0.0588402 -0.586711 0.121361 -0.04896 -0.508391
-0.154572 -0.57109 -0.0228077 -0.131171 -0.492806 -0.0637903
0.100941 -0.105631 0.365349 0.0422933 -0.130348 0.281762
0.121736 0.159741 0.39679 0.0926611 0.0722239 0.333308
-0.382645 0.25663 -0.311518 -0.344351 0.170241 -0.265265
-0.264121 -0.286325 0.37559 -0.188751 -0.279267 0.241953
-0.0590164 0.0885258 0.177233 -0.0948017 0.0697188 0.186855
-0.122523 0.198381 -0.723275 -0.126967 0.0999088 -0.683123
-0.105371 -0.0360718 0.198125 -0.0980063 -0.0450365 0.129763
0.0750161 -0.0453474 0.0314852 0.0631775 -0.0474795 -0.020594
0.136916 -0.220158 -0.306678 0.162035 -0.245797 -0.242726
0.11068 -0.276039 -0.728436 0.0826547 -0.245822 -0.653589
-0.410294 0.399339 -0.179394 -0.376693 0.387296 -0.151724
0.211965 0.686793 -0.135436 0.198779 0.669134 -0.0698404
-0.0609552 -0.162798 -0.268654 -0.0447074 -0.180473 -0.197299
-0.127904 0.190408 0.105741 -0.0915344 0.174114 0.130089
0.0590095 0.201821 0.0735885 0.0510902 0.176159 0.0977774
0.440573 0.625296 0.488414 0.368261 0.59316 0.489408
0.0544949 -0.0572411 -0.399447 0.0662947 -0.049035 -0.354837
-0.0896717 0.0167378 0.0118401 -0.0595169 0.0199206 0.0262165
-0.458873 0.118557 -0.477863 -0.45585 0.0860671 -0.391509
-0.0101701 0.0313978 -0.0839376 0.0141617 0.0176824 0.0060854
0.121712 -0.343242 -0.400629 0.105794 -0.342912 -0.336655
-0.0311749 -0.356176 -0.0777581 -0.0503773 -0.321997 -0.0217917
-0.22359 -0.212762 0.749331 -0.213887 -0.206382 0.775245
-0.245238 -0.128166 -0.508903 -0.206658 -0.0573058 -0.448584
0.23108 -0.0409095 0.257725 0.232342 -0.0047649 0.311673
0.187513 0.139124 -0.411761 0.134202 0.117559 -0.353764
0.360096 0.163122 0.12664 0.2991 0.120642 0.206543
0.304748 -0.153841 -0.243421 0.295181 -0.120188 -0.179086
-0.0810011 -0.574623 0.0677418 -0.117 -0.529411 0.139527
-0.216467 -0.16313 0.745141 -0.213548 -0.150307 0.783187
-0.0966684 -0.04771 0.0766354 -0.0962435 -0.0761346 0.157923
-0.271908 0.14028 -0.131289 -0.267961 0.117628 -0.07211
-0.112785 -0.109018 -0.059587 -0.101407 -0.0787518 -0.0055887
0.482451 0.143737 -0.0729479 0.393745 0.141335 -0.0078498
0.372951 0.378223 -0.272657 0.35341 0.313757 -0.230107
-0.164194 0.16235 0.0692501 -0.155463 0.160667 0.0954987
0.0685282 0.000913695 -0.367701 0.057201 -0.004796 -0.31186
-0.0756931 -0.117803 -0.0305071 -0.0683265 -0.0966315 0.027725
0.265355 -0.448703 -0.464184 0.234944 -0.423906 -0.38919
-0.479789 -0.0559678 -0.269216 -0.478523 -0.0537063 -0.209523
0.608839 0.228995 -0.128379 0.551603 0.198205 -0.0446447
-0.234371 -0.310648 -0.166688 -0.27254 -0.287686 -0.121226
0.173902 -0.0820325 -0.0561912 0.190567 -0.113766 0.0015527
-0.135605 0.0544231 -0.462904 -0.122263 0.0632026 -0.388039
-0.0611835 0.44987 0.403821 -0.0697992 0.414461 0.466832
0.422392 0.115143 -0.311074 0.4232 0.119437 -0.253414
-6.33833e-05 -0.191988 -0.290787 0.023286 -0.177836 -0.228779
-0.0456721 0.0610359 -0.604055 -0.0562838 0.060868 -0.517415
-0.351908 0.023602 -0.0429828 -0.350106 0.0104122 0.0487286
0.030952 0.114722 -0.0742283 0.0424953 0.102317 -0.0250611
0.626623 0.104388 -0.6585 0.538598 0.104017 -0.609269
0.0795679 0.278017 0.0555457 0.118096 0.282674 0.0957823
0.150478 0.102957 0.029307 0.137887 0.112809 0.111487
0.300602 -0.36026 0.150277 0.319974 -0.344658 0.169596
0.0516234 0.0472059 0.228328 0.0792001 0.040067 0.228046
-0.0152775 0.114169 -0.206703 -0.0156162 0.0866882 -0.162565
-0.0288149 0.622012 -0.191359 -0.0308391 0.565929 -0.1205
0.129766 0.0660943 -0.569952 0.0956787 0.0456675 -0.522103
0.196383 -0.00162521 0.137809 0.217023 0.011444 0.19338
-0.306251 -0.111924 0.0761172 -0.261881 -0.123873 0.127176
0.123117 -0.188272 -0.0724679 0.101533 -0.118764 0.0325161
-0.0328546 0.147225 -0.239109 -0.0377883 0.132804 -0.13874
0.263067 0.0100883 -0.24331 0.253831 0.0225436 -0.181235
0.221923 -0.60658 -0.00886722 0.178842 -0.559057 0.0396761
-0.169521 -0.040074 -0.0184698 -0.111563 -0.0673303 0.0169825
-0.294417 -0.181691 -0.082817 -0.231874 -0.149027 -0.0529513
0.20302 0.149058 0.0272571 0.147097 0.104683 0.0729554
0.572582 0.717649 -0.419062 0.518855 0.665764 -0.350275
0.260738 -0.329875 -0.596096 0.261414 -0.336809 -0.557587
0.335481 -0.280006 0.222842 0.337456 -0.265827 0.275795
-0.332103 -0.0408137 -0.583365 -0.352093 -0.0356 -0.520207
-0.531206 0.141117 -0.00577343 -0.49293 0.165441 0.0308035
0.345857 -0.0805156 -0.0307371 0.287306 -0.0369596 0.0266422
-0.173095 0.189941 0.159419 -0.166362 0.14983 0.178611
0.139531 -0.328766 -0.416448 0.124833 -0.270139 -0.322903
-0.0315019 -0.0783079 -0.326747 -0.0475871 -0.072403 -0.262889
-0.238962 0.156252 -0.0545364 -0.196984 0.122338 0.0834108
-0.293178 -0.490728 -0.258258 -0.302582 -0.44346 -0.237436
0.371138 -0.0320617 0.120033 0.348875 0.0193483 0.205802
0.00792596 -0.0980816 -0.273618 -0.0018441 -0.101796 -0.185632
-0.367923 0.187145 -0.312707 -0.325792 0.183803 -0.247908
-0.195085 -0.184046 0.245231 -0.188381 -0.175719 0.26819
0.0413219 -0.30874 0.185901 0.0485767 -0.28486 0.226537
0.205435 0.200526 -0.276594 0.16623 0.151085 -0.143944
0.328507 0.229688 -0.128065 0.331589 0.242224 -0.0736731
-0.0101085 -0.244612 0.168704 0.0058095 -0.221204 0.224595
0.0131047 -0.388418 -0.532954 -0.0326249 -0.358876 -0.483476
0.239854 0.0745431 -0.502512 0.236753 0.0767593 -0.450003
-0.348449 0.299267 -0.0717103 -0.336803 0.292349 0.0092342
-0.015456 -0.215356 0.0817895 -0.0091117 -0.185124 0.125679
0.161373 -0.106824 -0.208703 0.148164 -0.0838518 -0.144766
0.397398 -0.355545 -0.0340899 0.361446 -0.314785 0.0190113
-0.234619 -0.14832 -0.00902884 -0.202521 -0.101536 0.0567701
0.0441418 -0.202453 0.497348 0.0191189 -0.202987 0.554688
-0.22454 -0.0735108 0.649271 -0.19736 -0.0502216 0.660452
0.18453 0.117236 -0.0297436 0.185783 0.0775732 0.0364558
-0.00973573 0.283873 -0.336334 -0.0251485 0.269272 -0.26166
0.41782 -0.0293943 -0.492053 0.40639 -0.0047232 -0.427615
-0.050225 0.419988 0.528846 -0.0445051 0.370213 0.550636
0.357886 -0.0366334 -0.246587 0.300537 -0.0613675 -0.184976
-0.0294292 0.147476 -0.239074 -0.0294232 0.105406 -0.188457
-0.135911 0.138758 0.889554 -0.0930635 0.130384 0.925474
0.236914 -0.323921 -0.288253 0.170269 -0.305901 -0.212414
-0.00208257 0.244627 -0.110645 -0.0418866 0.191262 -0.0372811
