608.774 641.179
538.852 561.175
471.111 485.051
405.68 412.624
342.489 343.844
281.604 278.589
223.062 216.725
166.783 158.03
112.797 102.489
61.1193 49.8819
11.6566 0.0237776
-35.5829 -46.8679
-80.6059 -90.9264
-123.511 -132.331
-164.308 -171.277
-203.017 -207.857
-239.74 -242.115
-274.499 -274.18
-307.329 -303.941
-338.322 -331.58
-367.517 -357.131
152.231 141.353
135.035 123.112
118.638 105.982
103.035 89.8141
88.1528 74.6157
73.9121 60.2784
60.3407 46.8082
47.337 34.0943
34.9282 22.1284
23.0244 10.7506
11.6566 0.0237424
0.741976 -9.98721
-9.68486 -19.4257
-19.707 -28.3149
-29.2824 -36.6742
-38.4664 -44.4783
-47.2929 -51.8055
-55.7271 -58.7163
-63.8438 -65.1489
-71.6004 -71.2154
-79.0565 -76.8811
56.2353 59.5055
51.6201 52.5277
47.0376 45.8594
42.4907 39.4418
37.9739 33.3446
33.484 27.3732
29.0538 21.6119
24.635 15.9651
20.2792 10.5358
15.9491 5.21006
11.6566 0.0237776
7.3937 -4.97853
3.16965 -9.92789
-0.97952 -14.7017
-5.11059 -19.3707
-9.19924 -23.8963
-13.2703 -28.37
-17.2715 -32.6861
-21.2293 -36.9197
-25.1339 -41.0725
-29.0269 -45.1571
717.983 724.912
629.79 634.083
545.694 548.383
465.721 465.412
389.679 386.773
317.522 312.436
249.232 242.398
184.555 176.252
123.491 113.952
65.9153 55.3106
11.6566 0.0237776
-39.37 -51.6918
-87.2442 -99.9385
-132.115 -144.993
-174.113 -187.204
-213.313 -226.638
-249.89 -263.34
-283.906 -297.414
-315.469 -328.836
-344.722 -357.757
-371.769 -384.391
213.712 226.091
188.33 195.098
164.278 165.682
141.527 139.51
119.958 115.259
99.4558 92.6226
80.0621 71.5147
61.5909 51.776
44.1055 33.3748
27.4525 16.1028
11.6566 0.0237776
-3.39057 -14.8985
-17.6631 -28.7268
-31.224 -41.5042
-44.1025 -53.3562
-56.3425 -64.3289
-68.0102 -74.4777
-79.0416 -83.9015
-89.5408 -92.5644
-99.4728 -100.448
-108.935 -107.746
854.586 844.73
744.775 733.006
641.214 628.253
543.846 529.905
452.262 437.844
366.216 351.894
285.597 271.569
209.998 196.516
139.309 126.329
73.2701 61.0475
11.6566 0.0237774
-45.763 -56.5689
-99.109 -108.762
-148.69 -157.022
-194.618 -201.67
-237.081 -243.079
-276.311 -281.174
-312.424 -316.286
-345.595 -348.227
-375.994 -377.117
-403.77 -403.407
993.192 964.798
857.776 832.588
731.935 709.744
615.324 595.464
507.224 489.612
407.116 391.45
314.714 300.684
229.297 216.523
150.63 138.528
78.2098 66.5902
11.6566 0.0237776
-49.4275 -61.1449
-105.299 -117.052
-156.372 -168.205
-202.925 -215.281
-245.238 -258.441
-283.652 -297.671
-318.353 -333.107
-349.612 -364.957
-377.672 -393.319
-402.755 -418.81
561.501 541.981
490.441 472.425
423.403 406.795
360.235 344.996
300.782 286.678
244.772 231.602
192.128 179.641
142.615 130.525
96.1791 84.4717
52.5251 40.99
11.6566 0.0237776
-26.6606 -38.3263
-62.518 -74.2278
-96.0048 -107.678
-127.266 -139.121
-156.447 -168.492
-183.63 -195.949
-208.873 -221.727
-232.352 -245.477
-254.077 -267.669
-274.2 -288.099
846.781 836.125
736.874 726.224
633.627 622.727
536.672 525.733
445.706 434.895
360.473 349.791
280.851 270.198
206.318 195.672
136.784 125.932
72.0181 60.8249
11.6566 0.0237776
-44.454 -56.4994
-96.5068 -108.777
-144.711 -157.222
-189.34 -202.326
-230.516 -244.126
-268.484 -282.773
-303.359 -318.306
-335.335 -350.747
-364.595 -380.495
-391.277 -407.427
923.083 903.559
800.629 781.73
686.124 668.097
579.218 562.107
479.491 463.289
386.49 371.393
300.063 285.917
219.599 206.438
144.949 132.411
75.7297 63.7833
11.6566 0.0237776
-47.6111 -58.8431
-102.222 -113.022
-152.581 -162.771
-198.851 -208.817
-241.267 -251.195
-280.112 -290.077
-315.568 -325.635
-347.822 -357.862
-377.103 -386.741
-403.576 -412.792
-108.438 -0.00489618
-21.0433 0.0279909
-0.763935 -0.0308975
195.256 158.769
168.8 136.687
144.476 116.261
122.177 97.377
101.733 79.9302
83.0356 63.8338
65.9687 48.9968
50.3916 35.2696
36.2092 22.6216
23.3249 10.8465
11.622 0.0237776
1.01948 -9.8757
-8.56503 -19.0104
-17.2261 -27.3818
-25.0315 -35.137
-32.0495 -42.2166
-38.3562 -48.7904
-44.0095 -54.8136
-49.0661 -60.3199
-53.5841 -65.3814
-57.6134 -69.9988
651.843 658.594
572.562 574.749
496.973 495.33
424.76 420.188
356.057 349.16
290.771 282.143
228.66 218.914
169.862 159.206
114.089 102.983
61.4284 49.9772
11.622 0.0237424
-35.2721 -46.7552
-79.4948 -90.51
-121.011 -131.398
-160.039 -169.74
-196.582 -205.597
-230.796 -239.097
-262.743 -270.279
-292.526 -299.111
-320.279 -325.746
-346.041 -350.25
56.1964 59.5055
51.5813 52.5277
46.9994 45.8594
42.453 39.4418
37.9366 33.3446
33.4472 27.3732
29.0176 21.6119
24.5991 15.9651
20.2437 10.5358
15.9142 5.21006
11.622 0.0237776
7.35983 -4.97853
3.13598 -9.92789
-1.01261 -14.7017
-5.14319 -19.3707
-9.23146 -23.8963
-13.3021 -28.37
-17.3027 -32.6861
-21.2603 -36.9197
-25.1644 -41.0725
-29.057 -45.1571
262.526 248.557
226.153 212.132
192.857 178.403
162.433 148.654
134.604 121.533
109.172 96.7022
85.9807 73.9559
64.7632 53.034
45.4191 33.876
27.7567 16.2346
11.622 0.0237776
-3.11685 -14.787
-16.5713 -28.3048
-28.8354 -40.6372
-40.0611 -52.0318
-50.3195 -62.4942
-59.7297 -72.0896
-68.3233 -80.8924
-76.1974 -88.9911
-83.4148 -96.3213
-90.0725 -103.112
766.846 747.38
667.552 651.123
574.298 561.103
486.56 474.56
404.311 393.045
327.284 316.515
255.119 244.84
187.752 177.509
124.816 114.453
66.2285 55.3949
11.622 0.0237776
-39.0628 -51.5794
-86.1605 -99.5176
-129.708 -144.126
-170.055 -185.878
-207.272 -224.76
-241.604 -260.951
-273.152 -294.394
-302.103 -325.262
-328.64 -353.631
-352.877 -379.755
854.613 844.73
744.698 733.006
641.244 628.253
543.768 529.905
452.184 437.844
366.233 351.894
285.522 271.569
210.006 196.516
139.27 126.329
73.2755 61.0475
11.622 0.0237774
-45.7374 -56.5689
-99.1451 -108.762
-148.676 -157.022
-194.635 -201.67
-237.106 -243.079
-276.328 -281.174
-312.436 -316.286
-345.591 -348.227
-376.003 -377.117
-403.754 -403.407
993.222 964.798
857.69 832.588
731.967 709.744
615.239 595.464
507.138 489.612
407.135 391.45
314.635 300.684
229.304 216.523
150.589 138.528
78.2154 66.5902
11.622 0.0237776
-49.4023 -61.1449
-105.334 -117.052
-156.358 -168.205
-202.941 -215.281
-245.261 -258.441
-283.668 -297.671
-318.363 -333.107
-349.608 -364.957
-377.679 -393.319
-402.741 -418.81
861.214 843.107
747.816 731.478
641.784 626.531
542.46 528.392
449.715 436.672
363.171 350.896
282.366 270.858
207.163 196.012
137.12 126.039
72.076 60.8782
11.622 0.0237776
-44.3619 -56.4782
-96.2634 -108.672
-144.146 -157.041
-188.406 -202.037
-229.15 -243.719
-266.636 -282.281
-301.004 -317.675
-332.461 -349.96
-361.211 -379.603
-387.377 -406.434
575.934 548.962
501.437 477.679
431.524 410.606
366.089 347.646
304.829 288.454
247.412 232.709
193.682 180.301
143.419 130.865
96.5114 84.5784
52.5989 40.9976
11.622 0.0237776
-26.6255 -38.303
-62.2315 -74.1227
-95.4492 -107.498
-126.356 -138.833
-155.054 -168.085
-181.765 -195.455
-206.547 -221.105
-229.489 -244.694
-250.683 -266.764
-270.323 -287.11
923.111 903.559
800.548 781.73
686.154 668.097
579.137 562.107
479.409 463.289
386.51 371.393
299.985 285.917
219.606 206.438
144.909 132.411
75.7352 63.7833
11.622 0.0237776
-47.5858 -58.8431
-102.257 -113.022
-152.567 -162.771
-198.867 -208.817
-241.29 -251.195
-280.128 -290.077
-315.579 -325.635
-347.818 -357.862
-377.111 -386.741
-403.561 -412.792
-108.438 -0.00489618
-21.0433 0.0279909
-0.763935 -0.0308975
58.0089 72.0943
45.5586 62.3941
34.2424 53.3925
24.002 44.9762
14.7504 37.1709
6.4288 29.9054
-1.02409 23.098
-7.67954 16.746
-13.5889 10.7973
-18.8035 5.25321
-23.3819 0.0337118
-27.368 -4.98204
-30.8054 -9.69998
-33.7411 -14.1437
-36.2119 -18.3914
-38.2542 -22.4739
-39.9056 -26.4074
-41.1972 -30.2245
-42.1593 -33.9632
-42.8207 -37.6726
-43.2078 -41.2957
58.0138 72.0936
45.5491 62.3939
34.2444 53.3926
23.9934 44.9763
14.7473 37.1716
6.43224 29.9054
-1.02847 23.0977
-7.67788 16.7462
-13.5884 10.7977
-18.8031 5.25338
-23.3819 0.03373
-27.3658 -4.98151
-30.8054 -9.69903
-33.7398 -14.1434
-36.2099 -18.391
-38.2519 -22.4748
-39.9041 -26.4062
-41.1939 -30.225
-42.1573 -33.9629
-42.8177 -37.6724
-43.2067 -41.2958
777.8 809.076
669.45 699.554
568.42 597.403
474.279 502.109
386.637 413.352
305.117 331.487
229.299 254.925
158.885 183.773
93.4614 117.768
32.8136 56.5573
-23.3819 0.0337118
-75.3892 -52.3211
-123.49 -100.754
-167.95 -145.55
-208.977 -187.12
-246.796 -225.514
-281.599 -260.989
-313.62 -292.999
-343.021 -322.821
-369.965 -350.187
-394.636 -375.174
854.945 880.087
735.348 762.264
623.939 652.673
520.266 549.058
423.894 452.264
334.418 362.698
251.391 278.961
174.469 201.08
103.215 128.77
37.3857 61.8995
-23.3819 0.0337118
-79.3762 -57.2169
-130.906 -110.007
-178.271 -158.754
-221.702 -203.866
-261.451 -245.413
-297.734 -283.488
-330.813 -317.824
-360.871 -349.582
-388.095 -378.383
-412.689 -404.381
854.95 880.089
735.339 762.267
623.942 652.673
520.259 549.06
423.891 452.264
334.421 362.698
251.386 278.961
174.471 201.079
103.216 128.77
37.3862 61.8772
-23.3819 0.0337118
-79.374 -57.2161
-130.907 -110.007
-178.27 -158.753
-221.7 -203.866
-261.448 -245.392
-297.733 -283.488
-330.81 -317.819
-360.87 -349.582
-388.092 -378.383
-412.688 -404.379
154.123 166.45
125.604 142.195
100.052 120.062
77.2198 99.8389
56.8837 81.3734
38.8342 64.6047
22.8769 49.1945
8.83569 35.1575
-3.45904 22.3296
-14.1464 10.7042
-23.3819 0.0336467
-31.2831 -9.87553
-37.9744 -18.7751
-43.5633 -26.8429
-48.1532 -34.0872
-51.8321 -40.9144
-54.6913 -47.112
-56.8061 -52.9132
-58.2489 -58.2549
-59.0868 -63.1862
-59.3806 -67.7679
946.465 986.388
812.152 850.944
687.539 725.007
572.04 607.945
465.134 499.467
366.31 399.394
275.027 306.395
190.868 220.196
113.307 140.562
42.0362 67.4117
-23.3819 0.0337118
-83.2926 -61.89
-138.07 -118.608
-188.062 -170.605
-233.556 -218.401
-274.847 -262.069
-312.198 -301.683
-345.91 -336.919
-376.205 -369.166
-403.305 -397.961
-427.445 -423.721
889.731 930.492
765.19 804.182
649.24 686.27
541.358 576.523
441.128 474.45
348.11 380.092
261.815 292.064
181.919 210.251
107.943 134.534
39.6327 64.6153
-23.3819 0.0337118
-81.403 -59.6055
-134.762 -114.46
-183.755 -165.004
-228.631 -211.735
-269.653 -254.545
-307.043 -293.708
-341.07 -329.026
-371.932 -361.37
-399.815 -390.769
-424.934 -416.976
889.729 930.492
765.195 804.181
649.237 686.273
541.366 576.52
441.133 474.45
348.104 380.093
261.819 292.065
181.915 210.252
107.942 134.534
39.6339 64.5932
-23.3819 0.0337118
-81.4069 -59.604
-134.759 -114.459
-183.755 -165.004
-228.632 -211.735
-269.652 -254.545
-307.042 -293.707
-341.072 -329.03
-371.932 -361.373
-399.815 -390.763
-424.934 -416.978
478.778 501.776
412.797 438.197
350.84 377.864
292.8 321.028
238.367 267.185
187.332 216.158
139.482 167.824
94.6672 122.221
52.7011 79.1242
13.4321 38.5307
-23.3819 0.0337118
-57.755 -36.329
-89.9782 -70.6034
-120.052 -102.849
-148.182 -133.388
-174.44 -162.118
-198.96 -189.285
-221.81 -214.898
-243.12 -238.901
-262.95 -261.238
-281.409 -282.303
-108.439 -0.00489618
-21.0372 0.0279909
-0.764817 -0.0308975
169.069 159.37
145.844 138.213
124.142 118.329
103.968 99.7372
85.2183 82.3225
67.8844 66.0995
51.8945 50.9459
37.1492 36.7953
23.6203 23.6258
11.2809 11.3789
0.00143645 0
-10.2374 -10.5493
-19.4817 -20.28
-27.8006 -29.2189
-35.2663 -37.5255
-41.9083 -45.2056
-47.7948 -52.3247
-52.9684 -58.8201
-57.4718 -64.7506
-61.3661 -70.108
-64.6863 -74.9414
-94.5006 -129.205
-87.2981 -114.703
-79.3559 -100.526
-70.7672 -86.6375
-61.6254 -73.1173
-52.0253 -59.9416
-42.0583 -47.1554
-31.8066 -34.7592
-21.3448 -22.771
-10.7083 -11.2135
0.00143645 0
10.7506 10.7434
21.4766 21.0007
32.126 30.8347
42.6896 40.1871
53.0964 49.1217
63.3228 57.55
73.3371 65.5777
83.1095 73.116
92.6321 80.213
101.861 86.8617
0.00157206 0
0.00157057 0
0.00150005 0
0.00151542 0
0.00147495 0
0.00127328 0
0.00141579 0
0.00140971 0
0.00122405 0
0.00139235 0
0.00143645 0
0.0013195 0
0.00136225 0
0.00130441 0
0.00126955 0
0.0012613 0
0.00127186 0
0.00122968 0
0.00124842 0
0.00123966 0
0.000995102 0
187.861 163.455
160.228 141.48
134.87 121.493
111.72 102.001
90.5846 83.8118
71.3941 66.9875
54.0103 51.4441
38.2672 37.0217
24.0874 23.6941
11.391 11.4056
0.00143645 0
-10.1409 -10.5244
-19.1195 -20.1922
-27.0403 -29.124
-34.002 -37.4904
-40.0637 -45.2404
-45.3144 -52.4515
-49.8223 -59.0234
-53.6474 -65.1112
-56.8664 -70.705
-59.5254 -75.8471
-103.262 -124.54
-94.6471 -111.97
-85.3355 -99.4597
-75.4586 -86.1593
-65.1411 -72.9463
-54.5049 -59.9223
-43.6657 -47.2156
-32.7193 -34.8436
-21.7537 -22.8271
-10.8107 -11.2173
0.00143645 0
10.6475 10.7182
21.0647 20.9221
31.2048 30.6256
41.0588 39.7865
50.5644 48.4562
59.7021 56.5878
68.4538 64.2443
76.7966 71.3002
84.7338 77.8525
92.2256 83.8733
-0.0160594 0
0.00155977 0
-0.00970563 0
0.00804739 0
0.0082072 0
-0.000491101 0
0.0125343 0
0.00475116 0
-0.00306347 0
0.0103777 0
0.00143645 0
-0.00433734 0
0.00502351 0
-0.000452839 0
-0.0046856 0
0.00263418 0
-0.00163841 0
-0.00467233 0
0.000868249 0
0.00102746 0
-0.00176538 -0
-0.0185024 0
0.0016865 0
-0.0112952 0
0.00881208 0
0.00875883 0
-0.000458588 0
0.0132036 0
0.00511543 0
-0.00309489 0
0.0107619 0
0.00143645 0
-0.00406253 0
0.00495222 0
-0.000441903 0
-0.00440023 0
0.00253683 0
-0.00142396 0
-0.00423023 0
0.000764379 0
0.000806626 0
-0.00165324 0
-69.8715 -78.8657
-61.6295 -68.7156
-53.5929 -59.0361
-45.8411 -49.8766
-38.3153 -41.2477
-31.1079 -33.1612
-24.2399 -25.5695
-17.6537 -18.512
-11.4285 -11.8762
-5.54927 -5.70637
0.00143645 0
5.20347 5.26549
10.0473 10.0642
14.5645 14.4585
18.7399 18.4958
22.5778 22.1856
26.1057 25.4917
29.3159 28.4213
32.2176 31.0682
34.8339 33.3501
37.1665 35.3042
94.8146 90.9591
80.6692 77.8156
67.7694 65.6303
56.0341 54.4743
45.3758 44.3252
35.7071 35.0755
26.9918 26.7135
19.1155 19.1011
12.0388 12.0608
5.69115 5.75877
0.00143645 0
-5.06797 -5.22714
-9.57189 -9.88266
-13.5742 -14.1451
-17.0983 -17.9953
-20.1829 -21.481
-22.8832 -24.6367
-25.231 -27.3363
-27.243 -29.7084
-28.9702 -31.7938
-30.4293 -33.5887
-0.0176191 0
0.00162476 0
-0.0108254 0
0.00887707 0
0.00841352 0
-0.000355687 0
0.012992 0
0.00488431 0
-0.00309645 0
0.0104668 0
0.00143645 0
-0.00411932 0
0.00496191 0
-0.000441078 0
-0.00458174 0
0.00268939 0
-0.00152927 0
-0.00445013 0
0.000715414 0
0.000918456 0
-0.00167776 0
-4.96209e-06 0
-0.000737022 0
0.0127749 0
0.000649095 0
0.00051403 0
0.000440359 0
0.000415057 0
0.000305802 0
0.000282168 0
0.000213876 0
0.000151828 0
9.01818e-05 0
5.39161e-05 0
-2.07168e-05 0
-3.70517e-05 0
-9.44883e-05 0
-0.000122309 0
-0.000184819 0
-0.000220448 0
-0.000263497 0
-0.000297666 0
-0.000317901 0
-0.000337511 0
-0.000398487 0
-0.000566959 0
-0.000582874 0
-0.000438631 0
-0.000431001 0
-0.000361681 0
-0.000286222 0
-0.000218272 0
-0.000163838 0
-9.85339e-05 0
-3.81209e-05 0
-2.07168e-05 0
3.33153e-05 0
8.60244e-05 0
0.000116318 0
0.000191808 0
0.000218466 0
0.000244841 0
0.000286788 0
0.000354171 0
0.000352472 0
0.000422359 0
-1.69873e-06 0
8.18074e-06 0
1.43945e-05 0
1.31801e-05 0
-3.01227e-05 0
3.99351e-06 0
-2.64868e-06 0
-9.58517e-06 0
-3.10689e-06 -0
-6.27059e-06 -0
-2.07168e-05 0
1.1269e-05 0
-1.50502e-05 0
-1.84216e-05 0
1.39996e-05 0
1.49012e-07 0
-6.22123e-06 -0
1.17645e-05 -0
-2.16812e-06 -0
-8.85874e-06 -0
6.3926e-06 0
7.33137e-06 0
-0.000143826 0
-2.24113e-05 0
-1.01328e-05 0
5.36144e-05 0
-0.000658482 0
0.000141412 0
-0.000420094 0
4.70132e-05 0
4.56423e-05 0
-2.07168e-05 0
8.40351e-05 0
0.000489384 0
-0.000122443 0
-0.000248268 0
-0.000278831 0
0.00136402 0
0.00184968 0
0.000237912 0
-0.000480831 0
0.000184834 0
3.24249e-05 0
0.000147641 0
2.8491e-05 0
5.42402e-05 0
-7.36415e-05 0
0.000657707 0
-0.000105143 0
0.000399083 0
-5.87478e-05 0
-3.34606e-05 0
-2.07168e-05 0
-0.000100311 0
-0.000454076 0
0.000129521 0
0.000257224 0
0.000288486 0
-0.00135283 0
-0.00179553 0
-0.000206009 0
0.000521094 0
-0.000178099 0
-5.9396e-05 0
1.88053e-05 0
6.94394e-05 0
-6.3777e-06 0
-3.72529e-07 -0
-2.90573e-05 0
2.12342e-05 0
6.93649e-06 0
-3.45707e-06 -0
1.34297e-06 -0
-2.07168e-05 0
1.32173e-05 -0
7.57352e-06 0
8.38935e-06 -0
-1.98632e-05 0
4.29153e-06 -0
-4.69387e-06 -0
5.03659e-06 -0
-1.04308e-06 0
-3.93391e-06 0
-9.08971e-07 0
7.03335e-06 0
4.81606e-05 0
2.54214e-05 0
3.06368e-05 0
-1.45435e-05 -0
5.69224e-06 0
-2.563e-06 0
2.74032e-05 0
-1.53184e-05 0
4.30644e-06 0
-2.07168e-05 0
-7.75233e-06 -0
4.98444e-06 -0
-5.17815e-06 -0
-5.81145e-06 0
-9.50694e-06 -0
1.05798e-06 -0
-5.73695e-06 -0
1.04308e-06 0
3.69549e-06 0
-2.14577e-06 -0
2.09808e-05 0
4.89056e-05 0
3.46303e-05 0
6.58631e-06 0
-4.45098e-05 0
0.000346601 0
-5.94705e-05 0
0.000221774 0
-1.85631e-05 0
2.99513e-06 0
-2.07168e-05 0
-4.48134e-05 0
-0.000223879 0
4.95911e-05 0
0.000110522 0
0.000133112 0
-0.000635877 0
-0.000827953 0
-9.53823e-05 0
0.000235751 0
-6.0752e-05 0
1.15633e-05 0
-2.52426e-05 0
1.62125e-05 0
-4.14252e-06 0
5.6684e-05 0
-0.000336021 0
6.34342e-05 0
-0.000233307 0
4.31463e-05 0
2.76025e-05 0
-2.07168e-05 0
5.16661e-05 0
0.000223719 0
-6.63623e-05 0
-0.000104345 0
-0.000131369 0
0.000635505 0
0.000839397 0
9.76771e-05 0
-0.000229582 0
8.14199e-05 0
-5.96046e-05 0
-3.91006e-05 0
1.46031e-06 0
1.30832e-05 0
-1.64509e-05 0
-2.0057e-05 0
-1.1608e-05 0
-1.80304e-05 0
3.64333e-06 -0
7.71135e-07 -0
-2.07168e-05 0
1.26287e-06 -0
6.07222e-06 -0
1.97887e-05 0
-5.66244e-06 0
-7.80821e-06 0
1.48863e-05 0
-4.32134e-06 -0
-8.9407e-07 -0
3.14415e-06 -0
-4.47035e-07 -0
-5.48363e-06 -0
0.000374042 -0
0.00180256 0
0.000384718 0
0.000304759 0
0.000278682 0
0.000251144 0
0.000196278 0
0.000177711 0
0.000121191 0
8.67546e-05 0
5.44488e-05 0
2.56579e-05 0
-5.685e-06 0
-1.04215e-05 0
-6.34529e-05 0
-6.05136e-05 0
-9.83998e-05 0
-0.000114128 0
-0.000153564 0
-0.000172034 0
-0.000166111 0
-0.00020501 0
-0.000235446 0
-0.000333309 0
-0.000316232 0
-0.000241429 0
-0.000244513 0
-0.000186965 0
-0.000161171 0
-0.000133105 0
-0.000107661 0
-4.71137e-05 0
-4.11347e-05 0
-5.685e-06 0
2.27075e-05 0
5.65425e-05 0
8.15913e-05 0
0.000107758 0
0.000131339 0
0.000137202 0
0.000167355 0
0.000197828 0
0.000203863 0
0.000247329 0
3.99014e-06 0
5.98164e-06 0
-2.16798e-06 0
-1.35835e-06 0
-3.97189e-06 0
-1.716e-06 0
2.84344e-06 -0
5.70678e-06 0
2.43316e-06 -0
2.03076e-06 0
-5.685e-06 0
-9.18151e-07 0
7.86969e-07 -0
-2.06314e-06 0
1.3819e-06 0
-2.20281e-06 -0
4.23675e-06 0
7.17632e-06 0
2.27204e-06 0
9.17611e-06 0
8.4564e-06 0
-2.28286e-05 0
-7.56085e-05 0
-5.39422e-06 0
-8.70228e-06 0
2.98768e-05 0
-0.000380635 0
8.2612e-05 0
-0.000253215 0
3.19928e-05 0
2.14726e-05 0
-5.685e-06 0
6.25886e-05 0
0.000276994 0
-8.23736e-05 0
-0.00013686 0
-0.000151888 0
0.000764005 0
0.0010371 0
0.00012704 0
-0.000278033 0
0.000108734 0
-2.32458e-06 0
5.96941e-05 0
5.24521e-06 0
3.89814e-05 0
-4.22448e-05 0
0.000368968 0
-7.46474e-05 0
0.000223339 0
-2.47248e-05 0
-3.70704e-05 0
-5.685e-06 0
-5.47897e-05 0
-0.000269417 0
8.55178e-05 0
0.000144541 0
0.000161409 0
-0.000792906 0
-0.00106588 0
-0.000127181 0
0.000319198 0
-0.000106543 0
-4.27861e-06 0
-4.31188e-07 0
-1.84238e-05 -0
-7.0511e-06 0
1.35437e-06 0
-1.33121e-05 0
1.11916e-06 0
7.48295e-06 -0
-4.08392e-06 0
1.81484e-06 0
-5.685e-06 0
1.14351e-05 0
5.93984e-06 0
4.21364e-06 0
-2.54484e-07 0
-1.82076e-06 0
1.06085e-05 0
5.27988e-06 0
-2.79929e-06 0
-4.09564e-07 0
-2.89645e-06 0
3.22732e-07 0
1.25036e-05 0
1.11705e-05 0
-1.29485e-05 0
3.10493e-06 -0
2.69149e-06 0
-8.98956e-06 -0
1.26389e-05 0
1.5178e-06 0
8.93693e-06 0
-5.685e-06 0
1.17625e-06 0
1.6427e-06 0
-3.55662e-06 -0
-1.30702e-06 -0
-3.67838e-06 0
2.91684e-06 0
-5.59446e-06 0
1.19972e-06 0
-1.40604e-06 -0
3.41548e-07 0
-1.48714e-05 0
2.34842e-05 0
1.57207e-05 0
3.18885e-06 0
-2.15769e-05 0
0.000193045 0
-3.6262e-05 0
0.000142958 0
-1.84122e-05 0
-1.19749e-05 0
-5.685e-06 0
-2.17566e-05 0
-0.000135938 0
3.23709e-05 0
6.74799e-05 0
7.71955e-05 0
-0.00036449 0
-0.000488736 0
-5.10663e-05 0
0.000133764 0
-3.82103e-05 0
3.62396e-05 0
-2.6077e-06 0
9.95398e-06 0
-1.77175e-05 0
2.25455e-05 0
-0.000201233 0
5.14239e-05 0
-0.000129018 0
1.79633e-05 0
1.11153e-05 0
-5.685e-06 0
3.91379e-05 0
0.000135776 0
-3.64054e-05 0
-5.83343e-05 0
-7.36304e-05 0
0.000353009 0
0.000490356 0
6.63437e-05 0
-0.000125438 0
4.05982e-05 0
-4.08273e-06 0
-1.58023e-05 0
1.57174e-05 0
-2.87371e-07 0
4.43613e-06 -0
-1.1174e-05 0
-2.81419e-06 0
-6.46549e-07 0
-2.69014e-06 0
-2.19801e-06 0
-5.685e-06 0
8.29157e-06 -0
-1.74905e-06 -0
-3.56191e-06 -0
-1.12387e-06 0
5.95503e-06 0
-5.08082e-06 0
-1.59867e-06 0
1.74969e-06 0
2.52316e-07 0
-3.45215e-07 0
-6.25849e-07 0
0.000369586 -0
0.00180138 -0
